Beginning task setup

/usr/bin/flock
Using existing venv: /tmp/petrel-good-2-1462530265/venv
Task setup took 0 seconds
Launching: python -m petrel.run twowordcount /home/pipe/twitterintel/topology/TopologyTweetTransformationGOOD/petrel28882_twowordcount.log
/usr/local/lib/python2.7/dist-packages/petrel-0.9.4.0.3-py2.7.egg/petrel/run.py invoked with the following arguments: ['twowordcount', '/home/pipe/twitterintel/topology/TopologyTweetTransformationGOOD/petrel28882_twowordcount.log']
python version: 2.7.11
user=root
PATH=/tmp/petrel-good-2-1462530265/venv/bin:/root/SimpleScalar/simplesim-3.0:/root/SimpleScalar/bin:/root/SimpleScalar/gcc-2.6.3:/root/SimpleScalar/bin:/usr/local/sbin:/usr/local/bin:/usr/sbin:/usr/bin:/sbin:/bin:/usr/games:/usr/local/games:/home/pipe/Downloads/zookeeper-3.4.8/bin:/home/pipe/Downloads/apache-storm-0.9.4/bin
LD_LIBRARY_PATH=storm-local/supervisor/stormdist/good-2-1462530265/resources/Linux-amd64:storm-local/supervisor/stormdist/good-2-1462530265/resources:/usr/local/lib:/opt/local/lib:/usr/lib
PYTHON_EGG_CACHE=/tmp/petrel-good-2-1462530265/egg_cache
[2016-05-06 17:12:41,646][storm][INFO]Tuple profiling enabled. Will log tuple processing times.
[2016-05-06 17:12:42,113][storm][INFO]Task received setupInfo from Storm: {u'pidDir': u'/home/pipe/storm-local/workers/f9edf05e-bdd7-41b2-99b1-ca56a2e3d4d1/pids', u'conf': {u'oauth.acess_token': u' 702208758362087425-HZiyl1x7Bh98cQa1WLBDYylyu10Bpl7', u'topology.tuple.serializer': u'backtype.storm.serialization.types.ListDelegateSerializer', u'topology.workers': 1, u'drpc.worker.threads': 64, u'storm.messaging.netty.client_worker_threads': 1, u'supervisor.heartbeat.frequency.secs': 5, u'topology.executor.send.buffer.size': 1024, u'drpc.childopts': u'-Xmx768m', u'nimbus.thrift.port': 6627, u'storm.zookeeper.retry.intervalceiling.millis': 30000, u'storm.local.dir': u'storm-local', u'topology.receiver.buffer.size': 8, u'storm.zookeeper.servers': [u'localhost'], u'oauth.consumer_secret': u'ADf76fi3O1lKMzBxWnjqf93l3GHv28uar3bkblkvyBrAyoA23i', u'transactional.zookeeper.root': u'/transactional', u'drpc.request.timeout.secs': 600, u'topology.skip.missing.kryo.registrations': False, u'worker.heartbeat.frequency.secs': 1, u'zmq.hwm': 0, u'storm.zookeeper.connection.timeout': 15000, u'java.library.path': u'/usr/local/lib:/opt/local/lib:/usr/lib', u'topology.max.error.report.per.interval': 5, u'storm.messaging.netty.server_worker_threads': 1, u'storm.id': u'good-2-1462530265', u'supervisor.worker.start.timeout.secs': 120, u'zmq.threads': 1, u'topology.acker.executors': None, u'storm.messaging.netty.flush.check.interval.ms': 10, u'storm.messaging.netty.transfer.batch.size': 262144, u'topology.max.task.parallelism': None, u'topology.environment': None, u'storm.zookeeper.port': 2181, u'nimbus.childopts': u'-Xmx1024m', u'topology.classpath': None, u'worker.childopts': u'-Xmx768m', u'drpc.queue.size': 128, u'topology.multilang.serializer': u'backtype.storm.multilang.JsonSerializer', u'storm.zookeeper.retry.times': 5, u'nimbus.monitor.freq.secs': 10, u'storm.cluster.mode': u'distributed', u'dev.zookeeper.path': u'/tmp/dev-storm-zookeeper', u'drpc.invocations.port': 3773, u'topology.tasks': None, u'storm.zookeeper.root': u'/storm', u'logviewer.childopts': u'-Xmx128m', u'storm.meta.serialization.delegate': u'backtype.storm.serialization.DefaultSerializationDelegate', u'transactional.zookeeper.port': None, u'topology.worker.receiver.thread.count': 1, u'topology.worker.childopts': None, u'topology.max.spout.pending': None, u'topology.kryo.register': None, u'petrel.host': u'pipe-X550CC', u'nimbus.cleanup.inbox.freq.secs': 600, u'storm.messaging.netty.min_wait_ms': 100, u'nimbus.task.timeout.secs': 30, u'nimbus.thrift.max_buffer_size': 1048576, u'topology.sleep.spout.wait.strategy.time.ms': 1, u'nimbus.reassign': True, u'storm.messaging.transport': u'backtype.storm.messaging.netty.Context', u'logviewer.appender.name': u'A1', u'nimbus.host': u'localhost', u'ui.port': 8080, u'supervisor.slots.ports': [6700, 6701, 6702, 6703], u'nimbus.file.copy.expiration.secs': 600, u'supervisor.monitor.frequency.secs': 3, u'ui.childopts': u'-Xmx768m', u'transactional.zookeeper.servers': None, u'zmq.linger.millis': 5000, u'topology.error.throttle.interval.secs': 10, u'topology.worker.shared.thread.pool.size': 4, u'topology.executor.receive.buffer.size': 1024, u'topology.spout.wait.strategy': u'backtype.storm.spout.SleepSpoutWaitStrategy', u'task.heartbeat.frequency.secs': 3, u'topology.transfer.buffer.size': 1024, u'storm.zookeeper.session.timeout': 20000, u'storm.local.mode.zmq': False, u'topology.stats.sample.rate': 0.05, u'topology.fall.back.on.java.serialization': True, u'supervisor.childopts': u'-Xmx256m', u'topology.enable.message.timeouts': True, u'storm.messaging.netty.max_wait_ms': 1000, u'nimbus.topology.validator': u'backtype.storm.nimbus.DefaultTopologyValidator', u'nimbus.supervisor.timeout.secs': 60, u'topology.disruptor.wait.strategy': u'com.lmax.disruptor.BlockingWaitStrategy', u'storm.messaging.netty.buffer_size': 5242880, u'drpc.port': 3772, u'topology.kryo.factory': u'backtype.storm.serialization.DefaultKryoFactory', u'storm.zookeeper.retry.interval': 1000, u'storm.messaging.netty.max_retries': 300, u'topology.tick.tuple.freq.secs': 300, u'supervisor.enable': True, u'nimbus.task.launch.secs': 120, u'task.refresh.poll.secs': 10, u'topology.message.timeout.secs': 30, u'oauth.acess_token_secret': u'IiNOTfgE3tEZvW2HDQhRKPMoOLU43NXJCXk8maj51SdAT', u'petrel.user': u'root', u'nimbus.inbox.jar.expiration.secs': 3600, u'topology.state.synchronization.timeout.secs': 60, u'topology.name': u'good', u'supervisor.worker.timeout.secs': 30, u'topology.trident.batch.emit.interval.millis': 500, u'topology.builtin.metrics.bucket.size.secs': 60, u'storm.thrift.transport': u'backtype.storm.security.auth.SimpleTransportPlugin', u'logviewer.port': 8000, u'oauth.consumer_key': u'eaFmBSxUveRJfmyZYeabti9Q9', u'topology.kryo.decorators': [], u'topology.debug': False}, u'context': {u'task->component': {u'1': u'CountThreeWords', u'3': u'CountWord', u'2': u'CountTwoWords', u'5': u'ThreeWordDivider', u'4': u'KafkaConsumer', u'7': u'WordDivider', u'6': u'TwoWordDivider', u'8': u'__acker'}, u'taskid': 2}}
[2016-05-06 17:12:42,114][storm][INFO]Task sent pid to Storm
[2016-05-06 17:14:42,603][storm][DEBUG]BasicBolt profile: total_num_tuples=1, num_tuples=1, avg_read_time=0.023799 (6.1%), avg_process_time=0.368108 (93.9%), avg_ack_time=0.000081 (0.0%)
[2016-05-06 17:15:34,982][storm][DEBUG]BasicBolt profile: total_num_tuples=11, num_tuples=10, avg_read_time=0.069911 (97.7%), avg_process_time=0.001532 (2.1%), avg_ack_time=0.000120 (0.2%)
[2016-05-06 17:15:36,074][storm][DEBUG]BasicBolt profile: total_num_tuples=62, num_tuples=51, avg_read_time=0.019864 (92.8%), avg_process_time=0.001462 (6.8%), avg_ack_time=0.000076 (0.4%)
[2016-05-06 17:15:37,216][storm][DEBUG]BasicBolt profile: total_num_tuples=99, num_tuples=37, avg_read_time=0.029843 (96.7%), avg_process_time=0.000983 (3.2%), avg_ack_time=0.000041 (0.1%)
[2016-05-06 17:15:38,339][storm][DEBUG]BasicBolt profile: total_num_tuples=148, num_tuples=49, avg_read_time=0.019677 (85.9%), avg_process_time=0.003163 (13.8%), avg_ack_time=0.000061 (0.3%)
[2016-05-06 17:15:39,460][storm][DEBUG]BasicBolt profile: total_num_tuples=207, num_tuples=59, avg_read_time=0.016893 (89.0%), avg_process_time=0.002020 (10.6%), avg_ack_time=0.000069 (0.4%)
[2016-05-06 17:15:40,509][storm][DEBUG]BasicBolt profile: total_num_tuples=274, num_tuples=67, avg_read_time=0.014180 (90.7%), avg_process_time=0.001380 (8.8%), avg_ack_time=0.000075 (0.5%)
[2016-05-06 17:15:41,560][storm][DEBUG]BasicBolt profile: total_num_tuples=362, num_tuples=88, avg_read_time=0.010842 (90.8%), avg_process_time=0.001047 (8.8%), avg_ack_time=0.000049 (0.4%)
[2016-05-06 17:15:42,636][storm][DEBUG]BasicBolt profile: total_num_tuples=417, num_tuples=55, avg_read_time=0.018038 (92.3%), avg_process_time=0.001470 (7.5%), avg_ack_time=0.000046 (0.2%)
[2016-05-06 17:15:43,642][storm][DEBUG]BasicBolt profile: total_num_tuples=486, num_tuples=69, avg_read_time=0.013121 (90.0%), avg_process_time=0.001397 (9.6%), avg_ack_time=0.000058 (0.4%)
[2016-05-06 17:15:44,702][storm][DEBUG]BasicBolt profile: total_num_tuples=555, num_tuples=69, avg_read_time=0.013854 (90.3%), avg_process_time=0.001339 (8.7%), avg_ack_time=0.000153 (1.0%)
[2016-05-06 17:17:30,211][storm][INFO]Caught exception
[2016-05-06 17:17:30,211][storm][ERROR]Sent failure message ("E_BOLTFAILED__twowordcount__pipe-X550CC__pid__28882__port__-1__taskindex__-1__IndexError") to Storm
[2016-05-06 17:17:35,216][storm][ERROR]Caught exception in BasicBolt.run
Traceback (most recent call last):
  File "/usr/local/lib/python2.7/dist-packages/petrel-0.9.4.0.3-py2.7.egg/petrel/storm.py", line 383, in run
    self.process(tup)
  File "/home/pipe/storm-local/supervisor/stormdist/good-2-1462530265/resources/twowordcount.py", line 24, in process
    aux='GOOD'+tup.values[1]
IndexError: list index out of range
[2016-05-06 17:17:35,217][storm][ERROR]The error occurred while processing this tuple: [300]
Worker twowordcount exiting normally.
