Beginning task setup

/usr/bin/flock
Using existing venv: /tmp/petrel-good-2-1462530265/venv
Task setup took 0 seconds
Launching: python -m petrel.run kafkaconsumer /home/pipe/twitterintel/topology/TopologyTweetTransformationGOOD/petrel27273_kafkaconsumer.log
/usr/local/lib/python2.7/dist-packages/petrel-0.9.4.0.3-py2.7.egg/petrel/run.py invoked with the following arguments: ['kafkaconsumer', '/home/pipe/twitterintel/topology/TopologyTweetTransformationGOOD/petrel27273_kafkaconsumer.log']
python version: 2.7.11
user=root
PATH=/tmp/petrel-good-2-1462530265/venv/bin:/root/SimpleScalar/simplesim-3.0:/root/SimpleScalar/bin:/root/SimpleScalar/gcc-2.6.3:/root/SimpleScalar/bin:/usr/local/sbin:/usr/local/bin:/usr/sbin:/usr/bin:/sbin:/bin:/usr/games:/usr/local/games:/home/pipe/Downloads/zookeeper-3.4.8/bin:/home/pipe/Downloads/apache-storm-0.9.4/bin
LD_LIBRARY_PATH=storm-local/supervisor/stormdist/good-2-1462530265/resources/Linux-amd64:storm-local/supervisor/stormdist/good-2-1462530265/resources:/usr/local/lib:/opt/local/lib:/usr/lib
PYTHON_EGG_CACHE=/tmp/petrel-good-2-1462530265/egg_cache
[2016-05-06 16:48:52,143][storm][INFO]Tuple profiling enabled. Will log tuple processing times.
[2016-05-06 16:48:57,116][storm][INFO]Task received setupInfo from Storm: {u'pidDir': u'/home/pipe/storm-local/workers/4c90ac55-07ce-47ff-874e-f001f1159750/pids', u'conf': {u'oauth.acess_token': u' 702208758362087425-HZiyl1x7Bh98cQa1WLBDYylyu10Bpl7', u'topology.tuple.serializer': u'backtype.storm.serialization.types.ListDelegateSerializer', u'topology.workers': 1, u'drpc.worker.threads': 64, u'storm.messaging.netty.client_worker_threads': 1, u'supervisor.heartbeat.frequency.secs': 5, u'topology.executor.send.buffer.size': 1024, u'drpc.childopts': u'-Xmx768m', u'nimbus.thrift.port': 6627, u'storm.zookeeper.retry.intervalceiling.millis': 30000, u'storm.local.dir': u'storm-local', u'topology.receiver.buffer.size': 8, u'storm.zookeeper.servers': [u'localhost'], u'oauth.consumer_secret': u'ADf76fi3O1lKMzBxWnjqf93l3GHv28uar3bkblkvyBrAyoA23i', u'transactional.zookeeper.root': u'/transactional', u'drpc.request.timeout.secs': 600, u'topology.skip.missing.kryo.registrations': False, u'worker.heartbeat.frequency.secs': 1, u'zmq.hwm': 0, u'storm.zookeeper.connection.timeout': 15000, u'java.library.path': u'/usr/local/lib:/opt/local/lib:/usr/lib', u'topology.max.error.report.per.interval': 5, u'storm.messaging.netty.server_worker_threads': 1, u'storm.id': u'good-2-1462530265', u'supervisor.worker.start.timeout.secs': 120, u'zmq.threads': 1, u'topology.acker.executors': None, u'storm.messaging.netty.flush.check.interval.ms': 10, u'storm.messaging.netty.transfer.batch.size': 262144, u'topology.max.task.parallelism': None, u'topology.environment': None, u'storm.zookeeper.port': 2181, u'nimbus.childopts': u'-Xmx1024m', u'topology.classpath': None, u'worker.childopts': u'-Xmx768m', u'drpc.queue.size': 128, u'topology.multilang.serializer': u'backtype.storm.multilang.JsonSerializer', u'storm.zookeeper.retry.times': 5, u'nimbus.monitor.freq.secs': 10, u'storm.cluster.mode': u'distributed', u'dev.zookeeper.path': u'/tmp/dev-storm-zookeeper', u'drpc.invocations.port': 3773, u'topology.tasks': None, u'storm.zookeeper.root': u'/storm', u'logviewer.childopts': u'-Xmx128m', u'storm.meta.serialization.delegate': u'backtype.storm.serialization.DefaultSerializationDelegate', u'transactional.zookeeper.port': None, u'topology.worker.receiver.thread.count': 1, u'topology.worker.childopts': None, u'topology.max.spout.pending': None, u'topology.kryo.register': None, u'petrel.host': u'pipe-X550CC', u'nimbus.cleanup.inbox.freq.secs': 600, u'storm.messaging.netty.min_wait_ms': 100, u'nimbus.task.timeout.secs': 30, u'nimbus.thrift.max_buffer_size': 1048576, u'topology.sleep.spout.wait.strategy.time.ms': 1, u'nimbus.reassign': True, u'storm.messaging.transport': u'backtype.storm.messaging.netty.Context', u'logviewer.appender.name': u'A1', u'nimbus.host': u'localhost', u'ui.port': 8080, u'supervisor.slots.ports': [6700, 6701, 6702, 6703], u'nimbus.file.copy.expiration.secs': 600, u'supervisor.monitor.frequency.secs': 3, u'ui.childopts': u'-Xmx768m', u'transactional.zookeeper.servers': None, u'zmq.linger.millis': 5000, u'topology.error.throttle.interval.secs': 10, u'topology.worker.shared.thread.pool.size': 4, u'topology.executor.receive.buffer.size': 1024, u'topology.spout.wait.strategy': u'backtype.storm.spout.SleepSpoutWaitStrategy', u'task.heartbeat.frequency.secs': 3, u'topology.transfer.buffer.size': 1024, u'storm.zookeeper.session.timeout': 20000, u'storm.local.mode.zmq': False, u'topology.stats.sample.rate': 0.05, u'topology.fall.back.on.java.serialization': True, u'supervisor.childopts': u'-Xmx256m', u'topology.enable.message.timeouts': True, u'storm.messaging.netty.max_wait_ms': 1000, u'nimbus.topology.validator': u'backtype.storm.nimbus.DefaultTopologyValidator', u'nimbus.supervisor.timeout.secs': 60, u'topology.disruptor.wait.strategy': u'com.lmax.disruptor.BlockingWaitStrategy', u'storm.messaging.netty.buffer_size': 5242880, u'drpc.port': 3772, u'topology.kryo.factory': u'backtype.storm.serialization.DefaultKryoFactory', u'storm.zookeeper.retry.interval': 1000, u'storm.messaging.netty.max_retries': 300, u'topology.tick.tuple.freq.secs': 30, u'supervisor.enable': True, u'nimbus.task.launch.secs': 120, u'task.refresh.poll.secs': 10, u'topology.message.timeout.secs': 30, u'oauth.acess_token_secret': u'IiNOTfgE3tEZvW2HDQhRKPMoOLU43NXJCXk8maj51SdAT', u'petrel.user': u'root', u'nimbus.inbox.jar.expiration.secs': 3600, u'topology.state.synchronization.timeout.secs': 60, u'topology.name': u'good', u'supervisor.worker.timeout.secs': 30, u'topology.trident.batch.emit.interval.millis': 500, u'topology.builtin.metrics.bucket.size.secs': 60, u'storm.thrift.transport': u'backtype.storm.security.auth.SimpleTransportPlugin', u'logviewer.port': 8000, u'oauth.consumer_key': u'eaFmBSxUveRJfmyZYeabti9Q9', u'topology.kryo.decorators': [], u'topology.debug': False}, u'context': {u'task->component': {u'1': u'CountThreeWords', u'3': u'CountWord', u'2': u'CountTwoWords', u'5': u'ThreeWordDivider', u'4': u'KafkaConsumer', u'7': u'WordDivider', u'6': u'TwoWordDivider', u'8': u'__acker'}, u'taskid': 4}}
[2016-05-06 16:48:57,167][storm][INFO]Task sent pid to Storm
[2016-05-06 16:48:57,800][kafka.client][INFO]Broker version identifed as 0.9
[2016-05-06 16:48:57,802][kafka.consumer.subscription_state][INFO]Updating subscribed topics to: ['goodtopic']
[2016-05-06 16:48:57,974][kafka.cluster][INFO]Group coordinator for kafka-python-default-group is BrokerMetadata(nodeId=0, host=u'pipe-X550CC', port=9092)
[2016-05-06 16:48:59,980][kafka.coordinator][INFO]Joined group 'kafka-python-default-group' (generation 83) with member_id kafka-python-1.0.2-94b434cf-443c-483a-88cc-c27b0603258b
[2016-05-06 16:49:00,203][kafka.consumer.subscription_state][INFO]Updated partition assignment: [TopicPartition(topic=u'goodtopic', partition=0)]
[2016-05-06 16:49:03,261][kafka.coordinator][INFO]Heartbeat successful
[2016-05-06 16:49:06,276][kafka.coordinator][INFO]Heartbeat successful
[2016-05-06 16:49:09,290][kafka.coordinator][INFO]Heartbeat successful
[2016-05-06 16:49:12,343][kafka.coordinator][INFO]Heartbeat successful
[2016-05-06 16:49:15,360][kafka.coordinator][INFO]Heartbeat successful
[2016-05-06 16:49:18,377][kafka.coordinator][INFO]Heartbeat successful
[2016-05-06 16:49:21,428][kafka.coordinator][INFO]Heartbeat successful
[2016-05-06 16:49:24,442][kafka.coordinator][INFO]Heartbeat successful
[2016-05-06 16:49:27,496][kafka.coordinator][INFO]Heartbeat successful
[2016-05-06 16:49:30,512][kafka.coordinator][INFO]Heartbeat successful
[2016-05-06 16:49:33,532][kafka.coordinator][INFO]Heartbeat successful
[2016-05-06 16:49:36,588][kafka.coordinator][INFO]Heartbeat successful
[2016-05-06 16:49:39,603][kafka.coordinator][INFO]Heartbeat successful
[2016-05-06 16:49:42,621][kafka.coordinator][INFO]Heartbeat successful
[2016-05-06 16:49:45,641][kafka.coordinator][INFO]Heartbeat successful
[2016-05-06 16:49:48,697][kafka.coordinator][INFO]Heartbeat successful
[2016-05-06 16:49:51,215][kafka.coordinator][INFO]Heartbeat successful
[2016-05-06 16:49:54,269][kafka.coordinator][INFO]Heartbeat successful
[2016-05-06 16:49:57,282][kafka.coordinator][INFO]Heartbeat successful
[2016-05-06 16:50:00,301][kafka.coordinator][INFO]Heartbeat successful
[2016-05-06 16:50:03,362][kafka.coordinator][INFO]Heartbeat successful
[2016-05-06 16:50:06,378][kafka.coordinator][INFO]Heartbeat successful
[2016-05-06 16:50:09,391][kafka.coordinator][INFO]Heartbeat successful
[2016-05-06 16:50:12,446][kafka.coordinator][INFO]Heartbeat successful
[2016-05-06 16:50:15,458][kafka.coordinator][INFO]Heartbeat successful
[2016-05-06 16:50:18,473][kafka.coordinator][INFO]Heartbeat successful
[2016-05-06 16:50:21,525][kafka.coordinator][INFO]Heartbeat successful
[2016-05-06 16:50:24,541][kafka.coordinator][INFO]Heartbeat successful
[2016-05-06 16:50:27,556][kafka.coordinator][INFO]Heartbeat successful
[2016-05-06 16:50:30,578][kafka.coordinator][INFO]Heartbeat successful
[2016-05-06 16:50:33,634][kafka.coordinator][INFO]Heartbeat successful
[2016-05-06 16:50:36,650][kafka.coordinator][INFO]Heartbeat successful
[2016-05-06 16:50:39,664][kafka.coordinator][INFO]Heartbeat successful
[2016-05-06 16:50:42,717][kafka.coordinator][INFO]Heartbeat successful
[2016-05-06 16:50:45,230][kafka.coordinator][INFO]Heartbeat successful
[2016-05-06 16:50:48,285][kafka.coordinator][INFO]Heartbeat successful
[2016-05-06 16:50:51,299][kafka.coordinator][INFO]Heartbeat successful
[2016-05-06 16:50:54,355][kafka.coordinator][INFO]Heartbeat successful
[2016-05-06 16:50:57,372][kafka.coordinator][INFO]Heartbeat successful
[2016-05-06 16:51:00,388][kafka.coordinator][INFO]Heartbeat successful
[2016-05-06 16:51:03,444][kafka.coordinator][INFO]Heartbeat successful
[2016-05-06 16:51:06,466][kafka.coordinator][INFO]Heartbeat successful
[2016-05-06 16:51:09,484][kafka.coordinator][INFO]Heartbeat successful
[2016-05-06 16:51:12,540][kafka.coordinator][INFO]Heartbeat successful
[2016-05-06 16:51:15,560][kafka.coordinator][INFO]Heartbeat successful
[2016-05-06 16:51:18,586][kafka.coordinator][INFO]Heartbeat successful
[2016-05-06 16:51:21,602][kafka.coordinator][INFO]Heartbeat successful
[2016-05-06 16:51:24,652][kafka.coordinator][INFO]Heartbeat successful
[2016-05-06 16:51:27,667][kafka.coordinator][INFO]Heartbeat successful
[2016-05-06 16:51:30,686][kafka.coordinator][INFO]Heartbeat successful
[2016-05-06 16:51:33,240][kafka.coordinator][INFO]Heartbeat successful
[2016-05-06 16:51:36,295][kafka.coordinator][INFO]Heartbeat successful
[2016-05-06 16:51:39,312][kafka.coordinator][INFO]Heartbeat successful
[2016-05-06 16:51:43,642][kafka.coordinator][INFO]Heartbeat successful
[2016-05-06 16:51:45,651][kafka.coordinator][INFO]Heartbeat successful
[2016-05-06 16:51:48,675][kafka.coordinator][INFO]Heartbeat successful
[2016-05-06 16:51:51,726][kafka.coordinator][INFO]Heartbeat successful
[2016-05-06 16:51:54,243][kafka.coordinator][INFO]Heartbeat successful
[2016-05-06 16:51:57,297][kafka.coordinator][INFO]Heartbeat successful
[2016-05-06 16:52:00,314][kafka.coordinator][INFO]Heartbeat successful
[2016-05-06 16:52:03,328][kafka.coordinator][INFO]Heartbeat successful
[2016-05-06 16:52:06,385][kafka.coordinator][INFO]Heartbeat successful
[2016-05-06 16:52:09,401][kafka.coordinator][INFO]Heartbeat successful
[2016-05-06 16:52:12,418][kafka.coordinator][INFO]Heartbeat successful
[2016-05-06 16:52:15,470][kafka.coordinator][INFO]Heartbeat successful
[2016-05-06 16:52:18,483][kafka.coordinator][INFO]Heartbeat successful
[2016-05-06 16:52:21,502][kafka.coordinator][INFO]Heartbeat successful
[2016-05-06 16:52:24,558][kafka.coordinator][INFO]Heartbeat successful
[2016-05-06 16:52:27,576][kafka.coordinator][INFO]Heartbeat successful
[2016-05-06 16:52:30,593][kafka.coordinator][INFO]Heartbeat successful
[2016-05-06 16:52:33,696][kafka.coordinator][INFO]Heartbeat successful
[2016-05-06 16:52:36,290][kafka.coordinator][INFO]Heartbeat successful
[2016-05-06 16:52:39,308][kafka.coordinator][INFO]Heartbeat successful
[2016-05-06 16:52:42,358][kafka.coordinator][INFO]Heartbeat successful
[2016-05-06 16:52:45,371][kafka.coordinator][INFO]Heartbeat successful
[2016-05-06 16:52:48,386][kafka.coordinator][INFO]Heartbeat successful
[2016-05-06 16:52:51,443][kafka.coordinator][INFO]Heartbeat successful
[2016-05-06 16:52:54,271][kafka.coordinator][INFO]Heartbeat successful
[2016-05-06 16:52:57,269][kafka.coordinator][INFO]Heartbeat successful
[2016-05-06 16:53:00,452][kafka.coordinator][INFO]Heartbeat successful
[2016-05-06 16:53:03,708][kafka.coordinator][INFO]Heartbeat successful
[2016-05-06 16:53:06,511][kafka.coordinator][INFO]Heartbeat successful
[2016-05-06 16:53:09,474][kafka.coordinator][INFO]Heartbeat successful
[2016-05-06 16:53:12,494][kafka.coordinator][INFO]Heartbeat successful
[2016-05-06 16:53:15,668][kafka.coordinator][INFO]Heartbeat successful
[2016-05-06 16:53:18,526][kafka.coordinator][INFO]Heartbeat successful
[2016-05-06 16:53:21,732][kafka.coordinator][INFO]Heartbeat successful
[2016-05-06 16:53:24,549][kafka.coordinator][INFO]Heartbeat successful
[2016-05-06 16:53:27,946][kafka.coordinator][INFO]Heartbeat successful
[2016-05-06 16:53:30,646][kafka.coordinator][INFO]Heartbeat successful
[2016-05-06 16:53:33,631][kafka.coordinator][INFO]Heartbeat successful
[2016-05-06 16:53:37,014][kafka.coordinator][INFO]Heartbeat successful
[2016-05-06 16:53:39,549][kafka.coordinator][INFO]Heartbeat successful
[2016-05-06 16:53:42,612][kafka.coordinator][INFO]Heartbeat successful
[2016-05-06 16:53:45,543][kafka.coordinator][INFO]Heartbeat successful
[2016-05-06 16:53:46,746][storm][ERROR][Errno 32] Broken pipe
Traceback (most recent call last):
  File "/usr/local/lib/python2.7/dist-packages/petrel-0.9.4.0.3-py2.7.egg/petrel/storm.py", line 88, in sendMsgToParent
    old_stdout.flush()
IOError: [Errno 32] Broken pipe
[2016-05-06 16:53:46,746][storm][ERROR]Sent failure message ("E_SPOUTFAILED__kafkaconsumer__pipe-X550CC__pid__27273__port__-1__taskindex__-1__StormIPCException") to Storm
[2016-05-06 16:53:51,750][storm][ERROR]Caught exception in Spout.run: IOError error [Errno 32] in sendMsgToParent: [Errno 32] Broken pipe
Traceback (most recent call last):
  File "/usr/local/lib/python2.7/dist-packages/petrel-0.9.4.0.3-py2.7.egg/petrel/storm.py", line 421, in run
    self.nextTuple()
  File "/home/pipe/storm-local/supervisor/stormdist/good-2-1462530265/resources/kafkaconsumer.py", line 41, in nextTuple
    storm.emit([algo,user])
  File "/usr/local/lib/python2.7/dist-packages/petrel-0.9.4.0.3-py2.7.egg/petrel/storm.py", line 125, in emit
    result = __emit(*args, **kwargs)
  File "/usr/local/lib/python2.7/dist-packages/petrel-0.9.4.0.3-py2.7.egg/petrel/storm.py", line 146, in __emit
    return emitSpout(*args, **kwargs)
  File "/usr/local/lib/python2.7/dist-packages/petrel-0.9.4.0.3-py2.7.egg/petrel/storm.py", line 219, in emitSpout
    sendMsgToParent(m)
  File "/usr/local/lib/python2.7/dist-packages/petrel-0.9.4.0.3-py2.7.egg/petrel/storm.py", line 94, in sendMsgToParent
    str(e)))
StormIPCException: IOError error [Errno 32] in sendMsgToParent: [Errno 32] Broken pipe
Worker kafkaconsumer exiting normally.
