Beginning task setup

/usr/bin/flock
Using existing venv: /tmp/petrel-good-5-1462980106/venv
Task setup took 0 seconds
Launching: python -m petrel.run kafkaconsumer /home/pipe/twitterintel/twitterintel/topology/TopologyTweetTransformationGOOD/petrel11488_kafkaconsumer.log
/usr/local/lib/python2.7/dist-packages/petrel-0.9.4.0.3-py2.7.egg/petrel/run.py invoked with the following arguments: ['kafkaconsumer', '/home/pipe/twitterintel/twitterintel/topology/TopologyTweetTransformationGOOD/petrel11488_kafkaconsumer.log']
python version: 2.7.11
user=root
PATH=/tmp/petrel-good-5-1462980106/venv/bin:/root/SimpleScalar/simplesim-3.0:/root/SimpleScalar/bin:/root/SimpleScalar/gcc-2.6.3:/root/SimpleScalar/bin:/usr/local/sbin:/usr/local/bin:/usr/sbin:/usr/bin:/sbin:/bin:/usr/games:/usr/local/games:/home/pipe/Downloads/zookeeper-3.4.8/bin:/home/pipe/Downloads/apache-storm-0.9.4/bin
LD_LIBRARY_PATH=storm-local/supervisor/stormdist/good-5-1462980106/resources/Linux-amd64:storm-local/supervisor/stormdist/good-5-1462980106/resources:/usr/local/lib:/opt/local/lib:/usr/lib
PYTHON_EGG_CACHE=/tmp/petrel-good-5-1462980106/egg_cache
[2016-05-11 16:51:41,659][storm][INFO]Tuple profiling enabled. Will log tuple processing times.
[2016-05-11 16:51:41,734][storm][INFO]Task received setupInfo from Storm: {u'pidDir': u'/home/pipe/storm-local/workers/ec0c9cbd-a55b-41dc-9b1d-151f6262f7e4/pids', u'conf': {u'oauth.acess_token': u' 702208758362087425-HZiyl1x7Bh98cQa1WLBDYylyu10Bpl7', u'topology.tuple.serializer': u'backtype.storm.serialization.types.ListDelegateSerializer', u'topology.workers': 1, u'drpc.worker.threads': 64, u'storm.messaging.netty.client_worker_threads': 1, u'supervisor.heartbeat.frequency.secs': 5, u'topology.executor.send.buffer.size': 1024, u'drpc.childopts': u'-Xmx768m', u'nimbus.thrift.port': 6627, u'storm.zookeeper.retry.intervalceiling.millis': 30000, u'storm.local.dir': u'storm-local', u'topology.receiver.buffer.size': 8, u'storm.zookeeper.servers': [u'localhost'], u'oauth.consumer_secret': u'ADf76fi3O1lKMzBxWnjqf93l3GHv28uar3bkblkvyBrAyoA23i', u'transactional.zookeeper.root': u'/transactional', u'drpc.request.timeout.secs': 600, u'topology.skip.missing.kryo.registrations': False, u'worker.heartbeat.frequency.secs': 1, u'zmq.hwm': 0, u'storm.zookeeper.connection.timeout': 15000, u'java.library.path': u'/usr/local/lib:/opt/local/lib:/usr/lib', u'topology.max.error.report.per.interval': 5, u'storm.messaging.netty.server_worker_threads': 1, u'storm.id': u'good-5-1462980106', u'supervisor.worker.start.timeout.secs': 120, u'zmq.threads': 1, u'topology.acker.executors': None, u'storm.messaging.netty.flush.check.interval.ms': 10, u'storm.messaging.netty.transfer.batch.size': 262144, u'topology.max.task.parallelism': None, u'topology.environment': None, u'storm.zookeeper.port': 2181, u'nimbus.childopts': u'-Xmx1024m', u'topology.classpath': None, u'worker.childopts': u'-Xmx768m', u'drpc.queue.size': 128, u'topology.multilang.serializer': u'backtype.storm.multilang.JsonSerializer', u'storm.zookeeper.retry.times': 5, u'nimbus.monitor.freq.secs': 10, u'storm.cluster.mode': u'distributed', u'dev.zookeeper.path': u'/tmp/dev-storm-zookeeper', u'drpc.invocations.port': 3773, u'topology.tasks': None, u'storm.zookeeper.root': u'/storm', u'logviewer.childopts': u'-Xmx128m', u'storm.meta.serialization.delegate': u'backtype.storm.serialization.DefaultSerializationDelegate', u'transactional.zookeeper.port': None, u'topology.worker.receiver.thread.count': 1, u'topology.worker.childopts': None, u'topology.max.spout.pending': None, u'topology.kryo.register': None, u'petrel.host': u'pipe-X550CC', u'nimbus.cleanup.inbox.freq.secs': 600, u'storm.messaging.netty.min_wait_ms': 100, u'nimbus.task.timeout.secs': 30, u'nimbus.thrift.max_buffer_size': 1048576, u'topology.sleep.spout.wait.strategy.time.ms': 1, u'nimbus.reassign': True, u'storm.messaging.transport': u'backtype.storm.messaging.netty.Context', u'logviewer.appender.name': u'A1', u'nimbus.host': u'localhost', u'ui.port': 8080, u'supervisor.slots.ports': [6700, 6701, 6702, 6703], u'nimbus.file.copy.expiration.secs': 600, u'supervisor.monitor.frequency.secs': 3, u'ui.childopts': u'-Xmx768m', u'transactional.zookeeper.servers': None, u'zmq.linger.millis': 5000, u'topology.error.throttle.interval.secs': 10, u'topology.worker.shared.thread.pool.size': 4, u'topology.executor.receive.buffer.size': 1024, u'topology.spout.wait.strategy': u'backtype.storm.spout.SleepSpoutWaitStrategy', u'task.heartbeat.frequency.secs': 3, u'topology.transfer.buffer.size': 1024, u'storm.zookeeper.session.timeout': 20000, u'storm.local.mode.zmq': False, u'topology.stats.sample.rate': 0.05, u'topology.fall.back.on.java.serialization': True, u'supervisor.childopts': u'-Xmx256m', u'topology.enable.message.timeouts': True, u'storm.messaging.netty.max_wait_ms': 1000, u'nimbus.topology.validator': u'backtype.storm.nimbus.DefaultTopologyValidator', u'nimbus.supervisor.timeout.secs': 60, u'topology.disruptor.wait.strategy': u'com.lmax.disruptor.BlockingWaitStrategy', u'storm.messaging.netty.buffer_size': 5242880, u'drpc.port': 3772, u'topology.kryo.factory': u'backtype.storm.serialization.DefaultKryoFactory', u'storm.zookeeper.retry.interval': 1000, u'storm.messaging.netty.max_retries': 300, u'topology.tick.tuple.freq.secs': 30, u'supervisor.enable': True, u'nimbus.task.launch.secs': 120, u'task.refresh.poll.secs': 10, u'topology.message.timeout.secs': 30, u'oauth.acess_token_secret': u'IiNOTfgE3tEZvW2HDQhRKPMoOLU43NXJCXk8maj51SdAT', u'petrel.user': u'root', u'nimbus.inbox.jar.expiration.secs': 3600, u'topology.state.synchronization.timeout.secs': 60, u'topology.name': u'good', u'supervisor.worker.timeout.secs': 30, u'topology.trident.batch.emit.interval.millis': 500, u'topology.builtin.metrics.bucket.size.secs': 60, u'storm.thrift.transport': u'backtype.storm.security.auth.SimpleTransportPlugin', u'logviewer.port': 8000, u'oauth.consumer_key': u'eaFmBSxUveRJfmyZYeabti9Q9', u'topology.kryo.decorators': [], u'topology.debug': False}, u'context': {u'task->component': {u'1': u'CountThreeWords', u'3': u'CountWord', u'2': u'CountTwoWords', u'5': u'ThreeWordDivider', u'4': u'KafkaConsumer', u'7': u'WordDivider', u'6': u'TwoWordDivider', u'8': u'__acker'}, u'taskid': 4}}
[2016-05-11 16:51:41,734][storm][INFO]Task sent pid to Storm
[2016-05-11 16:51:41,889][kafka.client][INFO]Broker version identifed as 0.9
[2016-05-11 16:51:41,892][kafka.consumer.subscription_state][INFO]Updating subscribed topics to: ['goodtopic']
[2016-05-11 16:51:41,973][kafka.cluster][INFO]Group coordinator for kafka-python-default-group is BrokerMetadata(nodeId=0, host=u'pipe-X550CC', port=9092)
[2016-05-11 16:51:44,310][kafka.coordinator][INFO]Joined group 'kafka-python-default-group' (generation 14) with member_id kafka-python-1.0.2-53a74143-dc22-46a8-b946-28720e2480a7
[2016-05-11 16:51:44,529][kafka.consumer.subscription_state][INFO]Updated partition assignment: [TopicPartition(topic=u'goodtopic', partition=0)]
[2016-05-11 16:51:47,578][kafka.coordinator][INFO]Heartbeat successful
[2016-05-11 16:51:50,597][kafka.coordinator][INFO]Heartbeat successful
[2016-05-11 16:51:53,618][kafka.coordinator][INFO]Heartbeat successful
[2016-05-11 16:51:56,676][kafka.coordinator][INFO]Heartbeat successful
[2016-05-11 16:51:59,699][kafka.coordinator][INFO]Heartbeat successful
[2016-05-11 16:52:02,717][kafka.coordinator][INFO]Heartbeat successful
[2016-05-11 16:52:05,773][kafka.coordinator][INFO]Heartbeat successful
[2016-05-11 16:52:08,789][kafka.coordinator][INFO]Heartbeat successful
[2016-05-11 16:52:11,812][kafka.coordinator][INFO]Heartbeat successful
[2016-05-11 16:52:14,828][kafka.coordinator][INFO]Heartbeat successful
[2016-05-11 16:52:17,883][kafka.coordinator][INFO]Heartbeat successful
[2016-05-11 16:52:20,907][kafka.coordinator][INFO]Heartbeat successful
[2016-05-11 16:52:23,923][kafka.coordinator][INFO]Heartbeat successful
[2016-05-11 16:52:26,980][kafka.coordinator][INFO]Heartbeat successful
[2016-05-11 16:52:29,991][kafka.coordinator][INFO]Heartbeat successful
[2016-05-11 16:52:33,004][kafka.coordinator][INFO]Heartbeat successful
[2016-05-11 16:52:35,559][kafka.coordinator][INFO]Heartbeat successful
[2016-05-11 16:52:38,614][kafka.coordinator][INFO]Heartbeat successful
[2016-05-11 16:52:41,632][kafka.coordinator][INFO]Heartbeat successful
[2016-05-11 16:52:44,648][kafka.coordinator][INFO]Heartbeat successful
[2016-05-11 16:52:47,706][kafka.coordinator][INFO]Heartbeat successful
[2016-05-11 16:52:50,745][kafka.coordinator][INFO]Heartbeat successful
[2016-05-11 16:52:53,762][kafka.coordinator][INFO]Heartbeat successful
[2016-05-11 16:52:56,822][kafka.coordinator][INFO]Heartbeat successful
[2016-05-11 16:52:59,839][kafka.coordinator][INFO]Heartbeat successful
[2016-05-11 16:53:02,857][kafka.coordinator][INFO]Heartbeat successful
[2016-05-11 16:53:05,909][kafka.coordinator][INFO]Heartbeat successful
[2016-05-11 16:53:08,925][kafka.coordinator][INFO]Heartbeat successful
[2016-05-11 16:53:11,941][kafka.coordinator][INFO]Heartbeat successful
[2016-05-11 16:53:14,965][kafka.coordinator][INFO]Heartbeat successful
[2016-05-11 16:53:18,029][kafka.coordinator][INFO]Heartbeat successful
[2016-05-11 16:53:21,048][kafka.coordinator][INFO]Heartbeat successful
[2016-05-11 16:53:23,562][kafka.coordinator][INFO]Heartbeat successful
[2016-05-11 16:53:26,619][kafka.coordinator][INFO]Heartbeat successful
[2016-05-11 16:53:29,631][kafka.coordinator][INFO]Heartbeat successful
[2016-05-11 16:53:32,723][kafka.coordinator][INFO]Heartbeat successful
[2016-05-11 16:53:35,737][kafka.coordinator][INFO]Heartbeat successful
[2016-05-11 16:53:38,757][kafka.coordinator][INFO]Heartbeat successful
[2016-05-11 16:53:41,820][kafka.coordinator][INFO]Heartbeat successful
[2016-05-11 16:53:44,838][kafka.coordinator][INFO]Heartbeat successful
[2016-05-11 16:53:47,859][kafka.coordinator][INFO]Heartbeat successful
[2016-05-11 16:53:50,877][kafka.coordinator][INFO]Heartbeat successful
[2016-05-11 16:53:53,936][kafka.coordinator][INFO]Heartbeat successful
[2016-05-11 16:53:56,957][kafka.coordinator][INFO]Heartbeat successful
[2016-05-11 16:53:59,978][kafka.coordinator][INFO]Heartbeat successful
[2016-05-11 16:54:03,035][kafka.coordinator][INFO]Heartbeat successful
[2016-05-11 16:54:06,056][kafka.coordinator][INFO]Heartbeat successful
[2016-05-11 16:54:08,572][kafka.coordinator][INFO]Heartbeat successful
[2016-05-11 16:54:11,628][kafka.coordinator][INFO]Heartbeat successful
[2016-05-11 16:54:14,645][kafka.coordinator][INFO]Heartbeat successful
[2016-05-11 16:54:17,783][kafka.coordinator][INFO]Heartbeat successful
[2016-05-11 16:54:20,803][kafka.coordinator][INFO]Heartbeat successful
[2016-05-11 16:54:23,818][kafka.coordinator][INFO]Heartbeat successful
[2016-05-11 16:54:26,874][kafka.coordinator][INFO]Heartbeat successful
[2016-05-11 16:54:29,891][kafka.coordinator][INFO]Heartbeat successful
[2016-05-11 16:54:32,907][kafka.coordinator][INFO]Heartbeat successful
[2016-05-11 16:54:35,921][kafka.coordinator][INFO]Heartbeat successful
[2016-05-11 16:54:38,975][kafka.coordinator][INFO]Heartbeat successful
[2016-05-11 16:54:41,988][kafka.coordinator][WARNING]Heartbeat: group is rebalancing; this consumer needs to re-join
[2016-05-11 16:54:41,988][kafka.coordinator][WARNING]Heartbeat failed; retrying
[2016-05-11 16:54:42,088][kafka.coordinator][INFO]Skipping heartbeat: no auto-assignment or waiting on rebalance
[2016-05-11 16:54:50,627][kafka.coordinator][INFO]Joined group 'kafka-python-default-group' (generation 15) with member_id kafka-python-1.0.2-53a74143-dc22-46a8-b946-28720e2480a7
[2016-05-11 16:54:50,809][kafka.consumer.subscription_state][INFO]Updated partition assignment: [TopicPartition(topic=u'goodtopic', partition=0)]
[2016-05-11 16:54:53,859][kafka.coordinator][INFO]Heartbeat successful
[2016-05-11 16:54:56,874][kafka.coordinator][INFO]Heartbeat successful
[2016-05-11 16:54:59,890][kafka.coordinator][INFO]Heartbeat successful
[2016-05-11 16:55:02,940][kafka.coordinator][INFO]Heartbeat successful
[2016-05-11 16:55:05,956][kafka.coordinator][INFO]Heartbeat successful
[2016-05-11 16:55:08,974][kafka.coordinator][INFO]Heartbeat successful
[2016-05-11 16:55:12,035][kafka.coordinator][INFO]Heartbeat successful
[2016-05-11 16:55:15,057][kafka.coordinator][INFO]Heartbeat successful
[2016-05-11 16:55:18,076][kafka.coordinator][INFO]Heartbeat successful
[2016-05-11 16:55:21,094][kafka.coordinator][INFO]Heartbeat successful
[2016-05-11 16:55:24,148][kafka.coordinator][INFO]Heartbeat successful
[2016-05-11 16:55:27,165][kafka.coordinator][INFO]Heartbeat successful
[2016-05-11 16:55:30,180][kafka.coordinator][INFO]Heartbeat successful
[2016-05-11 16:55:33,241][kafka.coordinator][INFO]Heartbeat successful
[2016-05-11 16:55:36,258][kafka.coordinator][INFO]Heartbeat successful
[2016-05-11 16:55:39,276][kafka.coordinator][INFO]Heartbeat successful
[2016-05-11 16:55:41,829][kafka.coordinator][INFO]Heartbeat successful
[2016-05-11 16:55:44,883][kafka.coordinator][INFO]Heartbeat successful
[2016-05-11 16:55:47,901][kafka.coordinator][INFO]Heartbeat successful
[2016-05-11 16:55:50,917][kafka.coordinator][INFO]Heartbeat successful
[2016-05-11 16:55:53,971][kafka.coordinator][INFO]Heartbeat successful
[2016-05-11 16:55:56,990][kafka.coordinator][INFO]Heartbeat successful
[2016-05-11 16:56:00,026][kafka.coordinator][INFO]Heartbeat successful
[2016-05-11 16:56:03,043][kafka.coordinator][INFO]Heartbeat successful
[2016-05-11 16:56:06,062][kafka.coordinator][INFO]Heartbeat successful
[2016-05-11 16:56:09,118][kafka.coordinator][INFO]Heartbeat successful
[2016-05-11 16:56:12,140][kafka.coordinator][INFO]Heartbeat successful
[2016-05-11 16:56:15,162][kafka.coordinator][INFO]Heartbeat successful
[2016-05-11 16:56:18,219][kafka.coordinator][INFO]Heartbeat successful
[2016-05-11 16:56:21,240][kafka.coordinator][INFO]Heartbeat successful
[2016-05-11 16:56:24,254][kafka.coordinator][INFO]Heartbeat successful
[2016-05-11 16:56:27,306][kafka.coordinator][INFO]Heartbeat successful
[2016-05-11 16:56:30,321][kafka.coordinator][INFO]Heartbeat successful
[2016-05-11 16:56:32,838][kafka.coordinator][INFO]Heartbeat successful
[2016-05-11 16:56:35,892][kafka.coordinator][INFO]Heartbeat successful
[2016-05-11 16:56:38,907][kafka.coordinator][INFO]Heartbeat successful
[2016-05-11 16:56:41,923][kafka.coordinator][INFO]Heartbeat successful
[2016-05-11 16:56:44,978][kafka.coordinator][INFO]Heartbeat successful
[2016-05-11 16:56:47,992][kafka.coordinator][INFO]Heartbeat successful
[2016-05-11 16:56:51,005][kafka.coordinator][INFO]Heartbeat successful
[2016-05-11 16:56:54,062][kafka.coordinator][INFO]Heartbeat successful
[2016-05-11 16:56:57,082][kafka.coordinator][INFO]Heartbeat successful
[2016-05-11 16:57:00,108][kafka.coordinator][INFO]Heartbeat successful
[2016-05-11 16:57:03,169][kafka.coordinator][INFO]Heartbeat successful
[2016-05-11 16:57:06,191][kafka.coordinator][INFO]Heartbeat successful
