Beginning task setup

/usr/bin/flock
Using existing venv: /tmp/petrel-good-2-1462530265/venv
Task setup took 1 seconds
Launching: python -m petrel.run twowordcount /home/pipe/twitterintel/topology/TopologyTweetTransformationGOOD/petrel11162_twowordcount.log
/usr/local/lib/python2.7/dist-packages/petrel-0.9.4.0.3-py2.7.egg/petrel/run.py invoked with the following arguments: ['twowordcount', '/home/pipe/twitterintel/topology/TopologyTweetTransformationGOOD/petrel11162_twowordcount.log']
python version: 2.7.11
user=root
PATH=/tmp/petrel-good-2-1462530265/venv/bin:/root/SimpleScalar/simplesim-3.0:/root/SimpleScalar/bin:/root/SimpleScalar/gcc-2.6.3:/root/SimpleScalar/bin:/usr/local/sbin:/usr/local/bin:/usr/sbin:/usr/bin:/sbin:/bin:/usr/games:/usr/local/games:/home/pipe/Downloads/zookeeper-3.4.8/bin:/home/pipe/Downloads/apache-storm-0.9.4/bin
LD_LIBRARY_PATH=storm-local/supervisor/stormdist/good-2-1462530265/resources/Linux-amd64:storm-local/supervisor/stormdist/good-2-1462530265/resources:/usr/local/lib:/opt/local/lib:/usr/lib
PYTHON_EGG_CACHE=/tmp/petrel-good-2-1462530265/egg_cache
[2016-05-06 16:54:49,523][storm][INFO]Tuple profiling enabled. Will log tuple processing times.
[2016-05-06 16:54:50,587][storm][INFO]Task received setupInfo from Storm: {u'pidDir': u'/home/pipe/storm-local/workers/ca155c36-2534-4ea2-9184-3596f6f23611/pids', u'conf': {u'oauth.acess_token': u' 702208758362087425-HZiyl1x7Bh98cQa1WLBDYylyu10Bpl7', u'topology.tuple.serializer': u'backtype.storm.serialization.types.ListDelegateSerializer', u'topology.workers': 1, u'drpc.worker.threads': 64, u'storm.messaging.netty.client_worker_threads': 1, u'supervisor.heartbeat.frequency.secs': 5, u'topology.executor.send.buffer.size': 1024, u'drpc.childopts': u'-Xmx768m', u'nimbus.thrift.port': 6627, u'storm.zookeeper.retry.intervalceiling.millis': 30000, u'storm.local.dir': u'storm-local', u'topology.receiver.buffer.size': 8, u'storm.zookeeper.servers': [u'localhost'], u'oauth.consumer_secret': u'ADf76fi3O1lKMzBxWnjqf93l3GHv28uar3bkblkvyBrAyoA23i', u'transactional.zookeeper.root': u'/transactional', u'drpc.request.timeout.secs': 600, u'topology.skip.missing.kryo.registrations': False, u'worker.heartbeat.frequency.secs': 1, u'zmq.hwm': 0, u'storm.zookeeper.connection.timeout': 15000, u'java.library.path': u'/usr/local/lib:/opt/local/lib:/usr/lib', u'topology.max.error.report.per.interval': 5, u'storm.messaging.netty.server_worker_threads': 1, u'storm.id': u'good-2-1462530265', u'supervisor.worker.start.timeout.secs': 120, u'zmq.threads': 1, u'topology.acker.executors': None, u'storm.messaging.netty.flush.check.interval.ms': 10, u'storm.messaging.netty.transfer.batch.size': 262144, u'topology.max.task.parallelism': None, u'topology.environment': None, u'storm.zookeeper.port': 2181, u'nimbus.childopts': u'-Xmx1024m', u'topology.classpath': None, u'worker.childopts': u'-Xmx768m', u'drpc.queue.size': 128, u'topology.multilang.serializer': u'backtype.storm.multilang.JsonSerializer', u'storm.zookeeper.retry.times': 5, u'nimbus.monitor.freq.secs': 10, u'storm.cluster.mode': u'distributed', u'dev.zookeeper.path': u'/tmp/dev-storm-zookeeper', u'drpc.invocations.port': 3773, u'topology.tasks': None, u'storm.zookeeper.root': u'/storm', u'logviewer.childopts': u'-Xmx128m', u'storm.meta.serialization.delegate': u'backtype.storm.serialization.DefaultSerializationDelegate', u'transactional.zookeeper.port': None, u'topology.worker.receiver.thread.count': 1, u'topology.worker.childopts': None, u'topology.max.spout.pending': None, u'topology.kryo.register': None, u'petrel.host': u'pipe-X550CC', u'nimbus.cleanup.inbox.freq.secs': 600, u'storm.messaging.netty.min_wait_ms': 100, u'nimbus.task.timeout.secs': 30, u'nimbus.thrift.max_buffer_size': 1048576, u'topology.sleep.spout.wait.strategy.time.ms': 1, u'nimbus.reassign': True, u'storm.messaging.transport': u'backtype.storm.messaging.netty.Context', u'logviewer.appender.name': u'A1', u'nimbus.host': u'localhost', u'ui.port': 8080, u'supervisor.slots.ports': [6700, 6701, 6702, 6703], u'nimbus.file.copy.expiration.secs': 600, u'supervisor.monitor.frequency.secs': 3, u'ui.childopts': u'-Xmx768m', u'transactional.zookeeper.servers': None, u'zmq.linger.millis': 5000, u'topology.error.throttle.interval.secs': 10, u'topology.worker.shared.thread.pool.size': 4, u'topology.executor.receive.buffer.size': 1024, u'topology.spout.wait.strategy': u'backtype.storm.spout.SleepSpoutWaitStrategy', u'task.heartbeat.frequency.secs': 3, u'topology.transfer.buffer.size': 1024, u'storm.zookeeper.session.timeout': 20000, u'storm.local.mode.zmq': False, u'topology.stats.sample.rate': 0.05, u'topology.fall.back.on.java.serialization': True, u'supervisor.childopts': u'-Xmx256m', u'topology.enable.message.timeouts': True, u'storm.messaging.netty.max_wait_ms': 1000, u'nimbus.topology.validator': u'backtype.storm.nimbus.DefaultTopologyValidator', u'nimbus.supervisor.timeout.secs': 60, u'topology.disruptor.wait.strategy': u'com.lmax.disruptor.BlockingWaitStrategy', u'storm.messaging.netty.buffer_size': 5242880, u'drpc.port': 3772, u'topology.kryo.factory': u'backtype.storm.serialization.DefaultKryoFactory', u'storm.zookeeper.retry.interval': 1000, u'storm.messaging.netty.max_retries': 300, u'topology.tick.tuple.freq.secs': 300, u'supervisor.enable': True, u'nimbus.task.launch.secs': 120, u'task.refresh.poll.secs': 10, u'topology.message.timeout.secs': 30, u'oauth.acess_token_secret': u'IiNOTfgE3tEZvW2HDQhRKPMoOLU43NXJCXk8maj51SdAT', u'petrel.user': u'root', u'nimbus.inbox.jar.expiration.secs': 3600, u'topology.state.synchronization.timeout.secs': 60, u'topology.name': u'good', u'supervisor.worker.timeout.secs': 30, u'topology.trident.batch.emit.interval.millis': 500, u'topology.builtin.metrics.bucket.size.secs': 60, u'storm.thrift.transport': u'backtype.storm.security.auth.SimpleTransportPlugin', u'logviewer.port': 8000, u'oauth.consumer_key': u'eaFmBSxUveRJfmyZYeabti9Q9', u'topology.kryo.decorators': [], u'topology.debug': False}, u'context': {u'task->component': {u'1': u'CountThreeWords', u'3': u'CountWord', u'2': u'CountTwoWords', u'5': u'ThreeWordDivider', u'4': u'KafkaConsumer', u'7': u'WordDivider', u'6': u'TwoWordDivider', u'8': u'__acker'}, u'taskid': 2}}
[2016-05-06 16:54:50,591][storm][INFO]Task sent pid to Storm
[2016-05-06 16:54:52,166][storm][DEBUG]BasicBolt profile: total_num_tuples=1, num_tuples=1, avg_read_time=0.566792 (99.7%), avg_process_time=0.001885 (0.3%), avg_ack_time=0.000053 (0.0%)
[2016-05-06 16:54:53,183][storm][DEBUG]BasicBolt profile: total_num_tuples=97, num_tuples=96, avg_read_time=0.000419 (4.0%), avg_process_time=0.009078 (85.8%), avg_ack_time=0.001081 (10.2%)
[2016-05-06 16:54:54,194][storm][DEBUG]BasicBolt profile: total_num_tuples=192, num_tuples=95, avg_read_time=0.000104 (1.0%), avg_process_time=0.008820 (83.8%), avg_ack_time=0.001603 (15.2%)
[2016-05-06 16:54:55,198][storm][DEBUG]BasicBolt profile: total_num_tuples=284, num_tuples=92, avg_read_time=0.000330 (3.0%), avg_process_time=0.010050 (92.5%), avg_ack_time=0.000489 (4.5%)
[2016-05-06 16:54:56,198][storm][DEBUG]BasicBolt profile: total_num_tuples=332, num_tuples=48, avg_read_time=0.000078 (0.4%), avg_process_time=0.020602 (98.9%), avg_ack_time=0.000153 (0.7%)
[2016-05-06 16:54:57,202][storm][DEBUG]BasicBolt profile: total_num_tuples=379, num_tuples=47, avg_read_time=0.000353 (1.7%), avg_process_time=0.020938 (98.1%), avg_ack_time=0.000053 (0.2%)
[2016-05-06 16:54:58,219][storm][DEBUG]BasicBolt profile: total_num_tuples=475, num_tuples=96, avg_read_time=0.000263 (2.5%), avg_process_time=0.010135 (96.4%), avg_ack_time=0.000110 (1.0%)
[2016-05-06 16:54:59,221][storm][DEBUG]BasicBolt profile: total_num_tuples=646, num_tuples=171, avg_read_time=0.000092 (1.6%), avg_process_time=0.005579 (95.4%), avg_ack_time=0.000175 (3.0%)
[2016-05-06 16:55:00,221][storm][DEBUG]BasicBolt profile: total_num_tuples=924, num_tuples=278, avg_read_time=0.000062 (1.7%), avg_process_time=0.003473 (96.7%), avg_ack_time=0.000056 (1.6%)
[2016-05-06 16:55:01,336][storm][DEBUG]BasicBolt profile: total_num_tuples=1208, num_tuples=284, avg_read_time=0.000063 (1.6%), avg_process_time=0.003797 (96.8%), avg_ack_time=0.000061 (1.5%)
[2016-05-06 16:55:02,340][storm][DEBUG]BasicBolt profile: total_num_tuples=1417, num_tuples=209, avg_read_time=0.000146 (3.0%), avg_process_time=0.004527 (94.7%), avg_ack_time=0.000106 (2.2%)
[2016-05-06 16:55:03,349][storm][DEBUG]BasicBolt profile: total_num_tuples=1568, num_tuples=151, avg_read_time=0.000087 (1.3%), avg_process_time=0.006440 (96.6%), avg_ack_time=0.000140 (2.1%)
[2016-05-06 16:55:04,351][storm][DEBUG]BasicBolt profile: total_num_tuples=1749, num_tuples=181, avg_read_time=0.000130 (2.3%), avg_process_time=0.005331 (96.4%), avg_ack_time=0.000068 (1.2%)
[2016-05-06 16:55:05,358][storm][DEBUG]BasicBolt profile: total_num_tuples=1975, num_tuples=226, avg_read_time=0.000058 (1.3%), avg_process_time=0.004299 (96.9%), avg_ack_time=0.000079 (1.8%)
[2016-05-06 16:55:06,359][storm][DEBUG]BasicBolt profile: total_num_tuples=2252, num_tuples=277, avg_read_time=0.000060 (1.7%), avg_process_time=0.003499 (97.0%), avg_ack_time=0.000049 (1.3%)
[2016-05-06 16:55:07,360][storm][DEBUG]BasicBolt profile: total_num_tuples=2607, num_tuples=355, avg_read_time=0.000049 (1.8%), avg_process_time=0.002722 (96.7%), avg_ack_time=0.000042 (1.5%)
[2016-05-06 16:55:08,369][storm][DEBUG]BasicBolt profile: total_num_tuples=2877, num_tuples=270, avg_read_time=0.000052 (1.4%), avg_process_time=0.003633 (97.4%), avg_ack_time=0.000044 (1.2%)
[2016-05-06 16:55:09,455][storm][DEBUG]BasicBolt profile: total_num_tuples=3062, num_tuples=185, avg_read_time=0.000058 (1.0%), avg_process_time=0.005702 (97.3%), avg_ack_time=0.000101 (1.7%)
[2016-05-06 16:55:10,461][storm][DEBUG]BasicBolt profile: total_num_tuples=3363, num_tuples=301, avg_read_time=0.000063 (1.9%), avg_process_time=0.003217 (96.8%), avg_ack_time=0.000043 (1.3%)
[2016-05-06 16:55:11,464][storm][DEBUG]BasicBolt profile: total_num_tuples=3571, num_tuples=208, avg_read_time=0.000051 (1.1%), avg_process_time=0.004701 (97.7%), avg_ack_time=0.000059 (1.2%)
[2016-05-06 16:55:12,468][storm][DEBUG]BasicBolt profile: total_num_tuples=3786, num_tuples=215, avg_read_time=0.001213 (26.0%), avg_process_time=0.003406 (73.1%), avg_ack_time=0.000043 (0.9%)
[2016-05-06 16:55:13,473][storm][DEBUG]BasicBolt profile: total_num_tuples=3810, num_tuples=24, avg_read_time=0.035742 (85.4%), avg_process_time=0.006035 (14.4%), avg_ack_time=0.000071 (0.2%)
[2016-05-06 16:55:14,476][storm][DEBUG]BasicBolt profile: total_num_tuples=3835, num_tuples=25, avg_read_time=0.036712 (91.5%), avg_process_time=0.003364 (8.4%), avg_ack_time=0.000041 (0.1%)
[2016-05-06 16:55:15,476][storm][DEBUG]BasicBolt profile: total_num_tuples=3863, num_tuples=28, avg_read_time=0.031995 (89.6%), avg_process_time=0.003669 (10.3%), avg_ack_time=0.000048 (0.1%)
[2016-05-06 16:55:16,722][storm][DEBUG]BasicBolt profile: total_num_tuples=3917, num_tuples=54, avg_read_time=0.019862 (86.1%), avg_process_time=0.003163 (13.7%), avg_ack_time=0.000044 (0.2%)
[2016-05-06 16:55:17,760][storm][DEBUG]BasicBolt profile: total_num_tuples=3955, num_tuples=38, avg_read_time=0.014455 (53.0%), avg_process_time=0.012767 (46.8%), avg_ack_time=0.000069 (0.3%)
[2016-05-06 16:55:18,853][storm][DEBUG]BasicBolt profile: total_num_tuples=3970, num_tuples=15, avg_read_time=0.012143 (16.7%), avg_process_time=0.060622 (83.3%), avg_ack_time=0.000055 (0.1%)
[2016-05-06 16:55:19,955][storm][DEBUG]BasicBolt profile: total_num_tuples=4065, num_tuples=95, avg_read_time=0.002915 (25.1%), avg_process_time=0.008625 (74.4%), avg_ack_time=0.000054 (0.5%)
[2016-05-06 16:55:20,956][storm][DEBUG]BasicBolt profile: total_num_tuples=4136, num_tuples=71, avg_read_time=0.009157 (65.0%), avg_process_time=0.004884 (34.7%), avg_ack_time=0.000048 (0.3%)
[2016-05-06 16:55:21,963][storm][DEBUG]BasicBolt profile: total_num_tuples=4192, num_tuples=56, avg_read_time=0.010547 (58.7%), avg_process_time=0.007355 (40.9%), avg_ack_time=0.000073 (0.4%)
[2016-05-06 16:55:23,991][storm][DEBUG]BasicBolt profile: total_num_tuples=4242, num_tuples=50, avg_read_time=0.016181 (77.5%), avg_process_time=0.004639 (22.2%), avg_ack_time=0.000063 (0.3%)
[2016-05-06 16:55:25,124][storm][DEBUG]BasicBolt profile: total_num_tuples=4315, num_tuples=73, avg_read_time=0.006986 (45.0%), avg_process_time=0.008461 (54.5%), avg_ack_time=0.000067 (0.4%)
[2016-05-06 16:55:26,183][storm][DEBUG]BasicBolt profile: total_num_tuples=4384, num_tuples=69, avg_read_time=0.007526 (49.1%), avg_process_time=0.007749 (50.6%), avg_ack_time=0.000052 (0.3%)
[2016-05-06 16:55:27,188][storm][DEBUG]BasicBolt profile: total_num_tuples=4436, num_tuples=52, avg_read_time=0.014844 (76.9%), avg_process_time=0.004415 (22.9%), avg_ack_time=0.000054 (0.3%)
[2016-05-06 16:55:28,280][storm][DEBUG]BasicBolt profile: total_num_tuples=4457, num_tuples=21, avg_read_time=0.045522 (87.6%), avg_process_time=0.006389 (12.3%), avg_ack_time=0.000053 (0.1%)
[2016-05-06 16:55:29,284][storm][DEBUG]BasicBolt profile: total_num_tuples=4501, num_tuples=44, avg_read_time=0.016880 (74.0%), avg_process_time=0.005860 (25.7%), avg_ack_time=0.000065 (0.3%)
[2016-05-06 16:55:30,291][storm][DEBUG]BasicBolt profile: total_num_tuples=4519, num_tuples=18, avg_read_time=0.045573 (81.5%), avg_process_time=0.010282 (18.4%), avg_ack_time=0.000056 (0.1%)
[2016-05-06 16:55:31,490][storm][DEBUG]BasicBolt profile: total_num_tuples=4576, num_tuples=57, avg_read_time=0.015657 (74.5%), avg_process_time=0.005325 (25.3%), avg_ack_time=0.000048 (0.2%)
[2016-05-06 16:55:32,715][storm][DEBUG]BasicBolt profile: total_num_tuples=4626, num_tuples=50, avg_read_time=0.018699 (76.4%), avg_process_time=0.005732 (23.4%), avg_ack_time=0.000053 (0.2%)
[2016-05-06 16:55:34,150][storm][DEBUG]BasicBolt profile: total_num_tuples=4652, num_tuples=26, avg_read_time=0.048755 (88.4%), avg_process_time=0.006382 (11.6%), avg_ack_time=0.000043 (0.1%)
[2016-05-06 16:55:35,164][storm][DEBUG]BasicBolt profile: total_num_tuples=4673, num_tuples=21, avg_read_time=0.043043 (89.1%), avg_process_time=0.005206 (10.8%), avg_ack_time=0.000043 (0.1%)
[2016-05-06 16:55:36,198][storm][DEBUG]BasicBolt profile: total_num_tuples=4689, num_tuples=16, avg_read_time=0.060280 (93.3%), avg_process_time=0.004284 (6.6%), avg_ack_time=0.000042 (0.1%)
[2016-05-06 16:55:37,359][storm][DEBUG]BasicBolt profile: total_num_tuples=4722, num_tuples=33, avg_read_time=0.027296 (77.6%), avg_process_time=0.007798 (22.2%), avg_ack_time=0.000071 (0.2%)
[2016-05-06 16:55:38,501][storm][DEBUG]BasicBolt profile: total_num_tuples=4752, num_tuples=30, avg_read_time=0.033084 (87.0%), avg_process_time=0.004917 (12.9%), avg_ack_time=0.000040 (0.1%)
[2016-05-06 16:55:39,639][storm][DEBUG]BasicBolt profile: total_num_tuples=4788, num_tuples=36, avg_read_time=0.025793 (81.7%), avg_process_time=0.005717 (18.1%), avg_ack_time=0.000075 (0.2%)
[2016-05-06 16:55:40,796][storm][DEBUG]BasicBolt profile: total_num_tuples=4846, num_tuples=58, avg_read_time=0.011017 (55.2%), avg_process_time=0.008887 (44.6%), avg_ack_time=0.000043 (0.2%)
[2016-05-06 16:55:42,110][storm][DEBUG]BasicBolt profile: total_num_tuples=4886, num_tuples=40, avg_read_time=0.027254 (83.0%), avg_process_time=0.005534 (16.9%), avg_ack_time=0.000045 (0.1%)
[2016-05-06 16:55:43,180][storm][DEBUG]BasicBolt profile: total_num_tuples=4916, num_tuples=30, avg_read_time=0.026323 (73.8%), avg_process_time=0.009270 (26.0%), avg_ack_time=0.000065 (0.2%)
[2016-05-06 16:55:44,313][storm][DEBUG]BasicBolt profile: total_num_tuples=4972, num_tuples=56, avg_read_time=0.015313 (75.8%), avg_process_time=0.004849 (24.0%), avg_ack_time=0.000049 (0.2%)
[2016-05-06 16:55:45,749][storm][DEBUG]BasicBolt profile: total_num_tuples=5019, num_tuples=47, avg_read_time=0.025846 (84.6%), avg_process_time=0.004603 (15.1%), avg_ack_time=0.000086 (0.3%)
[2016-05-06 16:55:46,754][storm][DEBUG]BasicBolt profile: total_num_tuples=5057, num_tuples=38, avg_read_time=0.021805 (82.5%), avg_process_time=0.004582 (17.3%), avg_ack_time=0.000045 (0.2%)
[2016-05-06 16:55:47,801][storm][DEBUG]BasicBolt profile: total_num_tuples=5100, num_tuples=43, avg_read_time=0.019768 (81.2%), avg_process_time=0.004533 (18.6%), avg_ack_time=0.000043 (0.2%)
[2016-05-06 16:55:48,816][storm][DEBUG]BasicBolt profile: total_num_tuples=5141, num_tuples=41, avg_read_time=0.016501 (66.7%), avg_process_time=0.008198 (33.1%), avg_ack_time=0.000054 (0.2%)
[2016-05-06 16:55:49,916][storm][DEBUG]BasicBolt profile: total_num_tuples=5185, num_tuples=44, avg_read_time=0.018881 (75.6%), avg_process_time=0.006021 (24.1%), avg_ack_time=0.000078 (0.3%)
[2016-05-06 16:55:50,919][storm][DEBUG]BasicBolt profile: total_num_tuples=5219, num_tuples=34, avg_read_time=0.019596 (66.4%), avg_process_time=0.009845 (33.4%), avg_ack_time=0.000054 (0.2%)
[2016-05-06 16:55:51,986][storm][DEBUG]BasicBolt profile: total_num_tuples=5250, num_tuples=31, avg_read_time=0.029327 (85.2%), avg_process_time=0.005032 (14.6%), avg_ack_time=0.000054 (0.2%)
[2016-05-06 16:55:53,500][storm][DEBUG]BasicBolt profile: total_num_tuples=5279, num_tuples=29, avg_read_time=0.012839 (70.2%), avg_process_time=0.005404 (29.5%), avg_ack_time=0.000044 (0.2%)
[2016-05-06 16:55:54,518][storm][DEBUG]BasicBolt profile: total_num_tuples=5334, num_tuples=55, avg_read_time=0.002225 (12.0%), avg_process_time=0.016204 (87.7%), avg_ack_time=0.000057 (0.3%)
[2016-05-06 16:55:55,520][storm][DEBUG]BasicBolt profile: total_num_tuples=5362, num_tuples=28, avg_read_time=0.029731 (83.1%), avg_process_time=0.005983 (16.7%), avg_ack_time=0.000064 (0.2%)
[2016-05-06 16:55:56,606][storm][DEBUG]BasicBolt profile: total_num_tuples=5414, num_tuples=52, avg_read_time=0.017110 (82.0%), avg_process_time=0.003720 (17.8%), avg_ack_time=0.000041 (0.2%)
[2016-05-06 16:55:57,713][storm][DEBUG]BasicBolt profile: total_num_tuples=5447, num_tuples=33, avg_read_time=0.027449 (81.8%), avg_process_time=0.006050 (18.0%), avg_ack_time=0.000042 (0.1%)
[2016-05-06 16:55:59,077][storm][DEBUG]BasicBolt profile: total_num_tuples=5476, num_tuples=29, avg_read_time=0.040038 (85.1%), avg_process_time=0.006936 (14.7%), avg_ack_time=0.000054 (0.1%)
[2016-05-06 16:56:00,254][storm][DEBUG]BasicBolt profile: total_num_tuples=5532, num_tuples=56, avg_read_time=0.015004 (71.4%), avg_process_time=0.005937 (28.3%), avg_ack_time=0.000070 (0.3%)
[2016-05-06 16:56:01,499][storm][DEBUG]BasicBolt profile: total_num_tuples=5545, num_tuples=13, avg_read_time=0.093207 (97.4%), avg_process_time=0.002488 (2.6%), avg_ack_time=0.000033 (0.0%)
[2016-05-06 16:56:02,523][storm][DEBUG]BasicBolt profile: total_num_tuples=5587, num_tuples=42, avg_read_time=0.020150 (82.7%), avg_process_time=0.004169 (17.1%), avg_ack_time=0.000043 (0.2%)
[2016-05-06 16:56:03,544][storm][DEBUG]BasicBolt profile: total_num_tuples=5639, num_tuples=52, avg_read_time=0.014937 (76.1%), avg_process_time=0.004647 (23.7%), avg_ack_time=0.000048 (0.2%)
[2016-05-06 16:56:04,636][storm][DEBUG]BasicBolt profile: total_num_tuples=5703, num_tuples=64, avg_read_time=0.013077 (76.7%), avg_process_time=0.003930 (23.0%), avg_ack_time=0.000047 (0.3%)
[2016-05-06 16:56:05,697][storm][DEBUG]BasicBolt profile: total_num_tuples=5723, num_tuples=20, avg_read_time=0.046633 (88.0%), avg_process_time=0.006330 (11.9%), avg_ack_time=0.000044 (0.1%)
[2016-05-06 16:56:06,830][storm][DEBUG]BasicBolt profile: total_num_tuples=5787, num_tuples=64, avg_read_time=0.011759 (66.5%), avg_process_time=0.005877 (33.2%), avg_ack_time=0.000057 (0.3%)
[2016-05-06 16:56:08,189][storm][DEBUG]BasicBolt profile: total_num_tuples=5832, num_tuples=45, avg_read_time=0.025531 (84.6%), avg_process_time=0.004547 (15.1%), avg_ack_time=0.000104 (0.3%)
[2016-05-06 16:56:09,263][storm][DEBUG]BasicBolt profile: total_num_tuples=5883, num_tuples=51, avg_read_time=0.011104 (52.8%), avg_process_time=0.009883 (47.0%), avg_ack_time=0.000056 (0.3%)
[2016-05-06 16:56:10,289][storm][DEBUG]BasicBolt profile: total_num_tuples=5930, num_tuples=47, avg_read_time=0.014265 (65.4%), avg_process_time=0.007428 (34.0%), avg_ack_time=0.000134 (0.6%)
[2016-05-06 16:56:11,703][storm][DEBUG]BasicBolt profile: total_num_tuples=5991, num_tuples=61, avg_read_time=0.017414 (75.2%), avg_process_time=0.005670 (24.5%), avg_ack_time=0.000076 (0.3%)
[2016-05-06 16:56:12,839][storm][DEBUG]BasicBolt profile: total_num_tuples=6034, num_tuples=43, avg_read_time=0.019557 (74.1%), avg_process_time=0.006784 (25.7%), avg_ack_time=0.000047 (0.2%)
[2016-05-06 16:56:13,842][storm][DEBUG]BasicBolt profile: total_num_tuples=6079, num_tuples=45, avg_read_time=0.015552 (69.8%), avg_process_time=0.006674 (29.9%), avg_ack_time=0.000065 (0.3%)
[2016-05-06 16:56:14,843][storm][DEBUG]BasicBolt profile: total_num_tuples=6132, num_tuples=53, avg_read_time=0.010763 (57.0%), avg_process_time=0.008041 (42.6%), avg_ack_time=0.000073 (0.4%)
[2016-05-06 16:56:15,856][storm][DEBUG]BasicBolt profile: total_num_tuples=6200, num_tuples=68, avg_read_time=0.007511 (50.5%), avg_process_time=0.007297 (49.0%), avg_ack_time=0.000070 (0.5%)
[2016-05-06 16:56:16,998][storm][DEBUG]BasicBolt profile: total_num_tuples=6265, num_tuples=65, avg_read_time=0.011831 (67.4%), avg_process_time=0.005665 (32.3%), avg_ack_time=0.000062 (0.4%)
[2016-05-06 16:56:18,060][storm][DEBUG]BasicBolt profile: total_num_tuples=6314, num_tuples=49, avg_read_time=0.014401 (66.5%), avg_process_time=0.007180 (33.1%), avg_ack_time=0.000080 (0.4%)
[2016-05-06 16:56:19,135][storm][DEBUG]BasicBolt profile: total_num_tuples=6342, num_tuples=28, avg_read_time=0.032752 (85.3%), avg_process_time=0.005569 (14.5%), avg_ack_time=0.000058 (0.2%)
[2016-05-06 16:56:20,173][storm][DEBUG]BasicBolt profile: total_num_tuples=6385, num_tuples=43, avg_read_time=0.018046 (74.8%), avg_process_time=0.006038 (25.0%), avg_ack_time=0.000056 (0.2%)
[2016-05-06 16:56:21,253][storm][DEBUG]BasicBolt profile: total_num_tuples=6434, num_tuples=49, avg_read_time=0.015158 (68.8%), avg_process_time=0.006828 (31.0%), avg_ack_time=0.000049 (0.2%)
[2016-05-06 16:59:35,062][storm][INFO]Caught exception
[2016-05-06 16:59:35,063][storm][ERROR]Sent failure message ("E_BOLTFAILED__twowordcount__pipe-X550CC__pid__11162__port__-1__taskindex__-1__IndexError") to Storm
[2016-05-06 16:59:40,067][storm][ERROR]Caught exception in BasicBolt.run
Traceback (most recent call last):
  File "/usr/local/lib/python2.7/dist-packages/petrel-0.9.4.0.3-py2.7.egg/petrel/storm.py", line 383, in run
    self.process(tup)
  File "/home/pipe/storm-local/supervisor/stormdist/good-2-1462530265/resources/twowordcount.py", line 24, in process
    aux='GOOD'+tup.values[1]
IndexError: list index out of range
[2016-05-06 16:59:40,068][storm][ERROR]The error occurred while processing this tuple: [300]
Worker twowordcount exiting normally.
