Beginning task setup

/usr/bin/flock
Using existing venv: /tmp/petrel-good-2-1462530265/venv
Task setup took 1 seconds
Launching: python -m petrel.run threewordcount /home/pipe/twitterintel/topology/TopologyTweetTransformationGOOD/petrel11163_threewordcount.log
/usr/local/lib/python2.7/dist-packages/petrel-0.9.4.0.3-py2.7.egg/petrel/run.py invoked with the following arguments: ['threewordcount', '/home/pipe/twitterintel/topology/TopologyTweetTransformationGOOD/petrel11163_threewordcount.log']
python version: 2.7.11
user=root
PATH=/tmp/petrel-good-2-1462530265/venv/bin:/root/SimpleScalar/simplesim-3.0:/root/SimpleScalar/bin:/root/SimpleScalar/gcc-2.6.3:/root/SimpleScalar/bin:/usr/local/sbin:/usr/local/bin:/usr/sbin:/usr/bin:/sbin:/bin:/usr/games:/usr/local/games:/home/pipe/Downloads/zookeeper-3.4.8/bin:/home/pipe/Downloads/apache-storm-0.9.4/bin
LD_LIBRARY_PATH=storm-local/supervisor/stormdist/good-2-1462530265/resources/Linux-amd64:storm-local/supervisor/stormdist/good-2-1462530265/resources:/usr/local/lib:/opt/local/lib:/usr/lib
PYTHON_EGG_CACHE=/tmp/petrel-good-2-1462530265/egg_cache
[2016-05-06 16:54:47,974][storm][INFO]Tuple profiling enabled. Will log tuple processing times.
[2016-05-06 16:54:50,212][storm][INFO]Task received setupInfo from Storm: {u'pidDir': u'/home/pipe/storm-local/workers/ca155c36-2534-4ea2-9184-3596f6f23611/pids', u'conf': {u'oauth.acess_token': u' 702208758362087425-HZiyl1x7Bh98cQa1WLBDYylyu10Bpl7', u'topology.tuple.serializer': u'backtype.storm.serialization.types.ListDelegateSerializer', u'topology.workers': 1, u'drpc.worker.threads': 64, u'storm.messaging.netty.client_worker_threads': 1, u'supervisor.heartbeat.frequency.secs': 5, u'topology.executor.send.buffer.size': 1024, u'drpc.childopts': u'-Xmx768m', u'nimbus.thrift.port': 6627, u'storm.zookeeper.retry.intervalceiling.millis': 30000, u'storm.local.dir': u'storm-local', u'topology.receiver.buffer.size': 8, u'storm.zookeeper.servers': [u'localhost'], u'oauth.consumer_secret': u'ADf76fi3O1lKMzBxWnjqf93l3GHv28uar3bkblkvyBrAyoA23i', u'transactional.zookeeper.root': u'/transactional', u'drpc.request.timeout.secs': 600, u'topology.skip.missing.kryo.registrations': False, u'worker.heartbeat.frequency.secs': 1, u'zmq.hwm': 0, u'storm.zookeeper.connection.timeout': 15000, u'java.library.path': u'/usr/local/lib:/opt/local/lib:/usr/lib', u'topology.max.error.report.per.interval': 5, u'storm.messaging.netty.server_worker_threads': 1, u'storm.id': u'good-2-1462530265', u'supervisor.worker.start.timeout.secs': 120, u'zmq.threads': 1, u'topology.acker.executors': None, u'storm.messaging.netty.flush.check.interval.ms': 10, u'storm.messaging.netty.transfer.batch.size': 262144, u'topology.max.task.parallelism': None, u'topology.environment': None, u'storm.zookeeper.port': 2181, u'nimbus.childopts': u'-Xmx1024m', u'topology.classpath': None, u'worker.childopts': u'-Xmx768m', u'drpc.queue.size': 128, u'topology.multilang.serializer': u'backtype.storm.multilang.JsonSerializer', u'storm.zookeeper.retry.times': 5, u'nimbus.monitor.freq.secs': 10, u'storm.cluster.mode': u'distributed', u'dev.zookeeper.path': u'/tmp/dev-storm-zookeeper', u'drpc.invocations.port': 3773, u'topology.tasks': None, u'storm.zookeeper.root': u'/storm', u'logviewer.childopts': u'-Xmx128m', u'storm.meta.serialization.delegate': u'backtype.storm.serialization.DefaultSerializationDelegate', u'transactional.zookeeper.port': None, u'topology.worker.receiver.thread.count': 1, u'topology.worker.childopts': None, u'topology.max.spout.pending': None, u'topology.kryo.register': None, u'petrel.host': u'pipe-X550CC', u'nimbus.cleanup.inbox.freq.secs': 600, u'storm.messaging.netty.min_wait_ms': 100, u'nimbus.task.timeout.secs': 30, u'nimbus.thrift.max_buffer_size': 1048576, u'topology.sleep.spout.wait.strategy.time.ms': 1, u'nimbus.reassign': True, u'storm.messaging.transport': u'backtype.storm.messaging.netty.Context', u'logviewer.appender.name': u'A1', u'nimbus.host': u'localhost', u'ui.port': 8080, u'supervisor.slots.ports': [6700, 6701, 6702, 6703], u'nimbus.file.copy.expiration.secs': 600, u'supervisor.monitor.frequency.secs': 3, u'ui.childopts': u'-Xmx768m', u'transactional.zookeeper.servers': None, u'zmq.linger.millis': 5000, u'topology.error.throttle.interval.secs': 10, u'topology.worker.shared.thread.pool.size': 4, u'topology.executor.receive.buffer.size': 1024, u'topology.spout.wait.strategy': u'backtype.storm.spout.SleepSpoutWaitStrategy', u'task.heartbeat.frequency.secs': 3, u'topology.transfer.buffer.size': 1024, u'storm.zookeeper.session.timeout': 20000, u'storm.local.mode.zmq': False, u'topology.stats.sample.rate': 0.05, u'topology.fall.back.on.java.serialization': True, u'supervisor.childopts': u'-Xmx256m', u'topology.enable.message.timeouts': True, u'storm.messaging.netty.max_wait_ms': 1000, u'nimbus.topology.validator': u'backtype.storm.nimbus.DefaultTopologyValidator', u'nimbus.supervisor.timeout.secs': 60, u'topology.disruptor.wait.strategy': u'com.lmax.disruptor.BlockingWaitStrategy', u'storm.messaging.netty.buffer_size': 5242880, u'drpc.port': 3772, u'topology.kryo.factory': u'backtype.storm.serialization.DefaultKryoFactory', u'storm.zookeeper.retry.interval': 1000, u'storm.messaging.netty.max_retries': 300, u'topology.tick.tuple.freq.secs': 300, u'supervisor.enable': True, u'nimbus.task.launch.secs': 120, u'task.refresh.poll.secs': 10, u'topology.message.timeout.secs': 30, u'oauth.acess_token_secret': u'IiNOTfgE3tEZvW2HDQhRKPMoOLU43NXJCXk8maj51SdAT', u'petrel.user': u'root', u'nimbus.inbox.jar.expiration.secs': 3600, u'topology.state.synchronization.timeout.secs': 60, u'topology.name': u'good', u'supervisor.worker.timeout.secs': 30, u'topology.trident.batch.emit.interval.millis': 500, u'topology.builtin.metrics.bucket.size.secs': 60, u'storm.thrift.transport': u'backtype.storm.security.auth.SimpleTransportPlugin', u'logviewer.port': 8000, u'oauth.consumer_key': u'eaFmBSxUveRJfmyZYeabti9Q9', u'topology.kryo.decorators': [], u'topology.debug': False}, u'context': {u'task->component': {u'1': u'CountThreeWords', u'3': u'CountWord', u'2': u'CountTwoWords', u'5': u'ThreeWordDivider', u'4': u'KafkaConsumer', u'7': u'WordDivider', u'6': u'TwoWordDivider', u'8': u'__acker'}, u'taskid': 1}}
[2016-05-06 16:54:50,213][storm][INFO]Task sent pid to Storm
[2016-05-06 16:54:52,283][storm][DEBUG]BasicBolt profile: total_num_tuples=1, num_tuples=1, avg_read_time=0.003407 (12.4%), avg_process_time=0.023984 (87.4%), avg_ack_time=0.000049 (0.2%)
[2016-05-06 16:54:53,419][storm][DEBUG]BasicBolt profile: total_num_tuples=123, num_tuples=122, avg_read_time=0.000439 (4.7%), avg_process_time=0.007686 (82.7%), avg_ack_time=0.001166 (12.5%)
[2016-05-06 16:54:54,424][storm][DEBUG]BasicBolt profile: total_num_tuples=234, num_tuples=111, avg_read_time=0.000271 (3.0%), avg_process_time=0.008159 (90.4%), avg_ack_time=0.000596 (6.6%)
[2016-05-06 16:54:55,427][storm][DEBUG]BasicBolt profile: total_num_tuples=318, num_tuples=84, avg_read_time=0.000255 (2.1%), avg_process_time=0.011492 (96.4%), avg_ack_time=0.000168 (1.4%)
[2016-05-06 16:54:56,477][storm][DEBUG]BasicBolt profile: total_num_tuples=366, num_tuples=48, avg_read_time=0.000177 (0.8%), avg_process_time=0.020246 (92.5%), avg_ack_time=0.001457 (6.7%)
[2016-05-06 16:54:57,501][storm][DEBUG]BasicBolt profile: total_num_tuples=425, num_tuples=59, avg_read_time=0.000226 (1.3%), avg_process_time=0.015569 (91.6%), avg_ack_time=0.001210 (7.1%)
[2016-05-06 16:54:58,507][storm][DEBUG]BasicBolt profile: total_num_tuples=515, num_tuples=90, avg_read_time=0.000274 (2.5%), avg_process_time=0.010526 (94.3%), avg_ack_time=0.000365 (3.3%)
[2016-05-06 16:54:59,511][storm][DEBUG]BasicBolt profile: total_num_tuples=765, num_tuples=250, avg_read_time=0.000109 (2.7%), avg_process_time=0.003823 (95.6%), avg_ack_time=0.000067 (1.7%)
[2016-05-06 16:55:00,535][storm][DEBUG]BasicBolt profile: total_num_tuples=1054, num_tuples=289, avg_read_time=0.000054 (1.5%), avg_process_time=0.003365 (95.1%), avg_ack_time=0.000120 (3.4%)
[2016-05-06 16:55:01,545][storm][DEBUG]BasicBolt profile: total_num_tuples=1380, num_tuples=326, avg_read_time=0.000064 (2.1%), avg_process_time=0.002962 (95.9%), avg_ack_time=0.000063 (2.0%)
[2016-05-06 16:55:02,556][storm][DEBUG]BasicBolt profile: total_num_tuples=1567, num_tuples=187, avg_read_time=0.000082 (1.5%), avg_process_time=0.005200 (96.5%), avg_ack_time=0.000110 (2.0%)
[2016-05-06 16:55:03,558][storm][DEBUG]BasicBolt profile: total_num_tuples=1765, num_tuples=198, avg_read_time=0.000121 (2.4%), avg_process_time=0.004838 (95.9%), avg_ack_time=0.000088 (1.7%)
[2016-05-06 16:55:04,560][storm][DEBUG]BasicBolt profile: total_num_tuples=1970, num_tuples=205, avg_read_time=0.000057 (1.2%), avg_process_time=0.004724 (96.7%), avg_ack_time=0.000103 (2.1%)
[2016-05-06 16:55:05,561][storm][DEBUG]BasicBolt profile: total_num_tuples=2160, num_tuples=190, avg_read_time=0.000060 (1.1%), avg_process_time=0.005142 (97.7%), avg_ack_time=0.000062 (1.2%)
[2016-05-06 16:55:06,636][storm][DEBUG]BasicBolt profile: total_num_tuples=2227, num_tuples=67, avg_read_time=0.011322 (70.7%), avg_process_time=0.004644 (29.0%), avg_ack_time=0.000056 (0.3%)
[2016-05-06 16:55:07,818][storm][DEBUG]BasicBolt profile: total_num_tuples=2234, num_tuples=7, avg_read_time=0.024164 (83.9%), avg_process_time=0.004576 (15.9%), avg_ack_time=0.000050 (0.2%)
[2016-05-06 16:55:09,007][storm][DEBUG]BasicBolt profile: total_num_tuples=2277, num_tuples=43, avg_read_time=0.022295 (80.7%), avg_process_time=0.005263 (19.1%), avg_ack_time=0.000063 (0.2%)
[2016-05-06 16:55:10,045][storm][DEBUG]BasicBolt profile: total_num_tuples=2305, num_tuples=28, avg_read_time=0.029018 (78.3%), avg_process_time=0.008000 (21.6%), avg_ack_time=0.000051 (0.1%)
[2016-05-06 16:55:11,134][storm][DEBUG]BasicBolt profile: total_num_tuples=2335, num_tuples=30, avg_read_time=0.031056 (85.6%), avg_process_time=0.005167 (14.2%), avg_ack_time=0.000052 (0.1%)
[2016-05-06 16:55:12,246][storm][DEBUG]BasicBolt profile: total_num_tuples=2368, num_tuples=33, avg_read_time=0.030277 (89.8%), avg_process_time=0.003364 (10.0%), avg_ack_time=0.000064 (0.2%)
[2016-05-06 16:55:13,389][storm][DEBUG]BasicBolt profile: total_num_tuples=2385, num_tuples=17, avg_read_time=0.061812 (92.0%), avg_process_time=0.005305 (7.9%), avg_ack_time=0.000060 (0.1%)
[2016-05-06 16:55:14,465][storm][DEBUG]BasicBolt profile: total_num_tuples=2405, num_tuples=20, avg_read_time=0.049360 (91.8%), avg_process_time=0.004363 (8.1%), avg_ack_time=0.000050 (0.1%)
[2016-05-06 16:55:15,476][storm][DEBUG]BasicBolt profile: total_num_tuples=2424, num_tuples=19, avg_read_time=0.049483 (93.0%), avg_process_time=0.003700 (7.0%), avg_ack_time=0.000041 (0.1%)
[2016-05-06 16:55:16,714][storm][DEBUG]BasicBolt profile: total_num_tuples=2459, num_tuples=35, avg_read_time=0.032422 (91.7%), avg_process_time=0.002879 (8.1%), avg_ack_time=0.000044 (0.1%)
[2016-05-06 16:55:17,760][storm][DEBUG]BasicBolt profile: total_num_tuples=2482, num_tuples=23, avg_read_time=0.030406 (66.9%), avg_process_time=0.014990 (33.0%), avg_ack_time=0.000081 (0.2%)
[2016-05-06 16:55:18,846][storm][DEBUG]BasicBolt profile: total_num_tuples=2492, num_tuples=10, avg_read_time=0.021000 (19.3%), avg_process_time=0.087384 (80.5%), avg_ack_time=0.000161 (0.1%)
[2016-05-06 16:55:19,950][storm][DEBUG]BasicBolt profile: total_num_tuples=2551, num_tuples=59, avg_read_time=0.010449 (55.9%), avg_process_time=0.008163 (43.6%), avg_ack_time=0.000090 (0.5%)
[2016-05-06 16:55:20,951][storm][DEBUG]BasicBolt profile: total_num_tuples=2595, num_tuples=44, avg_read_time=0.018146 (79.9%), avg_process_time=0.004532 (19.9%), avg_ack_time=0.000046 (0.2%)
[2016-05-06 16:55:21,972][storm][DEBUG]BasicBolt profile: total_num_tuples=2631, num_tuples=36, avg_read_time=0.022682 (80.0%), avg_process_time=0.005616 (19.8%), avg_ack_time=0.000054 (0.2%)
[2016-05-06 16:55:23,985][storm][DEBUG]BasicBolt profile: total_num_tuples=2662, num_tuples=31, avg_read_time=0.028585 (86.5%), avg_process_time=0.004408 (13.3%), avg_ack_time=0.000062 (0.2%)
[2016-05-06 16:55:25,125][storm][DEBUG]BasicBolt profile: total_num_tuples=2708, num_tuples=46, avg_read_time=0.015941 (64.4%), avg_process_time=0.008618 (34.8%), avg_ack_time=0.000190 (0.8%)
[2016-05-06 16:55:26,182][storm][DEBUG]BasicBolt profile: total_num_tuples=2752, num_tuples=44, avg_read_time=0.015564 (64.8%), avg_process_time=0.008402 (35.0%), avg_ack_time=0.000052 (0.2%)
[2016-05-06 16:55:27,188][storm][DEBUG]BasicBolt profile: total_num_tuples=2788, num_tuples=36, avg_read_time=0.023278 (83.3%), avg_process_time=0.004553 (16.3%), avg_ack_time=0.000115 (0.4%)
[2016-05-06 16:55:28,278][storm][DEBUG]BasicBolt profile: total_num_tuples=2800, num_tuples=12, avg_read_time=0.084406 (92.9%), avg_process_time=0.006360 (7.0%), avg_ack_time=0.000042 (0.0%)
[2016-05-06 16:55:29,279][storm][DEBUG]BasicBolt profile: total_num_tuples=2829, num_tuples=29, avg_read_time=0.028610 (82.9%), avg_process_time=0.005817 (16.9%), avg_ack_time=0.000066 (0.2%)
[2016-05-06 16:55:30,291][storm][DEBUG]BasicBolt profile: total_num_tuples=2840, num_tuples=11, avg_read_time=0.088336 (96.1%), avg_process_time=0.003547 (3.9%), avg_ack_time=0.000044 (0.0%)
[2016-05-06 16:55:31,481][storm][DEBUG]BasicBolt profile: total_num_tuples=2875, num_tuples=35, avg_read_time=0.028550 (84.0%), avg_process_time=0.005382 (15.8%), avg_ack_time=0.000053 (0.2%)
[2016-05-06 16:55:32,715][storm][DEBUG]BasicBolt profile: total_num_tuples=2906, num_tuples=31, avg_read_time=0.034544 (86.8%), avg_process_time=0.005169 (13.0%), avg_ack_time=0.000082 (0.2%)
[2016-05-06 16:55:34,149][storm][DEBUG]BasicBolt profile: total_num_tuples=2923, num_tuples=17, avg_read_time=0.078569 (93.2%), avg_process_time=0.005721 (6.8%), avg_ack_time=0.000047 (0.1%)
[2016-05-06 16:55:35,163][storm][DEBUG]BasicBolt profile: total_num_tuples=2937, num_tuples=14, avg_read_time=0.067071 (92.6%), avg_process_time=0.005313 (7.3%), avg_ack_time=0.000056 (0.1%)
[2016-05-06 16:55:36,194][storm][DEBUG]BasicBolt profile: total_num_tuples=2947, num_tuples=10, avg_read_time=0.098241 (95.3%), avg_process_time=0.004754 (4.6%), avg_ack_time=0.000066 (0.1%)
[2016-05-06 16:55:37,359][storm][DEBUG]BasicBolt profile: total_num_tuples=2968, num_tuples=21, avg_read_time=0.046883 (84.6%), avg_process_time=0.008471 (15.3%), avg_ack_time=0.000063 (0.1%)
[2016-05-06 16:55:38,491][storm][DEBUG]BasicBolt profile: total_num_tuples=2987, num_tuples=19, avg_read_time=0.054018 (90.7%), avg_process_time=0.005489 (9.2%), avg_ack_time=0.000059 (0.1%)
[2016-05-06 16:55:39,627][storm][DEBUG]BasicBolt profile: total_num_tuples=3009, num_tuples=22, avg_read_time=0.045954 (89.0%), avg_process_time=0.005625 (10.9%), avg_ack_time=0.000058 (0.1%)
[2016-05-06 16:55:40,796][storm][DEBUG]BasicBolt profile: total_num_tuples=3046, num_tuples=37, avg_read_time=0.019607 (62.1%), avg_process_time=0.011913 (37.7%), avg_ack_time=0.000061 (0.2%)
[2016-05-06 16:55:42,125][storm][DEBUG]BasicBolt profile: total_num_tuples=3073, num_tuples=27, avg_read_time=0.043249 (87.9%), avg_process_time=0.005867 (11.9%), avg_ack_time=0.000092 (0.2%)
[2016-05-06 16:55:43,176][storm][DEBUG]BasicBolt profile: total_num_tuples=3092, num_tuples=19, avg_read_time=0.048144 (87.1%), avg_process_time=0.007063 (12.8%), avg_ack_time=0.000055 (0.1%)
[2016-05-06 16:55:44,312][storm][DEBUG]BasicBolt profile: total_num_tuples=3128, num_tuples=36, avg_read_time=0.026868 (85.2%), avg_process_time=0.004623 (14.7%), avg_ack_time=0.000046 (0.1%)
[2016-05-06 16:55:45,751][storm][DEBUG]BasicBolt profile: total_num_tuples=3156, num_tuples=28, avg_read_time=0.046701 (90.9%), avg_process_time=0.004634 (9.0%), avg_ack_time=0.000054 (0.1%)
[2016-05-06 16:55:46,829][storm][DEBUG]BasicBolt profile: total_num_tuples=3182, num_tuples=26, avg_read_time=0.037270 (89.9%), avg_process_time=0.004137 (10.0%), avg_ack_time=0.000053 (0.1%)
[2016-05-06 16:55:48,175][storm][DEBUG]BasicBolt profile: total_num_tuples=3212, num_tuples=30, avg_read_time=0.041074 (91.6%), avg_process_time=0.003712 (8.3%), avg_ack_time=0.000041 (0.1%)
[2016-05-06 16:55:49,271][storm][DEBUG]BasicBolt profile: total_num_tuples=3253, num_tuples=41, avg_read_time=0.022001 (82.3%), avg_process_time=0.004668 (17.5%), avg_ack_time=0.000061 (0.2%)
[2016-05-06 16:55:50,478][storm][DEBUG]BasicBolt profile: total_num_tuples=3276, num_tuples=23, avg_read_time=0.045421 (86.6%), avg_process_time=0.006980 (13.3%), avg_ack_time=0.000051 (0.1%)
[2016-05-06 16:55:51,656][storm][DEBUG]BasicBolt profile: total_num_tuples=3300, num_tuples=24, avg_read_time=0.036657 (74.7%), avg_process_time=0.012361 (25.2%), avg_ack_time=0.000054 (0.1%)
[2016-05-06 16:55:53,497][storm][DEBUG]BasicBolt profile: total_num_tuples=3322, num_tuples=22, avg_read_time=0.033356 (86.0%), avg_process_time=0.005364 (13.8%), avg_ack_time=0.000051 (0.1%)
[2016-05-06 16:55:54,515][storm][DEBUG]BasicBolt profile: total_num_tuples=3359, num_tuples=37, avg_read_time=0.008350 (30.4%), avg_process_time=0.018999 (69.1%), avg_ack_time=0.000153 (0.6%)
[2016-05-06 16:55:55,593][storm][DEBUG]BasicBolt profile: total_num_tuples=3380, num_tuples=21, avg_read_time=0.045244 (88.1%), avg_process_time=0.006004 (11.7%), avg_ack_time=0.000080 (0.2%)
[2016-05-06 16:55:56,605][storm][DEBUG]BasicBolt profile: total_num_tuples=3412, num_tuples=32, avg_read_time=0.027963 (88.5%), avg_process_time=0.003607 (11.4%), avg_ack_time=0.000039 (0.1%)
[2016-05-06 16:55:57,712][storm][DEBUG]BasicBolt profile: total_num_tuples=3433, num_tuples=21, avg_read_time=0.046080 (87.4%), avg_process_time=0.006573 (12.5%), avg_ack_time=0.000044 (0.1%)
[2016-05-06 16:55:59,072][storm][DEBUG]BasicBolt profile: total_num_tuples=3451, num_tuples=18, avg_read_time=0.070090 (92.8%), avg_process_time=0.005407 (7.2%), avg_ack_time=0.000045 (0.1%)
[2016-05-06 16:56:00,255][storm][DEBUG]BasicBolt profile: total_num_tuples=3487, num_tuples=36, avg_read_time=0.025308 (77.0%), avg_process_time=0.007493 (22.8%), avg_ack_time=0.000049 (0.1%)
[2016-05-06 16:56:01,498][storm][DEBUG]BasicBolt profile: total_num_tuples=3494, num_tuples=7, avg_read_time=0.174843 (98.5%), avg_process_time=0.002598 (1.5%), avg_ack_time=0.000038 (0.0%)
[2016-05-06 16:56:02,523][storm][DEBUG]BasicBolt profile: total_num_tuples=3521, num_tuples=27, avg_read_time=0.033761 (89.0%), avg_process_time=0.004121 (10.9%), avg_ack_time=0.000053 (0.1%)
[2016-05-06 16:56:03,544][storm][DEBUG]BasicBolt profile: total_num_tuples=3554, num_tuples=33, avg_read_time=0.026638 (86.1%), avg_process_time=0.004243 (13.7%), avg_ack_time=0.000050 (0.2%)
[2016-05-06 16:56:04,635][storm][DEBUG]BasicBolt profile: total_num_tuples=3595, num_tuples=41, avg_read_time=0.022744 (85.5%), avg_process_time=0.003800 (14.3%), avg_ack_time=0.000052 (0.2%)
[2016-05-06 16:56:05,690][storm][DEBUG]BasicBolt profile: total_num_tuples=3608, num_tuples=13, avg_read_time=0.075642 (93.2%), avg_process_time=0.005460 (6.7%), avg_ack_time=0.000066 (0.1%)
[2016-05-06 16:56:06,832][storm][DEBUG]BasicBolt profile: total_num_tuples=3648, num_tuples=40, avg_read_time=0.022069 (77.4%), avg_process_time=0.006403 (22.5%), avg_ack_time=0.000049 (0.2%)
[2016-05-06 16:56:08,185][storm][DEBUG]BasicBolt profile: total_num_tuples=3676, num_tuples=28, avg_read_time=0.044216 (91.5%), avg_process_time=0.004034 (8.4%), avg_ack_time=0.000056 (0.1%)
[2016-05-06 16:56:09,263][storm][DEBUG]BasicBolt profile: total_num_tuples=3709, num_tuples=33, avg_read_time=0.020093 (61.5%), avg_process_time=0.012491 (38.3%), avg_ack_time=0.000069 (0.2%)
[2016-05-06 16:56:10,310][storm][DEBUG]BasicBolt profile: total_num_tuples=3738, num_tuples=29, avg_read_time=0.031550 (87.4%), avg_process_time=0.004501 (12.5%), avg_ack_time=0.000055 (0.2%)
[2016-05-06 16:56:11,703][storm][DEBUG]BasicBolt profile: total_num_tuples=3776, num_tuples=38, avg_read_time=0.031057 (85.9%), avg_process_time=0.005018 (13.9%), avg_ack_time=0.000066 (0.2%)
[2016-05-06 16:56:12,838][storm][DEBUG]BasicBolt profile: total_num_tuples=3804, num_tuples=28, avg_read_time=0.033444 (82.5%), avg_process_time=0.007043 (17.4%), avg_ack_time=0.000048 (0.1%)
[2016-05-06 16:56:13,841][storm][DEBUG]BasicBolt profile: total_num_tuples=3833, num_tuples=29, avg_read_time=0.027839 (80.5%), avg_process_time=0.006654 (19.2%), avg_ack_time=0.000092 (0.3%)
[2016-05-06 16:56:14,891][storm][DEBUG]BasicBolt profile: total_num_tuples=3868, num_tuples=35, avg_read_time=0.022306 (74.4%), avg_process_time=0.007619 (25.4%), avg_ack_time=0.000057 (0.2%)
[2016-05-06 16:56:15,895][storm][DEBUG]BasicBolt profile: total_num_tuples=3911, num_tuples=43, avg_read_time=0.015573 (66.7%), avg_process_time=0.007704 (33.0%), avg_ack_time=0.000057 (0.2%)
[2016-05-06 16:56:16,999][storm][DEBUG]BasicBolt profile: total_num_tuples=3950, num_tuples=39, avg_read_time=0.023050 (81.5%), avg_process_time=0.005175 (18.3%), avg_ack_time=0.000059 (0.2%)
[2016-05-06 16:56:18,061][storm][DEBUG]BasicBolt profile: total_num_tuples=3982, num_tuples=32, avg_read_time=0.026659 (80.3%), avg_process_time=0.006465 (19.5%), avg_ack_time=0.000060 (0.2%)
[2016-05-06 16:56:19,142][storm][DEBUG]BasicBolt profile: total_num_tuples=4001, num_tuples=19, avg_read_time=0.050811 (89.4%), avg_process_time=0.005999 (10.6%), avg_ack_time=0.000050 (0.1%)
[2016-05-06 16:56:20,170][storm][DEBUG]BasicBolt profile: total_num_tuples=4029, num_tuples=28, avg_read_time=0.029594 (80.6%), avg_process_time=0.007083 (19.3%), avg_ack_time=0.000046 (0.1%)
[2016-05-06 16:56:21,253][storm][DEBUG]BasicBolt profile: total_num_tuples=4060, num_tuples=31, avg_read_time=0.026634 (76.3%), avg_process_time=0.008244 (23.6%), avg_ack_time=0.000046 (0.1%)
[2016-05-06 16:59:35,160][storm][INFO]Caught exception
[2016-05-06 16:59:35,160][storm][ERROR]Sent failure message ("E_BOLTFAILED__threewordcount__pipe-X550CC__pid__11163__port__-1__taskindex__-1__IndexError") to Storm
[2016-05-06 16:59:40,164][storm][ERROR]Caught exception in BasicBolt.run
Traceback (most recent call last):
  File "/usr/local/lib/python2.7/dist-packages/petrel-0.9.4.0.3-py2.7.egg/petrel/storm.py", line 383, in run
    self.process(tup)
  File "/home/pipe/storm-local/supervisor/stormdist/good-2-1462530265/resources/threewordcount.py", line 24, in process
    aux='GOOD'+tup.values[1]
IndexError: list index out of range
[2016-05-06 16:59:40,165][storm][ERROR]The error occurred while processing this tuple: [300]
Worker threewordcount exiting normally.
