Beginning task setup

/usr/bin/flock
Using existing venv: /tmp/petrel-good-2-1462530265/venv
Task setup took 0 seconds
Launching: python -m petrel.run kafkaconsumer /home/pipe/twitterintel/topology/TopologyTweetTransformationGOOD/petrel28887_kafkaconsumer.log
/usr/local/lib/python2.7/dist-packages/petrel-0.9.4.0.3-py2.7.egg/petrel/run.py invoked with the following arguments: ['kafkaconsumer', '/home/pipe/twitterintel/topology/TopologyTweetTransformationGOOD/petrel28887_kafkaconsumer.log']
python version: 2.7.11
user=root
PATH=/tmp/petrel-good-2-1462530265/venv/bin:/root/SimpleScalar/simplesim-3.0:/root/SimpleScalar/bin:/root/SimpleScalar/gcc-2.6.3:/root/SimpleScalar/bin:/usr/local/sbin:/usr/local/bin:/usr/sbin:/usr/bin:/sbin:/bin:/usr/games:/usr/local/games:/home/pipe/Downloads/zookeeper-3.4.8/bin:/home/pipe/Downloads/apache-storm-0.9.4/bin
LD_LIBRARY_PATH=storm-local/supervisor/stormdist/good-2-1462530265/resources/Linux-amd64:storm-local/supervisor/stormdist/good-2-1462530265/resources:/usr/local/lib:/opt/local/lib:/usr/lib
PYTHON_EGG_CACHE=/tmp/petrel-good-2-1462530265/egg_cache
[2016-05-06 17:12:42,448][storm][INFO]Tuple profiling enabled. Will log tuple processing times.
[2016-05-06 17:12:42,549][storm][INFO]Task received setupInfo from Storm: {u'pidDir': u'/home/pipe/storm-local/workers/f9edf05e-bdd7-41b2-99b1-ca56a2e3d4d1/pids', u'conf': {u'oauth.acess_token': u' 702208758362087425-HZiyl1x7Bh98cQa1WLBDYylyu10Bpl7', u'topology.tuple.serializer': u'backtype.storm.serialization.types.ListDelegateSerializer', u'topology.workers': 1, u'drpc.worker.threads': 64, u'storm.messaging.netty.client_worker_threads': 1, u'supervisor.heartbeat.frequency.secs': 5, u'topology.executor.send.buffer.size': 1024, u'drpc.childopts': u'-Xmx768m', u'nimbus.thrift.port': 6627, u'storm.zookeeper.retry.intervalceiling.millis': 30000, u'storm.local.dir': u'storm-local', u'topology.receiver.buffer.size': 8, u'storm.zookeeper.servers': [u'localhost'], u'oauth.consumer_secret': u'ADf76fi3O1lKMzBxWnjqf93l3GHv28uar3bkblkvyBrAyoA23i', u'transactional.zookeeper.root': u'/transactional', u'drpc.request.timeout.secs': 600, u'topology.skip.missing.kryo.registrations': False, u'worker.heartbeat.frequency.secs': 1, u'zmq.hwm': 0, u'storm.zookeeper.connection.timeout': 15000, u'java.library.path': u'/usr/local/lib:/opt/local/lib:/usr/lib', u'topology.max.error.report.per.interval': 5, u'storm.messaging.netty.server_worker_threads': 1, u'storm.id': u'good-2-1462530265', u'supervisor.worker.start.timeout.secs': 120, u'zmq.threads': 1, u'topology.acker.executors': None, u'storm.messaging.netty.flush.check.interval.ms': 10, u'storm.messaging.netty.transfer.batch.size': 262144, u'topology.max.task.parallelism': None, u'topology.environment': None, u'storm.zookeeper.port': 2181, u'nimbus.childopts': u'-Xmx1024m', u'topology.classpath': None, u'worker.childopts': u'-Xmx768m', u'drpc.queue.size': 128, u'topology.multilang.serializer': u'backtype.storm.multilang.JsonSerializer', u'storm.zookeeper.retry.times': 5, u'nimbus.monitor.freq.secs': 10, u'storm.cluster.mode': u'distributed', u'dev.zookeeper.path': u'/tmp/dev-storm-zookeeper', u'drpc.invocations.port': 3773, u'topology.tasks': None, u'storm.zookeeper.root': u'/storm', u'logviewer.childopts': u'-Xmx128m', u'storm.meta.serialization.delegate': u'backtype.storm.serialization.DefaultSerializationDelegate', u'transactional.zookeeper.port': None, u'topology.worker.receiver.thread.count': 1, u'topology.worker.childopts': None, u'topology.max.spout.pending': None, u'topology.kryo.register': None, u'petrel.host': u'pipe-X550CC', u'nimbus.cleanup.inbox.freq.secs': 600, u'storm.messaging.netty.min_wait_ms': 100, u'nimbus.task.timeout.secs': 30, u'nimbus.thrift.max_buffer_size': 1048576, u'topology.sleep.spout.wait.strategy.time.ms': 1, u'nimbus.reassign': True, u'storm.messaging.transport': u'backtype.storm.messaging.netty.Context', u'logviewer.appender.name': u'A1', u'nimbus.host': u'localhost', u'ui.port': 8080, u'supervisor.slots.ports': [6700, 6701, 6702, 6703], u'nimbus.file.copy.expiration.secs': 600, u'supervisor.monitor.frequency.secs': 3, u'ui.childopts': u'-Xmx768m', u'transactional.zookeeper.servers': None, u'zmq.linger.millis': 5000, u'topology.error.throttle.interval.secs': 10, u'topology.worker.shared.thread.pool.size': 4, u'topology.executor.receive.buffer.size': 1024, u'topology.spout.wait.strategy': u'backtype.storm.spout.SleepSpoutWaitStrategy', u'task.heartbeat.frequency.secs': 3, u'topology.transfer.buffer.size': 1024, u'storm.zookeeper.session.timeout': 20000, u'storm.local.mode.zmq': False, u'topology.stats.sample.rate': 0.05, u'topology.fall.back.on.java.serialization': True, u'supervisor.childopts': u'-Xmx256m', u'topology.enable.message.timeouts': True, u'storm.messaging.netty.max_wait_ms': 1000, u'nimbus.topology.validator': u'backtype.storm.nimbus.DefaultTopologyValidator', u'nimbus.supervisor.timeout.secs': 60, u'topology.disruptor.wait.strategy': u'com.lmax.disruptor.BlockingWaitStrategy', u'storm.messaging.netty.buffer_size': 5242880, u'drpc.port': 3772, u'topology.kryo.factory': u'backtype.storm.serialization.DefaultKryoFactory', u'storm.zookeeper.retry.interval': 1000, u'storm.messaging.netty.max_retries': 300, u'topology.tick.tuple.freq.secs': 30, u'supervisor.enable': True, u'nimbus.task.launch.secs': 120, u'task.refresh.poll.secs': 10, u'topology.message.timeout.secs': 30, u'oauth.acess_token_secret': u'IiNOTfgE3tEZvW2HDQhRKPMoOLU43NXJCXk8maj51SdAT', u'petrel.user': u'root', u'nimbus.inbox.jar.expiration.secs': 3600, u'topology.state.synchronization.timeout.secs': 60, u'topology.name': u'good', u'supervisor.worker.timeout.secs': 30, u'topology.trident.batch.emit.interval.millis': 500, u'topology.builtin.metrics.bucket.size.secs': 60, u'storm.thrift.transport': u'backtype.storm.security.auth.SimpleTransportPlugin', u'logviewer.port': 8000, u'oauth.consumer_key': u'eaFmBSxUveRJfmyZYeabti9Q9', u'topology.kryo.decorators': [], u'topology.debug': False}, u'context': {u'task->component': {u'1': u'CountThreeWords', u'3': u'CountWord', u'2': u'CountTwoWords', u'5': u'ThreeWordDivider', u'4': u'KafkaConsumer', u'7': u'WordDivider', u'6': u'TwoWordDivider', u'8': u'__acker'}, u'taskid': 4}}
[2016-05-06 17:12:42,550][storm][INFO]Task sent pid to Storm
[2016-05-06 17:12:42,724][kafka.client][INFO]Broker version identifed as 0.9
[2016-05-06 17:12:42,726][kafka.consumer.subscription_state][INFO]Updating subscribed topics to: ['goodtopic']
[2016-05-06 17:12:42,809][kafka.cluster][INFO]Group coordinator for kafka-python-default-group is BrokerMetadata(nodeId=0, host=u'pipe-X550CC', port=9092)
[2016-05-06 17:12:45,886][kafka.coordinator][INFO]Joined group 'kafka-python-default-group' (generation 91) with member_id kafka-python-1.0.2-190412bd-b7b8-41be-bc10-bf329d377003
[2016-05-06 17:12:46,122][kafka.consumer.subscription_state][INFO]Updated partition assignment: [TopicPartition(topic=u'goodtopic', partition=0)]
[2016-05-06 17:12:49,170][kafka.coordinator][INFO]Heartbeat successful
[2016-05-06 17:12:52,183][kafka.coordinator][INFO]Heartbeat successful
[2016-05-06 17:12:55,201][kafka.coordinator][INFO]Heartbeat successful
[2016-05-06 17:12:58,256][kafka.coordinator][INFO]Heartbeat successful
[2016-05-06 17:13:01,263][kafka.coordinator][INFO]Heartbeat successful
[2016-05-06 17:13:04,273][kafka.coordinator][INFO]Heartbeat successful
[2016-05-06 17:13:07,319][kafka.coordinator][INFO]Heartbeat successful
[2016-05-06 17:13:10,335][kafka.coordinator][INFO]Heartbeat successful
[2016-05-06 17:13:13,349][kafka.coordinator][INFO]Heartbeat successful
[2016-05-06 17:13:16,370][kafka.coordinator][INFO]Heartbeat successful
[2016-05-06 17:13:19,428][kafka.coordinator][INFO]Heartbeat successful
[2016-05-06 17:13:22,445][kafka.coordinator][INFO]Heartbeat successful
[2016-05-06 17:13:25,459][kafka.coordinator][INFO]Heartbeat successful
[2016-05-06 17:13:28,513][kafka.coordinator][INFO]Heartbeat successful
[2016-05-06 17:13:31,528][kafka.coordinator][INFO]Heartbeat successful
[2016-05-06 17:13:34,546][kafka.coordinator][INFO]Heartbeat successful
[2016-05-06 17:13:37,600][kafka.coordinator][INFO]Heartbeat successful
[2016-05-06 17:13:40,615][kafka.coordinator][INFO]Heartbeat successful
[2016-05-06 17:13:43,628][kafka.coordinator][INFO]Heartbeat successful
[2016-05-06 17:13:46,141][kafka.coordinator][INFO]Heartbeat successful
[2016-05-06 17:13:49,194][kafka.coordinator][INFO]Heartbeat successful
[2016-05-06 17:13:52,250][kafka.coordinator][INFO]Heartbeat successful
[2016-05-06 17:13:55,268][kafka.coordinator][INFO]Heartbeat successful
[2016-05-06 17:13:58,283][kafka.coordinator][INFO]Heartbeat successful
[2016-05-06 17:14:01,300][kafka.coordinator][INFO]Heartbeat successful
[2016-05-06 17:14:04,353][kafka.coordinator][INFO]Heartbeat successful
[2016-05-06 17:14:07,369][kafka.coordinator][INFO]Heartbeat successful
[2016-05-06 17:14:10,381][kafka.coordinator][INFO]Heartbeat successful
[2016-05-06 17:14:13,436][kafka.coordinator][INFO]Heartbeat successful
[2016-05-06 17:14:16,450][kafka.coordinator][INFO]Heartbeat successful
[2016-05-06 17:14:19,470][kafka.coordinator][INFO]Heartbeat successful
[2016-05-06 17:14:22,525][kafka.coordinator][INFO]Heartbeat successful
[2016-05-06 17:14:25,535][kafka.coordinator][INFO]Heartbeat successful
[2016-05-06 17:14:28,552][kafka.coordinator][INFO]Heartbeat successful
[2016-05-06 17:14:31,564][kafka.coordinator][INFO]Heartbeat successful
[2016-05-06 17:14:34,622][kafka.coordinator][INFO]Heartbeat successful
[2016-05-06 17:14:37,640][kafka.coordinator][INFO]Heartbeat successful
[2016-05-06 17:14:40,156][kafka.coordinator][INFO]Heartbeat successful
[2016-05-06 17:14:43,324][kafka.coordinator][INFO]Heartbeat successful
[2016-05-06 17:14:46,338][kafka.coordinator][INFO]Heartbeat successful
[2016-05-06 17:14:49,350][kafka.coordinator][INFO]Heartbeat successful
[2016-05-06 17:14:52,360][kafka.coordinator][INFO]Heartbeat successful
[2016-05-06 17:14:55,408][kafka.coordinator][INFO]Heartbeat successful
[2016-05-06 17:14:58,418][kafka.coordinator][INFO]Heartbeat successful
[2016-05-06 17:15:01,432][kafka.coordinator][INFO]Heartbeat successful
[2016-05-06 17:15:04,480][kafka.coordinator][INFO]Heartbeat successful
[2016-05-06 17:15:07,492][kafka.coordinator][INFO]Heartbeat successful
[2016-05-06 17:15:10,514][kafka.coordinator][INFO]Heartbeat successful
[2016-05-06 17:15:13,568][kafka.coordinator][INFO]Heartbeat successful
[2016-05-06 17:15:16,582][kafka.coordinator][INFO]Heartbeat successful
[2016-05-06 17:15:19,602][kafka.coordinator][INFO]Heartbeat successful
[2016-05-06 17:15:22,622][kafka.coordinator][INFO]Heartbeat successful
[2016-05-06 17:15:25,177][kafka.coordinator][INFO]Heartbeat successful
[2016-05-06 17:15:28,231][kafka.coordinator][INFO]Heartbeat successful
[2016-05-06 17:15:31,247][kafka.coordinator][INFO]Heartbeat successful
[2016-05-06 17:15:34,312][kafka.coordinator][INFO]Heartbeat successful
[2016-05-06 17:15:37,205][kafka.coordinator][INFO]Heartbeat successful
[2016-05-06 17:15:40,174][kafka.coordinator][INFO]Heartbeat successful
[2016-05-06 17:15:43,185][kafka.coordinator][INFO]Heartbeat successful
[2016-05-06 17:15:46,254][kafka.coordinator][INFO]Heartbeat successful
[2016-05-06 17:15:49,272][kafka.coordinator][INFO]Heartbeat successful
[2016-05-06 17:15:52,295][kafka.coordinator][INFO]Heartbeat successful
[2016-05-06 17:15:55,354][kafka.coordinator][INFO]Heartbeat successful
[2016-05-06 17:15:58,372][kafka.coordinator][INFO]Heartbeat successful
[2016-05-06 17:16:01,385][kafka.coordinator][INFO]Heartbeat successful
[2016-05-06 17:16:04,443][kafka.coordinator][INFO]Heartbeat successful
[2016-05-06 17:16:07,464][kafka.coordinator][INFO]Heartbeat successful
[2016-05-06 17:16:10,479][kafka.coordinator][INFO]Heartbeat successful
[2016-05-06 17:16:13,494][kafka.coordinator][INFO]Heartbeat successful
[2016-05-06 17:16:16,551][kafka.coordinator][INFO]Heartbeat successful
[2016-05-06 17:16:19,569][kafka.coordinator][INFO]Heartbeat successful
[2016-05-06 17:16:22,586][kafka.coordinator][INFO]Heartbeat successful
[2016-05-06 17:16:25,650][kafka.coordinator][INFO]Heartbeat successful
[2016-05-06 17:16:28,666][kafka.coordinator][INFO]Heartbeat successful
[2016-05-06 17:16:31,186][kafka.coordinator][INFO]Heartbeat successful
[2016-05-06 17:16:34,243][kafka.coordinator][INFO]Heartbeat successful
[2016-05-06 17:16:37,261][kafka.coordinator][INFO]Heartbeat successful
[2016-05-06 17:16:40,317][kafka.coordinator][INFO]Heartbeat successful
[2016-05-06 17:16:43,337][kafka.coordinator][INFO]Heartbeat successful
[2016-05-06 17:16:46,360][kafka.coordinator][INFO]Heartbeat successful
[2016-05-06 17:16:49,415][kafka.coordinator][INFO]Heartbeat successful
[2016-05-06 17:16:52,430][kafka.coordinator][INFO]Heartbeat successful
[2016-05-06 17:16:55,446][kafka.coordinator][INFO]Heartbeat successful
[2016-05-06 17:16:58,466][kafka.coordinator][INFO]Heartbeat successful
[2016-05-06 17:17:01,532][kafka.coordinator][INFO]Heartbeat successful
[2016-05-06 17:17:04,551][kafka.coordinator][INFO]Heartbeat successful
[2016-05-06 17:17:07,574][kafka.coordinator][INFO]Heartbeat successful
[2016-05-06 17:17:10,633][kafka.coordinator][INFO]Heartbeat successful
[2016-05-06 17:17:13,650][kafka.coordinator][INFO]Heartbeat successful
[2016-05-06 17:17:16,674][kafka.coordinator][INFO]Heartbeat successful
[2016-05-06 17:17:19,194][kafka.coordinator][INFO]Heartbeat successful
[2016-05-06 17:17:22,253][kafka.coordinator][INFO]Heartbeat successful
[2016-05-06 17:17:25,277][kafka.coordinator][INFO]Heartbeat successful
[2016-05-06 17:17:28,295][kafka.coordinator][INFO]Heartbeat successful
[2016-05-06 17:17:31,354][kafka.coordinator][INFO]Heartbeat successful
[2016-05-06 17:17:34,374][kafka.coordinator][INFO]Heartbeat successful
[2016-05-06 17:17:37,388][kafka.coordinator][INFO]Heartbeat successful
[2016-05-06 17:17:40,441][kafka.coordinator][INFO]Heartbeat successful
[2016-05-06 17:17:43,456][kafka.coordinator][INFO]Heartbeat successful
[2016-05-06 17:17:46,471][kafka.coordinator][INFO]Heartbeat successful
[2016-05-06 17:17:49,489][kafka.coordinator][INFO]Heartbeat successful
[2016-05-06 17:17:52,546][kafka.coordinator][INFO]Heartbeat successful
[2016-05-06 17:17:55,562][kafka.coordinator][INFO]Heartbeat successful
[2016-05-06 17:17:58,580][kafka.coordinator][INFO]Heartbeat successful
[2016-05-06 17:18:01,642][kafka.coordinator][INFO]Heartbeat successful
[2016-05-06 17:18:04,659][kafka.coordinator][INFO]Heartbeat successful
[2016-05-06 17:18:07,681][kafka.coordinator][INFO]Heartbeat successful
