Beginning task setup

/usr/bin/flock
Using existing venv: /tmp/petrel-good-2-1462530265/venv
Task setup took 0 seconds
Launching: python -m petrel.run mongodbcount /home/pipe/twitterintel/topology/TopologyTweetTransformationGOOD/petrel27318_mongodbcount.log
/usr/local/lib/python2.7/dist-packages/petrel-0.9.4.0.3-py2.7.egg/petrel/run.py invoked with the following arguments: ['mongodbcount', '/home/pipe/twitterintel/topology/TopologyTweetTransformationGOOD/petrel27318_mongodbcount.log']
python version: 2.7.11
user=root
PATH=/tmp/petrel-good-2-1462530265/venv/bin:/root/SimpleScalar/simplesim-3.0:/root/SimpleScalar/bin:/root/SimpleScalar/gcc-2.6.3:/root/SimpleScalar/bin:/usr/local/sbin:/usr/local/bin:/usr/sbin:/usr/bin:/sbin:/bin:/usr/games:/usr/local/games:/home/pipe/Downloads/zookeeper-3.4.8/bin:/home/pipe/Downloads/apache-storm-0.9.4/bin
LD_LIBRARY_PATH=storm-local/supervisor/stormdist/good-2-1462530265/resources/Linux-amd64:storm-local/supervisor/stormdist/good-2-1462530265/resources:/usr/local/lib:/opt/local/lib:/usr/lib
PYTHON_EGG_CACHE=/tmp/petrel-good-2-1462530265/egg_cache
[2016-05-06 16:48:52,141][storm][INFO]Tuple profiling enabled. Will log tuple processing times.
[2016-05-06 16:49:02,146][storm][INFO]Task received setupInfo from Storm: {u'pidDir': u'/home/pipe/storm-local/workers/4c90ac55-07ce-47ff-874e-f001f1159750/pids', u'conf': {u'oauth.acess_token': u' 702208758362087425-HZiyl1x7Bh98cQa1WLBDYylyu10Bpl7', u'topology.tuple.serializer': u'backtype.storm.serialization.types.ListDelegateSerializer', u'topology.workers': 1, u'drpc.worker.threads': 64, u'storm.messaging.netty.client_worker_threads': 1, u'supervisor.heartbeat.frequency.secs': 5, u'topology.executor.send.buffer.size': 1024, u'drpc.childopts': u'-Xmx768m', u'nimbus.thrift.port': 6627, u'storm.zookeeper.retry.intervalceiling.millis': 30000, u'storm.local.dir': u'storm-local', u'topology.receiver.buffer.size': 8, u'storm.zookeeper.servers': [u'localhost'], u'oauth.consumer_secret': u'ADf76fi3O1lKMzBxWnjqf93l3GHv28uar3bkblkvyBrAyoA23i', u'transactional.zookeeper.root': u'/transactional', u'drpc.request.timeout.secs': 600, u'topology.skip.missing.kryo.registrations': False, u'worker.heartbeat.frequency.secs': 1, u'zmq.hwm': 0, u'storm.zookeeper.connection.timeout': 15000, u'java.library.path': u'/usr/local/lib:/opt/local/lib:/usr/lib', u'topology.max.error.report.per.interval': 5, u'storm.messaging.netty.server_worker_threads': 1, u'storm.id': u'good-2-1462530265', u'supervisor.worker.start.timeout.secs': 120, u'zmq.threads': 1, u'topology.acker.executors': None, u'storm.messaging.netty.flush.check.interval.ms': 10, u'storm.messaging.netty.transfer.batch.size': 262144, u'topology.max.task.parallelism': None, u'topology.environment': None, u'storm.zookeeper.port': 2181, u'nimbus.childopts': u'-Xmx1024m', u'topology.classpath': None, u'worker.childopts': u'-Xmx768m', u'drpc.queue.size': 128, u'topology.multilang.serializer': u'backtype.storm.multilang.JsonSerializer', u'storm.zookeeper.retry.times': 5, u'nimbus.monitor.freq.secs': 10, u'storm.cluster.mode': u'distributed', u'dev.zookeeper.path': u'/tmp/dev-storm-zookeeper', u'drpc.invocations.port': 3773, u'topology.tasks': None, u'storm.zookeeper.root': u'/storm', u'logviewer.childopts': u'-Xmx128m', u'storm.meta.serialization.delegate': u'backtype.storm.serialization.DefaultSerializationDelegate', u'transactional.zookeeper.port': None, u'topology.worker.receiver.thread.count': 1, u'topology.worker.childopts': None, u'topology.max.spout.pending': None, u'topology.kryo.register': None, u'petrel.host': u'pipe-X550CC', u'nimbus.cleanup.inbox.freq.secs': 600, u'storm.messaging.netty.min_wait_ms': 100, u'nimbus.task.timeout.secs': 30, u'nimbus.thrift.max_buffer_size': 1048576, u'topology.sleep.spout.wait.strategy.time.ms': 1, u'nimbus.reassign': True, u'storm.messaging.transport': u'backtype.storm.messaging.netty.Context', u'logviewer.appender.name': u'A1', u'nimbus.host': u'localhost', u'ui.port': 8080, u'supervisor.slots.ports': [6700, 6701, 6702, 6703], u'nimbus.file.copy.expiration.secs': 600, u'supervisor.monitor.frequency.secs': 3, u'ui.childopts': u'-Xmx768m', u'transactional.zookeeper.servers': None, u'zmq.linger.millis': 5000, u'topology.error.throttle.interval.secs': 10, u'topology.worker.shared.thread.pool.size': 4, u'topology.executor.receive.buffer.size': 1024, u'topology.spout.wait.strategy': u'backtype.storm.spout.SleepSpoutWaitStrategy', u'task.heartbeat.frequency.secs': 3, u'topology.transfer.buffer.size': 1024, u'storm.zookeeper.session.timeout': 20000, u'storm.local.mode.zmq': False, u'topology.stats.sample.rate': 0.05, u'topology.fall.back.on.java.serialization': True, u'supervisor.childopts': u'-Xmx256m', u'topology.enable.message.timeouts': True, u'storm.messaging.netty.max_wait_ms': 1000, u'nimbus.topology.validator': u'backtype.storm.nimbus.DefaultTopologyValidator', u'nimbus.supervisor.timeout.secs': 60, u'topology.disruptor.wait.strategy': u'com.lmax.disruptor.BlockingWaitStrategy', u'storm.messaging.netty.buffer_size': 5242880, u'drpc.port': 3772, u'topology.kryo.factory': u'backtype.storm.serialization.DefaultKryoFactory', u'storm.zookeeper.retry.interval': 1000, u'storm.messaging.netty.max_retries': 300, u'topology.tick.tuple.freq.secs': None, u'supervisor.enable': True, u'nimbus.task.launch.secs': 120, u'task.refresh.poll.secs': 10, u'topology.message.timeout.secs': 30, u'oauth.acess_token_secret': u'IiNOTfgE3tEZvW2HDQhRKPMoOLU43NXJCXk8maj51SdAT', u'petrel.user': u'root', u'nimbus.inbox.jar.expiration.secs': 3600, u'topology.state.synchronization.timeout.secs': 60, u'topology.name': u'good', u'supervisor.worker.timeout.secs': 30, u'topology.trident.batch.emit.interval.millis': 500, u'topology.builtin.metrics.bucket.size.secs': 60, u'storm.thrift.transport': u'backtype.storm.security.auth.SimpleTransportPlugin', u'logviewer.port': 8000, u'oauth.consumer_key': u'eaFmBSxUveRJfmyZYeabti9Q9', u'topology.kryo.decorators': [], u'topology.debug': False}, u'context': {u'task->component': {u'1': u'CountThreeWords', u'3': u'CountWord', u'2': u'CountTwoWords', u'5': u'ThreeWordDivider', u'4': u'KafkaConsumer', u'7': u'WordDivider', u'6': u'TwoWordDivider', u'8': u'__acker'}, u'taskid': 3}}
[2016-05-06 16:49:02,147][storm][INFO]Task sent pid to Storm
[2016-05-06 16:52:34,116][storm][DEBUG]BasicBolt profile: total_num_tuples=1, num_tuples=1, avg_read_time=0.394768 (47.1%), avg_process_time=0.443698 (52.9%), avg_ack_time=0.000087 (0.0%)
[2016-05-06 16:52:53,205][storm][DEBUG]BasicBolt profile: total_num_tuples=75, num_tuples=74, avg_read_time=0.004115 (56.6%), avg_process_time=0.003111 (42.8%), avg_ack_time=0.000050 (0.7%)
[2016-05-06 16:52:54,211][storm][DEBUG]BasicBolt profile: total_num_tuples=199, num_tuples=124, avg_read_time=0.004878 (60.2%), avg_process_time=0.003148 (38.8%), avg_ack_time=0.000083 (1.0%)
[2016-05-06 16:52:55,246][storm][DEBUG]BasicBolt profile: total_num_tuples=279, num_tuples=80, avg_read_time=0.012076 (93.7%), avg_process_time=0.000746 (5.8%), avg_ack_time=0.000059 (0.5%)
[2016-05-06 16:52:56,260][storm][DEBUG]BasicBolt profile: total_num_tuples=415, num_tuples=136, avg_read_time=0.006494 (87.2%), avg_process_time=0.000913 (12.3%), avg_ack_time=0.000042 (0.6%)
[2016-05-06 16:52:57,366][storm][DEBUG]BasicBolt profile: total_num_tuples=490, num_tuples=75, avg_read_time=0.012061 (81.8%), avg_process_time=0.002619 (17.8%), avg_ack_time=0.000063 (0.4%)
[2016-05-06 16:52:58,374][storm][DEBUG]BasicBolt profile: total_num_tuples=545, num_tuples=55, avg_read_time=0.017350 (94.7%), avg_process_time=0.000898 (4.9%), avg_ack_time=0.000065 (0.4%)
[2016-05-06 16:52:59,488][storm][DEBUG]BasicBolt profile: total_num_tuples=667, num_tuples=122, avg_read_time=0.007201 (79.0%), avg_process_time=0.001873 (20.5%), avg_ack_time=0.000046 (0.5%)
[2016-05-06 16:53:00,598][storm][DEBUG]BasicBolt profile: total_num_tuples=715, num_tuples=48, avg_read_time=0.016227 (70.2%), avg_process_time=0.006850 (29.6%), avg_ack_time=0.000046 (0.2%)
[2016-05-06 16:53:02,505][storm][DEBUG]BasicBolt profile: total_num_tuples=831, num_tuples=116, avg_read_time=0.013254 (80.7%), avg_process_time=0.003114 (19.0%), avg_ack_time=0.000062 (0.4%)
[2016-05-06 16:53:03,960][storm][DEBUG]BasicBolt profile: total_num_tuples=847, num_tuples=16, avg_read_time=0.021119 (23.2%), avg_process_time=0.069698 (76.7%), avg_ack_time=0.000083 (0.1%)
[2016-05-06 16:53:05,000][storm][DEBUG]BasicBolt profile: total_num_tuples=981, num_tuples=134, avg_read_time=0.000072 (0.9%), avg_process_time=0.007537 (97.2%), avg_ack_time=0.000146 (1.9%)
[2016-05-06 16:53:06,003][storm][DEBUG]BasicBolt profile: total_num_tuples=1156, num_tuples=175, avg_read_time=0.001030 (46.5%), avg_process_time=0.001148 (51.8%), avg_ack_time=0.000039 (1.8%)
[2016-05-06 16:53:07,006][storm][DEBUG]BasicBolt profile: total_num_tuples=1301, num_tuples=145, avg_read_time=0.003549 (51.4%), avg_process_time=0.003273 (47.4%), avg_ack_time=0.000080 (1.2%)
[2016-05-06 16:53:08,028][storm][DEBUG]BasicBolt profile: total_num_tuples=1445, num_tuples=144, avg_read_time=0.005190 (73.2%), avg_process_time=0.001805 (25.5%), avg_ack_time=0.000092 (1.3%)
[2016-05-06 16:53:09,284][storm][DEBUG]BasicBolt profile: total_num_tuples=1510, num_tuples=65, avg_read_time=0.017783 (92.1%), avg_process_time=0.001450 (7.5%), avg_ack_time=0.000082 (0.4%)
[2016-05-06 16:53:10,449][storm][DEBUG]BasicBolt profile: total_num_tuples=1562, num_tuples=52, avg_read_time=0.019171 (85.6%), avg_process_time=0.003178 (14.2%), avg_ack_time=0.000054 (0.2%)
[2016-05-06 16:53:11,450][storm][DEBUG]BasicBolt profile: total_num_tuples=1641, num_tuples=79, avg_read_time=0.011396 (90.1%), avg_process_time=0.001206 (9.5%), avg_ack_time=0.000052 (0.4%)
[2016-05-06 16:53:12,462][storm][DEBUG]BasicBolt profile: total_num_tuples=1703, num_tuples=62, avg_read_time=0.014551 (89.2%), avg_process_time=0.001703 (10.4%), avg_ack_time=0.000062 (0.4%)
[2016-05-06 16:53:13,546][storm][DEBUG]BasicBolt profile: total_num_tuples=1808, num_tuples=105, avg_read_time=0.007391 (71.7%), avg_process_time=0.002843 (27.6%), avg_ack_time=0.000073 (0.7%)
[2016-05-06 16:53:14,547][storm][DEBUG]BasicBolt profile: total_num_tuples=1915, num_tuples=107, avg_read_time=0.006788 (72.6%), avg_process_time=0.002500 (26.7%), avg_ack_time=0.000062 (0.7%)
[2016-05-06 16:53:15,755][storm][DEBUG]BasicBolt profile: total_num_tuples=1981, num_tuples=66, avg_read_time=0.013002 (71.0%), avg_process_time=0.005222 (28.5%), avg_ack_time=0.000082 (0.4%)
[2016-05-06 16:53:16,968][storm][DEBUG]BasicBolt profile: total_num_tuples=2081, num_tuples=100, avg_read_time=0.008445 (69.7%), avg_process_time=0.003613 (29.8%), avg_ack_time=0.000060 (0.5%)
[2016-05-06 16:53:18,001][storm][DEBUG]BasicBolt profile: total_num_tuples=2264, num_tuples=183, avg_read_time=0.002299 (40.8%), avg_process_time=0.003291 (58.4%), avg_ack_time=0.000050 (0.9%)
[2016-05-06 16:53:19,168][storm][DEBUG]BasicBolt profile: total_num_tuples=2393, num_tuples=129, avg_read_time=0.007677 (84.9%), avg_process_time=0.001273 (14.1%), avg_ack_time=0.000089 (1.0%)
[2016-05-06 16:53:20,184][storm][DEBUG]BasicBolt profile: total_num_tuples=2570, num_tuples=177, avg_read_time=0.003759 (65.6%), avg_process_time=0.001868 (32.6%), avg_ack_time=0.000104 (1.8%)
[2016-05-06 16:53:21,189][storm][DEBUG]BasicBolt profile: total_num_tuples=2673, num_tuples=103, avg_read_time=0.008629 (88.5%), avg_process_time=0.001076 (11.0%), avg_ack_time=0.000043 (0.4%)
[2016-05-06 16:53:22,361][storm][DEBUG]BasicBolt profile: total_num_tuples=2777, num_tuples=104, avg_read_time=0.009477 (84.1%), avg_process_time=0.001727 (15.3%), avg_ack_time=0.000065 (0.6%)
[2016-05-06 16:53:23,454][storm][DEBUG]BasicBolt profile: total_num_tuples=2853, num_tuples=76, avg_read_time=0.012810 (89.1%), avg_process_time=0.001498 (10.4%), avg_ack_time=0.000063 (0.4%)
[2016-05-06 16:53:24,460][storm][DEBUG]BasicBolt profile: total_num_tuples=2954, num_tuples=101, avg_read_time=0.005069 (50.9%), avg_process_time=0.004813 (48.4%), avg_ack_time=0.000070 (0.7%)
[2016-05-06 16:53:25,672][storm][DEBUG]BasicBolt profile: total_num_tuples=3025, num_tuples=71, avg_read_time=0.014290 (83.8%), avg_process_time=0.002712 (15.9%), avg_ack_time=0.000054 (0.3%)
[2016-05-06 16:53:26,674][storm][DEBUG]BasicBolt profile: total_num_tuples=3155, num_tuples=130, avg_read_time=0.003832 (49.8%), avg_process_time=0.003735 (48.5%), avg_ack_time=0.000135 (1.8%)
[2016-05-06 16:53:27,950][storm][DEBUG]BasicBolt profile: total_num_tuples=3215, num_tuples=60, avg_read_time=0.018241 (85.8%), avg_process_time=0.002926 (13.8%), avg_ack_time=0.000082 (0.4%)
[2016-05-06 16:53:29,111][storm][DEBUG]BasicBolt profile: total_num_tuples=3304, num_tuples=89, avg_read_time=0.001465 (11.2%), avg_process_time=0.011470 (87.9%), avg_ack_time=0.000108 (0.8%)
[2016-05-06 16:53:30,124][storm][DEBUG]BasicBolt profile: total_num_tuples=3452, num_tuples=148, avg_read_time=0.004152 (60.8%), avg_process_time=0.002619 (38.3%), avg_ack_time=0.000062 (0.9%)
[2016-05-06 16:53:31,315][storm][DEBUG]BasicBolt profile: total_num_tuples=3578, num_tuples=126, avg_read_time=0.007444 (78.8%), avg_process_time=0.001959 (20.7%), avg_ack_time=0.000045 (0.5%)
[2016-05-06 16:53:32,351][storm][DEBUG]BasicBolt profile: total_num_tuples=3663, num_tuples=85, avg_read_time=0.010236 (84.0%), avg_process_time=0.001903 (15.6%), avg_ack_time=0.000044 (0.4%)
[2016-05-06 16:53:33,467][storm][DEBUG]BasicBolt profile: total_num_tuples=3755, num_tuples=92, avg_read_time=0.008774 (72.4%), avg_process_time=0.003217 (26.6%), avg_ack_time=0.000121 (1.0%)
[2016-05-06 16:53:34,581][storm][DEBUG]BasicBolt profile: total_num_tuples=3813, num_tuples=58, avg_read_time=0.017250 (89.8%), avg_process_time=0.001916 (10.0%), avg_ack_time=0.000034 (0.2%)
[2016-05-06 16:53:37,048][storm][DEBUG]BasicBolt profile: total_num_tuples=3884, num_tuples=71, avg_read_time=0.019781 (93.9%), avg_process_time=0.001233 (5.9%), avg_ack_time=0.000056 (0.3%)
[2016-05-06 16:53:38,167][storm][DEBUG]BasicBolt profile: total_num_tuples=4129, num_tuples=245, avg_read_time=0.002589 (56.8%), avg_process_time=0.001846 (40.5%), avg_ack_time=0.000125 (2.7%)
[2016-05-06 16:53:39,173][storm][DEBUG]BasicBolt profile: total_num_tuples=4301, num_tuples=172, avg_read_time=0.004145 (71.0%), avg_process_time=0.001603 (27.5%), avg_ack_time=0.000091 (1.6%)
[2016-05-06 16:53:40,206][storm][DEBUG]BasicBolt profile: total_num_tuples=4373, num_tuples=72, avg_read_time=0.013086 (91.2%), avg_process_time=0.001221 (8.5%), avg_ack_time=0.000044 (0.3%)
[2016-05-06 16:53:41,491][storm][DEBUG]BasicBolt profile: total_num_tuples=4480, num_tuples=107, avg_read_time=0.010041 (83.7%), avg_process_time=0.001910 (15.9%), avg_ack_time=0.000041 (0.3%)
[2016-05-06 16:53:42,492][storm][DEBUG]BasicBolt profile: total_num_tuples=4625, num_tuples=145, avg_read_time=0.005273 (76.5%), avg_process_time=0.001530 (22.2%), avg_ack_time=0.000089 (1.3%)
[2016-05-06 16:53:43,586][storm][DEBUG]BasicBolt profile: total_num_tuples=4735, num_tuples=110, avg_read_time=0.008108 (81.6%), avg_process_time=0.001778 (17.9%), avg_ack_time=0.000050 (0.5%)
[2016-05-06 16:53:45,384][storm][DEBUG]BasicBolt profile: total_num_tuples=4815, num_tuples=80, avg_read_time=0.021357 (95.0%), avg_process_time=0.001074 (4.8%), avg_ack_time=0.000043 (0.2%)
[2016-05-06 16:53:46,405][storm][DEBUG]BasicBolt profile: total_num_tuples=4962, num_tuples=147, avg_read_time=0.003774 (54.5%), avg_process_time=0.003068 (44.3%), avg_ack_time=0.000088 (1.3%)
[2016-05-06 16:53:46,691][storm][INFO]Caught exception
[2016-05-06 16:53:46,691][storm][ERROR]Sent failure message ("E_BOLTFAILED__mongodbcount__pipe-X550CC__pid__27318__port__-1__taskindex__-1__StormIPCException") to Storm
[2016-05-06 16:53:51,696][storm][ERROR]Caught exception in BasicBolt.run
Traceback (most recent call last):
  File "/usr/local/lib/python2.7/dist-packages/petrel-0.9.4.0.3-py2.7.egg/petrel/storm.py", line 377, in run
    tup = readTuple()
  File "/usr/local/lib/python2.7/dist-packages/petrel-0.9.4.0.3-py2.7.egg/petrel/storm.py", line 81, in readTuple
    cmd = readCommand()
  File "/usr/local/lib/python2.7/dist-packages/petrel-0.9.4.0.3-py2.7.egg/petrel/storm.py", line 74, in readCommand
    msg = readMsg()
  File "/usr/local/lib/python2.7/dist-packages/petrel-0.9.4.0.3-py2.7.egg/petrel/storm.py", line 45, in readMsg
    raise StormIPCException('Read EOF from stdin')
StormIPCException: Read EOF from stdin
[2016-05-06 16:53:51,696][storm][ERROR]The error occurred while processing this tuple: [u'unusually', u'1']
Worker mongodbcount exiting normally.
