Beginning task setup

/usr/bin/flock
Using existing venv: /tmp/petrel-good-2-1462530265/venv
Task setup took 1 seconds
Launching: python -m petrel.run twoworddivider /home/pipe/twitterintel/topology/TopologyTweetTransformationGOOD/petrel11166_twoworddivider.log
/usr/local/lib/python2.7/dist-packages/petrel-0.9.4.0.3-py2.7.egg/petrel/run.py invoked with the following arguments: ['twoworddivider', '/home/pipe/twitterintel/topology/TopologyTweetTransformationGOOD/petrel11166_twoworddivider.log']
python version: 2.7.11
user=root
PATH=/tmp/petrel-good-2-1462530265/venv/bin:/root/SimpleScalar/simplesim-3.0:/root/SimpleScalar/bin:/root/SimpleScalar/gcc-2.6.3:/root/SimpleScalar/bin:/usr/local/sbin:/usr/local/bin:/usr/sbin:/usr/bin:/sbin:/bin:/usr/games:/usr/local/games:/home/pipe/Downloads/zookeeper-3.4.8/bin:/home/pipe/Downloads/apache-storm-0.9.4/bin
LD_LIBRARY_PATH=storm-local/supervisor/stormdist/good-2-1462530265/resources/Linux-amd64:storm-local/supervisor/stormdist/good-2-1462530265/resources:/usr/local/lib:/opt/local/lib:/usr/lib
PYTHON_EGG_CACHE=/tmp/petrel-good-2-1462530265/egg_cache
[2016-05-06 16:54:50,514][storm][INFO]Tuple profiling enabled. Will log tuple processing times.
[2016-05-06 16:54:50,862][storm][INFO]Task received setupInfo from Storm: {u'pidDir': u'/home/pipe/storm-local/workers/ca155c36-2534-4ea2-9184-3596f6f23611/pids', u'conf': {u'oauth.acess_token': u' 702208758362087425-HZiyl1x7Bh98cQa1WLBDYylyu10Bpl7', u'topology.tuple.serializer': u'backtype.storm.serialization.types.ListDelegateSerializer', u'topology.workers': 1, u'drpc.worker.threads': 64, u'storm.messaging.netty.client_worker_threads': 1, u'supervisor.heartbeat.frequency.secs': 5, u'topology.executor.send.buffer.size': 1024, u'drpc.childopts': u'-Xmx768m', u'nimbus.thrift.port': 6627, u'storm.zookeeper.retry.intervalceiling.millis': 30000, u'storm.local.dir': u'storm-local', u'topology.receiver.buffer.size': 8, u'storm.zookeeper.servers': [u'localhost'], u'oauth.consumer_secret': u'ADf76fi3O1lKMzBxWnjqf93l3GHv28uar3bkblkvyBrAyoA23i', u'transactional.zookeeper.root': u'/transactional', u'drpc.request.timeout.secs': 600, u'topology.skip.missing.kryo.registrations': False, u'worker.heartbeat.frequency.secs': 1, u'zmq.hwm': 0, u'storm.zookeeper.connection.timeout': 15000, u'java.library.path': u'/usr/local/lib:/opt/local/lib:/usr/lib', u'topology.max.error.report.per.interval': 5, u'storm.messaging.netty.server_worker_threads': 1, u'storm.id': u'good-2-1462530265', u'supervisor.worker.start.timeout.secs': 120, u'zmq.threads': 1, u'topology.acker.executors': None, u'storm.messaging.netty.flush.check.interval.ms': 10, u'storm.messaging.netty.transfer.batch.size': 262144, u'topology.max.task.parallelism': None, u'topology.environment': None, u'storm.zookeeper.port': 2181, u'nimbus.childopts': u'-Xmx1024m', u'topology.classpath': None, u'worker.childopts': u'-Xmx768m', u'drpc.queue.size': 128, u'topology.multilang.serializer': u'backtype.storm.multilang.JsonSerializer', u'storm.zookeeper.retry.times': 5, u'nimbus.monitor.freq.secs': 10, u'storm.cluster.mode': u'distributed', u'dev.zookeeper.path': u'/tmp/dev-storm-zookeeper', u'drpc.invocations.port': 3773, u'topology.tasks': None, u'storm.zookeeper.root': u'/storm', u'logviewer.childopts': u'-Xmx128m', u'storm.meta.serialization.delegate': u'backtype.storm.serialization.DefaultSerializationDelegate', u'transactional.zookeeper.port': None, u'topology.worker.receiver.thread.count': 1, u'topology.worker.childopts': None, u'topology.max.spout.pending': None, u'topology.kryo.register': None, u'petrel.host': u'pipe-X550CC', u'nimbus.cleanup.inbox.freq.secs': 600, u'storm.messaging.netty.min_wait_ms': 100, u'nimbus.task.timeout.secs': 30, u'nimbus.thrift.max_buffer_size': 1048576, u'topology.sleep.spout.wait.strategy.time.ms': 1, u'nimbus.reassign': True, u'storm.messaging.transport': u'backtype.storm.messaging.netty.Context', u'logviewer.appender.name': u'A1', u'nimbus.host': u'localhost', u'ui.port': 8080, u'supervisor.slots.ports': [6700, 6701, 6702, 6703], u'nimbus.file.copy.expiration.secs': 600, u'supervisor.monitor.frequency.secs': 3, u'ui.childopts': u'-Xmx768m', u'transactional.zookeeper.servers': None, u'zmq.linger.millis': 5000, u'topology.error.throttle.interval.secs': 10, u'topology.worker.shared.thread.pool.size': 4, u'topology.executor.receive.buffer.size': 1024, u'topology.spout.wait.strategy': u'backtype.storm.spout.SleepSpoutWaitStrategy', u'task.heartbeat.frequency.secs': 3, u'topology.transfer.buffer.size': 1024, u'storm.zookeeper.session.timeout': 20000, u'storm.local.mode.zmq': False, u'topology.stats.sample.rate': 0.05, u'topology.fall.back.on.java.serialization': True, u'supervisor.childopts': u'-Xmx256m', u'topology.enable.message.timeouts': True, u'storm.messaging.netty.max_wait_ms': 1000, u'nimbus.topology.validator': u'backtype.storm.nimbus.DefaultTopologyValidator', u'nimbus.supervisor.timeout.secs': 60, u'topology.disruptor.wait.strategy': u'com.lmax.disruptor.BlockingWaitStrategy', u'storm.messaging.netty.buffer_size': 5242880, u'drpc.port': 3772, u'topology.kryo.factory': u'backtype.storm.serialization.DefaultKryoFactory', u'storm.zookeeper.retry.interval': 1000, u'storm.messaging.netty.max_retries': 300, u'topology.tick.tuple.freq.secs': None, u'supervisor.enable': True, u'nimbus.task.launch.secs': 120, u'task.refresh.poll.secs': 10, u'topology.message.timeout.secs': 30, u'oauth.acess_token_secret': u'IiNOTfgE3tEZvW2HDQhRKPMoOLU43NXJCXk8maj51SdAT', u'petrel.user': u'root', u'nimbus.inbox.jar.expiration.secs': 3600, u'topology.state.synchronization.timeout.secs': 60, u'topology.name': u'good', u'supervisor.worker.timeout.secs': 30, u'topology.trident.batch.emit.interval.millis': 500, u'topology.builtin.metrics.bucket.size.secs': 60, u'storm.thrift.transport': u'backtype.storm.security.auth.SimpleTransportPlugin', u'logviewer.port': 8000, u'oauth.consumer_key': u'eaFmBSxUveRJfmyZYeabti9Q9', u'topology.kryo.decorators': [], u'topology.debug': False}, u'context': {u'task->component': {u'1': u'CountThreeWords', u'3': u'CountWord', u'2': u'CountTwoWords', u'5': u'ThreeWordDivider', u'4': u'KafkaConsumer', u'7': u'WordDivider', u'6': u'TwoWordDivider', u'8': u'__acker'}, u'taskid': 6}}
[2016-05-06 16:54:50,863][storm][INFO]Task sent pid to Storm
[2016-05-06 16:54:52,163][storm][DEBUG]BasicBolt profile: total_num_tuples=1, num_tuples=1, avg_read_time=0.233325 (78.2%), avg_process_time=0.065035 (21.8%), avg_ack_time=0.000023 (0.0%)
[2016-05-06 16:54:53,172][storm][DEBUG]BasicBolt profile: total_num_tuples=156, num_tuples=155, avg_read_time=0.000328 (5.0%), avg_process_time=0.005952 (91.5%), avg_ack_time=0.000223 (3.4%)
[2016-05-06 16:54:54,177][storm][DEBUG]BasicBolt profile: total_num_tuples=294, num_tuples=138, avg_read_time=0.001404 (19.7%), avg_process_time=0.005607 (78.7%), avg_ack_time=0.000117 (1.6%)
[2016-05-06 16:54:55,198][storm][DEBUG]BasicBolt profile: total_num_tuples=478, num_tuples=184, avg_read_time=0.001182 (21.3%), avg_process_time=0.004211 (76.1%), avg_ack_time=0.000144 (2.6%)
[2016-05-06 16:54:56,213][storm][DEBUG]BasicBolt profile: total_num_tuples=555, num_tuples=77, avg_read_time=0.007091 (53.8%), avg_process_time=0.005670 (43.1%), avg_ack_time=0.000408 (3.1%)
[2016-05-06 16:54:57,221][storm][DEBUG]BasicBolt profile: total_num_tuples=640, num_tuples=85, avg_read_time=0.003926 (33.1%), avg_process_time=0.007559 (63.8%), avg_ack_time=0.000364 (3.1%)
[2016-05-06 16:54:58,257][storm][DEBUG]BasicBolt profile: total_num_tuples=690, num_tuples=50, avg_read_time=0.013247 (64.1%), avg_process_time=0.007290 (35.3%), avg_ack_time=0.000128 (0.6%)
[2016-05-06 16:54:59,427][storm][DEBUG]BasicBolt profile: total_num_tuples=700, num_tuples=10, avg_read_time=0.116218 (99.3%), avg_process_time=0.000752 (0.6%), avg_ack_time=0.000021 (0.0%)
[2016-05-06 16:55:00,463][storm][DEBUG]BasicBolt profile: total_num_tuples=706, num_tuples=6, avg_read_time=0.171792 (99.5%), avg_process_time=0.000787 (0.5%), avg_ack_time=0.000022 (0.0%)
[2016-05-06 16:55:01,736][storm][DEBUG]BasicBolt profile: total_num_tuples=717, num_tuples=11, avg_read_time=0.114321 (98.9%), avg_process_time=0.001276 (1.1%), avg_ack_time=0.000025 (0.0%)
[2016-05-06 16:55:02,753][storm][DEBUG]BasicBolt profile: total_num_tuples=728, num_tuples=11, avg_read_time=0.091215 (98.7%), avg_process_time=0.001201 (1.3%), avg_ack_time=0.000020 (0.0%)
[2016-05-06 16:55:03,845][storm][DEBUG]BasicBolt profile: total_num_tuples=732, num_tuples=4, avg_read_time=0.272315 (99.7%), avg_process_time=0.000761 (0.3%), avg_ack_time=0.000020 (0.0%)
[2016-05-06 16:55:04,986][storm][DEBUG]BasicBolt profile: total_num_tuples=743, num_tuples=11, avg_read_time=0.102211 (98.7%), avg_process_time=0.001317 (1.3%), avg_ack_time=0.000022 (0.0%)
[2016-05-06 16:55:06,035][storm][DEBUG]BasicBolt profile: total_num_tuples=754, num_tuples=11, avg_read_time=0.094095 (98.7%), avg_process_time=0.001182 (1.2%), avg_ack_time=0.000034 (0.0%)
[2016-05-06 16:55:07,812][storm][DEBUG]BasicBolt profile: total_num_tuples=761, num_tuples=7, avg_read_time=0.110100 (98.8%), avg_process_time=0.001261 (1.1%), avg_ack_time=0.000022 (0.0%)
[2016-05-06 16:55:09,011][storm][DEBUG]BasicBolt profile: total_num_tuples=775, num_tuples=14, avg_read_time=0.081744 (95.5%), avg_process_time=0.003856 (4.5%), avg_ack_time=0.000038 (0.0%)
[2016-05-06 16:55:10,040][storm][DEBUG]BasicBolt profile: total_num_tuples=787, num_tuples=12, avg_read_time=0.084966 (99.2%), avg_process_time=0.000699 (0.8%), avg_ack_time=0.000022 (0.0%)
[2016-05-06 16:55:11,124][storm][DEBUG]BasicBolt profile: total_num_tuples=798, num_tuples=11, avg_read_time=0.097413 (98.9%), avg_process_time=0.001030 (1.0%), avg_ack_time=0.000023 (0.0%)
[2016-05-06 16:55:12,242][storm][DEBUG]BasicBolt profile: total_num_tuples=808, num_tuples=10, avg_read_time=0.110677 (99.0%), avg_process_time=0.001018 (0.9%), avg_ack_time=0.000086 (0.1%)
[2016-05-06 16:55:13,388][storm][DEBUG]BasicBolt profile: total_num_tuples=815, num_tuples=7, avg_read_time=0.162603 (99.4%), avg_process_time=0.001023 (0.6%), avg_ack_time=0.000022 (0.0%)
[2016-05-06 16:55:14,459][storm][DEBUG]BasicBolt profile: total_num_tuples=822, num_tuples=7, avg_read_time=0.152052 (99.4%), avg_process_time=0.000971 (0.6%), avg_ack_time=0.000019 (0.0%)
[2016-05-06 16:55:15,474][storm][DEBUG]BasicBolt profile: total_num_tuples=828, num_tuples=6, avg_read_time=0.168106 (99.4%), avg_process_time=0.000986 (0.6%), avg_ack_time=0.000019 (0.0%)
[2016-05-06 16:55:16,707][storm][DEBUG]BasicBolt profile: total_num_tuples=840, num_tuples=12, avg_read_time=0.101866 (99.1%), avg_process_time=0.000868 (0.8%), avg_ack_time=0.000021 (0.0%)
[2016-05-06 16:55:17,745][storm][DEBUG]BasicBolt profile: total_num_tuples=848, num_tuples=8, avg_read_time=0.128757 (99.3%), avg_process_time=0.000912 (0.7%), avg_ack_time=0.000021 (0.0%)
[2016-05-06 16:55:18,829][storm][DEBUG]BasicBolt profile: total_num_tuples=851, num_tuples=3, avg_read_time=0.359067 (99.4%), avg_process_time=0.002017 (0.6%), avg_ack_time=0.000027 (0.0%)
[2016-05-06 16:55:19,961][storm][DEBUG]BasicBolt profile: total_num_tuples=871, num_tuples=20, avg_read_time=0.055690 (98.4%), avg_process_time=0.000902 (1.6%), avg_ack_time=0.000021 (0.0%)
[2016-05-06 16:55:21,157][storm][DEBUG]BasicBolt profile: total_num_tuples=884, num_tuples=13, avg_read_time=0.090251 (98.3%), avg_process_time=0.001501 (1.6%), avg_ack_time=0.000025 (0.0%)
[2016-05-06 16:55:22,464][storm][DEBUG]BasicBolt profile: total_num_tuples=899, num_tuples=15, avg_read_time=0.086032 (98.8%), avg_process_time=0.001042 (1.2%), avg_ack_time=0.000021 (0.0%)
[2016-05-06 16:55:23,985][storm][DEBUG]BasicBolt profile: total_num_tuples=904, num_tuples=5, avg_read_time=0.103112 (98.8%), avg_process_time=0.001259 (1.2%), avg_ack_time=0.000043 (0.0%)
[2016-05-06 16:55:25,122][storm][DEBUG]BasicBolt profile: total_num_tuples=919, num_tuples=15, avg_read_time=0.074696 (98.6%), avg_process_time=0.001043 (1.4%), avg_ack_time=0.000023 (0.0%)
[2016-05-06 16:55:26,176][storm][DEBUG]BasicBolt profile: total_num_tuples=931, num_tuples=12, avg_read_time=0.086507 (98.5%), avg_process_time=0.001300 (1.5%), avg_ack_time=0.000023 (0.0%)
[2016-05-06 16:55:27,913][storm][DEBUG]BasicBolt profile: total_num_tuples=943, num_tuples=12, avg_read_time=0.143652 (99.3%), avg_process_time=0.001007 (0.7%), avg_ack_time=0.000026 (0.0%)
[2016-05-06 16:55:29,086][storm][DEBUG]BasicBolt profile: total_num_tuples=952, num_tuples=9, avg_read_time=0.128877 (98.9%), avg_process_time=0.001382 (1.1%), avg_ack_time=0.000023 (0.0%)
[2016-05-06 16:55:30,278][storm][DEBUG]BasicBolt profile: total_num_tuples=959, num_tuples=7, avg_read_time=0.168301 (98.8%), avg_process_time=0.001989 (1.2%), avg_ack_time=0.000029 (0.0%)
[2016-05-06 16:55:31,476][storm][DEBUG]BasicBolt profile: total_num_tuples=971, num_tuples=12, avg_read_time=0.098820 (99.1%), avg_process_time=0.000913 (0.9%), avg_ack_time=0.000021 (0.0%)
[2016-05-06 16:55:32,707][storm][DEBUG]BasicBolt profile: total_num_tuples=982, num_tuples=11, avg_read_time=0.110906 (99.1%), avg_process_time=0.000978 (0.9%), avg_ack_time=0.000022 (0.0%)
[2016-05-06 16:55:34,134][storm][DEBUG]BasicBolt profile: total_num_tuples=988, num_tuples=6, avg_read_time=0.236740 (99.6%), avg_process_time=0.000951 (0.4%), avg_ack_time=0.000023 (0.0%)
[2016-05-06 16:55:35,162][storm][DEBUG]BasicBolt profile: total_num_tuples=992, num_tuples=4, avg_read_time=0.256274 (99.7%), avg_process_time=0.000790 (0.3%), avg_ack_time=0.000022 (0.0%)
[2016-05-06 16:55:36,188][storm][DEBUG]BasicBolt profile: total_num_tuples=996, num_tuples=4, avg_read_time=0.254852 (99.5%), avg_process_time=0.001150 (0.4%), avg_ack_time=0.000026 (0.0%)
[2016-05-06 16:55:37,343][storm][DEBUG]BasicBolt profile: total_num_tuples=1002, num_tuples=6, avg_read_time=0.191049 (99.3%), avg_process_time=0.001351 (0.7%), avg_ack_time=0.000031 (0.0%)
[2016-05-06 16:55:38,486][storm][DEBUG]BasicBolt profile: total_num_tuples=1009, num_tuples=7, avg_read_time=0.162488 (99.5%), avg_process_time=0.000777 (0.5%), avg_ack_time=0.000021 (0.0%)
[2016-05-06 16:55:39,622][storm][DEBUG]BasicBolt profile: total_num_tuples=1017, num_tuples=8, avg_read_time=0.140595 (99.0%), avg_process_time=0.001363 (1.0%), avg_ack_time=0.000033 (0.0%)
[2016-05-06 16:55:40,856][storm][DEBUG]BasicBolt profile: total_num_tuples=1029, num_tuples=12, avg_read_time=0.101787 (99.1%), avg_process_time=0.000946 (0.9%), avg_ack_time=0.000026 (0.0%)
[2016-05-06 16:55:42,088][storm][DEBUG]BasicBolt profile: total_num_tuples=1037, num_tuples=8, avg_read_time=0.153108 (99.6%), avg_process_time=0.000619 (0.4%), avg_ack_time=0.000020 (0.0%)
[2016-05-06 16:55:43,170][storm][DEBUG]BasicBolt profile: total_num_tuples=1044, num_tuples=7, avg_read_time=0.152931 (99.0%), avg_process_time=0.001526 (1.0%), avg_ack_time=0.000053 (0.0%)
[2016-05-06 16:55:44,309][storm][DEBUG]BasicBolt profile: total_num_tuples=1055, num_tuples=11, avg_read_time=0.102264 (98.8%), avg_process_time=0.001242 (1.2%), avg_ack_time=0.000027 (0.0%)
[2016-05-06 16:55:45,747][storm][DEBUG]BasicBolt profile: total_num_tuples=1065, num_tuples=10, avg_read_time=0.142876 (99.4%), avg_process_time=0.000839 (0.6%), avg_ack_time=0.000022 (0.0%)
[2016-05-06 16:55:46,823][storm][DEBUG]BasicBolt profile: total_num_tuples=1073, num_tuples=8, avg_read_time=0.133657 (99.3%), avg_process_time=0.000862 (0.6%), avg_ack_time=0.000018 (0.0%)
[2016-05-06 16:55:48,172][storm][DEBUG]BasicBolt profile: total_num_tuples=1082, num_tuples=9, avg_read_time=0.147451 (98.4%), avg_process_time=0.002320 (1.5%), avg_ack_time=0.000030 (0.0%)
[2016-05-06 16:55:49,263][storm][DEBUG]BasicBolt profile: total_num_tuples=1094, num_tuples=12, avg_read_time=0.089843 (98.8%), avg_process_time=0.001038 (1.1%), avg_ack_time=0.000022 (0.0%)
[2016-05-06 16:55:50,465][storm][DEBUG]BasicBolt profile: total_num_tuples=1101, num_tuples=7, avg_read_time=0.170631 (99.4%), avg_process_time=0.001003 (0.6%), avg_ack_time=0.000021 (0.0%)
[2016-05-06 16:55:51,643][storm][DEBUG]BasicBolt profile: total_num_tuples=1108, num_tuples=7, avg_read_time=0.167153 (99.4%), avg_process_time=0.001008 (0.6%), avg_ack_time=0.000026 (0.0%)
[2016-05-06 16:55:53,496][storm][DEBUG]BasicBolt profile: total_num_tuples=1116, num_tuples=8, avg_read_time=0.105204 (98.6%), avg_process_time=0.001445 (1.4%), avg_ack_time=0.000026 (0.0%)
[2016-05-06 16:55:54,507][storm][DEBUG]BasicBolt profile: total_num_tuples=1126, num_tuples=10, avg_read_time=0.098981 (98.0%), avg_process_time=0.001994 (2.0%), avg_ack_time=0.000037 (0.0%)
[2016-05-06 16:55:55,587][storm][DEBUG]BasicBolt profile: total_num_tuples=1132, num_tuples=6, avg_read_time=0.177671 (98.8%), avg_process_time=0.002148 (1.2%), avg_ack_time=0.000029 (0.0%)
[2016-05-06 16:55:56,604][storm][DEBUG]BasicBolt profile: total_num_tuples=1141, num_tuples=9, avg_read_time=0.112035 (99.2%), avg_process_time=0.000933 (0.8%), avg_ack_time=0.000020 (0.0%)
[2016-05-06 16:55:57,710][storm][DEBUG]BasicBolt profile: total_num_tuples=1149, num_tuples=8, avg_read_time=0.137244 (99.3%), avg_process_time=0.000972 (0.7%), avg_ack_time=0.000027 (0.0%)
[2016-05-06 16:55:59,057][storm][DEBUG]BasicBolt profile: total_num_tuples=1156, num_tuples=7, avg_read_time=0.191521 (99.6%), avg_process_time=0.000785 (0.4%), avg_ack_time=0.000025 (0.0%)
[2016-05-06 16:56:00,249][storm][DEBUG]BasicBolt profile: total_num_tuples=1169, num_tuples=13, avg_read_time=0.090820 (99.0%), avg_process_time=0.000872 (1.0%), avg_ack_time=0.000035 (0.0%)
[2016-05-06 16:56:01,490][storm][DEBUG]BasicBolt profile: total_num_tuples=1172, num_tuples=3, avg_read_time=0.412706 (99.8%), avg_process_time=0.000823 (0.2%), avg_ack_time=0.000020 (0.0%)
[2016-05-06 16:56:02,512][storm][DEBUG]BasicBolt profile: total_num_tuples=1181, num_tuples=9, avg_read_time=0.112581 (99.3%), avg_process_time=0.000806 (0.7%), avg_ack_time=0.000023 (0.0%)
[2016-05-06 16:56:03,542][storm][DEBUG]BasicBolt profile: total_num_tuples=1195, num_tuples=14, avg_read_time=0.071737 (97.5%), avg_process_time=0.001774 (2.4%), avg_ack_time=0.000052 (0.1%)
[2016-05-06 16:56:04,627][storm][DEBUG]BasicBolt profile: total_num_tuples=1210, num_tuples=15, avg_read_time=0.071155 (98.4%), avg_process_time=0.001126 (1.6%), avg_ack_time=0.000029 (0.0%)
[2016-05-06 16:56:05,684][storm][DEBUG]BasicBolt profile: total_num_tuples=1214, num_tuples=4, avg_read_time=0.262714 (99.5%), avg_process_time=0.001383 (0.5%), avg_ack_time=0.000033 (0.0%)
[2016-05-06 16:56:06,828][storm][DEBUG]BasicBolt profile: total_num_tuples=1227, num_tuples=13, avg_read_time=0.087159 (99.0%), avg_process_time=0.000823 (0.9%), avg_ack_time=0.000020 (0.0%)
[2016-05-06 16:56:08,179][storm][DEBUG]BasicBolt profile: total_num_tuples=1238, num_tuples=11, avg_read_time=0.121805 (99.2%), avg_process_time=0.000978 (0.8%), avg_ack_time=0.000020 (0.0%)
[2016-05-06 16:56:09,208][storm][DEBUG]BasicBolt profile: total_num_tuples=1251, num_tuples=13, avg_read_time=0.078126 (98.8%), avg_process_time=0.000955 (1.2%), avg_ack_time=0.000027 (0.0%)
[2016-05-06 16:56:10,293][storm][DEBUG]BasicBolt profile: total_num_tuples=1262, num_tuples=11, avg_read_time=0.097684 (99.0%), avg_process_time=0.000935 (0.9%), avg_ack_time=0.000028 (0.0%)
[2016-05-06 16:56:11,701][storm][DEBUG]BasicBolt profile: total_num_tuples=1275, num_tuples=13, avg_read_time=0.107032 (98.8%), avg_process_time=0.001219 (1.1%), avg_ack_time=0.000027 (0.0%)
[2016-05-06 16:56:12,834][storm][DEBUG]BasicBolt profile: total_num_tuples=1284, num_tuples=9, avg_read_time=0.124989 (99.4%), avg_process_time=0.000757 (0.6%), avg_ack_time=0.000025 (0.0%)
[2016-05-06 16:56:13,834][storm][DEBUG]BasicBolt profile: total_num_tuples=1297, num_tuples=13, avg_read_time=0.076141 (99.0%), avg_process_time=0.000778 (1.0%), avg_ack_time=0.000022 (0.0%)
[2016-05-06 16:56:14,878][storm][DEBUG]BasicBolt profile: total_num_tuples=1308, num_tuples=11, avg_read_time=0.093856 (98.9%), avg_process_time=0.000898 (0.9%), avg_ack_time=0.000109 (0.1%)
[2016-05-06 16:56:15,887][storm][DEBUG]BasicBolt profile: total_num_tuples=1321, num_tuples=13, avg_read_time=0.076657 (98.8%), avg_process_time=0.000918 (1.2%), avg_ack_time=0.000020 (0.0%)
[2016-05-06 16:56:16,995][storm][DEBUG]BasicBolt profile: total_num_tuples=1333, num_tuples=12, avg_read_time=0.091258 (98.9%), avg_process_time=0.000969 (1.1%), avg_ack_time=0.000024 (0.0%)
[2016-05-06 16:56:18,058][storm][DEBUG]BasicBolt profile: total_num_tuples=1344, num_tuples=11, avg_read_time=0.095692 (99.0%), avg_process_time=0.000983 (1.0%), avg_ack_time=0.000020 (0.0%)
[2016-05-06 16:56:19,120][storm][DEBUG]BasicBolt profile: total_num_tuples=1352, num_tuples=8, avg_read_time=0.131846 (99.4%), avg_process_time=0.000737 (0.6%), avg_ack_time=0.000021 (0.0%)
[2016-05-06 16:56:20,160][storm][DEBUG]BasicBolt profile: total_num_tuples=1361, num_tuples=9, avg_read_time=0.113086 (97.9%), avg_process_time=0.002451 (2.1%), avg_ack_time=0.000022 (0.0%)
[2016-05-06 16:56:21,250][storm][DEBUG]BasicBolt profile: total_num_tuples=1371, num_tuples=10, avg_read_time=0.107933 (99.0%), avg_process_time=0.001029 (0.9%), avg_ack_time=0.000021 (0.0%)
[2016-05-06 16:59:42,276][storm][INFO]Caught exception
[2016-05-06 16:59:42,276][storm][ERROR]Sent failure message ("E_BOLTFAILED__twoworddivider__pipe-X550CC__pid__11166__port__-1__taskindex__-1__StormIPCException") to Storm
[2016-05-06 16:59:47,279][storm][ERROR]Caught exception in BasicBolt.run
Traceback (most recent call last):
  File "/usr/local/lib/python2.7/dist-packages/petrel-0.9.4.0.3-py2.7.egg/petrel/storm.py", line 377, in run
    tup = readTuple()
  File "/usr/local/lib/python2.7/dist-packages/petrel-0.9.4.0.3-py2.7.egg/petrel/storm.py", line 81, in readTuple
    cmd = readCommand()
  File "/usr/local/lib/python2.7/dist-packages/petrel-0.9.4.0.3-py2.7.egg/petrel/storm.py", line 74, in readCommand
    msg = readMsg()
  File "/usr/local/lib/python2.7/dist-packages/petrel-0.9.4.0.3-py2.7.egg/petrel/storm.py", line 45, in readMsg
    raise StormIPCException('Read EOF from stdin')
StormIPCException: Read EOF from stdin
[2016-05-06 16:59:47,280][storm][ERROR]The error occurred while processing this tuple: []
Worker twoworddivider exiting normally.
