Beginning task setup

/usr/bin/flock
Using existing venv: /tmp/petrel-good-5-1462980106/venv
Task setup took 1 seconds
Launching: python -m petrel.run kafkaconsumer /home/pipe/twitterintel/twitterintel/topology/TopologyTweetTransformationGOOD/petrel20800_kafkaconsumer.log
/usr/local/lib/python2.7/dist-packages/petrel-0.9.4.0.3-py2.7.egg/petrel/run.py invoked with the following arguments: ['kafkaconsumer', '/home/pipe/twitterintel/twitterintel/topology/TopologyTweetTransformationGOOD/petrel20800_kafkaconsumer.log']
python version: 2.7.11
user=root
PATH=/tmp/petrel-good-5-1462980106/venv/bin:/root/SimpleScalar/simplesim-3.0:/root/SimpleScalar/bin:/root/SimpleScalar/gcc-2.6.3:/root/SimpleScalar/bin:/usr/local/sbin:/usr/local/bin:/usr/sbin:/usr/bin:/sbin:/bin:/usr/games:/usr/local/games:/home/pipe/Downloads/zookeeper-3.4.8/bin:/home/pipe/Downloads/apache-storm-0.9.4/bin
LD_LIBRARY_PATH=storm-local/supervisor/stormdist/good-5-1462980106/resources/Linux-amd64:storm-local/supervisor/stormdist/good-5-1462980106/resources:/usr/local/lib:/opt/local/lib:/usr/lib
PYTHON_EGG_CACHE=/tmp/petrel-good-5-1462980106/egg_cache
[2016-05-12 17:19:33,039][storm][INFO]Tuple profiling enabled. Will log tuple processing times.
[2016-05-12 17:19:47,502][storm][INFO]Task received setupInfo from Storm: {u'pidDir': u'/home/pipe/storm-local/workers/307d4da2-6070-4b3b-960a-f75a564af2ae/pids', u'conf': {u'oauth.acess_token': u' 702208758362087425-HZiyl1x7Bh98cQa1WLBDYylyu10Bpl7', u'topology.tuple.serializer': u'backtype.storm.serialization.types.ListDelegateSerializer', u'topology.workers': 1, u'drpc.worker.threads': 64, u'storm.messaging.netty.client_worker_threads': 1, u'supervisor.heartbeat.frequency.secs': 5, u'topology.executor.send.buffer.size': 1024, u'drpc.childopts': u'-Xmx768m', u'nimbus.thrift.port': 6627, u'storm.zookeeper.retry.intervalceiling.millis': 30000, u'storm.local.dir': u'storm-local', u'topology.receiver.buffer.size': 8, u'storm.zookeeper.servers': [u'localhost'], u'oauth.consumer_secret': u'ADf76fi3O1lKMzBxWnjqf93l3GHv28uar3bkblkvyBrAyoA23i', u'transactional.zookeeper.root': u'/transactional', u'drpc.request.timeout.secs': 600, u'topology.skip.missing.kryo.registrations': False, u'worker.heartbeat.frequency.secs': 1, u'zmq.hwm': 0, u'storm.zookeeper.connection.timeout': 15000, u'java.library.path': u'/usr/local/lib:/opt/local/lib:/usr/lib', u'topology.max.error.report.per.interval': 5, u'storm.messaging.netty.server_worker_threads': 1, u'storm.id': u'good-5-1462980106', u'supervisor.worker.start.timeout.secs': 120, u'zmq.threads': 1, u'topology.acker.executors': None, u'storm.messaging.netty.flush.check.interval.ms': 10, u'storm.messaging.netty.transfer.batch.size': 262144, u'topology.max.task.parallelism': None, u'topology.environment': None, u'storm.zookeeper.port': 2181, u'nimbus.childopts': u'-Xmx1024m', u'topology.classpath': None, u'worker.childopts': u'-Xmx768m', u'drpc.queue.size': 128, u'topology.multilang.serializer': u'backtype.storm.multilang.JsonSerializer', u'storm.zookeeper.retry.times': 5, u'nimbus.monitor.freq.secs': 10, u'storm.cluster.mode': u'distributed', u'dev.zookeeper.path': u'/tmp/dev-storm-zookeeper', u'drpc.invocations.port': 3773, u'topology.tasks': None, u'storm.zookeeper.root': u'/storm', u'logviewer.childopts': u'-Xmx128m', u'storm.meta.serialization.delegate': u'backtype.storm.serialization.DefaultSerializationDelegate', u'transactional.zookeeper.port': None, u'topology.worker.receiver.thread.count': 1, u'topology.worker.childopts': None, u'topology.max.spout.pending': None, u'topology.kryo.register': None, u'petrel.host': u'pipe-X550CC', u'nimbus.cleanup.inbox.freq.secs': 600, u'storm.messaging.netty.min_wait_ms': 100, u'nimbus.task.timeout.secs': 30, u'nimbus.thrift.max_buffer_size': 1048576, u'topology.sleep.spout.wait.strategy.time.ms': 1, u'nimbus.reassign': True, u'storm.messaging.transport': u'backtype.storm.messaging.netty.Context', u'logviewer.appender.name': u'A1', u'nimbus.host': u'localhost', u'ui.port': 8080, u'supervisor.slots.ports': [6700, 6701, 6702, 6703], u'nimbus.file.copy.expiration.secs': 600, u'supervisor.monitor.frequency.secs': 3, u'ui.childopts': u'-Xmx768m', u'transactional.zookeeper.servers': None, u'zmq.linger.millis': 5000, u'topology.error.throttle.interval.secs': 10, u'topology.worker.shared.thread.pool.size': 4, u'topology.executor.receive.buffer.size': 1024, u'topology.spout.wait.strategy': u'backtype.storm.spout.SleepSpoutWaitStrategy', u'task.heartbeat.frequency.secs': 3, u'topology.transfer.buffer.size': 1024, u'storm.zookeeper.session.timeout': 20000, u'storm.local.mode.zmq': False, u'topology.stats.sample.rate': 0.05, u'topology.fall.back.on.java.serialization': True, u'supervisor.childopts': u'-Xmx256m', u'topology.enable.message.timeouts': True, u'storm.messaging.netty.max_wait_ms': 1000, u'nimbus.topology.validator': u'backtype.storm.nimbus.DefaultTopologyValidator', u'nimbus.supervisor.timeout.secs': 60, u'topology.disruptor.wait.strategy': u'com.lmax.disruptor.BlockingWaitStrategy', u'storm.messaging.netty.buffer_size': 5242880, u'drpc.port': 3772, u'topology.kryo.factory': u'backtype.storm.serialization.DefaultKryoFactory', u'storm.zookeeper.retry.interval': 1000, u'storm.messaging.netty.max_retries': 300, u'topology.tick.tuple.freq.secs': 30, u'supervisor.enable': True, u'nimbus.task.launch.secs': 120, u'task.refresh.poll.secs': 10, u'topology.message.timeout.secs': 30, u'oauth.acess_token_secret': u'IiNOTfgE3tEZvW2HDQhRKPMoOLU43NXJCXk8maj51SdAT', u'petrel.user': u'root', u'nimbus.inbox.jar.expiration.secs': 3600, u'topology.state.synchronization.timeout.secs': 60, u'topology.name': u'good', u'supervisor.worker.timeout.secs': 30, u'topology.trident.batch.emit.interval.millis': 500, u'topology.builtin.metrics.bucket.size.secs': 60, u'storm.thrift.transport': u'backtype.storm.security.auth.SimpleTransportPlugin', u'logviewer.port': 8000, u'oauth.consumer_key': u'eaFmBSxUveRJfmyZYeabti9Q9', u'topology.kryo.decorators': [], u'topology.debug': False}, u'context': {u'task->component': {u'1': u'CountThreeWords', u'3': u'CountWord', u'2': u'CountTwoWords', u'5': u'ThreeWordDivider', u'4': u'KafkaConsumer', u'7': u'WordDivider', u'6': u'TwoWordDivider', u'8': u'__acker'}, u'taskid': 4}}
[2016-05-12 17:19:47,542][storm][INFO]Task sent pid to Storm
[2016-05-12 17:19:47,821][kafka.client][INFO]Broker version identifed as 0.9
[2016-05-12 17:19:47,822][kafka.consumer.subscription_state][INFO]Updating subscribed topics to: ['goodtopic']
[2016-05-12 17:19:47,970][kafka.cluster][INFO]Group coordinator for kafka-python-default-group is BrokerMetadata(nodeId=0, host=u'pipe-X550CC', port=9092)
[2016-05-12 17:19:48,012][kafka.coordinator][INFO]Joined group 'kafka-python-default-group' (generation 1) with member_id kafka-python-1.0.2-a26bc907-48bc-488f-8247-c3f7dba804fe
[2016-05-12 17:19:48,012][kafka.coordinator][INFO]Elected group leader -- performing partition assignments using range
[2016-05-12 17:19:48,055][kafka.coordinator][INFO]SyncGroup for group kafka-python-default-group failed due to coordinator rebalance, rejoining the group
[2016-05-12 17:19:48,102][kafka.coordinator][INFO]Joined group 'kafka-python-default-group' (generation 2) with member_id kafka-python-1.0.2-a26bc907-48bc-488f-8247-c3f7dba804fe
[2016-05-12 17:19:48,103][kafka.coordinator][INFO]Elected group leader -- performing partition assignments using range
[2016-05-12 17:19:48,103][kafka.coordinator.assignors.range][WARNING]No partition metadata for topic instanttopic
[2016-05-12 17:19:48,283][kafka.coordinator][INFO]Joined group 'kafka-python-default-group' (generation 2) with member_id kafka-python-1.0.2-a26bc907-48bc-488f-8247-c3f7dba804fe
[2016-05-12 17:19:48,283][kafka.coordinator][INFO]Elected group leader -- performing partition assignments using range
[2016-05-12 17:19:48,325][kafka.consumer.subscription_state][INFO]Updated partition assignment: [TopicPartition(topic=u'goodtopic', partition=0)]
[2016-05-12 17:19:51,453][kafka.coordinator][INFO]Heartbeat successful
[2016-05-12 17:19:54,467][kafka.coordinator][INFO]Heartbeat successful
[2016-05-12 17:19:57,620][kafka.coordinator][INFO]Heartbeat successful
[2016-05-12 17:20:00,651][kafka.coordinator][INFO]Heartbeat successful
[2016-05-12 17:20:04,032][kafka.coordinator][INFO]Heartbeat successful
[2016-05-12 17:20:06,519][kafka.coordinator][INFO]Heartbeat successful
[2016-05-12 17:20:09,821][kafka.coordinator][INFO]Heartbeat successful
[2016-05-12 17:20:12,358][kafka.coordinator][INFO]Heartbeat successful
[2016-05-12 17:20:15,472][kafka.coordinator][INFO]Heartbeat successful
[2016-05-12 17:20:18,489][kafka.coordinator][INFO]Heartbeat successful
[2016-05-12 17:20:21,545][kafka.coordinator][INFO]Heartbeat successful
[2016-05-12 17:20:24,571][kafka.coordinator][INFO]Heartbeat successful
[2016-05-12 17:20:27,604][kafka.coordinator][INFO]Heartbeat successful
[2016-05-12 17:20:30,677][kafka.coordinator][INFO]Heartbeat successful
[2016-05-12 17:20:33,702][kafka.coordinator][INFO]Heartbeat successful
[2016-05-12 17:20:36,729][kafka.coordinator][INFO]Heartbeat successful
[2016-05-12 17:20:39,740][kafka.coordinator][INFO]Heartbeat successful
[2016-05-12 17:20:42,804][kafka.coordinator][INFO]Heartbeat successful
[2016-05-12 17:20:45,826][kafka.coordinator][INFO]Heartbeat successful
[2016-05-12 17:20:48,344][kafka.coordinator][INFO]Heartbeat successful
[2016-05-12 17:20:51,429][kafka.coordinator][INFO]Heartbeat successful
[2016-05-12 17:20:54,449][kafka.coordinator][INFO]Heartbeat successful
[2016-05-12 17:20:57,464][kafka.coordinator][INFO]Heartbeat successful
[2016-05-12 17:21:00,525][kafka.coordinator][INFO]Heartbeat successful
[2016-05-12 17:21:03,543][kafka.coordinator][INFO]Heartbeat successful
[2016-05-12 17:21:06,560][kafka.coordinator][INFO]Heartbeat successful
[2016-05-12 17:21:09,574][kafka.coordinator][INFO]Heartbeat successful
[2016-05-12 17:21:12,632][kafka.coordinator][INFO]Heartbeat successful
[2016-05-12 17:21:15,647][kafka.coordinator][INFO]Heartbeat successful
[2016-05-12 17:21:18,660][kafka.coordinator][INFO]Heartbeat successful
[2016-05-12 17:21:21,711][kafka.coordinator][INFO]Heartbeat successful
[2016-05-12 17:21:24,724][kafka.coordinator][INFO]Heartbeat successful
[2016-05-12 17:21:27,746][kafka.coordinator][INFO]Heartbeat successful
[2016-05-12 17:21:30,811][kafka.coordinator][INFO]Heartbeat successful
[2016-05-12 17:21:33,831][kafka.coordinator][INFO]Heartbeat successful
[2016-05-12 17:21:36,350][kafka.coordinator][INFO]Heartbeat successful
[2016-05-12 17:21:39,416][kafka.coordinator][INFO]Heartbeat successful
[2016-05-12 17:21:42,431][kafka.coordinator][INFO]Heartbeat successful
[2016-05-12 17:21:45,452][kafka.coordinator][INFO]Heartbeat successful
[2016-05-12 17:21:48,508][kafka.coordinator][INFO]Heartbeat successful
[2016-05-12 17:21:51,530][kafka.coordinator][INFO]Heartbeat successful
[2016-05-12 17:21:54,570][kafka.coordinator][INFO]Heartbeat successful
[2016-05-12 17:21:57,597][kafka.coordinator][INFO]Heartbeat successful
[2016-05-12 17:22:00,612][kafka.coordinator][INFO]Heartbeat successful
[2016-05-12 17:22:03,672][kafka.coordinator][INFO]Heartbeat successful
[2016-05-12 17:22:06,696][kafka.coordinator][INFO]Heartbeat successful
[2016-05-12 17:22:09,712][kafka.coordinator][INFO]Heartbeat successful
[2016-05-12 17:22:12,770][kafka.coordinator][INFO]Heartbeat successful
[2016-05-12 17:22:15,791][kafka.coordinator][INFO]Heartbeat successful
[2016-05-12 17:22:18,812][kafka.coordinator][INFO]Heartbeat successful
[2016-05-12 17:22:21,365][kafka.coordinator][INFO]Heartbeat successful
[2016-05-12 17:22:24,421][kafka.coordinator][INFO]Heartbeat successful
[2016-05-12 17:22:27,437][kafka.coordinator][INFO]Heartbeat successful
[2016-05-12 17:22:30,454][kafka.coordinator][INFO]Heartbeat successful
[2016-05-12 17:22:33,510][kafka.coordinator][INFO]Heartbeat successful
[2016-05-12 17:22:36,524][kafka.coordinator][INFO]Heartbeat successful
[2016-05-12 17:22:39,541][kafka.coordinator][INFO]Heartbeat successful
[2016-05-12 17:22:42,602][kafka.coordinator][INFO]Heartbeat successful
[2016-05-12 17:22:45,617][kafka.coordinator][INFO]Heartbeat successful
[2016-05-12 17:22:48,630][kafka.coordinator][INFO]Heartbeat successful
[2016-05-12 17:22:51,689][kafka.coordinator][INFO]Heartbeat successful
[2016-05-12 17:22:54,702][kafka.coordinator][INFO]Heartbeat successful
[2016-05-12 17:22:57,717][kafka.coordinator][INFO]Heartbeat successful
[2016-05-12 17:23:00,732][kafka.coordinator][INFO]Heartbeat successful
[2016-05-12 17:23:03,795][kafka.coordinator][INFO]Heartbeat successful
[2016-05-12 17:23:06,818][kafka.coordinator][INFO]Heartbeat successful
[2016-05-12 17:23:09,836][kafka.coordinator][INFO]Heartbeat successful
[2016-05-12 17:23:12,391][kafka.coordinator][INFO]Heartbeat successful
[2016-05-12 17:23:15,450][kafka.coordinator][INFO]Heartbeat successful
[2016-05-12 17:23:18,474][kafka.coordinator][INFO]Heartbeat successful
[2016-05-12 17:23:21,494][kafka.coordinator][INFO]Heartbeat successful
[2016-05-12 17:23:24,559][kafka.coordinator][INFO]Heartbeat successful
[2016-05-12 17:23:27,582][kafka.coordinator][INFO]Heartbeat successful
[2016-05-12 17:23:30,606][kafka.coordinator][INFO]Heartbeat successful
[2016-05-12 17:23:33,719][kafka.coordinator][INFO]Heartbeat successful
[2016-05-12 17:23:36,738][kafka.coordinator][INFO]Heartbeat successful
[2016-05-12 17:23:39,762][kafka.coordinator][INFO]Heartbeat successful
[2016-05-12 17:23:42,821][kafka.coordinator][INFO]Heartbeat successful
[2016-05-12 17:23:45,392][kafka.coordinator][INFO]Heartbeat successful
[2016-05-12 17:23:48,559][kafka.coordinator][INFO]Heartbeat successful
[2016-05-12 17:23:51,608][kafka.coordinator][INFO]Heartbeat successful
[2016-05-12 17:23:54,634][kafka.coordinator][INFO]Heartbeat successful
[2016-05-12 17:23:57,694][kafka.coordinator][INFO]Heartbeat successful
[2016-05-12 17:24:00,711][kafka.coordinator][INFO]Heartbeat successful
[2016-05-12 17:24:03,730][kafka.coordinator][INFO]Heartbeat successful
[2016-05-12 17:24:06,751][kafka.coordinator][INFO]Heartbeat successful
[2016-05-12 17:24:09,804][kafka.coordinator][INFO]Heartbeat successful
[2016-05-12 17:24:12,822][kafka.coordinator][INFO]Heartbeat successful
[2016-05-12 17:24:15,835][kafka.coordinator][INFO]Heartbeat successful
[2016-05-12 17:24:18,383][kafka.coordinator][INFO]Heartbeat successful
[2016-05-12 17:24:21,496][kafka.coordinator][INFO]Heartbeat successful
[2016-05-12 17:24:24,516][kafka.coordinator][INFO]Heartbeat successful
[2016-05-12 17:24:27,532][kafka.coordinator][INFO]Heartbeat successful
[2016-05-12 17:24:30,583][kafka.coordinator][INFO]Heartbeat successful
[2016-05-12 17:24:33,611][kafka.coordinator][INFO]Heartbeat successful
[2016-05-12 17:24:36,631][kafka.coordinator][INFO]Heartbeat successful
[2016-05-12 17:24:39,688][kafka.coordinator][INFO]Heartbeat successful
