Beginning task setup

/usr/bin/flock
Using existing venv: /tmp/petrel-good-2-1463483423/venv
Task setup took 0 seconds
Launching: python -m petrel.run twowordcount /home/pipe/twitterintel/twitterintel/topology/TopologyTweetTransformationGOOD/petrel8810_twowordcount.log
/usr/local/lib/python2.7/dist-packages/petrel-0.9.4.0.3-py2.7.egg/petrel/run.py invoked with the following arguments: ['twowordcount', '/home/pipe/twitterintel/twitterintel/topology/TopologyTweetTransformationGOOD/petrel8810_twowordcount.log']
python version: 2.7.11
user=root
PATH=/tmp/petrel-good-2-1463483423/venv/bin:/root/SimpleScalar/simplesim-3.0:/root/SimpleScalar/bin:/root/SimpleScalar/gcc-2.6.3:/root/SimpleScalar/bin:/usr/local/sbin:/usr/local/bin:/usr/sbin:/usr/bin:/sbin:/bin:/usr/games:/usr/local/games:/home/pipe/Downloads/zookeeper-3.4.8/bin:/home/pipe/Downloads/apache-storm-0.9.4/bin
LD_LIBRARY_PATH=storm-local/supervisor/stormdist/good-2-1463483423/resources/Linux-amd64:storm-local/supervisor/stormdist/good-2-1463483423/resources:/usr/local/lib:/opt/local/lib:/usr/lib
PYTHON_EGG_CACHE=/tmp/petrel-good-2-1463483423/egg_cache
[2016-05-17 12:46:06,126][storm][INFO]Tuple profiling enabled. Will log tuple processing times.
[2016-05-17 12:46:06,304][storm][INFO]Task received setupInfo from Storm: {u'pidDir': u'/home/pipe/storm-local/workers/b79c9fe5-fd6e-44ea-9ace-48068ead9328/pids', u'conf': {u'oauth.acess_token': u' 702208758362087425-HZiyl1x7Bh98cQa1WLBDYylyu10Bpl7', u'topology.tuple.serializer': u'backtype.storm.serialization.types.ListDelegateSerializer', u'topology.workers': 1, u'drpc.worker.threads': 64, u'storm.messaging.netty.client_worker_threads': 1, u'supervisor.heartbeat.frequency.secs': 5, u'topology.executor.send.buffer.size': 1024, u'drpc.childopts': u'-Xmx768m', u'nimbus.thrift.port': 6627, u'storm.zookeeper.retry.intervalceiling.millis': 30000, u'storm.local.dir': u'storm-local', u'topology.receiver.buffer.size': 8, u'storm.zookeeper.servers': [u'localhost'], u'oauth.consumer_secret': u'ADf76fi3O1lKMzBxWnjqf93l3GHv28uar3bkblkvyBrAyoA23i', u'transactional.zookeeper.root': u'/transactional', u'drpc.request.timeout.secs': 600, u'topology.skip.missing.kryo.registrations': False, u'worker.heartbeat.frequency.secs': 1, u'zmq.hwm': 0, u'storm.zookeeper.connection.timeout': 15000, u'java.library.path': u'/usr/local/lib:/opt/local/lib:/usr/lib', u'topology.max.error.report.per.interval': 5, u'storm.messaging.netty.server_worker_threads': 1, u'storm.id': u'good-2-1463483423', u'supervisor.worker.start.timeout.secs': 120, u'zmq.threads': 1, u'topology.acker.executors': None, u'storm.messaging.netty.flush.check.interval.ms': 10, u'storm.messaging.netty.transfer.batch.size': 262144, u'topology.max.task.parallelism': None, u'topology.environment': None, u'storm.zookeeper.port': 2181, u'nimbus.childopts': u'-Xmx1024m', u'topology.classpath': None, u'worker.childopts': u'-Xmx768m', u'drpc.queue.size': 128, u'topology.multilang.serializer': u'backtype.storm.multilang.JsonSerializer', u'storm.zookeeper.retry.times': 5, u'nimbus.monitor.freq.secs': 10, u'storm.cluster.mode': u'distributed', u'dev.zookeeper.path': u'/tmp/dev-storm-zookeeper', u'drpc.invocations.port': 3773, u'topology.tasks': None, u'storm.zookeeper.root': u'/storm', u'logviewer.childopts': u'-Xmx128m', u'storm.meta.serialization.delegate': u'backtype.storm.serialization.DefaultSerializationDelegate', u'transactional.zookeeper.port': None, u'topology.worker.receiver.thread.count': 1, u'topology.worker.childopts': None, u'topology.max.spout.pending': None, u'topology.kryo.register': None, u'petrel.host': u'pipe-X550CC', u'nimbus.cleanup.inbox.freq.secs': 600, u'storm.messaging.netty.min_wait_ms': 100, u'nimbus.task.timeout.secs': 30, u'nimbus.thrift.max_buffer_size': 1048576, u'topology.sleep.spout.wait.strategy.time.ms': 1, u'nimbus.reassign': True, u'storm.messaging.transport': u'backtype.storm.messaging.netty.Context', u'logviewer.appender.name': u'A1', u'nimbus.host': u'localhost', u'ui.port': 8080, u'supervisor.slots.ports': [6700, 6701, 6702, 6703], u'nimbus.file.copy.expiration.secs': 600, u'supervisor.monitor.frequency.secs': 3, u'ui.childopts': u'-Xmx768m', u'transactional.zookeeper.servers': None, u'zmq.linger.millis': 5000, u'topology.error.throttle.interval.secs': 10, u'topology.worker.shared.thread.pool.size': 4, u'topology.executor.receive.buffer.size': 1024, u'topology.spout.wait.strategy': u'backtype.storm.spout.SleepSpoutWaitStrategy', u'task.heartbeat.frequency.secs': 3, u'topology.transfer.buffer.size': 1024, u'storm.zookeeper.session.timeout': 20000, u'storm.local.mode.zmq': False, u'topology.stats.sample.rate': 0.05, u'topology.fall.back.on.java.serialization': True, u'supervisor.childopts': u'-Xmx256m', u'topology.enable.message.timeouts': True, u'storm.messaging.netty.max_wait_ms': 1000, u'nimbus.topology.validator': u'backtype.storm.nimbus.DefaultTopologyValidator', u'nimbus.supervisor.timeout.secs': 60, u'topology.disruptor.wait.strategy': u'com.lmax.disruptor.BlockingWaitStrategy', u'storm.messaging.netty.buffer_size': 5242880, u'drpc.port': 3772, u'topology.kryo.factory': u'backtype.storm.serialization.DefaultKryoFactory', u'storm.zookeeper.retry.interval': 1000, u'storm.messaging.netty.max_retries': 300, u'topology.tick.tuple.freq.secs': 300, u'supervisor.enable': True, u'nimbus.task.launch.secs': 120, u'task.refresh.poll.secs': 10, u'topology.message.timeout.secs': 30, u'oauth.acess_token_secret': u'IiNOTfgE3tEZvW2HDQhRKPMoOLU43NXJCXk8maj51SdAT', u'petrel.user': u'root', u'nimbus.inbox.jar.expiration.secs': 3600, u'topology.state.synchronization.timeout.secs': 60, u'topology.name': u'good', u'supervisor.worker.timeout.secs': 30, u'topology.trident.batch.emit.interval.millis': 500, u'topology.builtin.metrics.bucket.size.secs': 60, u'storm.thrift.transport': u'backtype.storm.security.auth.SimpleTransportPlugin', u'logviewer.port': 8000, u'oauth.consumer_key': u'eaFmBSxUveRJfmyZYeabti9Q9', u'topology.kryo.decorators': [], u'topology.debug': False}, u'context': {u'task->component': {u'1': u'CountThreeWords', u'3': u'CountWord', u'2': u'CountTwoWords', u'5': u'ThreeWordDivider', u'4': u'KafkaConsumer', u'7': u'WordDivider', u'6': u'TwoWordDivider', u'8': u'__acker'}, u'taskid': 2}}
[2016-05-17 12:46:06,305][storm][INFO]Task sent pid to Storm
[2016-05-17 12:47:58,142][storm][DEBUG]BasicBolt profile: total_num_tuples=1, num_tuples=1, avg_read_time=0.615473 (77.3%), avg_process_time=0.180230 (22.6%), avg_ack_time=0.000055 (0.0%)
[2016-05-17 12:48:29,274][storm][DEBUG]BasicBolt profile: total_num_tuples=11, num_tuples=10, avg_read_time=0.018619 (52.9%), avg_process_time=0.016423 (46.7%), avg_ack_time=0.000134 (0.4%)
[2016-05-17 12:50:02,628][storm][DEBUG]BasicBolt profile: total_num_tuples=15, num_tuples=4, avg_read_time=0.109625 (99.4%), avg_process_time=0.000681 (0.6%), avg_ack_time=0.000032 (0.0%)
[2016-05-17 12:50:04,758][storm][DEBUG]BasicBolt profile: total_num_tuples=21, num_tuples=6, avg_read_time=0.187977 (99.3%), avg_process_time=0.001193 (0.6%), avg_ack_time=0.000227 (0.1%)
[2016-05-17 12:50:06,266][storm][DEBUG]BasicBolt profile: total_num_tuples=46, num_tuples=25, avg_read_time=0.056204 (93.2%), avg_process_time=0.004049 (6.7%), avg_ack_time=0.000051 (0.1%)
[2016-05-17 12:50:07,321][storm][DEBUG]BasicBolt profile: total_num_tuples=67, num_tuples=21, avg_read_time=0.049499 (98.6%), avg_process_time=0.000663 (1.3%), avg_ack_time=0.000042 (0.1%)
[2016-05-17 12:50:08,331][storm][DEBUG]BasicBolt profile: total_num_tuples=103, num_tuples=36, avg_read_time=0.027128 (96.7%), avg_process_time=0.000889 (3.2%), avg_ack_time=0.000044 (0.2%)
[2016-05-17 12:50:09,351][storm][DEBUG]BasicBolt profile: total_num_tuples=144, num_tuples=41, avg_read_time=0.020800 (83.7%), avg_process_time=0.003981 (16.0%), avg_ack_time=0.000083 (0.3%)
[2016-05-17 12:50:10,368][storm][DEBUG]BasicBolt profile: total_num_tuples=213, num_tuples=69, avg_read_time=0.012787 (87.1%), avg_process_time=0.001811 (12.3%), avg_ack_time=0.000086 (0.6%)
[2016-05-17 12:50:11,445][storm][DEBUG]BasicBolt profile: total_num_tuples=287, num_tuples=74, avg_read_time=0.010348 (71.2%), avg_process_time=0.004077 (28.0%), avg_ack_time=0.000118 (0.8%)
[2016-05-17 12:50:12,583][storm][DEBUG]BasicBolt profile: total_num_tuples=305, num_tuples=18, avg_read_time=0.062481 (98.8%), avg_process_time=0.000706 (1.1%), avg_ack_time=0.000034 (0.1%)
[2016-05-17 12:50:13,601][storm][DEBUG]BasicBolt profile: total_num_tuples=345, num_tuples=40, avg_read_time=0.021191 (83.3%), avg_process_time=0.004170 (16.4%), avg_ack_time=0.000080 (0.3%)
[2016-05-17 12:50:53,406][storm][INFO]Caught exception
[2016-05-17 12:50:53,407][storm][ERROR]Sent failure message ("E_BOLTFAILED__twowordcount__pipe-X550CC__pid__8810__port__-1__taskindex__-1__IndexError") to Storm
[2016-05-17 12:50:58,412][storm][ERROR]Caught exception in BasicBolt.run
Traceback (most recent call last):
  File "/usr/local/lib/python2.7/dist-packages/petrel-0.9.4.0.3-py2.7.egg/petrel/storm.py", line 383, in run
    self.process(tup)
  File "/home/pipe/storm-local/supervisor/stormdist/good-2-1463483423/resources/twowordcount.py", line 24, in process
    aux='GOOD'+tup.values[1]
IndexError: list index out of range
[2016-05-17 12:50:58,491][storm][ERROR]The error occurred while processing this tuple: [300]
Worker twowordcount exiting normally.
