Beginning task setup

/usr/bin/flock
Using existing venv: /tmp/petrel-good-2-1462530265/venv
Task setup took 0 seconds
Launching: python -m petrel.run threeworddivider /home/pipe/twitterintel/topology/TopologyTweetTransformationGOOD/petrel28886_threeworddivider.log
/usr/local/lib/python2.7/dist-packages/petrel-0.9.4.0.3-py2.7.egg/petrel/run.py invoked with the following arguments: ['threeworddivider', '/home/pipe/twitterintel/topology/TopologyTweetTransformationGOOD/petrel28886_threeworddivider.log']
python version: 2.7.11
user=root
PATH=/tmp/petrel-good-2-1462530265/venv/bin:/root/SimpleScalar/simplesim-3.0:/root/SimpleScalar/bin:/root/SimpleScalar/gcc-2.6.3:/root/SimpleScalar/bin:/usr/local/sbin:/usr/local/bin:/usr/sbin:/usr/bin:/sbin:/bin:/usr/games:/usr/local/games:/home/pipe/Downloads/zookeeper-3.4.8/bin:/home/pipe/Downloads/apache-storm-0.9.4/bin
LD_LIBRARY_PATH=storm-local/supervisor/stormdist/good-2-1462530265/resources/Linux-amd64:storm-local/supervisor/stormdist/good-2-1462530265/resources:/usr/local/lib:/opt/local/lib:/usr/lib
PYTHON_EGG_CACHE=/tmp/petrel-good-2-1462530265/egg_cache
[2016-05-06 17:12:42,418][storm][INFO]Tuple profiling enabled. Will log tuple processing times.
[2016-05-06 17:12:42,589][storm][INFO]Task received setupInfo from Storm: {u'pidDir': u'/home/pipe/storm-local/workers/f9edf05e-bdd7-41b2-99b1-ca56a2e3d4d1/pids', u'conf': {u'oauth.acess_token': u' 702208758362087425-HZiyl1x7Bh98cQa1WLBDYylyu10Bpl7', u'topology.tuple.serializer': u'backtype.storm.serialization.types.ListDelegateSerializer', u'topology.workers': 1, u'drpc.worker.threads': 64, u'storm.messaging.netty.client_worker_threads': 1, u'supervisor.heartbeat.frequency.secs': 5, u'topology.executor.send.buffer.size': 1024, u'drpc.childopts': u'-Xmx768m', u'nimbus.thrift.port': 6627, u'storm.zookeeper.retry.intervalceiling.millis': 30000, u'storm.local.dir': u'storm-local', u'topology.receiver.buffer.size': 8, u'storm.zookeeper.servers': [u'localhost'], u'oauth.consumer_secret': u'ADf76fi3O1lKMzBxWnjqf93l3GHv28uar3bkblkvyBrAyoA23i', u'transactional.zookeeper.root': u'/transactional', u'drpc.request.timeout.secs': 600, u'topology.skip.missing.kryo.registrations': False, u'worker.heartbeat.frequency.secs': 1, u'zmq.hwm': 0, u'storm.zookeeper.connection.timeout': 15000, u'java.library.path': u'/usr/local/lib:/opt/local/lib:/usr/lib', u'topology.max.error.report.per.interval': 5, u'storm.messaging.netty.server_worker_threads': 1, u'storm.id': u'good-2-1462530265', u'supervisor.worker.start.timeout.secs': 120, u'zmq.threads': 1, u'topology.acker.executors': None, u'storm.messaging.netty.flush.check.interval.ms': 10, u'storm.messaging.netty.transfer.batch.size': 262144, u'topology.max.task.parallelism': None, u'topology.environment': None, u'storm.zookeeper.port': 2181, u'nimbus.childopts': u'-Xmx1024m', u'topology.classpath': None, u'worker.childopts': u'-Xmx768m', u'drpc.queue.size': 128, u'topology.multilang.serializer': u'backtype.storm.multilang.JsonSerializer', u'storm.zookeeper.retry.times': 5, u'nimbus.monitor.freq.secs': 10, u'storm.cluster.mode': u'distributed', u'dev.zookeeper.path': u'/tmp/dev-storm-zookeeper', u'drpc.invocations.port': 3773, u'topology.tasks': None, u'storm.zookeeper.root': u'/storm', u'logviewer.childopts': u'-Xmx128m', u'storm.meta.serialization.delegate': u'backtype.storm.serialization.DefaultSerializationDelegate', u'transactional.zookeeper.port': None, u'topology.worker.receiver.thread.count': 1, u'topology.worker.childopts': None, u'topology.max.spout.pending': None, u'topology.kryo.register': None, u'petrel.host': u'pipe-X550CC', u'nimbus.cleanup.inbox.freq.secs': 600, u'storm.messaging.netty.min_wait_ms': 100, u'nimbus.task.timeout.secs': 30, u'nimbus.thrift.max_buffer_size': 1048576, u'topology.sleep.spout.wait.strategy.time.ms': 1, u'nimbus.reassign': True, u'storm.messaging.transport': u'backtype.storm.messaging.netty.Context', u'logviewer.appender.name': u'A1', u'nimbus.host': u'localhost', u'ui.port': 8080, u'supervisor.slots.ports': [6700, 6701, 6702, 6703], u'nimbus.file.copy.expiration.secs': 600, u'supervisor.monitor.frequency.secs': 3, u'ui.childopts': u'-Xmx768m', u'transactional.zookeeper.servers': None, u'zmq.linger.millis': 5000, u'topology.error.throttle.interval.secs': 10, u'topology.worker.shared.thread.pool.size': 4, u'topology.executor.receive.buffer.size': 1024, u'topology.spout.wait.strategy': u'backtype.storm.spout.SleepSpoutWaitStrategy', u'task.heartbeat.frequency.secs': 3, u'topology.transfer.buffer.size': 1024, u'storm.zookeeper.session.timeout': 20000, u'storm.local.mode.zmq': False, u'topology.stats.sample.rate': 0.05, u'topology.fall.back.on.java.serialization': True, u'supervisor.childopts': u'-Xmx256m', u'topology.enable.message.timeouts': True, u'storm.messaging.netty.max_wait_ms': 1000, u'nimbus.topology.validator': u'backtype.storm.nimbus.DefaultTopologyValidator', u'nimbus.supervisor.timeout.secs': 60, u'topology.disruptor.wait.strategy': u'com.lmax.disruptor.BlockingWaitStrategy', u'storm.messaging.netty.buffer_size': 5242880, u'drpc.port': 3772, u'topology.kryo.factory': u'backtype.storm.serialization.DefaultKryoFactory', u'storm.zookeeper.retry.interval': 1000, u'storm.messaging.netty.max_retries': 300, u'topology.tick.tuple.freq.secs': None, u'supervisor.enable': True, u'nimbus.task.launch.secs': 120, u'task.refresh.poll.secs': 10, u'topology.message.timeout.secs': 30, u'oauth.acess_token_secret': u'IiNOTfgE3tEZvW2HDQhRKPMoOLU43NXJCXk8maj51SdAT', u'petrel.user': u'root', u'nimbus.inbox.jar.expiration.secs': 3600, u'topology.state.synchronization.timeout.secs': 60, u'topology.name': u'good', u'supervisor.worker.timeout.secs': 30, u'topology.trident.batch.emit.interval.millis': 500, u'topology.builtin.metrics.bucket.size.secs': 60, u'storm.thrift.transport': u'backtype.storm.security.auth.SimpleTransportPlugin', u'logviewer.port': 8000, u'oauth.consumer_key': u'eaFmBSxUveRJfmyZYeabti9Q9', u'topology.kryo.decorators': [], u'topology.debug': False}, u'context': {u'task->component': {u'1': u'CountThreeWords', u'3': u'CountWord', u'2': u'CountTwoWords', u'5': u'ThreeWordDivider', u'4': u'KafkaConsumer', u'7': u'WordDivider', u'6': u'TwoWordDivider', u'8': u'__acker'}, u'taskid': 5}}
[2016-05-06 17:12:42,589][storm][INFO]Task sent pid to Storm
[2016-05-06 17:14:42,225][storm][DEBUG]BasicBolt profile: total_num_tuples=1, num_tuples=1, avg_read_time=0.535657 (90.7%), avg_process_time=0.054916 (9.3%), avg_ack_time=0.000251 (0.0%)
[2016-05-06 17:15:34,976][storm][DEBUG]BasicBolt profile: total_num_tuples=4, num_tuples=3, avg_read_time=0.242986 (99.7%), avg_process_time=0.000707 (0.3%), avg_ack_time=0.000073 (0.0%)
[2016-05-06 17:15:36,073][storm][DEBUG]BasicBolt profile: total_num_tuples=14, num_tuples=10, avg_read_time=0.106753 (97.4%), avg_process_time=0.002553 (2.3%), avg_ack_time=0.000334 (0.3%)
[2016-05-06 17:15:37,210][storm][DEBUG]BasicBolt profile: total_num_tuples=22, num_tuples=8, avg_read_time=0.141278 (99.4%), avg_process_time=0.000793 (0.6%), avg_ack_time=0.000026 (0.0%)
[2016-05-06 17:15:38,290][storm][DEBUG]BasicBolt profile: total_num_tuples=33, num_tuples=11, avg_read_time=0.096499 (98.3%), avg_process_time=0.001602 (1.6%), avg_ack_time=0.000028 (0.0%)
[2016-05-06 17:15:39,327][storm][DEBUG]BasicBolt profile: total_num_tuples=44, num_tuples=11, avg_read_time=0.092769 (98.4%), avg_process_time=0.001447 (1.5%), avg_ack_time=0.000026 (0.0%)
[2016-05-06 17:15:40,357][storm][DEBUG]BasicBolt profile: total_num_tuples=56, num_tuples=12, avg_read_time=0.084369 (98.3%), avg_process_time=0.001432 (1.7%), avg_ack_time=0.000024 (0.0%)
[2016-05-06 17:15:41,449][storm][DEBUG]BasicBolt profile: total_num_tuples=74, num_tuples=18, avg_read_time=0.058171 (95.9%), avg_process_time=0.002435 (4.0%), avg_ack_time=0.000038 (0.1%)
[2016-05-06 17:15:42,471][storm][DEBUG]BasicBolt profile: total_num_tuples=84, num_tuples=10, avg_read_time=0.101002 (98.9%), avg_process_time=0.001150 (1.1%), avg_ack_time=0.000022 (0.0%)
[2016-05-06 17:15:43,483][storm][DEBUG]BasicBolt profile: total_num_tuples=96, num_tuples=12, avg_read_time=0.083186 (98.6%), avg_process_time=0.001119 (1.3%), avg_ack_time=0.000021 (0.0%)
[2016-05-06 17:15:44,517][storm][DEBUG]BasicBolt profile: total_num_tuples=111, num_tuples=15, avg_read_time=0.068230 (99.0%), avg_process_time=0.000665 (1.0%), avg_ack_time=0.000027 (0.0%)
[2016-05-06 17:17:36,907][storm][INFO]Caught exception
[2016-05-06 17:17:36,907][storm][ERROR]Sent failure message ("E_BOLTFAILED__threeworddivider__pipe-X550CC__pid__28886__port__-1__taskindex__-1__StormIPCException") to Storm
[2016-05-06 17:17:41,912][storm][ERROR]Caught exception in BasicBolt.run
Traceback (most recent call last):
  File "/usr/local/lib/python2.7/dist-packages/petrel-0.9.4.0.3-py2.7.egg/petrel/storm.py", line 377, in run
    tup = readTuple()
  File "/usr/local/lib/python2.7/dist-packages/petrel-0.9.4.0.3-py2.7.egg/petrel/storm.py", line 81, in readTuple
    cmd = readCommand()
  File "/usr/local/lib/python2.7/dist-packages/petrel-0.9.4.0.3-py2.7.egg/petrel/storm.py", line 74, in readCommand
    msg = readMsg()
  File "/usr/local/lib/python2.7/dist-packages/petrel-0.9.4.0.3-py2.7.egg/petrel/storm.py", line 45, in readMsg
    raise StormIPCException('Read EOF from stdin')
StormIPCException: Read EOF from stdin
[2016-05-06 17:17:41,912][storm][ERROR]The error occurred while processing this tuple: []
Worker threeworddivider exiting normally.
