Beginning task setup

/usr/bin/flock
Using existing venv: /tmp/petrel-good-2-1462530265/venv
Task setup took 0 seconds
Launching: python -m petrel.run kafkaconsumer /home/pipe/twitterintel/topology/TopologyTweetTransformationGOOD/petrel31510_kafkaconsumer.log
/usr/local/lib/python2.7/dist-packages/petrel-0.9.4.0.3-py2.7.egg/petrel/run.py invoked with the following arguments: ['kafkaconsumer', '/home/pipe/twitterintel/topology/TopologyTweetTransformationGOOD/petrel31510_kafkaconsumer.log']
python version: 2.7.11
user=root
PATH=/tmp/petrel-good-2-1462530265/venv/bin:/root/SimpleScalar/simplesim-3.0:/root/SimpleScalar/bin:/root/SimpleScalar/gcc-2.6.3:/root/SimpleScalar/bin:/usr/local/sbin:/usr/local/bin:/usr/sbin:/usr/bin:/sbin:/bin:/usr/games:/usr/local/games:/home/pipe/Downloads/zookeeper-3.4.8/bin:/home/pipe/Downloads/apache-storm-0.9.4/bin
LD_LIBRARY_PATH=storm-local/supervisor/stormdist/good-2-1462530265/resources/Linux-amd64:storm-local/supervisor/stormdist/good-2-1462530265/resources:/usr/local/lib:/opt/local/lib:/usr/lib
PYTHON_EGG_CACHE=/tmp/petrel-good-2-1462530265/egg_cache
[2016-05-06 17:24:19,797][storm][INFO]Tuple profiling enabled. Will log tuple processing times.
[2016-05-06 17:24:19,884][storm][INFO]Task received setupInfo from Storm: {u'pidDir': u'/home/pipe/storm-local/workers/da665d46-e72b-480f-bf70-4e324fbf5d72/pids', u'conf': {u'oauth.acess_token': u' 702208758362087425-HZiyl1x7Bh98cQa1WLBDYylyu10Bpl7', u'topology.tuple.serializer': u'backtype.storm.serialization.types.ListDelegateSerializer', u'topology.workers': 1, u'drpc.worker.threads': 64, u'storm.messaging.netty.client_worker_threads': 1, u'supervisor.heartbeat.frequency.secs': 5, u'topology.executor.send.buffer.size': 1024, u'drpc.childopts': u'-Xmx768m', u'nimbus.thrift.port': 6627, u'storm.zookeeper.retry.intervalceiling.millis': 30000, u'storm.local.dir': u'storm-local', u'topology.receiver.buffer.size': 8, u'storm.zookeeper.servers': [u'localhost'], u'oauth.consumer_secret': u'ADf76fi3O1lKMzBxWnjqf93l3GHv28uar3bkblkvyBrAyoA23i', u'transactional.zookeeper.root': u'/transactional', u'drpc.request.timeout.secs': 600, u'topology.skip.missing.kryo.registrations': False, u'worker.heartbeat.frequency.secs': 1, u'zmq.hwm': 0, u'storm.zookeeper.connection.timeout': 15000, u'java.library.path': u'/usr/local/lib:/opt/local/lib:/usr/lib', u'topology.max.error.report.per.interval': 5, u'storm.messaging.netty.server_worker_threads': 1, u'storm.id': u'good-2-1462530265', u'supervisor.worker.start.timeout.secs': 120, u'zmq.threads': 1, u'topology.acker.executors': None, u'storm.messaging.netty.flush.check.interval.ms': 10, u'storm.messaging.netty.transfer.batch.size': 262144, u'topology.max.task.parallelism': None, u'topology.environment': None, u'storm.zookeeper.port': 2181, u'nimbus.childopts': u'-Xmx1024m', u'topology.classpath': None, u'worker.childopts': u'-Xmx768m', u'drpc.queue.size': 128, u'topology.multilang.serializer': u'backtype.storm.multilang.JsonSerializer', u'storm.zookeeper.retry.times': 5, u'nimbus.monitor.freq.secs': 10, u'storm.cluster.mode': u'distributed', u'dev.zookeeper.path': u'/tmp/dev-storm-zookeeper', u'drpc.invocations.port': 3773, u'topology.tasks': None, u'storm.zookeeper.root': u'/storm', u'logviewer.childopts': u'-Xmx128m', u'storm.meta.serialization.delegate': u'backtype.storm.serialization.DefaultSerializationDelegate', u'transactional.zookeeper.port': None, u'topology.worker.receiver.thread.count': 1, u'topology.worker.childopts': None, u'topology.max.spout.pending': None, u'topology.kryo.register': None, u'petrel.host': u'pipe-X550CC', u'nimbus.cleanup.inbox.freq.secs': 600, u'storm.messaging.netty.min_wait_ms': 100, u'nimbus.task.timeout.secs': 30, u'nimbus.thrift.max_buffer_size': 1048576, u'topology.sleep.spout.wait.strategy.time.ms': 1, u'nimbus.reassign': True, u'storm.messaging.transport': u'backtype.storm.messaging.netty.Context', u'logviewer.appender.name': u'A1', u'nimbus.host': u'localhost', u'ui.port': 8080, u'supervisor.slots.ports': [6700, 6701, 6702, 6703], u'nimbus.file.copy.expiration.secs': 600, u'supervisor.monitor.frequency.secs': 3, u'ui.childopts': u'-Xmx768m', u'transactional.zookeeper.servers': None, u'zmq.linger.millis': 5000, u'topology.error.throttle.interval.secs': 10, u'topology.worker.shared.thread.pool.size': 4, u'topology.executor.receive.buffer.size': 1024, u'topology.spout.wait.strategy': u'backtype.storm.spout.SleepSpoutWaitStrategy', u'task.heartbeat.frequency.secs': 3, u'topology.transfer.buffer.size': 1024, u'storm.zookeeper.session.timeout': 20000, u'storm.local.mode.zmq': False, u'topology.stats.sample.rate': 0.05, u'topology.fall.back.on.java.serialization': True, u'supervisor.childopts': u'-Xmx256m', u'topology.enable.message.timeouts': True, u'storm.messaging.netty.max_wait_ms': 1000, u'nimbus.topology.validator': u'backtype.storm.nimbus.DefaultTopologyValidator', u'nimbus.supervisor.timeout.secs': 60, u'topology.disruptor.wait.strategy': u'com.lmax.disruptor.BlockingWaitStrategy', u'storm.messaging.netty.buffer_size': 5242880, u'drpc.port': 3772, u'topology.kryo.factory': u'backtype.storm.serialization.DefaultKryoFactory', u'storm.zookeeper.retry.interval': 1000, u'storm.messaging.netty.max_retries': 300, u'topology.tick.tuple.freq.secs': 30, u'supervisor.enable': True, u'nimbus.task.launch.secs': 120, u'task.refresh.poll.secs': 10, u'topology.message.timeout.secs': 30, u'oauth.acess_token_secret': u'IiNOTfgE3tEZvW2HDQhRKPMoOLU43NXJCXk8maj51SdAT', u'petrel.user': u'root', u'nimbus.inbox.jar.expiration.secs': 3600, u'topology.state.synchronization.timeout.secs': 60, u'topology.name': u'good', u'supervisor.worker.timeout.secs': 30, u'topology.trident.batch.emit.interval.millis': 500, u'topology.builtin.metrics.bucket.size.secs': 60, u'storm.thrift.transport': u'backtype.storm.security.auth.SimpleTransportPlugin', u'logviewer.port': 8000, u'oauth.consumer_key': u'eaFmBSxUveRJfmyZYeabti9Q9', u'topology.kryo.decorators': [], u'topology.debug': False}, u'context': {u'task->component': {u'1': u'CountThreeWords', u'3': u'CountWord', u'2': u'CountTwoWords', u'5': u'ThreeWordDivider', u'4': u'KafkaConsumer', u'7': u'WordDivider', u'6': u'TwoWordDivider', u'8': u'__acker'}, u'taskid': 4}}
[2016-05-06 17:24:19,885][storm][INFO]Task sent pid to Storm
[2016-05-06 17:24:20,061][kafka.client][INFO]Broker version identifed as 0.9
[2016-05-06 17:24:20,066][kafka.consumer.subscription_state][INFO]Updating subscribed topics to: ['goodtopic']
[2016-05-06 17:24:20,152][kafka.cluster][INFO]Group coordinator for kafka-python-default-group is BrokerMetadata(nodeId=0, host=u'pipe-X550CC', port=9092)
[2016-05-06 17:24:26,152][kafka.coordinator][INFO]Joined group 'kafka-python-default-group' (generation 93) with member_id kafka-python-1.0.2-f122c965-60ec-4104-a8f1-a47596d3daf6
[2016-05-06 17:24:26,157][kafka.consumer.subscription_state][INFO]Updated partition assignment: [TopicPartition(topic=u'goodtopic', partition=0)]
[2016-05-06 17:24:29,250][kafka.coordinator][INFO]Heartbeat successful
[2016-05-06 17:24:32,273][kafka.coordinator][INFO]Heartbeat successful
[2016-05-06 17:24:35,293][kafka.coordinator][INFO]Heartbeat successful
[2016-05-06 17:24:38,350][kafka.coordinator][INFO]Heartbeat successful
[2016-05-06 17:24:41,376][kafka.coordinator][INFO]Heartbeat successful
[2016-05-06 17:24:44,395][kafka.coordinator][INFO]Heartbeat successful
[2016-05-06 17:24:47,453][kafka.coordinator][INFO]Heartbeat successful
[2016-05-06 17:24:50,471][kafka.coordinator][INFO]Heartbeat successful
[2016-05-06 17:24:53,492][kafka.coordinator][INFO]Heartbeat successful
[2016-05-06 17:24:56,513][kafka.coordinator][INFO]Heartbeat successful
[2016-05-06 17:24:59,574][kafka.coordinator][INFO]Heartbeat successful
[2016-05-06 17:25:02,596][kafka.coordinator][INFO]Heartbeat successful
[2016-05-06 17:25:05,612][kafka.coordinator][INFO]Heartbeat successful
[2016-05-06 17:25:08,170][kafka.coordinator][INFO]Heartbeat successful
[2016-05-06 17:25:11,223][kafka.coordinator][INFO]Heartbeat successful
[2016-05-06 17:25:14,250][kafka.coordinator][INFO]Heartbeat successful
[2016-05-06 17:25:17,310][kafka.coordinator][INFO]Heartbeat successful
[2016-05-06 17:25:20,327][kafka.coordinator][INFO]Heartbeat successful
[2016-05-06 17:25:23,342][kafka.coordinator][INFO]Heartbeat successful
[2016-05-06 17:25:26,361][kafka.coordinator][INFO]Heartbeat successful
[2016-05-06 17:25:29,422][kafka.coordinator][INFO]Heartbeat successful
[2016-05-06 17:25:32,440][kafka.coordinator][INFO]Heartbeat successful
[2016-05-06 17:25:35,458][kafka.coordinator][INFO]Heartbeat successful
[2016-05-06 17:25:38,519][kafka.coordinator][INFO]Heartbeat successful
[2016-05-06 17:25:41,534][kafka.coordinator][INFO]Heartbeat successful
[2016-05-06 17:25:44,552][kafka.coordinator][INFO]Heartbeat successful
[2016-05-06 17:25:47,606][kafka.coordinator][INFO]Heartbeat successful
[2016-05-06 17:25:50,625][kafka.coordinator][INFO]Heartbeat successful
[2016-05-06 17:25:53,645][kafka.coordinator][INFO]Heartbeat successful
[2016-05-06 17:25:56,663][kafka.coordinator][INFO]Heartbeat successful
[2016-05-06 17:25:59,220][kafka.coordinator][INFO]Heartbeat successful
[2016-05-06 17:26:02,239][kafka.coordinator][INFO]Heartbeat successful
[2016-05-06 17:26:05,253][kafka.coordinator][INFO]Heartbeat successful
[2016-05-06 17:26:08,317][kafka.coordinator][INFO]Heartbeat successful
[2016-05-06 17:26:11,333][kafka.coordinator][INFO]Heartbeat successful
[2016-05-06 17:26:14,349][kafka.coordinator][INFO]Heartbeat successful
[2016-05-06 17:26:17,365][kafka.coordinator][INFO]Heartbeat successful
[2016-05-06 17:26:20,421][kafka.coordinator][INFO]Heartbeat successful
[2016-05-06 17:26:23,439][kafka.coordinator][INFO]Heartbeat successful
[2016-05-06 17:26:26,458][kafka.coordinator][INFO]Heartbeat successful
[2016-05-06 17:26:29,517][kafka.coordinator][INFO]Heartbeat successful
[2016-05-06 17:26:32,533][kafka.coordinator][INFO]Heartbeat successful
[2016-05-06 17:26:35,549][kafka.coordinator][INFO]Heartbeat successful
[2016-05-06 17:26:38,615][kafka.coordinator][INFO]Heartbeat successful
[2016-05-06 17:26:41,624][kafka.coordinator][INFO]Heartbeat successful
[2016-05-06 17:26:44,635][kafka.coordinator][INFO]Heartbeat successful
[2016-05-06 17:26:47,654][kafka.coordinator][INFO]Heartbeat successful
[2016-05-06 17:26:50,209][kafka.coordinator][INFO]Heartbeat successful
[2016-05-06 17:26:53,273][kafka.coordinator][INFO]Heartbeat successful
[2016-05-06 17:26:56,293][kafka.coordinator][INFO]Heartbeat successful
[2016-05-06 17:26:59,311][kafka.coordinator][INFO]Heartbeat successful
[2016-05-06 17:27:02,326][kafka.coordinator][INFO]Heartbeat successful
[2016-05-06 17:27:05,380][kafka.coordinator][INFO]Heartbeat successful
[2016-05-06 17:27:08,396][kafka.coordinator][INFO]Heartbeat successful
[2016-05-06 17:27:11,416][kafka.coordinator][INFO]Heartbeat successful
[2016-05-06 17:27:14,471][kafka.coordinator][INFO]Heartbeat successful
[2016-05-06 17:27:17,482][kafka.coordinator][INFO]Heartbeat successful
[2016-05-06 17:27:20,500][kafka.coordinator][INFO]Heartbeat successful
[2016-05-06 17:27:23,562][kafka.coordinator][INFO]Heartbeat successful
[2016-05-06 17:27:26,577][kafka.coordinator][INFO]Heartbeat successful
[2016-05-06 17:27:29,597][kafka.coordinator][INFO]Heartbeat successful
[2016-05-06 17:27:32,617][kafka.coordinator][INFO]Heartbeat successful
[2016-05-06 17:27:35,673][kafka.coordinator][INFO]Heartbeat successful
[2016-05-06 17:27:38,689][kafka.coordinator][INFO]Heartbeat successful
[2016-05-06 17:27:41,203][kafka.coordinator][INFO]Heartbeat successful
[2016-05-06 17:27:44,261][kafka.coordinator][INFO]Heartbeat successful
[2016-05-06 17:27:47,281][kafka.coordinator][INFO]Heartbeat successful
[2016-05-06 17:27:50,341][kafka.coordinator][INFO]Heartbeat successful
[2016-05-06 17:27:53,361][kafka.coordinator][INFO]Heartbeat successful
[2016-05-06 17:27:56,381][kafka.coordinator][INFO]Heartbeat successful
[2016-05-06 17:27:59,436][kafka.coordinator][INFO]Heartbeat successful
[2016-05-06 17:28:02,454][kafka.coordinator][INFO]Heartbeat successful
[2016-05-06 17:28:05,475][kafka.coordinator][INFO]Heartbeat successful
[2016-05-06 17:28:08,500][kafka.coordinator][INFO]Heartbeat successful
[2016-05-06 17:28:11,559][kafka.coordinator][INFO]Heartbeat successful
[2016-05-06 17:28:14,582][kafka.coordinator][INFO]Heartbeat successful
[2016-05-06 17:28:17,599][kafka.coordinator][INFO]Heartbeat successful
[2016-05-06 17:28:20,656][kafka.coordinator][INFO]Heartbeat successful
[2016-05-06 17:28:23,676][kafka.coordinator][INFO]Heartbeat successful
[2016-05-06 17:28:26,692][kafka.coordinator][INFO]Heartbeat successful
[2016-05-06 17:28:29,248][kafka.coordinator][INFO]Heartbeat successful
[2016-05-06 17:28:32,306][kafka.coordinator][INFO]Heartbeat successful
[2016-05-06 17:28:35,326][kafka.coordinator][INFO]Heartbeat successful
[2016-05-06 17:28:38,345][kafka.coordinator][INFO]Heartbeat successful
[2016-05-06 17:28:41,407][kafka.coordinator][INFO]Heartbeat successful
[2016-05-06 17:28:44,429][kafka.coordinator][INFO]Heartbeat successful
[2016-05-06 17:28:47,449][kafka.coordinator][INFO]Heartbeat successful
[2016-05-06 17:28:50,505][kafka.coordinator][INFO]Heartbeat successful
[2016-05-06 17:28:53,524][kafka.coordinator][INFO]Heartbeat successful
[2016-05-06 17:28:56,544][kafka.coordinator][INFO]Heartbeat successful
[2016-05-06 17:28:59,598][kafka.coordinator][INFO]Heartbeat successful
[2016-05-06 17:29:02,613][kafka.coordinator][INFO]Heartbeat successful
[2016-05-06 17:29:05,629][kafka.coordinator][INFO]Heartbeat successful
[2016-05-06 17:29:08,644][kafka.coordinator][INFO]Heartbeat successful
[2016-05-06 17:29:11,701][kafka.coordinator][INFO]Heartbeat successful
[2016-05-06 17:29:14,717][kafka.coordinator][INFO]Heartbeat successful
[2016-05-06 17:29:17,231][kafka.coordinator][INFO]Heartbeat successful
[2016-05-06 17:29:20,217][kafka.coordinator][WARNING]Coordinator unknown during heartbeat -- will retry
[2016-05-06 17:29:20,217][kafka.coordinator][WARNING]Heartbeat failed; retrying
[2016-05-06 17:29:20,319][kafka.coordinator][INFO]Heartbeat successful
[2016-05-06 17:29:23,375][kafka.coordinator][INFO]Heartbeat successful
[2016-05-06 17:29:26,389][kafka.coordinator][INFO]Heartbeat successful
[2016-05-06 17:29:29,405][kafka.coordinator][INFO]Heartbeat successful
[2016-05-06 17:29:32,456][kafka.coordinator][INFO]Heartbeat successful
[2016-05-06 17:29:35,469][kafka.coordinator][INFO]Heartbeat successful
[2016-05-06 17:29:38,483][kafka.coordinator][INFO]Heartbeat successful
[2016-05-06 17:29:41,536][kafka.coordinator][INFO]Heartbeat successful
[2016-05-06 17:29:44,550][kafka.coordinator][INFO]Heartbeat successful
[2016-05-06 17:29:47,564][kafka.coordinator][INFO]Heartbeat successful
