Beginning task setup

/usr/bin/flock
Using existing venv: /tmp/petrel-good-2-1462530265/venv
Task setup took 0 seconds
Launching: python -m petrel.run kafkaconsumer /home/pipe/twitterintel/topology/TopologyTweetTransformationGOOD/petrel27886_kafkaconsumer.log
/usr/local/lib/python2.7/dist-packages/petrel-0.9.4.0.3-py2.7.egg/petrel/run.py invoked with the following arguments: ['kafkaconsumer', '/home/pipe/twitterintel/topology/TopologyTweetTransformationGOOD/petrel27886_kafkaconsumer.log']
python version: 2.7.11
user=root
PATH=/tmp/petrel-good-2-1462530265/venv/bin:/root/SimpleScalar/simplesim-3.0:/root/SimpleScalar/bin:/root/SimpleScalar/gcc-2.6.3:/root/SimpleScalar/bin:/usr/local/sbin:/usr/local/bin:/usr/sbin:/usr/bin:/sbin:/bin:/usr/games:/usr/local/games:/home/pipe/Downloads/zookeeper-3.4.8/bin:/home/pipe/Downloads/apache-storm-0.9.4/bin
LD_LIBRARY_PATH=storm-local/supervisor/stormdist/good-2-1462530265/resources/Linux-amd64:storm-local/supervisor/stormdist/good-2-1462530265/resources:/usr/local/lib:/opt/local/lib:/usr/lib
PYTHON_EGG_CACHE=/tmp/petrel-good-2-1462530265/egg_cache
[2016-05-06 17:06:49,368][storm][INFO]Tuple profiling enabled. Will log tuple processing times.
[2016-05-06 17:06:51,866][storm][INFO]Task received setupInfo from Storm: {u'pidDir': u'/home/pipe/storm-local/workers/b4d0c9b9-b1e2-4c1f-89ff-20c0f4b6766d/pids', u'conf': {u'oauth.acess_token': u' 702208758362087425-HZiyl1x7Bh98cQa1WLBDYylyu10Bpl7', u'topology.tuple.serializer': u'backtype.storm.serialization.types.ListDelegateSerializer', u'topology.workers': 1, u'drpc.worker.threads': 64, u'storm.messaging.netty.client_worker_threads': 1, u'supervisor.heartbeat.frequency.secs': 5, u'topology.executor.send.buffer.size': 1024, u'drpc.childopts': u'-Xmx768m', u'nimbus.thrift.port': 6627, u'storm.zookeeper.retry.intervalceiling.millis': 30000, u'storm.local.dir': u'storm-local', u'topology.receiver.buffer.size': 8, u'storm.zookeeper.servers': [u'localhost'], u'oauth.consumer_secret': u'ADf76fi3O1lKMzBxWnjqf93l3GHv28uar3bkblkvyBrAyoA23i', u'transactional.zookeeper.root': u'/transactional', u'drpc.request.timeout.secs': 600, u'topology.skip.missing.kryo.registrations': False, u'worker.heartbeat.frequency.secs': 1, u'zmq.hwm': 0, u'storm.zookeeper.connection.timeout': 15000, u'java.library.path': u'/usr/local/lib:/opt/local/lib:/usr/lib', u'topology.max.error.report.per.interval': 5, u'storm.messaging.netty.server_worker_threads': 1, u'storm.id': u'good-2-1462530265', u'supervisor.worker.start.timeout.secs': 120, u'zmq.threads': 1, u'topology.acker.executors': None, u'storm.messaging.netty.flush.check.interval.ms': 10, u'storm.messaging.netty.transfer.batch.size': 262144, u'topology.max.task.parallelism': None, u'topology.environment': None, u'storm.zookeeper.port': 2181, u'nimbus.childopts': u'-Xmx1024m', u'topology.classpath': None, u'worker.childopts': u'-Xmx768m', u'drpc.queue.size': 128, u'topology.multilang.serializer': u'backtype.storm.multilang.JsonSerializer', u'storm.zookeeper.retry.times': 5, u'nimbus.monitor.freq.secs': 10, u'storm.cluster.mode': u'distributed', u'dev.zookeeper.path': u'/tmp/dev-storm-zookeeper', u'drpc.invocations.port': 3773, u'topology.tasks': None, u'storm.zookeeper.root': u'/storm', u'logviewer.childopts': u'-Xmx128m', u'storm.meta.serialization.delegate': u'backtype.storm.serialization.DefaultSerializationDelegate', u'transactional.zookeeper.port': None, u'topology.worker.receiver.thread.count': 1, u'topology.worker.childopts': None, u'topology.max.spout.pending': None, u'topology.kryo.register': None, u'petrel.host': u'pipe-X550CC', u'nimbus.cleanup.inbox.freq.secs': 600, u'storm.messaging.netty.min_wait_ms': 100, u'nimbus.task.timeout.secs': 30, u'nimbus.thrift.max_buffer_size': 1048576, u'topology.sleep.spout.wait.strategy.time.ms': 1, u'nimbus.reassign': True, u'storm.messaging.transport': u'backtype.storm.messaging.netty.Context', u'logviewer.appender.name': u'A1', u'nimbus.host': u'localhost', u'ui.port': 8080, u'supervisor.slots.ports': [6700, 6701, 6702, 6703], u'nimbus.file.copy.expiration.secs': 600, u'supervisor.monitor.frequency.secs': 3, u'ui.childopts': u'-Xmx768m', u'transactional.zookeeper.servers': None, u'zmq.linger.millis': 5000, u'topology.error.throttle.interval.secs': 10, u'topology.worker.shared.thread.pool.size': 4, u'topology.executor.receive.buffer.size': 1024, u'topology.spout.wait.strategy': u'backtype.storm.spout.SleepSpoutWaitStrategy', u'task.heartbeat.frequency.secs': 3, u'topology.transfer.buffer.size': 1024, u'storm.zookeeper.session.timeout': 20000, u'storm.local.mode.zmq': False, u'topology.stats.sample.rate': 0.05, u'topology.fall.back.on.java.serialization': True, u'supervisor.childopts': u'-Xmx256m', u'topology.enable.message.timeouts': True, u'storm.messaging.netty.max_wait_ms': 1000, u'nimbus.topology.validator': u'backtype.storm.nimbus.DefaultTopologyValidator', u'nimbus.supervisor.timeout.secs': 60, u'topology.disruptor.wait.strategy': u'com.lmax.disruptor.BlockingWaitStrategy', u'storm.messaging.netty.buffer_size': 5242880, u'drpc.port': 3772, u'topology.kryo.factory': u'backtype.storm.serialization.DefaultKryoFactory', u'storm.zookeeper.retry.interval': 1000, u'storm.messaging.netty.max_retries': 300, u'topology.tick.tuple.freq.secs': 30, u'supervisor.enable': True, u'nimbus.task.launch.secs': 120, u'task.refresh.poll.secs': 10, u'topology.message.timeout.secs': 30, u'oauth.acess_token_secret': u'IiNOTfgE3tEZvW2HDQhRKPMoOLU43NXJCXk8maj51SdAT', u'petrel.user': u'root', u'nimbus.inbox.jar.expiration.secs': 3600, u'topology.state.synchronization.timeout.secs': 60, u'topology.name': u'good', u'supervisor.worker.timeout.secs': 30, u'topology.trident.batch.emit.interval.millis': 500, u'topology.builtin.metrics.bucket.size.secs': 60, u'storm.thrift.transport': u'backtype.storm.security.auth.SimpleTransportPlugin', u'logviewer.port': 8000, u'oauth.consumer_key': u'eaFmBSxUveRJfmyZYeabti9Q9', u'topology.kryo.decorators': [], u'topology.debug': False}, u'context': {u'task->component': {u'1': u'CountThreeWords', u'3': u'CountWord', u'2': u'CountTwoWords', u'5': u'ThreeWordDivider', u'4': u'KafkaConsumer', u'7': u'WordDivider', u'6': u'TwoWordDivider', u'8': u'__acker'}, u'taskid': 4}}
[2016-05-06 17:06:51,885][storm][INFO]Task sent pid to Storm
[2016-05-06 17:06:52,078][kafka.client][INFO]Broker version identifed as 0.9
[2016-05-06 17:06:52,079][kafka.consumer.subscription_state][INFO]Updating subscribed topics to: ['goodtopic']
[2016-05-06 17:06:52,161][kafka.cluster][INFO]Group coordinator for kafka-python-default-group is BrokerMetadata(nodeId=0, host=u'pipe-X550CC', port=9092)
[2016-05-06 17:06:52,970][kafka.coordinator][INFO]Joined group 'kafka-python-default-group' (generation 89) with member_id kafka-python-1.0.2-f0270aa6-29b4-4658-aff1-beb32a068c36
[2016-05-06 17:06:53,198][kafka.consumer.subscription_state][INFO]Updated partition assignment: [TopicPartition(topic=u'goodtopic', partition=0)]
[2016-05-06 17:06:56,249][kafka.coordinator][INFO]Heartbeat successful
[2016-05-06 17:06:59,263][kafka.coordinator][INFO]Heartbeat successful
[2016-05-06 17:07:02,278][kafka.coordinator][INFO]Heartbeat successful
[2016-05-06 17:07:05,337][kafka.coordinator][INFO]Heartbeat successful
[2016-05-06 17:07:08,353][kafka.coordinator][INFO]Heartbeat successful
[2016-05-06 17:07:11,371][kafka.coordinator][INFO]Heartbeat successful
[2016-05-06 17:07:14,429][kafka.coordinator][INFO]Heartbeat successful
[2016-05-06 17:07:17,445][kafka.coordinator][INFO]Heartbeat successful
[2016-05-06 17:07:20,457][kafka.coordinator][INFO]Heartbeat successful
[2016-05-06 17:07:23,469][kafka.coordinator][INFO]Heartbeat successful
[2016-05-06 17:07:26,522][kafka.coordinator][INFO]Heartbeat successful
[2016-05-06 17:07:29,536][kafka.coordinator][INFO]Heartbeat successful
[2016-05-06 17:07:32,549][kafka.coordinator][INFO]Heartbeat successful
[2016-05-06 17:07:35,600][kafka.coordinator][INFO]Heartbeat successful
[2016-05-06 17:07:38,617][kafka.coordinator][INFO]Heartbeat successful
[2016-05-06 17:07:41,638][kafka.coordinator][INFO]Heartbeat successful
[2016-05-06 17:07:44,696][kafka.coordinator][INFO]Heartbeat successful
[2016-05-06 17:07:47,709][kafka.coordinator][INFO]Heartbeat successful
[2016-05-06 17:07:50,227][kafka.coordinator][INFO]Heartbeat successful
[2016-05-06 17:07:53,284][kafka.coordinator][INFO]Heartbeat successful
[2016-05-06 17:07:56,302][kafka.coordinator][INFO]Heartbeat successful
[2016-05-06 17:07:59,359][kafka.coordinator][INFO]Heartbeat successful
[2016-05-06 17:08:02,378][kafka.coordinator][INFO]Heartbeat successful
[2016-05-06 17:08:05,391][kafka.coordinator][INFO]Heartbeat successful
[2016-05-06 17:08:08,406][kafka.coordinator][INFO]Heartbeat successful
[2016-05-06 17:08:11,464][kafka.coordinator][INFO]Heartbeat successful
[2016-05-06 17:08:14,479][kafka.coordinator][INFO]Heartbeat successful
[2016-05-06 17:08:17,495][kafka.coordinator][INFO]Heartbeat successful
[2016-05-06 17:08:20,551][kafka.coordinator][INFO]Heartbeat successful
[2016-05-06 17:08:23,563][kafka.coordinator][INFO]Heartbeat successful
[2016-05-06 17:08:26,579][kafka.coordinator][INFO]Heartbeat successful
[2016-05-06 17:08:29,633][kafka.coordinator][INFO]Heartbeat successful
[2016-05-06 17:08:32,645][kafka.coordinator][INFO]Heartbeat successful
[2016-05-06 17:08:35,666][kafka.coordinator][INFO]Heartbeat successful
[2016-05-06 17:08:38,683][kafka.coordinator][INFO]Heartbeat successful
[2016-05-06 17:08:41,237][kafka.coordinator][INFO]Heartbeat successful
[2016-05-06 17:08:44,289][kafka.coordinator][INFO]Heartbeat successful
[2016-05-06 17:08:47,301][kafka.coordinator][INFO]Heartbeat successful
[2016-05-06 17:08:50,358][kafka.coordinator][INFO]Heartbeat successful
[2016-05-06 17:08:53,372][kafka.coordinator][INFO]Heartbeat successful
[2016-05-06 17:08:56,387][kafka.coordinator][INFO]Heartbeat successful
[2016-05-06 17:08:59,405][kafka.coordinator][INFO]Heartbeat successful
[2016-05-06 17:09:02,460][kafka.coordinator][INFO]Heartbeat successful
[2016-05-06 17:09:05,476][kafka.coordinator][INFO]Heartbeat successful
[2016-05-06 17:09:08,493][kafka.coordinator][INFO]Heartbeat successful
[2016-05-06 17:09:11,552][kafka.coordinator][INFO]Heartbeat successful
[2016-05-06 17:09:14,567][kafka.coordinator][INFO]Heartbeat successful
[2016-05-06 17:09:17,584][kafka.coordinator][INFO]Heartbeat successful
[2016-05-06 17:09:20,642][kafka.coordinator][INFO]Heartbeat successful
[2016-05-06 17:09:23,660][kafka.coordinator][INFO]Heartbeat successful
[2016-05-06 17:09:26,678][kafka.coordinator][INFO]Heartbeat successful
[2016-05-06 17:09:29,696][kafka.coordinator][INFO]Heartbeat successful
[2016-05-06 17:09:32,246][kafka.coordinator][INFO]Heartbeat successful
[2016-05-06 17:09:35,299][kafka.coordinator][INFO]Heartbeat successful
[2016-05-06 17:09:38,313][kafka.coordinator][INFO]Heartbeat successful
[2016-05-06 17:09:41,365][kafka.coordinator][INFO]Heartbeat successful
[2016-05-06 17:09:44,375][kafka.coordinator][INFO]Heartbeat successful
[2016-05-06 17:09:47,389][kafka.coordinator][INFO]Heartbeat successful
[2016-05-06 17:09:50,442][kafka.coordinator][INFO]Heartbeat successful
[2016-05-06 17:09:53,460][kafka.coordinator][INFO]Heartbeat successful
[2016-05-06 17:09:56,474][kafka.coordinator][INFO]Heartbeat successful
[2016-05-06 17:09:59,485][kafka.coordinator][INFO]Heartbeat successful
[2016-05-06 17:10:02,542][kafka.coordinator][INFO]Heartbeat successful
[2016-05-06 17:10:05,560][kafka.coordinator][INFO]Heartbeat successful
[2016-05-06 17:10:08,577][kafka.coordinator][INFO]Heartbeat successful
[2016-05-06 17:10:11,632][kafka.coordinator][INFO]Heartbeat successful
[2016-05-06 17:10:14,643][kafka.coordinator][INFO]Heartbeat successful
[2016-05-06 17:10:17,664][kafka.coordinator][INFO]Heartbeat successful
[2016-05-06 17:10:20,723][kafka.coordinator][INFO]Heartbeat successful
[2016-05-06 17:10:23,740][kafka.coordinator][INFO]Heartbeat successful
[2016-05-06 17:10:26,253][kafka.coordinator][INFO]Heartbeat successful
[2016-05-06 17:10:29,314][kafka.coordinator][INFO]Heartbeat successful
[2016-05-06 17:10:32,329][kafka.coordinator][INFO]Heartbeat successful
[2016-05-06 17:10:35,344][kafka.coordinator][INFO]Heartbeat successful
[2016-05-06 17:10:38,398][kafka.coordinator][INFO]Heartbeat successful
[2016-05-06 17:10:41,407][kafka.coordinator][INFO]Heartbeat successful
[2016-05-06 17:10:44,420][kafka.coordinator][INFO]Heartbeat successful
[2016-05-06 17:10:47,471][kafka.coordinator][INFO]Heartbeat successful
[2016-05-06 17:10:50,486][kafka.coordinator][INFO]Heartbeat successful
[2016-05-06 17:10:53,503][kafka.coordinator][INFO]Heartbeat successful
[2016-05-06 17:10:56,559][kafka.coordinator][INFO]Heartbeat successful
[2016-05-06 17:10:59,583][kafka.coordinator][INFO]Heartbeat successful
[2016-05-06 17:11:02,599][kafka.coordinator][INFO]Heartbeat successful
[2016-05-06 17:11:05,613][kafka.coordinator][INFO]Heartbeat successful
[2016-05-06 17:11:08,674][kafka.coordinator][INFO]Heartbeat successful
[2016-05-06 17:11:11,693][kafka.coordinator][INFO]Heartbeat successful
[2016-05-06 17:11:14,711][kafka.coordinator][INFO]Heartbeat successful
[2016-05-06 17:11:17,278][kafka.coordinator][INFO]Heartbeat successful
[2016-05-06 17:11:20,332][kafka.coordinator][INFO]Heartbeat successful
[2016-05-06 17:11:23,353][kafka.coordinator][INFO]Heartbeat successful
[2016-05-06 17:11:26,405][kafka.coordinator][INFO]Heartbeat successful
[2016-05-06 17:11:29,418][kafka.coordinator][INFO]Heartbeat successful
[2016-05-06 17:11:32,436][kafka.coordinator][INFO]Heartbeat successful
[2016-05-06 17:11:35,451][kafka.coordinator][INFO]Heartbeat successful
[2016-05-06 17:11:38,510][kafka.coordinator][INFO]Heartbeat successful
[2016-05-06 17:11:41,530][kafka.coordinator][INFO]Heartbeat successful
[2016-05-06 17:11:44,545][kafka.coordinator][INFO]Heartbeat successful
[2016-05-06 17:11:47,602][kafka.coordinator][INFO]Heartbeat successful
[2016-05-06 17:11:50,619][kafka.coordinator][INFO]Heartbeat successful
[2016-05-06 17:11:53,669][kafka.coordinator][INFO]Heartbeat successful
[2016-05-06 17:11:56,685][kafka.coordinator][INFO]Heartbeat successful
[2016-05-06 17:11:59,698][kafka.coordinator][INFO]Heartbeat successful
[2016-05-06 17:12:02,748][kafka.coordinator][INFO]Heartbeat successful
[2016-05-06 17:12:05,260][kafka.coordinator][INFO]Heartbeat successful
[2016-05-06 17:12:08,319][kafka.coordinator][INFO]Heartbeat successful
[2016-05-06 17:12:11,332][kafka.coordinator][INFO]Heartbeat successful
