Beginning task setup

/usr/bin/flock
Using existing venv: /tmp/petrel-good-2-1462530265/venv
Task setup took 0 seconds
Launching: python -m petrel.run twowordcount /home/pipe/twitterintel/topology/TopologyTweetTransformationGOOD/petrel27272_twowordcount.log
/usr/local/lib/python2.7/dist-packages/petrel-0.9.4.0.3-py2.7.egg/petrel/run.py invoked with the following arguments: ['twowordcount', '/home/pipe/twitterintel/topology/TopologyTweetTransformationGOOD/petrel27272_twowordcount.log']
python version: 2.7.11
user=root
PATH=/tmp/petrel-good-2-1462530265/venv/bin:/root/SimpleScalar/simplesim-3.0:/root/SimpleScalar/bin:/root/SimpleScalar/gcc-2.6.3:/root/SimpleScalar/bin:/usr/local/sbin:/usr/local/bin:/usr/sbin:/usr/bin:/sbin:/bin:/usr/games:/usr/local/games:/home/pipe/Downloads/zookeeper-3.4.8/bin:/home/pipe/Downloads/apache-storm-0.9.4/bin
LD_LIBRARY_PATH=storm-local/supervisor/stormdist/good-2-1462530265/resources/Linux-amd64:storm-local/supervisor/stormdist/good-2-1462530265/resources:/usr/local/lib:/opt/local/lib:/usr/lib
PYTHON_EGG_CACHE=/tmp/petrel-good-2-1462530265/egg_cache
[2016-05-06 16:48:52,142][storm][INFO]Tuple profiling enabled. Will log tuple processing times.
[2016-05-06 16:49:02,146][storm][INFO]Task received setupInfo from Storm: {u'pidDir': u'/home/pipe/storm-local/workers/4c90ac55-07ce-47ff-874e-f001f1159750/pids', u'conf': {u'oauth.acess_token': u' 702208758362087425-HZiyl1x7Bh98cQa1WLBDYylyu10Bpl7', u'topology.tuple.serializer': u'backtype.storm.serialization.types.ListDelegateSerializer', u'topology.workers': 1, u'drpc.worker.threads': 64, u'storm.messaging.netty.client_worker_threads': 1, u'supervisor.heartbeat.frequency.secs': 5, u'topology.executor.send.buffer.size': 1024, u'drpc.childopts': u'-Xmx768m', u'nimbus.thrift.port': 6627, u'storm.zookeeper.retry.intervalceiling.millis': 30000, u'storm.local.dir': u'storm-local', u'topology.receiver.buffer.size': 8, u'storm.zookeeper.servers': [u'localhost'], u'oauth.consumer_secret': u'ADf76fi3O1lKMzBxWnjqf93l3GHv28uar3bkblkvyBrAyoA23i', u'transactional.zookeeper.root': u'/transactional', u'drpc.request.timeout.secs': 600, u'topology.skip.missing.kryo.registrations': False, u'worker.heartbeat.frequency.secs': 1, u'zmq.hwm': 0, u'storm.zookeeper.connection.timeout': 15000, u'java.library.path': u'/usr/local/lib:/opt/local/lib:/usr/lib', u'topology.max.error.report.per.interval': 5, u'storm.messaging.netty.server_worker_threads': 1, u'storm.id': u'good-2-1462530265', u'supervisor.worker.start.timeout.secs': 120, u'zmq.threads': 1, u'topology.acker.executors': None, u'storm.messaging.netty.flush.check.interval.ms': 10, u'storm.messaging.netty.transfer.batch.size': 262144, u'topology.max.task.parallelism': None, u'topology.environment': None, u'storm.zookeeper.port': 2181, u'nimbus.childopts': u'-Xmx1024m', u'topology.classpath': None, u'worker.childopts': u'-Xmx768m', u'drpc.queue.size': 128, u'topology.multilang.serializer': u'backtype.storm.multilang.JsonSerializer', u'storm.zookeeper.retry.times': 5, u'nimbus.monitor.freq.secs': 10, u'storm.cluster.mode': u'distributed', u'dev.zookeeper.path': u'/tmp/dev-storm-zookeeper', u'drpc.invocations.port': 3773, u'topology.tasks': None, u'storm.zookeeper.root': u'/storm', u'logviewer.childopts': u'-Xmx128m', u'storm.meta.serialization.delegate': u'backtype.storm.serialization.DefaultSerializationDelegate', u'transactional.zookeeper.port': None, u'topology.worker.receiver.thread.count': 1, u'topology.worker.childopts': None, u'topology.max.spout.pending': None, u'topology.kryo.register': None, u'petrel.host': u'pipe-X550CC', u'nimbus.cleanup.inbox.freq.secs': 600, u'storm.messaging.netty.min_wait_ms': 100, u'nimbus.task.timeout.secs': 30, u'nimbus.thrift.max_buffer_size': 1048576, u'topology.sleep.spout.wait.strategy.time.ms': 1, u'nimbus.reassign': True, u'storm.messaging.transport': u'backtype.storm.messaging.netty.Context', u'logviewer.appender.name': u'A1', u'nimbus.host': u'localhost', u'ui.port': 8080, u'supervisor.slots.ports': [6700, 6701, 6702, 6703], u'nimbus.file.copy.expiration.secs': 600, u'supervisor.monitor.frequency.secs': 3, u'ui.childopts': u'-Xmx768m', u'transactional.zookeeper.servers': None, u'zmq.linger.millis': 5000, u'topology.error.throttle.interval.secs': 10, u'topology.worker.shared.thread.pool.size': 4, u'topology.executor.receive.buffer.size': 1024, u'topology.spout.wait.strategy': u'backtype.storm.spout.SleepSpoutWaitStrategy', u'task.heartbeat.frequency.secs': 3, u'topology.transfer.buffer.size': 1024, u'storm.zookeeper.session.timeout': 20000, u'storm.local.mode.zmq': False, u'topology.stats.sample.rate': 0.05, u'topology.fall.back.on.java.serialization': True, u'supervisor.childopts': u'-Xmx256m', u'topology.enable.message.timeouts': True, u'storm.messaging.netty.max_wait_ms': 1000, u'nimbus.topology.validator': u'backtype.storm.nimbus.DefaultTopologyValidator', u'nimbus.supervisor.timeout.secs': 60, u'topology.disruptor.wait.strategy': u'com.lmax.disruptor.BlockingWaitStrategy', u'storm.messaging.netty.buffer_size': 5242880, u'drpc.port': 3772, u'topology.kryo.factory': u'backtype.storm.serialization.DefaultKryoFactory', u'storm.zookeeper.retry.interval': 1000, u'storm.messaging.netty.max_retries': 300, u'topology.tick.tuple.freq.secs': 300, u'supervisor.enable': True, u'nimbus.task.launch.secs': 120, u'task.refresh.poll.secs': 10, u'topology.message.timeout.secs': 30, u'oauth.acess_token_secret': u'IiNOTfgE3tEZvW2HDQhRKPMoOLU43NXJCXk8maj51SdAT', u'petrel.user': u'root', u'nimbus.inbox.jar.expiration.secs': 3600, u'topology.state.synchronization.timeout.secs': 60, u'topology.name': u'good', u'supervisor.worker.timeout.secs': 30, u'topology.trident.batch.emit.interval.millis': 500, u'topology.builtin.metrics.bucket.size.secs': 60, u'storm.thrift.transport': u'backtype.storm.security.auth.SimpleTransportPlugin', u'logviewer.port': 8000, u'oauth.consumer_key': u'eaFmBSxUveRJfmyZYeabti9Q9', u'topology.kryo.decorators': [], u'topology.debug': False}, u'context': {u'task->component': {u'1': u'CountThreeWords', u'3': u'CountWord', u'2': u'CountTwoWords', u'5': u'ThreeWordDivider', u'4': u'KafkaConsumer', u'7': u'WordDivider', u'6': u'TwoWordDivider', u'8': u'__acker'}, u'taskid': 2}}
[2016-05-06 16:49:02,147][storm][INFO]Task sent pid to Storm
[2016-05-06 16:52:34,109][storm][DEBUG]BasicBolt profile: total_num_tuples=1, num_tuples=1, avg_read_time=0.384633 (46.3%), avg_process_time=0.446809 (53.7%), avg_ack_time=0.000091 (0.0%)
[2016-05-06 16:52:53,205][storm][DEBUG]BasicBolt profile: total_num_tuples=37, num_tuples=36, avg_read_time=0.009045 (58.7%), avg_process_time=0.006296 (40.9%), avg_ack_time=0.000068 (0.4%)
[2016-05-06 16:52:54,222][storm][DEBUG]BasicBolt profile: total_num_tuples=98, num_tuples=61, avg_read_time=0.011124 (66.7%), avg_process_time=0.005148 (30.9%), avg_ack_time=0.000398 (2.4%)
[2016-05-06 16:52:55,234][storm][DEBUG]BasicBolt profile: total_num_tuples=136, num_tuples=38, avg_read_time=0.025550 (96.0%), avg_process_time=0.001009 (3.8%), avg_ack_time=0.000054 (0.2%)
[2016-05-06 16:52:56,259][storm][DEBUG]BasicBolt profile: total_num_tuples=201, num_tuples=65, avg_read_time=0.014374 (91.2%), avg_process_time=0.001314 (8.3%), avg_ack_time=0.000071 (0.5%)
[2016-05-06 16:52:57,369][storm][DEBUG]BasicBolt profile: total_num_tuples=238, num_tuples=37, avg_read_time=0.028459 (95.0%), avg_process_time=0.001458 (4.9%), avg_ack_time=0.000055 (0.2%)
[2016-05-06 16:52:58,372][storm][DEBUG]BasicBolt profile: total_num_tuples=265, num_tuples=27, avg_read_time=0.036079 (97.2%), avg_process_time=0.000994 (2.7%), avg_ack_time=0.000061 (0.2%)
[2016-05-06 16:52:59,488][storm][DEBUG]BasicBolt profile: total_num_tuples=324, num_tuples=59, avg_read_time=0.017643 (93.3%), avg_process_time=0.001164 (6.2%), avg_ack_time=0.000104 (0.5%)
[2016-05-06 16:53:00,601][storm][DEBUG]BasicBolt profile: total_num_tuples=346, num_tuples=22, avg_read_time=0.036308 (71.8%), avg_process_time=0.014230 (28.1%), avg_ack_time=0.000058 (0.1%)
[2016-05-06 16:53:02,754][storm][DEBUG]BasicBolt profile: total_num_tuples=400, num_tuples=54, avg_read_time=0.015483 (71.8%), avg_process_time=0.005950 (27.6%), avg_ack_time=0.000128 (0.6%)
[2016-05-06 16:53:03,960][storm][DEBUG]BasicBolt profile: total_num_tuples=413, num_tuples=13, avg_read_time=0.007307 (7.9%), avg_process_time=0.084901 (91.6%), avg_ack_time=0.000519 (0.6%)
[2016-05-06 16:53:05,000][storm][DEBUG]BasicBolt profile: total_num_tuples=540, num_tuples=127, avg_read_time=0.000134 (1.7%), avg_process_time=0.007695 (94.7%), avg_ack_time=0.000300 (3.7%)
[2016-05-06 16:53:06,049][storm][DEBUG]BasicBolt profile: total_num_tuples=556, num_tuples=16, avg_read_time=0.013728 (86.2%), avg_process_time=0.002127 (13.4%), avg_ack_time=0.000067 (0.4%)
[2016-05-06 16:53:07,067][storm][DEBUG]BasicBolt profile: total_num_tuples=634, num_tuples=78, avg_read_time=0.009028 (69.3%), avg_process_time=0.003812 (29.2%), avg_ack_time=0.000193 (1.5%)
[2016-05-06 16:53:08,093][storm][DEBUG]BasicBolt profile: total_num_tuples=695, num_tuples=61, avg_read_time=0.014663 (87.2%), avg_process_time=0.002068 (12.3%), avg_ack_time=0.000081 (0.5%)
[2016-05-06 16:53:09,283][storm][DEBUG]BasicBolt profile: total_num_tuples=723, num_tuples=28, avg_read_time=0.040692 (95.8%), avg_process_time=0.001711 (4.0%), avg_ack_time=0.000058 (0.1%)
[2016-05-06 16:53:10,450][storm][DEBUG]BasicBolt profile: total_num_tuples=748, num_tuples=25, avg_read_time=0.040995 (87.8%), avg_process_time=0.005587 (12.0%), avg_ack_time=0.000101 (0.2%)
[2016-05-06 16:53:11,451][storm][DEBUG]BasicBolt profile: total_num_tuples=788, num_tuples=40, avg_read_time=0.023148 (92.5%), avg_process_time=0.001737 (6.9%), avg_ack_time=0.000133 (0.5%)
[2016-05-06 16:53:12,465][storm][DEBUG]BasicBolt profile: total_num_tuples=815, num_tuples=27, avg_read_time=0.035530 (94.7%), avg_process_time=0.001931 (5.1%), avg_ack_time=0.000048 (0.1%)
[2016-05-06 16:53:13,546][storm][DEBUG]BasicBolt profile: total_num_tuples=864, num_tuples=49, avg_read_time=0.017263 (78.3%), avg_process_time=0.004695 (21.3%), avg_ack_time=0.000087 (0.4%)
[2016-05-06 16:53:14,548][storm][DEBUG]BasicBolt profile: total_num_tuples=912, num_tuples=48, avg_read_time=0.017945 (86.0%), avg_process_time=0.002767 (13.3%), avg_ack_time=0.000164 (0.8%)
[2016-05-06 16:53:15,739][storm][DEBUG]BasicBolt profile: total_num_tuples=945, num_tuples=33, avg_read_time=0.027055 (75.0%), avg_process_time=0.008869 (24.6%), avg_ack_time=0.000160 (0.4%)
[2016-05-06 16:53:16,969][storm][DEBUG]BasicBolt profile: total_num_tuples=992, num_tuples=47, avg_read_time=0.018336 (70.1%), avg_process_time=0.007727 (29.6%), avg_ack_time=0.000081 (0.3%)
[2016-05-06 16:53:17,995][storm][DEBUG]BasicBolt profile: total_num_tuples=1078, num_tuples=86, avg_read_time=0.007477 (62.7%), avg_process_time=0.004314 (36.2%), avg_ack_time=0.000134 (1.1%)
[2016-05-06 16:53:19,174][storm][DEBUG]BasicBolt profile: total_num_tuples=1141, num_tuples=63, avg_read_time=0.016228 (87.5%), avg_process_time=0.002172 (11.7%), avg_ack_time=0.000153 (0.8%)
[2016-05-06 16:53:20,183][storm][DEBUG]BasicBolt profile: total_num_tuples=1227, num_tuples=86, avg_read_time=0.008792 (75.0%), avg_process_time=0.002873 (24.5%), avg_ack_time=0.000059 (0.5%)
[2016-05-06 16:53:21,190][storm][DEBUG]BasicBolt profile: total_num_tuples=1277, num_tuples=50, avg_read_time=0.018362 (91.2%), avg_process_time=0.001710 (8.5%), avg_ack_time=0.000054 (0.3%)
[2016-05-06 16:53:22,362][storm][DEBUG]BasicBolt profile: total_num_tuples=1327, num_tuples=50, avg_read_time=0.020923 (89.2%), avg_process_time=0.002410 (10.3%), avg_ack_time=0.000114 (0.5%)
[2016-05-06 16:53:23,455][storm][DEBUG]BasicBolt profile: total_num_tuples=1363, num_tuples=36, avg_read_time=0.027797 (91.6%), avg_process_time=0.002450 (8.1%), avg_ack_time=0.000088 (0.3%)
[2016-05-06 16:53:24,460][storm][DEBUG]BasicBolt profile: total_num_tuples=1412, num_tuples=49, avg_read_time=0.014449 (70.9%), avg_process_time=0.005791 (28.4%), avg_ack_time=0.000131 (0.6%)
[2016-05-06 16:53:25,670][storm][DEBUG]BasicBolt profile: total_num_tuples=1446, num_tuples=34, avg_read_time=0.031007 (87.2%), avg_process_time=0.004481 (12.6%), avg_ack_time=0.000076 (0.2%)
[2016-05-06 16:53:26,670][storm][DEBUG]BasicBolt profile: total_num_tuples=1508, num_tuples=62, avg_read_time=0.013262 (82.3%), avg_process_time=0.002788 (17.3%), avg_ack_time=0.000069 (0.4%)
[2016-05-06 16:53:27,954][storm][DEBUG]BasicBolt profile: total_num_tuples=1536, num_tuples=28, avg_read_time=0.043016 (93.9%), avg_process_time=0.002733 (6.0%), avg_ack_time=0.000056 (0.1%)
[2016-05-06 16:53:29,110][storm][DEBUG]BasicBolt profile: total_num_tuples=1581, num_tuples=45, avg_read_time=0.003875 (15.1%), avg_process_time=0.021714 (84.6%), avg_ack_time=0.000088 (0.3%)
[2016-05-06 16:53:30,122][storm][DEBUG]BasicBolt profile: total_num_tuples=1647, num_tuples=66, avg_read_time=0.011707 (76.3%), avg_process_time=0.003500 (22.8%), avg_ack_time=0.000127 (0.8%)
[2016-05-06 16:53:31,318][storm][DEBUG]BasicBolt profile: total_num_tuples=1708, num_tuples=61, avg_read_time=0.015893 (81.1%), avg_process_time=0.003652 (18.6%), avg_ack_time=0.000046 (0.2%)
[2016-05-06 16:53:32,349][storm][DEBUG]BasicBolt profile: total_num_tuples=1749, num_tuples=41, avg_read_time=0.021640 (86.1%), avg_process_time=0.003437 (13.7%), avg_ack_time=0.000054 (0.2%)
[2016-05-06 16:53:33,467][storm][DEBUG]BasicBolt profile: total_num_tuples=1793, num_tuples=44, avg_read_time=0.020067 (79.1%), avg_process_time=0.005208 (20.5%), avg_ack_time=0.000085 (0.3%)
[2016-05-06 16:53:34,580][storm][DEBUG]BasicBolt profile: total_num_tuples=1820, num_tuples=27, avg_read_time=0.037887 (91.9%), avg_process_time=0.003304 (8.0%), avg_ack_time=0.000038 (0.1%)
[2016-05-06 16:53:37,043][storm][DEBUG]BasicBolt profile: total_num_tuples=1852, num_tuples=32, avg_read_time=0.044317 (94.9%), avg_process_time=0.002316 (5.0%), avg_ack_time=0.000052 (0.1%)
[2016-05-06 16:53:37,858][storm][INFO]Caught exception
[2016-05-06 16:53:37,858][storm][ERROR]Sent failure message ("E_BOLTFAILED__twowordcount__pipe-X550CC__pid__27272__port__-1__taskindex__-1__IndexError") to Storm
[2016-05-06 16:53:42,863][storm][ERROR]Caught exception in BasicBolt.run
Traceback (most recent call last):
  File "/usr/local/lib/python2.7/dist-packages/petrel-0.9.4.0.3-py2.7.egg/petrel/storm.py", line 383, in run
    self.process(tup)
  File "/home/pipe/storm-local/supervisor/stormdist/good-2-1462530265/resources/twowordcount.py", line 24, in process
    aux='GOOD'+tup.values[1]
IndexError: list index out of range
[2016-05-06 16:53:43,037][storm][ERROR]The error occurred while processing this tuple: [300]
Worker twowordcount exiting normally.
