Beginning task setup

/usr/bin/flock
Using existing venv: /tmp/petrel-good-2-1462530265/venv
Task setup took 0 seconds
Launching: python -m petrel.run kafkaconsumer /home/pipe/twitterintel/topology/TopologyTweetTransformationGOOD/petrel26998_kafkaconsumer.log
/usr/local/lib/python2.7/dist-packages/petrel-0.9.4.0.3-py2.7.egg/petrel/run.py invoked with the following arguments: ['kafkaconsumer', '/home/pipe/twitterintel/topology/TopologyTweetTransformationGOOD/petrel26998_kafkaconsumer.log']
python version: 2.7.11
user=root
PATH=/tmp/petrel-good-2-1462530265/venv/bin:/root/SimpleScalar/simplesim-3.0:/root/SimpleScalar/bin:/root/SimpleScalar/gcc-2.6.3:/root/SimpleScalar/bin:/usr/local/sbin:/usr/local/bin:/usr/sbin:/usr/bin:/sbin:/bin:/usr/games:/usr/local/games:/home/pipe/Downloads/zookeeper-3.4.8/bin:/home/pipe/Downloads/apache-storm-0.9.4/bin
LD_LIBRARY_PATH=storm-local/supervisor/stormdist/good-2-1462530265/resources/Linux-amd64:storm-local/supervisor/stormdist/good-2-1462530265/resources:/usr/local/lib:/opt/local/lib:/usr/lib
PYTHON_EGG_CACHE=/tmp/petrel-good-2-1462530265/egg_cache
[2016-05-06 17:00:56,068][storm][INFO]Tuple profiling enabled. Will log tuple processing times.
[2016-05-06 17:00:56,216][storm][INFO]Task received setupInfo from Storm: {u'pidDir': u'/home/pipe/storm-local/workers/b73432cc-51d1-4d58-b878-eeb9e9728121/pids', u'conf': {u'oauth.acess_token': u' 702208758362087425-HZiyl1x7Bh98cQa1WLBDYylyu10Bpl7', u'topology.tuple.serializer': u'backtype.storm.serialization.types.ListDelegateSerializer', u'topology.workers': 1, u'drpc.worker.threads': 64, u'storm.messaging.netty.client_worker_threads': 1, u'supervisor.heartbeat.frequency.secs': 5, u'topology.executor.send.buffer.size': 1024, u'drpc.childopts': u'-Xmx768m', u'nimbus.thrift.port': 6627, u'storm.zookeeper.retry.intervalceiling.millis': 30000, u'storm.local.dir': u'storm-local', u'topology.receiver.buffer.size': 8, u'storm.zookeeper.servers': [u'localhost'], u'oauth.consumer_secret': u'ADf76fi3O1lKMzBxWnjqf93l3GHv28uar3bkblkvyBrAyoA23i', u'transactional.zookeeper.root': u'/transactional', u'drpc.request.timeout.secs': 600, u'topology.skip.missing.kryo.registrations': False, u'worker.heartbeat.frequency.secs': 1, u'zmq.hwm': 0, u'storm.zookeeper.connection.timeout': 15000, u'java.library.path': u'/usr/local/lib:/opt/local/lib:/usr/lib', u'topology.max.error.report.per.interval': 5, u'storm.messaging.netty.server_worker_threads': 1, u'storm.id': u'good-2-1462530265', u'supervisor.worker.start.timeout.secs': 120, u'zmq.threads': 1, u'topology.acker.executors': None, u'storm.messaging.netty.flush.check.interval.ms': 10, u'storm.messaging.netty.transfer.batch.size': 262144, u'topology.max.task.parallelism': None, u'topology.environment': None, u'storm.zookeeper.port': 2181, u'nimbus.childopts': u'-Xmx1024m', u'topology.classpath': None, u'worker.childopts': u'-Xmx768m', u'drpc.queue.size': 128, u'topology.multilang.serializer': u'backtype.storm.multilang.JsonSerializer', u'storm.zookeeper.retry.times': 5, u'nimbus.monitor.freq.secs': 10, u'storm.cluster.mode': u'distributed', u'dev.zookeeper.path': u'/tmp/dev-storm-zookeeper', u'drpc.invocations.port': 3773, u'topology.tasks': None, u'storm.zookeeper.root': u'/storm', u'logviewer.childopts': u'-Xmx128m', u'storm.meta.serialization.delegate': u'backtype.storm.serialization.DefaultSerializationDelegate', u'transactional.zookeeper.port': None, u'topology.worker.receiver.thread.count': 1, u'topology.worker.childopts': None, u'topology.max.spout.pending': None, u'topology.kryo.register': None, u'petrel.host': u'pipe-X550CC', u'nimbus.cleanup.inbox.freq.secs': 600, u'storm.messaging.netty.min_wait_ms': 100, u'nimbus.task.timeout.secs': 30, u'nimbus.thrift.max_buffer_size': 1048576, u'topology.sleep.spout.wait.strategy.time.ms': 1, u'nimbus.reassign': True, u'storm.messaging.transport': u'backtype.storm.messaging.netty.Context', u'logviewer.appender.name': u'A1', u'nimbus.host': u'localhost', u'ui.port': 8080, u'supervisor.slots.ports': [6700, 6701, 6702, 6703], u'nimbus.file.copy.expiration.secs': 600, u'supervisor.monitor.frequency.secs': 3, u'ui.childopts': u'-Xmx768m', u'transactional.zookeeper.servers': None, u'zmq.linger.millis': 5000, u'topology.error.throttle.interval.secs': 10, u'topology.worker.shared.thread.pool.size': 4, u'topology.executor.receive.buffer.size': 1024, u'topology.spout.wait.strategy': u'backtype.storm.spout.SleepSpoutWaitStrategy', u'task.heartbeat.frequency.secs': 3, u'topology.transfer.buffer.size': 1024, u'storm.zookeeper.session.timeout': 20000, u'storm.local.mode.zmq': False, u'topology.stats.sample.rate': 0.05, u'topology.fall.back.on.java.serialization': True, u'supervisor.childopts': u'-Xmx256m', u'topology.enable.message.timeouts': True, u'storm.messaging.netty.max_wait_ms': 1000, u'nimbus.topology.validator': u'backtype.storm.nimbus.DefaultTopologyValidator', u'nimbus.supervisor.timeout.secs': 60, u'topology.disruptor.wait.strategy': u'com.lmax.disruptor.BlockingWaitStrategy', u'storm.messaging.netty.buffer_size': 5242880, u'drpc.port': 3772, u'topology.kryo.factory': u'backtype.storm.serialization.DefaultKryoFactory', u'storm.zookeeper.retry.interval': 1000, u'storm.messaging.netty.max_retries': 300, u'topology.tick.tuple.freq.secs': 30, u'supervisor.enable': True, u'nimbus.task.launch.secs': 120, u'task.refresh.poll.secs': 10, u'topology.message.timeout.secs': 30, u'oauth.acess_token_secret': u'IiNOTfgE3tEZvW2HDQhRKPMoOLU43NXJCXk8maj51SdAT', u'petrel.user': u'root', u'nimbus.inbox.jar.expiration.secs': 3600, u'topology.state.synchronization.timeout.secs': 60, u'topology.name': u'good', u'supervisor.worker.timeout.secs': 30, u'topology.trident.batch.emit.interval.millis': 500, u'topology.builtin.metrics.bucket.size.secs': 60, u'storm.thrift.transport': u'backtype.storm.security.auth.SimpleTransportPlugin', u'logviewer.port': 8000, u'oauth.consumer_key': u'eaFmBSxUveRJfmyZYeabti9Q9', u'topology.kryo.decorators': [], u'topology.debug': False}, u'context': {u'task->component': {u'1': u'CountThreeWords', u'3': u'CountWord', u'2': u'CountTwoWords', u'5': u'ThreeWordDivider', u'4': u'KafkaConsumer', u'7': u'WordDivider', u'6': u'TwoWordDivider', u'8': u'__acker'}, u'taskid': 4}}
[2016-05-06 17:00:56,221][storm][INFO]Task sent pid to Storm
[2016-05-06 17:00:56,383][kafka.client][INFO]Broker version identifed as 0.9
[2016-05-06 17:00:56,384][kafka.consumer.subscription_state][INFO]Updating subscribed topics to: ['goodtopic']
[2016-05-06 17:00:56,465][kafka.cluster][INFO]Group coordinator for kafka-python-default-group is BrokerMetadata(nodeId=0, host=u'pipe-X550CC', port=9092)
[2016-05-06 17:00:57,042][kafka.coordinator][INFO]Joined group 'kafka-python-default-group' (generation 87) with member_id kafka-python-1.0.2-20bd078b-e17b-46f4-8079-fa540163303c
[2016-05-06 17:00:57,261][kafka.consumer.subscription_state][INFO]Updated partition assignment: [TopicPartition(topic=u'goodtopic', partition=0)]
[2016-05-06 17:01:00,389][kafka.coordinator][INFO]Heartbeat successful
[2016-05-06 17:01:03,401][kafka.coordinator][INFO]Heartbeat successful
[2016-05-06 17:01:06,411][kafka.coordinator][INFO]Heartbeat successful
[2016-05-06 17:01:09,464][kafka.coordinator][INFO]Heartbeat successful
[2016-05-06 17:01:12,474][kafka.coordinator][INFO]Heartbeat successful
[2016-05-06 17:01:15,483][kafka.coordinator][INFO]Heartbeat successful
[2016-05-06 17:01:18,536][kafka.coordinator][INFO]Heartbeat successful
[2016-05-06 17:01:21,350][kafka.coordinator][INFO]Heartbeat successful
[2016-05-06 17:01:24,362][kafka.coordinator][INFO]Heartbeat successful
[2016-05-06 17:01:27,374][kafka.coordinator][INFO]Heartbeat successful
[2016-05-06 17:01:30,425][kafka.coordinator][INFO]Heartbeat successful
[2016-05-06 17:01:33,440][kafka.coordinator][INFO]Heartbeat successful
[2016-05-06 17:01:36,451][kafka.coordinator][INFO]Heartbeat successful
[2016-05-06 17:01:39,508][kafka.coordinator][INFO]Heartbeat successful
[2016-05-06 17:01:42,524][kafka.coordinator][INFO]Heartbeat successful
[2016-05-06 17:01:45,538][kafka.coordinator][INFO]Heartbeat successful
[2016-05-06 17:01:48,590][kafka.coordinator][INFO]Heartbeat successful
[2016-05-06 17:01:51,605][kafka.coordinator][INFO]Heartbeat successful
[2016-05-06 17:01:54,628][kafka.coordinator][INFO]Heartbeat successful
[2016-05-06 17:01:57,647][kafka.coordinator][INFO]Heartbeat successful
[2016-05-06 17:02:00,699][kafka.coordinator][INFO]Heartbeat successful
[2016-05-06 17:02:03,713][kafka.coordinator][INFO]Heartbeat successful
[2016-05-06 17:02:06,725][kafka.coordinator][INFO]Heartbeat successful
[2016-05-06 17:02:09,777][kafka.coordinator][INFO]Heartbeat successful
[2016-05-06 17:02:12,285][kafka.coordinator][INFO]Heartbeat successful
[2016-05-06 17:02:15,339][kafka.coordinator][INFO]Heartbeat successful
[2016-05-06 17:02:18,357][kafka.coordinator][INFO]Heartbeat successful
[2016-05-06 17:02:21,412][kafka.coordinator][INFO]Heartbeat successful
[2016-05-06 17:02:24,426][kafka.coordinator][INFO]Heartbeat successful
[2016-05-06 17:02:27,438][kafka.coordinator][INFO]Heartbeat successful
[2016-05-06 17:02:30,492][kafka.coordinator][INFO]Heartbeat successful
[2016-05-06 17:02:33,505][kafka.coordinator][INFO]Heartbeat successful
[2016-05-06 17:02:36,522][kafka.coordinator][INFO]Heartbeat successful
[2016-05-06 17:02:39,577][kafka.coordinator][INFO]Heartbeat successful
[2016-05-06 17:02:42,592][kafka.coordinator][INFO]Heartbeat successful
[2016-05-06 17:02:45,607][kafka.coordinator][INFO]Heartbeat successful
[2016-05-06 17:02:48,625][kafka.coordinator][INFO]Heartbeat successful
[2016-05-06 17:02:51,678][kafka.coordinator][INFO]Heartbeat successful
[2016-05-06 17:02:54,696][kafka.coordinator][INFO]Heartbeat successful
[2016-05-06 17:02:57,711][kafka.coordinator][INFO]Heartbeat successful
[2016-05-06 17:03:00,764][kafka.coordinator][INFO]Heartbeat successful
[2016-05-06 17:03:03,777][kafka.coordinator][INFO]Heartbeat successful
[2016-05-06 17:03:06,287][kafka.coordinator][INFO]Heartbeat successful
[2016-05-06 17:03:09,337][kafka.coordinator][INFO]Heartbeat successful
[2016-05-06 17:03:12,358][kafka.coordinator][INFO]Heartbeat successful
[2016-05-06 17:03:15,415][kafka.coordinator][INFO]Heartbeat successful
[2016-05-06 17:03:18,431][kafka.coordinator][INFO]Heartbeat successful
[2016-05-06 17:03:21,447][kafka.coordinator][INFO]Heartbeat successful
[2016-05-06 17:03:24,506][kafka.coordinator][INFO]Heartbeat successful
[2016-05-06 17:03:27,519][kafka.coordinator][INFO]Heartbeat successful
[2016-05-06 17:03:30,529][kafka.coordinator][INFO]Heartbeat successful
[2016-05-06 17:03:33,544][kafka.coordinator][INFO]Heartbeat successful
[2016-05-06 17:03:36,593][kafka.coordinator][INFO]Heartbeat successful
[2016-05-06 17:03:39,613][kafka.coordinator][INFO]Heartbeat successful
[2016-05-06 17:03:42,628][kafka.coordinator][INFO]Heartbeat successful
[2016-05-06 17:03:45,678][kafka.coordinator][INFO]Heartbeat successful
[2016-05-06 17:03:48,692][kafka.coordinator][INFO]Heartbeat successful
[2016-05-06 17:03:51,706][kafka.coordinator][INFO]Heartbeat successful
[2016-05-06 17:03:54,757][kafka.coordinator][INFO]Heartbeat successful
[2016-05-06 17:03:57,769][kafka.coordinator][INFO]Heartbeat successful
[2016-05-06 17:04:00,782][kafka.coordinator][INFO]Heartbeat successful
[2016-05-06 17:04:03,795][kafka.coordinator][INFO]Heartbeat successful
[2016-05-06 17:04:06,348][kafka.coordinator][INFO]Heartbeat successful
[2016-05-06 17:04:09,357][kafka.coordinator][INFO]Heartbeat successful
[2016-05-06 17:04:12,366][kafka.coordinator][INFO]Heartbeat successful
[2016-05-06 17:04:15,419][kafka.coordinator][INFO]Heartbeat successful
[2016-05-06 17:04:18,432][kafka.coordinator][INFO]Heartbeat successful
[2016-05-06 17:04:21,446][kafka.coordinator][INFO]Heartbeat successful
[2016-05-06 17:04:24,461][kafka.coordinator][INFO]Heartbeat successful
[2016-05-06 17:04:27,513][kafka.coordinator][INFO]Heartbeat successful
[2016-05-06 17:04:30,526][kafka.coordinator][INFO]Heartbeat successful
[2016-05-06 17:04:33,538][kafka.coordinator][INFO]Heartbeat successful
[2016-05-06 17:04:36,591][kafka.coordinator][INFO]Heartbeat successful
[2016-05-06 17:04:39,600][kafka.coordinator][INFO]Heartbeat successful
[2016-05-06 17:04:42,612][kafka.coordinator][INFO]Heartbeat successful
[2016-05-06 17:04:45,663][kafka.coordinator][INFO]Heartbeat successful
[2016-05-06 17:04:48,674][kafka.coordinator][INFO]Heartbeat successful
[2016-05-06 17:04:51,690][kafka.coordinator][INFO]Heartbeat successful
[2016-05-06 17:04:54,708][kafka.coordinator][INFO]Heartbeat successful
[2016-05-06 17:04:57,759][kafka.coordinator][INFO]Heartbeat successful
[2016-05-06 17:05:00,773][kafka.coordinator][INFO]Heartbeat successful
[2016-05-06 17:05:03,786][kafka.coordinator][INFO]Heartbeat successful
[2016-05-06 17:05:06,332][kafka.coordinator][INFO]Heartbeat successful
[2016-05-06 17:05:09,382][kafka.coordinator][INFO]Heartbeat successful
[2016-05-06 17:05:12,392][kafka.coordinator][INFO]Heartbeat successful
[2016-05-06 17:05:15,442][kafka.coordinator][INFO]Heartbeat successful
[2016-05-06 17:05:18,457][kafka.coordinator][INFO]Heartbeat successful
[2016-05-06 17:05:21,469][kafka.coordinator][INFO]Heartbeat successful
[2016-05-06 17:05:24,482][kafka.coordinator][INFO]Heartbeat successful
[2016-05-06 17:05:27,539][kafka.coordinator][INFO]Heartbeat successful
[2016-05-06 17:05:30,552][kafka.coordinator][INFO]Heartbeat successful
[2016-05-06 17:05:33,561][kafka.coordinator][INFO]Heartbeat successful
[2016-05-06 17:05:36,615][kafka.coordinator][INFO]Heartbeat successful
[2016-05-06 17:05:39,623][kafka.coordinator][INFO]Heartbeat successful
[2016-05-06 17:05:42,635][kafka.coordinator][INFO]Heartbeat successful
[2016-05-06 17:05:45,681][kafka.coordinator][INFO]Heartbeat successful
[2016-05-06 17:05:48,690][kafka.coordinator][INFO]Heartbeat successful
[2016-05-06 17:05:51,703][kafka.coordinator][INFO]Heartbeat successful
[2016-05-06 17:05:54,716][kafka.coordinator][INFO]Heartbeat successful
[2016-05-06 17:05:57,768][kafka.coordinator][INFO]Heartbeat successful
[2016-05-06 17:06:00,782][kafka.coordinator][INFO]Heartbeat successful
[2016-05-06 17:06:03,799][kafka.coordinator][INFO]Heartbeat successful
[2016-05-06 17:06:06,354][kafka.coordinator][INFO]Heartbeat successful
[2016-05-06 17:06:09,404][kafka.coordinator][INFO]Heartbeat successful
[2016-05-06 17:06:12,415][kafka.coordinator][INFO]Heartbeat successful
[2016-05-06 17:06:15,430][kafka.coordinator][INFO]Heartbeat successful
