Beginning task setup

/usr/bin/flock
Using existing venv: /tmp/petrel-good-2-1462530265/venv
Task setup took 1 seconds
Launching: python -m petrel.run worddivider /home/pipe/twitterintel/topology/TopologyTweetTransformationGOOD/petrel11160_worddivider.log
/usr/local/lib/python2.7/dist-packages/petrel-0.9.4.0.3-py2.7.egg/petrel/run.py invoked with the following arguments: ['worddivider', '/home/pipe/twitterintel/topology/TopologyTweetTransformationGOOD/petrel11160_worddivider.log']
python version: 2.7.11
user=root
PATH=/tmp/petrel-good-2-1462530265/venv/bin:/root/SimpleScalar/simplesim-3.0:/root/SimpleScalar/bin:/root/SimpleScalar/gcc-2.6.3:/root/SimpleScalar/bin:/usr/local/sbin:/usr/local/bin:/usr/sbin:/usr/bin:/sbin:/bin:/usr/games:/usr/local/games:/home/pipe/Downloads/zookeeper-3.4.8/bin:/home/pipe/Downloads/apache-storm-0.9.4/bin
LD_LIBRARY_PATH=storm-local/supervisor/stormdist/good-2-1462530265/resources/Linux-amd64:storm-local/supervisor/stormdist/good-2-1462530265/resources:/usr/local/lib:/opt/local/lib:/usr/lib
PYTHON_EGG_CACHE=/tmp/petrel-good-2-1462530265/egg_cache
[2016-05-06 16:54:49,289][storm][INFO]Tuple profiling enabled. Will log tuple processing times.
[2016-05-06 16:54:50,574][storm][INFO]Task received setupInfo from Storm: {u'pidDir': u'/home/pipe/storm-local/workers/ca155c36-2534-4ea2-9184-3596f6f23611/pids', u'conf': {u'oauth.acess_token': u' 702208758362087425-HZiyl1x7Bh98cQa1WLBDYylyu10Bpl7', u'topology.tuple.serializer': u'backtype.storm.serialization.types.ListDelegateSerializer', u'topology.workers': 1, u'drpc.worker.threads': 64, u'storm.messaging.netty.client_worker_threads': 1, u'supervisor.heartbeat.frequency.secs': 5, u'topology.executor.send.buffer.size': 1024, u'drpc.childopts': u'-Xmx768m', u'nimbus.thrift.port': 6627, u'storm.zookeeper.retry.intervalceiling.millis': 30000, u'storm.local.dir': u'storm-local', u'topology.receiver.buffer.size': 8, u'storm.zookeeper.servers': [u'localhost'], u'oauth.consumer_secret': u'ADf76fi3O1lKMzBxWnjqf93l3GHv28uar3bkblkvyBrAyoA23i', u'transactional.zookeeper.root': u'/transactional', u'drpc.request.timeout.secs': 600, u'topology.skip.missing.kryo.registrations': False, u'worker.heartbeat.frequency.secs': 1, u'zmq.hwm': 0, u'storm.zookeeper.connection.timeout': 15000, u'java.library.path': u'/usr/local/lib:/opt/local/lib:/usr/lib', u'topology.max.error.report.per.interval': 5, u'storm.messaging.netty.server_worker_threads': 1, u'storm.id': u'good-2-1462530265', u'supervisor.worker.start.timeout.secs': 120, u'zmq.threads': 1, u'topology.acker.executors': None, u'storm.messaging.netty.flush.check.interval.ms': 10, u'storm.messaging.netty.transfer.batch.size': 262144, u'topology.max.task.parallelism': None, u'topology.environment': None, u'storm.zookeeper.port': 2181, u'nimbus.childopts': u'-Xmx1024m', u'topology.classpath': None, u'worker.childopts': u'-Xmx768m', u'drpc.queue.size': 128, u'topology.multilang.serializer': u'backtype.storm.multilang.JsonSerializer', u'storm.zookeeper.retry.times': 5, u'nimbus.monitor.freq.secs': 10, u'storm.cluster.mode': u'distributed', u'dev.zookeeper.path': u'/tmp/dev-storm-zookeeper', u'drpc.invocations.port': 3773, u'topology.tasks': None, u'storm.zookeeper.root': u'/storm', u'logviewer.childopts': u'-Xmx128m', u'storm.meta.serialization.delegate': u'backtype.storm.serialization.DefaultSerializationDelegate', u'transactional.zookeeper.port': None, u'topology.worker.receiver.thread.count': 1, u'topology.worker.childopts': None, u'topology.max.spout.pending': None, u'topology.kryo.register': None, u'petrel.host': u'pipe-X550CC', u'nimbus.cleanup.inbox.freq.secs': 600, u'storm.messaging.netty.min_wait_ms': 100, u'nimbus.task.timeout.secs': 30, u'nimbus.thrift.max_buffer_size': 1048576, u'topology.sleep.spout.wait.strategy.time.ms': 1, u'nimbus.reassign': True, u'storm.messaging.transport': u'backtype.storm.messaging.netty.Context', u'logviewer.appender.name': u'A1', u'nimbus.host': u'localhost', u'ui.port': 8080, u'supervisor.slots.ports': [6700, 6701, 6702, 6703], u'nimbus.file.copy.expiration.secs': 600, u'supervisor.monitor.frequency.secs': 3, u'ui.childopts': u'-Xmx768m', u'transactional.zookeeper.servers': None, u'zmq.linger.millis': 5000, u'topology.error.throttle.interval.secs': 10, u'topology.worker.shared.thread.pool.size': 4, u'topology.executor.receive.buffer.size': 1024, u'topology.spout.wait.strategy': u'backtype.storm.spout.SleepSpoutWaitStrategy', u'task.heartbeat.frequency.secs': 3, u'topology.transfer.buffer.size': 1024, u'storm.zookeeper.session.timeout': 20000, u'storm.local.mode.zmq': False, u'topology.stats.sample.rate': 0.05, u'topology.fall.back.on.java.serialization': True, u'supervisor.childopts': u'-Xmx256m', u'topology.enable.message.timeouts': True, u'storm.messaging.netty.max_wait_ms': 1000, u'nimbus.topology.validator': u'backtype.storm.nimbus.DefaultTopologyValidator', u'nimbus.supervisor.timeout.secs': 60, u'topology.disruptor.wait.strategy': u'com.lmax.disruptor.BlockingWaitStrategy', u'storm.messaging.netty.buffer_size': 5242880, u'drpc.port': 3772, u'topology.kryo.factory': u'backtype.storm.serialization.DefaultKryoFactory', u'storm.zookeeper.retry.interval': 1000, u'storm.messaging.netty.max_retries': 300, u'topology.tick.tuple.freq.secs': None, u'supervisor.enable': True, u'nimbus.task.launch.secs': 120, u'task.refresh.poll.secs': 10, u'topology.message.timeout.secs': 30, u'oauth.acess_token_secret': u'IiNOTfgE3tEZvW2HDQhRKPMoOLU43NXJCXk8maj51SdAT', u'petrel.user': u'root', u'nimbus.inbox.jar.expiration.secs': 3600, u'topology.state.synchronization.timeout.secs': 60, u'topology.name': u'good', u'supervisor.worker.timeout.secs': 30, u'topology.trident.batch.emit.interval.millis': 500, u'topology.builtin.metrics.bucket.size.secs': 60, u'storm.thrift.transport': u'backtype.storm.security.auth.SimpleTransportPlugin', u'logviewer.port': 8000, u'oauth.consumer_key': u'eaFmBSxUveRJfmyZYeabti9Q9', u'topology.kryo.decorators': [], u'topology.debug': False}, u'context': {u'task->component': {u'1': u'CountThreeWords', u'3': u'CountWord', u'2': u'CountTwoWords', u'5': u'ThreeWordDivider', u'4': u'KafkaConsumer', u'7': u'WordDivider', u'6': u'TwoWordDivider', u'8': u'__acker'}, u'taskid': 7}}
[2016-05-06 16:54:50,575][storm][INFO]Task sent pid to Storm
[2016-05-06 16:54:52,338][storm][DEBUG]BasicBolt profile: total_num_tuples=1, num_tuples=1, avg_read_time=0.506298 (67.9%), avg_process_time=0.239127 (32.1%), avg_ack_time=0.000309 (0.0%)
[2016-05-06 16:54:53,342][storm][DEBUG]BasicBolt profile: total_num_tuples=116, num_tuples=115, avg_read_time=0.000386 (4.5%), avg_process_time=0.007930 (91.8%), avg_ack_time=0.000326 (3.8%)
[2016-05-06 16:54:54,378][storm][DEBUG]BasicBolt profile: total_num_tuples=226, num_tuples=110, avg_read_time=0.000106 (1.1%), avg_process_time=0.007881 (83.8%), avg_ack_time=0.001413 (15.0%)
[2016-05-06 16:54:55,381][storm][DEBUG]BasicBolt profile: total_num_tuples=352, num_tuples=126, avg_read_time=0.000062 (0.8%), avg_process_time=0.007723 (97.1%), avg_ack_time=0.000172 (2.2%)
[2016-05-06 16:54:56,411][storm][DEBUG]BasicBolt profile: total_num_tuples=491, num_tuples=139, avg_read_time=0.000267 (3.6%), avg_process_time=0.007114 (96.1%), avg_ack_time=0.000022 (0.3%)
[2016-05-06 16:54:57,414][storm][DEBUG]BasicBolt profile: total_num_tuples=655, num_tuples=164, avg_read_time=0.000986 (16.2%), avg_process_time=0.004644 (76.2%), avg_ack_time=0.000461 (7.6%)
[2016-05-06 16:54:58,564][storm][DEBUG]BasicBolt profile: total_num_tuples=693, num_tuples=38, avg_read_time=0.023564 (77.9%), avg_process_time=0.006302 (20.8%), avg_ack_time=0.000367 (1.2%)
[2016-05-06 16:54:59,683][storm][DEBUG]BasicBolt profile: total_num_tuples=702, num_tuples=9, avg_read_time=0.123062 (99.0%), avg_process_time=0.001079 (0.9%), avg_ack_time=0.000150 (0.1%)
[2016-05-06 16:55:00,714][storm][DEBUG]BasicBolt profile: total_num_tuples=712, num_tuples=10, avg_read_time=0.102111 (99.0%), avg_process_time=0.000975 (0.9%), avg_ack_time=0.000019 (0.0%)
[2016-05-06 16:55:01,731][storm][DEBUG]BasicBolt profile: total_num_tuples=717, num_tuples=5, avg_read_time=0.200802 (98.8%), avg_process_time=0.002380 (1.2%), avg_ack_time=0.000021 (0.0%)
[2016-05-06 16:55:02,748][storm][DEBUG]BasicBolt profile: total_num_tuples=728, num_tuples=11, avg_read_time=0.091230 (98.8%), avg_process_time=0.001076 (1.2%), avg_ack_time=0.000018 (0.0%)
[2016-05-06 16:55:03,847][storm][DEBUG]BasicBolt profile: total_num_tuples=732, num_tuples=4, avg_read_time=0.273474 (99.5%), avg_process_time=0.001231 (0.4%), avg_ack_time=0.000029 (0.0%)
[2016-05-06 16:55:04,983][storm][DEBUG]BasicBolt profile: total_num_tuples=743, num_tuples=11, avg_read_time=0.100856 (97.7%), avg_process_time=0.002384 (2.3%), avg_ack_time=0.000022 (0.0%)
[2016-05-06 16:55:06,033][storm][DEBUG]BasicBolt profile: total_num_tuples=754, num_tuples=11, avg_read_time=0.094352 (99.0%), avg_process_time=0.000968 (1.0%), avg_ack_time=0.000022 (0.0%)
[2016-05-06 16:55:07,809][storm][DEBUG]BasicBolt profile: total_num_tuples=761, num_tuples=7, avg_read_time=0.110389 (99.2%), avg_process_time=0.000816 (0.7%), avg_ack_time=0.000020 (0.0%)
[2016-05-06 16:55:09,012][storm][DEBUG]BasicBolt profile: total_num_tuples=775, num_tuples=14, avg_read_time=0.082270 (96.0%), avg_process_time=0.003375 (3.9%), avg_ack_time=0.000026 (0.0%)
[2016-05-06 16:55:10,041][storm][DEBUG]BasicBolt profile: total_num_tuples=787, num_tuples=12, avg_read_time=0.084812 (98.9%), avg_process_time=0.000898 (1.0%), avg_ack_time=0.000020 (0.0%)
[2016-05-06 16:55:11,124][storm][DEBUG]BasicBolt profile: total_num_tuples=798, num_tuples=11, avg_read_time=0.097550 (99.1%), avg_process_time=0.000866 (0.9%), avg_ack_time=0.000020 (0.0%)
[2016-05-06 16:55:12,240][storm][DEBUG]BasicBolt profile: total_num_tuples=808, num_tuples=10, avg_read_time=0.110434 (98.9%), avg_process_time=0.001171 (1.0%), avg_ack_time=0.000021 (0.0%)
[2016-05-06 16:55:13,386][storm][DEBUG]BasicBolt profile: total_num_tuples=815, num_tuples=7, avg_read_time=0.161952 (99.0%), avg_process_time=0.001603 (1.0%), avg_ack_time=0.000024 (0.0%)
[2016-05-06 16:55:14,460][storm][DEBUG]BasicBolt profile: total_num_tuples=822, num_tuples=7, avg_read_time=0.152442 (99.4%), avg_process_time=0.000895 (0.6%), avg_ack_time=0.000020 (0.0%)
[2016-05-06 16:55:15,474][storm][DEBUG]BasicBolt profile: total_num_tuples=828, num_tuples=6, avg_read_time=0.167927 (99.3%), avg_process_time=0.001160 (0.7%), avg_ack_time=0.000020 (0.0%)
[2016-05-06 16:55:16,708][storm][DEBUG]BasicBolt profile: total_num_tuples=840, num_tuples=12, avg_read_time=0.101268 (98.5%), avg_process_time=0.001500 (1.5%), avg_ack_time=0.000019 (0.0%)
[2016-05-06 16:55:17,746][storm][DEBUG]BasicBolt profile: total_num_tuples=848, num_tuples=8, avg_read_time=0.128731 (99.2%), avg_process_time=0.000984 (0.8%), avg_ack_time=0.000021 (0.0%)
[2016-05-06 16:55:18,829][storm][DEBUG]BasicBolt profile: total_num_tuples=851, num_tuples=3, avg_read_time=0.358382 (99.4%), avg_process_time=0.002260 (0.6%), avg_ack_time=0.000027 (0.0%)
[2016-05-06 16:55:19,959][storm][DEBUG]BasicBolt profile: total_num_tuples=871, num_tuples=20, avg_read_time=0.055382 (98.0%), avg_process_time=0.001083 (1.9%), avg_ack_time=0.000020 (0.0%)
[2016-05-06 16:55:21,155][storm][DEBUG]BasicBolt profile: total_num_tuples=884, num_tuples=13, avg_read_time=0.090231 (98.1%), avg_process_time=0.001704 (1.9%), avg_ack_time=0.000022 (0.0%)
[2016-05-06 16:55:22,464][storm][DEBUG]BasicBolt profile: total_num_tuples=899, num_tuples=15, avg_read_time=0.085999 (98.6%), avg_process_time=0.001216 (1.4%), avg_ack_time=0.000022 (0.0%)
[2016-05-06 16:55:23,981][storm][DEBUG]BasicBolt profile: total_num_tuples=904, num_tuples=5, avg_read_time=0.102037 (98.6%), avg_process_time=0.001374 (1.3%), avg_ack_time=0.000033 (0.0%)
[2016-05-06 16:55:25,123][storm][DEBUG]BasicBolt profile: total_num_tuples=919, num_tuples=15, avg_read_time=0.074794 (98.3%), avg_process_time=0.001294 (1.7%), avg_ack_time=0.000032 (0.0%)
[2016-05-06 16:55:26,176][storm][DEBUG]BasicBolt profile: total_num_tuples=931, num_tuples=12, avg_read_time=0.086593 (98.6%), avg_process_time=0.001165 (1.3%), avg_ack_time=0.000023 (0.0%)
[2016-05-06 16:55:27,912][storm][DEBUG]BasicBolt profile: total_num_tuples=943, num_tuples=12, avg_read_time=0.143391 (99.2%), avg_process_time=0.001118 (0.8%), avg_ack_time=0.000097 (0.1%)
[2016-05-06 16:55:29,085][storm][DEBUG]BasicBolt profile: total_num_tuples=952, num_tuples=9, avg_read_time=0.129102 (99.1%), avg_process_time=0.001200 (0.9%), avg_ack_time=0.000021 (0.0%)
[2016-05-06 16:55:30,279][storm][DEBUG]BasicBolt profile: total_num_tuples=959, num_tuples=7, avg_read_time=0.169155 (99.3%), avg_process_time=0.001227 (0.7%), avg_ack_time=0.000023 (0.0%)
[2016-05-06 16:55:31,472][storm][DEBUG]BasicBolt profile: total_num_tuples=971, num_tuples=12, avg_read_time=0.098434 (99.0%), avg_process_time=0.001015 (1.0%), avg_ack_time=0.000021 (0.0%)
[2016-05-06 16:55:32,708][storm][DEBUG]BasicBolt profile: total_num_tuples=982, num_tuples=11, avg_read_time=0.110719 (98.8%), avg_process_time=0.001377 (1.2%), avg_ack_time=0.000023 (0.0%)
[2016-05-06 16:55:34,134][storm][DEBUG]BasicBolt profile: total_num_tuples=988, num_tuples=6, avg_read_time=0.236537 (99.6%), avg_process_time=0.001023 (0.4%), avg_ack_time=0.000025 (0.0%)
[2016-05-06 16:55:35,162][storm][DEBUG]BasicBolt profile: total_num_tuples=992, num_tuples=4, avg_read_time=0.255820 (99.5%), avg_process_time=0.001279 (0.5%), avg_ack_time=0.000019 (0.0%)
[2016-05-06 16:55:36,186][storm][DEBUG]BasicBolt profile: total_num_tuples=996, num_tuples=4, avg_read_time=0.254296 (99.4%), avg_process_time=0.001585 (0.6%), avg_ack_time=0.000025 (0.0%)
[2016-05-06 16:55:37,347][storm][DEBUG]BasicBolt profile: total_num_tuples=1002, num_tuples=6, avg_read_time=0.189618 (98.0%), avg_process_time=0.003748 (1.9%), avg_ack_time=0.000045 (0.0%)
[2016-05-06 16:55:38,486][storm][DEBUG]BasicBolt profile: total_num_tuples=1009, num_tuples=7, avg_read_time=0.161782 (99.5%), avg_process_time=0.000861 (0.5%), avg_ack_time=0.000019 (0.0%)
[2016-05-06 16:55:39,625][storm][DEBUG]BasicBolt profile: total_num_tuples=1017, num_tuples=8, avg_read_time=0.140709 (98.8%), avg_process_time=0.001621 (1.1%), avg_ack_time=0.000029 (0.0%)
[2016-05-06 16:55:40,860][storm][DEBUG]BasicBolt profile: total_num_tuples=1029, num_tuples=12, avg_read_time=0.100504 (97.7%), avg_process_time=0.002311 (2.2%), avg_ack_time=0.000043 (0.0%)
[2016-05-06 16:55:42,088][storm][DEBUG]BasicBolt profile: total_num_tuples=1037, num_tuples=8, avg_read_time=0.152582 (99.5%), avg_process_time=0.000808 (0.5%), avg_ack_time=0.000022 (0.0%)
[2016-05-06 16:55:43,167][storm][DEBUG]BasicBolt profile: total_num_tuples=1044, num_tuples=7, avg_read_time=0.152674 (99.0%), avg_process_time=0.001453 (0.9%), avg_ack_time=0.000030 (0.0%)
[2016-05-06 16:55:44,312][storm][DEBUG]BasicBolt profile: total_num_tuples=1055, num_tuples=11, avg_read_time=0.101969 (98.2%), avg_process_time=0.001872 (1.8%), avg_ack_time=0.000027 (0.0%)
[2016-05-06 16:55:45,747][storm][DEBUG]BasicBolt profile: total_num_tuples=1065, num_tuples=10, avg_read_time=0.142286 (99.2%), avg_process_time=0.001167 (0.8%), avg_ack_time=0.000017 (0.0%)
[2016-05-06 16:55:46,824][storm][DEBUG]BasicBolt profile: total_num_tuples=1073, num_tuples=8, avg_read_time=0.133511 (99.2%), avg_process_time=0.001000 (0.7%), avg_ack_time=0.000017 (0.0%)
[2016-05-06 16:55:48,171][storm][DEBUG]BasicBolt profile: total_num_tuples=1082, num_tuples=9, avg_read_time=0.147946 (98.8%), avg_process_time=0.001707 (1.1%), avg_ack_time=0.000023 (0.0%)
[2016-05-06 16:55:49,264][storm][DEBUG]BasicBolt profile: total_num_tuples=1094, num_tuples=12, avg_read_time=0.089682 (98.4%), avg_process_time=0.001399 (1.5%), avg_ack_time=0.000022 (0.0%)
[2016-05-06 16:55:50,464][storm][DEBUG]BasicBolt profile: total_num_tuples=1101, num_tuples=7, avg_read_time=0.170004 (99.2%), avg_process_time=0.001307 (0.8%), avg_ack_time=0.000023 (0.0%)
[2016-05-06 16:55:51,642][storm][DEBUG]BasicBolt profile: total_num_tuples=1108, num_tuples=7, avg_read_time=0.166585 (99.1%), avg_process_time=0.001473 (0.9%), avg_ack_time=0.000027 (0.0%)
[2016-05-06 16:55:53,498][storm][DEBUG]BasicBolt profile: total_num_tuples=1116, num_tuples=8, avg_read_time=0.105617 (98.6%), avg_process_time=0.001440 (1.3%), avg_ack_time=0.000028 (0.0%)
[2016-05-06 16:55:54,507][storm][DEBUG]BasicBolt profile: total_num_tuples=1126, num_tuples=10, avg_read_time=0.098699 (98.1%), avg_process_time=0.001834 (1.8%), avg_ack_time=0.000045 (0.0%)
[2016-05-06 16:55:55,587][storm][DEBUG]BasicBolt profile: total_num_tuples=1132, num_tuples=6, avg_read_time=0.177404 (98.6%), avg_process_time=0.002513 (1.4%), avg_ack_time=0.000051 (0.0%)
[2016-05-06 16:55:56,604][storm][DEBUG]BasicBolt profile: total_num_tuples=1141, num_tuples=9, avg_read_time=0.111980 (99.1%), avg_process_time=0.001018 (0.9%), avg_ack_time=0.000018 (0.0%)
[2016-05-06 16:55:57,710][storm][DEBUG]BasicBolt profile: total_num_tuples=1149, num_tuples=8, avg_read_time=0.137211 (99.3%), avg_process_time=0.000968 (0.7%), avg_ack_time=0.000029 (0.0%)
[2016-05-06 16:55:59,058][storm][DEBUG]BasicBolt profile: total_num_tuples=1156, num_tuples=7, avg_read_time=0.191484 (99.5%), avg_process_time=0.000959 (0.5%), avg_ack_time=0.000023 (0.0%)
[2016-05-06 16:56:00,250][storm][DEBUG]BasicBolt profile: total_num_tuples=1169, num_tuples=13, avg_read_time=0.090399 (98.6%), avg_process_time=0.001283 (1.4%), avg_ack_time=0.000018 (0.0%)
[2016-05-06 16:56:01,490][storm][DEBUG]BasicBolt profile: total_num_tuples=1172, num_tuples=3, avg_read_time=0.412316 (99.8%), avg_process_time=0.000922 (0.2%), avg_ack_time=0.000021 (0.0%)
[2016-05-06 16:56:02,510][storm][DEBUG]BasicBolt profile: total_num_tuples=1181, num_tuples=9, avg_read_time=0.112336 (99.2%), avg_process_time=0.000897 (0.8%), avg_ack_time=0.000021 (0.0%)
[2016-05-06 16:56:03,539][storm][DEBUG]BasicBolt profile: total_num_tuples=1195, num_tuples=14, avg_read_time=0.072242 (98.3%), avg_process_time=0.001241 (1.7%), avg_ack_time=0.000028 (0.0%)
[2016-05-06 16:56:04,627][storm][DEBUG]BasicBolt profile: total_num_tuples=1210, num_tuples=15, avg_read_time=0.071457 (98.6%), avg_process_time=0.001002 (1.4%), avg_ack_time=0.000020 (0.0%)
[2016-05-06 16:56:05,685][storm][DEBUG]BasicBolt profile: total_num_tuples=1214, num_tuples=4, avg_read_time=0.262264 (99.2%), avg_process_time=0.002165 (0.8%), avg_ack_time=0.000032 (0.0%)
[2016-05-06 16:56:06,827][storm][DEBUG]BasicBolt profile: total_num_tuples=1227, num_tuples=13, avg_read_time=0.086272 (98.3%), avg_process_time=0.001416 (1.6%), avg_ack_time=0.000108 (0.1%)
[2016-05-06 16:56:08,180][storm][DEBUG]BasicBolt profile: total_num_tuples=1238, num_tuples=11, avg_read_time=0.121796 (99.2%), avg_process_time=0.000968 (0.8%), avg_ack_time=0.000020 (0.0%)
[2016-05-06 16:56:09,207][storm][DEBUG]BasicBolt profile: total_num_tuples=1251, num_tuples=13, avg_read_time=0.078067 (98.8%), avg_process_time=0.000908 (1.1%), avg_ack_time=0.000020 (0.0%)
[2016-05-06 16:56:10,293][storm][DEBUG]BasicBolt profile: total_num_tuples=1262, num_tuples=11, avg_read_time=0.097426 (98.7%), avg_process_time=0.001226 (1.2%), avg_ack_time=0.000024 (0.0%)
[2016-05-06 16:56:11,700][storm][DEBUG]BasicBolt profile: total_num_tuples=1275, num_tuples=13, avg_read_time=0.106934 (98.9%), avg_process_time=0.001211 (1.1%), avg_ack_time=0.000027 (0.0%)
[2016-05-06 16:56:12,834][storm][DEBUG]BasicBolt profile: total_num_tuples=1284, num_tuples=9, avg_read_time=0.124822 (99.1%), avg_process_time=0.001134 (0.9%), avg_ack_time=0.000023 (0.0%)
[2016-05-06 16:56:13,835][storm][DEBUG]BasicBolt profile: total_num_tuples=1297, num_tuples=13, avg_read_time=0.076055 (98.8%), avg_process_time=0.000923 (1.2%), avg_ack_time=0.000033 (0.0%)
[2016-05-06 16:56:14,878][storm][DEBUG]BasicBolt profile: total_num_tuples=1308, num_tuples=11, avg_read_time=0.093799 (99.0%), avg_process_time=0.000972 (1.0%), avg_ack_time=0.000019 (0.0%)
[2016-05-06 16:56:15,886][storm][DEBUG]BasicBolt profile: total_num_tuples=1321, num_tuples=13, avg_read_time=0.076099 (98.2%), avg_process_time=0.001374 (1.8%), avg_ack_time=0.000029 (0.0%)
[2016-05-06 16:56:16,996][storm][DEBUG]BasicBolt profile: total_num_tuples=1333, num_tuples=12, avg_read_time=0.091131 (98.6%), avg_process_time=0.001305 (1.4%), avg_ack_time=0.000028 (0.0%)
[2016-05-06 16:56:18,059][storm][DEBUG]BasicBolt profile: total_num_tuples=1344, num_tuples=11, avg_read_time=0.095635 (99.0%), avg_process_time=0.000948 (1.0%), avg_ack_time=0.000023 (0.0%)
[2016-05-06 16:56:19,122][storm][DEBUG]BasicBolt profile: total_num_tuples=1352, num_tuples=8, avg_read_time=0.131996 (99.4%), avg_process_time=0.000791 (0.6%), avg_ack_time=0.000023 (0.0%)
[2016-05-06 16:56:20,160][storm][DEBUG]BasicBolt profile: total_num_tuples=1361, num_tuples=9, avg_read_time=0.112161 (97.2%), avg_process_time=0.003197 (2.8%), avg_ack_time=0.000022 (0.0%)
[2016-05-06 16:56:21,251][storm][DEBUG]BasicBolt profile: total_num_tuples=1371, num_tuples=10, avg_read_time=0.107894 (98.9%), avg_process_time=0.001132 (1.0%), avg_ack_time=0.000021 (0.0%)
[2016-05-06 16:59:42,276][storm][INFO]Caught exception
[2016-05-06 16:59:42,276][storm][ERROR]Sent failure message ("E_BOLTFAILED__worddivider__pipe-X550CC__pid__11160__port__-1__taskindex__-1__StormIPCException") to Storm
[2016-05-06 16:59:47,279][storm][ERROR]Caught exception in BasicBolt.run
Traceback (most recent call last):
  File "/usr/local/lib/python2.7/dist-packages/petrel-0.9.4.0.3-py2.7.egg/petrel/storm.py", line 377, in run
    tup = readTuple()
  File "/usr/local/lib/python2.7/dist-packages/petrel-0.9.4.0.3-py2.7.egg/petrel/storm.py", line 81, in readTuple
    cmd = readCommand()
  File "/usr/local/lib/python2.7/dist-packages/petrel-0.9.4.0.3-py2.7.egg/petrel/storm.py", line 74, in readCommand
    msg = readMsg()
  File "/usr/local/lib/python2.7/dist-packages/petrel-0.9.4.0.3-py2.7.egg/petrel/storm.py", line 45, in readMsg
    raise StormIPCException('Read EOF from stdin')
StormIPCException: Read EOF from stdin
[2016-05-06 16:59:47,280][storm][ERROR]The error occurred while processing this tuple: []
Worker worddivider exiting normally.
