Beginning task setup

/usr/bin/flock
Using existing venv: /tmp/petrel-good-2-1462530265/venv
Task setup took 0 seconds
Launching: python -m petrel.run worddivider /home/pipe/twitterintel/topology/TopologyTweetTransformationGOOD/petrel27278_worddivider.log
/usr/local/lib/python2.7/dist-packages/petrel-0.9.4.0.3-py2.7.egg/petrel/run.py invoked with the following arguments: ['worddivider', '/home/pipe/twitterintel/topology/TopologyTweetTransformationGOOD/petrel27278_worddivider.log']
python version: 2.7.11
user=root
PATH=/tmp/petrel-good-2-1462530265/venv/bin:/root/SimpleScalar/simplesim-3.0:/root/SimpleScalar/bin:/root/SimpleScalar/gcc-2.6.3:/root/SimpleScalar/bin:/usr/local/sbin:/usr/local/bin:/usr/sbin:/usr/bin:/sbin:/bin:/usr/games:/usr/local/games:/home/pipe/Downloads/zookeeper-3.4.8/bin:/home/pipe/Downloads/apache-storm-0.9.4/bin
LD_LIBRARY_PATH=storm-local/supervisor/stormdist/good-2-1462530265/resources/Linux-amd64:storm-local/supervisor/stormdist/good-2-1462530265/resources:/usr/local/lib:/opt/local/lib:/usr/lib
PYTHON_EGG_CACHE=/tmp/petrel-good-2-1462530265/egg_cache
[2016-05-06 16:48:52,142][storm][INFO]Tuple profiling enabled. Will log tuple processing times.
[2016-05-06 16:49:02,150][storm][INFO]Task received setupInfo from Storm: {u'pidDir': u'/home/pipe/storm-local/workers/4c90ac55-07ce-47ff-874e-f001f1159750/pids', u'conf': {u'oauth.acess_token': u' 702208758362087425-HZiyl1x7Bh98cQa1WLBDYylyu10Bpl7', u'topology.tuple.serializer': u'backtype.storm.serialization.types.ListDelegateSerializer', u'topology.workers': 1, u'drpc.worker.threads': 64, u'storm.messaging.netty.client_worker_threads': 1, u'supervisor.heartbeat.frequency.secs': 5, u'topology.executor.send.buffer.size': 1024, u'drpc.childopts': u'-Xmx768m', u'nimbus.thrift.port': 6627, u'storm.zookeeper.retry.intervalceiling.millis': 30000, u'storm.local.dir': u'storm-local', u'topology.receiver.buffer.size': 8, u'storm.zookeeper.servers': [u'localhost'], u'oauth.consumer_secret': u'ADf76fi3O1lKMzBxWnjqf93l3GHv28uar3bkblkvyBrAyoA23i', u'transactional.zookeeper.root': u'/transactional', u'drpc.request.timeout.secs': 600, u'topology.skip.missing.kryo.registrations': False, u'worker.heartbeat.frequency.secs': 1, u'zmq.hwm': 0, u'storm.zookeeper.connection.timeout': 15000, u'java.library.path': u'/usr/local/lib:/opt/local/lib:/usr/lib', u'topology.max.error.report.per.interval': 5, u'storm.messaging.netty.server_worker_threads': 1, u'storm.id': u'good-2-1462530265', u'supervisor.worker.start.timeout.secs': 120, u'zmq.threads': 1, u'topology.acker.executors': None, u'storm.messaging.netty.flush.check.interval.ms': 10, u'storm.messaging.netty.transfer.batch.size': 262144, u'topology.max.task.parallelism': None, u'topology.environment': None, u'storm.zookeeper.port': 2181, u'nimbus.childopts': u'-Xmx1024m', u'topology.classpath': None, u'worker.childopts': u'-Xmx768m', u'drpc.queue.size': 128, u'topology.multilang.serializer': u'backtype.storm.multilang.JsonSerializer', u'storm.zookeeper.retry.times': 5, u'nimbus.monitor.freq.secs': 10, u'storm.cluster.mode': u'distributed', u'dev.zookeeper.path': u'/tmp/dev-storm-zookeeper', u'drpc.invocations.port': 3773, u'topology.tasks': None, u'storm.zookeeper.root': u'/storm', u'logviewer.childopts': u'-Xmx128m', u'storm.meta.serialization.delegate': u'backtype.storm.serialization.DefaultSerializationDelegate', u'transactional.zookeeper.port': None, u'topology.worker.receiver.thread.count': 1, u'topology.worker.childopts': None, u'topology.max.spout.pending': None, u'topology.kryo.register': None, u'petrel.host': u'pipe-X550CC', u'nimbus.cleanup.inbox.freq.secs': 600, u'storm.messaging.netty.min_wait_ms': 100, u'nimbus.task.timeout.secs': 30, u'nimbus.thrift.max_buffer_size': 1048576, u'topology.sleep.spout.wait.strategy.time.ms': 1, u'nimbus.reassign': True, u'storm.messaging.transport': u'backtype.storm.messaging.netty.Context', u'logviewer.appender.name': u'A1', u'nimbus.host': u'localhost', u'ui.port': 8080, u'supervisor.slots.ports': [6700, 6701, 6702, 6703], u'nimbus.file.copy.expiration.secs': 600, u'supervisor.monitor.frequency.secs': 3, u'ui.childopts': u'-Xmx768m', u'transactional.zookeeper.servers': None, u'zmq.linger.millis': 5000, u'topology.error.throttle.interval.secs': 10, u'topology.worker.shared.thread.pool.size': 4, u'topology.executor.receive.buffer.size': 1024, u'topology.spout.wait.strategy': u'backtype.storm.spout.SleepSpoutWaitStrategy', u'task.heartbeat.frequency.secs': 3, u'topology.transfer.buffer.size': 1024, u'storm.zookeeper.session.timeout': 20000, u'storm.local.mode.zmq': False, u'topology.stats.sample.rate': 0.05, u'topology.fall.back.on.java.serialization': True, u'supervisor.childopts': u'-Xmx256m', u'topology.enable.message.timeouts': True, u'storm.messaging.netty.max_wait_ms': 1000, u'nimbus.topology.validator': u'backtype.storm.nimbus.DefaultTopologyValidator', u'nimbus.supervisor.timeout.secs': 60, u'topology.disruptor.wait.strategy': u'com.lmax.disruptor.BlockingWaitStrategy', u'storm.messaging.netty.buffer_size': 5242880, u'drpc.port': 3772, u'topology.kryo.factory': u'backtype.storm.serialization.DefaultKryoFactory', u'storm.zookeeper.retry.interval': 1000, u'storm.messaging.netty.max_retries': 300, u'topology.tick.tuple.freq.secs': None, u'supervisor.enable': True, u'nimbus.task.launch.secs': 120, u'task.refresh.poll.secs': 10, u'topology.message.timeout.secs': 30, u'oauth.acess_token_secret': u'IiNOTfgE3tEZvW2HDQhRKPMoOLU43NXJCXk8maj51SdAT', u'petrel.user': u'root', u'nimbus.inbox.jar.expiration.secs': 3600, u'topology.state.synchronization.timeout.secs': 60, u'topology.name': u'good', u'supervisor.worker.timeout.secs': 30, u'topology.trident.batch.emit.interval.millis': 500, u'topology.builtin.metrics.bucket.size.secs': 60, u'storm.thrift.transport': u'backtype.storm.security.auth.SimpleTransportPlugin', u'logviewer.port': 8000, u'oauth.consumer_key': u'eaFmBSxUveRJfmyZYeabti9Q9', u'topology.kryo.decorators': [], u'topology.debug': False}, u'context': {u'task->component': {u'1': u'CountThreeWords', u'3': u'CountWord', u'2': u'CountTwoWords', u'5': u'ThreeWordDivider', u'4': u'KafkaConsumer', u'7': u'WordDivider', u'6': u'TwoWordDivider', u'8': u'__acker'}, u'taskid': 7}}
[2016-05-06 16:49:02,152][storm][INFO]Task sent pid to Storm
[2016-05-06 16:52:33,671][storm][DEBUG]BasicBolt profile: total_num_tuples=1, num_tuples=1, avg_read_time=0.356413 (90.4%), avg_process_time=0.037647 (9.6%), avg_ack_time=0.000021 (0.0%)
[2016-05-06 16:52:53,141][storm][DEBUG]BasicBolt profile: total_num_tuples=9, num_tuples=8, avg_read_time=0.057652 (98.6%), avg_process_time=0.000770 (1.3%), avg_ack_time=0.000021 (0.0%)
[2016-05-06 16:52:54,208][storm][DEBUG]BasicBolt profile: total_num_tuples=21, num_tuples=12, avg_read_time=0.086071 (96.9%), avg_process_time=0.002655 (3.0%), avg_ack_time=0.000109 (0.1%)
[2016-05-06 16:52:55,240][storm][DEBUG]BasicBolt profile: total_num_tuples=29, num_tuples=8, avg_read_time=0.126103 (97.8%), avg_process_time=0.002851 (2.2%), avg_ack_time=0.000026 (0.0%)
[2016-05-06 16:52:56,257][storm][DEBUG]BasicBolt profile: total_num_tuples=41, num_tuples=12, avg_read_time=0.083428 (98.5%), avg_process_time=0.001267 (1.5%), avg_ack_time=0.000020 (0.0%)
[2016-05-06 16:52:57,358][storm][DEBUG]BasicBolt profile: total_num_tuples=49, num_tuples=8, avg_read_time=0.135794 (98.8%), avg_process_time=0.001665 (1.2%), avg_ack_time=0.000025 (0.0%)
[2016-05-06 16:52:58,370][storm][DEBUG]BasicBolt profile: total_num_tuples=54, num_tuples=5, avg_read_time=0.200679 (99.2%), avg_process_time=0.001683 (0.8%), avg_ack_time=0.000029 (0.0%)
[2016-05-06 16:52:59,484][storm][DEBUG]BasicBolt profile: total_num_tuples=66, num_tuples=12, avg_read_time=0.090921 (98.0%), avg_process_time=0.001861 (2.0%), avg_ack_time=0.000020 (0.0%)
[2016-05-06 16:53:00,656][storm][DEBUG]BasicBolt profile: total_num_tuples=72, num_tuples=6, avg_read_time=0.191922 (98.7%), avg_process_time=0.002461 (1.3%), avg_ack_time=0.000027 (0.0%)
[2016-05-06 16:53:02,503][storm][DEBUG]BasicBolt profile: total_num_tuples=82, num_tuples=10, avg_read_time=0.182670 (98.9%), avg_process_time=0.002024 (1.1%), avg_ack_time=0.000036 (0.0%)
[2016-05-06 16:53:03,714][storm][DEBUG]BasicBolt profile: total_num_tuples=98, num_tuples=16, avg_read_time=0.069512 (92.1%), avg_process_time=0.005788 (7.7%), avg_ack_time=0.000138 (0.2%)
[2016-05-06 16:53:04,761][storm][DEBUG]BasicBolt profile: total_num_tuples=113, num_tuples=15, avg_read_time=0.066537 (95.4%), avg_process_time=0.003206 (4.6%), avg_ack_time=0.000033 (0.0%)
[2016-05-06 16:53:05,975][storm][DEBUG]BasicBolt profile: total_num_tuples=116, num_tuples=3, avg_read_time=0.069924 (98.0%), avg_process_time=0.001396 (2.0%), avg_ack_time=0.000036 (0.0%)
[2016-05-06 16:53:07,009][storm][DEBUG]BasicBolt profile: total_num_tuples=132, num_tuples=16, avg_read_time=0.061452 (95.1%), avg_process_time=0.003119 (4.8%), avg_ack_time=0.000053 (0.1%)
[2016-05-06 16:53:08,023][storm][DEBUG]BasicBolt profile: total_num_tuples=146, num_tuples=14, avg_read_time=0.071023 (98.2%), avg_process_time=0.001305 (1.8%), avg_ack_time=0.000024 (0.0%)
[2016-05-06 16:53:09,280][storm][DEBUG]BasicBolt profile: total_num_tuples=153, num_tuples=7, avg_read_time=0.178211 (99.2%), avg_process_time=0.001319 (0.7%), avg_ack_time=0.000031 (0.0%)
[2016-05-06 16:53:10,434][storm][DEBUG]BasicBolt profile: total_num_tuples=158, num_tuples=5, avg_read_time=0.228631 (99.1%), avg_process_time=0.001628 (0.7%), avg_ack_time=0.000531 (0.2%)
[2016-05-06 16:53:11,439][storm][DEBUG]BasicBolt profile: total_num_tuples=166, num_tuples=8, avg_read_time=0.123782 (98.6%), avg_process_time=0.001655 (1.3%), avg_ack_time=0.000048 (0.0%)
[2016-05-06 16:53:12,457][storm][DEBUG]BasicBolt profile: total_num_tuples=173, num_tuples=7, avg_read_time=0.144123 (99.1%), avg_process_time=0.001264 (0.9%), avg_ack_time=0.000026 (0.0%)
[2016-05-06 16:53:13,544][storm][DEBUG]BasicBolt profile: total_num_tuples=183, num_tuples=10, avg_read_time=0.106892 (98.4%), avg_process_time=0.001699 (1.6%), avg_ack_time=0.000025 (0.0%)
[2016-05-06 16:53:14,586][storm][DEBUG]BasicBolt profile: total_num_tuples=196, num_tuples=13, avg_read_time=0.078698 (98.2%), avg_process_time=0.001427 (1.8%), avg_ack_time=0.000022 (0.0%)
[2016-05-06 16:53:15,743][storm][DEBUG]BasicBolt profile: total_num_tuples=201, num_tuples=5, avg_read_time=0.226193 (97.8%), avg_process_time=0.004491 (1.9%), avg_ack_time=0.000655 (0.3%)
[2016-05-06 16:53:16,965][storm][DEBUG]BasicBolt profile: total_num_tuples=210, num_tuples=9, avg_read_time=0.130952 (96.4%), avg_process_time=0.004808 (3.5%), avg_ack_time=0.000028 (0.0%)
[2016-05-06 16:53:17,991][storm][DEBUG]BasicBolt profile: total_num_tuples=230, num_tuples=20, avg_read_time=0.047491 (92.6%), avg_process_time=0.003738 (7.3%), avg_ack_time=0.000049 (0.1%)
[2016-05-06 16:53:19,164][storm][DEBUG]BasicBolt profile: total_num_tuples=241, num_tuples=11, avg_read_time=0.102682 (96.4%), avg_process_time=0.003799 (3.6%), avg_ack_time=0.000043 (0.0%)
[2016-05-06 16:53:20,181][storm][DEBUG]BasicBolt profile: total_num_tuples=256, num_tuples=15, avg_read_time=0.063996 (94.7%), avg_process_time=0.003322 (4.9%), avg_ack_time=0.000286 (0.4%)
[2016-05-06 16:53:21,187][storm][DEBUG]BasicBolt profile: total_num_tuples=267, num_tuples=11, avg_read_time=0.090202 (98.7%), avg_process_time=0.001167 (1.3%), avg_ack_time=0.000019 (0.0%)
[2016-05-06 16:53:22,360][storm][DEBUG]BasicBolt profile: total_num_tuples=278, num_tuples=11, avg_read_time=0.103671 (97.7%), avg_process_time=0.002436 (2.3%), avg_ack_time=0.000029 (0.0%)
[2016-05-06 16:53:23,446][storm][DEBUG]BasicBolt profile: total_num_tuples=287, num_tuples=9, avg_read_time=0.117904 (97.8%), avg_process_time=0.002651 (2.2%), avg_ack_time=0.000055 (0.0%)
[2016-05-06 16:53:24,457][storm][DEBUG]BasicBolt profile: total_num_tuples=296, num_tuples=9, avg_read_time=0.106087 (94.5%), avg_process_time=0.006092 (5.4%), avg_ack_time=0.000040 (0.0%)
[2016-05-06 16:53:25,594][storm][DEBUG]BasicBolt profile: total_num_tuples=302, num_tuples=6, avg_read_time=0.188492 (99.5%), avg_process_time=0.000981 (0.5%), avg_ack_time=0.000026 (0.0%)
[2016-05-06 16:53:26,656][storm][DEBUG]BasicBolt profile: total_num_tuples=313, num_tuples=11, avg_read_time=0.094866 (98.3%), avg_process_time=0.001657 (1.7%), avg_ack_time=0.000024 (0.0%)
[2016-05-06 16:53:27,948][storm][DEBUG]BasicBolt profile: total_num_tuples=320, num_tuples=7, avg_read_time=0.181625 (98.5%), avg_process_time=0.002765 (1.5%), avg_ack_time=0.000030 (0.0%)
[2016-05-06 16:53:29,129][storm][DEBUG]BasicBolt profile: total_num_tuples=335, num_tuples=15, avg_read_time=0.076865 (97.7%), avg_process_time=0.001816 (2.3%), avg_ack_time=0.000031 (0.0%)
[2016-05-06 16:53:30,199][storm][DEBUG]BasicBolt profile: total_num_tuples=345, num_tuples=10, avg_read_time=0.105417 (98.5%), avg_process_time=0.001569 (1.5%), avg_ack_time=0.000020 (0.0%)
[2016-05-06 16:53:31,314][storm][DEBUG]BasicBolt profile: total_num_tuples=354, num_tuples=9, avg_read_time=0.122552 (98.9%), avg_process_time=0.001292 (1.0%), avg_ack_time=0.000021 (0.0%)
[2016-05-06 16:53:32,347][storm][DEBUG]BasicBolt profile: total_num_tuples=362, num_tuples=8, avg_read_time=0.127788 (99.1%), avg_process_time=0.001200 (0.9%), avg_ack_time=0.000025 (0.0%)
[2016-05-06 16:53:33,463][storm][DEBUG]BasicBolt profile: total_num_tuples=370, num_tuples=8, avg_read_time=0.138239 (99.1%), avg_process_time=0.001211 (0.9%), avg_ack_time=0.000030 (0.0%)
[2016-05-06 16:53:34,579][storm][DEBUG]BasicBolt profile: total_num_tuples=376, num_tuples=6, avg_read_time=0.185030 (99.5%), avg_process_time=0.000898 (0.5%), avg_ack_time=0.000021 (0.0%)
[2016-05-06 16:53:37,040][storm][DEBUG]BasicBolt profile: total_num_tuples=384, num_tuples=8, avg_read_time=0.180795 (98.5%), avg_process_time=0.002760 (1.5%), avg_ack_time=0.000042 (0.0%)
[2016-05-06 16:53:38,160][storm][DEBUG]BasicBolt profile: total_num_tuples=409, num_tuples=25, avg_read_time=0.040544 (90.5%), avg_process_time=0.004191 (9.4%), avg_ack_time=0.000056 (0.1%)
[2016-05-06 16:53:39,170][storm][DEBUG]BasicBolt profile: total_num_tuples=426, num_tuples=17, avg_read_time=0.057554 (96.9%), avg_process_time=0.001814 (3.1%), avg_ack_time=0.000030 (0.1%)
[2016-05-06 16:53:40,205][storm][DEBUG]BasicBolt profile: total_num_tuples=432, num_tuples=6, avg_read_time=0.170854 (99.1%), avg_process_time=0.001505 (0.9%), avg_ack_time=0.000026 (0.0%)
[2016-05-06 16:53:41,485][storm][DEBUG]BasicBolt profile: total_num_tuples=441, num_tuples=9, avg_read_time=0.140738 (99.0%), avg_process_time=0.001391 (1.0%), avg_ack_time=0.000025 (0.0%)
[2016-05-06 16:53:42,486][storm][DEBUG]BasicBolt profile: total_num_tuples=455, num_tuples=14, avg_read_time=0.069385 (97.1%), avg_process_time=0.002047 (2.9%), avg_ack_time=0.000051 (0.1%)
[2016-05-06 16:53:43,583][storm][DEBUG]BasicBolt profile: total_num_tuples=465, num_tuples=10, avg_read_time=0.108047 (98.6%), avg_process_time=0.001521 (1.4%), avg_ack_time=0.000024 (0.0%)
[2016-05-06 16:53:45,380][storm][DEBUG]BasicBolt profile: total_num_tuples=473, num_tuples=8, avg_read_time=0.223080 (99.3%), avg_process_time=0.001534 (0.7%), avg_ack_time=0.000029 (0.0%)
[2016-05-06 16:53:46,691][storm][INFO]Caught exception
[2016-05-06 16:53:46,691][storm][ERROR]Sent failure message ("E_BOLTFAILED__worddivider__pipe-X550CC__pid__27278__port__-1__taskindex__-1__StormIPCException") to Storm
[2016-05-06 16:53:51,695][storm][ERROR]Caught exception in BasicBolt.run
Traceback (most recent call last):
  File "/usr/local/lib/python2.7/dist-packages/petrel-0.9.4.0.3-py2.7.egg/petrel/storm.py", line 377, in run
    tup = readTuple()
  File "/usr/local/lib/python2.7/dist-packages/petrel-0.9.4.0.3-py2.7.egg/petrel/storm.py", line 81, in readTuple
    cmd = readCommand()
  File "/usr/local/lib/python2.7/dist-packages/petrel-0.9.4.0.3-py2.7.egg/petrel/storm.py", line 74, in readCommand
    msg = readMsg()
  File "/usr/local/lib/python2.7/dist-packages/petrel-0.9.4.0.3-py2.7.egg/petrel/storm.py", line 45, in readMsg
    raise StormIPCException('Read EOF from stdin')
StormIPCException: Read EOF from stdin
[2016-05-06 16:53:51,696][storm][ERROR]The error occurred while processing this tuple: [u'tormthegalaxies: So Donald Trump is staying down the street from where I live. And today was an unusually... https://t.co/LWdFhjSksW', u'1']
Worker worddivider exiting normally.
