Beginning task setup

/usr/bin/flock
Using existing venv: /tmp/petrel-good-4-1462553027/venv
Task setup took 0 seconds
Launching: python -m petrel.run kafkaconsumer /home/pipe/twitterintel/topology/TopologyTweetTransformationGOOD/petrel3154_kafkaconsumer.log
/usr/local/lib/python2.7/dist-packages/petrel-0.9.4.0.3-py2.7.egg/petrel/run.py invoked with the following arguments: ['kafkaconsumer', '/home/pipe/twitterintel/topology/TopologyTweetTransformationGOOD/petrel3154_kafkaconsumer.log']
python version: 2.7.11
user=root
PATH=/tmp/petrel-good-4-1462553027/venv/bin:/root/SimpleScalar/simplesim-3.0:/root/SimpleScalar/bin:/root/SimpleScalar/gcc-2.6.3:/root/SimpleScalar/bin:/usr/local/sbin:/usr/local/bin:/usr/sbin:/usr/bin:/sbin:/bin:/usr/games:/usr/local/games:/home/pipe/Downloads/zookeeper-3.4.8/bin:/home/pipe/Downloads/apache-storm-0.9.4/bin
LD_LIBRARY_PATH=storm-local/supervisor/stormdist/good-4-1462553027/resources/Linux-amd64:storm-local/supervisor/stormdist/good-4-1462553027/resources:/usr/local/lib:/opt/local/lib:/usr/lib
PYTHON_EGG_CACHE=/tmp/petrel-good-4-1462553027/egg_cache
[2016-05-06 17:55:50,062][storm][INFO]Tuple profiling enabled. Will log tuple processing times.
[2016-05-06 17:55:50,332][storm][INFO]Task received setupInfo from Storm: {u'pidDir': u'/home/pipe/storm-local/workers/fd94b404-f426-43d6-be18-ced3443f3468/pids', u'conf': {u'oauth.acess_token': u' 702208758362087425-HZiyl1x7Bh98cQa1WLBDYylyu10Bpl7', u'topology.tuple.serializer': u'backtype.storm.serialization.types.ListDelegateSerializer', u'topology.workers': 1, u'drpc.worker.threads': 64, u'storm.messaging.netty.client_worker_threads': 1, u'supervisor.heartbeat.frequency.secs': 5, u'topology.executor.send.buffer.size': 1024, u'drpc.childopts': u'-Xmx768m', u'nimbus.thrift.port': 6627, u'storm.zookeeper.retry.intervalceiling.millis': 30000, u'storm.local.dir': u'storm-local', u'topology.receiver.buffer.size': 8, u'storm.zookeeper.servers': [u'localhost'], u'oauth.consumer_secret': u'ADf76fi3O1lKMzBxWnjqf93l3GHv28uar3bkblkvyBrAyoA23i', u'transactional.zookeeper.root': u'/transactional', u'drpc.request.timeout.secs': 600, u'topology.skip.missing.kryo.registrations': False, u'worker.heartbeat.frequency.secs': 1, u'zmq.hwm': 0, u'storm.zookeeper.connection.timeout': 15000, u'java.library.path': u'/usr/local/lib:/opt/local/lib:/usr/lib', u'topology.max.error.report.per.interval': 5, u'storm.messaging.netty.server_worker_threads': 1, u'storm.id': u'good-4-1462553027', u'supervisor.worker.start.timeout.secs': 120, u'zmq.threads': 1, u'topology.acker.executors': None, u'storm.messaging.netty.flush.check.interval.ms': 10, u'storm.messaging.netty.transfer.batch.size': 262144, u'topology.max.task.parallelism': None, u'topology.environment': None, u'storm.zookeeper.port': 2181, u'nimbus.childopts': u'-Xmx1024m', u'topology.classpath': None, u'worker.childopts': u'-Xmx768m', u'drpc.queue.size': 128, u'topology.multilang.serializer': u'backtype.storm.multilang.JsonSerializer', u'storm.zookeeper.retry.times': 5, u'nimbus.monitor.freq.secs': 10, u'storm.cluster.mode': u'distributed', u'dev.zookeeper.path': u'/tmp/dev-storm-zookeeper', u'drpc.invocations.port': 3773, u'topology.tasks': None, u'storm.zookeeper.root': u'/storm', u'logviewer.childopts': u'-Xmx128m', u'storm.meta.serialization.delegate': u'backtype.storm.serialization.DefaultSerializationDelegate', u'transactional.zookeeper.port': None, u'topology.worker.receiver.thread.count': 1, u'topology.worker.childopts': None, u'topology.max.spout.pending': None, u'topology.kryo.register': None, u'petrel.host': u'pipe-X550CC', u'nimbus.cleanup.inbox.freq.secs': 600, u'storm.messaging.netty.min_wait_ms': 100, u'nimbus.task.timeout.secs': 30, u'nimbus.thrift.max_buffer_size': 1048576, u'topology.sleep.spout.wait.strategy.time.ms': 1, u'nimbus.reassign': True, u'storm.messaging.transport': u'backtype.storm.messaging.netty.Context', u'logviewer.appender.name': u'A1', u'nimbus.host': u'localhost', u'ui.port': 8080, u'supervisor.slots.ports': [6700, 6701, 6702, 6703], u'nimbus.file.copy.expiration.secs': 600, u'supervisor.monitor.frequency.secs': 3, u'ui.childopts': u'-Xmx768m', u'transactional.zookeeper.servers': None, u'zmq.linger.millis': 5000, u'topology.error.throttle.interval.secs': 10, u'topology.worker.shared.thread.pool.size': 4, u'topology.executor.receive.buffer.size': 1024, u'topology.spout.wait.strategy': u'backtype.storm.spout.SleepSpoutWaitStrategy', u'task.heartbeat.frequency.secs': 3, u'topology.transfer.buffer.size': 1024, u'storm.zookeeper.session.timeout': 20000, u'storm.local.mode.zmq': False, u'topology.stats.sample.rate': 0.05, u'topology.fall.back.on.java.serialization': True, u'supervisor.childopts': u'-Xmx256m', u'topology.enable.message.timeouts': True, u'storm.messaging.netty.max_wait_ms': 1000, u'nimbus.topology.validator': u'backtype.storm.nimbus.DefaultTopologyValidator', u'nimbus.supervisor.timeout.secs': 60, u'topology.disruptor.wait.strategy': u'com.lmax.disruptor.BlockingWaitStrategy', u'storm.messaging.netty.buffer_size': 5242880, u'drpc.port': 3772, u'topology.kryo.factory': u'backtype.storm.serialization.DefaultKryoFactory', u'storm.zookeeper.retry.interval': 1000, u'storm.messaging.netty.max_retries': 300, u'topology.tick.tuple.freq.secs': 30, u'supervisor.enable': True, u'nimbus.task.launch.secs': 120, u'task.refresh.poll.secs': 10, u'topology.message.timeout.secs': 30, u'oauth.acess_token_secret': u'IiNOTfgE3tEZvW2HDQhRKPMoOLU43NXJCXk8maj51SdAT', u'petrel.user': u'root', u'nimbus.inbox.jar.expiration.secs': 3600, u'topology.state.synchronization.timeout.secs': 60, u'topology.name': u'good', u'supervisor.worker.timeout.secs': 30, u'topology.trident.batch.emit.interval.millis': 500, u'topology.builtin.metrics.bucket.size.secs': 60, u'storm.thrift.transport': u'backtype.storm.security.auth.SimpleTransportPlugin', u'logviewer.port': 8000, u'oauth.consumer_key': u'eaFmBSxUveRJfmyZYeabti9Q9', u'topology.kryo.decorators': [], u'topology.debug': False}, u'context': {u'task->component': {u'1': u'CountThreeWords', u'3': u'CountWord', u'2': u'CountTwoWords', u'5': u'ThreeWordDivider', u'4': u'KafkaConsumer', u'7': u'WordDivider', u'6': u'TwoWordDivider', u'8': u'__acker'}, u'taskid': 4}}
[2016-05-06 17:55:50,340][storm][INFO]Task sent pid to Storm
[2016-05-06 17:55:50,501][kafka.client][INFO]Broker version identifed as 0.9
[2016-05-06 17:55:50,502][kafka.consumer.subscription_state][INFO]Updating subscribed topics to: ['goodtopic']
[2016-05-06 17:55:50,585][kafka.cluster][INFO]Group coordinator for kafka-python-default-group is BrokerMetadata(nodeId=0, host=u'pipe-X550CC', port=9092)
[2016-05-06 17:55:56,201][kafka.coordinator][INFO]Joined group 'kafka-python-default-group' (generation 4) with member_id kafka-python-1.0.2-2628a27c-cf01-47f1-8764-53794df2be6a
[2016-05-06 17:55:56,204][kafka.consumer.subscription_state][INFO]Updated partition assignment: [TopicPartition(topic=u'goodtopic', partition=0)]
[2016-05-06 17:55:59,294][kafka.coordinator][INFO]Heartbeat successful
[2016-05-06 17:56:02,303][kafka.coordinator][INFO]Heartbeat successful
[2016-05-06 17:56:05,314][kafka.coordinator][INFO]Heartbeat successful
[2016-05-06 17:56:08,368][kafka.coordinator][INFO]Heartbeat successful
[2016-05-06 17:56:11,379][kafka.coordinator][INFO]Heartbeat successful
[2016-05-06 17:56:14,394][kafka.coordinator][INFO]Heartbeat successful
[2016-05-06 17:56:17,445][kafka.coordinator][INFO]Heartbeat successful
[2016-05-06 17:56:20,459][kafka.coordinator][INFO]Heartbeat successful
[2016-05-06 17:56:23,480][kafka.coordinator][INFO]Heartbeat successful
[2016-05-06 17:56:26,496][kafka.coordinator][INFO]Heartbeat successful
[2016-05-06 17:56:29,553][kafka.coordinator][INFO]Heartbeat successful
[2016-05-06 17:56:32,565][kafka.coordinator][INFO]Heartbeat successful
[2016-05-06 17:56:35,581][kafka.coordinator][INFO]Heartbeat successful
[2016-05-06 17:56:38,634][kafka.coordinator][INFO]Heartbeat successful
[2016-05-06 17:56:41,644][kafka.coordinator][INFO]Heartbeat successful
[2016-05-06 17:56:44,659][kafka.coordinator][INFO]Heartbeat successful
[2016-05-06 17:56:47,713][kafka.coordinator][INFO]Heartbeat successful
[2016-05-06 17:56:50,228][kafka.coordinator][INFO]Heartbeat successful
[2016-05-06 17:56:53,281][kafka.coordinator][INFO]Heartbeat successful
[2016-05-06 17:56:56,292][kafka.coordinator][INFO]Heartbeat successful
[2016-05-06 17:56:59,344][kafka.coordinator][INFO]Heartbeat successful
[2016-05-06 17:57:02,355][kafka.coordinator][INFO]Heartbeat successful
[2016-05-06 17:57:05,372][kafka.coordinator][INFO]Heartbeat successful
[2016-05-06 17:57:08,427][kafka.coordinator][INFO]Heartbeat successful
[2016-05-06 17:57:11,437][kafka.coordinator][INFO]Heartbeat successful
[2016-05-06 17:57:14,451][kafka.coordinator][INFO]Heartbeat successful
[2016-05-06 17:57:17,502][kafka.coordinator][INFO]Heartbeat successful
[2016-05-06 17:57:20,518][kafka.coordinator][INFO]Heartbeat successful
[2016-05-06 17:57:23,532][kafka.coordinator][INFO]Heartbeat successful
[2016-05-06 17:57:26,549][kafka.coordinator][INFO]Heartbeat successful
[2016-05-06 17:57:29,601][kafka.coordinator][INFO]Heartbeat successful
[2016-05-06 17:57:32,615][kafka.coordinator][INFO]Heartbeat successful
[2016-05-06 17:57:35,632][kafka.coordinator][INFO]Heartbeat successful
[2016-05-06 17:57:38,685][kafka.coordinator][INFO]Heartbeat successful
[2016-05-06 17:57:41,697][kafka.coordinator][INFO]Heartbeat successful
[2016-05-06 17:57:44,715][kafka.coordinator][INFO]Heartbeat successful
[2016-05-06 17:57:47,228][kafka.coordinator][INFO]Heartbeat successful
[2016-05-06 17:57:50,278][kafka.coordinator][INFO]Heartbeat successful
[2016-05-06 17:57:53,293][kafka.coordinator][INFO]Heartbeat successful
[2016-05-06 17:57:56,308][kafka.coordinator][INFO]Heartbeat successful
[2016-05-06 17:57:59,366][kafka.coordinator][INFO]Heartbeat successful
[2016-05-06 17:58:02,383][kafka.coordinator][INFO]Heartbeat successful
[2016-05-06 17:58:05,394][kafka.coordinator][INFO]Heartbeat successful
[2016-05-06 17:58:08,449][kafka.coordinator][INFO]Heartbeat successful
[2016-05-06 17:58:11,459][kafka.coordinator][INFO]Heartbeat successful
[2016-05-06 17:58:14,472][kafka.coordinator][INFO]Heartbeat successful
[2016-05-06 17:58:17,486][kafka.coordinator][INFO]Heartbeat successful
[2016-05-06 17:58:20,542][kafka.coordinator][INFO]Heartbeat successful
[2016-05-06 17:58:23,558][kafka.coordinator][INFO]Heartbeat successful
[2016-05-06 17:58:26,571][kafka.coordinator][INFO]Heartbeat successful
[2016-05-06 17:58:29,620][kafka.coordinator][INFO]Heartbeat successful
[2016-05-06 17:58:32,634][kafka.coordinator][INFO]Heartbeat successful
[2016-05-06 17:58:35,647][kafka.coordinator][INFO]Heartbeat successful
[2016-05-06 17:58:38,706][kafka.coordinator][INFO]Heartbeat successful
[2016-05-06 17:58:41,720][kafka.coordinator][INFO]Heartbeat successful
[2016-05-06 17:58:44,738][kafka.coordinator][INFO]Heartbeat successful
[2016-05-06 17:58:47,254][kafka.coordinator][INFO]Heartbeat successful
[2016-05-06 17:58:50,305][kafka.coordinator][INFO]Heartbeat successful
[2016-05-06 17:58:53,362][kafka.coordinator][INFO]Heartbeat successful
[2016-05-06 17:58:56,375][kafka.coordinator][INFO]Heartbeat successful
[2016-05-06 17:58:59,392][kafka.coordinator][INFO]Heartbeat successful
[2016-05-06 17:59:02,410][kafka.coordinator][INFO]Heartbeat successful
[2016-05-06 17:59:05,462][kafka.coordinator][INFO]Heartbeat successful
[2016-05-06 17:59:08,479][kafka.coordinator][INFO]Heartbeat successful
[2016-05-06 17:59:11,493][kafka.coordinator][INFO]Heartbeat successful
[2016-05-06 17:59:14,549][kafka.coordinator][INFO]Heartbeat successful
[2016-05-06 17:59:17,565][kafka.coordinator][INFO]Heartbeat successful
[2016-05-06 17:59:20,582][kafka.coordinator][INFO]Heartbeat successful
[2016-05-06 17:59:23,639][kafka.coordinator][INFO]Heartbeat successful
[2016-05-06 17:59:26,656][kafka.coordinator][INFO]Heartbeat successful
[2016-05-06 17:59:29,671][kafka.coordinator][INFO]Heartbeat successful
[2016-05-06 17:59:32,686][kafka.coordinator][INFO]Heartbeat successful
[2016-05-06 17:59:35,744][kafka.coordinator][INFO]Heartbeat successful
[2016-05-06 17:59:38,259][kafka.coordinator][INFO]Heartbeat successful
[2016-05-06 17:59:41,320][kafka.coordinator][INFO]Heartbeat successful
[2016-05-06 17:59:44,337][kafka.coordinator][INFO]Heartbeat successful
[2016-05-06 17:59:47,352][kafka.coordinator][INFO]Heartbeat successful
[2016-05-06 17:59:50,406][kafka.coordinator][INFO]Heartbeat successful
[2016-05-06 17:59:53,420][kafka.coordinator][INFO]Heartbeat successful
[2016-05-06 17:59:56,436][kafka.coordinator][INFO]Heartbeat successful
[2016-05-06 17:59:59,488][kafka.coordinator][INFO]Heartbeat successful
[2016-05-06 18:00:02,501][kafka.coordinator][INFO]Heartbeat successful
[2016-05-06 18:00:05,515][kafka.coordinator][INFO]Heartbeat successful
[2016-05-06 18:00:08,532][kafka.coordinator][INFO]Heartbeat successful
[2016-05-06 18:00:11,584][kafka.coordinator][INFO]Heartbeat successful
[2016-05-06 18:00:14,599][kafka.coordinator][INFO]Heartbeat successful
[2016-05-06 18:00:17,617][kafka.coordinator][INFO]Heartbeat successful
[2016-05-06 18:00:20,673][kafka.coordinator][INFO]Heartbeat successful
[2016-05-06 18:00:23,687][kafka.coordinator][INFO]Heartbeat successful
[2016-05-06 18:00:26,707][kafka.coordinator][INFO]Heartbeat successful
[2016-05-06 18:00:29,759][kafka.coordinator][INFO]Heartbeat successful
[2016-05-06 18:00:32,269][kafka.coordinator][INFO]Heartbeat successful
[2016-05-06 18:00:35,318][kafka.coordinator][INFO]Heartbeat successful
[2016-05-06 18:00:38,331][kafka.coordinator][INFO]Heartbeat successful
[2016-05-06 18:00:41,384][kafka.coordinator][INFO]Heartbeat successful
[2016-05-06 18:00:44,396][kafka.coordinator][INFO]Heartbeat successful
[2016-05-06 18:00:47,411][kafka.coordinator][INFO]Heartbeat successful
[2016-05-06 18:00:50,469][kafka.coordinator][INFO]Heartbeat successful
[2016-05-06 18:00:53,483][kafka.coordinator][INFO]Heartbeat successful
[2016-05-06 18:00:56,501][kafka.coordinator][INFO]Heartbeat successful
[2016-05-06 18:00:59,559][kafka.coordinator][INFO]Heartbeat successful
[2016-05-06 18:01:02,579][kafka.coordinator][INFO]Heartbeat successful
[2016-05-06 18:01:05,599][kafka.coordinator][INFO]Heartbeat successful
[2016-05-06 18:01:08,620][kafka.coordinator][INFO]Heartbeat successful
[2016-05-06 18:01:11,676][kafka.coordinator][INFO]Heartbeat successful
[2016-05-06 18:01:14,695][kafka.coordinator][INFO]Heartbeat successful
