Beginning task setup

/usr/bin/flock
Using existing venv: /tmp/petrel-good-5-1462980106/venv
Task setup took 0 seconds
Launching: python -m petrel.run kafkaconsumer /home/pipe/twitterintel/twitterintel/topology/TopologyTweetTransformationGOOD/petrel1052_kafkaconsumer.log
/usr/local/lib/python2.7/dist-packages/petrel-0.9.4.0.3-py2.7.egg/petrel/run.py invoked with the following arguments: ['kafkaconsumer', '/home/pipe/twitterintel/twitterintel/topology/TopologyTweetTransformationGOOD/petrel1052_kafkaconsumer.log']
python version: 2.7.11
user=root
PATH=/tmp/petrel-good-5-1462980106/venv/bin:/root/SimpleScalar/simplesim-3.0:/root/SimpleScalar/bin:/root/SimpleScalar/gcc-2.6.3:/root/SimpleScalar/bin:/usr/local/sbin:/usr/local/bin:/usr/sbin:/usr/bin:/sbin:/bin:/usr/games:/usr/local/games:/home/pipe/Downloads/zookeeper-3.4.8/bin:/home/pipe/Downloads/apache-storm-0.9.4/bin
LD_LIBRARY_PATH=storm-local/supervisor/stormdist/good-5-1462980106/resources/Linux-amd64:storm-local/supervisor/stormdist/good-5-1462980106/resources:/usr/local/lib:/opt/local/lib:/usr/lib
PYTHON_EGG_CACHE=/tmp/petrel-good-5-1462980106/egg_cache
[2016-05-11 18:37:34,779][storm][INFO]Tuple profiling enabled. Will log tuple processing times.
[2016-05-11 18:37:34,954][storm][INFO]Task received setupInfo from Storm: {u'pidDir': u'/home/pipe/storm-local/workers/9b6f8931-c38c-4911-89fe-d03c1302255e/pids', u'conf': {u'oauth.acess_token': u' 702208758362087425-HZiyl1x7Bh98cQa1WLBDYylyu10Bpl7', u'topology.tuple.serializer': u'backtype.storm.serialization.types.ListDelegateSerializer', u'topology.workers': 1, u'drpc.worker.threads': 64, u'storm.messaging.netty.client_worker_threads': 1, u'supervisor.heartbeat.frequency.secs': 5, u'topology.executor.send.buffer.size': 1024, u'drpc.childopts': u'-Xmx768m', u'nimbus.thrift.port': 6627, u'storm.zookeeper.retry.intervalceiling.millis': 30000, u'storm.local.dir': u'storm-local', u'topology.receiver.buffer.size': 8, u'storm.zookeeper.servers': [u'localhost'], u'oauth.consumer_secret': u'ADf76fi3O1lKMzBxWnjqf93l3GHv28uar3bkblkvyBrAyoA23i', u'transactional.zookeeper.root': u'/transactional', u'drpc.request.timeout.secs': 600, u'topology.skip.missing.kryo.registrations': False, u'worker.heartbeat.frequency.secs': 1, u'zmq.hwm': 0, u'storm.zookeeper.connection.timeout': 15000, u'java.library.path': u'/usr/local/lib:/opt/local/lib:/usr/lib', u'topology.max.error.report.per.interval': 5, u'storm.messaging.netty.server_worker_threads': 1, u'storm.id': u'good-5-1462980106', u'supervisor.worker.start.timeout.secs': 120, u'zmq.threads': 1, u'topology.acker.executors': None, u'storm.messaging.netty.flush.check.interval.ms': 10, u'storm.messaging.netty.transfer.batch.size': 262144, u'topology.max.task.parallelism': None, u'topology.environment': None, u'storm.zookeeper.port': 2181, u'nimbus.childopts': u'-Xmx1024m', u'topology.classpath': None, u'worker.childopts': u'-Xmx768m', u'drpc.queue.size': 128, u'topology.multilang.serializer': u'backtype.storm.multilang.JsonSerializer', u'storm.zookeeper.retry.times': 5, u'nimbus.monitor.freq.secs': 10, u'storm.cluster.mode': u'distributed', u'dev.zookeeper.path': u'/tmp/dev-storm-zookeeper', u'drpc.invocations.port': 3773, u'topology.tasks': None, u'storm.zookeeper.root': u'/storm', u'logviewer.childopts': u'-Xmx128m', u'storm.meta.serialization.delegate': u'backtype.storm.serialization.DefaultSerializationDelegate', u'transactional.zookeeper.port': None, u'topology.worker.receiver.thread.count': 1, u'topology.worker.childopts': None, u'topology.max.spout.pending': None, u'topology.kryo.register': None, u'petrel.host': u'pipe-X550CC', u'nimbus.cleanup.inbox.freq.secs': 600, u'storm.messaging.netty.min_wait_ms': 100, u'nimbus.task.timeout.secs': 30, u'nimbus.thrift.max_buffer_size': 1048576, u'topology.sleep.spout.wait.strategy.time.ms': 1, u'nimbus.reassign': True, u'storm.messaging.transport': u'backtype.storm.messaging.netty.Context', u'logviewer.appender.name': u'A1', u'nimbus.host': u'localhost', u'ui.port': 8080, u'supervisor.slots.ports': [6700, 6701, 6702, 6703], u'nimbus.file.copy.expiration.secs': 600, u'supervisor.monitor.frequency.secs': 3, u'ui.childopts': u'-Xmx768m', u'transactional.zookeeper.servers': None, u'zmq.linger.millis': 5000, u'topology.error.throttle.interval.secs': 10, u'topology.worker.shared.thread.pool.size': 4, u'topology.executor.receive.buffer.size': 1024, u'topology.spout.wait.strategy': u'backtype.storm.spout.SleepSpoutWaitStrategy', u'task.heartbeat.frequency.secs': 3, u'topology.transfer.buffer.size': 1024, u'storm.zookeeper.session.timeout': 20000, u'storm.local.mode.zmq': False, u'topology.stats.sample.rate': 0.05, u'topology.fall.back.on.java.serialization': True, u'supervisor.childopts': u'-Xmx256m', u'topology.enable.message.timeouts': True, u'storm.messaging.netty.max_wait_ms': 1000, u'nimbus.topology.validator': u'backtype.storm.nimbus.DefaultTopologyValidator', u'nimbus.supervisor.timeout.secs': 60, u'topology.disruptor.wait.strategy': u'com.lmax.disruptor.BlockingWaitStrategy', u'storm.messaging.netty.buffer_size': 5242880, u'drpc.port': 3772, u'topology.kryo.factory': u'backtype.storm.serialization.DefaultKryoFactory', u'storm.zookeeper.retry.interval': 1000, u'storm.messaging.netty.max_retries': 300, u'topology.tick.tuple.freq.secs': 30, u'supervisor.enable': True, u'nimbus.task.launch.secs': 120, u'task.refresh.poll.secs': 10, u'topology.message.timeout.secs': 30, u'oauth.acess_token_secret': u'IiNOTfgE3tEZvW2HDQhRKPMoOLU43NXJCXk8maj51SdAT', u'petrel.user': u'root', u'nimbus.inbox.jar.expiration.secs': 3600, u'topology.state.synchronization.timeout.secs': 60, u'topology.name': u'good', u'supervisor.worker.timeout.secs': 30, u'topology.trident.batch.emit.interval.millis': 500, u'topology.builtin.metrics.bucket.size.secs': 60, u'storm.thrift.transport': u'backtype.storm.security.auth.SimpleTransportPlugin', u'logviewer.port': 8000, u'oauth.consumer_key': u'eaFmBSxUveRJfmyZYeabti9Q9', u'topology.kryo.decorators': [], u'topology.debug': False}, u'context': {u'task->component': {u'1': u'CountThreeWords', u'3': u'CountWord', u'2': u'CountTwoWords', u'5': u'ThreeWordDivider', u'4': u'KafkaConsumer', u'7': u'WordDivider', u'6': u'TwoWordDivider', u'8': u'__acker'}, u'taskid': 4}}
[2016-05-11 18:37:34,954][storm][INFO]Task sent pid to Storm
[2016-05-11 18:37:35,113][kafka.client][INFO]Broker version identifed as 0.9
[2016-05-11 18:37:35,114][kafka.consumer.subscription_state][INFO]Updating subscribed topics to: ['goodtopic']
[2016-05-11 18:37:35,195][kafka.cluster][INFO]Group coordinator for kafka-python-default-group is BrokerMetadata(nodeId=0, host=u'pipe-X550CC', port=9092)
[2016-05-11 18:37:38,671][kafka.coordinator][INFO]Joined group 'kafka-python-default-group' (generation 63) with member_id kafka-python-1.0.2-4fab2230-e36d-4ead-bb13-45c3ca786646
[2016-05-11 18:37:38,671][kafka.coordinator][INFO]Elected group leader -- performing partition assignments using range
[2016-05-11 18:37:38,671][kafka.coordinator.assignors.range][WARNING]No partition metadata for topic instanttopic
[2016-05-11 18:37:38,810][kafka.coordinator][INFO]Joined group 'kafka-python-default-group' (generation 63) with member_id kafka-python-1.0.2-4fab2230-e36d-4ead-bb13-45c3ca786646
[2016-05-11 18:37:38,810][kafka.coordinator][INFO]Elected group leader -- performing partition assignments using range
[2016-05-11 18:37:38,853][kafka.consumer.subscription_state][INFO]Updated partition assignment: [TopicPartition(topic=u'goodtopic', partition=0)]
[2016-05-11 18:37:41,943][kafka.coordinator][INFO]Heartbeat successful
[2016-05-11 18:37:44,959][kafka.coordinator][INFO]Heartbeat successful
[2016-05-11 18:37:47,973][kafka.coordinator][INFO]Heartbeat successful
[2016-05-11 18:37:51,032][kafka.coordinator][INFO]Heartbeat successful
[2016-05-11 18:37:54,046][kafka.coordinator][INFO]Heartbeat successful
[2016-05-11 18:37:57,065][kafka.coordinator][INFO]Heartbeat successful
[2016-05-11 18:38:00,119][kafka.coordinator][INFO]Heartbeat successful
[2016-05-11 18:38:03,131][kafka.coordinator][INFO]Heartbeat successful
[2016-05-11 18:38:06,144][kafka.coordinator][INFO]Heartbeat successful
[2016-05-11 18:38:09,157][kafka.coordinator][INFO]Heartbeat successful
[2016-05-11 18:38:12,217][kafka.coordinator][INFO]Heartbeat successful
[2016-05-11 18:38:15,235][kafka.coordinator][INFO]Heartbeat successful
[2016-05-11 18:38:18,248][kafka.coordinator][INFO]Heartbeat successful
[2016-05-11 18:38:21,308][kafka.coordinator][INFO]Heartbeat successful
[2016-05-11 18:38:24,327][kafka.coordinator][INFO]Heartbeat successful
[2016-05-11 18:38:27,343][kafka.coordinator][INFO]Heartbeat successful
[2016-05-11 18:38:29,891][kafka.coordinator][INFO]Heartbeat successful
[2016-05-11 18:38:32,946][kafka.coordinator][INFO]Heartbeat successful
[2016-05-11 18:38:35,970][kafka.coordinator][INFO]Heartbeat successful
[2016-05-11 18:38:38,985][kafka.coordinator][INFO]Heartbeat successful
[2016-05-11 18:38:42,042][kafka.coordinator][INFO]Heartbeat successful
[2016-05-11 18:38:45,065][kafka.coordinator][INFO]Heartbeat successful
[2016-05-11 18:38:48,081][kafka.coordinator][INFO]Heartbeat successful
[2016-05-11 18:38:51,139][kafka.coordinator][INFO]Heartbeat successful
[2016-05-11 18:38:54,159][kafka.coordinator][INFO]Heartbeat successful
[2016-05-11 18:38:57,178][kafka.coordinator][INFO]Heartbeat successful
[2016-05-11 18:39:00,233][kafka.coordinator][INFO]Heartbeat successful
[2016-05-11 18:39:03,256][kafka.coordinator][INFO]Heartbeat successful
[2016-05-11 18:39:06,277][kafka.coordinator][INFO]Heartbeat successful
[2016-05-11 18:39:09,294][kafka.coordinator][INFO]Heartbeat successful
[2016-05-11 18:39:12,350][kafka.coordinator][INFO]Heartbeat successful
[2016-05-11 18:39:15,371][kafka.coordinator][INFO]Heartbeat successful
[2016-05-11 18:39:17,895][kafka.coordinator][INFO]Heartbeat successful
[2016-05-11 18:39:20,956][kafka.coordinator][INFO]Heartbeat successful
[2016-05-11 18:39:23,974][kafka.coordinator][INFO]Heartbeat successful
[2016-05-11 18:39:27,032][kafka.coordinator][INFO]Heartbeat successful
[2016-05-11 18:39:30,055][kafka.coordinator][INFO]Heartbeat successful
[2016-05-11 18:39:33,072][kafka.coordinator][INFO]Heartbeat successful
[2016-05-11 18:39:36,136][kafka.coordinator][INFO]Heartbeat successful
[2016-05-11 18:39:39,152][kafka.coordinator][INFO]Heartbeat successful
[2016-05-11 18:39:42,166][kafka.coordinator][INFO]Heartbeat successful
[2016-05-11 18:39:45,181][kafka.coordinator][INFO]Heartbeat successful
[2016-05-11 18:39:48,249][kafka.coordinator][INFO]Heartbeat successful
[2016-05-11 18:39:51,276][kafka.coordinator][INFO]Heartbeat successful
[2016-05-11 18:39:54,292][kafka.coordinator][INFO]Heartbeat successful
[2016-05-11 18:39:57,348][kafka.coordinator][INFO]Heartbeat successful
[2016-05-11 18:40:00,365][kafka.coordinator][INFO]Heartbeat successful
[2016-05-11 18:40:03,379][kafka.coordinator][INFO]Heartbeat successful
[2016-05-11 18:40:05,933][kafka.coordinator][INFO]Heartbeat successful
[2016-05-11 18:40:08,948][kafka.coordinator][INFO]Heartbeat successful
[2016-05-11 18:40:11,975][kafka.coordinator][INFO]Heartbeat successful
[2016-05-11 18:40:14,989][kafka.coordinator][INFO]Heartbeat successful
[2016-05-11 18:40:18,043][kafka.coordinator][INFO]Heartbeat successful
[2016-05-11 18:40:21,056][kafka.coordinator][INFO]Heartbeat successful
[2016-05-11 18:40:24,068][kafka.coordinator][INFO]Heartbeat successful
[2016-05-11 18:40:27,121][kafka.coordinator][INFO]Heartbeat successful
[2016-05-11 18:40:30,137][kafka.coordinator][INFO]Heartbeat successful
[2016-05-11 18:40:33,153][kafka.coordinator][INFO]Heartbeat successful
[2016-05-11 18:40:36,209][kafka.coordinator][WARNING]Heartbeat: group is rebalancing; this consumer needs to re-join
[2016-05-11 18:40:36,209][kafka.coordinator][WARNING]Heartbeat failed; retrying
[2016-05-11 18:40:36,310][kafka.coordinator][INFO]Skipping heartbeat: no auto-assignment or waiting on rebalance
[2016-05-11 18:40:38,950][kafka.coordinator][INFO]Joined group 'kafka-python-default-group' (generation 64) with member_id kafka-python-1.0.2-4fab2230-e36d-4ead-bb13-45c3ca786646
[2016-05-11 18:40:38,950][kafka.coordinator][INFO]Elected group leader -- performing partition assignments using range
[2016-05-11 18:40:38,953][kafka.consumer.subscription_state][INFO]Updated partition assignment: [TopicPartition(topic=u'goodtopic', partition=0)]
[2016-05-11 18:40:42,056][kafka.coordinator][INFO]Heartbeat successful
[2016-05-11 18:40:45,078][kafka.coordinator][INFO]Heartbeat successful
[2016-05-11 18:40:48,101][kafka.coordinator][INFO]Heartbeat successful
[2016-05-11 18:40:51,155][kafka.coordinator][INFO]Heartbeat successful
[2016-05-11 18:40:54,177][kafka.coordinator][INFO]Heartbeat successful
[2016-05-11 18:40:57,195][kafka.coordinator][INFO]Heartbeat successful
[2016-05-11 18:41:00,249][kafka.coordinator][INFO]Heartbeat successful
[2016-05-11 18:41:03,263][kafka.coordinator][INFO]Heartbeat successful
[2016-05-11 18:41:06,290][kafka.coordinator][INFO]Heartbeat successful
[2016-05-11 18:41:09,306][kafka.coordinator][INFO]Heartbeat successful
[2016-05-11 18:41:12,364][kafka.coordinator][INFO]Heartbeat successful
[2016-05-11 18:41:15,382][kafka.coordinator][INFO]Heartbeat successful
[2016-05-11 18:41:18,394][kafka.coordinator][INFO]Heartbeat successful
[2016-05-11 18:41:21,450][kafka.coordinator][INFO]Heartbeat successful
[2016-05-11 18:41:23,966][kafka.coordinator][INFO]Heartbeat successful
[2016-05-11 18:41:27,029][kafka.coordinator][INFO]Heartbeat successful
[2016-05-11 18:41:30,088][kafka.coordinator][INFO]Heartbeat successful
[2016-05-11 18:41:33,106][kafka.coordinator][INFO]Heartbeat successful
[2016-05-11 18:41:36,124][kafka.coordinator][INFO]Heartbeat successful
[2016-05-11 18:41:39,143][kafka.coordinator][INFO]Heartbeat successful
[2016-05-11 18:41:42,361][kafka.coordinator][INFO]Heartbeat successful
[2016-05-11 18:41:45,407][kafka.coordinator][INFO]Heartbeat successful
[2016-05-11 18:41:48,424][kafka.coordinator][INFO]Heartbeat successful
[2016-05-11 18:41:51,160][kafka.coordinator][INFO]Heartbeat successful
[2016-05-11 18:41:54,187][kafka.coordinator][INFO]Heartbeat successful
[2016-05-11 18:41:57,206][kafka.coordinator][INFO]Heartbeat successful
[2016-05-11 18:42:00,227][kafka.coordinator][INFO]Heartbeat successful
[2016-05-11 18:42:03,509][kafka.coordinator][INFO]Heartbeat successful
[2016-05-11 18:42:06,309][kafka.coordinator][INFO]Heartbeat successful
[2016-05-11 18:42:09,108][kafka.coordinator][INFO]Heartbeat successful
[2016-05-11 18:42:12,290][kafka.coordinator][INFO]Heartbeat successful
[2016-05-11 18:42:15,330][kafka.coordinator][INFO]Heartbeat successful
[2016-05-11 18:42:18,350][kafka.coordinator][INFO]Heartbeat successful
[2016-05-11 18:42:21,367][kafka.coordinator][INFO]Heartbeat successful
[2016-05-11 18:42:24,421][kafka.coordinator][INFO]Heartbeat successful
[2016-05-11 18:42:27,437][kafka.coordinator][INFO]Heartbeat successful
[2016-05-11 18:42:30,459][kafka.coordinator][INFO]Heartbeat successful
[2016-05-11 18:42:33,022][kafka.coordinator][INFO]Heartbeat successful
[2016-05-11 18:42:36,041][kafka.coordinator][INFO]Heartbeat successful
[2016-05-11 18:42:38,978][kafka.coordinator][WARNING]Coordinator unknown during heartbeat -- will retry
[2016-05-11 18:42:38,978][kafka.coordinator][WARNING]Heartbeat failed; retrying
[2016-05-11 18:42:39,080][kafka.coordinator][INFO]Heartbeat successful
[2016-05-11 18:42:42,137][kafka.coordinator][INFO]Heartbeat successful
[2016-05-11 18:42:45,157][kafka.coordinator][INFO]Heartbeat successful
[2016-05-11 18:42:48,219][kafka.coordinator][INFO]Heartbeat successful
[2016-05-11 18:42:51,238][kafka.coordinator][INFO]Heartbeat successful
[2016-05-11 18:42:54,255][kafka.coordinator][INFO]Heartbeat successful
[2016-05-11 18:42:57,312][kafka.coordinator][INFO]Heartbeat successful
