Beginning task setup

/usr/bin/flock
Using existing venv: /tmp/petrel-good-2-1462530265/venv
Task setup took 0 seconds
Launching: python -m petrel.run twoworddivider /home/pipe/twitterintel/topology/TopologyTweetTransformationGOOD/petrel27271_twoworddivider.log
/usr/local/lib/python2.7/dist-packages/petrel-0.9.4.0.3-py2.7.egg/petrel/run.py invoked with the following arguments: ['twoworddivider', '/home/pipe/twitterintel/topology/TopologyTweetTransformationGOOD/petrel27271_twoworddivider.log']
python version: 2.7.11
user=root
PATH=/tmp/petrel-good-2-1462530265/venv/bin:/root/SimpleScalar/simplesim-3.0:/root/SimpleScalar/bin:/root/SimpleScalar/gcc-2.6.3:/root/SimpleScalar/bin:/usr/local/sbin:/usr/local/bin:/usr/sbin:/usr/bin:/sbin:/bin:/usr/games:/usr/local/games:/home/pipe/Downloads/zookeeper-3.4.8/bin:/home/pipe/Downloads/apache-storm-0.9.4/bin
LD_LIBRARY_PATH=storm-local/supervisor/stormdist/good-2-1462530265/resources/Linux-amd64:storm-local/supervisor/stormdist/good-2-1462530265/resources:/usr/local/lib:/opt/local/lib:/usr/lib
PYTHON_EGG_CACHE=/tmp/petrel-good-2-1462530265/egg_cache
[2016-05-06 16:48:52,141][storm][INFO]Tuple profiling enabled. Will log tuple processing times.
[2016-05-06 16:49:02,149][storm][INFO]Task received setupInfo from Storm: {u'pidDir': u'/home/pipe/storm-local/workers/4c90ac55-07ce-47ff-874e-f001f1159750/pids', u'conf': {u'oauth.acess_token': u' 702208758362087425-HZiyl1x7Bh98cQa1WLBDYylyu10Bpl7', u'topology.tuple.serializer': u'backtype.storm.serialization.types.ListDelegateSerializer', u'topology.workers': 1, u'drpc.worker.threads': 64, u'storm.messaging.netty.client_worker_threads': 1, u'supervisor.heartbeat.frequency.secs': 5, u'topology.executor.send.buffer.size': 1024, u'drpc.childopts': u'-Xmx768m', u'nimbus.thrift.port': 6627, u'storm.zookeeper.retry.intervalceiling.millis': 30000, u'storm.local.dir': u'storm-local', u'topology.receiver.buffer.size': 8, u'storm.zookeeper.servers': [u'localhost'], u'oauth.consumer_secret': u'ADf76fi3O1lKMzBxWnjqf93l3GHv28uar3bkblkvyBrAyoA23i', u'transactional.zookeeper.root': u'/transactional', u'drpc.request.timeout.secs': 600, u'topology.skip.missing.kryo.registrations': False, u'worker.heartbeat.frequency.secs': 1, u'zmq.hwm': 0, u'storm.zookeeper.connection.timeout': 15000, u'java.library.path': u'/usr/local/lib:/opt/local/lib:/usr/lib', u'topology.max.error.report.per.interval': 5, u'storm.messaging.netty.server_worker_threads': 1, u'storm.id': u'good-2-1462530265', u'supervisor.worker.start.timeout.secs': 120, u'zmq.threads': 1, u'topology.acker.executors': None, u'storm.messaging.netty.flush.check.interval.ms': 10, u'storm.messaging.netty.transfer.batch.size': 262144, u'topology.max.task.parallelism': None, u'topology.environment': None, u'storm.zookeeper.port': 2181, u'nimbus.childopts': u'-Xmx1024m', u'topology.classpath': None, u'worker.childopts': u'-Xmx768m', u'drpc.queue.size': 128, u'topology.multilang.serializer': u'backtype.storm.multilang.JsonSerializer', u'storm.zookeeper.retry.times': 5, u'nimbus.monitor.freq.secs': 10, u'storm.cluster.mode': u'distributed', u'dev.zookeeper.path': u'/tmp/dev-storm-zookeeper', u'drpc.invocations.port': 3773, u'topology.tasks': None, u'storm.zookeeper.root': u'/storm', u'logviewer.childopts': u'-Xmx128m', u'storm.meta.serialization.delegate': u'backtype.storm.serialization.DefaultSerializationDelegate', u'transactional.zookeeper.port': None, u'topology.worker.receiver.thread.count': 1, u'topology.worker.childopts': None, u'topology.max.spout.pending': None, u'topology.kryo.register': None, u'petrel.host': u'pipe-X550CC', u'nimbus.cleanup.inbox.freq.secs': 600, u'storm.messaging.netty.min_wait_ms': 100, u'nimbus.task.timeout.secs': 30, u'nimbus.thrift.max_buffer_size': 1048576, u'topology.sleep.spout.wait.strategy.time.ms': 1, u'nimbus.reassign': True, u'storm.messaging.transport': u'backtype.storm.messaging.netty.Context', u'logviewer.appender.name': u'A1', u'nimbus.host': u'localhost', u'ui.port': 8080, u'supervisor.slots.ports': [6700, 6701, 6702, 6703], u'nimbus.file.copy.expiration.secs': 600, u'supervisor.monitor.frequency.secs': 3, u'ui.childopts': u'-Xmx768m', u'transactional.zookeeper.servers': None, u'zmq.linger.millis': 5000, u'topology.error.throttle.interval.secs': 10, u'topology.worker.shared.thread.pool.size': 4, u'topology.executor.receive.buffer.size': 1024, u'topology.spout.wait.strategy': u'backtype.storm.spout.SleepSpoutWaitStrategy', u'task.heartbeat.frequency.secs': 3, u'topology.transfer.buffer.size': 1024, u'storm.zookeeper.session.timeout': 20000, u'storm.local.mode.zmq': False, u'topology.stats.sample.rate': 0.05, u'topology.fall.back.on.java.serialization': True, u'supervisor.childopts': u'-Xmx256m', u'topology.enable.message.timeouts': True, u'storm.messaging.netty.max_wait_ms': 1000, u'nimbus.topology.validator': u'backtype.storm.nimbus.DefaultTopologyValidator', u'nimbus.supervisor.timeout.secs': 60, u'topology.disruptor.wait.strategy': u'com.lmax.disruptor.BlockingWaitStrategy', u'storm.messaging.netty.buffer_size': 5242880, u'drpc.port': 3772, u'topology.kryo.factory': u'backtype.storm.serialization.DefaultKryoFactory', u'storm.zookeeper.retry.interval': 1000, u'storm.messaging.netty.max_retries': 300, u'topology.tick.tuple.freq.secs': None, u'supervisor.enable': True, u'nimbus.task.launch.secs': 120, u'task.refresh.poll.secs': 10, u'topology.message.timeout.secs': 30, u'oauth.acess_token_secret': u'IiNOTfgE3tEZvW2HDQhRKPMoOLU43NXJCXk8maj51SdAT', u'petrel.user': u'root', u'nimbus.inbox.jar.expiration.secs': 3600, u'topology.state.synchronization.timeout.secs': 60, u'topology.name': u'good', u'supervisor.worker.timeout.secs': 30, u'topology.trident.batch.emit.interval.millis': 500, u'topology.builtin.metrics.bucket.size.secs': 60, u'storm.thrift.transport': u'backtype.storm.security.auth.SimpleTransportPlugin', u'logviewer.port': 8000, u'oauth.consumer_key': u'eaFmBSxUveRJfmyZYeabti9Q9', u'topology.kryo.decorators': [], u'topology.debug': False}, u'context': {u'task->component': {u'1': u'CountThreeWords', u'3': u'CountWord', u'2': u'CountTwoWords', u'5': u'ThreeWordDivider', u'4': u'KafkaConsumer', u'7': u'WordDivider', u'6': u'TwoWordDivider', u'8': u'__acker'}, u'taskid': 6}}
[2016-05-06 16:49:02,150][storm][INFO]Task sent pid to Storm
[2016-05-06 16:52:33,661][storm][DEBUG]BasicBolt profile: total_num_tuples=1, num_tuples=1, avg_read_time=0.344289 (93.4%), avg_process_time=0.024437 (6.6%), avg_ack_time=0.000026 (0.0%)
[2016-05-06 16:52:53,141][storm][DEBUG]BasicBolt profile: total_num_tuples=9, num_tuples=8, avg_read_time=0.058558 (99.0%), avg_process_time=0.000577 (1.0%), avg_ack_time=0.000018 (0.0%)
[2016-05-06 16:52:54,210][storm][DEBUG]BasicBolt profile: total_num_tuples=21, num_tuples=12, avg_read_time=0.087359 (98.1%), avg_process_time=0.001684 (1.9%), avg_ack_time=0.000032 (0.0%)
[2016-05-06 16:52:55,244][storm][DEBUG]BasicBolt profile: total_num_tuples=29, num_tuples=8, avg_read_time=0.125304 (97.0%), avg_process_time=0.003779 (2.9%), avg_ack_time=0.000043 (0.0%)
[2016-05-06 16:52:56,258][storm][DEBUG]BasicBolt profile: total_num_tuples=41, num_tuples=12, avg_read_time=0.083548 (99.1%), avg_process_time=0.000770 (0.9%), avg_ack_time=0.000021 (0.0%)
[2016-05-06 16:52:57,356][storm][DEBUG]BasicBolt profile: total_num_tuples=49, num_tuples=8, avg_read_time=0.135955 (99.1%), avg_process_time=0.001263 (0.9%), avg_ack_time=0.000025 (0.0%)
[2016-05-06 16:52:58,371][storm][DEBUG]BasicBolt profile: total_num_tuples=54, num_tuples=5, avg_read_time=0.201665 (99.3%), avg_process_time=0.001063 (0.5%), avg_ack_time=0.000337 (0.2%)
[2016-05-06 16:52:59,486][storm][DEBUG]BasicBolt profile: total_num_tuples=66, num_tuples=12, avg_read_time=0.091845 (98.9%), avg_process_time=0.000955 (1.0%), avg_ack_time=0.000022 (0.0%)
[2016-05-06 16:53:00,657][storm][DEBUG]BasicBolt profile: total_num_tuples=72, num_tuples=6, avg_read_time=0.193654 (99.2%), avg_process_time=0.001352 (0.7%), avg_ack_time=0.000143 (0.1%)
[2016-05-06 16:53:02,503][storm][DEBUG]BasicBolt profile: total_num_tuples=82, num_tuples=10, avg_read_time=0.183437 (99.4%), avg_process_time=0.001069 (0.6%), avg_ack_time=0.000028 (0.0%)
[2016-05-06 16:53:03,715][storm][DEBUG]BasicBolt profile: total_num_tuples=98, num_tuples=16, avg_read_time=0.070742 (93.6%), avg_process_time=0.004716 (6.2%), avg_ack_time=0.000133 (0.2%)
[2016-05-06 16:53:04,721][storm][DEBUG]BasicBolt profile: total_num_tuples=112, num_tuples=14, avg_read_time=0.068273 (95.1%), avg_process_time=0.003470 (4.8%), avg_ack_time=0.000032 (0.0%)
[2016-05-06 16:53:05,973][storm][DEBUG]BasicBolt profile: total_num_tuples=116, num_tuples=4, avg_read_time=0.062267 (98.3%), avg_process_time=0.001059 (1.7%), avg_ack_time=0.000034 (0.1%)
[2016-05-06 16:53:07,013][storm][DEBUG]BasicBolt profile: total_num_tuples=132, num_tuples=16, avg_read_time=0.062904 (96.9%), avg_process_time=0.001940 (3.0%), avg_ack_time=0.000055 (0.1%)
[2016-05-06 16:53:08,022][storm][DEBUG]BasicBolt profile: total_num_tuples=146, num_tuples=14, avg_read_time=0.070707 (98.2%), avg_process_time=0.001262 (1.8%), avg_ack_time=0.000023 (0.0%)
[2016-05-06 16:53:09,280][storm][DEBUG]BasicBolt profile: total_num_tuples=153, num_tuples=7, avg_read_time=0.177213 (98.6%), avg_process_time=0.002381 (1.3%), avg_ack_time=0.000056 (0.0%)
[2016-05-06 16:53:10,434][storm][DEBUG]BasicBolt profile: total_num_tuples=158, num_tuples=5, avg_read_time=0.228279 (99.3%), avg_process_time=0.001585 (0.7%), avg_ack_time=0.000033 (0.0%)
[2016-05-06 16:53:11,441][storm][DEBUG]BasicBolt profile: total_num_tuples=166, num_tuples=8, avg_read_time=0.123852 (98.4%), avg_process_time=0.001943 (1.5%), avg_ack_time=0.000032 (0.0%)
[2016-05-06 16:53:12,466][storm][DEBUG]BasicBolt profile: total_num_tuples=173, num_tuples=7, avg_read_time=0.143329 (97.9%), avg_process_time=0.002704 (1.8%), avg_ack_time=0.000352 (0.2%)
[2016-05-06 16:53:13,544][storm][DEBUG]BasicBolt profile: total_num_tuples=183, num_tuples=10, avg_read_time=0.104625 (97.1%), avg_process_time=0.002963 (2.7%), avg_ack_time=0.000164 (0.2%)
[2016-05-06 16:53:14,584][storm][DEBUG]BasicBolt profile: total_num_tuples=196, num_tuples=13, avg_read_time=0.078666 (98.3%), avg_process_time=0.001292 (1.6%), avg_ack_time=0.000034 (0.0%)
[2016-05-06 16:53:15,731][storm][DEBUG]BasicBolt profile: total_num_tuples=201, num_tuples=5, avg_read_time=0.227095 (99.1%), avg_process_time=0.002114 (0.9%), avg_ack_time=0.000033 (0.0%)
[2016-05-06 16:53:16,967][storm][DEBUG]BasicBolt profile: total_num_tuples=210, num_tuples=9, avg_read_time=0.135513 (98.8%), avg_process_time=0.001570 (1.1%), avg_ack_time=0.000050 (0.0%)
[2016-05-06 16:53:17,988][storm][DEBUG]BasicBolt profile: total_num_tuples=230, num_tuples=20, avg_read_time=0.046997 (92.5%), avg_process_time=0.003507 (6.9%), avg_ack_time=0.000282 (0.6%)
[2016-05-06 16:53:19,166][storm][DEBUG]BasicBolt profile: total_num_tuples=241, num_tuples=11, avg_read_time=0.104268 (97.4%), avg_process_time=0.002733 (2.6%), avg_ack_time=0.000043 (0.0%)
[2016-05-06 16:53:20,181][storm][DEBUG]BasicBolt profile: total_num_tuples=256, num_tuples=15, avg_read_time=0.066329 (98.0%), avg_process_time=0.001315 (1.9%), avg_ack_time=0.000029 (0.0%)
[2016-05-06 16:53:21,187][storm][DEBUG]BasicBolt profile: total_num_tuples=267, num_tuples=11, avg_read_time=0.090372 (98.9%), avg_process_time=0.000981 (1.1%), avg_ack_time=0.000021 (0.0%)
[2016-05-06 16:53:22,361][storm][DEBUG]BasicBolt profile: total_num_tuples=278, num_tuples=11, avg_read_time=0.103524 (97.0%), avg_process_time=0.003138 (2.9%), avg_ack_time=0.000034 (0.0%)
[2016-05-06 16:53:23,445][storm][DEBUG]BasicBolt profile: total_num_tuples=287, num_tuples=9, avg_read_time=0.118979 (98.7%), avg_process_time=0.001482 (1.2%), avg_ack_time=0.000042 (0.0%)
[2016-05-06 16:53:24,457][storm][DEBUG]BasicBolt profile: total_num_tuples=296, num_tuples=9, avg_read_time=0.108945 (97.0%), avg_process_time=0.003329 (3.0%), avg_ack_time=0.000039 (0.0%)
[2016-05-06 16:53:25,593][storm][DEBUG]BasicBolt profile: total_num_tuples=302, num_tuples=6, avg_read_time=0.188349 (99.5%), avg_process_time=0.000897 (0.5%), avg_ack_time=0.000027 (0.0%)
[2016-05-06 16:53:26,661][storm][DEBUG]BasicBolt profile: total_num_tuples=313, num_tuples=11, avg_read_time=0.095247 (98.1%), avg_process_time=0.001801 (1.9%), avg_ack_time=0.000024 (0.0%)
[2016-05-06 16:53:27,948][storm][DEBUG]BasicBolt profile: total_num_tuples=320, num_tuples=7, avg_read_time=0.181440 (98.7%), avg_process_time=0.002343 (1.3%), avg_ack_time=0.000031 (0.0%)
[2016-05-06 16:53:29,120][storm][DEBUG]BasicBolt profile: total_num_tuples=335, num_tuples=15, avg_read_time=0.075497 (96.7%), avg_process_time=0.002545 (3.3%), avg_ack_time=0.000046 (0.1%)
[2016-05-06 16:53:30,200][storm][DEBUG]BasicBolt profile: total_num_tuples=345, num_tuples=10, avg_read_time=0.106881 (99.0%), avg_process_time=0.001107 (1.0%), avg_ack_time=0.000023 (0.0%)
[2016-05-06 16:53:31,315][storm][DEBUG]BasicBolt profile: total_num_tuples=354, num_tuples=9, avg_read_time=0.122646 (99.0%), avg_process_time=0.001239 (1.0%), avg_ack_time=0.000022 (0.0%)
[2016-05-06 16:53:32,346][storm][DEBUG]BasicBolt profile: total_num_tuples=362, num_tuples=8, avg_read_time=0.127790 (99.2%), avg_process_time=0.000976 (0.8%), avg_ack_time=0.000033 (0.0%)
[2016-05-06 16:53:33,464][storm][DEBUG]BasicBolt profile: total_num_tuples=370, num_tuples=8, avg_read_time=0.135648 (97.1%), avg_process_time=0.004006 (2.9%), avg_ack_time=0.000033 (0.0%)
[2016-05-06 16:53:34,578][storm][DEBUG]BasicBolt profile: total_num_tuples=376, num_tuples=6, avg_read_time=0.184925 (99.6%), avg_process_time=0.000742 (0.4%), avg_ack_time=0.000021 (0.0%)
[2016-05-06 16:53:37,040][storm][DEBUG]BasicBolt profile: total_num_tuples=384, num_tuples=8, avg_read_time=0.181649 (98.8%), avg_process_time=0.002160 (1.2%), avg_ack_time=0.000051 (0.0%)
[2016-05-06 16:53:38,161][storm][DEBUG]BasicBolt profile: total_num_tuples=409, num_tuples=25, avg_read_time=0.043439 (96.9%), avg_process_time=0.001360 (3.0%), avg_ack_time=0.000037 (0.1%)
[2016-05-06 16:53:39,169][storm][DEBUG]BasicBolt profile: total_num_tuples=426, num_tuples=17, avg_read_time=0.058025 (97.9%), avg_process_time=0.001211 (2.0%), avg_ack_time=0.000022 (0.0%)
[2016-05-06 16:53:40,204][storm][DEBUG]BasicBolt profile: total_num_tuples=432, num_tuples=6, avg_read_time=0.169767 (98.4%), avg_process_time=0.002751 (1.6%), avg_ack_time=0.000022 (0.0%)
[2016-05-06 16:53:41,487][storm][DEBUG]BasicBolt profile: total_num_tuples=441, num_tuples=9, avg_read_time=0.141046 (99.0%), avg_process_time=0.001376 (1.0%), avg_ack_time=0.000021 (0.0%)
[2016-05-06 16:53:42,490][storm][DEBUG]BasicBolt profile: total_num_tuples=455, num_tuples=14, avg_read_time=0.069790 (97.6%), avg_process_time=0.001669 (2.3%), avg_ack_time=0.000022 (0.0%)
[2016-05-06 16:53:43,583][storm][DEBUG]BasicBolt profile: total_num_tuples=465, num_tuples=10, avg_read_time=0.108063 (99.0%), avg_process_time=0.001109 (1.0%), avg_ack_time=0.000023 (0.0%)
[2016-05-06 16:53:45,379][storm][DEBUG]BasicBolt profile: total_num_tuples=473, num_tuples=8, avg_read_time=0.223177 (99.4%), avg_process_time=0.001295 (0.6%), avg_ack_time=0.000020 (0.0%)
[2016-05-06 16:53:46,691][storm][INFO]Caught exception
[2016-05-06 16:53:46,691][storm][ERROR]Sent failure message ("E_BOLTFAILED__twoworddivider__pipe-X550CC__pid__27271__port__-1__taskindex__-1__StormIPCException") to Storm
[2016-05-06 16:53:51,695][storm][ERROR]Caught exception in BasicBolt.run
Traceback (most recent call last):
  File "/usr/local/lib/python2.7/dist-packages/petrel-0.9.4.0.3-py2.7.egg/petrel/storm.py", line 377, in run
    tup = readTuple()
  File "/usr/local/lib/python2.7/dist-packages/petrel-0.9.4.0.3-py2.7.egg/petrel/storm.py", line 81, in readTuple
    cmd = readCommand()
  File "/usr/local/lib/python2.7/dist-packages/petrel-0.9.4.0.3-py2.7.egg/petrel/storm.py", line 74, in readCommand
    msg = readMsg()
  File "/usr/local/lib/python2.7/dist-packages/petrel-0.9.4.0.3-py2.7.egg/petrel/storm.py", line 45, in readMsg
    raise StormIPCException('Read EOF from stdin')
StormIPCException: Read EOF from stdin
[2016-05-06 16:53:51,699][storm][ERROR]The error occurred while processing this tuple: [u'tormthegalaxies: So Donald Trump is staying down the street from where I live. And today was an unusually... https://t.co/LWdFhjSksW', u'1']
Worker twoworddivider exiting normally.
