Beginning task setup

/usr/bin/flock
Using existing venv: /tmp/petrel-good-2-1462530265/venv
Task setup took 1 seconds
Launching: python -m petrel.run mongodbcount /home/pipe/twitterintel/topology/TopologyTweetTransformationGOOD/petrel11161_mongodbcount.log
/usr/local/lib/python2.7/dist-packages/petrel-0.9.4.0.3-py2.7.egg/petrel/run.py invoked with the following arguments: ['mongodbcount', '/home/pipe/twitterintel/topology/TopologyTweetTransformationGOOD/petrel11161_mongodbcount.log']
python version: 2.7.11
user=root
PATH=/tmp/petrel-good-2-1462530265/venv/bin:/root/SimpleScalar/simplesim-3.0:/root/SimpleScalar/bin:/root/SimpleScalar/gcc-2.6.3:/root/SimpleScalar/bin:/usr/local/sbin:/usr/local/bin:/usr/sbin:/usr/bin:/sbin:/bin:/usr/games:/usr/local/games:/home/pipe/Downloads/zookeeper-3.4.8/bin:/home/pipe/Downloads/apache-storm-0.9.4/bin
LD_LIBRARY_PATH=storm-local/supervisor/stormdist/good-2-1462530265/resources/Linux-amd64:storm-local/supervisor/stormdist/good-2-1462530265/resources:/usr/local/lib:/opt/local/lib:/usr/lib
PYTHON_EGG_CACHE=/tmp/petrel-good-2-1462530265/egg_cache
[2016-05-06 16:54:49,639][storm][INFO]Tuple profiling enabled. Will log tuple processing times.
[2016-05-06 16:54:50,471][storm][INFO]Task received setupInfo from Storm: {u'pidDir': u'/home/pipe/storm-local/workers/ca155c36-2534-4ea2-9184-3596f6f23611/pids', u'conf': {u'oauth.acess_token': u' 702208758362087425-HZiyl1x7Bh98cQa1WLBDYylyu10Bpl7', u'topology.tuple.serializer': u'backtype.storm.serialization.types.ListDelegateSerializer', u'topology.workers': 1, u'drpc.worker.threads': 64, u'storm.messaging.netty.client_worker_threads': 1, u'supervisor.heartbeat.frequency.secs': 5, u'topology.executor.send.buffer.size': 1024, u'drpc.childopts': u'-Xmx768m', u'nimbus.thrift.port': 6627, u'storm.zookeeper.retry.intervalceiling.millis': 30000, u'storm.local.dir': u'storm-local', u'topology.receiver.buffer.size': 8, u'storm.zookeeper.servers': [u'localhost'], u'oauth.consumer_secret': u'ADf76fi3O1lKMzBxWnjqf93l3GHv28uar3bkblkvyBrAyoA23i', u'transactional.zookeeper.root': u'/transactional', u'drpc.request.timeout.secs': 600, u'topology.skip.missing.kryo.registrations': False, u'worker.heartbeat.frequency.secs': 1, u'zmq.hwm': 0, u'storm.zookeeper.connection.timeout': 15000, u'java.library.path': u'/usr/local/lib:/opt/local/lib:/usr/lib', u'topology.max.error.report.per.interval': 5, u'storm.messaging.netty.server_worker_threads': 1, u'storm.id': u'good-2-1462530265', u'supervisor.worker.start.timeout.secs': 120, u'zmq.threads': 1, u'topology.acker.executors': None, u'storm.messaging.netty.flush.check.interval.ms': 10, u'storm.messaging.netty.transfer.batch.size': 262144, u'topology.max.task.parallelism': None, u'topology.environment': None, u'storm.zookeeper.port': 2181, u'nimbus.childopts': u'-Xmx1024m', u'topology.classpath': None, u'worker.childopts': u'-Xmx768m', u'drpc.queue.size': 128, u'topology.multilang.serializer': u'backtype.storm.multilang.JsonSerializer', u'storm.zookeeper.retry.times': 5, u'nimbus.monitor.freq.secs': 10, u'storm.cluster.mode': u'distributed', u'dev.zookeeper.path': u'/tmp/dev-storm-zookeeper', u'drpc.invocations.port': 3773, u'topology.tasks': None, u'storm.zookeeper.root': u'/storm', u'logviewer.childopts': u'-Xmx128m', u'storm.meta.serialization.delegate': u'backtype.storm.serialization.DefaultSerializationDelegate', u'transactional.zookeeper.port': None, u'topology.worker.receiver.thread.count': 1, u'topology.worker.childopts': None, u'topology.max.spout.pending': None, u'topology.kryo.register': None, u'petrel.host': u'pipe-X550CC', u'nimbus.cleanup.inbox.freq.secs': 600, u'storm.messaging.netty.min_wait_ms': 100, u'nimbus.task.timeout.secs': 30, u'nimbus.thrift.max_buffer_size': 1048576, u'topology.sleep.spout.wait.strategy.time.ms': 1, u'nimbus.reassign': True, u'storm.messaging.transport': u'backtype.storm.messaging.netty.Context', u'logviewer.appender.name': u'A1', u'nimbus.host': u'localhost', u'ui.port': 8080, u'supervisor.slots.ports': [6700, 6701, 6702, 6703], u'nimbus.file.copy.expiration.secs': 600, u'supervisor.monitor.frequency.secs': 3, u'ui.childopts': u'-Xmx768m', u'transactional.zookeeper.servers': None, u'zmq.linger.millis': 5000, u'topology.error.throttle.interval.secs': 10, u'topology.worker.shared.thread.pool.size': 4, u'topology.executor.receive.buffer.size': 1024, u'topology.spout.wait.strategy': u'backtype.storm.spout.SleepSpoutWaitStrategy', u'task.heartbeat.frequency.secs': 3, u'topology.transfer.buffer.size': 1024, u'storm.zookeeper.session.timeout': 20000, u'storm.local.mode.zmq': False, u'topology.stats.sample.rate': 0.05, u'topology.fall.back.on.java.serialization': True, u'supervisor.childopts': u'-Xmx256m', u'topology.enable.message.timeouts': True, u'storm.messaging.netty.max_wait_ms': 1000, u'nimbus.topology.validator': u'backtype.storm.nimbus.DefaultTopologyValidator', u'nimbus.supervisor.timeout.secs': 60, u'topology.disruptor.wait.strategy': u'com.lmax.disruptor.BlockingWaitStrategy', u'storm.messaging.netty.buffer_size': 5242880, u'drpc.port': 3772, u'topology.kryo.factory': u'backtype.storm.serialization.DefaultKryoFactory', u'storm.zookeeper.retry.interval': 1000, u'storm.messaging.netty.max_retries': 300, u'topology.tick.tuple.freq.secs': None, u'supervisor.enable': True, u'nimbus.task.launch.secs': 120, u'task.refresh.poll.secs': 10, u'topology.message.timeout.secs': 30, u'oauth.acess_token_secret': u'IiNOTfgE3tEZvW2HDQhRKPMoOLU43NXJCXk8maj51SdAT', u'petrel.user': u'root', u'nimbus.inbox.jar.expiration.secs': 3600, u'topology.state.synchronization.timeout.secs': 60, u'topology.name': u'good', u'supervisor.worker.timeout.secs': 30, u'topology.trident.batch.emit.interval.millis': 500, u'topology.builtin.metrics.bucket.size.secs': 60, u'storm.thrift.transport': u'backtype.storm.security.auth.SimpleTransportPlugin', u'logviewer.port': 8000, u'oauth.consumer_key': u'eaFmBSxUveRJfmyZYeabti9Q9', u'topology.kryo.decorators': [], u'topology.debug': False}, u'context': {u'task->component': {u'1': u'CountThreeWords', u'3': u'CountWord', u'2': u'CountTwoWords', u'5': u'ThreeWordDivider', u'4': u'KafkaConsumer', u'7': u'WordDivider', u'6': u'TwoWordDivider', u'8': u'__acker'}, u'taskid': 3}}
[2016-05-06 16:54:50,473][storm][INFO]Task sent pid to Storm
[2016-05-06 16:54:52,347][storm][DEBUG]BasicBolt profile: total_num_tuples=1, num_tuples=1, avg_read_time=0.815433 (98.5%), avg_process_time=0.012159 (1.5%), avg_ack_time=0.000051 (0.0%)
[2016-05-06 16:54:53,416][storm][DEBUG]BasicBolt profile: total_num_tuples=114, num_tuples=113, avg_read_time=0.000203 (2.1%), avg_process_time=0.007943 (84.2%), avg_ack_time=0.001289 (13.7%)
[2016-05-06 16:54:54,533][storm][DEBUG]BasicBolt profile: total_num_tuples=228, num_tuples=114, avg_read_time=0.000371 (3.8%), avg_process_time=0.007842 (80.6%), avg_ack_time=0.001517 (15.6%)
[2016-05-06 16:54:55,678][storm][DEBUG]BasicBolt profile: total_num_tuples=319, num_tuples=91, avg_read_time=0.000223 (1.8%), avg_process_time=0.011646 (92.7%), avg_ack_time=0.000699 (5.6%)
[2016-05-06 16:54:56,895][storm][DEBUG]BasicBolt profile: total_num_tuples=374, num_tuples=55, avg_read_time=0.000089 (0.4%), avg_process_time=0.021795 (98.8%), avg_ack_time=0.000170 (0.8%)
[2016-05-06 16:54:57,968][storm][DEBUG]BasicBolt profile: total_num_tuples=453, num_tuples=79, avg_read_time=0.000121 (0.9%), avg_process_time=0.012716 (93.7%), avg_ack_time=0.000737 (5.4%)
[2016-05-06 16:54:59,026][storm][DEBUG]BasicBolt profile: total_num_tuples=616, num_tuples=163, avg_read_time=0.000114 (1.8%), avg_process_time=0.006193 (96.5%), avg_ack_time=0.000110 (1.7%)
[2016-05-06 16:55:00,027][storm][DEBUG]BasicBolt profile: total_num_tuples=1094, num_tuples=478, avg_read_time=0.000064 (3.1%), avg_process_time=0.001974 (94.5%), avg_ack_time=0.000052 (2.5%)
[2016-05-06 16:55:01,028][storm][DEBUG]BasicBolt profile: total_num_tuples=1463, num_tuples=369, avg_read_time=0.000053 (2.0%), avg_process_time=0.002589 (95.7%), avg_ack_time=0.000063 (2.3%)
[2016-05-06 16:55:02,061][storm][DEBUG]BasicBolt profile: total_num_tuples=1780, num_tuples=317, avg_read_time=0.000091 (2.8%), avg_process_time=0.003066 (94.4%), avg_ack_time=0.000092 (2.8%)
[2016-05-06 16:55:03,069][storm][DEBUG]BasicBolt profile: total_num_tuples=2019, num_tuples=239, avg_read_time=0.000061 (1.5%), avg_process_time=0.004052 (96.2%), avg_ack_time=0.000099 (2.3%)
[2016-05-06 16:55:04,098][storm][DEBUG]BasicBolt profile: total_num_tuples=2269, num_tuples=250, avg_read_time=0.000061 (1.5%), avg_process_time=0.003951 (96.2%), avg_ack_time=0.000096 (2.3%)
[2016-05-06 16:55:05,100][storm][DEBUG]BasicBolt profile: total_num_tuples=2554, num_tuples=285, avg_read_time=0.000087 (2.5%), avg_process_time=0.003324 (94.7%), avg_ack_time=0.000099 (2.8%)
[2016-05-06 16:55:06,101][storm][DEBUG]BasicBolt profile: total_num_tuples=2804, num_tuples=250, avg_read_time=0.000052 (1.3%), avg_process_time=0.003890 (97.3%), avg_ack_time=0.000056 (1.4%)
[2016-05-06 16:55:07,138][storm][DEBUG]BasicBolt profile: total_num_tuples=3298, num_tuples=494, avg_read_time=0.000051 (2.4%), avg_process_time=0.001988 (95.0%), avg_ack_time=0.000055 (2.6%)
[2016-05-06 16:55:08,139][storm][DEBUG]BasicBolt profile: total_num_tuples=3861, num_tuples=563, avg_read_time=0.000062 (3.5%), avg_process_time=0.001669 (94.2%), avg_ack_time=0.000042 (2.3%)
[2016-05-06 16:55:09,142][storm][DEBUG]BasicBolt profile: total_num_tuples=4050, num_tuples=189, avg_read_time=0.000077 (1.5%), avg_process_time=0.005140 (96.9%), avg_ack_time=0.000085 (1.6%)
[2016-05-06 16:55:10,145][storm][DEBUG]BasicBolt profile: total_num_tuples=4480, num_tuples=430, avg_read_time=0.000056 (2.4%), avg_process_time=0.002210 (95.2%), avg_ack_time=0.000056 (2.4%)
[2016-05-06 16:55:11,147][storm][DEBUG]BasicBolt profile: total_num_tuples=4897, num_tuples=417, avg_read_time=0.000047 (1.9%), avg_process_time=0.002300 (95.9%), avg_ack_time=0.000052 (2.2%)
[2016-05-06 16:55:12,149][storm][DEBUG]BasicBolt profile: total_num_tuples=5344, num_tuples=447, avg_read_time=0.000062 (2.8%), avg_process_time=0.002134 (95.4%), avg_ack_time=0.000041 (1.8%)
[2016-05-06 16:55:13,153][storm][DEBUG]BasicBolt profile: total_num_tuples=5912, num_tuples=568, avg_read_time=0.000048 (2.7%), avg_process_time=0.001670 (94.9%), avg_ack_time=0.000043 (2.4%)
[2016-05-06 16:55:14,236][storm][DEBUG]BasicBolt profile: total_num_tuples=6656, num_tuples=744, avg_read_time=0.000049 (3.4%), avg_process_time=0.001368 (94.2%), avg_ack_time=0.000035 (2.4%)
[2016-05-06 16:55:15,244][storm][DEBUG]BasicBolt profile: total_num_tuples=7545, num_tuples=889, avg_read_time=0.000036 (3.2%), avg_process_time=0.001058 (94.3%), avg_ack_time=0.000028 (2.5%)
[2016-05-06 16:55:16,315][storm][DEBUG]BasicBolt profile: total_num_tuples=8248, num_tuples=703, avg_read_time=0.000190 (12.5%), avg_process_time=0.001300 (85.5%), avg_ack_time=0.000031 (2.0%)
[2016-05-06 16:55:17,317][storm][DEBUG]BasicBolt profile: total_num_tuples=8307, num_tuples=59, avg_read_time=0.010781 (63.5%), avg_process_time=0.006116 (36.0%), avg_ack_time=0.000070 (0.4%)
[2016-05-06 16:55:18,588][storm][DEBUG]BasicBolt profile: total_num_tuples=8347, num_tuples=40, avg_read_time=0.002629 (8.3%), avg_process_time=0.029067 (91.5%), avg_ack_time=0.000076 (0.2%)
[2016-05-06 16:55:19,590][storm][DEBUG]BasicBolt profile: total_num_tuples=8535, num_tuples=188, avg_read_time=0.000655 (12.3%), avg_process_time=0.004609 (86.6%), avg_ack_time=0.000058 (1.1%)
[2016-05-06 16:55:20,773][storm][DEBUG]BasicBolt profile: total_num_tuples=8694, num_tuples=159, avg_read_time=0.003907 (52.6%), avg_process_time=0.003477 (46.8%), avg_ack_time=0.000050 (0.7%)
[2016-05-06 16:55:21,785][storm][DEBUG]BasicBolt profile: total_num_tuples=8814, num_tuples=120, avg_read_time=0.005696 (67.7%), avg_process_time=0.002680 (31.8%), avg_ack_time=0.000044 (0.5%)
[2016-05-06 16:55:22,902][storm][DEBUG]BasicBolt profile: total_num_tuples=8935, num_tuples=121, avg_read_time=0.004628 (50.2%), avg_process_time=0.004546 (49.3%), avg_ack_time=0.000054 (0.6%)
[2016-05-06 16:55:23,989][storm][DEBUG]BasicBolt profile: total_num_tuples=8941, num_tuples=6, avg_read_time=0.013521 (77.0%), avg_process_time=0.004004 (22.8%), avg_ack_time=0.000046 (0.3%)
[2016-05-06 16:55:25,124][storm][DEBUG]BasicBolt profile: total_num_tuples=9095, num_tuples=154, avg_read_time=0.003016 (41.0%), avg_process_time=0.004257 (57.8%), avg_ack_time=0.000089 (1.2%)
[2016-05-06 16:55:26,180][storm][DEBUG]BasicBolt profile: total_num_tuples=9238, num_tuples=143, avg_read_time=0.003359 (45.5%), avg_process_time=0.003974 (53.8%), avg_ack_time=0.000047 (0.6%)
[2016-05-06 16:55:27,184][storm][DEBUG]BasicBolt profile: total_num_tuples=9346, num_tuples=108, avg_read_time=0.006725 (72.4%), avg_process_time=0.002512 (27.1%), avg_ack_time=0.000049 (0.5%)
[2016-05-06 16:55:28,276][storm][DEBUG]BasicBolt profile: total_num_tuples=9393, num_tuples=47, avg_read_time=0.020259 (87.2%), avg_process_time=0.002924 (12.6%), avg_ack_time=0.000044 (0.2%)
[2016-05-06 16:55:29,277][storm][DEBUG]BasicBolt profile: total_num_tuples=9484, num_tuples=91, avg_read_time=0.008088 (73.6%), avg_process_time=0.002857 (26.0%), avg_ack_time=0.000047 (0.4%)
[2016-05-06 16:55:30,280][storm][DEBUG]BasicBolt profile: total_num_tuples=9525, num_tuples=41, avg_read_time=0.019720 (80.6%), avg_process_time=0.004698 (19.2%), avg_ack_time=0.000036 (0.1%)
[2016-05-06 16:55:31,473][storm][DEBUG]BasicBolt profile: total_num_tuples=9643, num_tuples=118, avg_read_time=0.005603 (55.5%), avg_process_time=0.004377 (43.3%), avg_ack_time=0.000120 (1.2%)
[2016-05-06 16:55:32,475][storm][DEBUG]BasicBolt profile: total_num_tuples=9748, num_tuples=105, avg_read_time=0.006333 (66.4%), avg_process_time=0.003145 (33.0%), avg_ack_time=0.000054 (0.6%)
[2016-05-06 16:55:33,633][storm][DEBUG]BasicBolt profile: total_num_tuples=9803, num_tuples=55, avg_read_time=0.018527 (88.0%), avg_process_time=0.002495 (11.8%), avg_ack_time=0.000040 (0.2%)
[2016-05-06 16:55:35,164][storm][DEBUG]BasicBolt profile: total_num_tuples=9851, num_tuples=48, avg_read_time=0.029209 (91.6%), avg_process_time=0.002631 (8.3%), avg_ack_time=0.000038 (0.1%)
[2016-05-06 16:55:36,197][storm][DEBUG]BasicBolt profile: total_num_tuples=9885, num_tuples=34, avg_read_time=0.026985 (88.9%), avg_process_time=0.003344 (11.0%), avg_ack_time=0.000038 (0.1%)
[2016-05-06 16:55:37,368][storm][DEBUG]BasicBolt profile: total_num_tuples=9955, num_tuples=70, avg_read_time=0.013146 (78.6%), avg_process_time=0.003527 (21.1%), avg_ack_time=0.000047 (0.3%)
[2016-05-06 16:55:38,501][storm][DEBUG]BasicBolt profile: total_num_tuples=10017, num_tuples=62, avg_read_time=0.015753 (86.2%), avg_process_time=0.002474 (13.5%), avg_ack_time=0.000041 (0.2%)
[2016-05-06 16:55:39,640][storm][DEBUG]BasicBolt profile: total_num_tuples=10094, num_tuples=77, avg_read_time=0.011787 (80.0%), avg_process_time=0.002908 (19.7%), avg_ack_time=0.000048 (0.3%)
[2016-05-06 16:55:40,796][storm][DEBUG]BasicBolt profile: total_num_tuples=10214, num_tuples=120, avg_read_time=0.005089 (52.9%), avg_process_time=0.004502 (46.8%), avg_ack_time=0.000037 (0.4%)
[2016-05-06 16:55:42,117][storm][DEBUG]BasicBolt profile: total_num_tuples=10302, num_tuples=88, avg_read_time=0.012158 (81.0%), avg_process_time=0.002811 (18.7%), avg_ack_time=0.000035 (0.2%)
[2016-05-06 16:55:43,173][storm][DEBUG]BasicBolt profile: total_num_tuples=10366, num_tuples=64, avg_read_time=0.012056 (73.1%), avg_process_time=0.004376 (26.5%), avg_ack_time=0.000055 (0.3%)
[2016-05-06 16:55:44,321][storm][DEBUG]BasicBolt profile: total_num_tuples=10482, num_tuples=116, avg_read_time=0.007404 (74.9%), avg_process_time=0.002441 (24.7%), avg_ack_time=0.000041 (0.4%)
[2016-05-06 16:55:45,750][storm][DEBUG]BasicBolt profile: total_num_tuples=10580, num_tuples=98, avg_read_time=0.012167 (83.5%), avg_process_time=0.002364 (16.2%), avg_ack_time=0.000042 (0.3%)
[2016-05-06 16:55:46,751][storm][DEBUG]BasicBolt profile: total_num_tuples=10658, num_tuples=78, avg_read_time=0.010306 (80.4%), avg_process_time=0.002476 (19.3%), avg_ack_time=0.000044 (0.3%)
[2016-05-06 16:55:47,796][storm][DEBUG]BasicBolt profile: total_num_tuples=10750, num_tuples=92, avg_read_time=0.008987 (79.2%), avg_process_time=0.002330 (20.5%), avg_ack_time=0.000035 (0.3%)
[2016-05-06 16:55:48,815][storm][DEBUG]BasicBolt profile: total_num_tuples=10837, num_tuples=87, avg_read_time=0.007646 (65.3%), avg_process_time=0.004016 (34.3%), avg_ack_time=0.000045 (0.4%)
[2016-05-06 16:55:49,916][storm][DEBUG]BasicBolt profile: total_num_tuples=10931, num_tuples=94, avg_read_time=0.007800 (66.6%), avg_process_time=0.003829 (32.7%), avg_ack_time=0.000077 (0.7%)
[2016-05-06 16:55:50,919][storm][DEBUG]BasicBolt profile: total_num_tuples=11002, num_tuples=71, avg_read_time=0.008958 (63.5%), avg_process_time=0.005115 (36.2%), avg_ack_time=0.000043 (0.3%)
[2016-05-06 16:55:51,989][storm][DEBUG]BasicBolt profile: total_num_tuples=11068, num_tuples=66, avg_read_time=0.013630 (84.2%), avg_process_time=0.002518 (15.5%), avg_ack_time=0.000045 (0.3%)
[2016-05-06 16:55:53,504][storm][DEBUG]BasicBolt profile: total_num_tuples=11130, num_tuples=62, avg_read_time=0.005910 (68.4%), avg_process_time=0.002672 (30.9%), avg_ack_time=0.000056 (0.6%)
[2016-05-06 16:55:54,511][storm][DEBUG]BasicBolt profile: total_num_tuples=11246, num_tuples=116, avg_read_time=0.001104 (12.7%), avg_process_time=0.007513 (86.6%), avg_ack_time=0.000058 (0.7%)
[2016-05-06 16:55:55,519][storm][DEBUG]BasicBolt profile: total_num_tuples=11303, num_tuples=57, avg_read_time=0.014570 (82.5%), avg_process_time=0.003043 (17.2%), avg_ack_time=0.000049 (0.3%)
[2016-05-06 16:55:56,606][storm][DEBUG]BasicBolt profile: total_num_tuples=11418, num_tuples=115, avg_read_time=0.007602 (80.4%), avg_process_time=0.001813 (19.2%), avg_ack_time=0.000037 (0.4%)
[2016-05-06 16:55:57,713][storm][DEBUG]BasicBolt profile: total_num_tuples=11489, num_tuples=71, avg_read_time=0.012446 (79.9%), avg_process_time=0.003098 (19.9%), avg_ack_time=0.000042 (0.3%)
[2016-05-06 16:55:59,070][storm][DEBUG]BasicBolt profile: total_num_tuples=11550, num_tuples=61, avg_read_time=0.019038 (85.6%), avg_process_time=0.003146 (14.2%), avg_ack_time=0.000049 (0.2%)
[2016-05-06 16:56:00,257][storm][DEBUG]BasicBolt profile: total_num_tuples=11668, num_tuples=118, avg_read_time=0.007028 (70.0%), avg_process_time=0.002973 (29.6%), avg_ack_time=0.000044 (0.4%)
[2016-05-06 16:56:01,495][storm][DEBUG]BasicBolt profile: total_num_tuples=11694, num_tuples=26, avg_read_time=0.046420 (97.5%), avg_process_time=0.001185 (2.5%), avg_ack_time=0.000028 (0.1%)
[2016-05-06 16:56:02,512][storm][DEBUG]BasicBolt profile: total_num_tuples=11783, num_tuples=89, avg_read_time=0.009435 (82.7%), avg_process_time=0.001940 (17.0%), avg_ack_time=0.000037 (0.3%)
[2016-05-06 16:56:03,545][storm][DEBUG]BasicBolt profile: total_num_tuples=11896, num_tuples=113, avg_read_time=0.006641 (72.7%), avg_process_time=0.002444 (26.8%), avg_ack_time=0.000047 (0.5%)
[2016-05-06 16:56:04,636][storm][DEBUG]BasicBolt profile: total_num_tuples=12035, num_tuples=139, avg_read_time=0.005870 (74.9%), avg_process_time=0.001933 (24.7%), avg_ack_time=0.000038 (0.5%)
[2016-05-06 16:56:05,692][storm][DEBUG]BasicBolt profile: total_num_tuples=12079, num_tuples=44, avg_read_time=0.021661 (90.3%), avg_process_time=0.002294 (9.6%), avg_ack_time=0.000042 (0.2%)
[2016-05-06 16:56:06,835][storm][DEBUG]BasicBolt profile: total_num_tuples=12216, num_tuples=137, avg_read_time=0.005543 (66.5%), avg_process_time=0.002731 (32.8%), avg_ack_time=0.000059 (0.7%)
[2016-05-06 16:56:08,183][storm][DEBUG]BasicBolt profile: total_num_tuples=12313, num_tuples=97, avg_read_time=0.011655 (83.9%), avg_process_time=0.002181 (15.7%), avg_ack_time=0.000053 (0.4%)
[2016-05-06 16:56:09,267][storm][DEBUG]BasicBolt profile: total_num_tuples=12425, num_tuples=112, avg_read_time=0.004614 (47.7%), avg_process_time=0.005006 (51.8%), avg_ack_time=0.000046 (0.5%)
[2016-05-06 16:56:10,319][storm][DEBUG]BasicBolt profile: total_num_tuples=12528, num_tuples=103, avg_read_time=0.007863 (77.0%), avg_process_time=0.002294 (22.5%), avg_ack_time=0.000051 (0.5%)
[2016-05-06 16:56:11,702][storm][DEBUG]BasicBolt profile: total_num_tuples=12653, num_tuples=125, avg_read_time=0.008698 (78.6%), avg_process_time=0.002298 (20.8%), avg_ack_time=0.000065 (0.6%)
[2016-05-06 16:56:12,839][storm][DEBUG]BasicBolt profile: total_num_tuples=12743, num_tuples=90, avg_read_time=0.009125 (72.3%), avg_process_time=0.003441 (27.3%), avg_ack_time=0.000049 (0.4%)
[2016-05-06 16:56:13,839][storm][DEBUG]BasicBolt profile: total_num_tuples=12840, num_tuples=97, avg_read_time=0.007109 (69.0%), avg_process_time=0.003142 (30.5%), avg_ack_time=0.000051 (0.5%)
[2016-05-06 16:56:14,840][storm][DEBUG]BasicBolt profile: total_num_tuples=12955, num_tuples=115, avg_read_time=0.004180 (48.1%), avg_process_time=0.004447 (51.1%), avg_ack_time=0.000068 (0.8%)
[2016-05-06 16:56:15,858][storm][DEBUG]BasicBolt profile: total_num_tuples=13093, num_tuples=138, avg_read_time=0.003711 (50.4%), avg_process_time=0.003603 (48.9%), avg_ack_time=0.000055 (0.7%)
[2016-05-06 16:56:16,999][storm][DEBUG]BasicBolt profile: total_num_tuples=13233, num_tuples=140, avg_read_time=0.005405 (66.3%), avg_process_time=0.002679 (32.9%), avg_ack_time=0.000066 (0.8%)
[2016-05-06 16:56:18,061][storm][DEBUG]BasicBolt profile: total_num_tuples=13336, num_tuples=103, avg_read_time=0.006837 (66.5%), avg_process_time=0.003381 (32.9%), avg_ack_time=0.000058 (0.6%)
[2016-05-06 16:56:19,139][storm][DEBUG]BasicBolt profile: total_num_tuples=13397, num_tuples=61, avg_read_time=0.014222 (80.5%), avg_process_time=0.003392 (19.2%), avg_ack_time=0.000048 (0.3%)
[2016-05-06 16:56:20,170][storm][DEBUG]BasicBolt profile: total_num_tuples=13487, num_tuples=90, avg_read_time=0.007707 (67.3%), avg_process_time=0.003691 (32.2%), avg_ack_time=0.000051 (0.4%)
[2016-05-06 16:56:21,256][storm][DEBUG]BasicBolt profile: total_num_tuples=13592, num_tuples=105, avg_read_time=0.007051 (68.3%), avg_process_time=0.003226 (31.2%), avg_ack_time=0.000053 (0.5%)
