Beginning task setup

/usr/bin/flock
Using existing venv: /tmp/petrel-good-2-1463483423/venv
Task setup took 1 seconds
Launching: python -m petrel.run kafkaconsumer /home/pipe/twitterintel/twitterintel/topology/TopologyTweetTransformationGOOD/petrel6810_kafkaconsumer.log
/usr/local/lib/python2.7/dist-packages/petrel-0.9.4.0.3-py2.7.egg/petrel/run.py invoked with the following arguments: ['kafkaconsumer', '/home/pipe/twitterintel/twitterintel/topology/TopologyTweetTransformationGOOD/petrel6810_kafkaconsumer.log']
python version: 2.7.11
user=root
PATH=/tmp/petrel-good-2-1463483423/venv/bin:/root/SimpleScalar/simplesim-3.0:/root/SimpleScalar/bin:/root/SimpleScalar/gcc-2.6.3:/root/SimpleScalar/bin:/usr/local/sbin:/usr/local/bin:/usr/sbin:/usr/bin:/sbin:/bin:/usr/games:/usr/local/games:/home/pipe/Downloads/zookeeper-3.4.8/bin:/home/pipe/Downloads/apache-storm-0.9.4/bin
LD_LIBRARY_PATH=storm-local/supervisor/stormdist/good-2-1463483423/resources/Linux-amd64:storm-local/supervisor/stormdist/good-2-1463483423/resources:/usr/local/lib:/opt/local/lib:/usr/lib
PYTHON_EGG_CACHE=/tmp/petrel-good-2-1463483423/egg_cache
[2016-05-17 12:40:17,259][storm][INFO]Tuple profiling enabled. Will log tuple processing times.
[2016-05-17 12:40:17,728][storm][INFO]Task received setupInfo from Storm: {u'pidDir': u'/home/pipe/storm-local/workers/646cf4cf-e597-4843-a30e-fb9930a61685/pids', u'conf': {u'oauth.acess_token': u' 702208758362087425-HZiyl1x7Bh98cQa1WLBDYylyu10Bpl7', u'topology.tuple.serializer': u'backtype.storm.serialization.types.ListDelegateSerializer', u'topology.workers': 1, u'drpc.worker.threads': 64, u'storm.messaging.netty.client_worker_threads': 1, u'supervisor.heartbeat.frequency.secs': 5, u'topology.executor.send.buffer.size': 1024, u'drpc.childopts': u'-Xmx768m', u'nimbus.thrift.port': 6627, u'storm.zookeeper.retry.intervalceiling.millis': 30000, u'storm.local.dir': u'storm-local', u'topology.receiver.buffer.size': 8, u'storm.zookeeper.servers': [u'localhost'], u'oauth.consumer_secret': u'ADf76fi3O1lKMzBxWnjqf93l3GHv28uar3bkblkvyBrAyoA23i', u'transactional.zookeeper.root': u'/transactional', u'drpc.request.timeout.secs': 600, u'topology.skip.missing.kryo.registrations': False, u'worker.heartbeat.frequency.secs': 1, u'zmq.hwm': 0, u'storm.zookeeper.connection.timeout': 15000, u'java.library.path': u'/usr/local/lib:/opt/local/lib:/usr/lib', u'topology.max.error.report.per.interval': 5, u'storm.messaging.netty.server_worker_threads': 1, u'storm.id': u'good-2-1463483423', u'supervisor.worker.start.timeout.secs': 120, u'zmq.threads': 1, u'topology.acker.executors': None, u'storm.messaging.netty.flush.check.interval.ms': 10, u'storm.messaging.netty.transfer.batch.size': 262144, u'topology.max.task.parallelism': None, u'topology.environment': None, u'storm.zookeeper.port': 2181, u'nimbus.childopts': u'-Xmx1024m', u'topology.classpath': None, u'worker.childopts': u'-Xmx768m', u'drpc.queue.size': 128, u'topology.multilang.serializer': u'backtype.storm.multilang.JsonSerializer', u'storm.zookeeper.retry.times': 5, u'nimbus.monitor.freq.secs': 10, u'storm.cluster.mode': u'distributed', u'dev.zookeeper.path': u'/tmp/dev-storm-zookeeper', u'drpc.invocations.port': 3773, u'topology.tasks': None, u'storm.zookeeper.root': u'/storm', u'logviewer.childopts': u'-Xmx128m', u'storm.meta.serialization.delegate': u'backtype.storm.serialization.DefaultSerializationDelegate', u'transactional.zookeeper.port': None, u'topology.worker.receiver.thread.count': 1, u'topology.worker.childopts': None, u'topology.max.spout.pending': None, u'topology.kryo.register': None, u'petrel.host': u'pipe-X550CC', u'nimbus.cleanup.inbox.freq.secs': 600, u'storm.messaging.netty.min_wait_ms': 100, u'nimbus.task.timeout.secs': 30, u'nimbus.thrift.max_buffer_size': 1048576, u'topology.sleep.spout.wait.strategy.time.ms': 1, u'nimbus.reassign': True, u'storm.messaging.transport': u'backtype.storm.messaging.netty.Context', u'logviewer.appender.name': u'A1', u'nimbus.host': u'localhost', u'ui.port': 8080, u'supervisor.slots.ports': [6700, 6701, 6702, 6703], u'nimbus.file.copy.expiration.secs': 600, u'supervisor.monitor.frequency.secs': 3, u'ui.childopts': u'-Xmx768m', u'transactional.zookeeper.servers': None, u'zmq.linger.millis': 5000, u'topology.error.throttle.interval.secs': 10, u'topology.worker.shared.thread.pool.size': 4, u'topology.executor.receive.buffer.size': 1024, u'topology.spout.wait.strategy': u'backtype.storm.spout.SleepSpoutWaitStrategy', u'task.heartbeat.frequency.secs': 3, u'topology.transfer.buffer.size': 1024, u'storm.zookeeper.session.timeout': 20000, u'storm.local.mode.zmq': False, u'topology.stats.sample.rate': 0.05, u'topology.fall.back.on.java.serialization': True, u'supervisor.childopts': u'-Xmx256m', u'topology.enable.message.timeouts': True, u'storm.messaging.netty.max_wait_ms': 1000, u'nimbus.topology.validator': u'backtype.storm.nimbus.DefaultTopologyValidator', u'nimbus.supervisor.timeout.secs': 60, u'topology.disruptor.wait.strategy': u'com.lmax.disruptor.BlockingWaitStrategy', u'storm.messaging.netty.buffer_size': 5242880, u'drpc.port': 3772, u'topology.kryo.factory': u'backtype.storm.serialization.DefaultKryoFactory', u'storm.zookeeper.retry.interval': 1000, u'storm.messaging.netty.max_retries': 300, u'topology.tick.tuple.freq.secs': 30, u'supervisor.enable': True, u'nimbus.task.launch.secs': 120, u'task.refresh.poll.secs': 10, u'topology.message.timeout.secs': 30, u'oauth.acess_token_secret': u'IiNOTfgE3tEZvW2HDQhRKPMoOLU43NXJCXk8maj51SdAT', u'petrel.user': u'root', u'nimbus.inbox.jar.expiration.secs': 3600, u'topology.state.synchronization.timeout.secs': 60, u'topology.name': u'good', u'supervisor.worker.timeout.secs': 30, u'topology.trident.batch.emit.interval.millis': 500, u'topology.builtin.metrics.bucket.size.secs': 60, u'storm.thrift.transport': u'backtype.storm.security.auth.SimpleTransportPlugin', u'logviewer.port': 8000, u'oauth.consumer_key': u'eaFmBSxUveRJfmyZYeabti9Q9', u'topology.kryo.decorators': [], u'topology.debug': False}, u'context': {u'task->component': {u'1': u'CountThreeWords', u'3': u'CountWord', u'2': u'CountTwoWords', u'5': u'ThreeWordDivider', u'4': u'KafkaConsumer', u'7': u'WordDivider', u'6': u'TwoWordDivider', u'8': u'__acker'}, u'taskid': 4}}
[2016-05-17 12:40:17,728][storm][INFO]Task sent pid to Storm
[2016-05-17 12:40:17,891][kafka.client][INFO]Broker version identifed as 0.9
[2016-05-17 12:40:17,893][kafka.consumer.subscription_state][INFO]Updating subscribed topics to: ['goodtopic']
[2016-05-17 12:40:17,972][kafka.cluster][INFO]Group coordinator for kafka-python-default-group is BrokerMetadata(nodeId=0, host=u'pipe-X550CC', port=9092)
[2016-05-17 12:40:21,089][kafka.coordinator][INFO]Joined group 'kafka-python-default-group' (generation 11) with member_id kafka-python-1.0.2-e14a57fb-9c51-40e2-8483-317f496d1dee
[2016-05-17 12:40:21,312][kafka.consumer.subscription_state][INFO]Updated partition assignment: [TopicPartition(topic=u'goodtopic', partition=0)]
[2016-05-17 12:40:24,481][kafka.coordinator][INFO]Heartbeat successful
[2016-05-17 12:40:27,493][kafka.coordinator][INFO]Heartbeat successful
[2016-05-17 12:40:30,510][kafka.coordinator][INFO]Heartbeat successful
[2016-05-17 12:40:33,563][kafka.coordinator][INFO]Heartbeat successful
[2016-05-17 12:40:36,578][kafka.coordinator][INFO]Heartbeat successful
[2016-05-17 12:40:39,594][kafka.coordinator][INFO]Heartbeat successful
[2016-05-17 12:40:42,650][kafka.coordinator][INFO]Heartbeat successful
[2016-05-17 12:40:45,667][kafka.coordinator][INFO]Heartbeat successful
[2016-05-17 12:40:48,689][kafka.coordinator][INFO]Heartbeat successful
[2016-05-17 12:40:51,701][kafka.coordinator][WARNING]Heartbeat: group is rebalancing; this consumer needs to re-join
[2016-05-17 12:40:51,701][kafka.coordinator][WARNING]Heartbeat failed; retrying
[2016-05-17 12:40:51,702][kafka.coordinator.consumer][WARNING]Skipping auto-commit reschedule -- it is disabled
[2016-05-17 12:40:51,745][kafka.coordinator][INFO]Joined group 'kafka-python-default-group' (generation 12) with member_id kafka-python-1.0.2-e14a57fb-9c51-40e2-8483-317f496d1dee
[2016-05-17 12:40:51,745][kafka.coordinator][INFO]Elected group leader -- performing partition assignments using range
[2016-05-17 12:40:51,783][kafka.consumer.subscription_state][INFO]Updated partition assignment: [TopicPartition(topic=u'goodtopic', partition=0)]
[2016-05-17 12:40:54,878][kafka.coordinator][INFO]Heartbeat successful
[2016-05-17 12:40:57,895][kafka.coordinator][INFO]Heartbeat successful
[2016-05-17 12:41:00,916][kafka.coordinator][INFO]Heartbeat successful
[2016-05-17 12:41:03,977][kafka.coordinator][INFO]Heartbeat successful
[2016-05-17 12:41:06,992][kafka.coordinator][INFO]Heartbeat successful
[2016-05-17 12:41:10,006][kafka.coordinator][WARNING]Heartbeat: group is rebalancing; this consumer needs to re-join
[2016-05-17 12:41:10,006][kafka.coordinator][WARNING]Heartbeat failed; retrying
[2016-05-17 12:41:10,107][kafka.coordinator][INFO]Skipping heartbeat: no auto-assignment or waiting on rebalance
[2016-05-17 12:41:10,514][kafka.coordinator][INFO]Joined group 'kafka-python-default-group' (generation 13) with member_id kafka-python-1.0.2-e14a57fb-9c51-40e2-8483-317f496d1dee
[2016-05-17 12:41:10,514][kafka.coordinator][INFO]Elected group leader -- performing partition assignments using range
[2016-05-17 12:41:10,514][kafka.coordinator.assignors.range][WARNING]No partition metadata for topic badtopic
[2016-05-17 12:41:10,695][kafka.coordinator][INFO]Joined group 'kafka-python-default-group' (generation 13) with member_id kafka-python-1.0.2-e14a57fb-9c51-40e2-8483-317f496d1dee
[2016-05-17 12:41:10,696][kafka.coordinator][INFO]Elected group leader -- performing partition assignments using range
[2016-05-17 12:41:10,738][kafka.consumer.subscription_state][INFO]Updated partition assignment: [TopicPartition(topic=u'goodtopic', partition=0)]
[2016-05-17 12:41:13,839][kafka.coordinator][INFO]Heartbeat successful
[2016-05-17 12:41:16,854][kafka.coordinator][INFO]Heartbeat successful
[2016-05-17 12:41:19,864][kafka.coordinator][INFO]Heartbeat successful
[2016-05-17 12:41:22,921][kafka.coordinator][INFO]Heartbeat successful
[2016-05-17 12:41:25,935][kafka.coordinator][INFO]Heartbeat successful
[2016-05-17 12:41:28,953][kafka.coordinator][INFO]Heartbeat successful
[2016-05-17 12:41:32,007][kafka.coordinator][INFO]Heartbeat successful
[2016-05-17 12:41:35,023][kafka.coordinator][INFO]Heartbeat successful
[2016-05-17 12:41:38,043][kafka.coordinator][INFO]Heartbeat successful
[2016-05-17 12:41:41,062][kafka.coordinator][INFO]Heartbeat successful
[2016-05-17 12:41:44,118][kafka.coordinator][INFO]Heartbeat successful
[2016-05-17 12:41:47,139][kafka.coordinator][INFO]Heartbeat successful
[2016-05-17 12:41:50,153][kafka.coordinator][INFO]Heartbeat successful
[2016-05-17 12:41:53,208][kafka.coordinator][INFO]Heartbeat successful
[2016-05-17 12:41:56,221][kafka.coordinator][INFO]Heartbeat successful
[2016-05-17 12:41:59,235][kafka.coordinator][INFO]Heartbeat successful
[2016-05-17 12:42:01,788][kafka.coordinator][INFO]Heartbeat successful
[2016-05-17 12:42:04,800][kafka.coordinator][INFO]Heartbeat successful
[2016-05-17 12:42:07,816][kafka.coordinator][INFO]Heartbeat successful
[2016-05-17 12:42:10,830][kafka.coordinator][INFO]Heartbeat successful
[2016-05-17 12:42:13,881][kafka.coordinator][INFO]Heartbeat successful
[2016-05-17 12:42:16,898][kafka.coordinator][INFO]Heartbeat successful
[2016-05-17 12:42:19,912][kafka.coordinator][WARNING]Heartbeat: group is rebalancing; this consumer needs to re-join
[2016-05-17 12:42:19,912][kafka.coordinator][WARNING]Heartbeat failed; retrying
[2016-05-17 12:42:20,013][kafka.coordinator][INFO]Skipping heartbeat: no auto-assignment or waiting on rebalance
[2016-05-17 12:42:20,418][kafka.coordinator][INFO]Joined group 'kafka-python-default-group' (generation 14) with member_id kafka-python-1.0.2-e14a57fb-9c51-40e2-8483-317f496d1dee
[2016-05-17 12:42:20,419][kafka.coordinator][INFO]Elected group leader -- performing partition assignments using range
[2016-05-17 12:42:20,461][kafka.consumer.subscription_state][INFO]Updated partition assignment: [TopicPartition(topic=u'goodtopic', partition=0)]
[2016-05-17 12:42:23,550][kafka.coordinator][INFO]Heartbeat successful
[2016-05-17 12:42:26,567][kafka.coordinator][INFO]Heartbeat successful
[2016-05-17 12:42:29,588][kafka.coordinator][INFO]Heartbeat successful
[2016-05-17 12:42:32,637][kafka.coordinator][INFO]Heartbeat successful
[2016-05-17 12:42:35,653][kafka.coordinator][INFO]Heartbeat successful
[2016-05-17 12:42:38,667][kafka.coordinator][INFO]Heartbeat successful
[2016-05-17 12:42:41,720][kafka.coordinator][INFO]Heartbeat successful
[2016-05-17 12:42:44,733][kafka.coordinator][INFO]Heartbeat successful
[2016-05-17 12:42:47,751][kafka.coordinator][INFO]Heartbeat successful
[2016-05-17 12:42:50,766][kafka.coordinator][INFO]Heartbeat successful
[2016-05-17 12:42:53,824][kafka.coordinator][INFO]Heartbeat successful
[2016-05-17 12:42:56,875][kafka.coordinator][INFO]Heartbeat successful
[2016-05-17 12:42:59,891][kafka.coordinator][INFO]Heartbeat successful
[2016-05-17 12:43:02,944][kafka.coordinator][INFO]Heartbeat successful
[2016-05-17 12:43:05,958][kafka.coordinator][INFO]Heartbeat successful
[2016-05-17 12:43:08,476][kafka.coordinator][INFO]Heartbeat successful
[2016-05-17 12:43:11,531][kafka.coordinator][INFO]Heartbeat successful
[2016-05-17 12:43:14,550][kafka.coordinator][INFO]Heartbeat successful
[2016-05-17 12:43:17,614][kafka.coordinator][INFO]Heartbeat successful
[2016-05-17 12:43:20,632][kafka.coordinator][INFO]Heartbeat successful
[2016-05-17 12:43:23,651][kafka.coordinator][INFO]Heartbeat successful
[2016-05-17 12:43:26,708][kafka.coordinator][INFO]Heartbeat successful
[2016-05-17 12:43:29,721][kafka.coordinator][INFO]Heartbeat successful
[2016-05-17 12:43:32,746][kafka.coordinator][INFO]Heartbeat successful
[2016-05-17 12:43:35,771][kafka.coordinator][INFO]Heartbeat successful
[2016-05-17 12:43:38,830][kafka.coordinator][INFO]Heartbeat successful
[2016-05-17 12:43:41,848][kafka.coordinator][INFO]Heartbeat successful
[2016-05-17 12:43:44,863][kafka.coordinator][INFO]Heartbeat successful
[2016-05-17 12:43:47,923][kafka.coordinator][INFO]Heartbeat successful
[2016-05-17 12:43:50,937][kafka.coordinator][INFO]Heartbeat successful
[2016-05-17 12:43:53,959][kafka.coordinator][INFO]Heartbeat successful
[2016-05-17 12:43:57,015][kafka.coordinator][INFO]Heartbeat successful
[2016-05-17 12:43:59,524][kafka.coordinator][INFO]Heartbeat successful
[2016-05-17 12:44:02,541][kafka.coordinator][INFO]Heartbeat successful
[2016-05-17 12:44:05,558][kafka.coordinator][INFO]Heartbeat successful
[2016-05-17 12:44:08,613][kafka.coordinator][INFO]Heartbeat successful
[2016-05-17 12:44:11,632][kafka.coordinator][INFO]Heartbeat successful
[2016-05-17 12:44:14,650][kafka.coordinator][INFO]Heartbeat successful
[2016-05-17 12:44:17,711][kafka.coordinator][INFO]Heartbeat successful
[2016-05-17 12:44:20,731][kafka.coordinator][INFO]Heartbeat successful
[2016-05-17 12:44:23,751][kafka.coordinator][INFO]Heartbeat successful
[2016-05-17 12:44:26,766][kafka.coordinator][INFO]Heartbeat successful
[2016-05-17 12:44:29,821][kafka.coordinator][INFO]Heartbeat successful
[2016-05-17 12:44:32,841][kafka.coordinator][INFO]Heartbeat successful
[2016-05-17 12:44:35,854][kafka.coordinator][INFO]Heartbeat successful
[2016-05-17 12:44:38,912][kafka.coordinator][INFO]Heartbeat successful
[2016-05-17 12:44:41,923][kafka.coordinator][INFO]Heartbeat successful
[2016-05-17 12:44:44,935][kafka.coordinator][INFO]Heartbeat successful
[2016-05-17 12:44:47,492][kafka.coordinator][INFO]Heartbeat successful
[2016-05-17 12:44:50,540][kafka.coordinator][INFO]Heartbeat successful
[2016-05-17 12:44:53,557][kafka.coordinator][INFO]Heartbeat successful
[2016-05-17 12:44:56,572][kafka.coordinator][INFO]Heartbeat successful
[2016-05-17 12:44:59,624][kafka.coordinator][INFO]Heartbeat successful
[2016-05-17 12:45:02,635][kafka.coordinator][INFO]Heartbeat successful
[2016-05-17 12:45:05,647][kafka.coordinator][INFO]Heartbeat successful
[2016-05-17 12:45:08,595][kafka.coordinator][INFO]Heartbeat successful
[2016-05-17 12:45:11,655][kafka.coordinator][INFO]Heartbeat successful
[2016-05-17 12:45:14,710][kafka.coordinator][INFO]Heartbeat successful
[2016-05-17 12:45:17,737][kafka.coordinator][WARNING]Heartbeat: group is rebalancing; this consumer needs to re-join
[2016-05-17 12:45:17,737][kafka.coordinator][WARNING]Heartbeat failed; retrying
[2016-05-17 12:45:17,838][kafka.coordinator][INFO]Skipping heartbeat: no auto-assignment or waiting on rebalance
[2016-05-17 12:45:18,244][kafka.coordinator][INFO]Joined group 'kafka-python-default-group' (generation 15) with member_id kafka-python-1.0.2-e14a57fb-9c51-40e2-8483-317f496d1dee
[2016-05-17 12:45:18,244][kafka.coordinator][INFO]Elected group leader -- performing partition assignments using range
[2016-05-17 12:45:18,288][kafka.consumer.subscription_state][INFO]Updated partition assignment: [TopicPartition(topic=u'goodtopic', partition=0)]
[2016-05-17 12:45:21,380][kafka.coordinator][WARNING]Heartbeat: group is rebalancing; this consumer needs to re-join
[2016-05-17 12:45:21,380][kafka.coordinator][WARNING]Heartbeat failed; retrying
[2016-05-17 12:45:21,480][kafka.coordinator][INFO]Skipping heartbeat: no auto-assignment or waiting on rebalance
[2016-05-17 12:45:21,885][kafka.coordinator][INFO]Joined group 'kafka-python-default-group' (generation 16) with member_id kafka-python-1.0.2-e14a57fb-9c51-40e2-8483-317f496d1dee
[2016-05-17 12:45:21,885][kafka.coordinator][INFO]Elected group leader -- performing partition assignments using range
[2016-05-17 12:45:22,063][kafka.coordinator][INFO]Joined group 'kafka-python-default-group' (generation 16) with member_id kafka-python-1.0.2-e14a57fb-9c51-40e2-8483-317f496d1dee
[2016-05-17 12:45:22,063][kafka.coordinator][INFO]Elected group leader -- performing partition assignments using range
[2016-05-17 12:45:22,105][kafka.consumer.subscription_state][INFO]Updated partition assignment: [TopicPartition(topic=u'goodtopic', partition=0)]
[2016-05-17 12:45:25,197][kafka.coordinator][INFO]Heartbeat successful
[2016-05-17 12:45:28,210][kafka.coordinator][INFO]Heartbeat successful
[2016-05-17 12:45:31,222][kafka.coordinator][INFO]Heartbeat successful
[2016-05-17 12:45:34,277][kafka.coordinator][INFO]Heartbeat successful
[2016-05-17 12:45:37,292][kafka.coordinator][INFO]Heartbeat successful
