Beginning task setup

/usr/bin/flock
Using existing venv: /tmp/petrel-good-2-1463483423/venv
Task setup took 0 seconds
Launching: python -m petrel.run kafkaconsumer /home/pipe/twitterintel/twitterintel/topology/TopologyTweetTransformationGOOD/petrel4226_kafkaconsumer.log
/usr/local/lib/python2.7/dist-packages/petrel-0.9.4.0.3-py2.7.egg/petrel/run.py invoked with the following arguments: ['kafkaconsumer', '/home/pipe/twitterintel/twitterintel/topology/TopologyTweetTransformationGOOD/petrel4226_kafkaconsumer.log']
python version: 2.7.11
user=root
PATH=/tmp/petrel-good-2-1463483423/venv/bin:/root/SimpleScalar/simplesim-3.0:/root/SimpleScalar/bin:/root/SimpleScalar/gcc-2.6.3:/root/SimpleScalar/bin:/usr/local/sbin:/usr/local/bin:/usr/sbin:/usr/bin:/sbin:/bin:/usr/games:/usr/local/games:/home/pipe/Downloads/zookeeper-3.4.8/bin:/home/pipe/Downloads/apache-storm-0.9.4/bin
LD_LIBRARY_PATH=storm-local/supervisor/stormdist/good-2-1463483423/resources/Linux-amd64:storm-local/supervisor/stormdist/good-2-1463483423/resources:/usr/local/lib:/opt/local/lib:/usr/lib
PYTHON_EGG_CACHE=/tmp/petrel-good-2-1463483423/egg_cache
[2016-05-17 12:28:22,919][storm][INFO]Tuple profiling enabled. Will log tuple processing times.
[2016-05-17 12:28:23,202][storm][INFO]Task received setupInfo from Storm: {u'pidDir': u'/home/pipe/storm-local/workers/e2f922cd-31fd-4159-835c-e31a31e723a9/pids', u'conf': {u'oauth.acess_token': u' 702208758362087425-HZiyl1x7Bh98cQa1WLBDYylyu10Bpl7', u'topology.tuple.serializer': u'backtype.storm.serialization.types.ListDelegateSerializer', u'topology.workers': 1, u'drpc.worker.threads': 64, u'storm.messaging.netty.client_worker_threads': 1, u'supervisor.heartbeat.frequency.secs': 5, u'topology.executor.send.buffer.size': 1024, u'drpc.childopts': u'-Xmx768m', u'nimbus.thrift.port': 6627, u'storm.zookeeper.retry.intervalceiling.millis': 30000, u'storm.local.dir': u'storm-local', u'topology.receiver.buffer.size': 8, u'storm.zookeeper.servers': [u'localhost'], u'oauth.consumer_secret': u'ADf76fi3O1lKMzBxWnjqf93l3GHv28uar3bkblkvyBrAyoA23i', u'transactional.zookeeper.root': u'/transactional', u'drpc.request.timeout.secs': 600, u'topology.skip.missing.kryo.registrations': False, u'worker.heartbeat.frequency.secs': 1, u'zmq.hwm': 0, u'storm.zookeeper.connection.timeout': 15000, u'java.library.path': u'/usr/local/lib:/opt/local/lib:/usr/lib', u'topology.max.error.report.per.interval': 5, u'storm.messaging.netty.server_worker_threads': 1, u'storm.id': u'good-2-1463483423', u'supervisor.worker.start.timeout.secs': 120, u'zmq.threads': 1, u'topology.acker.executors': None, u'storm.messaging.netty.flush.check.interval.ms': 10, u'storm.messaging.netty.transfer.batch.size': 262144, u'topology.max.task.parallelism': None, u'topology.environment': None, u'storm.zookeeper.port': 2181, u'nimbus.childopts': u'-Xmx1024m', u'topology.classpath': None, u'worker.childopts': u'-Xmx768m', u'drpc.queue.size': 128, u'topology.multilang.serializer': u'backtype.storm.multilang.JsonSerializer', u'storm.zookeeper.retry.times': 5, u'nimbus.monitor.freq.secs': 10, u'storm.cluster.mode': u'distributed', u'dev.zookeeper.path': u'/tmp/dev-storm-zookeeper', u'drpc.invocations.port': 3773, u'topology.tasks': None, u'storm.zookeeper.root': u'/storm', u'logviewer.childopts': u'-Xmx128m', u'storm.meta.serialization.delegate': u'backtype.storm.serialization.DefaultSerializationDelegate', u'transactional.zookeeper.port': None, u'topology.worker.receiver.thread.count': 1, u'topology.worker.childopts': None, u'topology.max.spout.pending': None, u'topology.kryo.register': None, u'petrel.host': u'pipe-X550CC', u'nimbus.cleanup.inbox.freq.secs': 600, u'storm.messaging.netty.min_wait_ms': 100, u'nimbus.task.timeout.secs': 30, u'nimbus.thrift.max_buffer_size': 1048576, u'topology.sleep.spout.wait.strategy.time.ms': 1, u'nimbus.reassign': True, u'storm.messaging.transport': u'backtype.storm.messaging.netty.Context', u'logviewer.appender.name': u'A1', u'nimbus.host': u'localhost', u'ui.port': 8080, u'supervisor.slots.ports': [6700, 6701, 6702, 6703], u'nimbus.file.copy.expiration.secs': 600, u'supervisor.monitor.frequency.secs': 3, u'ui.childopts': u'-Xmx768m', u'transactional.zookeeper.servers': None, u'zmq.linger.millis': 5000, u'topology.error.throttle.interval.secs': 10, u'topology.worker.shared.thread.pool.size': 4, u'topology.executor.receive.buffer.size': 1024, u'topology.spout.wait.strategy': u'backtype.storm.spout.SleepSpoutWaitStrategy', u'task.heartbeat.frequency.secs': 3, u'topology.transfer.buffer.size': 1024, u'storm.zookeeper.session.timeout': 20000, u'storm.local.mode.zmq': False, u'topology.stats.sample.rate': 0.05, u'topology.fall.back.on.java.serialization': True, u'supervisor.childopts': u'-Xmx256m', u'topology.enable.message.timeouts': True, u'storm.messaging.netty.max_wait_ms': 1000, u'nimbus.topology.validator': u'backtype.storm.nimbus.DefaultTopologyValidator', u'nimbus.supervisor.timeout.secs': 60, u'topology.disruptor.wait.strategy': u'com.lmax.disruptor.BlockingWaitStrategy', u'storm.messaging.netty.buffer_size': 5242880, u'drpc.port': 3772, u'topology.kryo.factory': u'backtype.storm.serialization.DefaultKryoFactory', u'storm.zookeeper.retry.interval': 1000, u'storm.messaging.netty.max_retries': 300, u'topology.tick.tuple.freq.secs': 30, u'supervisor.enable': True, u'nimbus.task.launch.secs': 120, u'task.refresh.poll.secs': 10, u'topology.message.timeout.secs': 30, u'oauth.acess_token_secret': u'IiNOTfgE3tEZvW2HDQhRKPMoOLU43NXJCXk8maj51SdAT', u'petrel.user': u'root', u'nimbus.inbox.jar.expiration.secs': 3600, u'topology.state.synchronization.timeout.secs': 60, u'topology.name': u'good', u'supervisor.worker.timeout.secs': 30, u'topology.trident.batch.emit.interval.millis': 500, u'topology.builtin.metrics.bucket.size.secs': 60, u'storm.thrift.transport': u'backtype.storm.security.auth.SimpleTransportPlugin', u'logviewer.port': 8000, u'oauth.consumer_key': u'eaFmBSxUveRJfmyZYeabti9Q9', u'topology.kryo.decorators': [], u'topology.debug': False}, u'context': {u'task->component': {u'1': u'CountThreeWords', u'3': u'CountWord', u'2': u'CountTwoWords', u'5': u'ThreeWordDivider', u'4': u'KafkaConsumer', u'7': u'WordDivider', u'6': u'TwoWordDivider', u'8': u'__acker'}, u'taskid': 4}}
[2016-05-17 12:28:23,208][storm][INFO]Task sent pid to Storm
[2016-05-17 12:28:23,385][kafka.client][INFO]Broker version identifed as 0.9
[2016-05-17 12:28:23,407][kafka.consumer.subscription_state][INFO]Updating subscribed topics to: ['goodtopic']
[2016-05-17 12:28:23,488][kafka.cluster][INFO]Group coordinator for kafka-python-default-group is BrokerMetadata(nodeId=0, host=u'pipe-X550CC', port=9092)
[2016-05-17 12:28:27,830][kafka.coordinator][INFO]Joined group 'kafka-python-default-group' (generation 4) with member_id kafka-python-1.0.2-c5c441d6-f7e9-43d6-b6c3-24f6a4549b53
[2016-05-17 12:28:27,830][kafka.coordinator][INFO]Elected group leader -- performing partition assignments using range
[2016-05-17 12:28:27,832][kafka.consumer.subscription_state][INFO]Updated partition assignment: [TopicPartition(topic=u'goodtopic', partition=0)]
[2016-05-17 12:28:30,926][kafka.coordinator][INFO]Heartbeat successful
[2016-05-17 12:28:33,943][kafka.coordinator][INFO]Heartbeat successful
[2016-05-17 12:28:36,958][kafka.coordinator][INFO]Heartbeat successful
[2016-05-17 12:28:40,010][kafka.coordinator][INFO]Heartbeat successful
[2016-05-17 12:28:43,022][kafka.coordinator][INFO]Heartbeat successful
[2016-05-17 12:28:46,036][kafka.coordinator][INFO]Heartbeat successful
[2016-05-17 12:28:49,091][kafka.coordinator][INFO]Heartbeat successful
[2016-05-17 12:28:52,108][kafka.coordinator][INFO]Heartbeat successful
[2016-05-17 12:28:55,124][kafka.coordinator][INFO]Heartbeat successful
[2016-05-17 12:28:58,136][kafka.coordinator][INFO]Heartbeat successful
[2016-05-17 12:29:01,187][kafka.coordinator][INFO]Heartbeat successful
[2016-05-17 12:29:04,206][kafka.coordinator][INFO]Heartbeat successful
[2016-05-17 12:29:07,217][kafka.coordinator][INFO]Heartbeat successful
[2016-05-17 12:29:10,278][kafka.coordinator][INFO]Heartbeat successful
[2016-05-17 12:29:13,300][kafka.coordinator][INFO]Heartbeat successful
[2016-05-17 12:29:16,314][kafka.coordinator][INFO]Heartbeat successful
[2016-05-17 12:29:18,865][kafka.coordinator][INFO]Heartbeat successful
[2016-05-17 12:29:21,916][kafka.coordinator][INFO]Heartbeat successful
[2016-05-17 12:29:24,934][kafka.coordinator][INFO]Heartbeat successful
[2016-05-17 12:29:27,949][kafka.coordinator][INFO]Heartbeat successful
[2016-05-17 12:29:31,009][kafka.coordinator][INFO]Heartbeat successful
[2016-05-17 12:29:34,028][kafka.coordinator][INFO]Heartbeat successful
[2016-05-17 12:29:37,045][kafka.coordinator][INFO]Heartbeat successful
[2016-05-17 12:29:40,103][kafka.coordinator][INFO]Heartbeat successful
[2016-05-17 12:29:43,120][kafka.coordinator][INFO]Heartbeat successful
[2016-05-17 12:29:46,140][kafka.coordinator][INFO]Heartbeat successful
[2016-05-17 12:29:49,199][kafka.coordinator][INFO]Heartbeat successful
[2016-05-17 12:29:52,217][kafka.coordinator][INFO]Heartbeat successful
[2016-05-17 12:29:55,236][kafka.coordinator][INFO]Heartbeat successful
[2016-05-17 12:29:58,257][kafka.coordinator][INFO]Heartbeat successful
[2016-05-17 12:30:01,316][kafka.coordinator][INFO]Heartbeat successful
[2016-05-17 12:30:04,332][kafka.coordinator][INFO]Heartbeat successful
[2016-05-17 12:30:07,348][kafka.coordinator][INFO]Heartbeat successful
[2016-05-17 12:30:09,901][kafka.coordinator][INFO]Heartbeat successful
[2016-05-17 12:30:12,918][kafka.coordinator][INFO]Heartbeat successful
[2016-05-17 12:30:15,933][kafka.coordinator][INFO]Heartbeat successful
[2016-05-17 12:30:18,947][kafka.coordinator][INFO]Heartbeat successful
[2016-05-17 12:30:22,003][kafka.coordinator][INFO]Heartbeat successful
[2016-05-17 12:30:25,018][kafka.coordinator][INFO]Heartbeat successful
[2016-05-17 12:30:28,032][kafka.coordinator][INFO]Heartbeat successful
[2016-05-17 12:30:31,087][kafka.coordinator][INFO]Heartbeat successful
[2016-05-17 12:30:34,101][kafka.coordinator][INFO]Heartbeat successful
[2016-05-17 12:30:37,119][kafka.coordinator][INFO]Heartbeat successful
[2016-05-17 12:30:40,181][kafka.coordinator][INFO]Heartbeat successful
[2016-05-17 12:30:43,200][kafka.coordinator][INFO]Heartbeat successful
[2016-05-17 12:30:46,222][kafka.coordinator][INFO]Heartbeat successful
[2016-05-17 12:30:49,239][kafka.coordinator][INFO]Heartbeat successful
[2016-05-17 12:30:52,294][kafka.coordinator][INFO]Heartbeat successful
[2016-05-17 12:30:55,316][kafka.coordinator][INFO]Heartbeat successful
[2016-05-17 12:30:58,334][kafka.coordinator][INFO]Heartbeat successful
[2016-05-17 12:31:00,884][kafka.coordinator][INFO]Heartbeat successful
[2016-05-17 12:31:03,934][kafka.coordinator][INFO]Heartbeat successful
[2016-05-17 12:31:06,949][kafka.coordinator][INFO]Heartbeat successful
[2016-05-17 12:31:10,004][kafka.coordinator][INFO]Heartbeat successful
[2016-05-17 12:31:13,017][kafka.coordinator][INFO]Heartbeat successful
[2016-05-17 12:31:16,033][kafka.coordinator][INFO]Heartbeat successful
[2016-05-17 12:31:19,297][kafka.coordinator][INFO]Heartbeat successful
[2016-05-17 12:31:22,326][kafka.coordinator][INFO]Heartbeat successful
[2016-05-17 12:31:25,386][kafka.coordinator][INFO]Heartbeat successful
[2016-05-17 12:31:27,904][kafka.coordinator][INFO]Heartbeat successful
[2016-05-17 12:31:30,958][kafka.coordinator][INFO]Heartbeat successful
[2016-05-17 12:31:33,978][kafka.coordinator][INFO]Heartbeat successful
[2016-05-17 12:31:37,031][kafka.coordinator][INFO]Heartbeat successful
[2016-05-17 12:31:40,049][kafka.coordinator][INFO]Heartbeat successful
[2016-05-17 12:31:43,068][kafka.coordinator][INFO]Heartbeat successful
[2016-05-17 12:31:46,123][kafka.coordinator][INFO]Heartbeat successful
[2016-05-17 12:31:49,136][kafka.coordinator][INFO]Heartbeat successful
[2016-05-17 12:31:52,148][kafka.coordinator][INFO]Heartbeat successful
[2016-05-17 12:31:55,166][kafka.coordinator][INFO]Heartbeat successful
[2016-05-17 12:31:58,225][kafka.coordinator][INFO]Heartbeat successful
[2016-05-17 12:32:01,246][kafka.coordinator][INFO]Heartbeat successful
[2016-05-17 12:32:04,267][kafka.coordinator][INFO]Heartbeat successful
[2016-05-17 12:32:07,326][kafka.coordinator][INFO]Heartbeat successful
[2016-05-17 12:32:10,347][kafka.coordinator][INFO]Heartbeat successful
[2016-05-17 12:32:13,368][kafka.coordinator][INFO]Heartbeat successful
[2016-05-17 12:32:15,922][kafka.coordinator][INFO]Heartbeat successful
[2016-05-17 12:32:18,940][kafka.coordinator][INFO]Heartbeat successful
[2016-05-17 12:32:21,958][kafka.coordinator][INFO]Heartbeat successful
[2016-05-17 12:32:24,977][kafka.coordinator][INFO]Heartbeat successful
[2016-05-17 12:32:28,039][kafka.coordinator][INFO]Heartbeat successful
[2016-05-17 12:32:31,060][kafka.coordinator][INFO]Heartbeat successful
[2016-05-17 12:32:34,080][kafka.coordinator][INFO]Heartbeat successful
[2016-05-17 12:32:37,139][kafka.coordinator][INFO]Heartbeat successful
[2016-05-17 12:32:40,162][kafka.coordinator][INFO]Heartbeat successful
[2016-05-17 12:32:43,181][kafka.coordinator][INFO]Heartbeat successful
[2016-05-17 12:32:46,238][kafka.coordinator][INFO]Heartbeat successful
[2016-05-17 12:32:49,253][kafka.coordinator][INFO]Heartbeat successful
[2016-05-17 12:32:52,274][kafka.coordinator][INFO]Heartbeat successful
[2016-05-17 12:32:55,288][kafka.coordinator][INFO]Heartbeat successful
[2016-05-17 12:32:58,343][kafka.coordinator][INFO]Heartbeat successful
[2016-05-17 12:33:01,357][kafka.coordinator][INFO]Heartbeat successful
[2016-05-17 12:33:04,370][kafka.coordinator][INFO]Heartbeat successful
[2016-05-17 12:33:06,922][kafka.coordinator][INFO]Heartbeat successful
[2016-05-17 12:33:09,939][kafka.coordinator][INFO]Heartbeat successful
[2016-05-17 12:33:12,954][kafka.coordinator][INFO]Heartbeat successful
[2016-05-17 12:33:15,968][kafka.coordinator][INFO]Heartbeat successful
[2016-05-17 12:33:19,018][kafka.coordinator][INFO]Heartbeat successful
[2016-05-17 12:33:22,037][kafka.coordinator][INFO]Heartbeat successful
[2016-05-17 12:33:25,052][kafka.coordinator][INFO]Heartbeat successful
[2016-05-17 12:33:28,111][kafka.coordinator][INFO]Heartbeat successful
[2016-05-17 12:33:31,133][kafka.coordinator][INFO]Heartbeat successful
[2016-05-17 12:33:34,151][kafka.coordinator][WARNING]Heartbeat: group is rebalancing; this consumer needs to re-join
[2016-05-17 12:33:34,151][kafka.coordinator][WARNING]Heartbeat failed; retrying
[2016-05-17 12:33:34,252][kafka.coordinator][INFO]Skipping heartbeat: no auto-assignment or waiting on rebalance
[2016-05-17 12:33:34,658][kafka.coordinator][INFO]Joined group 'kafka-python-default-group' (generation 5) with member_id kafka-python-1.0.2-c5c441d6-f7e9-43d6-b6c3-24f6a4549b53
[2016-05-17 12:33:34,658][kafka.coordinator][INFO]Elected group leader -- performing partition assignments using range
[2016-05-17 12:33:34,658][kafka.coordinator.assignors.range][WARNING]No partition metadata for topic badtopic
[2016-05-17 12:33:34,839][kafka.coordinator][INFO]Joined group 'kafka-python-default-group' (generation 5) with member_id kafka-python-1.0.2-c5c441d6-f7e9-43d6-b6c3-24f6a4549b53
[2016-05-17 12:33:34,840][kafka.coordinator][INFO]Elected group leader -- performing partition assignments using range
[2016-05-17 12:33:34,880][kafka.consumer.subscription_state][INFO]Updated partition assignment: [TopicPartition(topic=u'goodtopic', partition=0)]
[2016-05-17 12:33:37,972][kafka.coordinator][INFO]Heartbeat successful
[2016-05-17 12:33:40,987][kafka.coordinator][INFO]Heartbeat successful
[2016-05-17 12:33:44,004][kafka.coordinator][INFO]Heartbeat successful
[2016-05-17 12:33:47,054][kafka.coordinator][INFO]Heartbeat successful
[2016-05-17 12:33:50,066][kafka.coordinator][INFO]Heartbeat successful
