Beginning task setup

/usr/bin/flock
Using existing venv: /tmp/petrel-good-2-1462530265/venv
Task setup took 0 seconds
Launching: python -m petrel.run threeworddivider /home/pipe/twitterintel/topology/TopologyTweetTransformationGOOD/petrel27274_threeworddivider.log
/usr/local/lib/python2.7/dist-packages/petrel-0.9.4.0.3-py2.7.egg/petrel/run.py invoked with the following arguments: ['threeworddivider', '/home/pipe/twitterintel/topology/TopologyTweetTransformationGOOD/petrel27274_threeworddivider.log']
python version: 2.7.11
user=root
PATH=/tmp/petrel-good-2-1462530265/venv/bin:/root/SimpleScalar/simplesim-3.0:/root/SimpleScalar/bin:/root/SimpleScalar/gcc-2.6.3:/root/SimpleScalar/bin:/usr/local/sbin:/usr/local/bin:/usr/sbin:/usr/bin:/sbin:/bin:/usr/games:/usr/local/games:/home/pipe/Downloads/zookeeper-3.4.8/bin:/home/pipe/Downloads/apache-storm-0.9.4/bin
LD_LIBRARY_PATH=storm-local/supervisor/stormdist/good-2-1462530265/resources/Linux-amd64:storm-local/supervisor/stormdist/good-2-1462530265/resources:/usr/local/lib:/opt/local/lib:/usr/lib
PYTHON_EGG_CACHE=/tmp/petrel-good-2-1462530265/egg_cache
[2016-05-06 16:48:52,141][storm][INFO]Tuple profiling enabled. Will log tuple processing times.
[2016-05-06 16:49:02,157][storm][INFO]Task received setupInfo from Storm: {u'pidDir': u'/home/pipe/storm-local/workers/4c90ac55-07ce-47ff-874e-f001f1159750/pids', u'conf': {u'oauth.acess_token': u' 702208758362087425-HZiyl1x7Bh98cQa1WLBDYylyu10Bpl7', u'topology.tuple.serializer': u'backtype.storm.serialization.types.ListDelegateSerializer', u'topology.workers': 1, u'drpc.worker.threads': 64, u'storm.messaging.netty.client_worker_threads': 1, u'supervisor.heartbeat.frequency.secs': 5, u'topology.executor.send.buffer.size': 1024, u'drpc.childopts': u'-Xmx768m', u'nimbus.thrift.port': 6627, u'storm.zookeeper.retry.intervalceiling.millis': 30000, u'storm.local.dir': u'storm-local', u'topology.receiver.buffer.size': 8, u'storm.zookeeper.servers': [u'localhost'], u'oauth.consumer_secret': u'ADf76fi3O1lKMzBxWnjqf93l3GHv28uar3bkblkvyBrAyoA23i', u'transactional.zookeeper.root': u'/transactional', u'drpc.request.timeout.secs': 600, u'topology.skip.missing.kryo.registrations': False, u'worker.heartbeat.frequency.secs': 1, u'zmq.hwm': 0, u'storm.zookeeper.connection.timeout': 15000, u'java.library.path': u'/usr/local/lib:/opt/local/lib:/usr/lib', u'topology.max.error.report.per.interval': 5, u'storm.messaging.netty.server_worker_threads': 1, u'storm.id': u'good-2-1462530265', u'supervisor.worker.start.timeout.secs': 120, u'zmq.threads': 1, u'topology.acker.executors': None, u'storm.messaging.netty.flush.check.interval.ms': 10, u'storm.messaging.netty.transfer.batch.size': 262144, u'topology.max.task.parallelism': None, u'topology.environment': None, u'storm.zookeeper.port': 2181, u'nimbus.childopts': u'-Xmx1024m', u'topology.classpath': None, u'worker.childopts': u'-Xmx768m', u'drpc.queue.size': 128, u'topology.multilang.serializer': u'backtype.storm.multilang.JsonSerializer', u'storm.zookeeper.retry.times': 5, u'nimbus.monitor.freq.secs': 10, u'storm.cluster.mode': u'distributed', u'dev.zookeeper.path': u'/tmp/dev-storm-zookeeper', u'drpc.invocations.port': 3773, u'topology.tasks': None, u'storm.zookeeper.root': u'/storm', u'logviewer.childopts': u'-Xmx128m', u'storm.meta.serialization.delegate': u'backtype.storm.serialization.DefaultSerializationDelegate', u'transactional.zookeeper.port': None, u'topology.worker.receiver.thread.count': 1, u'topology.worker.childopts': None, u'topology.max.spout.pending': None, u'topology.kryo.register': None, u'petrel.host': u'pipe-X550CC', u'nimbus.cleanup.inbox.freq.secs': 600, u'storm.messaging.netty.min_wait_ms': 100, u'nimbus.task.timeout.secs': 30, u'nimbus.thrift.max_buffer_size': 1048576, u'topology.sleep.spout.wait.strategy.time.ms': 1, u'nimbus.reassign': True, u'storm.messaging.transport': u'backtype.storm.messaging.netty.Context', u'logviewer.appender.name': u'A1', u'nimbus.host': u'localhost', u'ui.port': 8080, u'supervisor.slots.ports': [6700, 6701, 6702, 6703], u'nimbus.file.copy.expiration.secs': 600, u'supervisor.monitor.frequency.secs': 3, u'ui.childopts': u'-Xmx768m', u'transactional.zookeeper.servers': None, u'zmq.linger.millis': 5000, u'topology.error.throttle.interval.secs': 10, u'topology.worker.shared.thread.pool.size': 4, u'topology.executor.receive.buffer.size': 1024, u'topology.spout.wait.strategy': u'backtype.storm.spout.SleepSpoutWaitStrategy', u'task.heartbeat.frequency.secs': 3, u'topology.transfer.buffer.size': 1024, u'storm.zookeeper.session.timeout': 20000, u'storm.local.mode.zmq': False, u'topology.stats.sample.rate': 0.05, u'topology.fall.back.on.java.serialization': True, u'supervisor.childopts': u'-Xmx256m', u'topology.enable.message.timeouts': True, u'storm.messaging.netty.max_wait_ms': 1000, u'nimbus.topology.validator': u'backtype.storm.nimbus.DefaultTopologyValidator', u'nimbus.supervisor.timeout.secs': 60, u'topology.disruptor.wait.strategy': u'com.lmax.disruptor.BlockingWaitStrategy', u'storm.messaging.netty.buffer_size': 5242880, u'drpc.port': 3772, u'topology.kryo.factory': u'backtype.storm.serialization.DefaultKryoFactory', u'storm.zookeeper.retry.interval': 1000, u'storm.messaging.netty.max_retries': 300, u'topology.tick.tuple.freq.secs': None, u'supervisor.enable': True, u'nimbus.task.launch.secs': 120, u'task.refresh.poll.secs': 10, u'topology.message.timeout.secs': 30, u'oauth.acess_token_secret': u'IiNOTfgE3tEZvW2HDQhRKPMoOLU43NXJCXk8maj51SdAT', u'petrel.user': u'root', u'nimbus.inbox.jar.expiration.secs': 3600, u'topology.state.synchronization.timeout.secs': 60, u'topology.name': u'good', u'supervisor.worker.timeout.secs': 30, u'topology.trident.batch.emit.interval.millis': 500, u'topology.builtin.metrics.bucket.size.secs': 60, u'storm.thrift.transport': u'backtype.storm.security.auth.SimpleTransportPlugin', u'logviewer.port': 8000, u'oauth.consumer_key': u'eaFmBSxUveRJfmyZYeabti9Q9', u'topology.kryo.decorators': [], u'topology.debug': False}, u'context': {u'task->component': {u'1': u'CountThreeWords', u'3': u'CountWord', u'2': u'CountTwoWords', u'5': u'ThreeWordDivider', u'4': u'KafkaConsumer', u'7': u'WordDivider', u'6': u'TwoWordDivider', u'8': u'__acker'}, u'taskid': 5}}
[2016-05-06 16:49:02,157][storm][INFO]Task sent pid to Storm
[2016-05-06 16:52:33,673][storm][DEBUG]BasicBolt profile: total_num_tuples=1, num_tuples=1, avg_read_time=0.341402 (89.7%), avg_process_time=0.039385 (10.3%), avg_ack_time=0.000015 (0.0%)
[2016-05-06 16:52:53,141][storm][DEBUG]BasicBolt profile: total_num_tuples=9, num_tuples=8, avg_read_time=0.057680 (99.0%), avg_process_time=0.000534 (0.9%), avg_ack_time=0.000036 (0.1%)
[2016-05-06 16:52:54,207][storm][DEBUG]BasicBolt profile: total_num_tuples=21, num_tuples=12, avg_read_time=0.084968 (95.6%), avg_process_time=0.003608 (4.1%), avg_ack_time=0.000283 (0.3%)
[2016-05-06 16:52:55,236][storm][DEBUG]BasicBolt profile: total_num_tuples=29, num_tuples=8, avg_read_time=0.126255 (98.2%), avg_process_time=0.002182 (1.7%), avg_ack_time=0.000152 (0.1%)
[2016-05-06 16:52:56,256][storm][DEBUG]BasicBolt profile: total_num_tuples=41, num_tuples=12, avg_read_time=0.083530 (98.7%), avg_process_time=0.000964 (1.1%), avg_ack_time=0.000140 (0.2%)
[2016-05-06 16:52:57,359][storm][DEBUG]BasicBolt profile: total_num_tuples=49, num_tuples=8, avg_read_time=0.135337 (98.2%), avg_process_time=0.002455 (1.8%), avg_ack_time=0.000028 (0.0%)
[2016-05-06 16:52:58,370][storm][DEBUG]BasicBolt profile: total_num_tuples=54, num_tuples=5, avg_read_time=0.201119 (99.5%), avg_process_time=0.001001 (0.5%), avg_ack_time=0.000026 (0.0%)
[2016-05-06 16:52:59,484][storm][DEBUG]BasicBolt profile: total_num_tuples=66, num_tuples=12, avg_read_time=0.091385 (98.5%), avg_process_time=0.001379 (1.5%), avg_ack_time=0.000022 (0.0%)
[2016-05-06 16:53:00,653][storm][DEBUG]BasicBolt profile: total_num_tuples=72, num_tuples=6, avg_read_time=0.192943 (99.0%), avg_process_time=0.001859 (1.0%), avg_ack_time=0.000029 (0.0%)
[2016-05-06 16:53:02,505][storm][DEBUG]BasicBolt profile: total_num_tuples=82, num_tuples=10, avg_read_time=0.183313 (99.1%), avg_process_time=0.001645 (0.9%), avg_ack_time=0.000089 (0.0%)
[2016-05-06 16:53:03,713][storm][DEBUG]BasicBolt profile: total_num_tuples=98, num_tuples=16, avg_read_time=0.072936 (96.6%), avg_process_time=0.002519 (3.3%), avg_ack_time=0.000070 (0.1%)
[2016-05-06 16:53:04,759][storm][DEBUG]BasicBolt profile: total_num_tuples=113, num_tuples=15, avg_read_time=0.067350 (96.6%), avg_process_time=0.002328 (3.3%), avg_ack_time=0.000023 (0.0%)
[2016-05-06 16:53:05,974][storm][DEBUG]BasicBolt profile: total_num_tuples=116, num_tuples=3, avg_read_time=0.069905 (98.1%), avg_process_time=0.001325 (1.9%), avg_ack_time=0.000037 (0.1%)
[2016-05-06 16:53:07,015][storm][DEBUG]BasicBolt profile: total_num_tuples=132, num_tuples=16, avg_read_time=0.062932 (97.2%), avg_process_time=0.001767 (2.7%), avg_ack_time=0.000030 (0.0%)
[2016-05-06 16:53:08,023][storm][DEBUG]BasicBolt profile: total_num_tuples=146, num_tuples=14, avg_read_time=0.069912 (97.1%), avg_process_time=0.002044 (2.8%), avg_ack_time=0.000024 (0.0%)
[2016-05-06 16:53:09,278][storm][DEBUG]BasicBolt profile: total_num_tuples=153, num_tuples=7, avg_read_time=0.177742 (99.2%), avg_process_time=0.001420 (0.8%), avg_ack_time=0.000042 (0.0%)
[2016-05-06 16:53:10,439][storm][DEBUG]BasicBolt profile: total_num_tuples=158, num_tuples=5, avg_read_time=0.229137 (98.8%), avg_process_time=0.002758 (1.2%), avg_ack_time=0.000091 (0.0%)
[2016-05-06 16:53:11,443][storm][DEBUG]BasicBolt profile: total_num_tuples=166, num_tuples=8, avg_read_time=0.123760 (98.6%), avg_process_time=0.001715 (1.4%), avg_ack_time=0.000071 (0.1%)
[2016-05-06 16:53:12,464][storm][DEBUG]BasicBolt profile: total_num_tuples=173, num_tuples=7, avg_read_time=0.143365 (98.4%), avg_process_time=0.002273 (1.6%), avg_ack_time=0.000049 (0.0%)
[2016-05-06 16:53:13,544][storm][DEBUG]BasicBolt profile: total_num_tuples=183, num_tuples=10, avg_read_time=0.105493 (97.8%), avg_process_time=0.002202 (2.0%), avg_ack_time=0.000206 (0.2%)
[2016-05-06 16:53:14,588][storm][DEBUG]BasicBolt profile: total_num_tuples=196, num_tuples=13, avg_read_time=0.078466 (97.7%), avg_process_time=0.001804 (2.2%), avg_ack_time=0.000024 (0.0%)
[2016-05-06 16:53:15,728][storm][DEBUG]BasicBolt profile: total_num_tuples=201, num_tuples=5, avg_read_time=0.224108 (98.3%), avg_process_time=0.003806 (1.7%), avg_ack_time=0.000029 (0.0%)
[2016-05-06 16:53:16,966][storm][DEBUG]BasicBolt profile: total_num_tuples=210, num_tuples=9, avg_read_time=0.133710 (97.2%), avg_process_time=0.003726 (2.7%), avg_ack_time=0.000064 (0.0%)
[2016-05-06 16:53:17,986][storm][DEBUG]BasicBolt profile: total_num_tuples=230, num_tuples=20, avg_read_time=0.048798 (95.7%), avg_process_time=0.002147 (4.2%), avg_ack_time=0.000060 (0.1%)
[2016-05-06 16:53:19,163][storm][DEBUG]BasicBolt profile: total_num_tuples=241, num_tuples=11, avg_read_time=0.104659 (97.9%), avg_process_time=0.002245 (2.1%), avg_ack_time=0.000035 (0.0%)
[2016-05-06 16:53:20,181][storm][DEBUG]BasicBolt profile: total_num_tuples=256, num_tuples=15, avg_read_time=0.066619 (98.2%), avg_process_time=0.001216 (1.8%), avg_ack_time=0.000021 (0.0%)
[2016-05-06 16:53:21,187][storm][DEBUG]BasicBolt profile: total_num_tuples=267, num_tuples=11, avg_read_time=0.090453 (98.9%), avg_process_time=0.000954 (1.0%), avg_ack_time=0.000022 (0.0%)
[2016-05-06 16:53:22,360][storm][DEBUG]BasicBolt profile: total_num_tuples=278, num_tuples=11, avg_read_time=0.104191 (98.5%), avg_process_time=0.001573 (1.5%), avg_ack_time=0.000040 (0.0%)
[2016-05-06 16:53:23,447][storm][DEBUG]BasicBolt profile: total_num_tuples=287, num_tuples=9, avg_read_time=0.119195 (98.7%), avg_process_time=0.001536 (1.3%), avg_ack_time=0.000030 (0.0%)
[2016-05-06 16:53:24,456][storm][DEBUG]BasicBolt profile: total_num_tuples=296, num_tuples=9, avg_read_time=0.107232 (95.7%), avg_process_time=0.004720 (4.2%), avg_ack_time=0.000059 (0.1%)
[2016-05-06 16:53:25,594][storm][DEBUG]BasicBolt profile: total_num_tuples=302, num_tuples=6, avg_read_time=0.188548 (99.4%), avg_process_time=0.001097 (0.6%), avg_ack_time=0.000029 (0.0%)
[2016-05-06 16:53:26,655][storm][DEBUG]BasicBolt profile: total_num_tuples=313, num_tuples=11, avg_read_time=0.093934 (97.4%), avg_process_time=0.002445 (2.5%), avg_ack_time=0.000026 (0.0%)
[2016-05-06 16:53:27,949][storm][DEBUG]BasicBolt profile: total_num_tuples=320, num_tuples=7, avg_read_time=0.180701 (97.8%), avg_process_time=0.003982 (2.2%), avg_ack_time=0.000107 (0.1%)
[2016-05-06 16:53:29,125][storm][DEBUG]BasicBolt profile: total_num_tuples=335, num_tuples=15, avg_read_time=0.076790 (98.0%), avg_process_time=0.001507 (1.9%), avg_ack_time=0.000051 (0.1%)
[2016-05-06 16:53:30,199][storm][DEBUG]BasicBolt profile: total_num_tuples=345, num_tuples=10, avg_read_time=0.106304 (99.0%), avg_process_time=0.001039 (1.0%), avg_ack_time=0.000022 (0.0%)
[2016-05-06 16:53:31,314][storm][DEBUG]BasicBolt profile: total_num_tuples=354, num_tuples=9, avg_read_time=0.122506 (99.0%), avg_process_time=0.001181 (1.0%), avg_ack_time=0.000024 (0.0%)
[2016-05-06 16:53:32,345][storm][DEBUG]BasicBolt profile: total_num_tuples=362, num_tuples=8, avg_read_time=0.127650 (99.1%), avg_process_time=0.001180 (0.9%), avg_ack_time=0.000025 (0.0%)
[2016-05-06 16:53:33,463][storm][DEBUG]BasicBolt profile: total_num_tuples=370, num_tuples=8, avg_read_time=0.137675 (98.9%), avg_process_time=0.001501 (1.1%), avg_ack_time=0.000026 (0.0%)
[2016-05-06 16:53:34,578][storm][DEBUG]BasicBolt profile: total_num_tuples=376, num_tuples=6, avg_read_time=0.185174 (99.6%), avg_process_time=0.000697 (0.4%), avg_ack_time=0.000024 (0.0%)
[2016-05-06 16:53:37,039][storm][DEBUG]BasicBolt profile: total_num_tuples=384, num_tuples=8, avg_read_time=0.181870 (99.2%), avg_process_time=0.001432 (0.8%), avg_ack_time=0.000089 (0.0%)
[2016-05-06 16:53:38,159][storm][DEBUG]BasicBolt profile: total_num_tuples=409, num_tuples=25, avg_read_time=0.042949 (96.8%), avg_process_time=0.001374 (3.1%), avg_ack_time=0.000052 (0.1%)
[2016-05-06 16:53:39,169][storm][DEBUG]BasicBolt profile: total_num_tuples=426, num_tuples=17, avg_read_time=0.057637 (97.1%), avg_process_time=0.001711 (2.9%), avg_ack_time=0.000021 (0.0%)
[2016-05-06 16:53:40,204][storm][DEBUG]BasicBolt profile: total_num_tuples=432, num_tuples=6, avg_read_time=0.171500 (99.4%), avg_process_time=0.000943 (0.5%), avg_ack_time=0.000022 (0.0%)
[2016-05-06 16:53:41,489][storm][DEBUG]BasicBolt profile: total_num_tuples=441, num_tuples=9, avg_read_time=0.141823 (99.4%), avg_process_time=0.000877 (0.6%), avg_ack_time=0.000021 (0.0%)
[2016-05-06 16:53:42,615][storm][DEBUG]BasicBolt profile: total_num_tuples=456, num_tuples=15, avg_read_time=0.073335 (97.7%), avg_process_time=0.001673 (2.2%), avg_ack_time=0.000025 (0.0%)
[2016-05-06 16:53:43,668][storm][DEBUG]BasicBolt profile: total_num_tuples=466, num_tuples=10, avg_read_time=0.104013 (99.2%), avg_process_time=0.000836 (0.8%), avg_ack_time=0.000021 (0.0%)
[2016-05-06 16:53:45,383][storm][DEBUG]BasicBolt profile: total_num_tuples=473, num_tuples=7, avg_read_time=0.243777 (99.5%), avg_process_time=0.001256 (0.5%), avg_ack_time=0.000023 (0.0%)
[2016-05-06 16:53:46,691][storm][INFO]Caught exception
[2016-05-06 16:53:46,693][storm][ERROR]Sent failure message ("E_BOLTFAILED__threeworddivider__pipe-X550CC__pid__27274__port__-1__taskindex__-1__StormIPCException") to Storm
[2016-05-06 16:53:51,696][storm][ERROR]Caught exception in BasicBolt.run
Traceback (most recent call last):
  File "/usr/local/lib/python2.7/dist-packages/petrel-0.9.4.0.3-py2.7.egg/petrel/storm.py", line 377, in run
    tup = readTuple()
  File "/usr/local/lib/python2.7/dist-packages/petrel-0.9.4.0.3-py2.7.egg/petrel/storm.py", line 81, in readTuple
    cmd = readCommand()
  File "/usr/local/lib/python2.7/dist-packages/petrel-0.9.4.0.3-py2.7.egg/petrel/storm.py", line 74, in readCommand
    msg = readMsg()
  File "/usr/local/lib/python2.7/dist-packages/petrel-0.9.4.0.3-py2.7.egg/petrel/storm.py", line 45, in readMsg
    raise StormIPCException('Read EOF from stdin')
StormIPCException: Read EOF from stdin
[2016-05-06 16:53:51,696][storm][ERROR]The error occurred while processing this tuple: [u'tormthegalaxies: So Donald Trump is staying down the street from where I live. And today was an unusually... https://t.co/LWdFhjSksW', u'1']
Worker threeworddivider exiting normally.
