Beginning task setup

/usr/bin/flock
Using existing venv: /tmp/petrel-good-4-1462553027/venv
Task setup took 9 seconds
Launching: python -m petrel.run kafkaconsumer /home/pipe/twitterintel/topology/TopologyTweetTransformationGOOD/petrel1531_kafkaconsumer.log
/usr/local/lib/python2.7/dist-packages/petrel-0.9.4.0.3-py2.7.egg/petrel/run.py invoked with the following arguments: ['kafkaconsumer', '/home/pipe/twitterintel/topology/TopologyTweetTransformationGOOD/petrel1531_kafkaconsumer.log']
python version: 2.7.11
user=root
PATH=/tmp/petrel-good-4-1462553027/venv/bin:/root/SimpleScalar/simplesim-3.0:/root/SimpleScalar/bin:/root/SimpleScalar/gcc-2.6.3:/root/SimpleScalar/bin:/usr/local/sbin:/usr/local/bin:/usr/sbin:/usr/bin:/sbin:/bin:/usr/games:/usr/local/games:/home/pipe/Downloads/zookeeper-3.4.8/bin:/home/pipe/Downloads/apache-storm-0.9.4/bin
LD_LIBRARY_PATH=storm-local/supervisor/stormdist/good-4-1462553027/resources/Linux-amd64:storm-local/supervisor/stormdist/good-4-1462553027/resources:/usr/local/lib:/opt/local/lib:/usr/lib
PYTHON_EGG_CACHE=/tmp/petrel-good-4-1462553027/egg_cache
[2016-05-06 17:44:50,506][storm][INFO]Tuple profiling enabled. Will log tuple processing times.
[2016-05-06 17:44:50,826][storm][INFO]Task received setupInfo from Storm: {u'pidDir': u'/home/pipe/storm-local/workers/734c30e6-d92f-4249-bfd2-e87ef3a5b64f/pids', u'conf': {u'oauth.acess_token': u' 702208758362087425-HZiyl1x7Bh98cQa1WLBDYylyu10Bpl7', u'topology.tuple.serializer': u'backtype.storm.serialization.types.ListDelegateSerializer', u'topology.workers': 1, u'drpc.worker.threads': 64, u'storm.messaging.netty.client_worker_threads': 1, u'supervisor.heartbeat.frequency.secs': 5, u'topology.executor.send.buffer.size': 1024, u'drpc.childopts': u'-Xmx768m', u'nimbus.thrift.port': 6627, u'storm.zookeeper.retry.intervalceiling.millis': 30000, u'storm.local.dir': u'storm-local', u'topology.receiver.buffer.size': 8, u'storm.zookeeper.servers': [u'localhost'], u'oauth.consumer_secret': u'ADf76fi3O1lKMzBxWnjqf93l3GHv28uar3bkblkvyBrAyoA23i', u'transactional.zookeeper.root': u'/transactional', u'drpc.request.timeout.secs': 600, u'topology.skip.missing.kryo.registrations': False, u'worker.heartbeat.frequency.secs': 1, u'zmq.hwm': 0, u'storm.zookeeper.connection.timeout': 15000, u'java.library.path': u'/usr/local/lib:/opt/local/lib:/usr/lib', u'topology.max.error.report.per.interval': 5, u'storm.messaging.netty.server_worker_threads': 1, u'storm.id': u'good-4-1462553027', u'supervisor.worker.start.timeout.secs': 120, u'zmq.threads': 1, u'topology.acker.executors': None, u'storm.messaging.netty.flush.check.interval.ms': 10, u'storm.messaging.netty.transfer.batch.size': 262144, u'topology.max.task.parallelism': None, u'topology.environment': None, u'storm.zookeeper.port': 2181, u'nimbus.childopts': u'-Xmx1024m', u'topology.classpath': None, u'worker.childopts': u'-Xmx768m', u'drpc.queue.size': 128, u'topology.multilang.serializer': u'backtype.storm.multilang.JsonSerializer', u'storm.zookeeper.retry.times': 5, u'nimbus.monitor.freq.secs': 10, u'storm.cluster.mode': u'distributed', u'dev.zookeeper.path': u'/tmp/dev-storm-zookeeper', u'drpc.invocations.port': 3773, u'topology.tasks': None, u'storm.zookeeper.root': u'/storm', u'logviewer.childopts': u'-Xmx128m', u'storm.meta.serialization.delegate': u'backtype.storm.serialization.DefaultSerializationDelegate', u'transactional.zookeeper.port': None, u'topology.worker.receiver.thread.count': 1, u'topology.worker.childopts': None, u'topology.max.spout.pending': None, u'topology.kryo.register': None, u'petrel.host': u'pipe-X550CC', u'nimbus.cleanup.inbox.freq.secs': 600, u'storm.messaging.netty.min_wait_ms': 100, u'nimbus.task.timeout.secs': 30, u'nimbus.thrift.max_buffer_size': 1048576, u'topology.sleep.spout.wait.strategy.time.ms': 1, u'nimbus.reassign': True, u'storm.messaging.transport': u'backtype.storm.messaging.netty.Context', u'logviewer.appender.name': u'A1', u'nimbus.host': u'localhost', u'ui.port': 8080, u'supervisor.slots.ports': [6700, 6701, 6702, 6703], u'nimbus.file.copy.expiration.secs': 600, u'supervisor.monitor.frequency.secs': 3, u'ui.childopts': u'-Xmx768m', u'transactional.zookeeper.servers': None, u'zmq.linger.millis': 5000, u'topology.error.throttle.interval.secs': 10, u'topology.worker.shared.thread.pool.size': 4, u'topology.executor.receive.buffer.size': 1024, u'topology.spout.wait.strategy': u'backtype.storm.spout.SleepSpoutWaitStrategy', u'task.heartbeat.frequency.secs': 3, u'topology.transfer.buffer.size': 1024, u'storm.zookeeper.session.timeout': 20000, u'storm.local.mode.zmq': False, u'topology.stats.sample.rate': 0.05, u'topology.fall.back.on.java.serialization': True, u'supervisor.childopts': u'-Xmx256m', u'topology.enable.message.timeouts': True, u'storm.messaging.netty.max_wait_ms': 1000, u'nimbus.topology.validator': u'backtype.storm.nimbus.DefaultTopologyValidator', u'nimbus.supervisor.timeout.secs': 60, u'topology.disruptor.wait.strategy': u'com.lmax.disruptor.BlockingWaitStrategy', u'storm.messaging.netty.buffer_size': 5242880, u'drpc.port': 3772, u'topology.kryo.factory': u'backtype.storm.serialization.DefaultKryoFactory', u'storm.zookeeper.retry.interval': 1000, u'storm.messaging.netty.max_retries': 300, u'topology.tick.tuple.freq.secs': 30, u'supervisor.enable': True, u'nimbus.task.launch.secs': 120, u'task.refresh.poll.secs': 10, u'topology.message.timeout.secs': 30, u'oauth.acess_token_secret': u'IiNOTfgE3tEZvW2HDQhRKPMoOLU43NXJCXk8maj51SdAT', u'petrel.user': u'root', u'nimbus.inbox.jar.expiration.secs': 3600, u'topology.state.synchronization.timeout.secs': 60, u'topology.name': u'good', u'supervisor.worker.timeout.secs': 30, u'topology.trident.batch.emit.interval.millis': 500, u'topology.builtin.metrics.bucket.size.secs': 60, u'storm.thrift.transport': u'backtype.storm.security.auth.SimpleTransportPlugin', u'logviewer.port': 8000, u'oauth.consumer_key': u'eaFmBSxUveRJfmyZYeabti9Q9', u'topology.kryo.decorators': [], u'topology.debug': False}, u'context': {u'task->component': {u'1': u'CountThreeWords', u'3': u'CountWord', u'2': u'CountTwoWords', u'5': u'ThreeWordDivider', u'4': u'KafkaConsumer', u'7': u'WordDivider', u'6': u'TwoWordDivider', u'8': u'__acker'}, u'taskid': 4}}
[2016-05-06 17:44:50,911][storm][INFO]Task sent pid to Storm
[2016-05-06 17:44:51,105][kafka.client][INFO]Broker version identifed as 0.9
[2016-05-06 17:44:51,107][kafka.consumer.subscription_state][INFO]Updating subscribed topics to: ['goodtopic']
[2016-05-06 17:44:51,190][kafka.cluster][INFO]Group coordinator for kafka-python-default-group is BrokerMetadata(nodeId=0, host=u'pipe-X550CC', port=9092)
[2016-05-06 17:44:51,834][kafka.coordinator][INFO]Joined group 'kafka-python-default-group' (generation 2) with member_id kafka-python-1.0.2-ccf8feed-fe23-454e-b041-ad35b297c415
[2016-05-06 17:44:52,057][kafka.consumer.subscription_state][INFO]Updated partition assignment: [TopicPartition(topic=u'goodtopic', partition=0)]
[2016-05-06 17:44:55,116][kafka.coordinator][INFO]Heartbeat successful
[2016-05-06 17:44:58,129][kafka.coordinator][INFO]Heartbeat successful
[2016-05-06 17:45:01,141][kafka.coordinator][INFO]Heartbeat successful
[2016-05-06 17:45:04,194][kafka.coordinator][INFO]Heartbeat successful
[2016-05-06 17:45:07,207][kafka.coordinator][INFO]Heartbeat successful
[2016-05-06 17:45:10,221][kafka.coordinator][INFO]Heartbeat successful
[2016-05-06 17:45:13,274][kafka.coordinator][INFO]Heartbeat successful
[2016-05-06 17:45:16,284][kafka.coordinator][INFO]Heartbeat successful
[2016-05-06 17:45:19,297][kafka.coordinator][INFO]Heartbeat successful
[2016-05-06 17:45:22,312][kafka.coordinator][INFO]Heartbeat successful
[2016-05-06 17:45:25,366][kafka.coordinator][INFO]Heartbeat successful
[2016-05-06 17:45:28,379][kafka.coordinator][INFO]Heartbeat successful
[2016-05-06 17:45:31,973][kafka.coordinator][INFO]Heartbeat successful
[2016-05-06 17:45:34,488][kafka.coordinator][INFO]Heartbeat successful
[2016-05-06 17:45:37,501][kafka.coordinator][INFO]Heartbeat successful
[2016-05-06 17:45:40,551][kafka.coordinator][INFO]Heartbeat successful
[2016-05-06 17:45:43,562][kafka.coordinator][INFO]Heartbeat successful
[2016-05-06 17:45:46,072][kafka.coordinator][INFO]Heartbeat successful
[2016-05-06 17:45:49,122][kafka.coordinator][INFO]Heartbeat successful
[2016-05-06 17:45:52,117][kafka.coordinator][INFO]Heartbeat successful
[2016-05-06 17:45:55,289][kafka.coordinator][INFO]Heartbeat successful
[2016-05-06 17:45:58,346][kafka.coordinator][INFO]Heartbeat successful
[2016-05-06 17:46:01,358][kafka.coordinator][INFO]Heartbeat successful
[2016-05-06 17:46:04,372][kafka.coordinator][INFO]Heartbeat successful
[2016-05-06 17:46:07,385][kafka.coordinator][INFO]Heartbeat successful
[2016-05-06 17:46:10,464][kafka.coordinator][INFO]Heartbeat successful
[2016-05-06 17:46:13,485][kafka.coordinator][INFO]Heartbeat successful
[2016-05-06 17:46:16,500][kafka.coordinator][INFO]Heartbeat successful
[2016-05-06 17:46:19,561][kafka.coordinator][INFO]Heartbeat successful
[2016-05-06 17:46:22,080][kafka.coordinator][INFO]Heartbeat successful
[2016-05-06 17:46:25,165][kafka.coordinator][INFO]Heartbeat successful
[2016-05-06 17:46:28,180][kafka.coordinator][INFO]Heartbeat successful
[2016-05-06 17:46:31,201][kafka.coordinator][INFO]Heartbeat successful
[2016-05-06 17:46:34,254][kafka.coordinator][INFO]Heartbeat successful
[2016-05-06 17:46:37,266][kafka.coordinator][INFO]Heartbeat successful
[2016-05-06 17:46:40,275][kafka.coordinator][INFO]Heartbeat successful
[2016-05-06 17:46:43,289][kafka.coordinator][INFO]Heartbeat successful
[2016-05-06 17:46:46,340][kafka.coordinator][INFO]Heartbeat successful
[2016-05-06 17:46:49,354][kafka.coordinator][INFO]Heartbeat successful
[2016-05-06 17:46:52,366][kafka.coordinator][INFO]Heartbeat successful
[2016-05-06 17:46:55,419][kafka.coordinator][INFO]Heartbeat successful
[2016-05-06 17:46:58,436][kafka.coordinator][INFO]Heartbeat successful
[2016-05-06 17:47:01,456][kafka.coordinator][INFO]Heartbeat successful
[2016-05-06 17:47:04,509][kafka.coordinator][INFO]Heartbeat successful
[2016-05-06 17:47:07,527][kafka.coordinator][INFO]Heartbeat successful
[2016-05-06 17:47:10,539][kafka.coordinator][INFO]Heartbeat successful
[2016-05-06 17:47:13,549][kafka.coordinator][INFO]Heartbeat successful
[2016-05-06 17:47:16,095][kafka.coordinator][INFO]Heartbeat successful
[2016-05-06 17:47:19,146][kafka.coordinator][INFO]Heartbeat successful
[2016-05-06 17:47:22,162][kafka.coordinator][INFO]Heartbeat successful
[2016-05-06 17:47:25,219][kafka.coordinator][INFO]Heartbeat successful
[2016-05-06 17:47:28,230][kafka.coordinator][INFO]Heartbeat successful
[2016-05-06 17:47:31,248][kafka.coordinator][INFO]Heartbeat successful
[2016-05-06 17:47:34,303][kafka.coordinator][INFO]Heartbeat successful
[2016-05-06 17:47:37,324][kafka.coordinator][INFO]Heartbeat successful
[2016-05-06 17:47:40,344][kafka.coordinator][INFO]Heartbeat successful
[2016-05-06 17:47:43,365][kafka.coordinator][INFO]Heartbeat successful
[2016-05-06 17:47:46,418][kafka.coordinator][INFO]Heartbeat successful
[2016-05-06 17:47:49,433][kafka.coordinator][INFO]Heartbeat successful
[2016-05-06 17:47:52,453][kafka.coordinator][INFO]Heartbeat successful
[2016-05-06 17:47:55,512][kafka.coordinator][INFO]Heartbeat successful
[2016-05-06 17:47:58,527][kafka.coordinator][INFO]Heartbeat successful
[2016-05-06 17:48:01,544][kafka.coordinator][INFO]Heartbeat successful
[2016-05-06 17:48:04,599][kafka.coordinator][INFO]Heartbeat successful
[2016-05-06 17:48:07,113][kafka.coordinator][INFO]Heartbeat successful
[2016-05-06 17:48:10,172][kafka.coordinator][INFO]Heartbeat successful
[2016-05-06 17:48:13,189][kafka.coordinator][INFO]Heartbeat successful
[2016-05-06 17:48:16,245][kafka.coordinator][INFO]Heartbeat successful
[2016-05-06 17:48:19,262][kafka.coordinator][INFO]Heartbeat successful
[2016-05-06 17:48:22,278][kafka.coordinator][INFO]Heartbeat successful
[2016-05-06 17:48:25,333][kafka.coordinator][INFO]Heartbeat successful
[2016-05-06 17:48:28,347][kafka.coordinator][INFO]Heartbeat successful
[2016-05-06 17:48:31,370][kafka.coordinator][INFO]Heartbeat successful
[2016-05-06 17:48:34,384][kafka.coordinator][INFO]Heartbeat successful
[2016-05-06 17:48:37,438][kafka.coordinator][INFO]Heartbeat successful
[2016-05-06 17:48:40,456][kafka.coordinator][INFO]Heartbeat successful
[2016-05-06 17:48:43,471][kafka.coordinator][INFO]Heartbeat successful
[2016-05-06 17:48:46,525][kafka.coordinator][INFO]Heartbeat successful
[2016-05-06 17:48:49,544][kafka.coordinator][INFO]Heartbeat successful
[2016-05-06 17:48:52,558][kafka.coordinator][INFO]Heartbeat successful
[2016-05-06 17:48:55,115][kafka.coordinator][INFO]Heartbeat successful
[2016-05-06 17:48:58,172][kafka.coordinator][INFO]Heartbeat successful
[2016-05-06 17:49:01,191][kafka.coordinator][INFO]Heartbeat successful
[2016-05-06 17:49:04,208][kafka.coordinator][INFO]Heartbeat successful
[2016-05-06 17:49:07,264][kafka.coordinator][INFO]Heartbeat successful
[2016-05-06 17:49:10,278][kafka.coordinator][INFO]Heartbeat successful
[2016-05-06 17:49:13,297][kafka.coordinator][INFO]Heartbeat successful
[2016-05-06 17:49:16,357][kafka.coordinator][INFO]Heartbeat successful
[2016-05-06 17:49:19,718][kafka.coordinator][INFO]Heartbeat successful
[2016-05-06 17:49:22,230][kafka.coordinator][INFO]Heartbeat successful
[2016-05-06 17:49:25,244][kafka.coordinator][INFO]Heartbeat successful
[2016-05-06 17:49:28,333][kafka.coordinator][INFO]Heartbeat successful
[2016-05-06 17:49:31,349][kafka.coordinator][INFO]Heartbeat successful
