Beginning task setup

/usr/bin/flock
Using existing venv: /tmp/petrel-good-2-1462530265/venv
Task setup took 1 seconds
Launching: python -m petrel.run threeworddivider /home/pipe/twitterintel/topology/TopologyTweetTransformationGOOD/petrel11167_threeworddivider.log
/usr/local/lib/python2.7/dist-packages/petrel-0.9.4.0.3-py2.7.egg/petrel/run.py invoked with the following arguments: ['threeworddivider', '/home/pipe/twitterintel/topology/TopologyTweetTransformationGOOD/petrel11167_threeworddivider.log']
python version: 2.7.11
user=root
PATH=/tmp/petrel-good-2-1462530265/venv/bin:/root/SimpleScalar/simplesim-3.0:/root/SimpleScalar/bin:/root/SimpleScalar/gcc-2.6.3:/root/SimpleScalar/bin:/usr/local/sbin:/usr/local/bin:/usr/sbin:/usr/bin:/sbin:/bin:/usr/games:/usr/local/games:/home/pipe/Downloads/zookeeper-3.4.8/bin:/home/pipe/Downloads/apache-storm-0.9.4/bin
LD_LIBRARY_PATH=storm-local/supervisor/stormdist/good-2-1462530265/resources/Linux-amd64:storm-local/supervisor/stormdist/good-2-1462530265/resources:/usr/local/lib:/opt/local/lib:/usr/lib
PYTHON_EGG_CACHE=/tmp/petrel-good-2-1462530265/egg_cache
[2016-05-06 16:54:50,726][storm][INFO]Tuple profiling enabled. Will log tuple processing times.
[2016-05-06 16:54:50,963][storm][INFO]Task received setupInfo from Storm: {u'pidDir': u'/home/pipe/storm-local/workers/ca155c36-2534-4ea2-9184-3596f6f23611/pids', u'conf': {u'oauth.acess_token': u' 702208758362087425-HZiyl1x7Bh98cQa1WLBDYylyu10Bpl7', u'topology.tuple.serializer': u'backtype.storm.serialization.types.ListDelegateSerializer', u'topology.workers': 1, u'drpc.worker.threads': 64, u'storm.messaging.netty.client_worker_threads': 1, u'supervisor.heartbeat.frequency.secs': 5, u'topology.executor.send.buffer.size': 1024, u'drpc.childopts': u'-Xmx768m', u'nimbus.thrift.port': 6627, u'storm.zookeeper.retry.intervalceiling.millis': 30000, u'storm.local.dir': u'storm-local', u'topology.receiver.buffer.size': 8, u'storm.zookeeper.servers': [u'localhost'], u'oauth.consumer_secret': u'ADf76fi3O1lKMzBxWnjqf93l3GHv28uar3bkblkvyBrAyoA23i', u'transactional.zookeeper.root': u'/transactional', u'drpc.request.timeout.secs': 600, u'topology.skip.missing.kryo.registrations': False, u'worker.heartbeat.frequency.secs': 1, u'zmq.hwm': 0, u'storm.zookeeper.connection.timeout': 15000, u'java.library.path': u'/usr/local/lib:/opt/local/lib:/usr/lib', u'topology.max.error.report.per.interval': 5, u'storm.messaging.netty.server_worker_threads': 1, u'storm.id': u'good-2-1462530265', u'supervisor.worker.start.timeout.secs': 120, u'zmq.threads': 1, u'topology.acker.executors': None, u'storm.messaging.netty.flush.check.interval.ms': 10, u'storm.messaging.netty.transfer.batch.size': 262144, u'topology.max.task.parallelism': None, u'topology.environment': None, u'storm.zookeeper.port': 2181, u'nimbus.childopts': u'-Xmx1024m', u'topology.classpath': None, u'worker.childopts': u'-Xmx768m', u'drpc.queue.size': 128, u'topology.multilang.serializer': u'backtype.storm.multilang.JsonSerializer', u'storm.zookeeper.retry.times': 5, u'nimbus.monitor.freq.secs': 10, u'storm.cluster.mode': u'distributed', u'dev.zookeeper.path': u'/tmp/dev-storm-zookeeper', u'drpc.invocations.port': 3773, u'topology.tasks': None, u'storm.zookeeper.root': u'/storm', u'logviewer.childopts': u'-Xmx128m', u'storm.meta.serialization.delegate': u'backtype.storm.serialization.DefaultSerializationDelegate', u'transactional.zookeeper.port': None, u'topology.worker.receiver.thread.count': 1, u'topology.worker.childopts': None, u'topology.max.spout.pending': None, u'topology.kryo.register': None, u'petrel.host': u'pipe-X550CC', u'nimbus.cleanup.inbox.freq.secs': 600, u'storm.messaging.netty.min_wait_ms': 100, u'nimbus.task.timeout.secs': 30, u'nimbus.thrift.max_buffer_size': 1048576, u'topology.sleep.spout.wait.strategy.time.ms': 1, u'nimbus.reassign': True, u'storm.messaging.transport': u'backtype.storm.messaging.netty.Context', u'logviewer.appender.name': u'A1', u'nimbus.host': u'localhost', u'ui.port': 8080, u'supervisor.slots.ports': [6700, 6701, 6702, 6703], u'nimbus.file.copy.expiration.secs': 600, u'supervisor.monitor.frequency.secs': 3, u'ui.childopts': u'-Xmx768m', u'transactional.zookeeper.servers': None, u'zmq.linger.millis': 5000, u'topology.error.throttle.interval.secs': 10, u'topology.worker.shared.thread.pool.size': 4, u'topology.executor.receive.buffer.size': 1024, u'topology.spout.wait.strategy': u'backtype.storm.spout.SleepSpoutWaitStrategy', u'task.heartbeat.frequency.secs': 3, u'topology.transfer.buffer.size': 1024, u'storm.zookeeper.session.timeout': 20000, u'storm.local.mode.zmq': False, u'topology.stats.sample.rate': 0.05, u'topology.fall.back.on.java.serialization': True, u'supervisor.childopts': u'-Xmx256m', u'topology.enable.message.timeouts': True, u'storm.messaging.netty.max_wait_ms': 1000, u'nimbus.topology.validator': u'backtype.storm.nimbus.DefaultTopologyValidator', u'nimbus.supervisor.timeout.secs': 60, u'topology.disruptor.wait.strategy': u'com.lmax.disruptor.BlockingWaitStrategy', u'storm.messaging.netty.buffer_size': 5242880, u'drpc.port': 3772, u'topology.kryo.factory': u'backtype.storm.serialization.DefaultKryoFactory', u'storm.zookeeper.retry.interval': 1000, u'storm.messaging.netty.max_retries': 300, u'topology.tick.tuple.freq.secs': None, u'supervisor.enable': True, u'nimbus.task.launch.secs': 120, u'task.refresh.poll.secs': 10, u'topology.message.timeout.secs': 30, u'oauth.acess_token_secret': u'IiNOTfgE3tEZvW2HDQhRKPMoOLU43NXJCXk8maj51SdAT', u'petrel.user': u'root', u'nimbus.inbox.jar.expiration.secs': 3600, u'topology.state.synchronization.timeout.secs': 60, u'topology.name': u'good', u'supervisor.worker.timeout.secs': 30, u'topology.trident.batch.emit.interval.millis': 500, u'topology.builtin.metrics.bucket.size.secs': 60, u'storm.thrift.transport': u'backtype.storm.security.auth.SimpleTransportPlugin', u'logviewer.port': 8000, u'oauth.consumer_key': u'eaFmBSxUveRJfmyZYeabti9Q9', u'topology.kryo.decorators': [], u'topology.debug': False}, u'context': {u'task->component': {u'1': u'CountThreeWords', u'3': u'CountWord', u'2': u'CountTwoWords', u'5': u'ThreeWordDivider', u'4': u'KafkaConsumer', u'7': u'WordDivider', u'6': u'TwoWordDivider', u'8': u'__acker'}, u'taskid': 5}}
[2016-05-06 16:54:50,964][storm][INFO]Task sent pid to Storm
[2016-05-06 16:54:52,272][storm][DEBUG]BasicBolt profile: total_num_tuples=1, num_tuples=1, avg_read_time=1.141708 (87.3%), avg_process_time=0.166524 (12.7%), avg_ack_time=0.000192 (0.0%)
[2016-05-06 16:54:53,277][storm][DEBUG]BasicBolt profile: total_num_tuples=88, num_tuples=87, avg_read_time=0.000256 (2.2%), avg_process_time=0.010728 (93.8%), avg_ack_time=0.000449 (3.9%)
[2016-05-06 16:54:54,285][storm][DEBUG]BasicBolt profile: total_num_tuples=219, num_tuples=131, avg_read_time=0.000437 (5.7%), avg_process_time=0.007025 (91.6%), avg_ack_time=0.000209 (2.7%)
[2016-05-06 16:54:55,291][storm][DEBUG]BasicBolt profile: total_num_tuples=399, num_tuples=180, avg_read_time=0.000129 (2.3%), avg_process_time=0.004698 (84.3%), avg_ack_time=0.000749 (13.4%)
[2016-05-06 16:54:56,298][storm][DEBUG]BasicBolt profile: total_num_tuples=562, num_tuples=163, avg_read_time=0.001887 (30.6%), avg_process_time=0.003994 (64.8%), avg_ack_time=0.000287 (4.7%)
[2016-05-06 16:54:57,371][storm][DEBUG]BasicBolt profile: total_num_tuples=651, num_tuples=89, avg_read_time=0.004256 (35.3%), avg_process_time=0.006959 (57.8%), avg_ack_time=0.000826 (6.9%)
[2016-05-06 16:54:58,565][storm][DEBUG]BasicBolt profile: total_num_tuples=693, num_tuples=42, avg_read_time=0.025158 (88.7%), avg_process_time=0.002997 (10.6%), avg_ack_time=0.000196 (0.7%)
[2016-05-06 16:54:59,682][storm][DEBUG]BasicBolt profile: total_num_tuples=702, num_tuples=9, avg_read_time=0.123004 (99.2%), avg_process_time=0.000998 (0.8%), avg_ack_time=0.000020 (0.0%)
[2016-05-06 16:55:00,714][storm][DEBUG]BasicBolt profile: total_num_tuples=712, num_tuples=10, avg_read_time=0.102407 (99.2%), avg_process_time=0.000804 (0.8%), avg_ack_time=0.000020 (0.0%)
[2016-05-06 16:55:01,732][storm][DEBUG]BasicBolt profile: total_num_tuples=717, num_tuples=5, avg_read_time=0.201729 (99.2%), avg_process_time=0.001675 (0.8%), avg_ack_time=0.000024 (0.0%)
[2016-05-06 16:55:02,747][storm][DEBUG]BasicBolt profile: total_num_tuples=728, num_tuples=11, avg_read_time=0.091107 (98.8%), avg_process_time=0.001115 (1.2%), avg_ack_time=0.000021 (0.0%)
[2016-05-06 16:55:03,844][storm][DEBUG]BasicBolt profile: total_num_tuples=732, num_tuples=4, avg_read_time=0.272582 (99.7%), avg_process_time=0.000799 (0.3%), avg_ack_time=0.000021 (0.0%)
[2016-05-06 16:55:04,985][storm][DEBUG]BasicBolt profile: total_num_tuples=743, num_tuples=11, avg_read_time=0.100990 (97.4%), avg_process_time=0.002699 (2.6%), avg_ack_time=0.000022 (0.0%)
[2016-05-06 16:55:06,033][storm][DEBUG]BasicBolt profile: total_num_tuples=754, num_tuples=11, avg_read_time=0.094165 (98.9%), avg_process_time=0.001011 (1.1%), avg_ack_time=0.000021 (0.0%)
[2016-05-06 16:55:07,809][storm][DEBUG]BasicBolt profile: total_num_tuples=761, num_tuples=7, avg_read_time=0.109405 (99.1%), avg_process_time=0.000942 (0.9%), avg_ack_time=0.000021 (0.0%)
[2016-05-06 16:55:09,002][storm][DEBUG]BasicBolt profile: total_num_tuples=775, num_tuples=14, avg_read_time=0.083212 (97.7%), avg_process_time=0.001949 (2.3%), avg_ack_time=0.000049 (0.1%)
[2016-05-06 16:55:10,041][storm][DEBUG]BasicBolt profile: total_num_tuples=787, num_tuples=12, avg_read_time=0.085827 (99.2%), avg_process_time=0.000652 (0.8%), avg_ack_time=0.000021 (0.0%)
[2016-05-06 16:55:11,124][storm][DEBUG]BasicBolt profile: total_num_tuples=798, num_tuples=11, avg_read_time=0.097755 (99.3%), avg_process_time=0.000714 (0.7%), avg_ack_time=0.000021 (0.0%)
[2016-05-06 16:55:12,244][storm][DEBUG]BasicBolt profile: total_num_tuples=808, num_tuples=10, avg_read_time=0.110945 (99.1%), avg_process_time=0.000943 (0.8%), avg_ack_time=0.000021 (0.0%)
[2016-05-06 16:55:13,385][storm][DEBUG]BasicBolt profile: total_num_tuples=815, num_tuples=7, avg_read_time=0.161904 (99.3%), avg_process_time=0.001065 (0.7%), avg_ack_time=0.000028 (0.0%)
[2016-05-06 16:55:14,459][storm][DEBUG]BasicBolt profile: total_num_tuples=822, num_tuples=7, avg_read_time=0.152648 (99.5%), avg_process_time=0.000723 (0.5%), avg_ack_time=0.000020 (0.0%)
[2016-05-06 16:55:15,474][storm][DEBUG]BasicBolt profile: total_num_tuples=828, num_tuples=6, avg_read_time=0.168054 (99.4%), avg_process_time=0.000998 (0.6%), avg_ack_time=0.000021 (0.0%)
[2016-05-06 16:55:16,707][storm][DEBUG]BasicBolt profile: total_num_tuples=840, num_tuples=12, avg_read_time=0.101971 (99.2%), avg_process_time=0.000762 (0.7%), avg_ack_time=0.000021 (0.0%)
[2016-05-06 16:55:17,748][storm][DEBUG]BasicBolt profile: total_num_tuples=848, num_tuples=8, avg_read_time=0.128801 (99.1%), avg_process_time=0.001158 (0.9%), avg_ack_time=0.000024 (0.0%)
[2016-05-06 16:55:18,829][storm][DEBUG]BasicBolt profile: total_num_tuples=851, num_tuples=3, avg_read_time=0.359504 (99.8%), avg_process_time=0.000872 (0.2%), avg_ack_time=0.000028 (0.0%)
[2016-05-06 16:55:19,962][storm][DEBUG]BasicBolt profile: total_num_tuples=871, num_tuples=20, avg_read_time=0.055674 (98.4%), avg_process_time=0.000897 (1.6%), avg_ack_time=0.000021 (0.0%)
[2016-05-06 16:55:21,158][storm][DEBUG]BasicBolt profile: total_num_tuples=884, num_tuples=13, avg_read_time=0.090717 (98.6%), avg_process_time=0.001247 (1.4%), avg_ack_time=0.000024 (0.0%)
[2016-05-06 16:55:22,464][storm][DEBUG]BasicBolt profile: total_num_tuples=899, num_tuples=15, avg_read_time=0.085640 (98.4%), avg_process_time=0.001365 (1.6%), avg_ack_time=0.000022 (0.0%)
[2016-05-06 16:55:23,980][storm][DEBUG]BasicBolt profile: total_num_tuples=904, num_tuples=5, avg_read_time=0.102155 (98.8%), avg_process_time=0.001180 (1.1%), avg_ack_time=0.000037 (0.0%)
[2016-05-06 16:55:25,122][storm][DEBUG]BasicBolt profile: total_num_tuples=919, num_tuples=15, avg_read_time=0.075088 (98.7%), avg_process_time=0.000975 (1.3%), avg_ack_time=0.000022 (0.0%)
[2016-05-06 16:55:26,178][storm][DEBUG]BasicBolt profile: total_num_tuples=931, num_tuples=12, avg_read_time=0.086938 (98.8%), avg_process_time=0.001023 (1.2%), avg_ack_time=0.000020 (0.0%)
[2016-05-06 16:55:27,911][storm][DEBUG]BasicBolt profile: total_num_tuples=943, num_tuples=12, avg_read_time=0.143511 (99.4%), avg_process_time=0.000868 (0.6%), avg_ack_time=0.000036 (0.0%)
[2016-05-06 16:55:29,083][storm][DEBUG]BasicBolt profile: total_num_tuples=952, num_tuples=9, avg_read_time=0.129215 (99.3%), avg_process_time=0.000912 (0.7%), avg_ack_time=0.000026 (0.0%)
[2016-05-06 16:55:30,279][storm][DEBUG]BasicBolt profile: total_num_tuples=959, num_tuples=7, avg_read_time=0.169608 (99.3%), avg_process_time=0.001001 (0.6%), avg_ack_time=0.000124 (0.1%)
[2016-05-06 16:55:31,474][storm][DEBUG]BasicBolt profile: total_num_tuples=971, num_tuples=12, avg_read_time=0.098796 (99.2%), avg_process_time=0.000744 (0.7%), avg_ack_time=0.000021 (0.0%)
[2016-05-06 16:55:32,707][storm][DEBUG]BasicBolt profile: total_num_tuples=982, num_tuples=11, avg_read_time=0.110945 (99.0%), avg_process_time=0.001129 (1.0%), avg_ack_time=0.000021 (0.0%)
[2016-05-06 16:55:34,133][storm][DEBUG]BasicBolt profile: total_num_tuples=988, num_tuples=6, avg_read_time=0.236719 (99.7%), avg_process_time=0.000786 (0.3%), avg_ack_time=0.000027 (0.0%)
[2016-05-06 16:55:35,162][storm][DEBUG]BasicBolt profile: total_num_tuples=992, num_tuples=4, avg_read_time=0.256535 (99.7%), avg_process_time=0.000744 (0.3%), avg_ack_time=0.000020 (0.0%)
[2016-05-06 16:55:36,190][storm][DEBUG]BasicBolt profile: total_num_tuples=996, num_tuples=4, avg_read_time=0.254534 (99.1%), avg_process_time=0.002338 (0.9%), avg_ack_time=0.000043 (0.0%)
[2016-05-06 16:55:37,343][storm][DEBUG]BasicBolt profile: total_num_tuples=1002, num_tuples=6, avg_read_time=0.190429 (99.2%), avg_process_time=0.001521 (0.8%), avg_ack_time=0.000034 (0.0%)
[2016-05-06 16:55:38,487][storm][DEBUG]BasicBolt profile: total_num_tuples=1009, num_tuples=7, avg_read_time=0.162634 (99.6%), avg_process_time=0.000704 (0.4%), avg_ack_time=0.000021 (0.0%)
[2016-05-06 16:55:39,622][storm][DEBUG]BasicBolt profile: total_num_tuples=1017, num_tuples=8, avg_read_time=0.140769 (99.2%), avg_process_time=0.001110 (0.8%), avg_ack_time=0.000028 (0.0%)
[2016-05-06 16:55:40,856][storm][DEBUG]BasicBolt profile: total_num_tuples=1029, num_tuples=12, avg_read_time=0.101923 (99.2%), avg_process_time=0.000842 (0.8%), avg_ack_time=0.000025 (0.0%)
[2016-05-06 16:55:42,088][storm][DEBUG]BasicBolt profile: total_num_tuples=1037, num_tuples=8, avg_read_time=0.153254 (99.6%), avg_process_time=0.000637 (0.4%), avg_ack_time=0.000021 (0.0%)
[2016-05-06 16:55:43,167][storm][DEBUG]BasicBolt profile: total_num_tuples=1044, num_tuples=7, avg_read_time=0.152759 (99.1%), avg_process_time=0.001251 (0.8%), avg_ack_time=0.000117 (0.1%)
[2016-05-06 16:55:44,307][storm][DEBUG]BasicBolt profile: total_num_tuples=1055, num_tuples=11, avg_read_time=0.102332 (98.8%), avg_process_time=0.001209 (1.2%), avg_ack_time=0.000033 (0.0%)
[2016-05-06 16:55:45,747][storm][DEBUG]BasicBolt profile: total_num_tuples=1065, num_tuples=10, avg_read_time=0.143187 (99.5%), avg_process_time=0.000724 (0.5%), avg_ack_time=0.000020 (0.0%)
[2016-05-06 16:55:46,823][storm][DEBUG]BasicBolt profile: total_num_tuples=1073, num_tuples=8, avg_read_time=0.133688 (99.4%), avg_process_time=0.000844 (0.6%), avg_ack_time=0.000020 (0.0%)
[2016-05-06 16:55:48,172][storm][DEBUG]BasicBolt profile: total_num_tuples=1082, num_tuples=9, avg_read_time=0.147609 (98.5%), avg_process_time=0.002152 (1.4%), avg_ack_time=0.000028 (0.0%)
[2016-05-06 16:55:49,263][storm][DEBUG]BasicBolt profile: total_num_tuples=1094, num_tuples=12, avg_read_time=0.089969 (99.0%), avg_process_time=0.000928 (1.0%), avg_ack_time=0.000024 (0.0%)
[2016-05-06 16:55:50,465][storm][DEBUG]BasicBolt profile: total_num_tuples=1101, num_tuples=7, avg_read_time=0.170638 (99.4%), avg_process_time=0.000953 (0.6%), avg_ack_time=0.000023 (0.0%)
[2016-05-06 16:55:51,647][storm][DEBUG]BasicBolt profile: total_num_tuples=1108, num_tuples=7, avg_read_time=0.167781 (99.4%), avg_process_time=0.000969 (0.6%), avg_ack_time=0.000027 (0.0%)
[2016-05-06 16:55:53,494][storm][DEBUG]BasicBolt profile: total_num_tuples=1116, num_tuples=8, avg_read_time=0.104409 (98.6%), avg_process_time=0.001485 (1.4%), avg_ack_time=0.000030 (0.0%)
[2016-05-06 16:55:54,507][storm][DEBUG]BasicBolt profile: total_num_tuples=1126, num_tuples=10, avg_read_time=0.100071 (98.8%), avg_process_time=0.001141 (1.1%), avg_ack_time=0.000029 (0.0%)
[2016-05-06 16:55:55,586][storm][DEBUG]BasicBolt profile: total_num_tuples=1132, num_tuples=6, avg_read_time=0.177965 (98.9%), avg_process_time=0.001919 (1.1%), avg_ack_time=0.000030 (0.0%)
[2016-05-06 16:55:56,604][storm][DEBUG]BasicBolt profile: total_num_tuples=1141, num_tuples=9, avg_read_time=0.112008 (99.1%), avg_process_time=0.000968 (0.9%), avg_ack_time=0.000025 (0.0%)
[2016-05-06 16:55:57,710][storm][DEBUG]BasicBolt profile: total_num_tuples=1149, num_tuples=8, avg_read_time=0.137321 (99.4%), avg_process_time=0.000863 (0.6%), avg_ack_time=0.000026 (0.0%)
[2016-05-06 16:55:59,059][storm][DEBUG]BasicBolt profile: total_num_tuples=1156, num_tuples=7, avg_read_time=0.191795 (99.5%), avg_process_time=0.000876 (0.5%), avg_ack_time=0.000023 (0.0%)
[2016-05-06 16:56:00,250][storm][DEBUG]BasicBolt profile: total_num_tuples=1169, num_tuples=13, avg_read_time=0.090483 (98.8%), avg_process_time=0.001033 (1.1%), avg_ack_time=0.000023 (0.0%)
[2016-05-06 16:56:01,492][storm][DEBUG]BasicBolt profile: total_num_tuples=1172, num_tuples=3, avg_read_time=0.413321 (99.8%), avg_process_time=0.000650 (0.2%), avg_ack_time=0.000021 (0.0%)
[2016-05-06 16:56:02,510][storm][DEBUG]BasicBolt profile: total_num_tuples=1181, num_tuples=9, avg_read_time=0.112274 (99.3%), avg_process_time=0.000812 (0.7%), avg_ack_time=0.000023 (0.0%)
[2016-05-06 16:56:03,540][storm][DEBUG]BasicBolt profile: total_num_tuples=1195, num_tuples=14, avg_read_time=0.071583 (97.6%), avg_process_time=0.001750 (2.4%), avg_ack_time=0.000041 (0.1%)
[2016-05-06 16:56:04,628][storm][DEBUG]BasicBolt profile: total_num_tuples=1210, num_tuples=15, avg_read_time=0.071686 (98.8%), avg_process_time=0.000826 (1.1%), avg_ack_time=0.000022 (0.0%)
[2016-05-06 16:56:05,683][storm][DEBUG]BasicBolt profile: total_num_tuples=1214, num_tuples=4, avg_read_time=0.262373 (99.5%), avg_process_time=0.001251 (0.5%), avg_ack_time=0.000037 (0.0%)
[2016-05-06 16:56:06,827][storm][DEBUG]BasicBolt profile: total_num_tuples=1227, num_tuples=13, avg_read_time=0.087071 (99.0%), avg_process_time=0.000874 (1.0%), avg_ack_time=0.000024 (0.0%)
[2016-05-06 16:56:08,180][storm][DEBUG]BasicBolt profile: total_num_tuples=1238, num_tuples=11, avg_read_time=0.122087 (99.3%), avg_process_time=0.000854 (0.7%), avg_ack_time=0.000022 (0.0%)
[2016-05-06 16:56:09,208][storm][DEBUG]BasicBolt profile: total_num_tuples=1251, num_tuples=13, avg_read_time=0.078075 (98.7%), avg_process_time=0.000999 (1.3%), avg_ack_time=0.000022 (0.0%)
[2016-05-06 16:56:10,291][storm][DEBUG]BasicBolt profile: total_num_tuples=1262, num_tuples=11, avg_read_time=0.096997 (98.8%), avg_process_time=0.001114 (1.1%), avg_ack_time=0.000032 (0.0%)
[2016-05-06 16:56:11,700][storm][DEBUG]BasicBolt profile: total_num_tuples=1275, num_tuples=13, avg_read_time=0.106802 (99.1%), avg_process_time=0.000968 (0.9%), avg_ack_time=0.000026 (0.0%)
[2016-05-06 16:56:12,834][storm][DEBUG]BasicBolt profile: total_num_tuples=1284, num_tuples=9, avg_read_time=0.125084 (99.2%), avg_process_time=0.000936 (0.7%), avg_ack_time=0.000025 (0.0%)
[2016-05-06 16:56:13,917][storm][DEBUG]BasicBolt profile: total_num_tuples=1298, num_tuples=14, avg_read_time=0.076548 (99.1%), avg_process_time=0.000706 (0.9%), avg_ack_time=0.000021 (0.0%)
[2016-05-06 16:56:14,966][storm][DEBUG]BasicBolt profile: total_num_tuples=1311, num_tuples=13, avg_read_time=0.079671 (98.7%), avg_process_time=0.000763 (0.9%), avg_ack_time=0.000252 (0.3%)
[2016-05-06 16:56:15,979][storm][DEBUG]BasicBolt profile: total_num_tuples=1323, num_tuples=12, avg_read_time=0.083626 (99.1%), avg_process_time=0.000722 (0.9%), avg_ack_time=0.000022 (0.0%)
[2016-05-06 16:56:16,996][storm][DEBUG]BasicBolt profile: total_num_tuples=1333, num_tuples=10, avg_read_time=0.100346 (98.7%), avg_process_time=0.001296 (1.3%), avg_ack_time=0.000027 (0.0%)
[2016-05-06 16:56:18,058][storm][DEBUG]BasicBolt profile: total_num_tuples=1344, num_tuples=11, avg_read_time=0.095331 (99.1%), avg_process_time=0.000878 (0.9%), avg_ack_time=0.000023 (0.0%)
[2016-05-06 16:56:19,129][storm][DEBUG]BasicBolt profile: total_num_tuples=1352, num_tuples=8, avg_read_time=0.132710 (99.2%), avg_process_time=0.001072 (0.8%), avg_ack_time=0.000028 (0.0%)
[2016-05-06 16:56:20,162][storm][DEBUG]BasicBolt profile: total_num_tuples=1361, num_tuples=9, avg_read_time=0.111295 (97.0%), avg_process_time=0.003358 (2.9%), avg_ack_time=0.000027 (0.0%)
[2016-05-06 16:56:21,251][storm][DEBUG]BasicBolt profile: total_num_tuples=1371, num_tuples=10, avg_read_time=0.108178 (99.4%), avg_process_time=0.000681 (0.6%), avg_ack_time=0.000021 (0.0%)
[2016-05-06 16:59:42,276][storm][INFO]Caught exception
[2016-05-06 16:59:42,276][storm][ERROR]Sent failure message ("E_BOLTFAILED__threeworddivider__pipe-X550CC__pid__11167__port__-1__taskindex__-1__StormIPCException") to Storm
[2016-05-06 16:59:47,279][storm][ERROR]Caught exception in BasicBolt.run
Traceback (most recent call last):
  File "/usr/local/lib/python2.7/dist-packages/petrel-0.9.4.0.3-py2.7.egg/petrel/storm.py", line 377, in run
    tup = readTuple()
  File "/usr/local/lib/python2.7/dist-packages/petrel-0.9.4.0.3-py2.7.egg/petrel/storm.py", line 81, in readTuple
    cmd = readCommand()
  File "/usr/local/lib/python2.7/dist-packages/petrel-0.9.4.0.3-py2.7.egg/petrel/storm.py", line 74, in readCommand
    msg = readMsg()
  File "/usr/local/lib/python2.7/dist-packages/petrel-0.9.4.0.3-py2.7.egg/petrel/storm.py", line 45, in readMsg
    raise StormIPCException('Read EOF from stdin')
StormIPCException: Read EOF from stdin
[2016-05-06 16:59:47,280][storm][ERROR]The error occurred while processing this tuple: []
Worker threeworddivider exiting normally.
