Beginning task setup

/usr/bin/flock
Using existing venv: /tmp/petrel-good-2-1462530265/venv
Task setup took 0 seconds
Launching: python -m petrel.run kafkaconsumer /home/pipe/twitterintel/topology/TopologyTweetTransformationGOOD/petrel32004_kafkaconsumer.log
/usr/local/lib/python2.7/dist-packages/petrel-0.9.4.0.3-py2.7.egg/petrel/run.py invoked with the following arguments: ['kafkaconsumer', '/home/pipe/twitterintel/topology/TopologyTweetTransformationGOOD/petrel32004_kafkaconsumer.log']
python version: 2.7.11
user=root
PATH=/tmp/petrel-good-2-1462530265/venv/bin:/root/SimpleScalar/simplesim-3.0:/root/SimpleScalar/bin:/root/SimpleScalar/gcc-2.6.3:/root/SimpleScalar/bin:/usr/local/sbin:/usr/local/bin:/usr/sbin:/usr/bin:/sbin:/bin:/usr/games:/usr/local/games:/home/pipe/Downloads/zookeeper-3.4.8/bin:/home/pipe/Downloads/apache-storm-0.9.4/bin
LD_LIBRARY_PATH=storm-local/supervisor/stormdist/good-2-1462530265/resources/Linux-amd64:storm-local/supervisor/stormdist/good-2-1462530265/resources:/usr/local/lib:/opt/local/lib:/usr/lib
PYTHON_EGG_CACHE=/tmp/petrel-good-2-1462530265/egg_cache
[2016-05-06 17:30:08,790][storm][INFO]Tuple profiling enabled. Will log tuple processing times.
[2016-05-06 17:30:09,145][storm][INFO]Task received setupInfo from Storm: {u'pidDir': u'/home/pipe/storm-local/workers/375d5d44-1cf5-4e65-a598-fe2093d4e4cb/pids', u'conf': {u'oauth.acess_token': u' 702208758362087425-HZiyl1x7Bh98cQa1WLBDYylyu10Bpl7', u'topology.tuple.serializer': u'backtype.storm.serialization.types.ListDelegateSerializer', u'topology.workers': 1, u'drpc.worker.threads': 64, u'storm.messaging.netty.client_worker_threads': 1, u'supervisor.heartbeat.frequency.secs': 5, u'topology.executor.send.buffer.size': 1024, u'drpc.childopts': u'-Xmx768m', u'nimbus.thrift.port': 6627, u'storm.zookeeper.retry.intervalceiling.millis': 30000, u'storm.local.dir': u'storm-local', u'topology.receiver.buffer.size': 8, u'storm.zookeeper.servers': [u'localhost'], u'oauth.consumer_secret': u'ADf76fi3O1lKMzBxWnjqf93l3GHv28uar3bkblkvyBrAyoA23i', u'transactional.zookeeper.root': u'/transactional', u'drpc.request.timeout.secs': 600, u'topology.skip.missing.kryo.registrations': False, u'worker.heartbeat.frequency.secs': 1, u'zmq.hwm': 0, u'storm.zookeeper.connection.timeout': 15000, u'java.library.path': u'/usr/local/lib:/opt/local/lib:/usr/lib', u'topology.max.error.report.per.interval': 5, u'storm.messaging.netty.server_worker_threads': 1, u'storm.id': u'good-2-1462530265', u'supervisor.worker.start.timeout.secs': 120, u'zmq.threads': 1, u'topology.acker.executors': None, u'storm.messaging.netty.flush.check.interval.ms': 10, u'storm.messaging.netty.transfer.batch.size': 262144, u'topology.max.task.parallelism': None, u'topology.environment': None, u'storm.zookeeper.port': 2181, u'nimbus.childopts': u'-Xmx1024m', u'topology.classpath': None, u'worker.childopts': u'-Xmx768m', u'drpc.queue.size': 128, u'topology.multilang.serializer': u'backtype.storm.multilang.JsonSerializer', u'storm.zookeeper.retry.times': 5, u'nimbus.monitor.freq.secs': 10, u'storm.cluster.mode': u'distributed', u'dev.zookeeper.path': u'/tmp/dev-storm-zookeeper', u'drpc.invocations.port': 3773, u'topology.tasks': None, u'storm.zookeeper.root': u'/storm', u'logviewer.childopts': u'-Xmx128m', u'storm.meta.serialization.delegate': u'backtype.storm.serialization.DefaultSerializationDelegate', u'transactional.zookeeper.port': None, u'topology.worker.receiver.thread.count': 1, u'topology.worker.childopts': None, u'topology.max.spout.pending': None, u'topology.kryo.register': None, u'petrel.host': u'pipe-X550CC', u'nimbus.cleanup.inbox.freq.secs': 600, u'storm.messaging.netty.min_wait_ms': 100, u'nimbus.task.timeout.secs': 30, u'nimbus.thrift.max_buffer_size': 1048576, u'topology.sleep.spout.wait.strategy.time.ms': 1, u'nimbus.reassign': True, u'storm.messaging.transport': u'backtype.storm.messaging.netty.Context', u'logviewer.appender.name': u'A1', u'nimbus.host': u'localhost', u'ui.port': 8080, u'supervisor.slots.ports': [6700, 6701, 6702, 6703], u'nimbus.file.copy.expiration.secs': 600, u'supervisor.monitor.frequency.secs': 3, u'ui.childopts': u'-Xmx768m', u'transactional.zookeeper.servers': None, u'zmq.linger.millis': 5000, u'topology.error.throttle.interval.secs': 10, u'topology.worker.shared.thread.pool.size': 4, u'topology.executor.receive.buffer.size': 1024, u'topology.spout.wait.strategy': u'backtype.storm.spout.SleepSpoutWaitStrategy', u'task.heartbeat.frequency.secs': 3, u'topology.transfer.buffer.size': 1024, u'storm.zookeeper.session.timeout': 20000, u'storm.local.mode.zmq': False, u'topology.stats.sample.rate': 0.05, u'topology.fall.back.on.java.serialization': True, u'supervisor.childopts': u'-Xmx256m', u'topology.enable.message.timeouts': True, u'storm.messaging.netty.max_wait_ms': 1000, u'nimbus.topology.validator': u'backtype.storm.nimbus.DefaultTopologyValidator', u'nimbus.supervisor.timeout.secs': 60, u'topology.disruptor.wait.strategy': u'com.lmax.disruptor.BlockingWaitStrategy', u'storm.messaging.netty.buffer_size': 5242880, u'drpc.port': 3772, u'topology.kryo.factory': u'backtype.storm.serialization.DefaultKryoFactory', u'storm.zookeeper.retry.interval': 1000, u'storm.messaging.netty.max_retries': 300, u'topology.tick.tuple.freq.secs': 30, u'supervisor.enable': True, u'nimbus.task.launch.secs': 120, u'task.refresh.poll.secs': 10, u'topology.message.timeout.secs': 30, u'oauth.acess_token_secret': u'IiNOTfgE3tEZvW2HDQhRKPMoOLU43NXJCXk8maj51SdAT', u'petrel.user': u'root', u'nimbus.inbox.jar.expiration.secs': 3600, u'topology.state.synchronization.timeout.secs': 60, u'topology.name': u'good', u'supervisor.worker.timeout.secs': 30, u'topology.trident.batch.emit.interval.millis': 500, u'topology.builtin.metrics.bucket.size.secs': 60, u'storm.thrift.transport': u'backtype.storm.security.auth.SimpleTransportPlugin', u'logviewer.port': 8000, u'oauth.consumer_key': u'eaFmBSxUveRJfmyZYeabti9Q9', u'topology.kryo.decorators': [], u'topology.debug': False}, u'context': {u'task->component': {u'1': u'CountThreeWords', u'3': u'CountWord', u'2': u'CountTwoWords', u'5': u'ThreeWordDivider', u'4': u'KafkaConsumer', u'7': u'WordDivider', u'6': u'TwoWordDivider', u'8': u'__acker'}, u'taskid': 4}}
[2016-05-06 17:30:09,157][storm][INFO]Task sent pid to Storm
[2016-05-06 17:30:09,327][kafka.client][INFO]Broker version identifed as 0.9
[2016-05-06 17:30:09,375][kafka.consumer.subscription_state][INFO]Updating subscribed topics to: ['goodtopic']
[2016-05-06 17:30:09,470][kafka.cluster][INFO]Group coordinator for kafka-python-default-group is BrokerMetadata(nodeId=0, host=u'pipe-X550CC', port=9092)
[2016-05-06 17:30:17,565][kafka.coordinator][INFO]Joined group 'kafka-python-default-group' (generation 94) with member_id kafka-python-1.0.2-e83aeb65-17a1-4601-920c-a708da883356
[2016-05-06 17:30:17,566][kafka.consumer.subscription_state][INFO]Updated partition assignment: [TopicPartition(topic=u'goodtopic', partition=0)]
[2016-05-06 17:30:20,653][kafka.coordinator][INFO]Heartbeat successful
[2016-05-06 17:30:23,671][kafka.coordinator][INFO]Heartbeat successful
[2016-05-06 17:30:26,683][kafka.coordinator][INFO]Heartbeat successful
[2016-05-06 17:30:29,738][kafka.coordinator][INFO]Heartbeat successful
[2016-05-06 17:30:32,752][kafka.coordinator][INFO]Heartbeat successful
[2016-05-06 17:30:35,762][kafka.coordinator][INFO]Heartbeat successful
[2016-05-06 17:30:38,812][kafka.coordinator][INFO]Heartbeat successful
[2016-05-06 17:30:41,830][kafka.coordinator][INFO]Heartbeat successful
[2016-05-06 17:30:44,852][kafka.coordinator][INFO]Heartbeat successful
[2016-05-06 17:30:47,872][kafka.coordinator][INFO]Heartbeat successful
[2016-05-06 17:30:50,924][kafka.coordinator][INFO]Heartbeat successful
[2016-05-06 17:30:53,947][kafka.coordinator][INFO]Heartbeat successful
[2016-05-06 17:30:56,963][kafka.coordinator][INFO]Heartbeat successful
[2016-05-06 17:31:00,014][kafka.coordinator][INFO]Heartbeat successful
[2016-05-06 17:31:03,025][kafka.coordinator][INFO]Heartbeat successful
[2016-05-06 17:31:06,034][kafka.coordinator][INFO]Heartbeat successful
[2016-05-06 17:31:08,582][kafka.coordinator][INFO]Heartbeat successful
[2016-05-06 17:31:11,632][kafka.coordinator][INFO]Heartbeat successful
[2016-05-06 17:31:14,646][kafka.coordinator][INFO]Heartbeat successful
[2016-05-06 17:31:17,665][kafka.coordinator][INFO]Heartbeat successful
[2016-05-06 17:31:20,722][kafka.coordinator][INFO]Heartbeat successful
[2016-05-06 17:31:23,736][kafka.coordinator][INFO]Heartbeat successful
[2016-05-06 17:31:26,752][kafka.coordinator][INFO]Heartbeat successful
[2016-05-06 17:31:29,806][kafka.coordinator][INFO]Heartbeat successful
[2016-05-06 17:31:32,818][kafka.coordinator][INFO]Heartbeat successful
[2016-05-06 17:31:35,842][kafka.coordinator][INFO]Heartbeat successful
[2016-05-06 17:31:38,915][kafka.coordinator][INFO]Heartbeat successful
[2016-05-06 17:31:41,926][kafka.coordinator][INFO]Heartbeat successful
[2016-05-06 17:31:44,941][kafka.coordinator][INFO]Heartbeat successful
[2016-05-06 17:31:47,953][kafka.coordinator][INFO]Heartbeat successful
[2016-05-06 17:31:51,009][kafka.coordinator][INFO]Heartbeat successful
[2016-05-06 17:31:54,032][kafka.coordinator][INFO]Heartbeat successful
[2016-05-06 17:31:57,043][kafka.coordinator][INFO]Heartbeat successful
[2016-05-06 17:31:59,596][kafka.coordinator][INFO]Heartbeat successful
[2016-05-06 17:32:02,657][kafka.coordinator][INFO]Heartbeat successful
[2016-05-06 17:32:05,682][kafka.coordinator][INFO]Heartbeat successful
[2016-05-06 17:32:08,700][kafka.coordinator][INFO]Heartbeat successful
[2016-05-06 17:32:11,761][kafka.coordinator][INFO]Heartbeat successful
[2016-05-06 17:32:14,781][kafka.coordinator][INFO]Heartbeat successful
[2016-05-06 17:32:17,793][kafka.coordinator][INFO]Heartbeat successful
[2016-05-06 17:32:20,854][kafka.coordinator][INFO]Heartbeat successful
[2016-05-06 17:32:23,872][kafka.coordinator][INFO]Heartbeat successful
[2016-05-06 17:32:26,885][kafka.coordinator][INFO]Heartbeat successful
[2016-05-06 17:32:29,940][kafka.coordinator][INFO]Heartbeat successful
[2016-05-06 17:32:32,954][kafka.coordinator][INFO]Heartbeat successful
[2016-05-06 17:32:35,966][kafka.coordinator][INFO]Heartbeat successful
[2016-05-06 17:32:38,975][kafka.coordinator][INFO]Heartbeat successful
[2016-05-06 17:32:42,030][kafka.coordinator][INFO]Heartbeat successful
[2016-05-06 17:32:45,042][kafka.coordinator][INFO]Heartbeat successful
[2016-05-06 17:32:48,056][kafka.coordinator][INFO]Heartbeat successful
[2016-05-06 17:32:50,607][kafka.coordinator][INFO]Heartbeat successful
[2016-05-06 17:32:53,663][kafka.coordinator][INFO]Heartbeat successful
[2016-05-06 17:32:56,681][kafka.coordinator][INFO]Heartbeat successful
[2016-05-06 17:32:59,740][kafka.coordinator][INFO]Heartbeat successful
[2016-05-06 17:33:02,758][kafka.coordinator][INFO]Heartbeat successful
[2016-05-06 17:33:05,771][kafka.coordinator][INFO]Heartbeat successful
[2016-05-06 17:33:08,790][kafka.coordinator][INFO]Heartbeat successful
[2016-05-06 17:33:11,848][kafka.coordinator][INFO]Heartbeat successful
[2016-05-06 17:33:14,864][kafka.coordinator][INFO]Heartbeat successful
[2016-05-06 17:33:17,883][kafka.coordinator][INFO]Heartbeat successful
[2016-05-06 17:33:20,944][kafka.coordinator][INFO]Heartbeat successful
[2016-05-06 17:33:23,958][kafka.coordinator][INFO]Heartbeat successful
[2016-05-06 17:33:26,980][kafka.coordinator][INFO]Heartbeat successful
[2016-05-06 17:33:30,035][kafka.coordinator][INFO]Heartbeat successful
[2016-05-06 17:33:33,053][kafka.coordinator][INFO]Heartbeat successful
[2016-05-06 17:33:36,070][kafka.coordinator][INFO]Heartbeat successful
[2016-05-06 17:33:39,085][kafka.coordinator][INFO]Heartbeat successful
[2016-05-06 17:33:41,638][kafka.coordinator][INFO]Heartbeat successful
[2016-05-06 17:33:44,693][kafka.coordinator][INFO]Heartbeat successful
[2016-05-06 17:33:47,710][kafka.coordinator][INFO]Heartbeat successful
[2016-05-06 17:33:50,765][kafka.coordinator][INFO]Heartbeat successful
[2016-05-06 17:33:53,785][kafka.coordinator][INFO]Heartbeat successful
[2016-05-06 17:33:56,807][kafka.coordinator][INFO]Heartbeat successful
[2016-05-06 17:33:59,824][kafka.coordinator][INFO]Heartbeat successful
[2016-05-06 17:34:02,890][kafka.coordinator][INFO]Heartbeat successful
[2016-05-06 17:34:05,911][kafka.coordinator][INFO]Heartbeat successful
[2016-05-06 17:34:08,927][kafka.coordinator][INFO]Heartbeat successful
[2016-05-06 17:34:11,991][kafka.coordinator][INFO]Heartbeat successful
[2016-05-06 17:34:15,010][kafka.coordinator][INFO]Heartbeat successful
[2016-05-06 17:34:18,024][kafka.coordinator][INFO]Heartbeat successful
[2016-05-06 17:34:21,078][kafka.coordinator][INFO]Heartbeat successful
[2016-05-06 17:34:24,096][kafka.coordinator][INFO]Heartbeat successful
[2016-05-06 17:34:26,616][kafka.coordinator][INFO]Heartbeat successful
[2016-05-06 17:34:29,671][kafka.coordinator][INFO]Heartbeat successful
[2016-05-06 17:34:32,689][kafka.coordinator][INFO]Heartbeat successful
[2016-05-06 17:34:35,748][kafka.coordinator][INFO]Heartbeat successful
[2016-05-06 17:34:38,767][kafka.coordinator][INFO]Heartbeat successful
[2016-05-06 17:34:41,785][kafka.coordinator][INFO]Heartbeat successful
[2016-05-06 17:34:44,801][kafka.coordinator][INFO]Heartbeat successful
[2016-05-06 17:34:47,859][kafka.coordinator][INFO]Heartbeat successful
[2016-05-06 17:34:50,881][kafka.coordinator][INFO]Heartbeat successful
[2016-05-06 17:34:53,910][kafka.coordinator][INFO]Heartbeat successful
[2016-05-06 17:34:56,931][kafka.coordinator][INFO]Heartbeat successful
[2016-05-06 17:34:59,949][kafka.coordinator][INFO]Heartbeat successful
[2016-05-06 17:35:03,004][kafka.coordinator][INFO]Heartbeat successful
[2016-05-06 17:35:06,017][kafka.coordinator][INFO]Heartbeat successful
[2016-05-06 17:35:09,034][kafka.coordinator][INFO]Heartbeat successful
[2016-05-06 17:35:12,093][kafka.coordinator][INFO]Heartbeat successful
[2016-05-06 17:35:15,110][kafka.coordinator][INFO]Heartbeat successful
[2016-05-06 17:35:17,625][kafka.coordinator][INFO]Heartbeat successful
[2016-05-06 17:35:20,677][kafka.coordinator][INFO]Heartbeat successful
[2016-05-06 17:35:23,692][kafka.coordinator][INFO]Heartbeat successful
[2016-05-06 17:35:26,749][kafka.coordinator][INFO]Heartbeat successful
[2016-05-06 17:35:29,762][kafka.coordinator][INFO]Heartbeat successful
[2016-05-06 17:35:32,781][kafka.coordinator][INFO]Heartbeat successful
[2016-05-06 17:35:35,795][kafka.coordinator][INFO]Heartbeat successful
