Beginning task setup

/usr/bin/flock
Using existing venv: /tmp/petrel-good-5-1462980106/venv
Task setup took 0 seconds
Launching: python -m petrel.run kafkaconsumer /home/pipe/twitterintel/twitterintel/topology/TopologyTweetTransformationGOOD/petrel3382_kafkaconsumer.log
/usr/local/lib/python2.7/dist-packages/petrel-0.9.4.0.3-py2.7.egg/petrel/run.py invoked with the following arguments: ['kafkaconsumer', '/home/pipe/twitterintel/twitterintel/topology/TopologyTweetTransformationGOOD/petrel3382_kafkaconsumer.log']
python version: 2.7.11
user=root
PATH=/tmp/petrel-good-5-1462980106/venv/bin:/root/SimpleScalar/simplesim-3.0:/root/SimpleScalar/bin:/root/SimpleScalar/gcc-2.6.3:/root/SimpleScalar/bin:/usr/local/sbin:/usr/local/bin:/usr/sbin:/usr/bin:/sbin:/bin:/usr/games:/usr/local/games:/home/pipe/Downloads/zookeeper-3.4.8/bin:/home/pipe/Downloads/apache-storm-0.9.4/bin
LD_LIBRARY_PATH=storm-local/supervisor/stormdist/good-5-1462980106/resources/Linux-amd64:storm-local/supervisor/stormdist/good-5-1462980106/resources:/usr/local/lib:/opt/local/lib:/usr/lib
PYTHON_EGG_CACHE=/tmp/petrel-good-5-1462980106/egg_cache
[2016-05-11 18:49:19,018][storm][INFO]Tuple profiling enabled. Will log tuple processing times.
[2016-05-11 18:49:19,842][storm][INFO]Task received setupInfo from Storm: {u'pidDir': u'/home/pipe/storm-local/workers/2f73417d-e80a-4f26-b68e-f693f0f5b7d5/pids', u'conf': {u'oauth.acess_token': u' 702208758362087425-HZiyl1x7Bh98cQa1WLBDYylyu10Bpl7', u'topology.tuple.serializer': u'backtype.storm.serialization.types.ListDelegateSerializer', u'topology.workers': 1, u'drpc.worker.threads': 64, u'storm.messaging.netty.client_worker_threads': 1, u'supervisor.heartbeat.frequency.secs': 5, u'topology.executor.send.buffer.size': 1024, u'drpc.childopts': u'-Xmx768m', u'nimbus.thrift.port': 6627, u'storm.zookeeper.retry.intervalceiling.millis': 30000, u'storm.local.dir': u'storm-local', u'topology.receiver.buffer.size': 8, u'storm.zookeeper.servers': [u'localhost'], u'oauth.consumer_secret': u'ADf76fi3O1lKMzBxWnjqf93l3GHv28uar3bkblkvyBrAyoA23i', u'transactional.zookeeper.root': u'/transactional', u'drpc.request.timeout.secs': 600, u'topology.skip.missing.kryo.registrations': False, u'worker.heartbeat.frequency.secs': 1, u'zmq.hwm': 0, u'storm.zookeeper.connection.timeout': 15000, u'java.library.path': u'/usr/local/lib:/opt/local/lib:/usr/lib', u'topology.max.error.report.per.interval': 5, u'storm.messaging.netty.server_worker_threads': 1, u'storm.id': u'good-5-1462980106', u'supervisor.worker.start.timeout.secs': 120, u'zmq.threads': 1, u'topology.acker.executors': None, u'storm.messaging.netty.flush.check.interval.ms': 10, u'storm.messaging.netty.transfer.batch.size': 262144, u'topology.max.task.parallelism': None, u'topology.environment': None, u'storm.zookeeper.port': 2181, u'nimbus.childopts': u'-Xmx1024m', u'topology.classpath': None, u'worker.childopts': u'-Xmx768m', u'drpc.queue.size': 128, u'topology.multilang.serializer': u'backtype.storm.multilang.JsonSerializer', u'storm.zookeeper.retry.times': 5, u'nimbus.monitor.freq.secs': 10, u'storm.cluster.mode': u'distributed', u'dev.zookeeper.path': u'/tmp/dev-storm-zookeeper', u'drpc.invocations.port': 3773, u'topology.tasks': None, u'storm.zookeeper.root': u'/storm', u'logviewer.childopts': u'-Xmx128m', u'storm.meta.serialization.delegate': u'backtype.storm.serialization.DefaultSerializationDelegate', u'transactional.zookeeper.port': None, u'topology.worker.receiver.thread.count': 1, u'topology.worker.childopts': None, u'topology.max.spout.pending': None, u'topology.kryo.register': None, u'petrel.host': u'pipe-X550CC', u'nimbus.cleanup.inbox.freq.secs': 600, u'storm.messaging.netty.min_wait_ms': 100, u'nimbus.task.timeout.secs': 30, u'nimbus.thrift.max_buffer_size': 1048576, u'topology.sleep.spout.wait.strategy.time.ms': 1, u'nimbus.reassign': True, u'storm.messaging.transport': u'backtype.storm.messaging.netty.Context', u'logviewer.appender.name': u'A1', u'nimbus.host': u'localhost', u'ui.port': 8080, u'supervisor.slots.ports': [6700, 6701, 6702, 6703], u'nimbus.file.copy.expiration.secs': 600, u'supervisor.monitor.frequency.secs': 3, u'ui.childopts': u'-Xmx768m', u'transactional.zookeeper.servers': None, u'zmq.linger.millis': 5000, u'topology.error.throttle.interval.secs': 10, u'topology.worker.shared.thread.pool.size': 4, u'topology.executor.receive.buffer.size': 1024, u'topology.spout.wait.strategy': u'backtype.storm.spout.SleepSpoutWaitStrategy', u'task.heartbeat.frequency.secs': 3, u'topology.transfer.buffer.size': 1024, u'storm.zookeeper.session.timeout': 20000, u'storm.local.mode.zmq': False, u'topology.stats.sample.rate': 0.05, u'topology.fall.back.on.java.serialization': True, u'supervisor.childopts': u'-Xmx256m', u'topology.enable.message.timeouts': True, u'storm.messaging.netty.max_wait_ms': 1000, u'nimbus.topology.validator': u'backtype.storm.nimbus.DefaultTopologyValidator', u'nimbus.supervisor.timeout.secs': 60, u'topology.disruptor.wait.strategy': u'com.lmax.disruptor.BlockingWaitStrategy', u'storm.messaging.netty.buffer_size': 5242880, u'drpc.port': 3772, u'topology.kryo.factory': u'backtype.storm.serialization.DefaultKryoFactory', u'storm.zookeeper.retry.interval': 1000, u'storm.messaging.netty.max_retries': 300, u'topology.tick.tuple.freq.secs': 30, u'supervisor.enable': True, u'nimbus.task.launch.secs': 120, u'task.refresh.poll.secs': 10, u'topology.message.timeout.secs': 30, u'oauth.acess_token_secret': u'IiNOTfgE3tEZvW2HDQhRKPMoOLU43NXJCXk8maj51SdAT', u'petrel.user': u'root', u'nimbus.inbox.jar.expiration.secs': 3600, u'topology.state.synchronization.timeout.secs': 60, u'topology.name': u'good', u'supervisor.worker.timeout.secs': 30, u'topology.trident.batch.emit.interval.millis': 500, u'topology.builtin.metrics.bucket.size.secs': 60, u'storm.thrift.transport': u'backtype.storm.security.auth.SimpleTransportPlugin', u'logviewer.port': 8000, u'oauth.consumer_key': u'eaFmBSxUveRJfmyZYeabti9Q9', u'topology.kryo.decorators': [], u'topology.debug': False}, u'context': {u'task->component': {u'1': u'CountThreeWords', u'3': u'CountWord', u'2': u'CountTwoWords', u'5': u'ThreeWordDivider', u'4': u'KafkaConsumer', u'7': u'WordDivider', u'6': u'TwoWordDivider', u'8': u'__acker'}, u'taskid': 4}}
[2016-05-11 18:49:19,851][storm][INFO]Task sent pid to Storm
[2016-05-11 18:49:20,020][kafka.client][INFO]Broker version identifed as 0.9
[2016-05-11 18:49:20,051][kafka.consumer.subscription_state][INFO]Updating subscribed topics to: ['goodtopic']
[2016-05-11 18:49:20,131][kafka.cluster][INFO]Group coordinator for kafka-python-default-group is BrokerMetadata(nodeId=0, host=u'pipe-X550CC', port=9092)
[2016-05-11 18:49:21,396][kafka.coordinator][INFO]Joined group 'kafka-python-default-group' (generation 67) with member_id kafka-python-1.0.2-6c599107-f25e-4a1f-b388-968d5bbb7050
[2016-05-11 18:49:21,620][kafka.consumer.subscription_state][INFO]Updated partition assignment: [TopicPartition(topic=u'goodtopic', partition=0)]
[2016-05-11 18:49:24,676][kafka.coordinator][INFO]Heartbeat successful
[2016-05-11 18:49:27,691][kafka.coordinator][INFO]Heartbeat successful
[2016-05-11 18:49:30,703][kafka.coordinator][INFO]Heartbeat successful
[2016-05-11 18:49:33,758][kafka.coordinator][INFO]Heartbeat successful
[2016-05-11 18:49:36,773][kafka.coordinator][INFO]Heartbeat successful
[2016-05-11 18:49:39,787][kafka.coordinator][INFO]Heartbeat successful
[2016-05-11 18:49:42,838][kafka.coordinator][INFO]Heartbeat successful
[2016-05-11 18:49:45,851][kafka.coordinator][INFO]Heartbeat successful
[2016-05-11 18:49:48,865][kafka.coordinator][INFO]Heartbeat successful
[2016-05-11 18:49:51,882][kafka.coordinator][INFO]Heartbeat successful
[2016-05-11 18:49:54,941][kafka.coordinator][INFO]Heartbeat successful
[2016-05-11 18:49:57,955][kafka.coordinator][INFO]Heartbeat successful
[2016-05-11 18:50:00,974][kafka.coordinator][INFO]Heartbeat successful
[2016-05-11 18:50:04,025][kafka.coordinator][INFO]Heartbeat successful
[2016-05-11 18:50:07,042][kafka.coordinator][INFO]Heartbeat successful
[2016-05-11 18:50:10,052][kafka.coordinator][INFO]Heartbeat successful
[2016-05-11 18:50:13,103][kafka.coordinator][INFO]Heartbeat successful
[2016-05-11 18:50:16,116][kafka.coordinator][INFO]Heartbeat successful
[2016-05-11 18:50:18,632][kafka.coordinator][INFO]Heartbeat successful
[2016-05-11 18:50:21,689][kafka.coordinator][INFO]Heartbeat successful
[2016-05-11 18:50:24,702][kafka.coordinator][INFO]Heartbeat successful
[2016-05-11 18:50:27,758][kafka.coordinator][INFO]Heartbeat successful
[2016-05-11 18:50:30,777][kafka.coordinator][INFO]Heartbeat successful
[2016-05-11 18:50:33,792][kafka.coordinator][INFO]Heartbeat successful
[2016-05-11 18:50:36,806][kafka.coordinator][INFO]Heartbeat successful
[2016-05-11 18:50:39,859][kafka.coordinator][INFO]Heartbeat successful
[2016-05-11 18:50:42,879][kafka.coordinator][INFO]Heartbeat successful
[2016-05-11 18:50:45,898][kafka.coordinator][INFO]Heartbeat successful
[2016-05-11 18:50:48,958][kafka.coordinator][INFO]Heartbeat successful
[2016-05-11 18:50:51,975][kafka.coordinator][INFO]Heartbeat successful
[2016-05-11 18:50:54,992][kafka.coordinator][INFO]Heartbeat successful
[2016-05-11 18:50:58,052][kafka.coordinator][INFO]Heartbeat successful
[2016-05-11 18:51:01,068][kafka.coordinator][INFO]Heartbeat successful
[2016-05-11 18:51:04,086][kafka.coordinator][INFO]Heartbeat successful
[2016-05-11 18:51:07,101][kafka.coordinator][INFO]Heartbeat successful
[2016-05-11 18:51:09,655][kafka.coordinator][INFO]Heartbeat successful
[2016-05-11 18:51:12,709][kafka.coordinator][INFO]Heartbeat successful
[2016-05-11 18:51:15,720][kafka.coordinator][INFO]Heartbeat successful
[2016-05-11 18:51:18,770][kafka.coordinator][INFO]Heartbeat successful
[2016-05-11 18:51:21,785][kafka.coordinator][INFO]Heartbeat successful
[2016-05-11 18:51:24,803][kafka.coordinator][INFO]Heartbeat successful
[2016-05-11 18:51:27,822][kafka.coordinator][INFO]Heartbeat successful
[2016-05-11 18:51:30,882][kafka.coordinator][INFO]Heartbeat successful
[2016-05-11 18:51:33,903][kafka.coordinator][INFO]Heartbeat successful
[2016-05-11 18:51:36,921][kafka.coordinator][INFO]Heartbeat successful
[2016-05-11 18:51:39,977][kafka.coordinator][INFO]Heartbeat successful
[2016-05-11 18:51:42,994][kafka.coordinator][INFO]Heartbeat successful
[2016-05-11 18:51:46,009][kafka.coordinator][INFO]Heartbeat successful
[2016-05-11 18:51:49,064][kafka.coordinator][INFO]Heartbeat successful
[2016-05-11 18:51:52,079][kafka.coordinator][INFO]Heartbeat successful
[2016-05-11 18:51:55,095][kafka.coordinator][INFO]Heartbeat successful
[2016-05-11 18:51:58,107][kafka.coordinator][INFO]Heartbeat successful
[2016-05-11 18:52:00,659][kafka.coordinator][INFO]Heartbeat successful
[2016-05-11 18:52:03,715][kafka.coordinator][INFO]Heartbeat successful
[2016-05-11 18:52:06,729][kafka.coordinator][INFO]Heartbeat successful
[2016-05-11 18:52:09,781][kafka.coordinator][INFO]Heartbeat successful
[2016-05-11 18:52:12,794][kafka.coordinator][INFO]Heartbeat successful
[2016-05-11 18:52:15,811][kafka.coordinator][INFO]Heartbeat successful
[2016-05-11 18:52:18,895][kafka.coordinator][INFO]Heartbeat successful
[2016-05-11 18:52:21,959][kafka.coordinator][INFO]Heartbeat successful
[2016-05-11 18:52:24,973][kafka.coordinator][WARNING]Heartbeat: group is rebalancing; this consumer needs to re-join
[2016-05-11 18:52:24,973][kafka.coordinator][WARNING]Heartbeat failed; retrying
[2016-05-11 18:52:25,073][kafka.coordinator][INFO]Skipping heartbeat: no auto-assignment or waiting on rebalance
[2016-05-11 18:52:25,496][kafka.coordinator][INFO]Joined group 'kafka-python-default-group' (generation 68) with member_id kafka-python-1.0.2-6c599107-f25e-4a1f-b388-968d5bbb7050
[2016-05-11 18:52:25,497][kafka.coordinator][INFO]Elected group leader -- performing partition assignments using range
[2016-05-11 18:52:25,536][kafka.consumer.subscription_state][INFO]Updated partition assignment: [TopicPartition(topic=u'goodtopic', partition=0)]
[2016-05-11 18:52:28,811][kafka.coordinator][WARNING]Heartbeat: group is rebalancing; this consumer needs to re-join
[2016-05-11 18:52:28,811][kafka.coordinator][WARNING]Heartbeat failed; retrying
[2016-05-11 18:52:28,912][kafka.coordinator][INFO]Skipping heartbeat: no auto-assignment or waiting on rebalance
[2016-05-11 18:52:29,319][kafka.coordinator][INFO]Joined group 'kafka-python-default-group' (generation 69) with member_id kafka-python-1.0.2-6c599107-f25e-4a1f-b388-968d5bbb7050
[2016-05-11 18:52:29,319][kafka.coordinator][INFO]Elected group leader -- performing partition assignments using range
[2016-05-11 18:52:29,319][kafka.coordinator.assignors.range][WARNING]No partition metadata for topic instanttopic
[2016-05-11 18:52:29,506][kafka.coordinator][INFO]Joined group 'kafka-python-default-group' (generation 69) with member_id kafka-python-1.0.2-6c599107-f25e-4a1f-b388-968d5bbb7050
[2016-05-11 18:52:29,507][kafka.coordinator][INFO]Elected group leader -- performing partition assignments using range
[2016-05-11 18:52:29,549][kafka.consumer.subscription_state][INFO]Updated partition assignment: [TopicPartition(topic=u'goodtopic', partition=0)]
[2016-05-11 18:52:32,695][kafka.coordinator][INFO]Heartbeat successful
[2016-05-11 18:52:35,711][kafka.coordinator][INFO]Heartbeat successful
[2016-05-11 18:52:38,846][kafka.coordinator][INFO]Heartbeat successful
[2016-05-11 18:52:41,901][kafka.coordinator][INFO]Heartbeat successful
[2016-05-11 18:52:44,921][kafka.coordinator][INFO]Heartbeat successful
[2016-05-11 18:52:47,983][kafka.coordinator][INFO]Heartbeat successful
[2016-05-11 18:52:51,002][kafka.coordinator][INFO]Heartbeat successful
[2016-05-11 18:52:54,015][kafka.coordinator][INFO]Heartbeat successful
[2016-05-11 18:52:56,565][kafka.coordinator][INFO]Heartbeat successful
[2016-05-11 18:52:59,619][kafka.coordinator][INFO]Heartbeat successful
[2016-05-11 18:53:02,636][kafka.coordinator][INFO]Heartbeat successful
[2016-05-11 18:53:05,693][kafka.coordinator][INFO]Heartbeat successful
[2016-05-11 18:53:08,706][kafka.coordinator][INFO]Heartbeat successful
[2016-05-11 18:53:11,722][kafka.coordinator][INFO]Heartbeat successful
[2016-05-11 18:53:14,743][kafka.coordinator][INFO]Heartbeat successful
[2016-05-11 18:53:17,799][kafka.coordinator][INFO]Heartbeat successful
[2016-05-11 18:53:20,816][kafka.coordinator][INFO]Heartbeat successful
[2016-05-11 18:53:23,833][kafka.coordinator][INFO]Heartbeat successful
[2016-05-11 18:53:26,892][kafka.coordinator][INFO]Heartbeat successful
[2016-05-11 18:53:29,907][kafka.coordinator][INFO]Heartbeat successful
[2016-05-11 18:53:32,924][kafka.coordinator][INFO]Heartbeat successful
[2016-05-11 18:53:35,971][kafka.coordinator][INFO]Heartbeat successful
[2016-05-11 18:53:38,992][kafka.coordinator][INFO]Heartbeat successful
[2016-05-11 18:53:42,016][kafka.coordinator][INFO]Heartbeat successful
[2016-05-11 18:53:45,033][kafka.coordinator][INFO]Heartbeat successful
[2016-05-11 18:53:47,590][kafka.coordinator][INFO]Heartbeat successful
[2016-05-11 18:53:50,653][kafka.coordinator][INFO]Heartbeat successful
[2016-05-11 18:53:53,670][kafka.coordinator][INFO]Heartbeat successful
[2016-05-11 18:53:56,721][kafka.coordinator][INFO]Heartbeat successful
[2016-05-11 18:53:59,730][kafka.coordinator][INFO]Heartbeat successful
[2016-05-11 18:54:02,753][kafka.coordinator][INFO]Heartbeat successful
[2016-05-11 18:54:05,772][kafka.coordinator][INFO]Heartbeat successful
[2016-05-11 18:54:08,830][kafka.coordinator][INFO]Heartbeat successful
[2016-05-11 18:54:11,846][kafka.coordinator][INFO]Heartbeat successful
[2016-05-11 18:54:14,857][kafka.coordinator][INFO]Heartbeat successful
[2016-05-11 18:54:17,916][kafka.coordinator][INFO]Heartbeat successful
[2016-05-11 18:54:20,934][kafka.coordinator][INFO]Heartbeat successful
[2016-05-11 18:54:23,955][kafka.coordinator][INFO]Heartbeat successful
[2016-05-11 18:54:27,009][kafka.coordinator][INFO]Heartbeat successful
[2016-05-11 18:54:30,022][kafka.coordinator][INFO]Heartbeat successful
[2016-05-11 18:54:33,038][kafka.coordinator][INFO]Heartbeat successful
[2016-05-11 18:54:36,056][kafka.coordinator][INFO]Heartbeat successful
[2016-05-11 18:54:38,608][kafka.coordinator][INFO]Heartbeat successful
[2016-05-11 18:54:41,659][kafka.coordinator][INFO]Heartbeat successful
