Beginning task setup

/usr/bin/flock
Using existing venv: /tmp/petrel-good-2-1462530265/venv
Task setup took 0 seconds
Launching: python -m petrel.run threewordcount /home/pipe/twitterintel/topology/TopologyTweetTransformationGOOD/petrel27306_threewordcount.log
/usr/local/lib/python2.7/dist-packages/petrel-0.9.4.0.3-py2.7.egg/petrel/run.py invoked with the following arguments: ['threewordcount', '/home/pipe/twitterintel/topology/TopologyTweetTransformationGOOD/petrel27306_threewordcount.log']
python version: 2.7.11
user=root
PATH=/tmp/petrel-good-2-1462530265/venv/bin:/root/SimpleScalar/simplesim-3.0:/root/SimpleScalar/bin:/root/SimpleScalar/gcc-2.6.3:/root/SimpleScalar/bin:/usr/local/sbin:/usr/local/bin:/usr/sbin:/usr/bin:/sbin:/bin:/usr/games:/usr/local/games:/home/pipe/Downloads/zookeeper-3.4.8/bin:/home/pipe/Downloads/apache-storm-0.9.4/bin
LD_LIBRARY_PATH=storm-local/supervisor/stormdist/good-2-1462530265/resources/Linux-amd64:storm-local/supervisor/stormdist/good-2-1462530265/resources:/usr/local/lib:/opt/local/lib:/usr/lib
PYTHON_EGG_CACHE=/tmp/petrel-good-2-1462530265/egg_cache
[2016-05-06 16:48:52,142][storm][INFO]Tuple profiling enabled. Will log tuple processing times.
[2016-05-06 16:49:02,147][storm][INFO]Task received setupInfo from Storm: {u'pidDir': u'/home/pipe/storm-local/workers/4c90ac55-07ce-47ff-874e-f001f1159750/pids', u'conf': {u'oauth.acess_token': u' 702208758362087425-HZiyl1x7Bh98cQa1WLBDYylyu10Bpl7', u'topology.tuple.serializer': u'backtype.storm.serialization.types.ListDelegateSerializer', u'topology.workers': 1, u'drpc.worker.threads': 64, u'storm.messaging.netty.client_worker_threads': 1, u'supervisor.heartbeat.frequency.secs': 5, u'topology.executor.send.buffer.size': 1024, u'drpc.childopts': u'-Xmx768m', u'nimbus.thrift.port': 6627, u'storm.zookeeper.retry.intervalceiling.millis': 30000, u'storm.local.dir': u'storm-local', u'topology.receiver.buffer.size': 8, u'storm.zookeeper.servers': [u'localhost'], u'oauth.consumer_secret': u'ADf76fi3O1lKMzBxWnjqf93l3GHv28uar3bkblkvyBrAyoA23i', u'transactional.zookeeper.root': u'/transactional', u'drpc.request.timeout.secs': 600, u'topology.skip.missing.kryo.registrations': False, u'worker.heartbeat.frequency.secs': 1, u'zmq.hwm': 0, u'storm.zookeeper.connection.timeout': 15000, u'java.library.path': u'/usr/local/lib:/opt/local/lib:/usr/lib', u'topology.max.error.report.per.interval': 5, u'storm.messaging.netty.server_worker_threads': 1, u'storm.id': u'good-2-1462530265', u'supervisor.worker.start.timeout.secs': 120, u'zmq.threads': 1, u'topology.acker.executors': None, u'storm.messaging.netty.flush.check.interval.ms': 10, u'storm.messaging.netty.transfer.batch.size': 262144, u'topology.max.task.parallelism': None, u'topology.environment': None, u'storm.zookeeper.port': 2181, u'nimbus.childopts': u'-Xmx1024m', u'topology.classpath': None, u'worker.childopts': u'-Xmx768m', u'drpc.queue.size': 128, u'topology.multilang.serializer': u'backtype.storm.multilang.JsonSerializer', u'storm.zookeeper.retry.times': 5, u'nimbus.monitor.freq.secs': 10, u'storm.cluster.mode': u'distributed', u'dev.zookeeper.path': u'/tmp/dev-storm-zookeeper', u'drpc.invocations.port': 3773, u'topology.tasks': None, u'storm.zookeeper.root': u'/storm', u'logviewer.childopts': u'-Xmx128m', u'storm.meta.serialization.delegate': u'backtype.storm.serialization.DefaultSerializationDelegate', u'transactional.zookeeper.port': None, u'topology.worker.receiver.thread.count': 1, u'topology.worker.childopts': None, u'topology.max.spout.pending': None, u'topology.kryo.register': None, u'petrel.host': u'pipe-X550CC', u'nimbus.cleanup.inbox.freq.secs': 600, u'storm.messaging.netty.min_wait_ms': 100, u'nimbus.task.timeout.secs': 30, u'nimbus.thrift.max_buffer_size': 1048576, u'topology.sleep.spout.wait.strategy.time.ms': 1, u'nimbus.reassign': True, u'storm.messaging.transport': u'backtype.storm.messaging.netty.Context', u'logviewer.appender.name': u'A1', u'nimbus.host': u'localhost', u'ui.port': 8080, u'supervisor.slots.ports': [6700, 6701, 6702, 6703], u'nimbus.file.copy.expiration.secs': 600, u'supervisor.monitor.frequency.secs': 3, u'ui.childopts': u'-Xmx768m', u'transactional.zookeeper.servers': None, u'zmq.linger.millis': 5000, u'topology.error.throttle.interval.secs': 10, u'topology.worker.shared.thread.pool.size': 4, u'topology.executor.receive.buffer.size': 1024, u'topology.spout.wait.strategy': u'backtype.storm.spout.SleepSpoutWaitStrategy', u'task.heartbeat.frequency.secs': 3, u'topology.transfer.buffer.size': 1024, u'storm.zookeeper.session.timeout': 20000, u'storm.local.mode.zmq': False, u'topology.stats.sample.rate': 0.05, u'topology.fall.back.on.java.serialization': True, u'supervisor.childopts': u'-Xmx256m', u'topology.enable.message.timeouts': True, u'storm.messaging.netty.max_wait_ms': 1000, u'nimbus.topology.validator': u'backtype.storm.nimbus.DefaultTopologyValidator', u'nimbus.supervisor.timeout.secs': 60, u'topology.disruptor.wait.strategy': u'com.lmax.disruptor.BlockingWaitStrategy', u'storm.messaging.netty.buffer_size': 5242880, u'drpc.port': 3772, u'topology.kryo.factory': u'backtype.storm.serialization.DefaultKryoFactory', u'storm.zookeeper.retry.interval': 1000, u'storm.messaging.netty.max_retries': 300, u'topology.tick.tuple.freq.secs': 300, u'supervisor.enable': True, u'nimbus.task.launch.secs': 120, u'task.refresh.poll.secs': 10, u'topology.message.timeout.secs': 30, u'oauth.acess_token_secret': u'IiNOTfgE3tEZvW2HDQhRKPMoOLU43NXJCXk8maj51SdAT', u'petrel.user': u'root', u'nimbus.inbox.jar.expiration.secs': 3600, u'topology.state.synchronization.timeout.secs': 60, u'topology.name': u'good', u'supervisor.worker.timeout.secs': 30, u'topology.trident.batch.emit.interval.millis': 500, u'topology.builtin.metrics.bucket.size.secs': 60, u'storm.thrift.transport': u'backtype.storm.security.auth.SimpleTransportPlugin', u'logviewer.port': 8000, u'oauth.consumer_key': u'eaFmBSxUveRJfmyZYeabti9Q9', u'topology.kryo.decorators': [], u'topology.debug': False}, u'context': {u'task->component': {u'1': u'CountThreeWords', u'3': u'CountWord', u'2': u'CountTwoWords', u'5': u'ThreeWordDivider', u'4': u'KafkaConsumer', u'7': u'WordDivider', u'6': u'TwoWordDivider', u'8': u'__acker'}, u'taskid': 1}}
[2016-05-06 16:49:02,147][storm][INFO]Task sent pid to Storm
[2016-05-06 16:52:34,118][storm][DEBUG]BasicBolt profile: total_num_tuples=1, num_tuples=1, avg_read_time=0.396492 (47.2%), avg_process_time=0.444109 (52.8%), avg_ack_time=0.000077 (0.0%)
[2016-05-06 16:52:53,205][storm][DEBUG]BasicBolt profile: total_num_tuples=22, num_tuples=21, avg_read_time=0.015130 (59.6%), avg_process_time=0.010070 (39.7%), avg_ack_time=0.000172 (0.7%)
[2016-05-06 16:52:54,211][storm][DEBUG]BasicBolt profile: total_num_tuples=60, num_tuples=38, avg_read_time=0.018847 (71.2%), avg_process_time=0.007496 (28.3%), avg_ack_time=0.000124 (0.5%)
[2016-05-06 16:52:55,239][storm][DEBUG]BasicBolt profile: total_num_tuples=84, num_tuples=24, avg_read_time=0.041456 (96.9%), avg_process_time=0.001194 (2.8%), avg_ack_time=0.000152 (0.4%)
[2016-05-06 16:52:56,260][storm][DEBUG]BasicBolt profile: total_num_tuples=126, num_tuples=42, avg_read_time=0.023035 (94.8%), avg_process_time=0.001103 (4.5%), avg_ack_time=0.000148 (0.6%)
[2016-05-06 16:52:57,358][storm][DEBUG]BasicBolt profile: total_num_tuples=148, num_tuples=22, avg_read_time=0.042769 (85.7%), avg_process_time=0.007025 (14.1%), avg_ack_time=0.000099 (0.2%)
[2016-05-06 16:52:58,375][storm][DEBUG]BasicBolt profile: total_num_tuples=164, num_tuples=16, avg_read_time=0.062221 (98.0%), avg_process_time=0.001252 (2.0%), avg_ack_time=0.000047 (0.1%)
[2016-05-06 16:52:59,486][storm][DEBUG]BasicBolt profile: total_num_tuples=199, num_tuples=35, avg_read_time=0.030218 (95.2%), avg_process_time=0.001472 (4.6%), avg_ack_time=0.000048 (0.2%)
[2016-05-06 16:53:00,597][storm][DEBUG]BasicBolt profile: total_num_tuples=214, num_tuples=15, avg_read_time=0.053835 (72.7%), avg_process_time=0.020204 (27.3%), avg_ack_time=0.000046 (0.1%)
[2016-05-06 16:53:02,756][storm][DEBUG]BasicBolt profile: total_num_tuples=249, num_tuples=35, avg_read_time=0.024768 (74.8%), avg_process_time=0.008299 (25.1%), avg_ack_time=0.000051 (0.2%)
[2016-05-06 16:53:03,794][storm][DEBUG]BasicBolt profile: total_num_tuples=259, num_tuples=10, avg_read_time=0.009719 (9.4%), avg_process_time=0.094007 (90.6%), avg_ack_time=0.000061 (0.1%)
[2016-05-06 16:53:04,808][storm][DEBUG]BasicBolt profile: total_num_tuples=336, num_tuples=77, avg_read_time=0.000705 (5.4%), avg_process_time=0.012335 (93.9%), avg_ack_time=0.000097 (0.7%)
[2016-05-06 16:53:05,981][storm][DEBUG]BasicBolt profile: total_num_tuples=342, num_tuples=6, avg_read_time=0.028180 (94.6%), avg_process_time=0.001566 (5.3%), avg_ack_time=0.000051 (0.2%)
[2016-05-06 16:53:07,005][storm][DEBUG]BasicBolt profile: total_num_tuples=393, num_tuples=51, avg_read_time=0.014597 (72.8%), avg_process_time=0.005231 (26.1%), avg_ack_time=0.000233 (1.2%)
[2016-05-06 16:53:08,027][storm][DEBUG]BasicBolt profile: total_num_tuples=432, num_tuples=39, avg_read_time=0.024264 (92.7%), avg_process_time=0.001856 (7.1%), avg_ack_time=0.000051 (0.2%)
[2016-05-06 16:53:09,280][storm][DEBUG]BasicBolt profile: total_num_tuples=451, num_tuples=19, avg_read_time=0.064256 (97.5%), avg_process_time=0.001588 (2.4%), avg_ack_time=0.000054 (0.1%)
[2016-05-06 16:53:10,440][storm][DEBUG]BasicBolt profile: total_num_tuples=466, num_tuples=15, avg_read_time=0.070040 (90.6%), avg_process_time=0.007185 (9.3%), avg_ack_time=0.000101 (0.1%)
[2016-05-06 16:53:11,446][storm][DEBUG]BasicBolt profile: total_num_tuples=490, num_tuples=24, avg_read_time=0.039967 (95.4%), avg_process_time=0.001860 (4.4%), avg_ack_time=0.000079 (0.2%)
[2016-05-06 16:53:12,471][storm][DEBUG]BasicBolt profile: total_num_tuples=508, num_tuples=18, avg_read_time=0.054045 (95.2%), avg_process_time=0.002682 (4.7%), avg_ack_time=0.000068 (0.1%)
[2016-05-06 16:53:13,546][storm][DEBUG]BasicBolt profile: total_num_tuples=540, num_tuples=32, avg_read_time=0.031284 (93.2%), avg_process_time=0.002212 (6.6%), avg_ack_time=0.000086 (0.3%)
[2016-05-06 16:53:14,546][storm][DEBUG]BasicBolt profile: total_num_tuples=572, num_tuples=32, avg_read_time=0.029453 (94.3%), avg_process_time=0.001728 (5.5%), avg_ack_time=0.000067 (0.2%)
[2016-05-06 16:53:15,734][storm][DEBUG]BasicBolt profile: total_num_tuples=590, num_tuples=18, avg_read_time=0.051071 (77.5%), avg_process_time=0.013780 (20.9%), avg_ack_time=0.001044 (1.6%)
[2016-05-06 16:53:16,971][storm][DEBUG]BasicBolt profile: total_num_tuples=621, num_tuples=31, avg_read_time=0.037031 (92.8%), avg_process_time=0.002814 (7.1%), avg_ack_time=0.000056 (0.1%)
[2016-05-06 16:53:17,992][storm][DEBUG]BasicBolt profile: total_num_tuples=676, num_tuples=55, avg_read_time=0.014382 (77.6%), avg_process_time=0.003932 (21.2%), avg_ack_time=0.000224 (1.2%)
[2016-05-06 16:53:19,167][storm][DEBUG]BasicBolt profile: total_num_tuples=715, num_tuples=39, avg_read_time=0.027808 (92.3%), avg_process_time=0.002179 (7.2%), avg_ack_time=0.000136 (0.5%)
[2016-05-06 16:53:20,183][storm][DEBUG]BasicBolt profile: total_num_tuples=770, num_tuples=55, avg_read_time=0.016437 (89.0%), avg_process_time=0.001815 (9.8%), avg_ack_time=0.000207 (1.1%)
[2016-05-06 16:53:21,189][storm][DEBUG]BasicBolt profile: total_num_tuples=801, num_tuples=31, avg_read_time=0.030469 (94.1%), avg_process_time=0.001858 (5.7%), avg_ack_time=0.000056 (0.2%)
[2016-05-06 16:53:22,363][storm][DEBUG]BasicBolt profile: total_num_tuples=833, num_tuples=32, avg_read_time=0.034344 (93.6%), avg_process_time=0.002221 (6.1%), avg_ack_time=0.000118 (0.3%)
[2016-05-06 16:53:23,450][storm][DEBUG]BasicBolt profile: total_num_tuples=857, num_tuples=24, avg_read_time=0.042830 (94.6%), avg_process_time=0.002343 (5.2%), avg_ack_time=0.000114 (0.3%)
[2016-05-06 16:53:24,459][storm][DEBUG]BasicBolt profile: total_num_tuples=889, num_tuples=32, avg_read_time=0.023651 (75.0%), avg_process_time=0.007674 (24.3%), avg_ack_time=0.000201 (0.6%)
[2016-05-06 16:53:25,670][storm][DEBUG]BasicBolt profile: total_num_tuples=911, num_tuples=22, avg_read_time=0.049718 (90.4%), avg_process_time=0.005206 (9.5%), avg_ack_time=0.000077 (0.1%)
[2016-05-06 16:53:26,671][storm][DEBUG]BasicBolt profile: total_num_tuples=950, num_tuples=39, avg_read_time=0.022623 (88.4%), avg_process_time=0.002843 (11.1%), avg_ack_time=0.000122 (0.5%)
[2016-05-06 16:53:27,952][storm][DEBUG]BasicBolt profile: total_num_tuples=967, num_tuples=17, avg_read_time=0.073102 (97.1%), avg_process_time=0.002133 (2.8%), avg_ack_time=0.000088 (0.1%)
[2016-05-06 16:53:29,011][storm][DEBUG]BasicBolt profile: total_num_tuples=998, num_tuples=31, avg_read_time=0.011860 (34.7%), avg_process_time=0.022186 (65.0%), avg_ack_time=0.000098 (0.3%)
[2016-05-06 16:53:30,029][storm][DEBUG]BasicBolt profile: total_num_tuples=1038, num_tuples=40, avg_read_time=0.018678 (73.5%), avg_process_time=0.006690 (26.3%), avg_ack_time=0.000052 (0.2%)
[2016-05-06 16:53:31,316][storm][DEBUG]BasicBolt profile: total_num_tuples=1078, num_tuples=40, avg_read_time=0.029423 (91.5%), avg_process_time=0.002672 (8.3%), avg_ack_time=0.000062 (0.2%)
[2016-05-06 16:53:32,351][storm][DEBUG]BasicBolt profile: total_num_tuples=1103, num_tuples=25, avg_read_time=0.038913 (94.1%), avg_process_time=0.002418 (5.8%), avg_ack_time=0.000043 (0.1%)
[2016-05-06 16:53:33,464][storm][DEBUG]BasicBolt profile: total_num_tuples=1131, num_tuples=28, avg_read_time=0.032690 (82.3%), avg_process_time=0.006925 (17.4%), avg_ack_time=0.000092 (0.2%)
[2016-05-06 16:53:34,580][storm][DEBUG]BasicBolt profile: total_num_tuples=1149, num_tuples=18, avg_read_time=0.057696 (93.1%), avg_process_time=0.004255 (6.9%), avg_ack_time=0.000041 (0.1%)
[2016-05-06 16:53:37,045][storm][DEBUG]BasicBolt profile: total_num_tuples=1170, num_tuples=21, avg_read_time=0.068295 (97.5%), avg_process_time=0.001721 (2.5%), avg_ack_time=0.000046 (0.1%)
[2016-05-06 16:53:37,999][storm][INFO]Caught exception
[2016-05-06 16:53:37,999][storm][ERROR]Sent failure message ("E_BOLTFAILED__threewordcount__pipe-X550CC__pid__27306__port__-1__taskindex__-1__IndexError") to Storm
[2016-05-06 16:53:43,004][storm][ERROR]Caught exception in BasicBolt.run
Traceback (most recent call last):
  File "/usr/local/lib/python2.7/dist-packages/petrel-0.9.4.0.3-py2.7.egg/petrel/storm.py", line 383, in run
    self.process(tup)
  File "/home/pipe/storm-local/supervisor/stormdist/good-2-1462530265/resources/threewordcount.py", line 24, in process
    aux='GOOD'+tup.values[1]
IndexError: list index out of range
[2016-05-06 16:53:43,049][storm][ERROR]The error occurred while processing this tuple: [300]
Worker threewordcount exiting normally.
