Beginning task setup

/usr/bin/flock
Using existing venv: /tmp/petrel-good-4-1462553027/venv
Task setup took 0 seconds
Launching: python -m petrel.run kafkaconsumer /home/pipe/twitterintel/topology/TopologyTweetTransformationGOOD/petrel2436_kafkaconsumer.log
/usr/local/lib/python2.7/dist-packages/petrel-0.9.4.0.3-py2.7.egg/petrel/run.py invoked with the following arguments: ['kafkaconsumer', '/home/pipe/twitterintel/topology/TopologyTweetTransformationGOOD/petrel2436_kafkaconsumer.log']
python version: 2.7.11
user=root
PATH=/tmp/petrel-good-4-1462553027/venv/bin:/root/SimpleScalar/simplesim-3.0:/root/SimpleScalar/bin:/root/SimpleScalar/gcc-2.6.3:/root/SimpleScalar/bin:/usr/local/sbin:/usr/local/bin:/usr/sbin:/usr/bin:/sbin:/bin:/usr/games:/usr/local/games:/home/pipe/Downloads/zookeeper-3.4.8/bin:/home/pipe/Downloads/apache-storm-0.9.4/bin
LD_LIBRARY_PATH=storm-local/supervisor/stormdist/good-4-1462553027/resources/Linux-amd64:storm-local/supervisor/stormdist/good-4-1462553027/resources:/usr/local/lib:/opt/local/lib:/usr/lib
PYTHON_EGG_CACHE=/tmp/petrel-good-4-1462553027/egg_cache
[2016-05-06 17:49:57,747][storm][INFO]Tuple profiling enabled. Will log tuple processing times.
[2016-05-06 17:49:58,121][storm][INFO]Task received setupInfo from Storm: {u'pidDir': u'/home/pipe/storm-local/workers/5ada2fc5-113d-48c9-94c0-66ef67c122d4/pids', u'conf': {u'oauth.acess_token': u' 702208758362087425-HZiyl1x7Bh98cQa1WLBDYylyu10Bpl7', u'topology.tuple.serializer': u'backtype.storm.serialization.types.ListDelegateSerializer', u'topology.workers': 1, u'drpc.worker.threads': 64, u'storm.messaging.netty.client_worker_threads': 1, u'supervisor.heartbeat.frequency.secs': 5, u'topology.executor.send.buffer.size': 1024, u'drpc.childopts': u'-Xmx768m', u'nimbus.thrift.port': 6627, u'storm.zookeeper.retry.intervalceiling.millis': 30000, u'storm.local.dir': u'storm-local', u'topology.receiver.buffer.size': 8, u'storm.zookeeper.servers': [u'localhost'], u'oauth.consumer_secret': u'ADf76fi3O1lKMzBxWnjqf93l3GHv28uar3bkblkvyBrAyoA23i', u'transactional.zookeeper.root': u'/transactional', u'drpc.request.timeout.secs': 600, u'topology.skip.missing.kryo.registrations': False, u'worker.heartbeat.frequency.secs': 1, u'zmq.hwm': 0, u'storm.zookeeper.connection.timeout': 15000, u'java.library.path': u'/usr/local/lib:/opt/local/lib:/usr/lib', u'topology.max.error.report.per.interval': 5, u'storm.messaging.netty.server_worker_threads': 1, u'storm.id': u'good-4-1462553027', u'supervisor.worker.start.timeout.secs': 120, u'zmq.threads': 1, u'topology.acker.executors': None, u'storm.messaging.netty.flush.check.interval.ms': 10, u'storm.messaging.netty.transfer.batch.size': 262144, u'topology.max.task.parallelism': None, u'topology.environment': None, u'storm.zookeeper.port': 2181, u'nimbus.childopts': u'-Xmx1024m', u'topology.classpath': None, u'worker.childopts': u'-Xmx768m', u'drpc.queue.size': 128, u'topology.multilang.serializer': u'backtype.storm.multilang.JsonSerializer', u'storm.zookeeper.retry.times': 5, u'nimbus.monitor.freq.secs': 10, u'storm.cluster.mode': u'distributed', u'dev.zookeeper.path': u'/tmp/dev-storm-zookeeper', u'drpc.invocations.port': 3773, u'topology.tasks': None, u'storm.zookeeper.root': u'/storm', u'logviewer.childopts': u'-Xmx128m', u'storm.meta.serialization.delegate': u'backtype.storm.serialization.DefaultSerializationDelegate', u'transactional.zookeeper.port': None, u'topology.worker.receiver.thread.count': 1, u'topology.worker.childopts': None, u'topology.max.spout.pending': None, u'topology.kryo.register': None, u'petrel.host': u'pipe-X550CC', u'nimbus.cleanup.inbox.freq.secs': 600, u'storm.messaging.netty.min_wait_ms': 100, u'nimbus.task.timeout.secs': 30, u'nimbus.thrift.max_buffer_size': 1048576, u'topology.sleep.spout.wait.strategy.time.ms': 1, u'nimbus.reassign': True, u'storm.messaging.transport': u'backtype.storm.messaging.netty.Context', u'logviewer.appender.name': u'A1', u'nimbus.host': u'localhost', u'ui.port': 8080, u'supervisor.slots.ports': [6700, 6701, 6702, 6703], u'nimbus.file.copy.expiration.secs': 600, u'supervisor.monitor.frequency.secs': 3, u'ui.childopts': u'-Xmx768m', u'transactional.zookeeper.servers': None, u'zmq.linger.millis': 5000, u'topology.error.throttle.interval.secs': 10, u'topology.worker.shared.thread.pool.size': 4, u'topology.executor.receive.buffer.size': 1024, u'topology.spout.wait.strategy': u'backtype.storm.spout.SleepSpoutWaitStrategy', u'task.heartbeat.frequency.secs': 3, u'topology.transfer.buffer.size': 1024, u'storm.zookeeper.session.timeout': 20000, u'storm.local.mode.zmq': False, u'topology.stats.sample.rate': 0.05, u'topology.fall.back.on.java.serialization': True, u'supervisor.childopts': u'-Xmx256m', u'topology.enable.message.timeouts': True, u'storm.messaging.netty.max_wait_ms': 1000, u'nimbus.topology.validator': u'backtype.storm.nimbus.DefaultTopologyValidator', u'nimbus.supervisor.timeout.secs': 60, u'topology.disruptor.wait.strategy': u'com.lmax.disruptor.BlockingWaitStrategy', u'storm.messaging.netty.buffer_size': 5242880, u'drpc.port': 3772, u'topology.kryo.factory': u'backtype.storm.serialization.DefaultKryoFactory', u'storm.zookeeper.retry.interval': 1000, u'storm.messaging.netty.max_retries': 300, u'topology.tick.tuple.freq.secs': 30, u'supervisor.enable': True, u'nimbus.task.launch.secs': 120, u'task.refresh.poll.secs': 10, u'topology.message.timeout.secs': 30, u'oauth.acess_token_secret': u'IiNOTfgE3tEZvW2HDQhRKPMoOLU43NXJCXk8maj51SdAT', u'petrel.user': u'root', u'nimbus.inbox.jar.expiration.secs': 3600, u'topology.state.synchronization.timeout.secs': 60, u'topology.name': u'good', u'supervisor.worker.timeout.secs': 30, u'topology.trident.batch.emit.interval.millis': 500, u'topology.builtin.metrics.bucket.size.secs': 60, u'storm.thrift.transport': u'backtype.storm.security.auth.SimpleTransportPlugin', u'logviewer.port': 8000, u'oauth.consumer_key': u'eaFmBSxUveRJfmyZYeabti9Q9', u'topology.kryo.decorators': [], u'topology.debug': False}, u'context': {u'task->component': {u'1': u'CountThreeWords', u'3': u'CountWord', u'2': u'CountTwoWords', u'5': u'ThreeWordDivider', u'4': u'KafkaConsumer', u'7': u'WordDivider', u'6': u'TwoWordDivider', u'8': u'__acker'}, u'taskid': 4}}
[2016-05-06 17:49:58,128][storm][INFO]Task sent pid to Storm
[2016-05-06 17:49:58,299][kafka.client][INFO]Broker version identifed as 0.9
[2016-05-06 17:49:58,310][kafka.consumer.subscription_state][INFO]Updating subscribed topics to: ['goodtopic']
[2016-05-06 17:49:58,390][kafka.cluster][INFO]Group coordinator for kafka-python-default-group is BrokerMetadata(nodeId=0, host=u'pipe-X550CC', port=9092)
[2016-05-06 17:50:01,351][kafka.coordinator][INFO]Joined group 'kafka-python-default-group' (generation 3) with member_id kafka-python-1.0.2-9f929e8f-0320-4580-aac6-e156aaf18c82
[2016-05-06 17:50:01,356][kafka.consumer.subscription_state][INFO]Updated partition assignment: [TopicPartition(topic=u'goodtopic', partition=0)]
[2016-05-06 17:50:04,449][kafka.coordinator][INFO]Heartbeat successful
[2016-05-06 17:50:07,468][kafka.coordinator][INFO]Heartbeat successful
[2016-05-06 17:50:10,485][kafka.coordinator][INFO]Heartbeat successful
[2016-05-06 17:50:13,536][kafka.coordinator][INFO]Heartbeat successful
[2016-05-06 17:50:16,551][kafka.coordinator][INFO]Heartbeat successful
[2016-05-06 17:50:19,564][kafka.coordinator][INFO]Heartbeat successful
[2016-05-06 17:50:22,621][kafka.coordinator][INFO]Heartbeat successful
[2016-05-06 17:50:25,635][kafka.coordinator][INFO]Heartbeat successful
[2016-05-06 17:50:28,659][kafka.coordinator][INFO]Heartbeat successful
[2016-05-06 17:50:31,671][kafka.coordinator][INFO]Heartbeat successful
[2016-05-06 17:50:34,770][kafka.coordinator][INFO]Heartbeat successful
[2016-05-06 17:50:37,783][kafka.coordinator][INFO]Heartbeat successful
[2016-05-06 17:50:40,797][kafka.coordinator][INFO]Heartbeat successful
[2016-05-06 17:50:43,848][kafka.coordinator][INFO]Heartbeat successful
[2016-05-06 17:50:46,862][kafka.coordinator][INFO]Heartbeat successful
[2016-05-06 17:50:49,373][kafka.coordinator][INFO]Heartbeat successful
[2016-05-06 17:50:52,429][kafka.coordinator][INFO]Heartbeat successful
[2016-05-06 17:50:55,443][kafka.coordinator][INFO]Heartbeat successful
[2016-05-06 17:50:58,499][kafka.coordinator][INFO]Heartbeat successful
[2016-05-06 17:51:01,516][kafka.coordinator][INFO]Heartbeat successful
[2016-05-06 17:51:04,534][kafka.coordinator][INFO]Heartbeat successful
[2016-05-06 17:51:07,586][kafka.coordinator][INFO]Heartbeat successful
[2016-05-06 17:51:10,602][kafka.coordinator][INFO]Heartbeat successful
[2016-05-06 17:51:13,621][kafka.coordinator][INFO]Heartbeat successful
[2016-05-06 17:51:16,636][kafka.coordinator][INFO]Heartbeat successful
[2016-05-06 17:51:19,695][kafka.coordinator][INFO]Heartbeat successful
[2016-05-06 17:51:22,712][kafka.coordinator][INFO]Heartbeat successful
[2016-05-06 17:51:25,727][kafka.coordinator][INFO]Heartbeat successful
[2016-05-06 17:51:28,782][kafka.coordinator][INFO]Heartbeat successful
[2016-05-06 17:51:31,800][kafka.coordinator][INFO]Heartbeat successful
[2016-05-06 17:51:34,814][kafka.coordinator][INFO]Heartbeat successful
[2016-05-06 17:51:37,876][kafka.coordinator][INFO]Heartbeat successful
[2016-05-06 17:51:40,389][kafka.coordinator][INFO]Heartbeat successful
[2016-05-06 17:51:43,452][kafka.coordinator][INFO]Heartbeat successful
[2016-05-06 17:51:46,467][kafka.coordinator][INFO]Heartbeat successful
[2016-05-06 17:51:49,522][kafka.coordinator][INFO]Heartbeat successful
[2016-05-06 17:51:52,548][kafka.coordinator][INFO]Heartbeat successful
[2016-05-06 17:51:55,565][kafka.coordinator][INFO]Heartbeat successful
[2016-05-06 17:51:58,615][kafka.coordinator][INFO]Heartbeat successful
[2016-05-06 17:52:01,630][kafka.coordinator][INFO]Heartbeat successful
[2016-05-06 17:52:04,641][kafka.coordinator][INFO]Heartbeat successful
[2016-05-06 17:52:07,652][kafka.coordinator][INFO]Heartbeat successful
[2016-05-06 17:52:10,706][kafka.coordinator][INFO]Heartbeat successful
[2016-05-06 17:52:13,721][kafka.coordinator][INFO]Heartbeat successful
[2016-05-06 17:52:16,738][kafka.coordinator][INFO]Heartbeat successful
[2016-05-06 17:52:19,795][kafka.coordinator][INFO]Heartbeat successful
[2016-05-06 17:52:22,816][kafka.coordinator][INFO]Heartbeat successful
[2016-05-06 17:52:25,839][kafka.coordinator][INFO]Heartbeat successful
[2016-05-06 17:52:28,394][kafka.coordinator][INFO]Heartbeat successful
[2016-05-06 17:52:31,446][kafka.coordinator][INFO]Heartbeat successful
[2016-05-06 17:52:34,461][kafka.coordinator][INFO]Heartbeat successful
[2016-05-06 17:52:37,478][kafka.coordinator][INFO]Heartbeat successful
[2016-05-06 17:52:40,535][kafka.coordinator][INFO]Heartbeat successful
[2016-05-06 17:52:43,552][kafka.coordinator][INFO]Heartbeat successful
[2016-05-06 17:52:46,569][kafka.coordinator][INFO]Heartbeat successful
[2016-05-06 17:52:49,628][kafka.coordinator][INFO]Heartbeat successful
[2016-05-06 17:52:52,644][kafka.coordinator][INFO]Heartbeat successful
[2016-05-06 17:52:55,660][kafka.coordinator][INFO]Heartbeat successful
[2016-05-06 17:52:58,710][kafka.coordinator][INFO]Heartbeat successful
[2016-05-06 17:53:01,727][kafka.coordinator][INFO]Heartbeat successful
[2016-05-06 17:53:04,746][kafka.coordinator][INFO]Heartbeat successful
[2016-05-06 17:53:07,764][kafka.coordinator][INFO]Heartbeat successful
[2016-05-06 17:53:10,821][kafka.coordinator][INFO]Heartbeat successful
[2016-05-06 17:53:13,837][kafka.coordinator][INFO]Heartbeat successful
[2016-05-06 17:53:16,856][kafka.coordinator][INFO]Heartbeat successful
[2016-05-06 17:53:19,410][kafka.coordinator][INFO]Heartbeat successful
[2016-05-06 17:53:22,463][kafka.coordinator][INFO]Heartbeat successful
[2016-05-06 17:53:25,478][kafka.coordinator][INFO]Heartbeat successful
[2016-05-06 17:53:28,497][kafka.coordinator][INFO]Heartbeat successful
[2016-05-06 17:53:31,557][kafka.coordinator][INFO]Heartbeat successful
[2016-05-06 17:53:34,572][kafka.coordinator][INFO]Heartbeat successful
[2016-05-06 17:53:37,587][kafka.coordinator][INFO]Heartbeat successful
[2016-05-06 17:53:40,638][kafka.coordinator][INFO]Heartbeat successful
[2016-05-06 17:53:43,659][kafka.coordinator][INFO]Heartbeat successful
[2016-05-06 17:53:46,670][kafka.coordinator][INFO]Heartbeat successful
[2016-05-06 17:53:49,722][kafka.coordinator][INFO]Heartbeat successful
[2016-05-06 17:53:52,739][kafka.coordinator][INFO]Heartbeat successful
[2016-05-06 17:53:55,753][kafka.coordinator][INFO]Heartbeat successful
[2016-05-06 17:53:58,768][kafka.coordinator][INFO]Heartbeat successful
[2016-05-06 17:54:01,823][kafka.coordinator][INFO]Heartbeat successful
[2016-05-06 17:54:04,834][kafka.coordinator][INFO]Heartbeat successful
[2016-05-06 17:54:07,848][kafka.coordinator][INFO]Heartbeat successful
[2016-05-06 17:54:10,901][kafka.coordinator][INFO]Heartbeat successful
[2016-05-06 17:54:13,417][kafka.coordinator][INFO]Heartbeat successful
[2016-05-06 17:54:16,469][kafka.coordinator][INFO]Heartbeat successful
[2016-05-06 17:54:19,525][kafka.coordinator][INFO]Heartbeat successful
[2016-05-06 17:54:22,544][kafka.coordinator][INFO]Heartbeat successful
[2016-05-06 17:54:25,557][kafka.coordinator][INFO]Heartbeat successful
[2016-05-06 17:54:28,571][kafka.coordinator][INFO]Heartbeat successful
[2016-05-06 17:54:31,626][kafka.coordinator][INFO]Heartbeat successful
[2016-05-06 17:54:34,648][kafka.coordinator][INFO]Heartbeat successful
[2016-05-06 17:54:37,670][kafka.coordinator][INFO]Heartbeat successful
[2016-05-06 17:54:40,729][kafka.coordinator][INFO]Heartbeat successful
[2016-05-06 17:54:43,740][kafka.coordinator][INFO]Heartbeat successful
[2016-05-06 17:54:46,756][kafka.coordinator][INFO]Heartbeat successful
[2016-05-06 17:54:49,805][kafka.coordinator][INFO]Heartbeat successful
[2016-05-06 17:54:52,816][kafka.coordinator][INFO]Heartbeat successful
[2016-05-06 17:54:55,829][kafka.coordinator][INFO]Heartbeat successful
[2016-05-06 17:54:58,419][kafka.coordinator][WARNING]Coordinator unknown during heartbeat -- will retry
[2016-05-06 17:54:58,419][kafka.coordinator][WARNING]Heartbeat failed; retrying
[2016-05-06 17:54:58,519][kafka.coordinator][WARNING]Coordinator unknown during heartbeat -- will retry
[2016-05-06 17:54:58,519][kafka.coordinator][WARNING]Heartbeat failed; retrying
[2016-05-06 17:54:58,620][kafka.coordinator][WARNING]Coordinator unknown during heartbeat -- will retry
[2016-05-06 17:54:58,620][kafka.coordinator][WARNING]Heartbeat failed; retrying
[2016-05-06 17:54:58,720][kafka.coordinator][WARNING]Coordinator unknown during heartbeat -- will retry
[2016-05-06 17:54:58,720][kafka.coordinator][WARNING]Heartbeat failed; retrying
[2016-05-06 17:54:58,821][kafka.coordinator][WARNING]Coordinator unknown during heartbeat -- will retry
[2016-05-06 17:54:58,821][kafka.coordinator][WARNING]Heartbeat failed; retrying
[2016-05-06 17:54:58,922][kafka.coordinator][INFO]Heartbeat successful
[2016-05-06 17:55:01,970][kafka.coordinator][INFO]Heartbeat successful
[2016-05-06 17:55:05,026][kafka.coordinator][INFO]Heartbeat successful
[2016-05-06 17:55:08,038][kafka.coordinator][INFO]Heartbeat successful
[2016-05-06 17:55:11,051][kafka.coordinator][INFO]Heartbeat successful
[2016-05-06 17:55:14,068][kafka.coordinator][INFO]Heartbeat successful
[2016-05-06 17:55:17,122][kafka.coordinator][INFO]Heartbeat successful
[2016-05-06 17:55:20,140][kafka.coordinator][INFO]Heartbeat successful
[2016-05-06 17:55:23,152][kafka.coordinator][INFO]Heartbeat successful
[2016-05-06 17:55:26,200][kafka.coordinator][INFO]Heartbeat successful
