Beginning task setup

/usr/bin/flock
Using existing venv: /tmp/petrel-test-4-1462969332/venv
Task setup took 1 seconds
Launching: python -m petrel.run kafkaconsumer /home/pipe/twitterintel/twitterintel/topology/TopologyTweetTransformationSPAM/petrel21091_kafkaconsumer.log
/usr/local/lib/python2.7/dist-packages/petrel-0.9.4.0.3-py2.7.egg/petrel/run.py invoked with the following arguments: ['kafkaconsumer', '/home/pipe/twitterintel/twitterintel/topology/TopologyTweetTransformationSPAM/petrel21091_kafkaconsumer.log']
python version: 2.7.11
user=root
PATH=/tmp/petrel-test-4-1462969332/venv/bin:/root/SimpleScalar/simplesim-3.0:/root/SimpleScalar/bin:/root/SimpleScalar/gcc-2.6.3:/root/SimpleScalar/bin:/usr/local/sbin:/usr/local/bin:/usr/sbin:/usr/bin:/sbin:/bin:/usr/games:/usr/local/games:/home/pipe/Downloads/zookeeper-3.4.8/bin:/home/pipe/Downloads/apache-storm-0.9.4/bin
LD_LIBRARY_PATH=storm-local/supervisor/stormdist/test-4-1462969332/resources/Linux-amd64:storm-local/supervisor/stormdist/test-4-1462969332/resources:/usr/local/lib:/opt/local/lib:/usr/lib
PYTHON_EGG_CACHE=/tmp/petrel-test-4-1462969332/egg_cache
[2016-05-11 14:21:59,810][storm][INFO]Tuple profiling enabled. Will log tuple processing times.
[2016-05-11 14:22:05,988][storm][INFO]Task received setupInfo from Storm: {u'pidDir': u'/home/pipe/storm-local/workers/fbb838ed-ec95-4aac-aa8d-6455ea6400ac/pids', u'conf': {u'oauth.acess_token': u' 702208758362087425-HZiyl1x7Bh98cQa1WLBDYylyu10Bpl7', u'topology.tuple.serializer': u'backtype.storm.serialization.types.ListDelegateSerializer', u'topology.workers': 1, u'drpc.worker.threads': 64, u'storm.messaging.netty.client_worker_threads': 1, u'supervisor.heartbeat.frequency.secs': 5, u'topology.executor.send.buffer.size': 1024, u'drpc.childopts': u'-Xmx768m', u'nimbus.thrift.port': 6627, u'storm.zookeeper.retry.intervalceiling.millis': 30000, u'storm.local.dir': u'storm-local', u'topology.receiver.buffer.size': 8, u'storm.zookeeper.servers': [u'localhost'], u'oauth.consumer_secret': u'ADf76fi3O1lKMzBxWnjqf93l3GHv28uar3bkblkvyBrAyoA23i', u'transactional.zookeeper.root': u'/transactional', u'drpc.request.timeout.secs': 600, u'topology.skip.missing.kryo.registrations': False, u'worker.heartbeat.frequency.secs': 1, u'zmq.hwm': 0, u'storm.zookeeper.connection.timeout': 15000, u'java.library.path': u'/usr/local/lib:/opt/local/lib:/usr/lib', u'topology.max.error.report.per.interval': 5, u'storm.messaging.netty.server_worker_threads': 1, u'storm.id': u'test-4-1462969332', u'supervisor.worker.start.timeout.secs': 120, u'zmq.threads': 1, u'topology.acker.executors': None, u'storm.messaging.netty.flush.check.interval.ms': 10, u'storm.messaging.netty.transfer.batch.size': 262144, u'topology.max.task.parallelism': None, u'topology.environment': None, u'storm.zookeeper.port': 2181, u'nimbus.childopts': u'-Xmx1024m', u'topology.classpath': None, u'worker.childopts': u'-Xmx768m', u'drpc.queue.size': 128, u'topology.multilang.serializer': u'backtype.storm.multilang.JsonSerializer', u'storm.zookeeper.retry.times': 5, u'nimbus.monitor.freq.secs': 10, u'storm.cluster.mode': u'distributed', u'dev.zookeeper.path': u'/tmp/dev-storm-zookeeper', u'drpc.invocations.port': 3773, u'topology.tasks': None, u'storm.zookeeper.root': u'/storm', u'logviewer.childopts': u'-Xmx128m', u'storm.meta.serialization.delegate': u'backtype.storm.serialization.DefaultSerializationDelegate', u'transactional.zookeeper.port': None, u'topology.worker.receiver.thread.count': 1, u'topology.worker.childopts': None, u'topology.max.spout.pending': None, u'topology.kryo.register': None, u'petrel.host': u'pipe-X550CC', u'nimbus.cleanup.inbox.freq.secs': 600, u'storm.messaging.netty.min_wait_ms': 100, u'nimbus.task.timeout.secs': 30, u'nimbus.thrift.max_buffer_size': 1048576, u'topology.sleep.spout.wait.strategy.time.ms': 1, u'nimbus.reassign': True, u'storm.messaging.transport': u'backtype.storm.messaging.netty.Context', u'logviewer.appender.name': u'A1', u'nimbus.host': u'localhost', u'ui.port': 8080, u'supervisor.slots.ports': [6700, 6701, 6702, 6703], u'nimbus.file.copy.expiration.secs': 600, u'supervisor.monitor.frequency.secs': 3, u'ui.childopts': u'-Xmx768m', u'transactional.zookeeper.servers': None, u'zmq.linger.millis': 5000, u'topology.error.throttle.interval.secs': 10, u'topology.worker.shared.thread.pool.size': 4, u'topology.executor.receive.buffer.size': 1024, u'topology.spout.wait.strategy': u'backtype.storm.spout.SleepSpoutWaitStrategy', u'task.heartbeat.frequency.secs': 3, u'topology.transfer.buffer.size': 1024, u'storm.zookeeper.session.timeout': 20000, u'storm.local.mode.zmq': False, u'topology.stats.sample.rate': 0.05, u'topology.fall.back.on.java.serialization': True, u'supervisor.childopts': u'-Xmx256m', u'topology.enable.message.timeouts': True, u'storm.messaging.netty.max_wait_ms': 1000, u'nimbus.topology.validator': u'backtype.storm.nimbus.DefaultTopologyValidator', u'nimbus.supervisor.timeout.secs': 60, u'topology.disruptor.wait.strategy': u'com.lmax.disruptor.BlockingWaitStrategy', u'storm.messaging.netty.buffer_size': 5242880, u'drpc.port': 3772, u'topology.kryo.factory': u'backtype.storm.serialization.DefaultKryoFactory', u'storm.zookeeper.retry.interval': 1000, u'storm.messaging.netty.max_retries': 300, u'topology.tick.tuple.freq.secs': 30, u'supervisor.enable': True, u'nimbus.task.launch.secs': 120, u'task.refresh.poll.secs': 10, u'topology.message.timeout.secs': 30, u'oauth.acess_token_secret': u'IiNOTfgE3tEZvW2HDQhRKPMoOLU43NXJCXk8maj51SdAT', u'petrel.user': u'root', u'nimbus.inbox.jar.expiration.secs': 3600, u'topology.state.synchronization.timeout.secs': 60, u'topology.name': u'test', u'supervisor.worker.timeout.secs': 30, u'topology.trident.batch.emit.interval.millis': 500, u'topology.builtin.metrics.bucket.size.secs': 60, u'storm.thrift.transport': u'backtype.storm.security.auth.SimpleTransportPlugin', u'logviewer.port': 8000, u'oauth.consumer_key': u'eaFmBSxUveRJfmyZYeabti9Q9', u'topology.kryo.decorators': [], u'topology.debug': False}, u'context': {u'task->component': {u'1': u'CountThreeWords', u'3': u'CountWord', u'2': u'CountTwoWords', u'5': u'ThreeWordDivider', u'4': u'KafkaConsumer', u'7': u'WordDivider', u'6': u'TwoWordDivider', u'8': u'__acker'}, u'taskid': 4}}
[2016-05-11 14:22:05,988][storm][INFO]Task sent pid to Storm
[2016-05-11 14:22:06,713][kafka.client][INFO]Broker version identifed as 0.9
[2016-05-11 14:22:06,765][kafka.consumer.subscription_state][INFO]Updating subscribed topics to: ['instanttopic']
[2016-05-11 14:22:06,844][kafka.cluster][INFO]Group coordinator for kafka-python-default-group is BrokerMetadata(nodeId=0, host=u'pipe-X550CC', port=9092)
[2016-05-11 14:22:06,886][kafka.coordinator][INFO]Joined group 'kafka-python-default-group' (generation 1) with member_id kafka-python-1.0.2-f67d2b5d-a720-4143-b74d-cf5b60821276
[2016-05-11 14:22:06,887][kafka.coordinator][INFO]Elected group leader -- performing partition assignments using range
[2016-05-11 14:22:06,931][kafka.consumer.subscription_state][INFO]Updated partition assignment: [TopicPartition(topic=u'instanttopic', partition=0)]
[2016-05-11 14:22:10,025][kafka.coordinator][INFO]Heartbeat successful
[2016-05-11 14:22:13,041][kafka.coordinator][INFO]Heartbeat successful
[2016-05-11 14:22:16,053][kafka.coordinator][INFO]Heartbeat successful
[2016-05-11 14:22:19,104][kafka.coordinator][INFO]Heartbeat successful
[2016-05-11 14:22:22,121][kafka.coordinator][INFO]Heartbeat successful
[2016-05-11 14:22:25,134][kafka.coordinator][INFO]Heartbeat successful
[2016-05-11 14:22:28,188][kafka.coordinator][INFO]Heartbeat successful
[2016-05-11 14:22:31,209][kafka.coordinator][INFO]Heartbeat successful
[2016-05-11 14:22:34,235][kafka.coordinator][INFO]Heartbeat successful
[2016-05-11 14:22:37,256][kafka.coordinator][INFO]Heartbeat successful
[2016-05-11 14:22:40,319][kafka.coordinator][INFO]Heartbeat successful
[2016-05-11 14:22:43,332][kafka.coordinator][INFO]Heartbeat successful
[2016-05-11 14:22:46,350][kafka.coordinator][INFO]Heartbeat successful
[2016-05-11 14:22:49,416][kafka.coordinator][INFO]Heartbeat successful
[2016-05-11 14:22:52,437][kafka.coordinator][INFO]Heartbeat successful
[2016-05-11 14:22:54,954][kafka.coordinator][INFO]Heartbeat successful
[2016-05-11 14:22:58,014][kafka.coordinator][INFO]Heartbeat successful
[2016-05-11 14:23:01,036][kafka.coordinator][INFO]Heartbeat successful
[2016-05-11 14:23:04,092][kafka.coordinator][INFO]Heartbeat successful
[2016-05-11 14:23:07,108][kafka.coordinator][INFO]Heartbeat successful
[2016-05-11 14:23:10,126][kafka.coordinator][INFO]Heartbeat successful
[2016-05-11 14:23:13,182][kafka.coordinator][INFO]Heartbeat successful
[2016-05-11 14:23:16,241][kafka.coordinator][INFO]Heartbeat successful
[2016-05-11 14:23:19,262][kafka.coordinator][INFO]Heartbeat successful
[2016-05-11 14:23:22,277][kafka.coordinator][INFO]Heartbeat successful
[2016-05-11 14:23:25,332][kafka.coordinator][INFO]Heartbeat successful
[2016-05-11 14:23:28,346][kafka.coordinator][INFO]Heartbeat successful
[2016-05-11 14:23:31,355][kafka.coordinator][INFO]Heartbeat successful
[2016-05-11 14:23:34,406][kafka.coordinator][INFO]Heartbeat successful
[2016-05-11 14:23:37,417][kafka.coordinator][INFO]Heartbeat successful
[2016-05-11 14:23:40,023][kafka.coordinator][INFO]Heartbeat successful
[2016-05-11 14:23:43,034][kafka.coordinator][INFO]Heartbeat successful
[2016-05-11 14:23:46,044][kafka.coordinator][INFO]Heartbeat successful
[2016-05-11 14:23:49,104][kafka.coordinator][INFO]Heartbeat successful
[2016-05-11 14:23:52,118][kafka.coordinator][INFO]Heartbeat successful
[2016-05-11 14:23:55,133][kafka.coordinator][INFO]Heartbeat successful
[2016-05-11 14:23:58,147][kafka.coordinator][INFO]Heartbeat successful
[2016-05-11 14:24:01,199][kafka.coordinator][INFO]Heartbeat successful
[2016-05-11 14:24:04,223][kafka.coordinator][INFO]Heartbeat successful
[2016-05-11 14:24:07,241][kafka.coordinator][INFO]Heartbeat successful
[2016-05-11 14:24:10,297][kafka.coordinator][INFO]Heartbeat successful
[2016-05-11 14:24:13,317][kafka.coordinator][INFO]Heartbeat successful
[2016-05-11 14:24:16,342][kafka.coordinator][INFO]Heartbeat successful
[2016-05-11 14:24:19,398][kafka.coordinator][INFO]Heartbeat successful
[2016-05-11 14:24:22,412][kafka.coordinator][INFO]Heartbeat successful
[2016-05-11 14:24:25,431][kafka.coordinator][INFO]Heartbeat successful
[2016-05-11 14:24:28,442][kafka.coordinator][INFO]Heartbeat successful
[2016-05-11 14:24:30,992][kafka.coordinator][INFO]Heartbeat successful
[2016-05-11 14:24:34,045][kafka.coordinator][INFO]Heartbeat successful
[2016-05-11 14:24:37,057][kafka.coordinator][INFO]Heartbeat successful
[2016-05-11 14:24:40,113][kafka.coordinator][INFO]Heartbeat successful
[2016-05-11 14:24:43,131][kafka.coordinator][INFO]Heartbeat successful
[2016-05-11 14:24:46,146][kafka.coordinator][INFO]Heartbeat successful
[2016-05-11 14:24:49,199][kafka.coordinator][INFO]Heartbeat successful
[2016-05-11 14:24:52,217][kafka.coordinator][INFO]Heartbeat successful
[2016-05-11 14:24:55,233][kafka.coordinator][INFO]Heartbeat successful
[2016-05-11 14:24:58,253][kafka.coordinator][INFO]Heartbeat successful
[2016-05-11 14:25:01,311][kafka.coordinator][INFO]Heartbeat successful
[2016-05-11 14:25:04,335][kafka.coordinator][INFO]Heartbeat successful
[2016-05-11 14:25:07,354][kafka.coordinator][INFO]Heartbeat successful
[2016-05-11 14:25:10,408][kafka.coordinator][INFO]Heartbeat successful
[2016-05-11 14:25:13,425][kafka.coordinator][INFO]Heartbeat successful
[2016-05-11 14:25:16,441][kafka.coordinator][INFO]Heartbeat successful
[2016-05-11 14:25:19,495][kafka.coordinator][INFO]Heartbeat successful
[2016-05-11 14:25:22,010][kafka.coordinator][INFO]Heartbeat successful
[2016-05-11 14:25:25,033][kafka.coordinator][INFO]Heartbeat successful
[2016-05-11 14:25:28,051][kafka.coordinator][INFO]Heartbeat successful
[2016-05-11 14:25:31,105][kafka.coordinator][INFO]Heartbeat successful
[2016-05-11 14:25:34,127][kafka.coordinator][INFO]Heartbeat successful
[2016-05-11 14:25:37,148][kafka.coordinator][INFO]Heartbeat successful
[2016-05-11 14:25:40,199][kafka.coordinator][INFO]Heartbeat successful
[2016-05-11 14:25:43,214][kafka.coordinator][INFO]Heartbeat successful
[2016-05-11 14:25:46,252][kafka.coordinator][INFO]Heartbeat successful
[2016-05-11 14:25:49,273][kafka.coordinator][INFO]Heartbeat successful
[2016-05-11 14:25:52,294][kafka.coordinator][INFO]Heartbeat successful
[2016-05-11 14:25:55,350][kafka.coordinator][INFO]Heartbeat successful
[2016-05-11 14:25:58,369][kafka.coordinator][INFO]Heartbeat successful
[2016-05-11 14:26:01,388][kafka.coordinator][INFO]Heartbeat successful
[2016-05-11 14:26:04,410][kafka.coordinator][INFO]Heartbeat successful
[2016-05-11 14:26:07,469][kafka.coordinator][INFO]Heartbeat successful
[2016-05-11 14:26:09,984][kafka.coordinator][INFO]Heartbeat successful
[2016-05-11 14:26:13,041][kafka.coordinator][INFO]Heartbeat successful
[2016-05-11 14:26:16,061][kafka.coordinator][INFO]Heartbeat successful
[2016-05-11 14:26:19,081][kafka.coordinator][INFO]Heartbeat successful
[2016-05-11 14:26:22,141][kafka.coordinator][INFO]Heartbeat successful
[2016-05-11 14:26:25,163][kafka.coordinator][INFO]Heartbeat successful
[2016-05-11 14:26:28,179][kafka.coordinator][INFO]Heartbeat successful
[2016-05-11 14:26:31,237][kafka.coordinator][INFO]Heartbeat successful
[2016-05-11 14:26:34,250][kafka.coordinator][INFO]Heartbeat successful
[2016-05-11 14:26:37,150][kafka.coordinator][INFO]Heartbeat successful
[2016-05-11 14:26:40,166][kafka.coordinator][INFO]Heartbeat successful
[2016-05-11 14:26:43,221][kafka.coordinator][INFO]Heartbeat successful
[2016-05-11 14:26:46,239][kafka.coordinator][INFO]Heartbeat successful
[2016-05-11 14:26:49,257][kafka.coordinator][INFO]Heartbeat successful
[2016-05-11 14:26:52,315][kafka.coordinator][INFO]Heartbeat successful
[2016-05-11 14:26:55,332][kafka.coordinator][INFO]Heartbeat successful
[2016-05-11 14:26:58,355][kafka.coordinator][INFO]Heartbeat successful
[2016-05-11 14:27:01,417][kafka.coordinator][INFO]Heartbeat successful
[2016-05-11 14:27:04,443][kafka.coordinator][INFO]Heartbeat successful
[2016-05-11 14:27:07,465][kafka.coordinator][INFO]Heartbeat successful
[2016-05-11 14:27:10,480][kafka.coordinator][INFO]Heartbeat successful
[2016-05-11 14:27:13,036][kafka.coordinator][INFO]Heartbeat successful
[2016-05-11 14:27:16,058][kafka.coordinator][INFO]Heartbeat successful
[2016-05-11 14:27:19,071][kafka.coordinator][INFO]Heartbeat successful
