Beginning task setup

/usr/bin/flock
Using existing venv: /tmp/petrel-test-4-1462969332/venv
Task setup took 0 seconds
Launching: python -m petrel.run kafkaconsumer /home/pipe/twitterintel/twitterintel/topology/TopologyTweetTransformationSPAM/petrel21768_kafkaconsumer.log
/usr/local/lib/python2.7/dist-packages/petrel-0.9.4.0.3-py2.7.egg/petrel/run.py invoked with the following arguments: ['kafkaconsumer', '/home/pipe/twitterintel/twitterintel/topology/TopologyTweetTransformationSPAM/petrel21768_kafkaconsumer.log']
python version: 2.7.11
user=root
PATH=/tmp/petrel-test-4-1462969332/venv/bin:/root/SimpleScalar/simplesim-3.0:/root/SimpleScalar/bin:/root/SimpleScalar/gcc-2.6.3:/root/SimpleScalar/bin:/usr/local/sbin:/usr/local/bin:/usr/sbin:/usr/bin:/sbin:/bin:/usr/games:/usr/local/games:/home/pipe/Downloads/zookeeper-3.4.8/bin:/home/pipe/Downloads/apache-storm-0.9.4/bin
LD_LIBRARY_PATH=storm-local/supervisor/stormdist/test-4-1462969332/resources/Linux-amd64:storm-local/supervisor/stormdist/test-4-1462969332/resources:/usr/local/lib:/opt/local/lib:/usr/lib
PYTHON_EGG_CACHE=/tmp/petrel-test-4-1462969332/egg_cache
[2016-05-11 17:36:06,985][storm][INFO]Tuple profiling enabled. Will log tuple processing times.
[2016-05-11 17:36:07,529][storm][INFO]Task received setupInfo from Storm: {u'pidDir': u'/home/pipe/storm-local/workers/be87b2ee-cf0e-4740-b8af-e5c5dcf383d3/pids', u'conf': {u'oauth.acess_token': u' 702208758362087425-HZiyl1x7Bh98cQa1WLBDYylyu10Bpl7', u'topology.tuple.serializer': u'backtype.storm.serialization.types.ListDelegateSerializer', u'topology.workers': 1, u'drpc.worker.threads': 64, u'storm.messaging.netty.client_worker_threads': 1, u'supervisor.heartbeat.frequency.secs': 5, u'topology.executor.send.buffer.size': 1024, u'drpc.childopts': u'-Xmx768m', u'nimbus.thrift.port': 6627, u'storm.zookeeper.retry.intervalceiling.millis': 30000, u'storm.local.dir': u'storm-local', u'topology.receiver.buffer.size': 8, u'storm.zookeeper.servers': [u'localhost'], u'oauth.consumer_secret': u'ADf76fi3O1lKMzBxWnjqf93l3GHv28uar3bkblkvyBrAyoA23i', u'transactional.zookeeper.root': u'/transactional', u'drpc.request.timeout.secs': 600, u'topology.skip.missing.kryo.registrations': False, u'worker.heartbeat.frequency.secs': 1, u'zmq.hwm': 0, u'storm.zookeeper.connection.timeout': 15000, u'java.library.path': u'/usr/local/lib:/opt/local/lib:/usr/lib', u'topology.max.error.report.per.interval': 5, u'storm.messaging.netty.server_worker_threads': 1, u'storm.id': u'test-4-1462969332', u'supervisor.worker.start.timeout.secs': 120, u'zmq.threads': 1, u'topology.acker.executors': None, u'storm.messaging.netty.flush.check.interval.ms': 10, u'storm.messaging.netty.transfer.batch.size': 262144, u'topology.max.task.parallelism': None, u'topology.environment': None, u'storm.zookeeper.port': 2181, u'nimbus.childopts': u'-Xmx1024m', u'topology.classpath': None, u'worker.childopts': u'-Xmx768m', u'drpc.queue.size': 128, u'topology.multilang.serializer': u'backtype.storm.multilang.JsonSerializer', u'storm.zookeeper.retry.times': 5, u'nimbus.monitor.freq.secs': 10, u'storm.cluster.mode': u'distributed', u'dev.zookeeper.path': u'/tmp/dev-storm-zookeeper', u'drpc.invocations.port': 3773, u'topology.tasks': None, u'storm.zookeeper.root': u'/storm', u'logviewer.childopts': u'-Xmx128m', u'storm.meta.serialization.delegate': u'backtype.storm.serialization.DefaultSerializationDelegate', u'transactional.zookeeper.port': None, u'topology.worker.receiver.thread.count': 1, u'topology.worker.childopts': None, u'topology.max.spout.pending': None, u'topology.kryo.register': None, u'petrel.host': u'pipe-X550CC', u'nimbus.cleanup.inbox.freq.secs': 600, u'storm.messaging.netty.min_wait_ms': 100, u'nimbus.task.timeout.secs': 30, u'nimbus.thrift.max_buffer_size': 1048576, u'topology.sleep.spout.wait.strategy.time.ms': 1, u'nimbus.reassign': True, u'storm.messaging.transport': u'backtype.storm.messaging.netty.Context', u'logviewer.appender.name': u'A1', u'nimbus.host': u'localhost', u'ui.port': 8080, u'supervisor.slots.ports': [6700, 6701, 6702, 6703], u'nimbus.file.copy.expiration.secs': 600, u'supervisor.monitor.frequency.secs': 3, u'ui.childopts': u'-Xmx768m', u'transactional.zookeeper.servers': None, u'zmq.linger.millis': 5000, u'topology.error.throttle.interval.secs': 10, u'topology.worker.shared.thread.pool.size': 4, u'topology.executor.receive.buffer.size': 1024, u'topology.spout.wait.strategy': u'backtype.storm.spout.SleepSpoutWaitStrategy', u'task.heartbeat.frequency.secs': 3, u'topology.transfer.buffer.size': 1024, u'storm.zookeeper.session.timeout': 20000, u'storm.local.mode.zmq': False, u'topology.stats.sample.rate': 0.05, u'topology.fall.back.on.java.serialization': True, u'supervisor.childopts': u'-Xmx256m', u'topology.enable.message.timeouts': True, u'storm.messaging.netty.max_wait_ms': 1000, u'nimbus.topology.validator': u'backtype.storm.nimbus.DefaultTopologyValidator', u'nimbus.supervisor.timeout.secs': 60, u'topology.disruptor.wait.strategy': u'com.lmax.disruptor.BlockingWaitStrategy', u'storm.messaging.netty.buffer_size': 5242880, u'drpc.port': 3772, u'topology.kryo.factory': u'backtype.storm.serialization.DefaultKryoFactory', u'storm.zookeeper.retry.interval': 1000, u'storm.messaging.netty.max_retries': 300, u'topology.tick.tuple.freq.secs': 30, u'supervisor.enable': True, u'nimbus.task.launch.secs': 120, u'task.refresh.poll.secs': 10, u'topology.message.timeout.secs': 30, u'oauth.acess_token_secret': u'IiNOTfgE3tEZvW2HDQhRKPMoOLU43NXJCXk8maj51SdAT', u'petrel.user': u'root', u'nimbus.inbox.jar.expiration.secs': 3600, u'topology.state.synchronization.timeout.secs': 60, u'topology.name': u'test', u'supervisor.worker.timeout.secs': 30, u'topology.trident.batch.emit.interval.millis': 500, u'topology.builtin.metrics.bucket.size.secs': 60, u'storm.thrift.transport': u'backtype.storm.security.auth.SimpleTransportPlugin', u'logviewer.port': 8000, u'oauth.consumer_key': u'eaFmBSxUveRJfmyZYeabti9Q9', u'topology.kryo.decorators': [], u'topology.debug': False}, u'context': {u'task->component': {u'1': u'CountThreeWords', u'3': u'CountWord', u'2': u'CountTwoWords', u'5': u'ThreeWordDivider', u'4': u'KafkaConsumer', u'7': u'WordDivider', u'6': u'TwoWordDivider', u'8': u'__acker'}, u'taskid': 4}}
[2016-05-11 17:36:07,549][storm][INFO]Task sent pid to Storm
[2016-05-11 17:36:07,721][kafka.client][INFO]Broker version identifed as 0.9
[2016-05-11 17:36:07,758][kafka.consumer.subscription_state][INFO]Updating subscribed topics to: ['instanttopic']
[2016-05-11 17:36:07,836][kafka.cluster][INFO]Group coordinator for kafka-python-default-group is BrokerMetadata(nodeId=0, host=u'pipe-X550CC', port=9092)
[2016-05-11 17:36:14,081][kafka.coordinator][INFO]Joined group 'kafka-python-default-group' (generation 37) with member_id kafka-python-1.0.2-42c30e2a-ceff-413d-ba6a-881639a5e4be
[2016-05-11 17:36:14,085][kafka.consumer.subscription_state][INFO]Updated partition assignment: [TopicPartition(topic=u'instanttopic', partition=0)]
[2016-05-11 17:36:17,180][kafka.coordinator][INFO]Heartbeat successful
[2016-05-11 17:36:20,201][kafka.coordinator][INFO]Heartbeat successful
[2016-05-11 17:36:23,216][kafka.coordinator][INFO]Heartbeat successful
[2016-05-11 17:36:26,271][kafka.coordinator][INFO]Heartbeat successful
[2016-05-11 17:36:29,285][kafka.coordinator][INFO]Heartbeat successful
[2016-05-11 17:36:32,306][kafka.coordinator][INFO]Heartbeat successful
[2016-05-11 17:36:35,364][kafka.coordinator][INFO]Heartbeat successful
[2016-05-11 17:36:38,380][kafka.coordinator][INFO]Heartbeat successful
[2016-05-11 17:36:41,402][kafka.coordinator][INFO]Heartbeat successful
[2016-05-11 17:36:44,421][kafka.coordinator][INFO]Heartbeat successful
[2016-05-11 17:36:47,474][kafka.coordinator][INFO]Heartbeat successful
[2016-05-11 17:36:50,487][kafka.coordinator][INFO]Heartbeat successful
[2016-05-11 17:36:53,506][kafka.coordinator][INFO]Heartbeat successful
[2016-05-11 17:36:56,559][kafka.coordinator][INFO]Heartbeat successful
[2016-05-11 17:36:59,580][kafka.coordinator][INFO]Heartbeat successful
[2016-05-11 17:37:02,101][kafka.coordinator][INFO]Heartbeat successful
[2016-05-11 17:37:05,162][kafka.coordinator][INFO]Heartbeat successful
[2016-05-11 17:37:08,184][kafka.coordinator][INFO]Heartbeat successful
[2016-05-11 17:37:11,239][kafka.coordinator][INFO]Heartbeat successful
[2016-05-11 17:37:14,257][kafka.coordinator][INFO]Heartbeat successful
[2016-05-11 17:37:17,272][kafka.coordinator][INFO]Heartbeat successful
[2016-05-11 17:37:20,327][kafka.coordinator][INFO]Heartbeat successful
[2016-05-11 17:37:23,345][kafka.coordinator][INFO]Heartbeat successful
[2016-05-11 17:37:26,367][kafka.coordinator][INFO]Heartbeat successful
[2016-05-11 17:37:29,388][kafka.coordinator][INFO]Heartbeat successful
[2016-05-11 17:37:32,446][kafka.coordinator][INFO]Heartbeat successful
[2016-05-11 17:37:35,461][kafka.coordinator][INFO]Heartbeat successful
[2016-05-11 17:37:38,478][kafka.coordinator][INFO]Heartbeat successful
[2016-05-11 17:37:41,534][kafka.coordinator][INFO]Heartbeat successful
[2016-05-11 17:37:44,550][kafka.coordinator][INFO]Heartbeat successful
[2016-05-11 17:37:47,567][kafka.coordinator][INFO]Heartbeat successful
[2016-05-11 17:37:50,622][kafka.coordinator][INFO]Heartbeat successful
[2016-05-11 17:37:53,137][kafka.coordinator][INFO]Heartbeat successful
[2016-05-11 17:37:56,199][kafka.coordinator][INFO]Heartbeat successful
[2016-05-11 17:37:59,217][kafka.coordinator][INFO]Heartbeat successful
[2016-05-11 17:38:02,295][kafka.coordinator][INFO]Heartbeat successful
[2016-05-11 17:38:05,316][kafka.coordinator][INFO]Heartbeat successful
[2016-05-11 17:38:08,338][kafka.coordinator][INFO]Heartbeat successful
[2016-05-11 17:38:11,402][kafka.coordinator][INFO]Heartbeat successful
[2016-05-11 17:38:14,423][kafka.coordinator][INFO]Heartbeat successful
[2016-05-11 17:38:17,442][kafka.coordinator][INFO]Heartbeat successful
[2016-05-11 17:38:20,463][kafka.coordinator][INFO]Heartbeat successful
[2016-05-11 17:38:23,523][kafka.coordinator][INFO]Heartbeat successful
[2016-05-11 17:38:26,554][kafka.coordinator][INFO]Heartbeat successful
[2016-05-11 17:38:29,577][kafka.coordinator][INFO]Heartbeat successful
[2016-05-11 17:38:32,601][kafka.coordinator][INFO]Heartbeat successful
[2016-05-11 17:38:35,130][kafka.coordinator][INFO]Heartbeat successful
[2016-05-11 17:38:38,194][kafka.coordinator][INFO]Heartbeat successful
[2016-05-11 17:38:41,261][kafka.coordinator][INFO]Heartbeat successful
[2016-05-11 17:38:44,286][kafka.coordinator][INFO]Heartbeat successful
[2016-05-11 17:38:47,303][kafka.coordinator][INFO]Heartbeat successful
[2016-05-11 17:38:50,318][kafka.coordinator][INFO]Heartbeat successful
[2016-05-11 17:38:53,374][kafka.coordinator][INFO]Heartbeat successful
[2016-05-11 17:38:56,392][kafka.coordinator][INFO]Heartbeat successful
[2016-05-11 17:38:59,404][kafka.coordinator][INFO]Heartbeat successful
[2016-05-11 17:39:02,464][kafka.coordinator][INFO]Heartbeat successful
[2016-05-11 17:39:05,477][kafka.coordinator][INFO]Heartbeat successful
[2016-05-11 17:39:08,492][kafka.coordinator][WARNING]Heartbeat: group is rebalancing; this consumer needs to re-join
[2016-05-11 17:39:08,492][kafka.coordinator][WARNING]Heartbeat failed; retrying
[2016-05-11 17:39:08,593][kafka.coordinator][INFO]Skipping heartbeat: no auto-assignment or waiting on rebalance
[2016-05-11 17:39:14,288][kafka.coordinator][INFO]Joined group 'kafka-python-default-group' (generation 38) with member_id kafka-python-1.0.2-42c30e2a-ceff-413d-ba6a-881639a5e4be
[2016-05-11 17:39:14,470][kafka.consumer.subscription_state][INFO]Updated partition assignment: [TopicPartition(topic=u'instanttopic', partition=0)]
[2016-05-11 17:39:17,531][kafka.coordinator][INFO]Heartbeat successful
[2016-05-11 17:39:20,549][kafka.coordinator][INFO]Heartbeat successful
[2016-05-11 17:39:23,572][kafka.coordinator][INFO]Heartbeat successful
[2016-05-11 17:39:26,815][kafka.coordinator][INFO]Heartbeat successful
[2016-05-11 17:39:29,842][kafka.coordinator][INFO]Heartbeat successful
[2016-05-11 17:39:32,905][kafka.coordinator][INFO]Heartbeat successful
[2016-05-11 17:39:35,942][kafka.coordinator][INFO]Heartbeat successful
[2016-05-11 17:39:38,960][kafka.coordinator][INFO]Heartbeat successful
[2016-05-11 17:39:41,478][kafka.coordinator][INFO]Heartbeat successful
[2016-05-11 17:39:44,536][kafka.coordinator][INFO]Heartbeat successful
[2016-05-11 17:39:47,557][kafka.coordinator][INFO]Heartbeat successful
[2016-05-11 17:39:50,786][kafka.coordinator][INFO]Heartbeat successful
[2016-05-11 17:39:53,491][kafka.coordinator][INFO]Heartbeat successful
[2016-05-11 17:39:56,851][kafka.coordinator][INFO]Heartbeat successful
[2016-05-11 17:39:59,488][kafka.coordinator][INFO]Heartbeat successful
[2016-05-11 17:40:02,948][kafka.coordinator][INFO]Heartbeat successful
[2016-05-11 17:40:05,781][kafka.coordinator][INFO]Heartbeat successful
[2016-05-11 17:40:08,987][kafka.coordinator][INFO]Heartbeat successful
[2016-05-11 17:40:11,528][kafka.coordinator][INFO]Heartbeat successful
[2016-05-11 17:40:14,549][kafka.coordinator][INFO]Heartbeat successful
[2016-05-11 17:40:17,606][kafka.coordinator][INFO]Heartbeat successful
[2016-05-11 17:40:20,619][kafka.coordinator][INFO]Heartbeat successful
[2016-05-11 17:40:23,642][kafka.coordinator][INFO]Heartbeat successful
[2016-05-11 17:40:26,660][kafka.coordinator][INFO]Heartbeat successful
[2016-05-11 17:40:29,714][kafka.coordinator][INFO]Heartbeat successful
[2016-05-11 17:40:32,729][kafka.coordinator][INFO]Heartbeat successful
[2016-05-11 17:40:35,745][kafka.coordinator][INFO]Heartbeat successful
[2016-05-11 17:40:38,807][kafka.coordinator][INFO]Heartbeat successful
[2016-05-11 17:40:41,823][kafka.coordinator][INFO]Heartbeat successful
[2016-05-11 17:40:44,839][kafka.coordinator][INFO]Heartbeat successful
[2016-05-11 17:40:47,896][kafka.coordinator][INFO]Heartbeat successful
[2016-05-11 17:40:50,919][kafka.coordinator][INFO]Heartbeat successful
[2016-05-11 17:40:53,934][kafka.coordinator][INFO]Heartbeat successful
[2016-05-11 17:40:56,947][kafka.coordinator][INFO]Heartbeat successful
[2016-05-11 17:40:59,499][kafka.coordinator][INFO]Heartbeat successful
[2016-05-11 17:41:02,548][kafka.coordinator][INFO]Heartbeat successful
[2016-05-11 17:41:05,562][kafka.coordinator][INFO]Heartbeat successful
[2016-05-11 17:41:08,621][kafka.coordinator][INFO]Heartbeat successful
[2016-05-11 17:41:11,636][kafka.coordinator][INFO]Heartbeat successful
[2016-05-11 17:41:14,657][kafka.coordinator][INFO]Heartbeat successful
[2016-05-11 17:41:17,719][kafka.coordinator][INFO]Heartbeat successful
[2016-05-11 17:41:20,738][kafka.coordinator][INFO]Heartbeat successful
[2016-05-11 17:41:23,759][kafka.coordinator][INFO]Heartbeat successful
[2016-05-11 17:41:26,780][kafka.coordinator][INFO]Heartbeat successful
[2016-05-11 17:41:29,833][kafka.coordinator][INFO]Heartbeat successful
[2016-05-11 17:41:32,848][kafka.coordinator][INFO]Heartbeat successful
