Beginning task setup

/usr/bin/flock
Using existing venv: /tmp/petrel-test-4-1462969332/venv
Task setup took 0 seconds
Launching: python -m petrel.run kafkaconsumer /home/pipe/twitterintel/twitterintel/topology/TopologyTweetTransformationSPAM/petrel19448_kafkaconsumer.log
/usr/local/lib/python2.7/dist-packages/petrel-0.9.4.0.3-py2.7.egg/petrel/run.py invoked with the following arguments: ['kafkaconsumer', '/home/pipe/twitterintel/twitterintel/topology/TopologyTweetTransformationSPAM/petrel19448_kafkaconsumer.log']
python version: 2.7.11
user=root
PATH=/tmp/petrel-test-4-1462969332/venv/bin:/root/SimpleScalar/simplesim-3.0:/root/SimpleScalar/bin:/root/SimpleScalar/gcc-2.6.3:/root/SimpleScalar/bin:/usr/local/sbin:/usr/local/bin:/usr/sbin:/usr/bin:/sbin:/bin:/usr/games:/usr/local/games:/home/pipe/Downloads/zookeeper-3.4.8/bin:/home/pipe/Downloads/apache-storm-0.9.4/bin
LD_LIBRARY_PATH=storm-local/supervisor/stormdist/test-4-1462969332/resources/Linux-amd64:storm-local/supervisor/stormdist/test-4-1462969332/resources:/usr/local/lib:/opt/local/lib:/usr/lib
PYTHON_EGG_CACHE=/tmp/petrel-test-4-1462969332/egg_cache
[2016-05-11 17:24:22,995][storm][INFO]Tuple profiling enabled. Will log tuple processing times.
[2016-05-11 17:24:23,142][storm][INFO]Task received setupInfo from Storm: {u'pidDir': u'/home/pipe/storm-local/workers/989c9537-90fb-469a-8b10-b598dfb23e0c/pids', u'conf': {u'oauth.acess_token': u' 702208758362087425-HZiyl1x7Bh98cQa1WLBDYylyu10Bpl7', u'topology.tuple.serializer': u'backtype.storm.serialization.types.ListDelegateSerializer', u'topology.workers': 1, u'drpc.worker.threads': 64, u'storm.messaging.netty.client_worker_threads': 1, u'supervisor.heartbeat.frequency.secs': 5, u'topology.executor.send.buffer.size': 1024, u'drpc.childopts': u'-Xmx768m', u'nimbus.thrift.port': 6627, u'storm.zookeeper.retry.intervalceiling.millis': 30000, u'storm.local.dir': u'storm-local', u'topology.receiver.buffer.size': 8, u'storm.zookeeper.servers': [u'localhost'], u'oauth.consumer_secret': u'ADf76fi3O1lKMzBxWnjqf93l3GHv28uar3bkblkvyBrAyoA23i', u'transactional.zookeeper.root': u'/transactional', u'drpc.request.timeout.secs': 600, u'topology.skip.missing.kryo.registrations': False, u'worker.heartbeat.frequency.secs': 1, u'zmq.hwm': 0, u'storm.zookeeper.connection.timeout': 15000, u'java.library.path': u'/usr/local/lib:/opt/local/lib:/usr/lib', u'topology.max.error.report.per.interval': 5, u'storm.messaging.netty.server_worker_threads': 1, u'storm.id': u'test-4-1462969332', u'supervisor.worker.start.timeout.secs': 120, u'zmq.threads': 1, u'topology.acker.executors': None, u'storm.messaging.netty.flush.check.interval.ms': 10, u'storm.messaging.netty.transfer.batch.size': 262144, u'topology.max.task.parallelism': None, u'topology.environment': None, u'storm.zookeeper.port': 2181, u'nimbus.childopts': u'-Xmx1024m', u'topology.classpath': None, u'worker.childopts': u'-Xmx768m', u'drpc.queue.size': 128, u'topology.multilang.serializer': u'backtype.storm.multilang.JsonSerializer', u'storm.zookeeper.retry.times': 5, u'nimbus.monitor.freq.secs': 10, u'storm.cluster.mode': u'distributed', u'dev.zookeeper.path': u'/tmp/dev-storm-zookeeper', u'drpc.invocations.port': 3773, u'topology.tasks': None, u'storm.zookeeper.root': u'/storm', u'logviewer.childopts': u'-Xmx128m', u'storm.meta.serialization.delegate': u'backtype.storm.serialization.DefaultSerializationDelegate', u'transactional.zookeeper.port': None, u'topology.worker.receiver.thread.count': 1, u'topology.worker.childopts': None, u'topology.max.spout.pending': None, u'topology.kryo.register': None, u'petrel.host': u'pipe-X550CC', u'nimbus.cleanup.inbox.freq.secs': 600, u'storm.messaging.netty.min_wait_ms': 100, u'nimbus.task.timeout.secs': 30, u'nimbus.thrift.max_buffer_size': 1048576, u'topology.sleep.spout.wait.strategy.time.ms': 1, u'nimbus.reassign': True, u'storm.messaging.transport': u'backtype.storm.messaging.netty.Context', u'logviewer.appender.name': u'A1', u'nimbus.host': u'localhost', u'ui.port': 8080, u'supervisor.slots.ports': [6700, 6701, 6702, 6703], u'nimbus.file.copy.expiration.secs': 600, u'supervisor.monitor.frequency.secs': 3, u'ui.childopts': u'-Xmx768m', u'transactional.zookeeper.servers': None, u'zmq.linger.millis': 5000, u'topology.error.throttle.interval.secs': 10, u'topology.worker.shared.thread.pool.size': 4, u'topology.executor.receive.buffer.size': 1024, u'topology.spout.wait.strategy': u'backtype.storm.spout.SleepSpoutWaitStrategy', u'task.heartbeat.frequency.secs': 3, u'topology.transfer.buffer.size': 1024, u'storm.zookeeper.session.timeout': 20000, u'storm.local.mode.zmq': False, u'topology.stats.sample.rate': 0.05, u'topology.fall.back.on.java.serialization': True, u'supervisor.childopts': u'-Xmx256m', u'topology.enable.message.timeouts': True, u'storm.messaging.netty.max_wait_ms': 1000, u'nimbus.topology.validator': u'backtype.storm.nimbus.DefaultTopologyValidator', u'nimbus.supervisor.timeout.secs': 60, u'topology.disruptor.wait.strategy': u'com.lmax.disruptor.BlockingWaitStrategy', u'storm.messaging.netty.buffer_size': 5242880, u'drpc.port': 3772, u'topology.kryo.factory': u'backtype.storm.serialization.DefaultKryoFactory', u'storm.zookeeper.retry.interval': 1000, u'storm.messaging.netty.max_retries': 300, u'topology.tick.tuple.freq.secs': 30, u'supervisor.enable': True, u'nimbus.task.launch.secs': 120, u'task.refresh.poll.secs': 10, u'topology.message.timeout.secs': 30, u'oauth.acess_token_secret': u'IiNOTfgE3tEZvW2HDQhRKPMoOLU43NXJCXk8maj51SdAT', u'petrel.user': u'root', u'nimbus.inbox.jar.expiration.secs': 3600, u'topology.state.synchronization.timeout.secs': 60, u'topology.name': u'test', u'supervisor.worker.timeout.secs': 30, u'topology.trident.batch.emit.interval.millis': 500, u'topology.builtin.metrics.bucket.size.secs': 60, u'storm.thrift.transport': u'backtype.storm.security.auth.SimpleTransportPlugin', u'logviewer.port': 8000, u'oauth.consumer_key': u'eaFmBSxUveRJfmyZYeabti9Q9', u'topology.kryo.decorators': [], u'topology.debug': False}, u'context': {u'task->component': {u'1': u'CountThreeWords', u'3': u'CountWord', u'2': u'CountTwoWords', u'5': u'ThreeWordDivider', u'4': u'KafkaConsumer', u'7': u'WordDivider', u'6': u'TwoWordDivider', u'8': u'__acker'}, u'taskid': 4}}
[2016-05-11 17:24:23,143][storm][INFO]Task sent pid to Storm
[2016-05-11 17:24:23,293][kafka.client][INFO]Broker version identifed as 0.9
[2016-05-11 17:24:23,295][kafka.consumer.subscription_state][INFO]Updating subscribed topics to: ['instanttopic']
[2016-05-11 17:24:23,376][kafka.cluster][INFO]Group coordinator for kafka-python-default-group is BrokerMetadata(nodeId=0, host=u'pipe-X550CC', port=9092)
[2016-05-11 17:24:26,821][kafka.coordinator][INFO]Joined group 'kafka-python-default-group' (generation 31) with member_id kafka-python-1.0.2-9ba74bb7-f39c-4323-b0a9-233dcde4a7bc
[2016-05-11 17:24:27,043][kafka.consumer.subscription_state][INFO]Updated partition assignment: [TopicPartition(topic=u'instanttopic', partition=0)]
[2016-05-11 17:24:30,098][kafka.coordinator][INFO]Heartbeat successful
[2016-05-11 17:24:33,121][kafka.coordinator][INFO]Heartbeat successful
[2016-05-11 17:24:36,141][kafka.coordinator][INFO]Heartbeat successful
[2016-05-11 17:24:39,191][kafka.coordinator][INFO]Heartbeat successful
[2016-05-11 17:24:42,201][kafka.coordinator][INFO]Heartbeat successful
[2016-05-11 17:24:45,215][kafka.coordinator][INFO]Heartbeat successful
[2016-05-11 17:24:48,279][kafka.coordinator][INFO]Heartbeat successful
[2016-05-11 17:24:51,297][kafka.coordinator][INFO]Heartbeat successful
[2016-05-11 17:24:54,312][kafka.coordinator][INFO]Heartbeat successful
[2016-05-11 17:24:57,331][kafka.coordinator][INFO]Heartbeat successful
[2016-05-11 17:25:00,385][kafka.coordinator][INFO]Heartbeat successful
[2016-05-11 17:25:03,403][kafka.coordinator][INFO]Heartbeat successful
[2016-05-11 17:25:06,420][kafka.coordinator][INFO]Heartbeat successful
[2016-05-11 17:25:09,474][kafka.coordinator][INFO]Heartbeat successful
[2016-05-11 17:25:12,488][kafka.coordinator][INFO]Heartbeat successful
[2016-05-11 17:25:15,501][kafka.coordinator][INFO]Heartbeat successful
[2016-05-11 17:25:18,553][kafka.coordinator][INFO]Heartbeat successful
[2016-05-11 17:25:21,069][kafka.coordinator][INFO]Heartbeat successful
[2016-05-11 17:25:24,124][kafka.coordinator][INFO]Heartbeat successful
[2016-05-11 17:25:27,142][kafka.coordinator][INFO]Heartbeat successful
[2016-05-11 17:25:30,206][kafka.coordinator][INFO]Heartbeat successful
[2016-05-11 17:25:33,228][kafka.coordinator][INFO]Heartbeat successful
[2016-05-11 17:25:36,248][kafka.coordinator][INFO]Heartbeat successful
[2016-05-11 17:25:39,311][kafka.coordinator][INFO]Heartbeat successful
[2016-05-11 17:25:42,334][kafka.coordinator][INFO]Heartbeat successful
[2016-05-11 17:25:45,360][kafka.coordinator][INFO]Heartbeat successful
[2016-05-11 17:25:48,421][kafka.coordinator][INFO]Heartbeat successful
[2016-05-11 17:25:51,441][kafka.coordinator][INFO]Heartbeat successful
[2016-05-11 17:25:54,455][kafka.coordinator][INFO]Heartbeat successful
[2016-05-11 17:25:57,465][kafka.coordinator][INFO]Heartbeat successful
[2016-05-11 17:26:00,520][kafka.coordinator][INFO]Heartbeat successful
[2016-05-11 17:26:03,542][kafka.coordinator][INFO]Heartbeat successful
[2016-05-11 17:26:06,558][kafka.coordinator][INFO]Heartbeat successful
[2016-05-11 17:26:09,121][kafka.coordinator][INFO]Heartbeat successful
[2016-05-11 17:26:12,140][kafka.coordinator][INFO]Heartbeat successful
[2016-05-11 17:26:15,157][kafka.coordinator][INFO]Heartbeat successful
[2016-05-11 17:26:18,171][kafka.coordinator][INFO]Heartbeat successful
[2016-05-11 17:26:21,235][kafka.coordinator][INFO]Heartbeat successful
[2016-05-11 17:26:24,255][kafka.coordinator][INFO]Heartbeat successful
[2016-05-11 17:26:27,276][kafka.coordinator][INFO]Heartbeat successful
[2016-05-11 17:26:30,338][kafka.coordinator][INFO]Heartbeat successful
[2016-05-11 17:26:33,352][kafka.coordinator][INFO]Heartbeat successful
[2016-05-11 17:26:36,379][kafka.coordinator][INFO]Heartbeat successful
[2016-05-11 17:26:39,433][kafka.coordinator][INFO]Heartbeat successful
[2016-05-11 17:26:42,450][kafka.coordinator][INFO]Heartbeat successful
[2016-05-11 17:26:45,466][kafka.coordinator][INFO]Heartbeat successful
[2016-05-11 17:26:48,483][kafka.coordinator][INFO]Heartbeat successful
[2016-05-11 17:26:51,538][kafka.coordinator][INFO]Heartbeat successful
[2016-05-11 17:26:54,562][kafka.coordinator][INFO]Heartbeat successful
[2016-05-11 17:26:57,079][kafka.coordinator][INFO]Heartbeat successful
[2016-05-11 17:27:00,126][kafka.coordinator][INFO]Heartbeat successful
[2016-05-11 17:27:03,145][kafka.coordinator][INFO]Heartbeat successful
[2016-05-11 17:27:06,205][kafka.coordinator][INFO]Heartbeat successful
[2016-05-11 17:27:09,219][kafka.coordinator][INFO]Heartbeat successful
[2016-05-11 17:27:12,236][kafka.coordinator][INFO]Heartbeat successful
[2016-05-11 17:27:15,301][kafka.coordinator][INFO]Heartbeat successful
[2016-05-11 17:27:18,317][kafka.coordinator][INFO]Heartbeat successful
[2016-05-11 17:27:21,274][kafka.coordinator][INFO]Heartbeat successful
[2016-05-11 17:27:24,296][kafka.coordinator][INFO]Heartbeat successful
[2016-05-11 17:27:27,394][kafka.coordinator][WARNING]Heartbeat: group is rebalancing; this consumer needs to re-join
[2016-05-11 17:27:27,394][kafka.coordinator][WARNING]Heartbeat failed; retrying
[2016-05-11 17:27:27,495][kafka.coordinator][INFO]Skipping heartbeat: no auto-assignment or waiting on rebalance
[2016-05-11 17:27:27,920][kafka.coordinator][INFO]Joined group 'kafka-python-default-group' (generation 32) with member_id kafka-python-1.0.2-9ba74bb7-f39c-4323-b0a9-233dcde4a7bc
[2016-05-11 17:27:27,920][kafka.coordinator][INFO]Elected group leader -- performing partition assignments using range
[2016-05-11 17:27:27,961][kafka.consumer.subscription_state][INFO]Updated partition assignment: [TopicPartition(topic=u'instanttopic', partition=0)]
[2016-05-11 17:27:31,239][kafka.coordinator][WARNING]Heartbeat: group is rebalancing; this consumer needs to re-join
[2016-05-11 17:27:31,239][kafka.coordinator][WARNING]Heartbeat failed; retrying
[2016-05-11 17:27:31,340][kafka.coordinator][INFO]Skipping heartbeat: no auto-assignment or waiting on rebalance
[2016-05-11 17:27:31,752][kafka.coordinator][INFO]Joined group 'kafka-python-default-group' (generation 33) with member_id kafka-python-1.0.2-9ba74bb7-f39c-4323-b0a9-233dcde4a7bc
[2016-05-11 17:27:31,753][kafka.coordinator][INFO]Elected group leader -- performing partition assignments using range
[2016-05-11 17:27:31,753][kafka.coordinator.assignors.range][WARNING]No partition metadata for topic goodtopic
[2016-05-11 17:27:31,978][kafka.coordinator][INFO]Joined group 'kafka-python-default-group' (generation 33) with member_id kafka-python-1.0.2-9ba74bb7-f39c-4323-b0a9-233dcde4a7bc
[2016-05-11 17:27:31,978][kafka.coordinator][INFO]Elected group leader -- performing partition assignments using range
[2016-05-11 17:27:32,019][kafka.consumer.subscription_state][INFO]Updated partition assignment: [TopicPartition(topic=u'instanttopic', partition=0)]
[2016-05-11 17:27:35,134][kafka.coordinator][INFO]Heartbeat successful
[2016-05-11 17:27:38,218][kafka.coordinator][INFO]Heartbeat successful
[2016-05-11 17:27:41,237][kafka.coordinator][INFO]Heartbeat successful
[2016-05-11 17:27:44,347][kafka.coordinator][INFO]Heartbeat successful
[2016-05-11 17:27:47,433][kafka.coordinator][INFO]Heartbeat successful
[2016-05-11 17:27:50,117][kafka.coordinator][INFO]Heartbeat successful
[2016-05-11 17:27:53,139][kafka.coordinator][INFO]Heartbeat successful
[2016-05-11 17:27:56,223][kafka.coordinator][INFO]Heartbeat successful
[2016-05-11 17:27:59,277][kafka.coordinator][INFO]Heartbeat successful
[2016-05-11 17:28:02,300][kafka.coordinator][INFO]Heartbeat successful
[2016-05-11 17:28:05,360][kafka.coordinator][INFO]Heartbeat successful
[2016-05-11 17:28:08,401][kafka.coordinator][INFO]Heartbeat successful
[2016-05-11 17:28:11,416][kafka.coordinator][INFO]Heartbeat successful
[2016-05-11 17:28:14,571][kafka.coordinator][INFO]Heartbeat successful
[2016-05-11 17:28:17,108][kafka.coordinator][INFO]Heartbeat successful
[2016-05-11 17:28:20,137][kafka.coordinator][INFO]Heartbeat successful
[2016-05-11 17:28:23,171][kafka.coordinator][INFO]Heartbeat successful
[2016-05-11 17:28:26,197][kafka.coordinator][INFO]Heartbeat successful
[2016-05-11 17:28:29,253][kafka.coordinator][INFO]Heartbeat successful
[2016-05-11 17:28:32,272][kafka.coordinator][INFO]Heartbeat successful
[2016-05-11 17:28:35,303][kafka.coordinator][INFO]Heartbeat successful
[2016-05-11 17:28:38,323][kafka.coordinator][INFO]Heartbeat successful
[2016-05-11 17:28:41,345][kafka.coordinator][INFO]Heartbeat successful
[2016-05-11 17:28:44,403][kafka.coordinator][INFO]Heartbeat successful
[2016-05-11 17:28:47,424][kafka.coordinator][INFO]Heartbeat successful
[2016-05-11 17:28:50,444][kafka.coordinator][INFO]Heartbeat successful
[2016-05-11 17:28:53,457][kafka.coordinator][INFO]Heartbeat successful
[2016-05-11 17:28:56,313][kafka.coordinator][INFO]Heartbeat successful
[2016-05-11 17:28:59,332][kafka.coordinator][INFO]Heartbeat successful
[2016-05-11 17:29:02,353][kafka.coordinator][INFO]Heartbeat successful
[2016-05-11 17:29:05,411][kafka.coordinator][INFO]Heartbeat successful
[2016-05-11 17:29:08,444][kafka.coordinator][INFO]Heartbeat successful
[2016-05-11 17:29:11,466][kafka.coordinator][INFO]Heartbeat successful
[2016-05-11 17:29:14,532][kafka.coordinator][INFO]Heartbeat successful
[2016-05-11 17:29:17,048][kafka.coordinator][INFO]Heartbeat successful
[2016-05-11 17:29:20,112][kafka.coordinator][INFO]Heartbeat successful
[2016-05-11 17:29:23,134][kafka.coordinator][INFO]Heartbeat successful
[2016-05-11 17:29:26,196][kafka.coordinator][INFO]Heartbeat successful
[2016-05-11 17:29:29,214][kafka.coordinator][INFO]Heartbeat successful
[2016-05-11 17:29:32,239][kafka.coordinator][INFO]Heartbeat successful
[2016-05-11 17:29:35,418][kafka.coordinator][INFO]Heartbeat successful
[2016-05-11 17:29:38,177][kafka.coordinator][INFO]Heartbeat successful
[2016-05-11 17:29:41,458][kafka.coordinator][INFO]Heartbeat successful
