Beginning task setup

/usr/bin/flock
Using existing venv: /tmp/petrel-test-4-1462969332/venv
Task setup took 1 seconds
Launching: python -m petrel.run kafkaconsumer /home/pipe/twitterintel/twitterintel/topology/TopologyTweetTransformationSPAM/petrel22757_kafkaconsumer.log
/usr/local/lib/python2.7/dist-packages/petrel-0.9.4.0.3-py2.7.egg/petrel/run.py invoked with the following arguments: ['kafkaconsumer', '/home/pipe/twitterintel/twitterintel/topology/TopologyTweetTransformationSPAM/petrel22757_kafkaconsumer.log']
python version: 2.7.11
user=root
PATH=/tmp/petrel-test-4-1462969332/venv/bin:/root/SimpleScalar/simplesim-3.0:/root/SimpleScalar/bin:/root/SimpleScalar/gcc-2.6.3:/root/SimpleScalar/bin:/usr/local/sbin:/usr/local/bin:/usr/sbin:/usr/bin:/sbin:/bin:/usr/games:/usr/local/games:/home/pipe/Downloads/zookeeper-3.4.8/bin:/home/pipe/Downloads/apache-storm-0.9.4/bin
LD_LIBRARY_PATH=storm-local/supervisor/stormdist/test-4-1462969332/resources/Linux-amd64:storm-local/supervisor/stormdist/test-4-1462969332/resources:/usr/local/lib:/opt/local/lib:/usr/lib
PYTHON_EGG_CACHE=/tmp/petrel-test-4-1462969332/egg_cache
[2016-05-11 14:33:57,278][storm][INFO]Tuple profiling enabled. Will log tuple processing times.
[2016-05-11 14:33:57,532][storm][INFO]Task received setupInfo from Storm: {u'pidDir': u'/home/pipe/storm-local/workers/b97b35a4-ac8f-4ff4-b95f-eeeeef5e9af5/pids', u'conf': {u'oauth.acess_token': u' 702208758362087425-HZiyl1x7Bh98cQa1WLBDYylyu10Bpl7', u'topology.tuple.serializer': u'backtype.storm.serialization.types.ListDelegateSerializer', u'topology.workers': 1, u'drpc.worker.threads': 64, u'storm.messaging.netty.client_worker_threads': 1, u'supervisor.heartbeat.frequency.secs': 5, u'topology.executor.send.buffer.size': 1024, u'drpc.childopts': u'-Xmx768m', u'nimbus.thrift.port': 6627, u'storm.zookeeper.retry.intervalceiling.millis': 30000, u'storm.local.dir': u'storm-local', u'topology.receiver.buffer.size': 8, u'storm.zookeeper.servers': [u'localhost'], u'oauth.consumer_secret': u'ADf76fi3O1lKMzBxWnjqf93l3GHv28uar3bkblkvyBrAyoA23i', u'transactional.zookeeper.root': u'/transactional', u'drpc.request.timeout.secs': 600, u'topology.skip.missing.kryo.registrations': False, u'worker.heartbeat.frequency.secs': 1, u'zmq.hwm': 0, u'storm.zookeeper.connection.timeout': 15000, u'java.library.path': u'/usr/local/lib:/opt/local/lib:/usr/lib', u'topology.max.error.report.per.interval': 5, u'storm.messaging.netty.server_worker_threads': 1, u'storm.id': u'test-4-1462969332', u'supervisor.worker.start.timeout.secs': 120, u'zmq.threads': 1, u'topology.acker.executors': None, u'storm.messaging.netty.flush.check.interval.ms': 10, u'storm.messaging.netty.transfer.batch.size': 262144, u'topology.max.task.parallelism': None, u'topology.environment': None, u'storm.zookeeper.port': 2181, u'nimbus.childopts': u'-Xmx1024m', u'topology.classpath': None, u'worker.childopts': u'-Xmx768m', u'drpc.queue.size': 128, u'topology.multilang.serializer': u'backtype.storm.multilang.JsonSerializer', u'storm.zookeeper.retry.times': 5, u'nimbus.monitor.freq.secs': 10, u'storm.cluster.mode': u'distributed', u'dev.zookeeper.path': u'/tmp/dev-storm-zookeeper', u'drpc.invocations.port': 3773, u'topology.tasks': None, u'storm.zookeeper.root': u'/storm', u'logviewer.childopts': u'-Xmx128m', u'storm.meta.serialization.delegate': u'backtype.storm.serialization.DefaultSerializationDelegate', u'transactional.zookeeper.port': None, u'topology.worker.receiver.thread.count': 1, u'topology.worker.childopts': None, u'topology.max.spout.pending': None, u'topology.kryo.register': None, u'petrel.host': u'pipe-X550CC', u'nimbus.cleanup.inbox.freq.secs': 600, u'storm.messaging.netty.min_wait_ms': 100, u'nimbus.task.timeout.secs': 30, u'nimbus.thrift.max_buffer_size': 1048576, u'topology.sleep.spout.wait.strategy.time.ms': 1, u'nimbus.reassign': True, u'storm.messaging.transport': u'backtype.storm.messaging.netty.Context', u'logviewer.appender.name': u'A1', u'nimbus.host': u'localhost', u'ui.port': 8080, u'supervisor.slots.ports': [6700, 6701, 6702, 6703], u'nimbus.file.copy.expiration.secs': 600, u'supervisor.monitor.frequency.secs': 3, u'ui.childopts': u'-Xmx768m', u'transactional.zookeeper.servers': None, u'zmq.linger.millis': 5000, u'topology.error.throttle.interval.secs': 10, u'topology.worker.shared.thread.pool.size': 4, u'topology.executor.receive.buffer.size': 1024, u'topology.spout.wait.strategy': u'backtype.storm.spout.SleepSpoutWaitStrategy', u'task.heartbeat.frequency.secs': 3, u'topology.transfer.buffer.size': 1024, u'storm.zookeeper.session.timeout': 20000, u'storm.local.mode.zmq': False, u'topology.stats.sample.rate': 0.05, u'topology.fall.back.on.java.serialization': True, u'supervisor.childopts': u'-Xmx256m', u'topology.enable.message.timeouts': True, u'storm.messaging.netty.max_wait_ms': 1000, u'nimbus.topology.validator': u'backtype.storm.nimbus.DefaultTopologyValidator', u'nimbus.supervisor.timeout.secs': 60, u'topology.disruptor.wait.strategy': u'com.lmax.disruptor.BlockingWaitStrategy', u'storm.messaging.netty.buffer_size': 5242880, u'drpc.port': 3772, u'topology.kryo.factory': u'backtype.storm.serialization.DefaultKryoFactory', u'storm.zookeeper.retry.interval': 1000, u'storm.messaging.netty.max_retries': 300, u'topology.tick.tuple.freq.secs': 30, u'supervisor.enable': True, u'nimbus.task.launch.secs': 120, u'task.refresh.poll.secs': 10, u'topology.message.timeout.secs': 30, u'oauth.acess_token_secret': u'IiNOTfgE3tEZvW2HDQhRKPMoOLU43NXJCXk8maj51SdAT', u'petrel.user': u'root', u'nimbus.inbox.jar.expiration.secs': 3600, u'topology.state.synchronization.timeout.secs': 60, u'topology.name': u'test', u'supervisor.worker.timeout.secs': 30, u'topology.trident.batch.emit.interval.millis': 500, u'topology.builtin.metrics.bucket.size.secs': 60, u'storm.thrift.transport': u'backtype.storm.security.auth.SimpleTransportPlugin', u'logviewer.port': 8000, u'oauth.consumer_key': u'eaFmBSxUveRJfmyZYeabti9Q9', u'topology.kryo.decorators': [], u'topology.debug': False}, u'context': {u'task->component': {u'1': u'CountThreeWords', u'3': u'CountWord', u'2': u'CountTwoWords', u'5': u'ThreeWordDivider', u'4': u'KafkaConsumer', u'7': u'WordDivider', u'6': u'TwoWordDivider', u'8': u'__acker'}, u'taskid': 4}}
[2016-05-11 14:33:57,541][storm][INFO]Task sent pid to Storm
[2016-05-11 14:33:57,701][kafka.client][INFO]Broker version identifed as 0.9
[2016-05-11 14:33:57,728][kafka.consumer.subscription_state][INFO]Updating subscribed topics to: ['instanttopic']
[2016-05-11 14:33:57,809][kafka.cluster][INFO]Group coordinator for kafka-python-default-group is BrokerMetadata(nodeId=0, host=u'pipe-X550CC', port=9092)
[2016-05-11 14:33:57,849][kafka.coordinator][INFO]Joined group 'kafka-python-default-group' (generation 1) with member_id kafka-python-1.0.2-b7c93121-0ced-4a0c-90e4-be289ddcee92
[2016-05-11 14:33:57,849][kafka.coordinator][INFO]Elected group leader -- performing partition assignments using range
[2016-05-11 14:33:57,889][kafka.consumer.subscription_state][INFO]Updated partition assignment: [TopicPartition(topic=u'instanttopic', partition=0)]
[2016-05-11 14:34:01,313][kafka.coordinator][INFO]Heartbeat successful
[2016-05-11 14:34:04,335][kafka.coordinator][INFO]Heartbeat successful
[2016-05-11 14:34:07,352][kafka.coordinator][INFO]Heartbeat successful
[2016-05-11 14:34:09,904][kafka.coordinator][INFO]Heartbeat successful
[2016-05-11 14:34:12,961][kafka.coordinator][INFO]Heartbeat successful
[2016-05-11 14:34:15,981][kafka.coordinator][INFO]Heartbeat successful
[2016-05-11 14:34:19,040][kafka.coordinator][INFO]Heartbeat successful
[2016-05-11 14:34:22,055][kafka.coordinator][INFO]Heartbeat successful
[2016-05-11 14:34:25,072][kafka.coordinator][INFO]Heartbeat successful
[2016-05-11 14:34:28,091][kafka.coordinator][INFO]Heartbeat successful
[2016-05-11 14:34:31,145][kafka.coordinator][INFO]Heartbeat successful
[2016-05-11 14:34:34,168][kafka.coordinator][INFO]Heartbeat successful
[2016-05-11 14:34:37,186][kafka.coordinator][INFO]Heartbeat successful
[2016-05-11 14:34:40,243][kafka.coordinator][INFO]Heartbeat successful
[2016-05-11 14:34:43,257][kafka.coordinator][INFO]Heartbeat successful
[2016-05-11 14:34:46,272][kafka.coordinator][INFO]Heartbeat successful
[2016-05-11 14:34:49,335][kafka.coordinator][INFO]Heartbeat successful
[2016-05-11 14:34:52,353][kafka.coordinator][INFO]Heartbeat successful
[2016-05-11 14:34:55,369][kafka.coordinator][INFO]Heartbeat successful
[2016-05-11 14:34:58,392][kafka.coordinator][INFO]Heartbeat successful
[2016-05-11 14:35:00,950][kafka.coordinator][INFO]Heartbeat successful
[2016-05-11 14:35:03,969][kafka.coordinator][INFO]Heartbeat successful
[2016-05-11 14:35:06,984][kafka.coordinator][INFO]Heartbeat successful
[2016-05-11 14:35:10,034][kafka.coordinator][INFO]Heartbeat successful
[2016-05-11 14:35:13,042][kafka.coordinator][INFO]Heartbeat successful
[2016-05-11 14:35:16,058][kafka.coordinator][INFO]Heartbeat successful
[2016-05-11 14:35:19,076][kafka.coordinator][INFO]Heartbeat successful
[2016-05-11 14:35:22,128][kafka.coordinator][INFO]Heartbeat successful
[2016-05-11 14:35:25,145][kafka.coordinator][INFO]Heartbeat successful
[2016-05-11 14:35:28,163][kafka.coordinator][INFO]Heartbeat successful
[2016-05-11 14:35:31,218][kafka.coordinator][INFO]Heartbeat successful
[2016-05-11 14:35:34,237][kafka.coordinator][INFO]Heartbeat successful
[2016-05-11 14:35:37,256][kafka.coordinator][INFO]Heartbeat successful
[2016-05-11 14:35:40,315][kafka.coordinator][INFO]Heartbeat successful
[2016-05-11 14:35:43,333][kafka.coordinator][INFO]Heartbeat successful
[2016-05-11 14:35:46,357][kafka.coordinator][INFO]Heartbeat successful
[2016-05-11 14:35:49,383][kafka.coordinator][INFO]Heartbeat successful
[2016-05-11 14:35:51,940][kafka.coordinator][INFO]Heartbeat successful
[2016-05-11 14:35:54,998][kafka.coordinator][INFO]Heartbeat successful
[2016-05-11 14:35:58,018][kafka.coordinator][INFO]Heartbeat successful
[2016-05-11 14:36:01,070][kafka.coordinator][INFO]Heartbeat successful
[2016-05-11 14:36:04,094][kafka.coordinator][INFO]Heartbeat successful
[2016-05-11 14:36:07,116][kafka.coordinator][INFO]Heartbeat successful
[2016-05-11 14:36:10,177][kafka.coordinator][INFO]Heartbeat successful
[2016-05-11 14:36:13,191][kafka.coordinator][INFO]Heartbeat successful
[2016-05-11 14:36:16,210][kafka.coordinator][INFO]Heartbeat successful
[2016-05-11 14:36:19,227][kafka.coordinator][INFO]Heartbeat successful
[2016-05-11 14:36:22,286][kafka.coordinator][INFO]Heartbeat successful
[2016-05-11 14:36:25,304][kafka.coordinator][INFO]Heartbeat successful
[2016-05-11 14:36:28,316][kafka.coordinator][INFO]Heartbeat successful
[2016-05-11 14:36:31,364][kafka.coordinator][INFO]Heartbeat successful
[2016-05-11 14:36:34,146][kafka.coordinator][INFO]Heartbeat successful
[2016-05-11 14:36:37,164][kafka.coordinator][INFO]Heartbeat successful
[2016-05-11 14:36:40,181][kafka.coordinator][INFO]Heartbeat successful
[2016-05-11 14:36:43,233][kafka.coordinator][INFO]Heartbeat successful
[2016-05-11 14:36:46,252][kafka.coordinator][INFO]Heartbeat successful
[2016-05-11 14:36:49,271][kafka.coordinator][INFO]Heartbeat successful
[2016-05-11 14:36:52,331][kafka.coordinator][INFO]Heartbeat successful
[2016-05-11 14:36:55,347][kafka.coordinator][INFO]Heartbeat successful
[2016-05-11 14:36:58,365][kafka.coordinator][INFO]Heartbeat successful
[2016-05-11 14:37:01,423][kafka.coordinator][INFO]Heartbeat successful
[2016-05-11 14:37:03,935][kafka.coordinator][INFO]Heartbeat successful
[2016-05-11 14:37:07,001][kafka.coordinator][INFO]Heartbeat successful
[2016-05-11 14:37:10,025][kafka.coordinator][INFO]Heartbeat successful
[2016-05-11 14:37:13,048][kafka.coordinator][INFO]Heartbeat successful
[2016-05-11 14:37:16,108][kafka.coordinator][INFO]Heartbeat successful
[2016-05-11 14:37:19,127][kafka.coordinator][INFO]Heartbeat successful
[2016-05-11 14:37:22,148][kafka.coordinator][INFO]Heartbeat successful
[2016-05-11 14:37:25,170][kafka.coordinator][INFO]Heartbeat successful
[2016-05-11 14:37:28,231][kafka.coordinator][INFO]Heartbeat successful
[2016-05-11 14:37:31,253][kafka.coordinator][INFO]Heartbeat successful
[2016-05-11 14:37:34,273][kafka.coordinator][INFO]Heartbeat successful
[2016-05-11 14:37:37,326][kafka.coordinator][INFO]Heartbeat successful
[2016-05-11 14:37:40,343][kafka.coordinator][INFO]Heartbeat successful
[2016-05-11 14:37:43,368][kafka.coordinator][INFO]Heartbeat successful
[2016-05-11 14:37:46,422][kafka.coordinator][INFO]Heartbeat successful
[2016-05-11 14:37:48,939][kafka.coordinator][INFO]Heartbeat successful
[2016-05-11 14:37:52,002][kafka.coordinator][INFO]Heartbeat successful
[2016-05-11 14:37:55,024][kafka.coordinator][INFO]Heartbeat successful
[2016-05-11 14:37:58,078][kafka.coordinator][INFO]Heartbeat successful
[2016-05-11 14:38:01,117][kafka.coordinator][INFO]Heartbeat successful
[2016-05-11 14:38:04,139][kafka.coordinator][INFO]Heartbeat successful
[2016-05-11 14:38:07,191][kafka.coordinator][INFO]Heartbeat successful
[2016-05-11 14:38:10,204][kafka.coordinator][INFO]Heartbeat successful
[2016-05-11 14:38:13,218][kafka.coordinator][INFO]Heartbeat successful
[2016-05-11 14:38:16,235][kafka.coordinator][INFO]Heartbeat successful
[2016-05-11 14:38:19,334][kafka.coordinator][INFO]Heartbeat successful
[2016-05-11 14:38:22,353][kafka.coordinator][INFO]Heartbeat successful
[2016-05-11 14:38:25,251][kafka.coordinator][INFO]Heartbeat successful
[2016-05-11 14:38:28,275][kafka.coordinator][INFO]Heartbeat successful
[2016-05-11 14:38:31,297][kafka.coordinator][INFO]Heartbeat successful
[2016-05-11 14:38:34,357][kafka.coordinator][INFO]Heartbeat successful
[2016-05-11 14:38:37,372][kafka.coordinator][INFO]Heartbeat successful
[2016-05-11 14:38:40,394][kafka.coordinator][INFO]Heartbeat successful
[2016-05-11 14:38:42,952][kafka.coordinator][INFO]Heartbeat successful
[2016-05-11 14:38:46,011][kafka.coordinator][INFO]Heartbeat successful
[2016-05-11 14:38:49,030][kafka.coordinator][INFO]Heartbeat successful
[2016-05-11 14:38:52,049][kafka.coordinator][INFO]Heartbeat successful
[2016-05-11 14:38:55,110][kafka.coordinator][INFO]Heartbeat successful
[2016-05-11 14:38:57,948][kafka.coordinator][WARNING]Coordinator unknown during heartbeat -- will retry
[2016-05-11 14:38:57,949][kafka.coordinator][WARNING]Heartbeat failed; retrying
[2016-05-11 14:38:58,049][kafka.coordinator][WARNING]Coordinator unknown during heartbeat -- will retry
[2016-05-11 14:38:58,050][kafka.coordinator][WARNING]Heartbeat failed; retrying
[2016-05-11 14:38:58,152][kafka.coordinator][INFO]Heartbeat successful
[2016-05-11 14:39:01,213][kafka.coordinator][INFO]Heartbeat successful
[2016-05-11 14:39:04,237][kafka.coordinator][INFO]Heartbeat successful
[2016-05-11 14:39:07,260][kafka.coordinator][INFO]Heartbeat successful
[2016-05-11 14:39:10,321][kafka.coordinator][INFO]Heartbeat successful
[2016-05-11 14:39:13,341][kafka.coordinator][INFO]Heartbeat successful
[2016-05-11 14:39:16,357][kafka.coordinator][INFO]Heartbeat successful
[2016-05-11 14:39:19,413][kafka.coordinator][INFO]Heartbeat successful
