Beginning task setup

/usr/bin/flock
Using existing venv: /tmp/petrel-test-4-1462969332/venv
Task setup took 0 seconds
Launching: python -m petrel.run kafkaconsumer /home/pipe/twitterintel/twitterintel/topology/TopologyTweetTransformationSPAM/petrel15090_kafkaconsumer.log
/usr/local/lib/python2.7/dist-packages/petrel-0.9.4.0.3-py2.7.egg/petrel/run.py invoked with the following arguments: ['kafkaconsumer', '/home/pipe/twitterintel/twitterintel/topology/TopologyTweetTransformationSPAM/petrel15090_kafkaconsumer.log']
python version: 2.7.11
user=root
PATH=/tmp/petrel-test-4-1462969332/venv/bin:/root/SimpleScalar/simplesim-3.0:/root/SimpleScalar/bin:/root/SimpleScalar/gcc-2.6.3:/root/SimpleScalar/bin:/usr/local/sbin:/usr/local/bin:/usr/sbin:/usr/bin:/sbin:/bin:/usr/games:/usr/local/games:/home/pipe/Downloads/zookeeper-3.4.8/bin:/home/pipe/Downloads/apache-storm-0.9.4/bin
LD_LIBRARY_PATH=storm-local/supervisor/stormdist/test-4-1462969332/resources/Linux-amd64:storm-local/supervisor/stormdist/test-4-1462969332/resources:/usr/local/lib:/opt/local/lib:/usr/lib
PYTHON_EGG_CACHE=/tmp/petrel-test-4-1462969332/egg_cache
[2016-05-11 13:34:23,197][storm][INFO]Tuple profiling enabled. Will log tuple processing times.
[2016-05-11 13:34:29,524][storm][INFO]Task received setupInfo from Storm: {u'pidDir': u'/home/pipe/storm-local/workers/1fb8b85b-e459-468a-b771-dd8eeb81a055/pids', u'conf': {u'oauth.acess_token': u' 702208758362087425-HZiyl1x7Bh98cQa1WLBDYylyu10Bpl7', u'topology.tuple.serializer': u'backtype.storm.serialization.types.ListDelegateSerializer', u'topology.workers': 1, u'drpc.worker.threads': 64, u'storm.messaging.netty.client_worker_threads': 1, u'supervisor.heartbeat.frequency.secs': 5, u'topology.executor.send.buffer.size': 1024, u'drpc.childopts': u'-Xmx768m', u'nimbus.thrift.port': 6627, u'storm.zookeeper.retry.intervalceiling.millis': 30000, u'storm.local.dir': u'storm-local', u'topology.receiver.buffer.size': 8, u'storm.zookeeper.servers': [u'localhost'], u'oauth.consumer_secret': u'ADf76fi3O1lKMzBxWnjqf93l3GHv28uar3bkblkvyBrAyoA23i', u'transactional.zookeeper.root': u'/transactional', u'drpc.request.timeout.secs': 600, u'topology.skip.missing.kryo.registrations': False, u'worker.heartbeat.frequency.secs': 1, u'zmq.hwm': 0, u'storm.zookeeper.connection.timeout': 15000, u'java.library.path': u'/usr/local/lib:/opt/local/lib:/usr/lib', u'topology.max.error.report.per.interval': 5, u'storm.messaging.netty.server_worker_threads': 1, u'storm.id': u'test-4-1462969332', u'supervisor.worker.start.timeout.secs': 120, u'zmq.threads': 1, u'topology.acker.executors': None, u'storm.messaging.netty.flush.check.interval.ms': 10, u'storm.messaging.netty.transfer.batch.size': 262144, u'topology.max.task.parallelism': None, u'topology.environment': None, u'storm.zookeeper.port': 2181, u'nimbus.childopts': u'-Xmx1024m', u'topology.classpath': None, u'worker.childopts': u'-Xmx768m', u'drpc.queue.size': 128, u'topology.multilang.serializer': u'backtype.storm.multilang.JsonSerializer', u'storm.zookeeper.retry.times': 5, u'nimbus.monitor.freq.secs': 10, u'storm.cluster.mode': u'distributed', u'dev.zookeeper.path': u'/tmp/dev-storm-zookeeper', u'drpc.invocations.port': 3773, u'topology.tasks': None, u'storm.zookeeper.root': u'/storm', u'logviewer.childopts': u'-Xmx128m', u'storm.meta.serialization.delegate': u'backtype.storm.serialization.DefaultSerializationDelegate', u'transactional.zookeeper.port': None, u'topology.worker.receiver.thread.count': 1, u'topology.worker.childopts': None, u'topology.max.spout.pending': None, u'topology.kryo.register': None, u'petrel.host': u'pipe-X550CC', u'nimbus.cleanup.inbox.freq.secs': 600, u'storm.messaging.netty.min_wait_ms': 100, u'nimbus.task.timeout.secs': 30, u'nimbus.thrift.max_buffer_size': 1048576, u'topology.sleep.spout.wait.strategy.time.ms': 1, u'nimbus.reassign': True, u'storm.messaging.transport': u'backtype.storm.messaging.netty.Context', u'logviewer.appender.name': u'A1', u'nimbus.host': u'localhost', u'ui.port': 8080, u'supervisor.slots.ports': [6700, 6701, 6702, 6703], u'nimbus.file.copy.expiration.secs': 600, u'supervisor.monitor.frequency.secs': 3, u'ui.childopts': u'-Xmx768m', u'transactional.zookeeper.servers': None, u'zmq.linger.millis': 5000, u'topology.error.throttle.interval.secs': 10, u'topology.worker.shared.thread.pool.size': 4, u'topology.executor.receive.buffer.size': 1024, u'topology.spout.wait.strategy': u'backtype.storm.spout.SleepSpoutWaitStrategy', u'task.heartbeat.frequency.secs': 3, u'topology.transfer.buffer.size': 1024, u'storm.zookeeper.session.timeout': 20000, u'storm.local.mode.zmq': False, u'topology.stats.sample.rate': 0.05, u'topology.fall.back.on.java.serialization': True, u'supervisor.childopts': u'-Xmx256m', u'topology.enable.message.timeouts': True, u'storm.messaging.netty.max_wait_ms': 1000, u'nimbus.topology.validator': u'backtype.storm.nimbus.DefaultTopologyValidator', u'nimbus.supervisor.timeout.secs': 60, u'topology.disruptor.wait.strategy': u'com.lmax.disruptor.BlockingWaitStrategy', u'storm.messaging.netty.buffer_size': 5242880, u'drpc.port': 3772, u'topology.kryo.factory': u'backtype.storm.serialization.DefaultKryoFactory', u'storm.zookeeper.retry.interval': 1000, u'storm.messaging.netty.max_retries': 300, u'topology.tick.tuple.freq.secs': 30, u'supervisor.enable': True, u'nimbus.task.launch.secs': 120, u'task.refresh.poll.secs': 10, u'topology.message.timeout.secs': 30, u'oauth.acess_token_secret': u'IiNOTfgE3tEZvW2HDQhRKPMoOLU43NXJCXk8maj51SdAT', u'petrel.user': u'root', u'nimbus.inbox.jar.expiration.secs': 3600, u'topology.state.synchronization.timeout.secs': 60, u'topology.name': u'test', u'supervisor.worker.timeout.secs': 30, u'topology.trident.batch.emit.interval.millis': 500, u'topology.builtin.metrics.bucket.size.secs': 60, u'storm.thrift.transport': u'backtype.storm.security.auth.SimpleTransportPlugin', u'logviewer.port': 8000, u'oauth.consumer_key': u'eaFmBSxUveRJfmyZYeabti9Q9', u'topology.kryo.decorators': [], u'topology.debug': False}, u'context': {u'task->component': {u'1': u'CountThreeWords', u'3': u'CountWord', u'2': u'CountTwoWords', u'5': u'ThreeWordDivider', u'4': u'KafkaConsumer', u'7': u'WordDivider', u'6': u'TwoWordDivider', u'8': u'__acker'}, u'taskid': 4}}
[2016-05-11 13:34:29,635][storm][INFO]Task sent pid to Storm
[2016-05-11 13:34:30,045][kafka.client][INFO]Broker version identifed as 0.9
[2016-05-11 13:34:30,047][kafka.consumer.subscription_state][INFO]Updating subscribed topics to: ['instanttopic']
[2016-05-11 13:34:30,628][kafka.cluster][INFO]Group coordinator for kafka-python-default-group is BrokerMetadata(nodeId=0, host=u'pipe-X550CC', port=9092)
[2016-05-11 13:34:30,669][kafka.coordinator][INFO]Joined group 'kafka-python-default-group' (generation 1) with member_id kafka-python-1.0.2-d18c4a86-680e-4cf1-8d77-190bdbf4eea0
[2016-05-11 13:34:30,669][kafka.coordinator][INFO]Elected group leader -- performing partition assignments using range
[2016-05-11 13:34:30,709][kafka.consumer.subscription_state][INFO]Updated partition assignment: [TopicPartition(topic=u'instanttopic', partition=0)]
[2016-05-11 13:34:33,802][kafka.coordinator][INFO]Heartbeat successful
[2016-05-11 13:34:36,818][kafka.coordinator][INFO]Heartbeat successful
[2016-05-11 13:34:39,831][kafka.coordinator][INFO]Heartbeat successful
[2016-05-11 13:34:42,890][kafka.coordinator][INFO]Heartbeat successful
[2016-05-11 13:34:45,910][kafka.coordinator][INFO]Heartbeat successful
[2016-05-11 13:34:48,934][kafka.coordinator][INFO]Heartbeat successful
[2016-05-11 13:34:51,988][kafka.coordinator][INFO]Heartbeat successful
[2016-05-11 13:34:55,003][kafka.coordinator][INFO]Heartbeat successful
[2016-05-11 13:34:58,016][kafka.coordinator][INFO]Heartbeat successful
[2016-05-11 13:35:01,032][kafka.coordinator][INFO]Heartbeat successful
[2016-05-11 13:35:03,977][kafka.coordinator][INFO]Heartbeat successful
[2016-05-11 13:35:06,995][kafka.coordinator][INFO]Heartbeat successful
[2016-05-11 13:35:10,016][kafka.coordinator][INFO]Heartbeat successful
[2016-05-11 13:35:13,073][kafka.coordinator][INFO]Heartbeat successful
[2016-05-11 13:35:16,085][kafka.coordinator][INFO]Heartbeat successful
[2016-05-11 13:35:19,103][kafka.coordinator][INFO]Heartbeat successful
[2016-05-11 13:35:22,158][kafka.coordinator][INFO]Heartbeat successful
[2016-05-11 13:35:25,176][kafka.coordinator][INFO]Heartbeat successful
[2016-05-11 13:35:28,194][kafka.coordinator][INFO]Heartbeat successful
[2016-05-11 13:35:31,208][kafka.coordinator][INFO]Heartbeat successful
[2016-05-11 13:35:34,127][kafka.coordinator][INFO]Heartbeat successful
[2016-05-11 13:35:37,143][kafka.coordinator][INFO]Heartbeat successful
[2016-05-11 13:35:40,159][kafka.coordinator][INFO]Heartbeat successful
[2016-05-11 13:35:43,217][kafka.coordinator][INFO]Heartbeat successful
[2016-05-11 13:35:45,732][kafka.coordinator][INFO]Heartbeat successful
[2016-05-11 13:35:48,798][kafka.coordinator][INFO]Heartbeat successful
[2016-05-11 13:35:51,823][kafka.coordinator][INFO]Heartbeat successful
[2016-05-11 13:35:54,840][kafka.coordinator][INFO]Heartbeat successful
[2016-05-11 13:35:57,902][kafka.coordinator][INFO]Heartbeat successful
[2016-05-11 13:36:00,921][kafka.coordinator][INFO]Heartbeat successful
[2016-05-11 13:36:03,942][kafka.coordinator][INFO]Heartbeat successful
[2016-05-11 13:36:06,959][kafka.coordinator][INFO]Heartbeat successful
[2016-05-11 13:36:10,049][kafka.coordinator][INFO]Heartbeat successful
[2016-05-11 13:36:13,073][kafka.coordinator][INFO]Heartbeat successful
[2016-05-11 13:36:16,091][kafka.coordinator][INFO]Heartbeat successful
[2016-05-11 13:36:19,151][kafka.coordinator][INFO]Heartbeat successful
[2016-05-11 13:36:22,174][kafka.coordinator][INFO]Heartbeat successful
[2016-05-11 13:36:25,195][kafka.coordinator][INFO]Heartbeat successful
[2016-05-11 13:36:28,261][kafka.coordinator][INFO]Heartbeat successful
[2016-05-11 13:36:30,778][kafka.coordinator][INFO]Heartbeat successful
[2016-05-11 13:36:33,802][kafka.coordinator][INFO]Heartbeat successful
[2016-05-11 13:36:36,820][kafka.coordinator][INFO]Heartbeat successful
[2016-05-11 13:36:39,882][kafka.coordinator][INFO]Heartbeat successful
[2016-05-11 13:36:42,899][kafka.coordinator][INFO]Heartbeat successful
[2016-05-11 13:36:45,923][kafka.coordinator][INFO]Heartbeat successful
[2016-05-11 13:36:48,978][kafka.coordinator][INFO]Heartbeat successful
[2016-05-11 13:36:51,996][kafka.coordinator][INFO]Heartbeat successful
[2016-05-11 13:36:55,014][kafka.coordinator][INFO]Heartbeat successful
[2016-05-11 13:36:58,036][kafka.coordinator][INFO]Heartbeat successful
[2016-05-11 13:37:01,094][kafka.coordinator][INFO]Heartbeat successful
[2016-05-11 13:37:04,122][kafka.coordinator][INFO]Heartbeat successful
[2016-05-11 13:37:07,138][kafka.coordinator][INFO]Heartbeat successful
[2016-05-11 13:37:10,191][kafka.coordinator][INFO]Heartbeat successful
[2016-05-11 13:37:13,204][kafka.coordinator][INFO]Heartbeat successful
[2016-05-11 13:37:15,851][kafka.coordinator][INFO]Heartbeat successful
[2016-05-11 13:37:18,868][kafka.coordinator][INFO]Heartbeat successful
[2016-05-11 13:37:21,885][kafka.coordinator][INFO]Heartbeat successful
[2016-05-11 13:37:24,939][kafka.coordinator][INFO]Heartbeat successful
[2016-05-11 13:37:27,955][kafka.coordinator][INFO]Heartbeat successful
[2016-05-11 13:37:30,977][kafka.coordinator][INFO]Heartbeat successful
[2016-05-11 13:37:34,036][kafka.coordinator][INFO]Heartbeat successful
[2016-05-11 13:37:37,055][kafka.coordinator][INFO]Heartbeat successful
[2016-05-11 13:37:40,077][kafka.coordinator][INFO]Heartbeat successful
[2016-05-11 13:37:43,095][kafka.coordinator][INFO]Heartbeat successful
[2016-05-11 13:37:46,153][kafka.coordinator][INFO]Heartbeat successful
[2016-05-11 13:37:49,175][kafka.coordinator][INFO]Heartbeat successful
[2016-05-11 13:37:52,194][kafka.coordinator][INFO]Heartbeat successful
[2016-05-11 13:37:55,250][kafka.coordinator][INFO]Heartbeat successful
[2016-05-11 13:37:57,760][kafka.coordinator][INFO]Heartbeat successful
[2016-05-11 13:38:01,515][kafka.coordinator][INFO]Heartbeat successful
[2016-05-11 13:38:04,028][kafka.coordinator][INFO]Heartbeat successful
[2016-05-11 13:38:07,044][kafka.coordinator][INFO]Heartbeat successful
[2016-05-11 13:38:10,104][kafka.coordinator][INFO]Heartbeat successful
[2016-05-11 13:38:13,124][kafka.coordinator][INFO]Heartbeat successful
[2016-05-11 13:38:16,141][kafka.coordinator][INFO]Heartbeat successful
[2016-05-11 13:38:19,158][kafka.coordinator][INFO]Heartbeat successful
[2016-05-11 13:38:22,217][kafka.coordinator][INFO]Heartbeat successful
[2016-05-11 13:38:25,234][kafka.coordinator][INFO]Heartbeat successful
[2016-05-11 13:38:27,752][kafka.coordinator][INFO]Heartbeat successful
[2016-05-11 13:38:30,815][kafka.coordinator][INFO]Heartbeat successful
[2016-05-11 13:38:33,840][kafka.coordinator][INFO]Heartbeat successful
[2016-05-11 13:38:36,901][kafka.coordinator][INFO]Heartbeat successful
[2016-05-11 13:38:39,929][kafka.coordinator][INFO]Heartbeat successful
[2016-05-11 13:38:42,953][kafka.coordinator][INFO]Heartbeat successful
[2016-05-11 13:38:46,012][kafka.coordinator][INFO]Heartbeat successful
[2016-05-11 13:38:49,031][kafka.coordinator][INFO]Heartbeat successful
[2016-05-11 13:38:52,049][kafka.coordinator][INFO]Heartbeat successful
[2016-05-11 13:38:55,112][kafka.coordinator][INFO]Heartbeat successful
[2016-05-11 13:38:58,137][kafka.coordinator][INFO]Heartbeat successful
[2016-05-11 13:39:01,158][kafka.coordinator][INFO]Heartbeat successful
[2016-05-11 13:39:04,175][kafka.coordinator][INFO]Heartbeat successful
[2016-05-11 13:39:07,238][kafka.coordinator][INFO]Heartbeat successful
[2016-05-11 13:39:09,759][kafka.coordinator][INFO]Heartbeat successful
[2016-05-11 13:39:12,821][kafka.coordinator][INFO]Heartbeat successful
[2016-05-11 13:39:15,841][kafka.coordinator][INFO]Heartbeat successful
[2016-05-11 13:39:18,858][kafka.coordinator][INFO]Heartbeat successful
[2016-05-11 13:39:21,918][kafka.coordinator][INFO]Heartbeat successful
[2016-05-11 13:39:24,939][kafka.coordinator][INFO]Heartbeat successful
[2016-05-11 13:39:27,968][kafka.coordinator][INFO]Heartbeat successful
[2016-05-11 13:39:30,762][kafka.coordinator][WARNING]Coordinator unknown during heartbeat -- will retry
[2016-05-11 13:39:30,762][kafka.coordinator][WARNING]Heartbeat failed; retrying
[2016-05-11 13:39:30,863][kafka.coordinator][WARNING]Coordinator unknown during heartbeat -- will retry
[2016-05-11 13:39:30,863][kafka.coordinator][WARNING]Heartbeat failed; retrying
[2016-05-11 13:39:30,964][kafka.coordinator][WARNING]Coordinator unknown during heartbeat -- will retry
[2016-05-11 13:39:30,964][kafka.coordinator][WARNING]Heartbeat failed; retrying
[2016-05-11 13:39:31,066][kafka.coordinator][INFO]Heartbeat successful
[2016-05-11 13:39:34,126][kafka.coordinator][INFO]Heartbeat successful
[2016-05-11 13:39:37,155][kafka.coordinator][INFO]Heartbeat successful
[2016-05-11 13:39:40,177][kafka.coordinator][INFO]Heartbeat successful
[2016-05-11 13:39:43,293][kafka.coordinator][INFO]Heartbeat successful
[2016-05-11 13:39:46,313][kafka.coordinator][INFO]Heartbeat successful
[2016-05-11 13:39:49,333][kafka.coordinator][INFO]Heartbeat successful
