Beginning task setup

/usr/bin/flock
Using existing venv: /tmp/petrel-test-4-1462969332/venv
Task setup took 0 seconds
Launching: python -m petrel.run kafkaconsumer /home/pipe/twitterintel/twitterintel/topology/TopologyTweetTransformationSPAM/petrel31897_kafkaconsumer.log
/usr/local/lib/python2.7/dist-packages/petrel-0.9.4.0.3-py2.7.egg/petrel/run.py invoked with the following arguments: ['kafkaconsumer', '/home/pipe/twitterintel/twitterintel/topology/TopologyTweetTransformationSPAM/petrel31897_kafkaconsumer.log']
python version: 2.7.11
user=root
PATH=/tmp/petrel-test-4-1462969332/venv/bin:/root/SimpleScalar/simplesim-3.0:/root/SimpleScalar/bin:/root/SimpleScalar/gcc-2.6.3:/root/SimpleScalar/bin:/usr/local/sbin:/usr/local/bin:/usr/sbin:/usr/bin:/sbin:/bin:/usr/games:/usr/local/games:/home/pipe/Downloads/zookeeper-3.4.8/bin:/home/pipe/Downloads/apache-storm-0.9.4/bin
LD_LIBRARY_PATH=storm-local/supervisor/stormdist/test-4-1462969332/resources/Linux-amd64:storm-local/supervisor/stormdist/test-4-1462969332/resources:/usr/local/lib:/opt/local/lib:/usr/lib
PYTHON_EGG_CACHE=/tmp/petrel-test-4-1462969332/egg_cache
[2016-05-11 15:50:11,858][storm][INFO]Tuple profiling enabled. Will log tuple processing times.
[2016-05-11 15:50:12,197][storm][INFO]Task received setupInfo from Storm: {u'pidDir': u'/home/pipe/storm-local/workers/2745e8bc-5097-46d8-b610-8c51bc22b237/pids', u'conf': {u'oauth.acess_token': u' 702208758362087425-HZiyl1x7Bh98cQa1WLBDYylyu10Bpl7', u'topology.tuple.serializer': u'backtype.storm.serialization.types.ListDelegateSerializer', u'topology.workers': 1, u'drpc.worker.threads': 64, u'storm.messaging.netty.client_worker_threads': 1, u'supervisor.heartbeat.frequency.secs': 5, u'topology.executor.send.buffer.size': 1024, u'drpc.childopts': u'-Xmx768m', u'nimbus.thrift.port': 6627, u'storm.zookeeper.retry.intervalceiling.millis': 30000, u'storm.local.dir': u'storm-local', u'topology.receiver.buffer.size': 8, u'storm.zookeeper.servers': [u'localhost'], u'oauth.consumer_secret': u'ADf76fi3O1lKMzBxWnjqf93l3GHv28uar3bkblkvyBrAyoA23i', u'transactional.zookeeper.root': u'/transactional', u'drpc.request.timeout.secs': 600, u'topology.skip.missing.kryo.registrations': False, u'worker.heartbeat.frequency.secs': 1, u'zmq.hwm': 0, u'storm.zookeeper.connection.timeout': 15000, u'java.library.path': u'/usr/local/lib:/opt/local/lib:/usr/lib', u'topology.max.error.report.per.interval': 5, u'storm.messaging.netty.server_worker_threads': 1, u'storm.id': u'test-4-1462969332', u'supervisor.worker.start.timeout.secs': 120, u'zmq.threads': 1, u'topology.acker.executors': None, u'storm.messaging.netty.flush.check.interval.ms': 10, u'storm.messaging.netty.transfer.batch.size': 262144, u'topology.max.task.parallelism': None, u'topology.environment': None, u'storm.zookeeper.port': 2181, u'nimbus.childopts': u'-Xmx1024m', u'topology.classpath': None, u'worker.childopts': u'-Xmx768m', u'drpc.queue.size': 128, u'topology.multilang.serializer': u'backtype.storm.multilang.JsonSerializer', u'storm.zookeeper.retry.times': 5, u'nimbus.monitor.freq.secs': 10, u'storm.cluster.mode': u'distributed', u'dev.zookeeper.path': u'/tmp/dev-storm-zookeeper', u'drpc.invocations.port': 3773, u'topology.tasks': None, u'storm.zookeeper.root': u'/storm', u'logviewer.childopts': u'-Xmx128m', u'storm.meta.serialization.delegate': u'backtype.storm.serialization.DefaultSerializationDelegate', u'transactional.zookeeper.port': None, u'topology.worker.receiver.thread.count': 1, u'topology.worker.childopts': None, u'topology.max.spout.pending': None, u'topology.kryo.register': None, u'petrel.host': u'pipe-X550CC', u'nimbus.cleanup.inbox.freq.secs': 600, u'storm.messaging.netty.min_wait_ms': 100, u'nimbus.task.timeout.secs': 30, u'nimbus.thrift.max_buffer_size': 1048576, u'topology.sleep.spout.wait.strategy.time.ms': 1, u'nimbus.reassign': True, u'storm.messaging.transport': u'backtype.storm.messaging.netty.Context', u'logviewer.appender.name': u'A1', u'nimbus.host': u'localhost', u'ui.port': 8080, u'supervisor.slots.ports': [6700, 6701, 6702, 6703], u'nimbus.file.copy.expiration.secs': 600, u'supervisor.monitor.frequency.secs': 3, u'ui.childopts': u'-Xmx768m', u'transactional.zookeeper.servers': None, u'zmq.linger.millis': 5000, u'topology.error.throttle.interval.secs': 10, u'topology.worker.shared.thread.pool.size': 4, u'topology.executor.receive.buffer.size': 1024, u'topology.spout.wait.strategy': u'backtype.storm.spout.SleepSpoutWaitStrategy', u'task.heartbeat.frequency.secs': 3, u'topology.transfer.buffer.size': 1024, u'storm.zookeeper.session.timeout': 20000, u'storm.local.mode.zmq': False, u'topology.stats.sample.rate': 0.05, u'topology.fall.back.on.java.serialization': True, u'supervisor.childopts': u'-Xmx256m', u'topology.enable.message.timeouts': True, u'storm.messaging.netty.max_wait_ms': 1000, u'nimbus.topology.validator': u'backtype.storm.nimbus.DefaultTopologyValidator', u'nimbus.supervisor.timeout.secs': 60, u'topology.disruptor.wait.strategy': u'com.lmax.disruptor.BlockingWaitStrategy', u'storm.messaging.netty.buffer_size': 5242880, u'drpc.port': 3772, u'topology.kryo.factory': u'backtype.storm.serialization.DefaultKryoFactory', u'storm.zookeeper.retry.interval': 1000, u'storm.messaging.netty.max_retries': 300, u'topology.tick.tuple.freq.secs': 30, u'supervisor.enable': True, u'nimbus.task.launch.secs': 120, u'task.refresh.poll.secs': 10, u'topology.message.timeout.secs': 30, u'oauth.acess_token_secret': u'IiNOTfgE3tEZvW2HDQhRKPMoOLU43NXJCXk8maj51SdAT', u'petrel.user': u'root', u'nimbus.inbox.jar.expiration.secs': 3600, u'topology.state.synchronization.timeout.secs': 60, u'topology.name': u'test', u'supervisor.worker.timeout.secs': 30, u'topology.trident.batch.emit.interval.millis': 500, u'topology.builtin.metrics.bucket.size.secs': 60, u'storm.thrift.transport': u'backtype.storm.security.auth.SimpleTransportPlugin', u'logviewer.port': 8000, u'oauth.consumer_key': u'eaFmBSxUveRJfmyZYeabti9Q9', u'topology.kryo.decorators': [], u'topology.debug': False}, u'context': {u'task->component': {u'1': u'CountThreeWords', u'3': u'CountWord', u'2': u'CountTwoWords', u'5': u'ThreeWordDivider', u'4': u'KafkaConsumer', u'7': u'WordDivider', u'6': u'TwoWordDivider', u'8': u'__acker'}, u'taskid': 4}}
[2016-05-11 15:50:12,202][storm][INFO]Task sent pid to Storm
[2016-05-11 15:50:12,378][kafka.client][INFO]Broker version identifed as 0.9
[2016-05-11 15:50:12,382][kafka.consumer.subscription_state][INFO]Updating subscribed topics to: ['instanttopic']
[2016-05-11 15:50:12,460][kafka.cluster][INFO]Group coordinator for kafka-python-default-group is BrokerMetadata(nodeId=0, host=u'pipe-X550CC', port=9092)
[2016-05-11 15:50:17,568][kafka.coordinator][INFO]Joined group 'kafka-python-default-group' (generation 6) with member_id kafka-python-1.0.2-078452a1-235c-447f-acd5-bf7e7bd04b97
[2016-05-11 15:50:17,568][kafka.coordinator][INFO]Elected group leader -- performing partition assignments using range
[2016-05-11 15:50:17,574][kafka.consumer.subscription_state][INFO]Updated partition assignment: [TopicPartition(topic=u'instanttopic', partition=0)]
[2016-05-11 15:50:20,664][kafka.coordinator][INFO]Heartbeat successful
[2016-05-11 15:50:23,683][kafka.coordinator][INFO]Heartbeat successful
[2016-05-11 15:50:26,708][kafka.coordinator][INFO]Heartbeat successful
[2016-05-11 15:50:29,768][kafka.coordinator][INFO]Heartbeat successful
[2016-05-11 15:50:32,781][kafka.coordinator][INFO]Heartbeat successful
[2016-05-11 15:50:35,800][kafka.coordinator][INFO]Heartbeat successful
[2016-05-11 15:50:38,865][kafka.coordinator][INFO]Heartbeat successful
[2016-05-11 15:50:41,884][kafka.coordinator][INFO]Heartbeat successful
[2016-05-11 15:50:44,945][kafka.coordinator][INFO]Heartbeat successful
[2016-05-11 15:50:47,968][kafka.coordinator][INFO]Heartbeat successful
[2016-05-11 15:50:50,992][kafka.coordinator][INFO]Heartbeat successful
[2016-05-11 15:50:54,049][kafka.coordinator][INFO]Heartbeat successful
[2016-05-11 15:50:57,069][kafka.coordinator][INFO]Heartbeat successful
[2016-05-11 15:51:00,082][kafka.coordinator][INFO]Heartbeat successful
[2016-05-11 15:51:03,102][kafka.coordinator][INFO]Heartbeat successful
[2016-05-11 15:51:05,664][kafka.coordinator][INFO]Heartbeat successful
[2016-05-11 15:51:08,694][kafka.coordinator][INFO]Heartbeat successful
[2016-05-11 15:51:11,719][kafka.coordinator][INFO]Heartbeat successful
[2016-05-11 15:51:14,746][kafka.coordinator][INFO]Heartbeat successful
[2016-05-11 15:51:17,768][kafka.coordinator][INFO]Heartbeat successful
[2016-05-11 15:51:20,831][kafka.coordinator][INFO]Heartbeat successful
[2016-05-11 15:51:23,854][kafka.coordinator][INFO]Heartbeat successful
[2016-05-11 15:51:26,875][kafka.coordinator][INFO]Heartbeat successful
[2016-05-11 15:51:29,934][kafka.coordinator][INFO]Heartbeat successful
[2016-05-11 15:51:32,952][kafka.coordinator][INFO]Heartbeat successful
[2016-05-11 15:51:35,979][kafka.coordinator][INFO]Heartbeat successful
[2016-05-11 15:51:39,036][kafka.coordinator][INFO]Heartbeat successful
[2016-05-11 15:51:42,061][kafka.coordinator][INFO]Heartbeat successful
[2016-05-11 15:51:45,085][kafka.coordinator][INFO]Heartbeat successful
[2016-05-11 15:51:47,604][kafka.coordinator][INFO]Heartbeat successful
[2016-05-11 15:51:50,665][kafka.coordinator][INFO]Heartbeat successful
[2016-05-11 15:51:53,688][kafka.coordinator][INFO]Heartbeat successful
[2016-05-11 15:51:56,746][kafka.coordinator][INFO]Heartbeat successful
[2016-05-11 15:51:59,771][kafka.coordinator][INFO]Heartbeat successful
[2016-05-11 15:52:02,788][kafka.coordinator][INFO]Heartbeat successful
[2016-05-11 15:52:05,851][kafka.coordinator][INFO]Heartbeat successful
[2016-05-11 15:52:08,874][kafka.coordinator][INFO]Heartbeat successful
[2016-05-11 15:52:11,897][kafka.coordinator][INFO]Heartbeat successful
[2016-05-11 15:52:14,949][kafka.coordinator][INFO]Heartbeat successful
[2016-05-11 15:52:17,963][kafka.coordinator][INFO]Heartbeat successful
[2016-05-11 15:52:20,984][kafka.coordinator][INFO]Heartbeat successful
[2016-05-11 15:52:24,001][kafka.coordinator][INFO]Heartbeat successful
[2016-05-11 15:52:27,063][kafka.coordinator][INFO]Heartbeat successful
[2016-05-11 15:52:30,085][kafka.coordinator][INFO]Heartbeat successful
[2016-05-11 15:52:32,604][kafka.coordinator][INFO]Heartbeat successful
[2016-05-11 15:52:35,662][kafka.coordinator][INFO]Heartbeat successful
[2016-05-11 15:52:38,681][kafka.coordinator][INFO]Heartbeat successful
[2016-05-11 15:52:41,743][kafka.coordinator][INFO]Heartbeat successful
[2016-05-11 15:52:44,763][kafka.coordinator][INFO]Heartbeat successful
[2016-05-11 15:52:47,780][kafka.coordinator][INFO]Heartbeat successful
[2016-05-11 15:52:50,841][kafka.coordinator][INFO]Heartbeat successful
[2016-05-11 15:52:53,859][kafka.coordinator][INFO]Heartbeat successful
[2016-05-11 15:52:56,881][kafka.coordinator][INFO]Heartbeat successful
[2016-05-11 15:52:59,940][kafka.coordinator][INFO]Heartbeat successful
[2016-05-11 15:53:02,958][kafka.coordinator][INFO]Heartbeat successful
[2016-05-11 15:53:05,983][kafka.coordinator][INFO]Heartbeat successful
[2016-05-11 15:53:09,005][kafka.coordinator][INFO]Heartbeat successful
[2016-05-11 15:53:12,070][kafka.coordinator][INFO]Heartbeat successful
[2016-05-11 15:53:15,094][kafka.coordinator][INFO]Heartbeat successful
[2016-05-11 15:53:18,117][kafka.coordinator][INFO]Heartbeat successful
[2016-05-11 15:53:20,678][kafka.coordinator][INFO]Heartbeat successful
[2016-05-11 15:53:23,701][kafka.coordinator][INFO]Heartbeat successful
[2016-05-11 15:53:26,726][kafka.coordinator][INFO]Heartbeat successful
[2016-05-11 15:53:29,754][kafka.coordinator][INFO]Heartbeat successful
[2016-05-11 15:53:32,782][kafka.coordinator][INFO]Heartbeat successful
[2016-05-11 15:53:35,805][kafka.coordinator][INFO]Heartbeat successful
[2016-05-11 15:53:38,828][kafka.coordinator][INFO]Heartbeat successful
[2016-05-11 15:53:41,888][kafka.coordinator][INFO]Heartbeat successful
[2016-05-11 15:53:44,909][kafka.coordinator][INFO]Heartbeat successful
[2016-05-11 15:53:47,933][kafka.coordinator][INFO]Heartbeat successful
[2016-05-11 15:53:50,989][kafka.coordinator][INFO]Heartbeat successful
[2016-05-11 15:53:54,011][kafka.coordinator][INFO]Heartbeat successful
[2016-05-11 15:53:57,036][kafka.coordinator][INFO]Heartbeat successful
[2016-05-11 15:54:00,058][kafka.coordinator][INFO]Heartbeat successful
[2016-05-11 15:54:03,116][kafka.coordinator][INFO]Heartbeat successful
[2016-05-11 15:54:05,635][kafka.coordinator][INFO]Heartbeat successful
[2016-05-11 15:54:08,693][kafka.coordinator][INFO]Heartbeat successful
[2016-05-11 15:54:11,717][kafka.coordinator][INFO]Heartbeat successful
[2016-05-11 15:54:14,729][kafka.coordinator][INFO]Heartbeat successful
[2016-05-11 15:54:17,785][kafka.coordinator][INFO]Heartbeat successful
[2016-05-11 15:54:20,805][kafka.coordinator][INFO]Heartbeat successful
[2016-05-11 15:54:23,658][kafka.coordinator][INFO]Heartbeat successful
[2016-05-11 15:54:26,712][kafka.coordinator][INFO]Heartbeat successful
[2016-05-11 15:54:29,731][kafka.coordinator][INFO]Heartbeat successful
[2016-05-11 15:54:32,791][kafka.coordinator][INFO]Heartbeat successful
[2016-05-11 15:54:35,804][kafka.coordinator][INFO]Heartbeat successful
[2016-05-11 15:54:38,821][kafka.coordinator][INFO]Heartbeat successful
[2016-05-11 15:54:41,884][kafka.coordinator][INFO]Heartbeat successful
[2016-05-11 15:54:44,907][kafka.coordinator][INFO]Heartbeat successful
[2016-05-11 15:54:47,935][kafka.coordinator][INFO]Heartbeat successful
[2016-05-11 15:54:50,957][kafka.coordinator][INFO]Heartbeat successful
[2016-05-11 15:54:54,018][kafka.coordinator][INFO]Heartbeat successful
[2016-05-11 15:54:57,036][kafka.coordinator][INFO]Heartbeat successful
[2016-05-11 15:55:00,053][kafka.coordinator][INFO]Heartbeat successful
[2016-05-11 15:55:03,103][kafka.coordinator][INFO]Heartbeat successful
[2016-05-11 15:55:06,121][kafka.coordinator][INFO]Heartbeat successful
[2016-05-11 15:55:08,637][kafka.coordinator][INFO]Heartbeat successful
[2016-05-11 15:55:11,698][kafka.coordinator][INFO]Heartbeat successful
[2016-05-11 15:55:14,713][kafka.coordinator][INFO]Heartbeat successful
[2016-05-11 15:55:17,768][kafka.coordinator][INFO]Heartbeat successful
[2016-05-11 15:55:20,792][kafka.coordinator][INFO]Heartbeat successful
[2016-05-11 15:55:23,816][kafka.coordinator][INFO]Heartbeat successful
[2016-05-11 15:55:26,874][kafka.coordinator][INFO]Heartbeat successful
[2016-05-11 15:55:29,892][kafka.coordinator][INFO]Heartbeat successful
[2016-05-11 15:55:32,913][kafka.coordinator][INFO]Heartbeat successful
[2016-05-11 15:55:35,925][kafka.coordinator][INFO]Heartbeat successful
