Beginning task setup

/usr/bin/flock
Using existing venv: /tmp/petrel-test-4-1462969332/venv
Task setup took 0 seconds
Launching: python -m petrel.run kafkaconsumer /home/pipe/twitterintel/twitterintel/topology/TopologyTweetTransformationSPAM/petrel9717_kafkaconsumer.log
/usr/local/lib/python2.7/dist-packages/petrel-0.9.4.0.3-py2.7.egg/petrel/run.py invoked with the following arguments: ['kafkaconsumer', '/home/pipe/twitterintel/twitterintel/topology/TopologyTweetTransformationSPAM/petrel9717_kafkaconsumer.log']
python version: 2.7.11
user=root
PATH=/tmp/petrel-test-4-1462969332/venv/bin:/root/SimpleScalar/simplesim-3.0:/root/SimpleScalar/bin:/root/SimpleScalar/gcc-2.6.3:/root/SimpleScalar/bin:/usr/local/sbin:/usr/local/bin:/usr/sbin:/usr/bin:/sbin:/bin:/usr/games:/usr/local/games:/home/pipe/Downloads/zookeeper-3.4.8/bin:/home/pipe/Downloads/apache-storm-0.9.4/bin
LD_LIBRARY_PATH=storm-local/supervisor/stormdist/test-4-1462969332/resources/Linux-amd64:storm-local/supervisor/stormdist/test-4-1462969332/resources:/usr/local/lib:/opt/local/lib:/usr/lib
PYTHON_EGG_CACHE=/tmp/petrel-test-4-1462969332/egg_cache
[2016-05-11 16:42:54,192][storm][INFO]Tuple profiling enabled. Will log tuple processing times.
[2016-05-11 16:42:54,526][storm][INFO]Task received setupInfo from Storm: {u'pidDir': u'/home/pipe/storm-local/workers/3ef5706c-4ee9-4b59-bcc5-2f2827ec3710/pids', u'conf': {u'oauth.acess_token': u' 702208758362087425-HZiyl1x7Bh98cQa1WLBDYylyu10Bpl7', u'topology.tuple.serializer': u'backtype.storm.serialization.types.ListDelegateSerializer', u'topology.workers': 1, u'drpc.worker.threads': 64, u'storm.messaging.netty.client_worker_threads': 1, u'supervisor.heartbeat.frequency.secs': 5, u'topology.executor.send.buffer.size': 1024, u'drpc.childopts': u'-Xmx768m', u'nimbus.thrift.port': 6627, u'storm.zookeeper.retry.intervalceiling.millis': 30000, u'storm.local.dir': u'storm-local', u'topology.receiver.buffer.size': 8, u'storm.zookeeper.servers': [u'localhost'], u'oauth.consumer_secret': u'ADf76fi3O1lKMzBxWnjqf93l3GHv28uar3bkblkvyBrAyoA23i', u'transactional.zookeeper.root': u'/transactional', u'drpc.request.timeout.secs': 600, u'topology.skip.missing.kryo.registrations': False, u'worker.heartbeat.frequency.secs': 1, u'zmq.hwm': 0, u'storm.zookeeper.connection.timeout': 15000, u'java.library.path': u'/usr/local/lib:/opt/local/lib:/usr/lib', u'topology.max.error.report.per.interval': 5, u'storm.messaging.netty.server_worker_threads': 1, u'storm.id': u'test-4-1462969332', u'supervisor.worker.start.timeout.secs': 120, u'zmq.threads': 1, u'topology.acker.executors': None, u'storm.messaging.netty.flush.check.interval.ms': 10, u'storm.messaging.netty.transfer.batch.size': 262144, u'topology.max.task.parallelism': None, u'topology.environment': None, u'storm.zookeeper.port': 2181, u'nimbus.childopts': u'-Xmx1024m', u'topology.classpath': None, u'worker.childopts': u'-Xmx768m', u'drpc.queue.size': 128, u'topology.multilang.serializer': u'backtype.storm.multilang.JsonSerializer', u'storm.zookeeper.retry.times': 5, u'nimbus.monitor.freq.secs': 10, u'storm.cluster.mode': u'distributed', u'dev.zookeeper.path': u'/tmp/dev-storm-zookeeper', u'drpc.invocations.port': 3773, u'topology.tasks': None, u'storm.zookeeper.root': u'/storm', u'logviewer.childopts': u'-Xmx128m', u'storm.meta.serialization.delegate': u'backtype.storm.serialization.DefaultSerializationDelegate', u'transactional.zookeeper.port': None, u'topology.worker.receiver.thread.count': 1, u'topology.worker.childopts': None, u'topology.max.spout.pending': None, u'topology.kryo.register': None, u'petrel.host': u'pipe-X550CC', u'nimbus.cleanup.inbox.freq.secs': 600, u'storm.messaging.netty.min_wait_ms': 100, u'nimbus.task.timeout.secs': 30, u'nimbus.thrift.max_buffer_size': 1048576, u'topology.sleep.spout.wait.strategy.time.ms': 1, u'nimbus.reassign': True, u'storm.messaging.transport': u'backtype.storm.messaging.netty.Context', u'logviewer.appender.name': u'A1', u'nimbus.host': u'localhost', u'ui.port': 8080, u'supervisor.slots.ports': [6700, 6701, 6702, 6703], u'nimbus.file.copy.expiration.secs': 600, u'supervisor.monitor.frequency.secs': 3, u'ui.childopts': u'-Xmx768m', u'transactional.zookeeper.servers': None, u'zmq.linger.millis': 5000, u'topology.error.throttle.interval.secs': 10, u'topology.worker.shared.thread.pool.size': 4, u'topology.executor.receive.buffer.size': 1024, u'topology.spout.wait.strategy': u'backtype.storm.spout.SleepSpoutWaitStrategy', u'task.heartbeat.frequency.secs': 3, u'topology.transfer.buffer.size': 1024, u'storm.zookeeper.session.timeout': 20000, u'storm.local.mode.zmq': False, u'topology.stats.sample.rate': 0.05, u'topology.fall.back.on.java.serialization': True, u'supervisor.childopts': u'-Xmx256m', u'topology.enable.message.timeouts': True, u'storm.messaging.netty.max_wait_ms': 1000, u'nimbus.topology.validator': u'backtype.storm.nimbus.DefaultTopologyValidator', u'nimbus.supervisor.timeout.secs': 60, u'topology.disruptor.wait.strategy': u'com.lmax.disruptor.BlockingWaitStrategy', u'storm.messaging.netty.buffer_size': 5242880, u'drpc.port': 3772, u'topology.kryo.factory': u'backtype.storm.serialization.DefaultKryoFactory', u'storm.zookeeper.retry.interval': 1000, u'storm.messaging.netty.max_retries': 300, u'topology.tick.tuple.freq.secs': 30, u'supervisor.enable': True, u'nimbus.task.launch.secs': 120, u'task.refresh.poll.secs': 10, u'topology.message.timeout.secs': 30, u'oauth.acess_token_secret': u'IiNOTfgE3tEZvW2HDQhRKPMoOLU43NXJCXk8maj51SdAT', u'petrel.user': u'root', u'nimbus.inbox.jar.expiration.secs': 3600, u'topology.state.synchronization.timeout.secs': 60, u'topology.name': u'test', u'supervisor.worker.timeout.secs': 30, u'topology.trident.batch.emit.interval.millis': 500, u'topology.builtin.metrics.bucket.size.secs': 60, u'storm.thrift.transport': u'backtype.storm.security.auth.SimpleTransportPlugin', u'logviewer.port': 8000, u'oauth.consumer_key': u'eaFmBSxUveRJfmyZYeabti9Q9', u'topology.kryo.decorators': [], u'topology.debug': False}, u'context': {u'task->component': {u'1': u'CountThreeWords', u'3': u'CountWord', u'2': u'CountTwoWords', u'5': u'ThreeWordDivider', u'4': u'KafkaConsumer', u'7': u'WordDivider', u'6': u'TwoWordDivider', u'8': u'__acker'}, u'taskid': 4}}
[2016-05-11 16:42:54,527][storm][INFO]Task sent pid to Storm
[2016-05-11 16:42:54,697][kafka.client][INFO]Broker version identifed as 0.9
[2016-05-11 16:42:54,740][kafka.consumer.subscription_state][INFO]Updating subscribed topics to: ['instanttopic']
[2016-05-11 16:42:54,822][kafka.cluster][INFO]Group coordinator for kafka-python-default-group is BrokerMetadata(nodeId=0, host=u'pipe-X550CC', port=9092)
[2016-05-11 16:42:55,838][kafka.coordinator][INFO]Joined group 'kafka-python-default-group' (generation 10) with member_id kafka-python-1.0.2-81498462-6bce-4117-8db2-6c9de14411fb
[2016-05-11 16:42:56,062][kafka.consumer.subscription_state][INFO]Updated partition assignment: [TopicPartition(topic=u'instanttopic', partition=0)]
[2016-05-11 16:42:59,118][kafka.coordinator][INFO]Heartbeat successful
[2016-05-11 16:43:02,136][kafka.coordinator][INFO]Heartbeat successful
[2016-05-11 16:43:05,151][kafka.coordinator][INFO]Heartbeat successful
[2016-05-11 16:43:08,209][kafka.coordinator][INFO]Heartbeat successful
[2016-05-11 16:43:11,225][kafka.coordinator][INFO]Heartbeat successful
[2016-05-11 16:43:14,245][kafka.coordinator][INFO]Heartbeat successful
[2016-05-11 16:43:17,303][kafka.coordinator][INFO]Heartbeat successful
[2016-05-11 16:43:20,322][kafka.coordinator][INFO]Heartbeat successful
[2016-05-11 16:43:23,339][kafka.coordinator][INFO]Heartbeat successful
[2016-05-11 16:43:26,359][kafka.coordinator][INFO]Heartbeat successful
[2016-05-11 16:43:29,416][kafka.coordinator][INFO]Heartbeat successful
[2016-05-11 16:43:32,440][kafka.coordinator][INFO]Heartbeat successful
[2016-05-11 16:43:35,461][kafka.coordinator][INFO]Heartbeat successful
[2016-05-11 16:43:38,519][kafka.coordinator][INFO]Heartbeat successful
[2016-05-11 16:43:41,529][kafka.coordinator][INFO]Heartbeat successful
[2016-05-11 16:43:44,545][kafka.coordinator][INFO]Heartbeat successful
[2016-05-11 16:43:47,094][kafka.coordinator][INFO]Heartbeat successful
[2016-05-11 16:43:50,142][kafka.coordinator][INFO]Heartbeat successful
[2016-05-11 16:43:53,164][kafka.coordinator][INFO]Heartbeat successful
[2016-05-11 16:43:56,184][kafka.coordinator][INFO]Heartbeat successful
[2016-05-11 16:43:59,242][kafka.coordinator][INFO]Heartbeat successful
[2016-05-11 16:44:02,261][kafka.coordinator][INFO]Heartbeat successful
[2016-05-11 16:44:05,279][kafka.coordinator][INFO]Heartbeat successful
[2016-05-11 16:44:08,339][kafka.coordinator][INFO]Heartbeat successful
[2016-05-11 16:44:11,356][kafka.coordinator][INFO]Heartbeat successful
[2016-05-11 16:44:14,376][kafka.coordinator][INFO]Heartbeat successful
[2016-05-11 16:44:17,430][kafka.coordinator][INFO]Heartbeat successful
[2016-05-11 16:44:20,447][kafka.coordinator][INFO]Heartbeat successful
[2016-05-11 16:44:23,462][kafka.coordinator][INFO]Heartbeat successful
[2016-05-11 16:44:26,482][kafka.coordinator][INFO]Heartbeat successful
[2016-05-11 16:44:29,537][kafka.coordinator][INFO]Heartbeat successful
[2016-05-11 16:44:32,560][kafka.coordinator][INFO]Heartbeat successful
[2016-05-11 16:44:35,577][kafka.coordinator][INFO]Heartbeat successful
[2016-05-11 16:44:38,131][kafka.coordinator][INFO]Heartbeat successful
[2016-05-11 16:44:41,146][kafka.coordinator][INFO]Heartbeat successful
[2016-05-11 16:44:44,168][kafka.coordinator][INFO]Heartbeat successful
[2016-05-11 16:44:47,185][kafka.coordinator][INFO]Heartbeat successful
[2016-05-11 16:44:50,240][kafka.coordinator][INFO]Heartbeat successful
[2016-05-11 16:44:53,257][kafka.coordinator][INFO]Heartbeat successful
[2016-05-11 16:44:56,277][kafka.coordinator][INFO]Heartbeat successful
[2016-05-11 16:44:59,332][kafka.coordinator][INFO]Heartbeat successful
[2016-05-11 16:45:02,349][kafka.coordinator][INFO]Heartbeat successful
[2016-05-11 16:45:05,364][kafka.coordinator][INFO]Heartbeat successful
[2016-05-11 16:45:08,417][kafka.coordinator][INFO]Heartbeat successful
[2016-05-11 16:45:11,434][kafka.coordinator][INFO]Heartbeat successful
[2016-05-11 16:45:14,459][kafka.coordinator][INFO]Heartbeat successful
[2016-05-11 16:45:17,477][kafka.coordinator][INFO]Heartbeat successful
[2016-05-11 16:45:20,536][kafka.coordinator][INFO]Heartbeat successful
[2016-05-11 16:45:23,563][kafka.coordinator][INFO]Heartbeat successful
[2016-05-11 16:45:26,581][kafka.coordinator][INFO]Heartbeat successful
[2016-05-11 16:45:29,130][kafka.coordinator][INFO]Heartbeat successful
[2016-05-11 16:45:32,182][kafka.coordinator][INFO]Heartbeat successful
[2016-05-11 16:45:35,195][kafka.coordinator][INFO]Heartbeat successful
[2016-05-11 16:45:38,250][kafka.coordinator][INFO]Heartbeat successful
[2016-05-11 16:45:41,262][kafka.coordinator][INFO]Heartbeat successful
[2016-05-11 16:45:44,277][kafka.coordinator][WARNING]Heartbeat: group is rebalancing; this consumer needs to re-join
[2016-05-11 16:45:44,277][kafka.coordinator][WARNING]Heartbeat failed; retrying
[2016-05-11 16:45:44,377][kafka.coordinator][INFO]Skipping heartbeat: no auto-assignment or waiting on rebalance
[2016-05-11 16:45:47,540][kafka.coordinator][INFO]Joined group 'kafka-python-default-group' (generation 11) with member_id kafka-python-1.0.2-81498462-6bce-4117-8db2-6c9de14411fb
[2016-05-11 16:45:47,540][kafka.coordinator][INFO]Elected group leader -- performing partition assignments using range
[2016-05-11 16:45:47,541][kafka.coordinator.assignors.range][WARNING]No partition metadata for topic goodtopic
[2016-05-11 16:45:47,685][kafka.coordinator][INFO]Joined group 'kafka-python-default-group' (generation 11) with member_id kafka-python-1.0.2-81498462-6bce-4117-8db2-6c9de14411fb
[2016-05-11 16:45:47,685][kafka.coordinator][INFO]Elected group leader -- performing partition assignments using range
[2016-05-11 16:45:47,725][kafka.consumer.subscription_state][INFO]Updated partition assignment: [TopicPartition(topic=u'instanttopic', partition=0)]
[2016-05-11 16:45:50,818][kafka.coordinator][INFO]Heartbeat successful
[2016-05-11 16:45:53,839][kafka.coordinator][INFO]Heartbeat successful
[2016-05-11 16:45:56,856][kafka.coordinator][INFO]Heartbeat successful
[2016-05-11 16:45:59,913][kafka.coordinator][INFO]Heartbeat successful
[2016-05-11 16:46:02,929][kafka.coordinator][INFO]Heartbeat successful
[2016-05-11 16:46:05,942][kafka.coordinator][INFO]Heartbeat successful
[2016-05-11 16:46:08,996][kafka.coordinator][INFO]Heartbeat successful
[2016-05-11 16:46:12,009][kafka.coordinator][INFO]Heartbeat successful
[2016-05-11 16:46:15,031][kafka.coordinator][INFO]Heartbeat successful
[2016-05-11 16:46:18,048][kafka.coordinator][INFO]Heartbeat successful
[2016-05-11 16:46:21,104][kafka.coordinator][INFO]Heartbeat successful
[2016-05-11 16:46:24,117][kafka.coordinator][INFO]Heartbeat successful
[2016-05-11 16:46:27,127][kafka.coordinator][INFO]Heartbeat successful
[2016-05-11 16:46:30,184][kafka.coordinator][INFO]Heartbeat successful
[2016-05-11 16:46:33,202][kafka.coordinator][INFO]Heartbeat successful
[2016-05-11 16:46:36,216][kafka.coordinator][INFO]Heartbeat successful
[2016-05-11 16:46:38,773][kafka.coordinator][INFO]Heartbeat successful
[2016-05-11 16:46:41,830][kafka.coordinator][INFO]Heartbeat successful
[2016-05-11 16:46:44,851][kafka.coordinator][INFO]Heartbeat successful
[2016-05-11 16:46:47,869][kafka.coordinator][INFO]Heartbeat successful
[2016-05-11 16:46:50,925][kafka.coordinator][INFO]Heartbeat successful
[2016-05-11 16:46:53,945][kafka.coordinator][INFO]Heartbeat successful
[2016-05-11 16:46:56,964][kafka.coordinator][INFO]Heartbeat successful
[2016-05-11 16:47:00,028][kafka.coordinator][INFO]Heartbeat successful
[2016-05-11 16:47:03,046][kafka.coordinator][INFO]Heartbeat successful
[2016-05-11 16:47:06,064][kafka.coordinator][INFO]Heartbeat successful
[2016-05-11 16:47:09,120][kafka.coordinator][INFO]Heartbeat successful
[2016-05-11 16:47:12,137][kafka.coordinator][INFO]Heartbeat successful
[2016-05-11 16:47:15,155][kafka.coordinator][INFO]Heartbeat successful
[2016-05-11 16:47:18,168][kafka.coordinator][INFO]Heartbeat successful
[2016-05-11 16:47:21,224][kafka.coordinator][INFO]Heartbeat successful
[2016-05-11 16:47:24,245][kafka.coordinator][INFO]Heartbeat successful
[2016-05-11 16:47:26,756][kafka.coordinator][INFO]Heartbeat successful
[2016-05-11 16:47:29,823][kafka.coordinator][INFO]Heartbeat successful
[2016-05-11 16:47:32,845][kafka.coordinator][INFO]Heartbeat successful
[2016-05-11 16:47:35,909][kafka.coordinator][INFO]Heartbeat successful
[2016-05-11 16:47:38,933][kafka.coordinator][INFO]Heartbeat successful
[2016-05-11 16:47:41,951][kafka.coordinator][INFO]Heartbeat successful
[2016-05-11 16:47:45,008][kafka.coordinator][INFO]Heartbeat successful
[2016-05-11 16:47:48,029][kafka.coordinator][INFO]Heartbeat successful
[2016-05-11 16:47:51,047][kafka.coordinator][INFO]Heartbeat successful
[2016-05-11 16:47:54,058][kafka.coordinator][INFO]Heartbeat successful
[2016-05-11 16:47:57,115][kafka.coordinator][INFO]Heartbeat successful
[2016-05-11 16:48:00,131][kafka.coordinator][INFO]Heartbeat successful
[2016-05-11 16:48:03,150][kafka.coordinator][INFO]Heartbeat successful
[2016-05-11 16:48:06,210][kafka.coordinator][INFO]Heartbeat successful
[2016-05-11 16:48:09,231][kafka.coordinator][INFO]Heartbeat successful
[2016-05-11 16:48:12,249][kafka.coordinator][INFO]Heartbeat successful
[2016-05-11 16:48:14,806][kafka.coordinator][INFO]Heartbeat successful
[2016-05-11 16:48:17,821][kafka.coordinator][INFO]Heartbeat successful
