Beginning task setup

/usr/bin/flock
Using existing venv: /tmp/petrel-test-4-1462969332/venv
Task setup took 0 seconds
Launching: python -m petrel.run kafkaconsumer /home/pipe/twitterintel/twitterintel/topology/TopologyTweetTransformationSPAM/petrel28735_kafkaconsumer.log
/usr/local/lib/python2.7/dist-packages/petrel-0.9.4.0.3-py2.7.egg/petrel/run.py invoked with the following arguments: ['kafkaconsumer', '/home/pipe/twitterintel/twitterintel/topology/TopologyTweetTransformationSPAM/petrel28735_kafkaconsumer.log']
python version: 2.7.11
user=root
PATH=/tmp/petrel-test-4-1462969332/venv/bin:/root/SimpleScalar/simplesim-3.0:/root/SimpleScalar/bin:/root/SimpleScalar/gcc-2.6.3:/root/SimpleScalar/bin:/usr/local/sbin:/usr/local/bin:/usr/sbin:/usr/bin:/sbin:/bin:/usr/games:/usr/local/games:/home/pipe/Downloads/zookeeper-3.4.8/bin:/home/pipe/Downloads/apache-storm-0.9.4/bin
LD_LIBRARY_PATH=storm-local/supervisor/stormdist/test-4-1462969332/resources/Linux-amd64:storm-local/supervisor/stormdist/test-4-1462969332/resources:/usr/local/lib:/opt/local/lib:/usr/lib
PYTHON_EGG_CACHE=/tmp/petrel-test-4-1462969332/egg_cache
[2016-05-11 15:21:08,909][storm][INFO]Tuple profiling enabled. Will log tuple processing times.
[2016-05-11 15:21:08,976][storm][INFO]Task received setupInfo from Storm: {u'pidDir': u'/home/pipe/storm-local/workers/a5d1d5d5-589c-4c0e-8682-e4342bce3b41/pids', u'conf': {u'oauth.acess_token': u' 702208758362087425-HZiyl1x7Bh98cQa1WLBDYylyu10Bpl7', u'topology.tuple.serializer': u'backtype.storm.serialization.types.ListDelegateSerializer', u'topology.workers': 1, u'drpc.worker.threads': 64, u'storm.messaging.netty.client_worker_threads': 1, u'supervisor.heartbeat.frequency.secs': 5, u'topology.executor.send.buffer.size': 1024, u'drpc.childopts': u'-Xmx768m', u'nimbus.thrift.port': 6627, u'storm.zookeeper.retry.intervalceiling.millis': 30000, u'storm.local.dir': u'storm-local', u'topology.receiver.buffer.size': 8, u'storm.zookeeper.servers': [u'localhost'], u'oauth.consumer_secret': u'ADf76fi3O1lKMzBxWnjqf93l3GHv28uar3bkblkvyBrAyoA23i', u'transactional.zookeeper.root': u'/transactional', u'drpc.request.timeout.secs': 600, u'topology.skip.missing.kryo.registrations': False, u'worker.heartbeat.frequency.secs': 1, u'zmq.hwm': 0, u'storm.zookeeper.connection.timeout': 15000, u'java.library.path': u'/usr/local/lib:/opt/local/lib:/usr/lib', u'topology.max.error.report.per.interval': 5, u'storm.messaging.netty.server_worker_threads': 1, u'storm.id': u'test-4-1462969332', u'supervisor.worker.start.timeout.secs': 120, u'zmq.threads': 1, u'topology.acker.executors': None, u'storm.messaging.netty.flush.check.interval.ms': 10, u'storm.messaging.netty.transfer.batch.size': 262144, u'topology.max.task.parallelism': None, u'topology.environment': None, u'storm.zookeeper.port': 2181, u'nimbus.childopts': u'-Xmx1024m', u'topology.classpath': None, u'worker.childopts': u'-Xmx768m', u'drpc.queue.size': 128, u'topology.multilang.serializer': u'backtype.storm.multilang.JsonSerializer', u'storm.zookeeper.retry.times': 5, u'nimbus.monitor.freq.secs': 10, u'storm.cluster.mode': u'distributed', u'dev.zookeeper.path': u'/tmp/dev-storm-zookeeper', u'drpc.invocations.port': 3773, u'topology.tasks': None, u'storm.zookeeper.root': u'/storm', u'logviewer.childopts': u'-Xmx128m', u'storm.meta.serialization.delegate': u'backtype.storm.serialization.DefaultSerializationDelegate', u'transactional.zookeeper.port': None, u'topology.worker.receiver.thread.count': 1, u'topology.worker.childopts': None, u'topology.max.spout.pending': None, u'topology.kryo.register': None, u'petrel.host': u'pipe-X550CC', u'nimbus.cleanup.inbox.freq.secs': 600, u'storm.messaging.netty.min_wait_ms': 100, u'nimbus.task.timeout.secs': 30, u'nimbus.thrift.max_buffer_size': 1048576, u'topology.sleep.spout.wait.strategy.time.ms': 1, u'nimbus.reassign': True, u'storm.messaging.transport': u'backtype.storm.messaging.netty.Context', u'logviewer.appender.name': u'A1', u'nimbus.host': u'localhost', u'ui.port': 8080, u'supervisor.slots.ports': [6700, 6701, 6702, 6703], u'nimbus.file.copy.expiration.secs': 600, u'supervisor.monitor.frequency.secs': 3, u'ui.childopts': u'-Xmx768m', u'transactional.zookeeper.servers': None, u'zmq.linger.millis': 5000, u'topology.error.throttle.interval.secs': 10, u'topology.worker.shared.thread.pool.size': 4, u'topology.executor.receive.buffer.size': 1024, u'topology.spout.wait.strategy': u'backtype.storm.spout.SleepSpoutWaitStrategy', u'task.heartbeat.frequency.secs': 3, u'topology.transfer.buffer.size': 1024, u'storm.zookeeper.session.timeout': 20000, u'storm.local.mode.zmq': False, u'topology.stats.sample.rate': 0.05, u'topology.fall.back.on.java.serialization': True, u'supervisor.childopts': u'-Xmx256m', u'topology.enable.message.timeouts': True, u'storm.messaging.netty.max_wait_ms': 1000, u'nimbus.topology.validator': u'backtype.storm.nimbus.DefaultTopologyValidator', u'nimbus.supervisor.timeout.secs': 60, u'topology.disruptor.wait.strategy': u'com.lmax.disruptor.BlockingWaitStrategy', u'storm.messaging.netty.buffer_size': 5242880, u'drpc.port': 3772, u'topology.kryo.factory': u'backtype.storm.serialization.DefaultKryoFactory', u'storm.zookeeper.retry.interval': 1000, u'storm.messaging.netty.max_retries': 300, u'topology.tick.tuple.freq.secs': 30, u'supervisor.enable': True, u'nimbus.task.launch.secs': 120, u'task.refresh.poll.secs': 10, u'topology.message.timeout.secs': 30, u'oauth.acess_token_secret': u'IiNOTfgE3tEZvW2HDQhRKPMoOLU43NXJCXk8maj51SdAT', u'petrel.user': u'root', u'nimbus.inbox.jar.expiration.secs': 3600, u'topology.state.synchronization.timeout.secs': 60, u'topology.name': u'test', u'supervisor.worker.timeout.secs': 30, u'topology.trident.batch.emit.interval.millis': 500, u'topology.builtin.metrics.bucket.size.secs': 60, u'storm.thrift.transport': u'backtype.storm.security.auth.SimpleTransportPlugin', u'logviewer.port': 8000, u'oauth.consumer_key': u'eaFmBSxUveRJfmyZYeabti9Q9', u'topology.kryo.decorators': [], u'topology.debug': False}, u'context': {u'task->component': {u'1': u'CountThreeWords', u'3': u'CountWord', u'2': u'CountTwoWords', u'5': u'ThreeWordDivider', u'4': u'KafkaConsumer', u'7': u'WordDivider', u'6': u'TwoWordDivider', u'8': u'__acker'}, u'taskid': 4}}
[2016-05-11 15:21:08,976][storm][INFO]Task sent pid to Storm
[2016-05-11 15:21:09,128][kafka.client][INFO]Broker version identifed as 0.9
[2016-05-11 15:21:09,132][kafka.consumer.subscription_state][INFO]Updating subscribed topics to: ['instanttopic']
[2016-05-11 15:21:09,213][kafka.cluster][INFO]Group coordinator for kafka-python-default-group is BrokerMetadata(nodeId=0, host=u'pipe-X550CC', port=9092)
[2016-05-11 15:21:09,254][kafka.coordinator][INFO]Joined group 'kafka-python-default-group' (generation 1) with member_id kafka-python-1.0.2-9c6f3c3a-b133-41ec-934d-2a7bf4771a88
[2016-05-11 15:21:09,255][kafka.coordinator][INFO]Elected group leader -- performing partition assignments using range
[2016-05-11 15:21:09,299][kafka.consumer.subscription_state][INFO]Updated partition assignment: [TopicPartition(topic=u'instanttopic', partition=0)]
[2016-05-11 15:21:12,399][kafka.coordinator][INFO]Heartbeat successful
[2016-05-11 15:21:15,424][kafka.coordinator][INFO]Heartbeat successful
[2016-05-11 15:21:18,444][kafka.coordinator][INFO]Heartbeat successful
[2016-05-11 15:21:21,510][kafka.coordinator][INFO]Heartbeat successful
[2016-05-11 15:21:24,534][kafka.coordinator][INFO]Heartbeat successful
[2016-05-11 15:21:27,558][kafka.coordinator][INFO]Heartbeat successful
[2016-05-11 15:21:30,617][kafka.coordinator][INFO]Heartbeat successful
[2016-05-11 15:21:33,639][kafka.coordinator][INFO]Heartbeat successful
[2016-05-11 15:21:36,667][kafka.coordinator][INFO]Heartbeat successful
[2016-05-11 15:21:39,690][kafka.coordinator][INFO]Heartbeat successful
[2016-05-11 15:21:42,714][kafka.coordinator][INFO]Heartbeat successful
[2016-05-11 15:21:45,782][kafka.coordinator][INFO]Heartbeat successful
[2016-05-11 15:21:48,806][kafka.coordinator][INFO]Heartbeat successful
[2016-05-11 15:21:51,323][kafka.coordinator][INFO]Heartbeat successful
[2016-05-11 15:21:54,383][kafka.coordinator][INFO]Heartbeat successful
[2016-05-11 15:21:57,408][kafka.coordinator][INFO]Heartbeat successful
[2016-05-11 15:22:00,471][kafka.coordinator][INFO]Heartbeat successful
[2016-05-11 15:22:03,487][kafka.coordinator][INFO]Heartbeat successful
[2016-05-11 15:22:06,519][kafka.coordinator][INFO]Heartbeat successful
[2016-05-11 15:22:09,543][kafka.coordinator][INFO]Heartbeat successful
[2016-05-11 15:22:12,606][kafka.coordinator][INFO]Heartbeat successful
[2016-05-11 15:22:15,631][kafka.coordinator][INFO]Heartbeat successful
[2016-05-11 15:22:18,654][kafka.coordinator][INFO]Heartbeat successful
[2016-05-11 15:22:21,714][kafka.coordinator][INFO]Heartbeat successful
[2016-05-11 15:22:24,737][kafka.coordinator][INFO]Heartbeat successful
[2016-05-11 15:22:27,770][kafka.coordinator][INFO]Heartbeat successful
[2016-05-11 15:22:30,834][kafka.coordinator][INFO]Heartbeat successful
[2016-05-11 15:22:33,351][kafka.coordinator][INFO]Heartbeat successful
[2016-05-11 15:22:36,419][kafka.coordinator][INFO]Heartbeat successful
[2016-05-11 15:22:39,441][kafka.coordinator][INFO]Heartbeat successful
[2016-05-11 15:22:42,507][kafka.coordinator][INFO]Heartbeat successful
[2016-05-11 15:22:45,534][kafka.coordinator][INFO]Heartbeat successful
[2016-05-11 15:22:48,557][kafka.coordinator][INFO]Heartbeat successful
[2016-05-11 15:22:51,621][kafka.coordinator][INFO]Heartbeat successful
[2016-05-11 15:22:54,646][kafka.coordinator][INFO]Heartbeat successful
[2016-05-11 15:22:57,672][kafka.coordinator][INFO]Heartbeat successful
[2016-05-11 15:23:00,693][kafka.coordinator][INFO]Heartbeat successful
[2016-05-11 15:23:03,756][kafka.coordinator][INFO]Heartbeat successful
[2016-05-11 15:23:06,779][kafka.coordinator][INFO]Heartbeat successful
[2016-05-11 15:23:09,800][kafka.coordinator][INFO]Heartbeat successful
[2016-05-11 15:23:12,361][kafka.coordinator][INFO]Heartbeat successful
[2016-05-11 15:23:15,424][kafka.coordinator][INFO]Heartbeat successful
[2016-05-11 15:23:18,446][kafka.coordinator][INFO]Heartbeat successful
[2016-05-11 15:23:21,509][kafka.coordinator][INFO]Heartbeat successful
[2016-05-11 15:23:24,535][kafka.coordinator][INFO]Heartbeat successful
[2016-05-11 15:23:27,677][kafka.coordinator][INFO]Heartbeat successful
[2016-05-11 15:23:30,700][kafka.coordinator][INFO]Heartbeat successful
[2016-05-11 15:23:33,723][kafka.coordinator][INFO]Heartbeat successful
[2016-05-11 15:23:36,785][kafka.coordinator][INFO]Heartbeat successful
[2016-05-11 15:23:39,809][kafka.coordinator][INFO]Heartbeat successful
[2016-05-11 15:23:42,832][kafka.coordinator][INFO]Heartbeat successful
[2016-05-11 15:23:45,347][kafka.coordinator][INFO]Heartbeat successful
[2016-05-11 15:23:48,411][kafka.coordinator][INFO]Heartbeat successful
[2016-05-11 15:23:51,435][kafka.coordinator][INFO]Heartbeat successful
[2016-05-11 15:23:54,496][kafka.coordinator][INFO]Heartbeat successful
[2016-05-11 15:23:57,518][kafka.coordinator][INFO]Heartbeat successful
[2016-05-11 15:24:00,544][kafka.coordinator][INFO]Heartbeat successful
[2016-05-11 15:24:03,608][kafka.coordinator][INFO]Heartbeat successful
[2016-05-11 15:24:06,628][kafka.coordinator][INFO]Heartbeat successful
[2016-05-11 15:24:09,654][kafka.coordinator][INFO]Heartbeat successful
[2016-05-11 15:24:12,720][kafka.coordinator][INFO]Heartbeat successful
[2016-05-11 15:24:15,744][kafka.coordinator][INFO]Heartbeat successful
[2016-05-11 15:24:18,772][kafka.coordinator][INFO]Heartbeat successful
[2016-05-11 15:24:21,796][kafka.coordinator][INFO]Heartbeat successful
[2016-05-11 15:24:24,359][kafka.coordinator][INFO]Heartbeat successful
[2016-05-11 15:24:27,426][kafka.coordinator][INFO]Heartbeat successful
[2016-05-11 15:24:30,446][kafka.coordinator][INFO]Heartbeat successful
[2016-05-11 15:24:33,513][kafka.coordinator][INFO]Heartbeat successful
[2016-05-11 15:24:36,536][kafka.coordinator][INFO]Heartbeat successful
[2016-05-11 15:24:39,558][kafka.coordinator][INFO]Heartbeat successful
[2016-05-11 15:24:42,590][kafka.coordinator][INFO]Heartbeat successful
[2016-05-11 15:24:45,613][kafka.coordinator][INFO]Heartbeat successful
[2016-05-11 15:24:48,680][kafka.coordinator][INFO]Heartbeat successful
[2016-05-11 15:24:51,706][kafka.coordinator][INFO]Heartbeat successful
[2016-05-11 15:24:54,737][kafka.coordinator][INFO]Heartbeat successful
[2016-05-11 15:24:57,800][kafka.coordinator][INFO]Heartbeat successful
[2016-05-11 15:25:00,823][kafka.coordinator][INFO]Heartbeat successful
[2016-05-11 15:25:03,847][kafka.coordinator][INFO]Heartbeat successful
[2016-05-11 15:25:06,366][kafka.coordinator][INFO]Heartbeat successful
[2016-05-11 15:25:09,432][kafka.coordinator][INFO]Heartbeat successful
[2016-05-11 15:25:12,452][kafka.coordinator][INFO]Heartbeat successful
[2016-05-11 15:25:15,513][kafka.coordinator][INFO]Heartbeat successful
[2016-05-11 15:25:18,543][kafka.coordinator][INFO]Heartbeat successful
[2016-05-11 15:25:21,568][kafka.coordinator][INFO]Heartbeat successful
[2016-05-11 15:25:24,590][kafka.coordinator][INFO]Heartbeat successful
[2016-05-11 15:25:27,631][kafka.coordinator][INFO]Heartbeat successful
[2016-05-11 15:25:30,697][kafka.coordinator][INFO]Heartbeat successful
[2016-05-11 15:25:33,720][kafka.coordinator][INFO]Heartbeat successful
[2016-05-11 15:25:36,744][kafka.coordinator][INFO]Heartbeat successful
[2016-05-11 15:25:39,769][kafka.coordinator][INFO]Heartbeat successful
[2016-05-11 15:25:42,793][kafka.coordinator][INFO]Heartbeat successful
[2016-05-11 15:25:45,856][kafka.coordinator][INFO]Heartbeat successful
[2016-05-11 15:25:48,379][kafka.coordinator][INFO]Heartbeat successful
[2016-05-11 15:25:51,443][kafka.coordinator][INFO]Heartbeat successful
[2016-05-11 15:25:54,468][kafka.coordinator][INFO]Heartbeat successful
[2016-05-11 15:25:57,490][kafka.coordinator][INFO]Heartbeat successful
[2016-05-11 15:26:00,552][kafka.coordinator][INFO]Heartbeat successful
[2016-05-11 15:26:03,577][kafka.coordinator][INFO]Heartbeat successful
[2016-05-11 15:26:06,597][kafka.coordinator][INFO]Heartbeat successful
[2016-05-11 15:26:09,368][kafka.coordinator][WARNING]Coordinator unknown during heartbeat -- will retry
[2016-05-11 15:26:09,369][kafka.coordinator][WARNING]Heartbeat failed; retrying
[2016-05-11 15:26:09,469][kafka.coordinator][WARNING]Coordinator unknown during heartbeat -- will retry
[2016-05-11 15:26:09,470][kafka.coordinator][WARNING]Heartbeat failed; retrying
[2016-05-11 15:26:09,571][kafka.coordinator][WARNING]Coordinator unknown during heartbeat -- will retry
[2016-05-11 15:26:09,571][kafka.coordinator][WARNING]Heartbeat failed; retrying
[2016-05-11 15:26:09,673][kafka.coordinator][INFO]Heartbeat successful
[2016-05-11 15:26:12,735][kafka.coordinator][INFO]Heartbeat successful
[2016-05-11 15:26:15,761][kafka.coordinator][INFO]Heartbeat successful
[2016-05-11 15:26:18,788][kafka.coordinator][INFO]Heartbeat successful
[2016-05-11 15:26:21,814][kafka.coordinator][INFO]Heartbeat successful
[2016-05-11 15:26:24,842][kafka.coordinator][INFO]Heartbeat successful
[2016-05-11 15:26:27,861][kafka.coordinator][INFO]Heartbeat successful
[2016-05-11 15:26:30,929][kafka.coordinator][INFO]Heartbeat successful
[2016-05-11 15:26:33,960][kafka.coordinator][INFO]Heartbeat successful
[2016-05-11 15:26:36,984][kafka.coordinator][INFO]Heartbeat successful
