Beginning task setup

/usr/bin/flock
Using existing venv: /tmp/petrel-test-4-1462969332/venv
Task setup took 0 seconds
Launching: python -m petrel.run kafkaconsumer /home/pipe/twitterintel/twitterintel/topology/TopologyTweetTransformationSPAM/petrel12183_kafkaconsumer.log
/usr/local/lib/python2.7/dist-packages/petrel-0.9.4.0.3-py2.7.egg/petrel/run.py invoked with the following arguments: ['kafkaconsumer', '/home/pipe/twitterintel/twitterintel/topology/TopologyTweetTransformationSPAM/petrel12183_kafkaconsumer.log']
python version: 2.7.11
user=root
PATH=/tmp/petrel-test-4-1462969332/venv/bin:/root/SimpleScalar/simplesim-3.0:/root/SimpleScalar/bin:/root/SimpleScalar/gcc-2.6.3:/root/SimpleScalar/bin:/usr/local/sbin:/usr/local/bin:/usr/sbin:/usr/bin:/sbin:/bin:/usr/games:/usr/local/games:/home/pipe/Downloads/zookeeper-3.4.8/bin:/home/pipe/Downloads/apache-storm-0.9.4/bin
LD_LIBRARY_PATH=storm-local/supervisor/stormdist/test-4-1462969332/resources/Linux-amd64:storm-local/supervisor/stormdist/test-4-1462969332/resources:/usr/local/lib:/opt/local/lib:/usr/lib
PYTHON_EGG_CACHE=/tmp/petrel-test-4-1462969332/egg_cache
[2016-05-11 16:54:39,085][storm][INFO]Tuple profiling enabled. Will log tuple processing times.
[2016-05-11 16:54:39,327][storm][INFO]Task received setupInfo from Storm: {u'pidDir': u'/home/pipe/storm-local/workers/4647d5a9-2f41-455f-af21-742350dd6ffd/pids', u'conf': {u'oauth.acess_token': u' 702208758362087425-HZiyl1x7Bh98cQa1WLBDYylyu10Bpl7', u'topology.tuple.serializer': u'backtype.storm.serialization.types.ListDelegateSerializer', u'topology.workers': 1, u'drpc.worker.threads': 64, u'storm.messaging.netty.client_worker_threads': 1, u'supervisor.heartbeat.frequency.secs': 5, u'topology.executor.send.buffer.size': 1024, u'drpc.childopts': u'-Xmx768m', u'nimbus.thrift.port': 6627, u'storm.zookeeper.retry.intervalceiling.millis': 30000, u'storm.local.dir': u'storm-local', u'topology.receiver.buffer.size': 8, u'storm.zookeeper.servers': [u'localhost'], u'oauth.consumer_secret': u'ADf76fi3O1lKMzBxWnjqf93l3GHv28uar3bkblkvyBrAyoA23i', u'transactional.zookeeper.root': u'/transactional', u'drpc.request.timeout.secs': 600, u'topology.skip.missing.kryo.registrations': False, u'worker.heartbeat.frequency.secs': 1, u'zmq.hwm': 0, u'storm.zookeeper.connection.timeout': 15000, u'java.library.path': u'/usr/local/lib:/opt/local/lib:/usr/lib', u'topology.max.error.report.per.interval': 5, u'storm.messaging.netty.server_worker_threads': 1, u'storm.id': u'test-4-1462969332', u'supervisor.worker.start.timeout.secs': 120, u'zmq.threads': 1, u'topology.acker.executors': None, u'storm.messaging.netty.flush.check.interval.ms': 10, u'storm.messaging.netty.transfer.batch.size': 262144, u'topology.max.task.parallelism': None, u'topology.environment': None, u'storm.zookeeper.port': 2181, u'nimbus.childopts': u'-Xmx1024m', u'topology.classpath': None, u'worker.childopts': u'-Xmx768m', u'drpc.queue.size': 128, u'topology.multilang.serializer': u'backtype.storm.multilang.JsonSerializer', u'storm.zookeeper.retry.times': 5, u'nimbus.monitor.freq.secs': 10, u'storm.cluster.mode': u'distributed', u'dev.zookeeper.path': u'/tmp/dev-storm-zookeeper', u'drpc.invocations.port': 3773, u'topology.tasks': None, u'storm.zookeeper.root': u'/storm', u'logviewer.childopts': u'-Xmx128m', u'storm.meta.serialization.delegate': u'backtype.storm.serialization.DefaultSerializationDelegate', u'transactional.zookeeper.port': None, u'topology.worker.receiver.thread.count': 1, u'topology.worker.childopts': None, u'topology.max.spout.pending': None, u'topology.kryo.register': None, u'petrel.host': u'pipe-X550CC', u'nimbus.cleanup.inbox.freq.secs': 600, u'storm.messaging.netty.min_wait_ms': 100, u'nimbus.task.timeout.secs': 30, u'nimbus.thrift.max_buffer_size': 1048576, u'topology.sleep.spout.wait.strategy.time.ms': 1, u'nimbus.reassign': True, u'storm.messaging.transport': u'backtype.storm.messaging.netty.Context', u'logviewer.appender.name': u'A1', u'nimbus.host': u'localhost', u'ui.port': 8080, u'supervisor.slots.ports': [6700, 6701, 6702, 6703], u'nimbus.file.copy.expiration.secs': 600, u'supervisor.monitor.frequency.secs': 3, u'ui.childopts': u'-Xmx768m', u'transactional.zookeeper.servers': None, u'zmq.linger.millis': 5000, u'topology.error.throttle.interval.secs': 10, u'topology.worker.shared.thread.pool.size': 4, u'topology.executor.receive.buffer.size': 1024, u'topology.spout.wait.strategy': u'backtype.storm.spout.SleepSpoutWaitStrategy', u'task.heartbeat.frequency.secs': 3, u'topology.transfer.buffer.size': 1024, u'storm.zookeeper.session.timeout': 20000, u'storm.local.mode.zmq': False, u'topology.stats.sample.rate': 0.05, u'topology.fall.back.on.java.serialization': True, u'supervisor.childopts': u'-Xmx256m', u'topology.enable.message.timeouts': True, u'storm.messaging.netty.max_wait_ms': 1000, u'nimbus.topology.validator': u'backtype.storm.nimbus.DefaultTopologyValidator', u'nimbus.supervisor.timeout.secs': 60, u'topology.disruptor.wait.strategy': u'com.lmax.disruptor.BlockingWaitStrategy', u'storm.messaging.netty.buffer_size': 5242880, u'drpc.port': 3772, u'topology.kryo.factory': u'backtype.storm.serialization.DefaultKryoFactory', u'storm.zookeeper.retry.interval': 1000, u'storm.messaging.netty.max_retries': 300, u'topology.tick.tuple.freq.secs': 30, u'supervisor.enable': True, u'nimbus.task.launch.secs': 120, u'task.refresh.poll.secs': 10, u'topology.message.timeout.secs': 30, u'oauth.acess_token_secret': u'IiNOTfgE3tEZvW2HDQhRKPMoOLU43NXJCXk8maj51SdAT', u'petrel.user': u'root', u'nimbus.inbox.jar.expiration.secs': 3600, u'topology.state.synchronization.timeout.secs': 60, u'topology.name': u'test', u'supervisor.worker.timeout.secs': 30, u'topology.trident.batch.emit.interval.millis': 500, u'topology.builtin.metrics.bucket.size.secs': 60, u'storm.thrift.transport': u'backtype.storm.security.auth.SimpleTransportPlugin', u'logviewer.port': 8000, u'oauth.consumer_key': u'eaFmBSxUveRJfmyZYeabti9Q9', u'topology.kryo.decorators': [], u'topology.debug': False}, u'context': {u'task->component': {u'1': u'CountThreeWords', u'3': u'CountWord', u'2': u'CountTwoWords', u'5': u'ThreeWordDivider', u'4': u'KafkaConsumer', u'7': u'WordDivider', u'6': u'TwoWordDivider', u'8': u'__acker'}, u'taskid': 4}}
[2016-05-11 16:54:39,338][storm][INFO]Task sent pid to Storm
[2016-05-11 16:54:39,492][kafka.client][INFO]Broker version identifed as 0.9
[2016-05-11 16:54:39,493][kafka.consumer.subscription_state][INFO]Updating subscribed topics to: ['instanttopic']
[2016-05-11 16:54:39,572][kafka.cluster][INFO]Group coordinator for kafka-python-default-group is BrokerMetadata(nodeId=0, host=u'pipe-X550CC', port=9092)
[2016-05-11 16:54:50,626][kafka.coordinator][INFO]Joined group 'kafka-python-default-group' (generation 15) with member_id kafka-python-1.0.2-89912bc7-e61f-4cde-812b-d35154cb47c9
[2016-05-11 16:54:50,627][kafka.coordinator][INFO]Elected group leader -- performing partition assignments using range
[2016-05-11 16:54:50,627][kafka.coordinator.assignors.range][WARNING]No partition metadata for topic goodtopic
[2016-05-11 16:54:50,768][kafka.coordinator][INFO]Joined group 'kafka-python-default-group' (generation 15) with member_id kafka-python-1.0.2-89912bc7-e61f-4cde-812b-d35154cb47c9
[2016-05-11 16:54:50,768][kafka.coordinator][INFO]Elected group leader -- performing partition assignments using range
[2016-05-11 16:54:50,810][kafka.consumer.subscription_state][INFO]Updated partition assignment: [TopicPartition(topic=u'instanttopic', partition=0)]
[2016-05-11 16:54:53,900][kafka.coordinator][INFO]Heartbeat successful
[2016-05-11 16:54:56,919][kafka.coordinator][INFO]Heartbeat successful
[2016-05-11 16:54:59,932][kafka.coordinator][INFO]Heartbeat successful
[2016-05-11 16:55:02,985][kafka.coordinator][INFO]Heartbeat successful
[2016-05-11 16:55:06,001][kafka.coordinator][INFO]Heartbeat successful
[2016-05-11 16:55:09,020][kafka.coordinator][INFO]Heartbeat successful
[2016-05-11 16:55:12,072][kafka.coordinator][INFO]Heartbeat successful
[2016-05-11 16:55:15,095][kafka.coordinator][INFO]Heartbeat successful
[2016-05-11 16:55:18,116][kafka.coordinator][INFO]Heartbeat successful
[2016-05-11 16:55:21,134][kafka.coordinator][INFO]Heartbeat successful
[2016-05-11 16:55:24,185][kafka.coordinator][INFO]Heartbeat successful
[2016-05-11 16:55:27,206][kafka.coordinator][INFO]Heartbeat successful
[2016-05-11 16:55:30,222][kafka.coordinator][INFO]Heartbeat successful
[2016-05-11 16:55:33,284][kafka.coordinator][INFO]Heartbeat successful
[2016-05-11 16:55:36,300][kafka.coordinator][INFO]Heartbeat successful
[2016-05-11 16:55:39,318][kafka.coordinator][INFO]Heartbeat successful
[2016-05-11 16:55:41,874][kafka.coordinator][INFO]Heartbeat successful
[2016-05-11 16:55:44,892][kafka.coordinator][INFO]Heartbeat successful
[2016-05-11 16:55:47,905][kafka.coordinator][INFO]Heartbeat successful
[2016-05-11 16:55:50,920][kafka.coordinator][INFO]Heartbeat successful
[2016-05-11 16:55:53,972][kafka.coordinator][INFO]Heartbeat successful
[2016-05-11 16:55:56,988][kafka.coordinator][INFO]Heartbeat successful
[2016-05-11 16:55:59,999][kafka.coordinator][INFO]Heartbeat successful
[2016-05-11 16:56:03,054][kafka.coordinator][INFO]Heartbeat successful
[2016-05-11 16:56:06,074][kafka.coordinator][INFO]Heartbeat successful
[2016-05-11 16:56:09,093][kafka.coordinator][INFO]Heartbeat successful
[2016-05-11 16:56:12,156][kafka.coordinator][INFO]Heartbeat successful
[2016-05-11 16:56:15,179][kafka.coordinator][INFO]Heartbeat successful
[2016-05-11 16:56:18,202][kafka.coordinator][INFO]Heartbeat successful
[2016-05-11 16:56:21,224][kafka.coordinator][INFO]Heartbeat successful
[2016-05-11 16:56:24,277][kafka.coordinator][INFO]Heartbeat successful
[2016-05-11 16:56:27,293][kafka.coordinator][INFO]Heartbeat successful
[2016-05-11 16:56:30,308][kafka.coordinator][INFO]Heartbeat successful
[2016-05-11 16:56:32,860][kafka.coordinator][INFO]Heartbeat successful
[2016-05-11 16:56:35,916][kafka.coordinator][INFO]Heartbeat successful
[2016-05-11 16:56:38,930][kafka.coordinator][INFO]Heartbeat successful
[2016-05-11 16:56:41,950][kafka.coordinator][INFO]Heartbeat successful
[2016-05-11 16:56:45,002][kafka.coordinator][INFO]Heartbeat successful
[2016-05-11 16:56:48,018][kafka.coordinator][INFO]Heartbeat successful
[2016-05-11 16:56:51,030][kafka.coordinator][INFO]Heartbeat successful
[2016-05-11 16:56:54,089][kafka.coordinator][INFO]Heartbeat successful
[2016-05-11 16:56:57,108][kafka.coordinator][INFO]Heartbeat successful
[2016-05-11 16:57:00,131][kafka.coordinator][INFO]Heartbeat successful
[2016-05-11 16:57:03,195][kafka.coordinator][INFO]Heartbeat successful
[2016-05-11 16:57:06,212][kafka.coordinator][INFO]Heartbeat successful
[2016-05-11 16:57:09,230][kafka.coordinator][INFO]Heartbeat successful
[2016-05-11 16:57:12,245][kafka.coordinator][INFO]Heartbeat successful
[2016-05-11 16:57:15,300][kafka.coordinator][INFO]Heartbeat successful
[2016-05-11 16:57:18,316][kafka.coordinator][INFO]Heartbeat successful
[2016-05-11 16:57:21,329][kafka.coordinator][INFO]Heartbeat successful
[2016-05-11 16:57:23,883][kafka.coordinator][INFO]Heartbeat successful
[2016-05-11 16:57:26,900][kafka.coordinator][INFO]Heartbeat successful
[2016-05-11 16:57:29,922][kafka.coordinator][INFO]Heartbeat successful
[2016-05-11 16:57:32,990][kafka.coordinator][INFO]Heartbeat successful
[2016-05-11 16:57:36,010][kafka.coordinator][WARNING]Heartbeat: group is rebalancing; this consumer needs to re-join
[2016-05-11 16:57:36,010][kafka.coordinator][WARNING]Heartbeat failed; retrying
[2016-05-11 16:57:36,110][kafka.coordinator][INFO]Skipping heartbeat: no auto-assignment or waiting on rebalance
[2016-05-11 16:57:36,516][kafka.coordinator][INFO]Joined group 'kafka-python-default-group' (generation 16) with member_id kafka-python-1.0.2-89912bc7-e61f-4cde-812b-d35154cb47c9
[2016-05-11 16:57:36,516][kafka.coordinator][INFO]Elected group leader -- performing partition assignments using range
[2016-05-11 16:57:36,557][kafka.consumer.subscription_state][INFO]Updated partition assignment: [TopicPartition(topic=u'instanttopic', partition=0)]
[2016-05-11 16:57:39,648][kafka.coordinator][INFO]Heartbeat successful
[2016-05-11 16:57:42,669][kafka.coordinator][INFO]Heartbeat successful
[2016-05-11 16:57:45,688][kafka.coordinator][INFO]Heartbeat successful
[2016-05-11 16:57:48,745][kafka.coordinator][INFO]Heartbeat successful
[2016-05-11 16:57:51,760][kafka.coordinator][INFO]Heartbeat successful
[2016-05-11 16:57:54,778][kafka.coordinator][INFO]Heartbeat successful
[2016-05-11 16:57:57,833][kafka.coordinator][INFO]Heartbeat successful
[2016-05-11 16:58:00,849][kafka.coordinator][INFO]Heartbeat successful
[2016-05-11 16:58:03,866][kafka.coordinator][INFO]Heartbeat successful
[2016-05-11 16:58:06,883][kafka.coordinator][INFO]Heartbeat successful
[2016-05-11 16:58:09,942][kafka.coordinator][INFO]Heartbeat successful
[2016-05-11 16:58:12,971][kafka.coordinator][INFO]Heartbeat successful
[2016-05-11 16:58:15,987][kafka.coordinator][INFO]Heartbeat successful
[2016-05-11 16:58:19,040][kafka.coordinator][INFO]Heartbeat successful
[2016-05-11 16:58:22,058][kafka.coordinator][INFO]Heartbeat successful
[2016-05-11 16:58:24,572][kafka.coordinator][INFO]Heartbeat successful
[2016-05-11 16:58:27,627][kafka.coordinator][INFO]Heartbeat successful
[2016-05-11 16:58:30,645][kafka.coordinator][INFO]Heartbeat successful
[2016-05-11 16:58:33,696][kafka.coordinator][INFO]Heartbeat successful
[2016-05-11 16:58:36,712][kafka.coordinator][INFO]Heartbeat successful
[2016-05-11 16:58:39,730][kafka.coordinator][INFO]Heartbeat successful
[2016-05-11 16:58:42,791][kafka.coordinator][INFO]Heartbeat successful
[2016-05-11 16:58:45,804][kafka.coordinator][INFO]Heartbeat successful
[2016-05-11 16:58:48,824][kafka.coordinator][INFO]Heartbeat successful
[2016-05-11 16:58:51,836][kafka.coordinator][INFO]Heartbeat successful
[2016-05-11 16:58:54,894][kafka.coordinator][INFO]Heartbeat successful
[2016-05-11 16:58:57,907][kafka.coordinator][INFO]Heartbeat successful
[2016-05-11 16:59:00,924][kafka.coordinator][INFO]Heartbeat successful
[2016-05-11 16:59:03,982][kafka.coordinator][INFO]Heartbeat successful
[2016-05-11 16:59:06,996][kafka.coordinator][INFO]Heartbeat successful
[2016-05-11 16:59:10,017][kafka.coordinator][INFO]Heartbeat successful
[2016-05-11 16:59:13,074][kafka.coordinator][INFO]Heartbeat successful
[2016-05-11 16:59:15,586][kafka.coordinator][INFO]Heartbeat successful
[2016-05-11 16:59:18,635][kafka.coordinator][INFO]Heartbeat successful
[2016-05-11 16:59:21,647][kafka.coordinator][INFO]Heartbeat successful
[2016-05-11 16:59:24,700][kafka.coordinator][INFO]Heartbeat successful
[2016-05-11 16:59:27,721][kafka.coordinator][INFO]Heartbeat successful
[2016-05-11 16:59:30,738][kafka.coordinator][INFO]Heartbeat successful
[2016-05-11 16:59:33,791][kafka.coordinator][INFO]Heartbeat successful
[2016-05-11 16:59:36,809][kafka.coordinator][INFO]Heartbeat successful
[2016-05-11 16:59:39,824][kafka.coordinator][INFO]Heartbeat successful
[2016-05-11 16:59:42,838][kafka.coordinator][INFO]Heartbeat successful
[2016-05-11 16:59:45,892][kafka.coordinator][INFO]Heartbeat successful
[2016-05-11 16:59:48,992][kafka.coordinator][INFO]Heartbeat successful
[2016-05-11 16:59:52,016][kafka.coordinator][INFO]Heartbeat successful
[2016-05-11 16:59:55,074][kafka.coordinator][INFO]Heartbeat successful
[2016-05-11 16:59:57,586][kafka.coordinator][INFO]Heartbeat successful
[2016-05-11 17:00:00,639][kafka.coordinator][INFO]Heartbeat successful
