Beginning task setup

/usr/bin/flock
Using existing venv: /tmp/petrel-test-4-1462969332/venv
Task setup took 1 seconds
Launching: python -m petrel.run kafkaconsumer /home/pipe/twitterintel/twitterintel/topology/TopologyTweetTransformationSPAM/petrel4202_kafkaconsumer.log
/usr/local/lib/python2.7/dist-packages/petrel-0.9.4.0.3-py2.7.egg/petrel/run.py invoked with the following arguments: ['kafkaconsumer', '/home/pipe/twitterintel/twitterintel/topology/TopologyTweetTransformationSPAM/petrel4202_kafkaconsumer.log']
python version: 2.7.11
user=root
PATH=/tmp/petrel-test-4-1462969332/venv/bin:/root/SimpleScalar/simplesim-3.0:/root/SimpleScalar/bin:/root/SimpleScalar/gcc-2.6.3:/root/SimpleScalar/bin:/usr/local/sbin:/usr/local/bin:/usr/sbin:/usr/bin:/sbin:/bin:/usr/games:/usr/local/games:/home/pipe/Downloads/zookeeper-3.4.8/bin:/home/pipe/Downloads/apache-storm-0.9.4/bin
LD_LIBRARY_PATH=storm-local/supervisor/stormdist/test-4-1462969332/resources/Linux-amd64:storm-local/supervisor/stormdist/test-4-1462969332/resources:/usr/local/lib:/opt/local/lib:/usr/lib
PYTHON_EGG_CACHE=/tmp/petrel-test-4-1462969332/egg_cache
[2016-05-11 16:19:33,198][storm][INFO]Tuple profiling enabled. Will log tuple processing times.
[2016-05-11 16:19:38,765][storm][INFO]Task received setupInfo from Storm: {u'pidDir': u'/home/pipe/storm-local/workers/745d857d-3e0e-4c3a-8c8b-4394c2280697/pids', u'conf': {u'oauth.acess_token': u' 702208758362087425-HZiyl1x7Bh98cQa1WLBDYylyu10Bpl7', u'topology.tuple.serializer': u'backtype.storm.serialization.types.ListDelegateSerializer', u'topology.workers': 1, u'drpc.worker.threads': 64, u'storm.messaging.netty.client_worker_threads': 1, u'supervisor.heartbeat.frequency.secs': 5, u'topology.executor.send.buffer.size': 1024, u'drpc.childopts': u'-Xmx768m', u'nimbus.thrift.port': 6627, u'storm.zookeeper.retry.intervalceiling.millis': 30000, u'storm.local.dir': u'storm-local', u'topology.receiver.buffer.size': 8, u'storm.zookeeper.servers': [u'localhost'], u'oauth.consumer_secret': u'ADf76fi3O1lKMzBxWnjqf93l3GHv28uar3bkblkvyBrAyoA23i', u'transactional.zookeeper.root': u'/transactional', u'drpc.request.timeout.secs': 600, u'topology.skip.missing.kryo.registrations': False, u'worker.heartbeat.frequency.secs': 1, u'zmq.hwm': 0, u'storm.zookeeper.connection.timeout': 15000, u'java.library.path': u'/usr/local/lib:/opt/local/lib:/usr/lib', u'topology.max.error.report.per.interval': 5, u'storm.messaging.netty.server_worker_threads': 1, u'storm.id': u'test-4-1462969332', u'supervisor.worker.start.timeout.secs': 120, u'zmq.threads': 1, u'topology.acker.executors': None, u'storm.messaging.netty.flush.check.interval.ms': 10, u'storm.messaging.netty.transfer.batch.size': 262144, u'topology.max.task.parallelism': None, u'topology.environment': None, u'storm.zookeeper.port': 2181, u'nimbus.childopts': u'-Xmx1024m', u'topology.classpath': None, u'worker.childopts': u'-Xmx768m', u'drpc.queue.size': 128, u'topology.multilang.serializer': u'backtype.storm.multilang.JsonSerializer', u'storm.zookeeper.retry.times': 5, u'nimbus.monitor.freq.secs': 10, u'storm.cluster.mode': u'distributed', u'dev.zookeeper.path': u'/tmp/dev-storm-zookeeper', u'drpc.invocations.port': 3773, u'topology.tasks': None, u'storm.zookeeper.root': u'/storm', u'logviewer.childopts': u'-Xmx128m', u'storm.meta.serialization.delegate': u'backtype.storm.serialization.DefaultSerializationDelegate', u'transactional.zookeeper.port': None, u'topology.worker.receiver.thread.count': 1, u'topology.worker.childopts': None, u'topology.max.spout.pending': None, u'topology.kryo.register': None, u'petrel.host': u'pipe-X550CC', u'nimbus.cleanup.inbox.freq.secs': 600, u'storm.messaging.netty.min_wait_ms': 100, u'nimbus.task.timeout.secs': 30, u'nimbus.thrift.max_buffer_size': 1048576, u'topology.sleep.spout.wait.strategy.time.ms': 1, u'nimbus.reassign': True, u'storm.messaging.transport': u'backtype.storm.messaging.netty.Context', u'logviewer.appender.name': u'A1', u'nimbus.host': u'localhost', u'ui.port': 8080, u'supervisor.slots.ports': [6700, 6701, 6702, 6703], u'nimbus.file.copy.expiration.secs': 600, u'supervisor.monitor.frequency.secs': 3, u'ui.childopts': u'-Xmx768m', u'transactional.zookeeper.servers': None, u'zmq.linger.millis': 5000, u'topology.error.throttle.interval.secs': 10, u'topology.worker.shared.thread.pool.size': 4, u'topology.executor.receive.buffer.size': 1024, u'topology.spout.wait.strategy': u'backtype.storm.spout.SleepSpoutWaitStrategy', u'task.heartbeat.frequency.secs': 3, u'topology.transfer.buffer.size': 1024, u'storm.zookeeper.session.timeout': 20000, u'storm.local.mode.zmq': False, u'topology.stats.sample.rate': 0.05, u'topology.fall.back.on.java.serialization': True, u'supervisor.childopts': u'-Xmx256m', u'topology.enable.message.timeouts': True, u'storm.messaging.netty.max_wait_ms': 1000, u'nimbus.topology.validator': u'backtype.storm.nimbus.DefaultTopologyValidator', u'nimbus.supervisor.timeout.secs': 60, u'topology.disruptor.wait.strategy': u'com.lmax.disruptor.BlockingWaitStrategy', u'storm.messaging.netty.buffer_size': 5242880, u'drpc.port': 3772, u'topology.kryo.factory': u'backtype.storm.serialization.DefaultKryoFactory', u'storm.zookeeper.retry.interval': 1000, u'storm.messaging.netty.max_retries': 300, u'topology.tick.tuple.freq.secs': 30, u'supervisor.enable': True, u'nimbus.task.launch.secs': 120, u'task.refresh.poll.secs': 10, u'topology.message.timeout.secs': 30, u'oauth.acess_token_secret': u'IiNOTfgE3tEZvW2HDQhRKPMoOLU43NXJCXk8maj51SdAT', u'petrel.user': u'root', u'nimbus.inbox.jar.expiration.secs': 3600, u'topology.state.synchronization.timeout.secs': 60, u'topology.name': u'test', u'supervisor.worker.timeout.secs': 30, u'topology.trident.batch.emit.interval.millis': 500, u'topology.builtin.metrics.bucket.size.secs': 60, u'storm.thrift.transport': u'backtype.storm.security.auth.SimpleTransportPlugin', u'logviewer.port': 8000, u'oauth.consumer_key': u'eaFmBSxUveRJfmyZYeabti9Q9', u'topology.kryo.decorators': [], u'topology.debug': False}, u'context': {u'task->component': {u'1': u'CountThreeWords', u'3': u'CountWord', u'2': u'CountTwoWords', u'5': u'ThreeWordDivider', u'4': u'KafkaConsumer', u'7': u'WordDivider', u'6': u'TwoWordDivider', u'8': u'__acker'}, u'taskid': 4}}
[2016-05-11 16:19:38,821][storm][INFO]Task sent pid to Storm
[2016-05-11 16:19:39,639][kafka.client][INFO]Broker version identifed as 0.9
[2016-05-11 16:19:39,640][kafka.consumer.subscription_state][INFO]Updating subscribed topics to: ['instanttopic']
[2016-05-11 16:19:40,041][kafka.cluster][INFO]Group coordinator for kafka-python-default-group is BrokerMetadata(nodeId=0, host=u'pipe-X550CC', port=9092)
[2016-05-11 16:19:40,080][kafka.coordinator][INFO]Joined group 'kafka-python-default-group' (generation 1) with member_id kafka-python-1.0.2-0341f6e5-6818-4be9-886e-b5d5f4a1c476
[2016-05-11 16:19:40,081][kafka.coordinator][INFO]Elected group leader -- performing partition assignments using range
[2016-05-11 16:19:40,121][kafka.consumer.subscription_state][INFO]Updated partition assignment: [TopicPartition(topic=u'instanttopic', partition=0)]
[2016-05-11 16:19:43,218][kafka.coordinator][INFO]Heartbeat successful
[2016-05-11 16:19:46,247][kafka.coordinator][INFO]Heartbeat successful
[2016-05-11 16:19:49,267][kafka.coordinator][INFO]Heartbeat successful
[2016-05-11 16:19:52,325][kafka.coordinator][INFO]Heartbeat successful
[2016-05-11 16:19:55,341][kafka.coordinator][INFO]Heartbeat successful
[2016-05-11 16:19:58,361][kafka.coordinator][INFO]Heartbeat successful
[2016-05-11 16:20:01,421][kafka.coordinator][INFO]Heartbeat successful
[2016-05-11 16:20:04,443][kafka.coordinator][INFO]Heartbeat successful
[2016-05-11 16:20:07,463][kafka.coordinator][INFO]Heartbeat successful
[2016-05-11 16:20:10,480][kafka.coordinator][INFO]Heartbeat successful
[2016-05-11 16:20:13,539][kafka.coordinator][INFO]Heartbeat successful
[2016-05-11 16:20:16,563][kafka.coordinator][INFO]Heartbeat successful
[2016-05-11 16:20:19,579][kafka.coordinator][INFO]Heartbeat successful
[2016-05-11 16:20:22,138][kafka.coordinator][INFO]Heartbeat successful
[2016-05-11 16:20:25,196][kafka.coordinator][INFO]Heartbeat successful
[2016-05-11 16:20:28,497][kafka.coordinator][INFO]Heartbeat successful
[2016-05-11 16:20:31,513][kafka.coordinator][INFO]Heartbeat successful
[2016-05-11 16:20:34,532][kafka.coordinator][INFO]Heartbeat successful
[2016-05-11 16:20:37,594][kafka.coordinator][INFO]Heartbeat successful
[2016-05-11 16:20:40,615][kafka.coordinator][INFO]Heartbeat successful
[2016-05-11 16:20:43,632][kafka.coordinator][INFO]Heartbeat successful
[2016-05-11 16:20:46,152][kafka.coordinator][INFO]Heartbeat successful
[2016-05-11 16:20:49,213][kafka.coordinator][INFO]Heartbeat successful
[2016-05-11 16:20:52,271][kafka.coordinator][INFO]Heartbeat successful
[2016-05-11 16:20:55,286][kafka.coordinator][INFO]Heartbeat successful
[2016-05-11 16:20:58,306][kafka.coordinator][INFO]Heartbeat successful
[2016-05-11 16:21:01,326][kafka.coordinator][INFO]Heartbeat successful
[2016-05-11 16:21:04,391][kafka.coordinator][INFO]Heartbeat successful
[2016-05-11 16:21:07,413][kafka.coordinator][INFO]Heartbeat successful
[2016-05-11 16:21:10,434][kafka.coordinator][INFO]Heartbeat successful
[2016-05-11 16:21:13,495][kafka.coordinator][INFO]Heartbeat successful
[2016-05-11 16:21:16,520][kafka.coordinator][INFO]Heartbeat successful
[2016-05-11 16:21:19,540][kafka.coordinator][INFO]Heartbeat successful
[2016-05-11 16:21:22,595][kafka.coordinator][INFO]Heartbeat successful
[2016-05-11 16:21:25,612][kafka.coordinator][INFO]Heartbeat successful
[2016-05-11 16:21:28,630][kafka.coordinator][INFO]Heartbeat successful
[2016-05-11 16:21:31,146][kafka.coordinator][INFO]Heartbeat successful
[2016-05-11 16:21:34,196][kafka.coordinator][INFO]Heartbeat successful
[2016-05-11 16:21:37,208][kafka.coordinator][INFO]Heartbeat successful
[2016-05-11 16:21:40,302][kafka.coordinator][INFO]Heartbeat successful
[2016-05-11 16:21:43,321][kafka.coordinator][INFO]Heartbeat successful
[2016-05-11 16:21:46,338][kafka.coordinator][INFO]Heartbeat successful
[2016-05-11 16:21:49,396][kafka.coordinator][INFO]Heartbeat successful
[2016-05-11 16:21:52,408][kafka.coordinator][INFO]Heartbeat successful
[2016-05-11 16:21:55,426][kafka.coordinator][INFO]Heartbeat successful
[2016-05-11 16:21:58,480][kafka.coordinator][INFO]Heartbeat successful
[2016-05-11 16:22:01,493][kafka.coordinator][INFO]Heartbeat successful
[2016-05-11 16:22:04,505][kafka.coordinator][INFO]Heartbeat successful
[2016-05-11 16:22:07,519][kafka.coordinator][INFO]Heartbeat successful
[2016-05-11 16:22:10,573][kafka.coordinator][INFO]Heartbeat successful
[2016-05-11 16:22:13,590][kafka.coordinator][INFO]Heartbeat successful
[2016-05-11 16:22:16,604][kafka.coordinator][INFO]Heartbeat successful
[2016-05-11 16:22:19,153][kafka.coordinator][INFO]Heartbeat successful
[2016-05-11 16:22:22,201][kafka.coordinator][INFO]Heartbeat successful
[2016-05-11 16:22:25,214][kafka.coordinator][INFO]Heartbeat successful
[2016-05-11 16:22:28,266][kafka.coordinator][INFO]Heartbeat successful
[2016-05-11 16:22:31,302][kafka.coordinator][INFO]Heartbeat successful
[2016-05-11 16:22:34,348][kafka.coordinator][WARNING]Heartbeat: group is rebalancing; this consumer needs to re-join
[2016-05-11 16:22:34,348][kafka.coordinator][WARNING]Heartbeat failed; retrying
[2016-05-11 16:22:34,449][kafka.coordinator][INFO]Skipping heartbeat: no auto-assignment or waiting on rebalance
[2016-05-11 16:22:34,911][kafka.coordinator][INFO]Joined group 'kafka-python-default-group' (generation 2) with member_id kafka-python-1.0.2-0341f6e5-6818-4be9-886e-b5d5f4a1c476
[2016-05-11 16:22:34,911][kafka.coordinator][INFO]Elected group leader -- performing partition assignments using range
[2016-05-11 16:22:34,911][kafka.coordinator.assignors.range][WARNING]No partition metadata for topic goodtopic
[2016-05-11 16:22:35,053][kafka.coordinator][INFO]Joined group 'kafka-python-default-group' (generation 2) with member_id kafka-python-1.0.2-0341f6e5-6818-4be9-886e-b5d5f4a1c476
[2016-05-11 16:22:35,053][kafka.coordinator][INFO]Elected group leader -- performing partition assignments using range
[2016-05-11 16:22:35,094][kafka.consumer.subscription_state][INFO]Updated partition assignment: [TopicPartition(topic=u'instanttopic', partition=0)]
[2016-05-11 16:22:38,188][kafka.coordinator][INFO]Heartbeat successful
[2016-05-11 16:22:41,209][kafka.coordinator][INFO]Heartbeat successful
[2016-05-11 16:22:44,226][kafka.coordinator][INFO]Heartbeat successful
[2016-05-11 16:22:47,284][kafka.coordinator][INFO]Heartbeat successful
[2016-05-11 16:22:50,295][kafka.coordinator][INFO]Heartbeat successful
[2016-05-11 16:22:53,312][kafka.coordinator][INFO]Heartbeat successful
[2016-05-11 16:22:56,369][kafka.coordinator][INFO]Heartbeat successful
[2016-05-11 16:22:59,384][kafka.coordinator][INFO]Heartbeat successful
[2016-05-11 16:23:02,401][kafka.coordinator][INFO]Heartbeat successful
[2016-05-11 16:23:05,420][kafka.coordinator][INFO]Heartbeat successful
[2016-05-11 16:23:08,475][kafka.coordinator][INFO]Heartbeat successful
[2016-05-11 16:23:11,498][kafka.coordinator][INFO]Heartbeat successful
[2016-05-11 16:23:14,514][kafka.coordinator][INFO]Heartbeat successful
[2016-05-11 16:23:17,565][kafka.coordinator][INFO]Heartbeat successful
[2016-05-11 16:23:20,579][kafka.coordinator][INFO]Heartbeat successful
[2016-05-11 16:23:23,597][kafka.coordinator][INFO]Heartbeat successful
[2016-05-11 16:23:26,149][kafka.coordinator][INFO]Heartbeat successful
[2016-05-11 16:23:29,162][kafka.coordinator][INFO]Heartbeat successful
[2016-05-11 16:23:32,176][kafka.coordinator][INFO]Heartbeat successful
[2016-05-11 16:23:35,197][kafka.coordinator][INFO]Heartbeat successful
[2016-05-11 16:23:38,254][kafka.coordinator][INFO]Heartbeat successful
[2016-05-11 16:23:41,277][kafka.coordinator][INFO]Heartbeat successful
[2016-05-11 16:23:44,295][kafka.coordinator][INFO]Heartbeat successful
[2016-05-11 16:23:47,356][kafka.coordinator][INFO]Heartbeat successful
[2016-05-11 16:23:50,379][kafka.coordinator][INFO]Heartbeat successful
[2016-05-11 16:23:53,401][kafka.coordinator][INFO]Heartbeat successful
[2016-05-11 16:23:56,457][kafka.coordinator][INFO]Heartbeat successful
[2016-05-11 16:23:59,471][kafka.coordinator][INFO]Heartbeat successful
[2016-05-11 16:24:02,486][kafka.coordinator][INFO]Heartbeat successful
[2016-05-11 16:24:05,508][kafka.coordinator][INFO]Heartbeat successful
[2016-05-11 16:24:08,567][kafka.coordinator][INFO]Heartbeat successful
[2016-05-11 16:24:11,587][kafka.coordinator][INFO]Heartbeat successful
[2016-05-11 16:24:14,154][kafka.coordinator][INFO]Heartbeat successful
[2016-05-11 16:24:17,168][kafka.coordinator][INFO]Heartbeat successful
[2016-05-11 16:24:20,181][kafka.coordinator][INFO]Heartbeat successful
[2016-05-11 16:24:23,237][kafka.coordinator][INFO]Heartbeat successful
[2016-05-11 16:24:26,252][kafka.coordinator][INFO]Heartbeat successful
[2016-05-11 16:24:29,272][kafka.coordinator][INFO]Heartbeat successful
[2016-05-11 16:24:32,326][kafka.coordinator][INFO]Heartbeat successful
[2016-05-11 16:24:35,344][kafka.coordinator][INFO]Heartbeat successful
[2016-05-11 16:24:38,365][kafka.coordinator][INFO]Heartbeat successful
[2016-05-11 16:24:41,387][kafka.coordinator][INFO]Heartbeat successful
[2016-05-11 16:24:44,444][kafka.coordinator][INFO]Heartbeat successful
[2016-05-11 16:24:47,466][kafka.coordinator][INFO]Heartbeat successful
[2016-05-11 16:24:50,483][kafka.coordinator][INFO]Heartbeat successful
