Beginning task setup

/usr/bin/flock
Using existing venv: /tmp/petrel-test-4-1462969332/venv
Task setup took 0 seconds
Launching: python -m petrel.run kafkaconsumer /home/pipe/twitterintel/twitterintel/topology/TopologyTweetTransformationSPAM/petrel21922_kafkaconsumer.log
/usr/local/lib/python2.7/dist-packages/petrel-0.9.4.0.3-py2.7.egg/petrel/run.py invoked with the following arguments: ['kafkaconsumer', '/home/pipe/twitterintel/twitterintel/topology/TopologyTweetTransformationSPAM/petrel21922_kafkaconsumer.log']
python version: 2.7.11
user=root
PATH=/tmp/petrel-test-4-1462969332/venv/bin:/root/SimpleScalar/simplesim-3.0:/root/SimpleScalar/bin:/root/SimpleScalar/gcc-2.6.3:/root/SimpleScalar/bin:/usr/local/sbin:/usr/local/bin:/usr/sbin:/usr/bin:/sbin:/bin:/usr/games:/usr/local/games:/home/pipe/Downloads/zookeeper-3.4.8/bin:/home/pipe/Downloads/apache-storm-0.9.4/bin
LD_LIBRARY_PATH=storm-local/supervisor/stormdist/test-4-1462969332/resources/Linux-amd64:storm-local/supervisor/stormdist/test-4-1462969332/resources:/usr/local/lib:/opt/local/lib:/usr/lib
PYTHON_EGG_CACHE=/tmp/petrel-test-4-1462969332/egg_cache
[2016-05-11 14:27:57,238][storm][INFO]Tuple profiling enabled. Will log tuple processing times.
[2016-05-11 14:28:06,928][storm][INFO]Task received setupInfo from Storm: {u'pidDir': u'/home/pipe/storm-local/workers/24ab16e9-32b7-426b-ac74-2a0ad93dc86f/pids', u'conf': {u'oauth.acess_token': u' 702208758362087425-HZiyl1x7Bh98cQa1WLBDYylyu10Bpl7', u'topology.tuple.serializer': u'backtype.storm.serialization.types.ListDelegateSerializer', u'topology.workers': 1, u'drpc.worker.threads': 64, u'storm.messaging.netty.client_worker_threads': 1, u'supervisor.heartbeat.frequency.secs': 5, u'topology.executor.send.buffer.size': 1024, u'drpc.childopts': u'-Xmx768m', u'nimbus.thrift.port': 6627, u'storm.zookeeper.retry.intervalceiling.millis': 30000, u'storm.local.dir': u'storm-local', u'topology.receiver.buffer.size': 8, u'storm.zookeeper.servers': [u'localhost'], u'oauth.consumer_secret': u'ADf76fi3O1lKMzBxWnjqf93l3GHv28uar3bkblkvyBrAyoA23i', u'transactional.zookeeper.root': u'/transactional', u'drpc.request.timeout.secs': 600, u'topology.skip.missing.kryo.registrations': False, u'worker.heartbeat.frequency.secs': 1, u'zmq.hwm': 0, u'storm.zookeeper.connection.timeout': 15000, u'java.library.path': u'/usr/local/lib:/opt/local/lib:/usr/lib', u'topology.max.error.report.per.interval': 5, u'storm.messaging.netty.server_worker_threads': 1, u'storm.id': u'test-4-1462969332', u'supervisor.worker.start.timeout.secs': 120, u'zmq.threads': 1, u'topology.acker.executors': None, u'storm.messaging.netty.flush.check.interval.ms': 10, u'storm.messaging.netty.transfer.batch.size': 262144, u'topology.max.task.parallelism': None, u'topology.environment': None, u'storm.zookeeper.port': 2181, u'nimbus.childopts': u'-Xmx1024m', u'topology.classpath': None, u'worker.childopts': u'-Xmx768m', u'drpc.queue.size': 128, u'topology.multilang.serializer': u'backtype.storm.multilang.JsonSerializer', u'storm.zookeeper.retry.times': 5, u'nimbus.monitor.freq.secs': 10, u'storm.cluster.mode': u'distributed', u'dev.zookeeper.path': u'/tmp/dev-storm-zookeeper', u'drpc.invocations.port': 3773, u'topology.tasks': None, u'storm.zookeeper.root': u'/storm', u'logviewer.childopts': u'-Xmx128m', u'storm.meta.serialization.delegate': u'backtype.storm.serialization.DefaultSerializationDelegate', u'transactional.zookeeper.port': None, u'topology.worker.receiver.thread.count': 1, u'topology.worker.childopts': None, u'topology.max.spout.pending': None, u'topology.kryo.register': None, u'petrel.host': u'pipe-X550CC', u'nimbus.cleanup.inbox.freq.secs': 600, u'storm.messaging.netty.min_wait_ms': 100, u'nimbus.task.timeout.secs': 30, u'nimbus.thrift.max_buffer_size': 1048576, u'topology.sleep.spout.wait.strategy.time.ms': 1, u'nimbus.reassign': True, u'storm.messaging.transport': u'backtype.storm.messaging.netty.Context', u'logviewer.appender.name': u'A1', u'nimbus.host': u'localhost', u'ui.port': 8080, u'supervisor.slots.ports': [6700, 6701, 6702, 6703], u'nimbus.file.copy.expiration.secs': 600, u'supervisor.monitor.frequency.secs': 3, u'ui.childopts': u'-Xmx768m', u'transactional.zookeeper.servers': None, u'zmq.linger.millis': 5000, u'topology.error.throttle.interval.secs': 10, u'topology.worker.shared.thread.pool.size': 4, u'topology.executor.receive.buffer.size': 1024, u'topology.spout.wait.strategy': u'backtype.storm.spout.SleepSpoutWaitStrategy', u'task.heartbeat.frequency.secs': 3, u'topology.transfer.buffer.size': 1024, u'storm.zookeeper.session.timeout': 20000, u'storm.local.mode.zmq': False, u'topology.stats.sample.rate': 0.05, u'topology.fall.back.on.java.serialization': True, u'supervisor.childopts': u'-Xmx256m', u'topology.enable.message.timeouts': True, u'storm.messaging.netty.max_wait_ms': 1000, u'nimbus.topology.validator': u'backtype.storm.nimbus.DefaultTopologyValidator', u'nimbus.supervisor.timeout.secs': 60, u'topology.disruptor.wait.strategy': u'com.lmax.disruptor.BlockingWaitStrategy', u'storm.messaging.netty.buffer_size': 5242880, u'drpc.port': 3772, u'topology.kryo.factory': u'backtype.storm.serialization.DefaultKryoFactory', u'storm.zookeeper.retry.interval': 1000, u'storm.messaging.netty.max_retries': 300, u'topology.tick.tuple.freq.secs': 30, u'supervisor.enable': True, u'nimbus.task.launch.secs': 120, u'task.refresh.poll.secs': 10, u'topology.message.timeout.secs': 30, u'oauth.acess_token_secret': u'IiNOTfgE3tEZvW2HDQhRKPMoOLU43NXJCXk8maj51SdAT', u'petrel.user': u'root', u'nimbus.inbox.jar.expiration.secs': 3600, u'topology.state.synchronization.timeout.secs': 60, u'topology.name': u'test', u'supervisor.worker.timeout.secs': 30, u'topology.trident.batch.emit.interval.millis': 500, u'topology.builtin.metrics.bucket.size.secs': 60, u'storm.thrift.transport': u'backtype.storm.security.auth.SimpleTransportPlugin', u'logviewer.port': 8000, u'oauth.consumer_key': u'eaFmBSxUveRJfmyZYeabti9Q9', u'topology.kryo.decorators': [], u'topology.debug': False}, u'context': {u'task->component': {u'1': u'CountThreeWords', u'3': u'CountWord', u'2': u'CountTwoWords', u'5': u'ThreeWordDivider', u'4': u'KafkaConsumer', u'7': u'WordDivider', u'6': u'TwoWordDivider', u'8': u'__acker'}, u'taskid': 4}}
[2016-05-11 14:28:07,006][storm][INFO]Task sent pid to Storm
[2016-05-11 14:28:07,968][kafka.client][INFO]Broker version identifed as 0.9
[2016-05-11 14:28:07,970][kafka.consumer.subscription_state][INFO]Updating subscribed topics to: ['instanttopic']
[2016-05-11 14:28:08,213][kafka.cluster][INFO]Group coordinator for kafka-python-default-group is BrokerMetadata(nodeId=0, host=u'pipe-X550CC', port=9092)
[2016-05-11 14:28:08,589][kafka.coordinator][INFO]Joined group 'kafka-python-default-group' (generation 1) with member_id kafka-python-1.0.2-c379eb8b-9e39-42a0-82b9-82e7236ddced
[2016-05-11 14:28:08,589][kafka.coordinator][INFO]Elected group leader -- performing partition assignments using range
[2016-05-11 14:28:08,592][kafka.consumer.subscription_state][INFO]Updated partition assignment: [TopicPartition(topic=u'instanttopic', partition=0)]
[2016-05-11 14:28:11,688][kafka.coordinator][INFO]Heartbeat successful
[2016-05-11 14:28:14,708][kafka.coordinator][INFO]Heartbeat successful
[2016-05-11 14:28:17,727][kafka.coordinator][INFO]Heartbeat successful
[2016-05-11 14:28:20,787][kafka.coordinator][INFO]Heartbeat successful
[2016-05-11 14:28:23,803][kafka.coordinator][INFO]Heartbeat successful
[2016-05-11 14:28:26,818][kafka.coordinator][INFO]Heartbeat successful
[2016-05-11 14:28:29,874][kafka.coordinator][INFO]Heartbeat successful
[2016-05-11 14:28:32,888][kafka.coordinator][INFO]Heartbeat successful
[2016-05-11 14:28:35,901][kafka.coordinator][INFO]Heartbeat successful
[2016-05-11 14:28:38,915][kafka.coordinator][INFO]Heartbeat successful
[2016-05-11 14:28:41,968][kafka.coordinator][INFO]Heartbeat successful
[2016-05-11 14:28:44,988][kafka.coordinator][INFO]Heartbeat successful
[2016-05-11 14:28:48,005][kafka.coordinator][INFO]Heartbeat successful
[2016-05-11 14:28:51,059][kafka.coordinator][INFO]Heartbeat successful
[2016-05-11 14:28:54,076][kafka.coordinator][INFO]Heartbeat successful
[2016-05-11 14:28:57,089][kafka.coordinator][INFO]Heartbeat successful
[2016-05-11 14:28:59,647][kafka.coordinator][INFO]Heartbeat successful
[2016-05-11 14:29:02,670][kafka.coordinator][INFO]Heartbeat successful
[2016-05-11 14:29:05,693][kafka.coordinator][INFO]Heartbeat successful
[2016-05-11 14:29:08,712][kafka.coordinator][INFO]Heartbeat successful
[2016-05-11 14:29:11,772][kafka.coordinator][INFO]Heartbeat successful
[2016-05-11 14:29:14,800][kafka.coordinator][INFO]Heartbeat successful
[2016-05-11 14:29:17,816][kafka.coordinator][INFO]Heartbeat successful
[2016-05-11 14:29:20,872][kafka.coordinator][INFO]Heartbeat successful
[2016-05-11 14:29:23,891][kafka.coordinator][INFO]Heartbeat successful
[2016-05-11 14:29:26,913][kafka.coordinator][INFO]Heartbeat successful
[2016-05-11 14:29:29,980][kafka.coordinator][INFO]Heartbeat successful
[2016-05-11 14:29:32,999][kafka.coordinator][INFO]Heartbeat successful
[2016-05-11 14:29:36,021][kafka.coordinator][INFO]Heartbeat successful
[2016-05-11 14:29:39,042][kafka.coordinator][INFO]Heartbeat successful
[2016-05-11 14:29:41,639][kafka.coordinator][INFO]Heartbeat successful
[2016-05-11 14:29:44,698][kafka.coordinator][INFO]Heartbeat successful
[2016-05-11 14:29:47,716][kafka.coordinator][INFO]Heartbeat successful
[2016-05-11 14:29:50,774][kafka.coordinator][INFO]Heartbeat successful
[2016-05-11 14:29:53,798][kafka.coordinator][INFO]Heartbeat successful
[2016-05-11 14:29:56,827][kafka.coordinator][INFO]Heartbeat successful
[2016-05-11 14:29:59,842][kafka.coordinator][INFO]Heartbeat successful
[2016-05-11 14:30:02,900][kafka.coordinator][INFO]Heartbeat successful
[2016-05-11 14:30:05,918][kafka.coordinator][INFO]Heartbeat successful
[2016-05-11 14:30:08,937][kafka.coordinator][INFO]Heartbeat successful
[2016-05-11 14:30:11,994][kafka.coordinator][INFO]Heartbeat successful
[2016-05-11 14:30:15,019][kafka.coordinator][INFO]Heartbeat successful
[2016-05-11 14:30:18,041][kafka.coordinator][INFO]Heartbeat successful
[2016-05-11 14:30:21,104][kafka.coordinator][INFO]Heartbeat successful
[2016-05-11 14:30:23,621][kafka.coordinator][INFO]Heartbeat successful
[2016-05-11 14:30:26,677][kafka.coordinator][INFO]Heartbeat successful
[2016-05-11 14:30:29,699][kafka.coordinator][INFO]Heartbeat successful
[2016-05-11 14:30:32,756][kafka.coordinator][INFO]Heartbeat successful
[2016-05-11 14:30:35,775][kafka.coordinator][INFO]Heartbeat successful
[2016-05-11 14:30:38,798][kafka.coordinator][INFO]Heartbeat successful
[2016-05-11 14:30:41,861][kafka.coordinator][INFO]Heartbeat successful
[2016-05-11 14:30:44,878][kafka.coordinator][INFO]Heartbeat successful
[2016-05-11 14:30:47,898][kafka.coordinator][INFO]Heartbeat successful
[2016-05-11 14:30:50,955][kafka.coordinator][INFO]Heartbeat successful
[2016-05-11 14:30:53,970][kafka.coordinator][INFO]Heartbeat successful
[2016-05-11 14:30:56,989][kafka.coordinator][INFO]Heartbeat successful
[2016-05-11 14:31:00,004][kafka.coordinator][INFO]Heartbeat successful
[2016-05-11 14:31:03,076][kafka.coordinator][INFO]Heartbeat successful
[2016-05-11 14:31:06,099][kafka.coordinator][INFO]Heartbeat successful
[2016-05-11 14:31:09,121][kafka.coordinator][INFO]Heartbeat successful
[2016-05-11 14:31:11,676][kafka.coordinator][INFO]Heartbeat successful
[2016-05-11 14:31:14,692][kafka.coordinator][INFO]Heartbeat successful
[2016-05-11 14:31:17,708][kafka.coordinator][INFO]Heartbeat successful
[2016-05-11 14:31:20,728][kafka.coordinator][INFO]Heartbeat successful
[2016-05-11 14:31:23,784][kafka.coordinator][INFO]Heartbeat successful
[2016-05-11 14:31:26,802][kafka.coordinator][INFO]Heartbeat successful
[2016-05-11 14:31:29,817][kafka.coordinator][INFO]Heartbeat successful
[2016-05-11 14:31:32,877][kafka.coordinator][INFO]Heartbeat successful
[2016-05-11 14:31:35,900][kafka.coordinator][INFO]Heartbeat successful
[2016-05-11 14:31:38,916][kafka.coordinator][INFO]Heartbeat successful
[2016-05-11 14:31:41,974][kafka.coordinator][INFO]Heartbeat successful
[2016-05-11 14:31:44,993][kafka.coordinator][INFO]Heartbeat successful
[2016-05-11 14:31:48,008][kafka.coordinator][INFO]Heartbeat successful
[2016-05-11 14:31:51,021][kafka.coordinator][INFO]Heartbeat successful
[2016-05-11 14:31:54,076][kafka.coordinator][INFO]Heartbeat successful
[2016-05-11 14:31:57,097][kafka.coordinator][INFO]Heartbeat successful
[2016-05-11 14:32:00,114][kafka.coordinator][INFO]Heartbeat successful
[2016-05-11 14:32:02,670][kafka.coordinator][INFO]Heartbeat successful
[2016-05-11 14:32:05,722][kafka.coordinator][INFO]Heartbeat successful
[2016-05-11 14:32:08,736][kafka.coordinator][INFO]Heartbeat successful
[2016-05-11 14:32:11,794][kafka.coordinator][INFO]Heartbeat successful
[2016-05-11 14:32:14,812][kafka.coordinator][INFO]Heartbeat successful
[2016-05-11 14:32:17,840][kafka.coordinator][INFO]Heartbeat successful
[2016-05-11 14:32:20,858][kafka.coordinator][INFO]Heartbeat successful
[2016-05-11 14:32:23,913][kafka.coordinator][INFO]Heartbeat successful
[2016-05-11 14:32:26,935][kafka.coordinator][INFO]Heartbeat successful
[2016-05-11 14:32:29,957][kafka.coordinator][INFO]Heartbeat successful
[2016-05-11 14:32:33,017][kafka.coordinator][INFO]Heartbeat successful
[2016-05-11 14:32:36,037][kafka.coordinator][INFO]Heartbeat successful
[2016-05-11 14:32:39,052][kafka.coordinator][INFO]Heartbeat successful
[2016-05-11 14:32:42,110][kafka.coordinator][INFO]Heartbeat successful
[2016-05-11 14:32:45,123][kafka.coordinator][INFO]Heartbeat successful
[2016-05-11 14:32:48,144][kafka.coordinator][INFO]Heartbeat successful
[2016-05-11 14:32:50,661][kafka.coordinator][INFO]Heartbeat successful
[2016-05-11 14:32:53,722][kafka.coordinator][INFO]Heartbeat successful
[2016-05-11 14:32:56,741][kafka.coordinator][INFO]Heartbeat successful
[2016-05-11 14:32:59,807][kafka.coordinator][INFO]Heartbeat successful
[2016-05-11 14:33:02,829][kafka.coordinator][INFO]Heartbeat successful
[2016-05-11 14:33:05,845][kafka.coordinator][INFO]Heartbeat successful
[2016-05-11 14:33:08,908][kafka.coordinator][INFO]Heartbeat successful
[2016-05-11 14:33:11,931][kafka.coordinator][INFO]Heartbeat successful
[2016-05-11 14:33:14,952][kafka.coordinator][INFO]Heartbeat successful
[2016-05-11 14:33:18,007][kafka.coordinator][INFO]Heartbeat successful
[2016-05-11 14:33:21,021][kafka.coordinator][INFO]Heartbeat successful
