Beginning task setup

/usr/bin/flock
Using existing venv: /tmp/petrel-test-4-1462969332/venv
Task setup took 1 seconds
Launching: python -m petrel.run kafkaconsumer /home/pipe/twitterintel/twitterintel/topology/TopologyTweetTransformationSPAM/petrel2353_kafkaconsumer.log
/usr/local/lib/python2.7/dist-packages/petrel-0.9.4.0.3-py2.7.egg/petrel/run.py invoked with the following arguments: ['kafkaconsumer', '/home/pipe/twitterintel/twitterintel/topology/TopologyTweetTransformationSPAM/petrel2353_kafkaconsumer.log']
python version: 2.7.11
user=root
PATH=/tmp/petrel-test-4-1462969332/venv/bin:/root/SimpleScalar/simplesim-3.0:/root/SimpleScalar/bin:/root/SimpleScalar/gcc-2.6.3:/root/SimpleScalar/bin:/usr/local/sbin:/usr/local/bin:/usr/sbin:/usr/bin:/sbin:/bin:/usr/games:/usr/local/games:/home/pipe/Downloads/zookeeper-3.4.8/bin:/home/pipe/Downloads/apache-storm-0.9.4/bin
LD_LIBRARY_PATH=storm-local/supervisor/stormdist/test-4-1462969332/resources/Linux-amd64:storm-local/supervisor/stormdist/test-4-1462969332/resources:/usr/local/lib:/opt/local/lib:/usr/lib
PYTHON_EGG_CACHE=/tmp/petrel-test-4-1462969332/egg_cache
[2016-05-11 16:07:48,717][storm][INFO]Tuple profiling enabled. Will log tuple processing times.
[2016-05-11 16:07:48,824][storm][INFO]Task received setupInfo from Storm: {u'pidDir': u'/home/pipe/storm-local/workers/453714b8-efd8-4db4-a445-db7d9e569ec0/pids', u'conf': {u'oauth.acess_token': u' 702208758362087425-HZiyl1x7Bh98cQa1WLBDYylyu10Bpl7', u'topology.tuple.serializer': u'backtype.storm.serialization.types.ListDelegateSerializer', u'topology.workers': 1, u'drpc.worker.threads': 64, u'storm.messaging.netty.client_worker_threads': 1, u'supervisor.heartbeat.frequency.secs': 5, u'topology.executor.send.buffer.size': 1024, u'drpc.childopts': u'-Xmx768m', u'nimbus.thrift.port': 6627, u'storm.zookeeper.retry.intervalceiling.millis': 30000, u'storm.local.dir': u'storm-local', u'topology.receiver.buffer.size': 8, u'storm.zookeeper.servers': [u'localhost'], u'oauth.consumer_secret': u'ADf76fi3O1lKMzBxWnjqf93l3GHv28uar3bkblkvyBrAyoA23i', u'transactional.zookeeper.root': u'/transactional', u'drpc.request.timeout.secs': 600, u'topology.skip.missing.kryo.registrations': False, u'worker.heartbeat.frequency.secs': 1, u'zmq.hwm': 0, u'storm.zookeeper.connection.timeout': 15000, u'java.library.path': u'/usr/local/lib:/opt/local/lib:/usr/lib', u'topology.max.error.report.per.interval': 5, u'storm.messaging.netty.server_worker_threads': 1, u'storm.id': u'test-4-1462969332', u'supervisor.worker.start.timeout.secs': 120, u'zmq.threads': 1, u'topology.acker.executors': None, u'storm.messaging.netty.flush.check.interval.ms': 10, u'storm.messaging.netty.transfer.batch.size': 262144, u'topology.max.task.parallelism': None, u'topology.environment': None, u'storm.zookeeper.port': 2181, u'nimbus.childopts': u'-Xmx1024m', u'topology.classpath': None, u'worker.childopts': u'-Xmx768m', u'drpc.queue.size': 128, u'topology.multilang.serializer': u'backtype.storm.multilang.JsonSerializer', u'storm.zookeeper.retry.times': 5, u'nimbus.monitor.freq.secs': 10, u'storm.cluster.mode': u'distributed', u'dev.zookeeper.path': u'/tmp/dev-storm-zookeeper', u'drpc.invocations.port': 3773, u'topology.tasks': None, u'storm.zookeeper.root': u'/storm', u'logviewer.childopts': u'-Xmx128m', u'storm.meta.serialization.delegate': u'backtype.storm.serialization.DefaultSerializationDelegate', u'transactional.zookeeper.port': None, u'topology.worker.receiver.thread.count': 1, u'topology.worker.childopts': None, u'topology.max.spout.pending': None, u'topology.kryo.register': None, u'petrel.host': u'pipe-X550CC', u'nimbus.cleanup.inbox.freq.secs': 600, u'storm.messaging.netty.min_wait_ms': 100, u'nimbus.task.timeout.secs': 30, u'nimbus.thrift.max_buffer_size': 1048576, u'topology.sleep.spout.wait.strategy.time.ms': 1, u'nimbus.reassign': True, u'storm.messaging.transport': u'backtype.storm.messaging.netty.Context', u'logviewer.appender.name': u'A1', u'nimbus.host': u'localhost', u'ui.port': 8080, u'supervisor.slots.ports': [6700, 6701, 6702, 6703], u'nimbus.file.copy.expiration.secs': 600, u'supervisor.monitor.frequency.secs': 3, u'ui.childopts': u'-Xmx768m', u'transactional.zookeeper.servers': None, u'zmq.linger.millis': 5000, u'topology.error.throttle.interval.secs': 10, u'topology.worker.shared.thread.pool.size': 4, u'topology.executor.receive.buffer.size': 1024, u'topology.spout.wait.strategy': u'backtype.storm.spout.SleepSpoutWaitStrategy', u'task.heartbeat.frequency.secs': 3, u'topology.transfer.buffer.size': 1024, u'storm.zookeeper.session.timeout': 20000, u'storm.local.mode.zmq': False, u'topology.stats.sample.rate': 0.05, u'topology.fall.back.on.java.serialization': True, u'supervisor.childopts': u'-Xmx256m', u'topology.enable.message.timeouts': True, u'storm.messaging.netty.max_wait_ms': 1000, u'nimbus.topology.validator': u'backtype.storm.nimbus.DefaultTopologyValidator', u'nimbus.supervisor.timeout.secs': 60, u'topology.disruptor.wait.strategy': u'com.lmax.disruptor.BlockingWaitStrategy', u'storm.messaging.netty.buffer_size': 5242880, u'drpc.port': 3772, u'topology.kryo.factory': u'backtype.storm.serialization.DefaultKryoFactory', u'storm.zookeeper.retry.interval': 1000, u'storm.messaging.netty.max_retries': 300, u'topology.tick.tuple.freq.secs': 30, u'supervisor.enable': True, u'nimbus.task.launch.secs': 120, u'task.refresh.poll.secs': 10, u'topology.message.timeout.secs': 30, u'oauth.acess_token_secret': u'IiNOTfgE3tEZvW2HDQhRKPMoOLU43NXJCXk8maj51SdAT', u'petrel.user': u'root', u'nimbus.inbox.jar.expiration.secs': 3600, u'topology.state.synchronization.timeout.secs': 60, u'topology.name': u'test', u'supervisor.worker.timeout.secs': 30, u'topology.trident.batch.emit.interval.millis': 500, u'topology.builtin.metrics.bucket.size.secs': 60, u'storm.thrift.transport': u'backtype.storm.security.auth.SimpleTransportPlugin', u'logviewer.port': 8000, u'oauth.consumer_key': u'eaFmBSxUveRJfmyZYeabti9Q9', u'topology.kryo.decorators': [], u'topology.debug': False}, u'context': {u'task->component': {u'1': u'CountThreeWords', u'3': u'CountWord', u'2': u'CountTwoWords', u'5': u'ThreeWordDivider', u'4': u'KafkaConsumer', u'7': u'WordDivider', u'6': u'TwoWordDivider', u'8': u'__acker'}, u'taskid': 4}}
[2016-05-11 16:07:48,828][storm][INFO]Task sent pid to Storm
[2016-05-11 16:07:48,984][kafka.client][INFO]Broker version identifed as 0.9
[2016-05-11 16:07:48,986][kafka.consumer.subscription_state][INFO]Updating subscribed topics to: ['instanttopic']
[2016-05-11 16:07:49,065][kafka.cluster][INFO]Group coordinator for kafka-python-default-group is BrokerMetadata(nodeId=0, host=u'pipe-X550CC', port=9092)
[2016-05-11 16:07:49,105][kafka.coordinator][INFO]Joined group 'kafka-python-default-group' (generation 1) with member_id kafka-python-1.0.2-78fe26e6-6dca-4187-8bdb-41d399293ad1
[2016-05-11 16:07:49,106][kafka.coordinator][INFO]Elected group leader -- performing partition assignments using range
[2016-05-11 16:07:49,147][kafka.consumer.subscription_state][INFO]Updated partition assignment: [TopicPartition(topic=u'instanttopic', partition=0)]
[2016-05-11 16:07:52,249][kafka.coordinator][INFO]Heartbeat successful
[2016-05-11 16:07:55,268][kafka.coordinator][INFO]Heartbeat successful
[2016-05-11 16:07:58,288][kafka.coordinator][INFO]Heartbeat successful
[2016-05-11 16:08:01,348][kafka.coordinator][INFO]Heartbeat successful
[2016-05-11 16:08:04,368][kafka.coordinator][INFO]Heartbeat successful
[2016-05-11 16:08:07,390][kafka.coordinator][INFO]Heartbeat successful
[2016-05-11 16:08:10,453][kafka.coordinator][INFO]Heartbeat successful
[2016-05-11 16:08:13,471][kafka.coordinator][INFO]Heartbeat successful
[2016-05-11 16:08:16,490][kafka.coordinator][INFO]Heartbeat successful
[2016-05-11 16:08:19,510][kafka.coordinator][INFO]Heartbeat successful
[2016-05-11 16:08:22,565][kafka.coordinator][INFO]Heartbeat successful
[2016-05-11 16:08:25,590][kafka.coordinator][INFO]Heartbeat successful
[2016-05-11 16:08:28,613][kafka.coordinator][INFO]Heartbeat successful
[2016-05-11 16:08:31,166][kafka.coordinator][INFO]Heartbeat successful
[2016-05-11 16:08:34,223][kafka.coordinator][INFO]Heartbeat successful
[2016-05-11 16:08:37,248][kafka.coordinator][INFO]Heartbeat successful
[2016-05-11 16:08:40,307][kafka.coordinator][INFO]Heartbeat successful
[2016-05-11 16:08:43,329][kafka.coordinator][INFO]Heartbeat successful
[2016-05-11 16:08:46,354][kafka.coordinator][INFO]Heartbeat successful
[2016-05-11 16:08:49,377][kafka.coordinator][INFO]Heartbeat successful
[2016-05-11 16:08:52,438][kafka.coordinator][INFO]Heartbeat successful
[2016-05-11 16:08:55,456][kafka.coordinator][INFO]Heartbeat successful
[2016-05-11 16:08:58,477][kafka.coordinator][INFO]Heartbeat successful
[2016-05-11 16:09:01,530][kafka.coordinator][INFO]Heartbeat successful
[2016-05-11 16:09:04,544][kafka.coordinator][INFO]Heartbeat successful
[2016-05-11 16:09:07,567][kafka.coordinator][INFO]Heartbeat successful
[2016-05-11 16:09:10,624][kafka.coordinator][INFO]Heartbeat successful
[2016-05-11 16:09:13,645][kafka.coordinator][INFO]Heartbeat successful
[2016-05-11 16:09:16,665][kafka.coordinator][INFO]Heartbeat successful
[2016-05-11 16:09:19,183][kafka.coordinator][INFO]Heartbeat successful
[2016-05-11 16:09:22,243][kafka.coordinator][INFO]Heartbeat successful
[2016-05-11 16:09:25,258][kafka.coordinator][INFO]Heartbeat successful
[2016-05-11 16:09:28,312][kafka.coordinator][INFO]Heartbeat successful
[2016-05-11 16:09:31,604][kafka.coordinator][INFO]Heartbeat successful
[2016-05-11 16:09:34,622][kafka.coordinator][INFO]Heartbeat successful
[2016-05-11 16:09:37,646][kafka.coordinator][INFO]Heartbeat successful
[2016-05-11 16:09:40,666][kafka.coordinator][INFO]Heartbeat successful
[2016-05-11 16:09:43,225][kafka.coordinator][INFO]Heartbeat successful
[2016-05-11 16:09:46,242][kafka.coordinator][INFO]Heartbeat successful
[2016-05-11 16:09:49,264][kafka.coordinator][INFO]Heartbeat successful
[2016-05-11 16:09:52,323][kafka.coordinator][INFO]Heartbeat successful
[2016-05-11 16:09:55,341][kafka.coordinator][INFO]Heartbeat successful
[2016-05-11 16:09:58,359][kafka.coordinator][INFO]Heartbeat successful
[2016-05-11 16:10:01,415][kafka.coordinator][INFO]Heartbeat successful
[2016-05-11 16:10:04,186][kafka.coordinator][INFO]Heartbeat successful
[2016-05-11 16:10:07,243][kafka.coordinator][INFO]Heartbeat successful
[2016-05-11 16:10:10,261][kafka.coordinator][INFO]Heartbeat successful
[2016-05-11 16:10:13,321][kafka.coordinator][INFO]Heartbeat successful
[2016-05-11 16:10:16,341][kafka.coordinator][INFO]Heartbeat successful
[2016-05-11 16:10:19,362][kafka.coordinator][INFO]Heartbeat successful
[2016-05-11 16:10:22,423][kafka.coordinator][INFO]Heartbeat successful
[2016-05-11 16:10:25,439][kafka.coordinator][INFO]Heartbeat successful
[2016-05-11 16:10:28,458][kafka.coordinator][INFO]Heartbeat successful
[2016-05-11 16:10:31,470][kafka.coordinator][INFO]Heartbeat successful
[2016-05-11 16:10:34,533][kafka.coordinator][INFO]Heartbeat successful
[2016-05-11 16:10:37,559][kafka.coordinator][INFO]Heartbeat successful
[2016-05-11 16:10:40,581][kafka.coordinator][INFO]Heartbeat successful
[2016-05-11 16:10:43,647][kafka.coordinator][INFO]Heartbeat successful
[2016-05-11 16:10:46,666][kafka.coordinator][INFO]Heartbeat successful
[2016-05-11 16:10:49,183][kafka.coordinator][INFO]Heartbeat successful
[2016-05-11 16:10:52,240][kafka.coordinator][INFO]Heartbeat successful
[2016-05-11 16:10:55,257][kafka.coordinator][INFO]Heartbeat successful
[2016-05-11 16:10:58,315][kafka.coordinator][INFO]Heartbeat successful
[2016-05-11 16:11:01,334][kafka.coordinator][INFO]Heartbeat successful
[2016-05-11 16:11:04,358][kafka.coordinator][INFO]Heartbeat successful
[2016-05-11 16:11:07,420][kafka.coordinator][INFO]Heartbeat successful
[2016-05-11 16:11:10,442][kafka.coordinator][INFO]Heartbeat successful
[2016-05-11 16:11:13,467][kafka.coordinator][INFO]Heartbeat successful
[2016-05-11 16:11:16,485][kafka.coordinator][INFO]Heartbeat successful
[2016-05-11 16:11:19,542][kafka.coordinator][INFO]Heartbeat successful
[2016-05-11 16:11:22,560][kafka.coordinator][INFO]Heartbeat successful
[2016-05-11 16:11:25,581][kafka.coordinator][INFO]Heartbeat successful
[2016-05-11 16:11:28,642][kafka.coordinator][INFO]Heartbeat successful
[2016-05-11 16:11:31,659][kafka.coordinator][INFO]Heartbeat successful
[2016-05-11 16:11:34,674][kafka.coordinator][INFO]Heartbeat successful
[2016-05-11 16:11:37,266][kafka.coordinator][INFO]Heartbeat successful
[2016-05-11 16:11:40,291][kafka.coordinator][INFO]Heartbeat successful
[2016-05-11 16:11:43,315][kafka.coordinator][INFO]Heartbeat successful
[2016-05-11 16:11:46,338][kafka.coordinator][INFO]Heartbeat successful
[2016-05-11 16:11:49,402][kafka.coordinator][INFO]Heartbeat successful
[2016-05-11 16:11:52,421][kafka.coordinator][INFO]Heartbeat successful
[2016-05-11 16:11:55,448][kafka.coordinator][INFO]Heartbeat successful
[2016-05-11 16:11:58,513][kafka.coordinator][INFO]Heartbeat successful
[2016-05-11 16:12:01,532][kafka.coordinator][INFO]Heartbeat successful
[2016-05-11 16:12:04,555][kafka.coordinator][INFO]Heartbeat successful
[2016-05-11 16:12:07,572][kafka.coordinator][INFO]Heartbeat successful
[2016-05-11 16:12:10,631][kafka.coordinator][INFO]Heartbeat successful
[2016-05-11 16:12:13,652][kafka.coordinator][INFO]Heartbeat successful
[2016-05-11 16:12:16,668][kafka.coordinator][INFO]Heartbeat successful
[2016-05-11 16:12:19,226][kafka.coordinator][INFO]Heartbeat successful
[2016-05-11 16:12:22,283][kafka.coordinator][INFO]Heartbeat successful
[2016-05-11 16:12:25,306][kafka.coordinator][INFO]Heartbeat successful
[2016-05-11 16:12:28,366][kafka.coordinator][INFO]Heartbeat successful
[2016-05-11 16:12:31,388][kafka.coordinator][INFO]Heartbeat successful
[2016-05-11 16:12:34,404][kafka.coordinator][INFO]Heartbeat successful
[2016-05-11 16:12:37,538][kafka.coordinator][INFO]Heartbeat successful
[2016-05-11 16:12:40,556][kafka.coordinator][INFO]Heartbeat successful
[2016-05-11 16:12:43,615][kafka.coordinator][INFO]Heartbeat successful
[2016-05-11 16:12:46,629][kafka.coordinator][INFO]Heartbeat successful
[2016-05-11 16:12:49,650][kafka.coordinator][INFO]Heartbeat successful
[2016-05-11 16:12:52,669][kafka.coordinator][INFO]Heartbeat successful
[2016-05-11 16:12:55,723][kafka.coordinator][INFO]Heartbeat successful
[2016-05-11 16:12:58,738][kafka.coordinator][INFO]Heartbeat successful
[2016-05-11 16:13:01,758][kafka.coordinator][INFO]Heartbeat successful
[2016-05-11 16:13:04,818][kafka.coordinator][INFO]Heartbeat successful
[2016-05-11 16:13:07,838][kafka.coordinator][INFO]Heartbeat successful
[2016-05-11 16:13:10,859][kafka.coordinator][INFO]Heartbeat successful
[2016-05-11 16:13:13,379][kafka.coordinator][INFO]Heartbeat successful
