Beginning task setup

/usr/bin/flock
Using existing venv: /tmp/petrel-test-4-1462969332/venv
Task setup took 0 seconds
Launching: python -m petrel.run kafkaconsumer /home/pipe/twitterintel/twitterintel/topology/TopologyTweetTransformationSPAM/petrel28019_kafkaconsumer.log
/usr/local/lib/python2.7/dist-packages/petrel-0.9.4.0.3-py2.7.egg/petrel/run.py invoked with the following arguments: ['kafkaconsumer', '/home/pipe/twitterintel/twitterintel/topology/TopologyTweetTransformationSPAM/petrel28019_kafkaconsumer.log']
python version: 2.7.11
user=root
PATH=/tmp/petrel-test-4-1462969332/venv/bin:/root/SimpleScalar/simplesim-3.0:/root/SimpleScalar/bin:/root/SimpleScalar/gcc-2.6.3:/root/SimpleScalar/bin:/usr/local/sbin:/usr/local/bin:/usr/sbin:/usr/bin:/sbin:/bin:/usr/games:/usr/local/games:/home/pipe/Downloads/zookeeper-3.4.8/bin:/home/pipe/Downloads/apache-storm-0.9.4/bin
LD_LIBRARY_PATH=storm-local/supervisor/stormdist/test-4-1462969332/resources/Linux-amd64:storm-local/supervisor/stormdist/test-4-1462969332/resources:/usr/local/lib:/opt/local/lib:/usr/lib
PYTHON_EGG_CACHE=/tmp/petrel-test-4-1462969332/egg_cache
[2016-05-11 15:15:08,070][storm][INFO]Tuple profiling enabled. Will log tuple processing times.
[2016-05-11 15:15:08,723][storm][INFO]Task received setupInfo from Storm: {u'pidDir': u'/home/pipe/storm-local/workers/44329d4d-1c73-49ee-97f9-821c945c80b5/pids', u'conf': {u'oauth.acess_token': u' 702208758362087425-HZiyl1x7Bh98cQa1WLBDYylyu10Bpl7', u'topology.tuple.serializer': u'backtype.storm.serialization.types.ListDelegateSerializer', u'topology.workers': 1, u'drpc.worker.threads': 64, u'storm.messaging.netty.client_worker_threads': 1, u'supervisor.heartbeat.frequency.secs': 5, u'topology.executor.send.buffer.size': 1024, u'drpc.childopts': u'-Xmx768m', u'nimbus.thrift.port': 6627, u'storm.zookeeper.retry.intervalceiling.millis': 30000, u'storm.local.dir': u'storm-local', u'topology.receiver.buffer.size': 8, u'storm.zookeeper.servers': [u'localhost'], u'oauth.consumer_secret': u'ADf76fi3O1lKMzBxWnjqf93l3GHv28uar3bkblkvyBrAyoA23i', u'transactional.zookeeper.root': u'/transactional', u'drpc.request.timeout.secs': 600, u'topology.skip.missing.kryo.registrations': False, u'worker.heartbeat.frequency.secs': 1, u'zmq.hwm': 0, u'storm.zookeeper.connection.timeout': 15000, u'java.library.path': u'/usr/local/lib:/opt/local/lib:/usr/lib', u'topology.max.error.report.per.interval': 5, u'storm.messaging.netty.server_worker_threads': 1, u'storm.id': u'test-4-1462969332', u'supervisor.worker.start.timeout.secs': 120, u'zmq.threads': 1, u'topology.acker.executors': None, u'storm.messaging.netty.flush.check.interval.ms': 10, u'storm.messaging.netty.transfer.batch.size': 262144, u'topology.max.task.parallelism': None, u'topology.environment': None, u'storm.zookeeper.port': 2181, u'nimbus.childopts': u'-Xmx1024m', u'topology.classpath': None, u'worker.childopts': u'-Xmx768m', u'drpc.queue.size': 128, u'topology.multilang.serializer': u'backtype.storm.multilang.JsonSerializer', u'storm.zookeeper.retry.times': 5, u'nimbus.monitor.freq.secs': 10, u'storm.cluster.mode': u'distributed', u'dev.zookeeper.path': u'/tmp/dev-storm-zookeeper', u'drpc.invocations.port': 3773, u'topology.tasks': None, u'storm.zookeeper.root': u'/storm', u'logviewer.childopts': u'-Xmx128m', u'storm.meta.serialization.delegate': u'backtype.storm.serialization.DefaultSerializationDelegate', u'transactional.zookeeper.port': None, u'topology.worker.receiver.thread.count': 1, u'topology.worker.childopts': None, u'topology.max.spout.pending': None, u'topology.kryo.register': None, u'petrel.host': u'pipe-X550CC', u'nimbus.cleanup.inbox.freq.secs': 600, u'storm.messaging.netty.min_wait_ms': 100, u'nimbus.task.timeout.secs': 30, u'nimbus.thrift.max_buffer_size': 1048576, u'topology.sleep.spout.wait.strategy.time.ms': 1, u'nimbus.reassign': True, u'storm.messaging.transport': u'backtype.storm.messaging.netty.Context', u'logviewer.appender.name': u'A1', u'nimbus.host': u'localhost', u'ui.port': 8080, u'supervisor.slots.ports': [6700, 6701, 6702, 6703], u'nimbus.file.copy.expiration.secs': 600, u'supervisor.monitor.frequency.secs': 3, u'ui.childopts': u'-Xmx768m', u'transactional.zookeeper.servers': None, u'zmq.linger.millis': 5000, u'topology.error.throttle.interval.secs': 10, u'topology.worker.shared.thread.pool.size': 4, u'topology.executor.receive.buffer.size': 1024, u'topology.spout.wait.strategy': u'backtype.storm.spout.SleepSpoutWaitStrategy', u'task.heartbeat.frequency.secs': 3, u'topology.transfer.buffer.size': 1024, u'storm.zookeeper.session.timeout': 20000, u'storm.local.mode.zmq': False, u'topology.stats.sample.rate': 0.05, u'topology.fall.back.on.java.serialization': True, u'supervisor.childopts': u'-Xmx256m', u'topology.enable.message.timeouts': True, u'storm.messaging.netty.max_wait_ms': 1000, u'nimbus.topology.validator': u'backtype.storm.nimbus.DefaultTopologyValidator', u'nimbus.supervisor.timeout.secs': 60, u'topology.disruptor.wait.strategy': u'com.lmax.disruptor.BlockingWaitStrategy', u'storm.messaging.netty.buffer_size': 5242880, u'drpc.port': 3772, u'topology.kryo.factory': u'backtype.storm.serialization.DefaultKryoFactory', u'storm.zookeeper.retry.interval': 1000, u'storm.messaging.netty.max_retries': 300, u'topology.tick.tuple.freq.secs': 30, u'supervisor.enable': True, u'nimbus.task.launch.secs': 120, u'task.refresh.poll.secs': 10, u'topology.message.timeout.secs': 30, u'oauth.acess_token_secret': u'IiNOTfgE3tEZvW2HDQhRKPMoOLU43NXJCXk8maj51SdAT', u'petrel.user': u'root', u'nimbus.inbox.jar.expiration.secs': 3600, u'topology.state.synchronization.timeout.secs': 60, u'topology.name': u'test', u'supervisor.worker.timeout.secs': 30, u'topology.trident.batch.emit.interval.millis': 500, u'topology.builtin.metrics.bucket.size.secs': 60, u'storm.thrift.transport': u'backtype.storm.security.auth.SimpleTransportPlugin', u'logviewer.port': 8000, u'oauth.consumer_key': u'eaFmBSxUveRJfmyZYeabti9Q9', u'topology.kryo.decorators': [], u'topology.debug': False}, u'context': {u'task->component': {u'1': u'CountThreeWords', u'3': u'CountWord', u'2': u'CountTwoWords', u'5': u'ThreeWordDivider', u'4': u'KafkaConsumer', u'7': u'WordDivider', u'6': u'TwoWordDivider', u'8': u'__acker'}, u'taskid': 4}}
[2016-05-11 15:15:08,728][storm][INFO]Task sent pid to Storm
[2016-05-11 15:15:08,965][kafka.client][INFO]Broker version identifed as 0.9
[2016-05-11 15:15:08,967][kafka.consumer.subscription_state][INFO]Updating subscribed topics to: ['instanttopic']
[2016-05-11 15:15:09,044][kafka.cluster][INFO]Group coordinator for kafka-python-default-group is BrokerMetadata(nodeId=0, host=u'pipe-X550CC', port=9092)
[2016-05-11 15:15:13,960][kafka.coordinator][INFO]Joined group 'kafka-python-default-group' (generation 3) with member_id kafka-python-1.0.2-9b71e9e2-038f-47d6-9df6-ab14ff4ef0d6
[2016-05-11 15:15:13,960][kafka.coordinator][INFO]Elected group leader -- performing partition assignments using range
[2016-05-11 15:15:13,964][kafka.consumer.subscription_state][INFO]Updated partition assignment: [TopicPartition(topic=u'instanttopic', partition=0)]
[2016-05-11 15:15:17,061][kafka.coordinator][INFO]Heartbeat successful
[2016-05-11 15:15:20,085][kafka.coordinator][INFO]Heartbeat successful
[2016-05-11 15:15:23,107][kafka.coordinator][INFO]Heartbeat successful
[2016-05-11 15:15:26,165][kafka.coordinator][INFO]Heartbeat successful
[2016-05-11 15:15:29,184][kafka.coordinator][INFO]Heartbeat successful
[2016-05-11 15:15:32,213][kafka.coordinator][INFO]Heartbeat successful
[2016-05-11 15:15:35,276][kafka.coordinator][INFO]Heartbeat successful
[2016-05-11 15:15:38,297][kafka.coordinator][INFO]Heartbeat successful
[2016-05-11 15:15:41,321][kafka.coordinator][INFO]Heartbeat successful
[2016-05-11 15:15:44,343][kafka.coordinator][INFO]Heartbeat successful
[2016-05-11 15:15:47,407][kafka.coordinator][INFO]Heartbeat successful
[2016-05-11 15:15:50,083][kafka.coordinator][INFO]Heartbeat successful
[2016-05-11 15:15:53,099][kafka.coordinator][INFO]Heartbeat successful
[2016-05-11 15:15:56,126][kafka.coordinator][INFO]Heartbeat successful
[2016-05-11 15:15:59,148][kafka.coordinator][INFO]Heartbeat successful
[2016-05-11 15:16:02,207][kafka.coordinator][INFO]Heartbeat successful
[2016-05-11 15:16:05,230][kafka.coordinator][INFO]Heartbeat successful
[2016-05-11 15:16:08,253][kafka.coordinator][INFO]Heartbeat successful
[2016-05-11 15:16:11,314][kafka.coordinator][INFO]Heartbeat successful
[2016-05-11 15:16:14,335][kafka.coordinator][INFO]Heartbeat successful
[2016-05-11 15:16:17,362][kafka.coordinator][INFO]Heartbeat successful
[2016-05-11 15:16:20,390][kafka.coordinator][INFO]Heartbeat successful
[2016-05-11 15:16:23,411][kafka.coordinator][INFO]Heartbeat successful
[2016-05-11 15:16:26,474][kafka.coordinator][INFO]Heartbeat successful
[2016-05-11 15:16:28,992][kafka.coordinator][INFO]Heartbeat successful
[2016-05-11 15:16:32,055][kafka.coordinator][INFO]Heartbeat successful
[2016-05-11 15:16:35,074][kafka.coordinator][INFO]Heartbeat successful
[2016-05-11 15:16:38,138][kafka.coordinator][INFO]Heartbeat successful
[2016-05-11 15:16:41,165][kafka.coordinator][INFO]Heartbeat successful
[2016-05-11 15:16:44,187][kafka.coordinator][INFO]Heartbeat successful
[2016-05-11 15:16:47,251][kafka.coordinator][INFO]Heartbeat successful
[2016-05-11 15:16:50,274][kafka.coordinator][INFO]Heartbeat successful
[2016-05-11 15:16:53,300][kafka.coordinator][INFO]Heartbeat successful
[2016-05-11 15:16:56,359][kafka.coordinator][INFO]Heartbeat successful
[2016-05-11 15:16:59,384][kafka.coordinator][INFO]Heartbeat successful
[2016-05-11 15:17:02,412][kafka.coordinator][INFO]Heartbeat successful
[2016-05-11 15:17:05,437][kafka.coordinator][INFO]Heartbeat successful
[2016-05-11 15:17:07,999][kafka.coordinator][INFO]Heartbeat successful
[2016-05-11 15:17:11,063][kafka.coordinator][INFO]Heartbeat successful
[2016-05-11 15:17:14,085][kafka.coordinator][INFO]Heartbeat successful
[2016-05-11 15:17:17,142][kafka.coordinator][INFO]Heartbeat successful
[2016-05-11 15:17:20,164][kafka.coordinator][INFO]Heartbeat successful
[2016-05-11 15:17:23,191][kafka.coordinator][INFO]Heartbeat successful
[2016-05-11 15:17:26,260][kafka.coordinator][INFO]Heartbeat successful
[2016-05-11 15:17:29,283][kafka.coordinator][INFO]Heartbeat successful
[2016-05-11 15:17:32,306][kafka.coordinator][INFO]Heartbeat successful
[2016-05-11 15:17:35,328][kafka.coordinator][INFO]Heartbeat successful
[2016-05-11 15:17:38,359][kafka.coordinator][INFO]Heartbeat successful
[2016-05-11 15:17:41,419][kafka.coordinator][INFO]Heartbeat successful
[2016-05-11 15:17:44,438][kafka.coordinator][INFO]Heartbeat successful
[2016-05-11 15:17:47,462][kafka.coordinator][INFO]Heartbeat successful
[2016-05-11 15:17:50,483][kafka.coordinator][INFO]Heartbeat successful
[2016-05-11 15:17:53,040][kafka.coordinator][INFO]Heartbeat successful
[2016-05-11 15:17:56,063][kafka.coordinator][INFO]Heartbeat successful
[2016-05-11 15:17:59,088][kafka.coordinator][INFO]Heartbeat successful
[2016-05-11 15:18:02,110][kafka.coordinator][INFO]Heartbeat successful
[2016-05-11 15:18:05,130][kafka.coordinator][INFO]Heartbeat successful
[2016-05-11 15:18:08,195][kafka.coordinator][INFO]Heartbeat successful
[2016-05-11 15:18:11,220][kafka.coordinator][INFO]Heartbeat successful
[2016-05-11 15:18:14,240][kafka.coordinator][INFO]Heartbeat successful
[2016-05-11 15:18:17,301][kafka.coordinator][INFO]Heartbeat successful
[2016-05-11 15:18:20,324][kafka.coordinator][INFO]Heartbeat successful
[2016-05-11 15:18:23,345][kafka.coordinator][INFO]Heartbeat successful
[2016-05-11 15:18:26,365][kafka.coordinator][INFO]Heartbeat successful
[2016-05-11 15:18:29,431][kafka.coordinator][INFO]Heartbeat successful
[2016-05-11 15:18:32,456][kafka.coordinator][INFO]Heartbeat successful
[2016-05-11 15:18:35,475][kafka.coordinator][INFO]Heartbeat successful
[2016-05-11 15:18:38,037][kafka.coordinator][INFO]Heartbeat successful
[2016-05-11 15:18:41,117][kafka.coordinator][INFO]Heartbeat successful
[2016-05-11 15:18:44,162][kafka.coordinator][INFO]Heartbeat successful
[2016-05-11 15:18:47,224][kafka.coordinator][INFO]Heartbeat successful
[2016-05-11 15:18:50,245][kafka.coordinator][INFO]Heartbeat successful
[2016-05-11 15:18:53,271][kafka.coordinator][INFO]Heartbeat successful
[2016-05-11 15:18:56,292][kafka.coordinator][INFO]Heartbeat successful
[2016-05-11 15:18:59,356][kafka.coordinator][INFO]Heartbeat successful
[2016-05-11 15:19:02,385][kafka.coordinator][INFO]Heartbeat successful
[2016-05-11 15:19:05,406][kafka.coordinator][INFO]Heartbeat successful
[2016-05-11 15:19:08,467][kafka.coordinator][INFO]Heartbeat successful
[2016-05-11 15:19:11,486][kafka.coordinator][INFO]Heartbeat successful
[2016-05-11 15:19:14,511][kafka.coordinator][INFO]Heartbeat successful
[2016-05-11 15:19:17,031][kafka.coordinator][INFO]Heartbeat successful
[2016-05-11 15:19:20,090][kafka.coordinator][INFO]Heartbeat successful
[2016-05-11 15:19:23,117][kafka.coordinator][INFO]Heartbeat successful
[2016-05-11 15:19:26,138][kafka.coordinator][INFO]Heartbeat successful
[2016-05-11 15:19:29,204][kafka.coordinator][INFO]Heartbeat successful
[2016-05-11 15:19:32,227][kafka.coordinator][INFO]Heartbeat successful
[2016-05-11 15:19:35,252][kafka.coordinator][INFO]Heartbeat successful
[2016-05-11 15:19:38,316][kafka.coordinator][INFO]Heartbeat successful
[2016-05-11 15:19:41,338][kafka.coordinator][INFO]Heartbeat successful
[2016-05-11 15:19:44,364][kafka.coordinator][INFO]Heartbeat successful
[2016-05-11 15:19:47,385][kafka.coordinator][INFO]Heartbeat successful
[2016-05-11 15:19:50,445][kafka.coordinator][INFO]Heartbeat successful
[2016-05-11 15:19:53,472][kafka.coordinator][INFO]Heartbeat successful
[2016-05-11 15:19:56,494][kafka.coordinator][INFO]Heartbeat successful
[2016-05-11 15:19:59,056][kafka.coordinator][INFO]Heartbeat successful
[2016-05-11 15:20:02,118][kafka.coordinator][INFO]Heartbeat successful
[2016-05-11 15:20:05,141][kafka.coordinator][INFO]Heartbeat successful
[2016-05-11 15:20:08,209][kafka.coordinator][INFO]Heartbeat successful
[2016-05-11 15:20:11,234][kafka.coordinator][INFO]Heartbeat successful
[2016-05-11 15:20:14,260][kafka.coordinator][INFO]Heartbeat successful
[2016-05-11 15:20:17,285][kafka.coordinator][INFO]Heartbeat successful
[2016-05-11 15:20:20,351][kafka.coordinator][INFO]Heartbeat successful
[2016-05-11 15:20:23,381][kafka.coordinator][INFO]Heartbeat successful
[2016-05-11 15:20:26,407][kafka.coordinator][INFO]Heartbeat successful
[2016-05-11 15:20:29,433][kafka.coordinator][INFO]Heartbeat successful
[2016-05-11 15:20:32,454][kafka.coordinator][INFO]Heartbeat successful
[2016-05-11 15:20:35,521][kafka.coordinator][INFO]Heartbeat successful
