Beginning task setup

/usr/bin/flock
Using existing venv: /tmp/petrel-test-4-1462969332/venv
Task setup took 9 seconds
Launching: python -m petrel.run kafkaconsumer /home/pipe/twitterintel/twitterintel/topology/TopologyTweetTransformationSPAM/petrel13141_kafkaconsumer.log
/usr/local/lib/python2.7/dist-packages/petrel-0.9.4.0.3-py2.7.egg/petrel/run.py invoked with the following arguments: ['kafkaconsumer', '/home/pipe/twitterintel/twitterintel/topology/TopologyTweetTransformationSPAM/petrel13141_kafkaconsumer.log']
python version: 2.7.11
user=root
PATH=/tmp/petrel-test-4-1462969332/venv/bin:/root/SimpleScalar/simplesim-3.0:/root/SimpleScalar/bin:/root/SimpleScalar/gcc-2.6.3:/root/SimpleScalar/bin:/usr/local/sbin:/usr/local/bin:/usr/sbin:/usr/bin:/sbin:/bin:/usr/games:/usr/local/games:/home/pipe/Downloads/zookeeper-3.4.8/bin:/home/pipe/Downloads/apache-storm-0.9.4/bin
LD_LIBRARY_PATH=storm-local/supervisor/stormdist/test-4-1462969332/resources/Linux-amd64:storm-local/supervisor/stormdist/test-4-1462969332/resources:/usr/local/lib:/opt/local/lib:/usr/lib
PYTHON_EGG_CACHE=/tmp/petrel-test-4-1462969332/egg_cache
[2016-05-11 13:22:37,129][storm][INFO]Tuple profiling enabled. Will log tuple processing times.
[2016-05-11 13:22:41,064][storm][INFO]Task received setupInfo from Storm: {u'pidDir': u'/home/pipe/storm-local/workers/3301a78c-592b-42a4-838a-25ec377abde7/pids', u'conf': {u'oauth.acess_token': u' 702208758362087425-HZiyl1x7Bh98cQa1WLBDYylyu10Bpl7', u'topology.tuple.serializer': u'backtype.storm.serialization.types.ListDelegateSerializer', u'topology.workers': 1, u'drpc.worker.threads': 64, u'storm.messaging.netty.client_worker_threads': 1, u'supervisor.heartbeat.frequency.secs': 5, u'topology.executor.send.buffer.size': 1024, u'drpc.childopts': u'-Xmx768m', u'nimbus.thrift.port': 6627, u'storm.zookeeper.retry.intervalceiling.millis': 30000, u'storm.local.dir': u'storm-local', u'topology.receiver.buffer.size': 8, u'storm.zookeeper.servers': [u'localhost'], u'oauth.consumer_secret': u'ADf76fi3O1lKMzBxWnjqf93l3GHv28uar3bkblkvyBrAyoA23i', u'transactional.zookeeper.root': u'/transactional', u'drpc.request.timeout.secs': 600, u'topology.skip.missing.kryo.registrations': False, u'worker.heartbeat.frequency.secs': 1, u'zmq.hwm': 0, u'storm.zookeeper.connection.timeout': 15000, u'java.library.path': u'/usr/local/lib:/opt/local/lib:/usr/lib', u'topology.max.error.report.per.interval': 5, u'storm.messaging.netty.server_worker_threads': 1, u'storm.id': u'test-4-1462969332', u'supervisor.worker.start.timeout.secs': 120, u'zmq.threads': 1, u'topology.acker.executors': None, u'storm.messaging.netty.flush.check.interval.ms': 10, u'storm.messaging.netty.transfer.batch.size': 262144, u'topology.max.task.parallelism': None, u'topology.environment': None, u'storm.zookeeper.port': 2181, u'nimbus.childopts': u'-Xmx1024m', u'topology.classpath': None, u'worker.childopts': u'-Xmx768m', u'drpc.queue.size': 128, u'topology.multilang.serializer': u'backtype.storm.multilang.JsonSerializer', u'storm.zookeeper.retry.times': 5, u'nimbus.monitor.freq.secs': 10, u'storm.cluster.mode': u'distributed', u'dev.zookeeper.path': u'/tmp/dev-storm-zookeeper', u'drpc.invocations.port': 3773, u'topology.tasks': None, u'storm.zookeeper.root': u'/storm', u'logviewer.childopts': u'-Xmx128m', u'storm.meta.serialization.delegate': u'backtype.storm.serialization.DefaultSerializationDelegate', u'transactional.zookeeper.port': None, u'topology.worker.receiver.thread.count': 1, u'topology.worker.childopts': None, u'topology.max.spout.pending': None, u'topology.kryo.register': None, u'petrel.host': u'pipe-X550CC', u'nimbus.cleanup.inbox.freq.secs': 600, u'storm.messaging.netty.min_wait_ms': 100, u'nimbus.task.timeout.secs': 30, u'nimbus.thrift.max_buffer_size': 1048576, u'topology.sleep.spout.wait.strategy.time.ms': 1, u'nimbus.reassign': True, u'storm.messaging.transport': u'backtype.storm.messaging.netty.Context', u'logviewer.appender.name': u'A1', u'nimbus.host': u'localhost', u'ui.port': 8080, u'supervisor.slots.ports': [6700, 6701, 6702, 6703], u'nimbus.file.copy.expiration.secs': 600, u'supervisor.monitor.frequency.secs': 3, u'ui.childopts': u'-Xmx768m', u'transactional.zookeeper.servers': None, u'zmq.linger.millis': 5000, u'topology.error.throttle.interval.secs': 10, u'topology.worker.shared.thread.pool.size': 4, u'topology.executor.receive.buffer.size': 1024, u'topology.spout.wait.strategy': u'backtype.storm.spout.SleepSpoutWaitStrategy', u'task.heartbeat.frequency.secs': 3, u'topology.transfer.buffer.size': 1024, u'storm.zookeeper.session.timeout': 20000, u'storm.local.mode.zmq': False, u'topology.stats.sample.rate': 0.05, u'topology.fall.back.on.java.serialization': True, u'supervisor.childopts': u'-Xmx256m', u'topology.enable.message.timeouts': True, u'storm.messaging.netty.max_wait_ms': 1000, u'nimbus.topology.validator': u'backtype.storm.nimbus.DefaultTopologyValidator', u'nimbus.supervisor.timeout.secs': 60, u'topology.disruptor.wait.strategy': u'com.lmax.disruptor.BlockingWaitStrategy', u'storm.messaging.netty.buffer_size': 5242880, u'drpc.port': 3772, u'topology.kryo.factory': u'backtype.storm.serialization.DefaultKryoFactory', u'storm.zookeeper.retry.interval': 1000, u'storm.messaging.netty.max_retries': 300, u'topology.tick.tuple.freq.secs': 30, u'supervisor.enable': True, u'nimbus.task.launch.secs': 120, u'task.refresh.poll.secs': 10, u'topology.message.timeout.secs': 30, u'oauth.acess_token_secret': u'IiNOTfgE3tEZvW2HDQhRKPMoOLU43NXJCXk8maj51SdAT', u'petrel.user': u'root', u'nimbus.inbox.jar.expiration.secs': 3600, u'topology.state.synchronization.timeout.secs': 60, u'topology.name': u'test', u'supervisor.worker.timeout.secs': 30, u'topology.trident.batch.emit.interval.millis': 500, u'topology.builtin.metrics.bucket.size.secs': 60, u'storm.thrift.transport': u'backtype.storm.security.auth.SimpleTransportPlugin', u'logviewer.port': 8000, u'oauth.consumer_key': u'eaFmBSxUveRJfmyZYeabti9Q9', u'topology.kryo.decorators': [], u'topology.debug': False}, u'context': {u'task->component': {u'1': u'CountThreeWords', u'3': u'CountWord', u'2': u'CountTwoWords', u'5': u'ThreeWordDivider', u'4': u'KafkaConsumer', u'7': u'WordDivider', u'6': u'TwoWordDivider', u'8': u'__acker'}, u'taskid': 4}}
[2016-05-11 13:22:41,147][storm][INFO]Task sent pid to Storm
[2016-05-11 13:22:41,463][kafka.client][INFO]Broker version identifed as 0.9
[2016-05-11 13:22:41,464][kafka.consumer.subscription_state][INFO]Updating subscribed topics to: ['instanttopic']
[2016-05-11 13:22:41,545][kafka.cluster][INFO]Group coordinator for kafka-python-default-group is BrokerMetadata(nodeId=0, host=u'pipe-X550CC', port=9092)
[2016-05-11 13:22:41,599][kafka.coordinator][INFO]Joined group 'kafka-python-default-group' (generation 1) with member_id kafka-python-1.0.2-eac80fbd-9c55-476f-badf-352e71125bd3
[2016-05-11 13:22:41,600][kafka.coordinator][INFO]Elected group leader -- performing partition assignments using range
[2016-05-11 13:22:41,663][kafka.consumer.subscription_state][INFO]Updated partition assignment: [TopicPartition(topic=u'instanttopic', partition=0)]
[2016-05-11 13:22:44,763][kafka.coordinator][INFO]Heartbeat successful
[2016-05-11 13:22:47,790][kafka.coordinator][INFO]Heartbeat successful
[2016-05-11 13:22:50,901][kafka.coordinator][INFO]Heartbeat successful
[2016-05-11 13:22:53,929][kafka.coordinator][INFO]Heartbeat successful
[2016-05-11 13:22:56,951][kafka.coordinator][INFO]Heartbeat successful
[2016-05-11 13:23:00,013][kafka.coordinator][INFO]Heartbeat successful
[2016-05-11 13:23:03,038][kafka.coordinator][INFO]Heartbeat successful
[2016-05-11 13:23:06,057][kafka.coordinator][INFO]Heartbeat successful
[2016-05-11 13:23:09,121][kafka.coordinator][INFO]Heartbeat successful
[2016-05-11 13:23:12,146][kafka.coordinator][INFO]Heartbeat successful
[2016-05-11 13:23:15,173][kafka.coordinator][INFO]Heartbeat successful
[2016-05-11 13:23:17,694][kafka.coordinator][INFO]Heartbeat successful
[2016-05-11 13:23:20,750][kafka.coordinator][INFO]Heartbeat successful
[2016-05-11 13:23:23,768][kafka.coordinator][INFO]Heartbeat successful
[2016-05-11 13:23:26,784][kafka.coordinator][INFO]Heartbeat successful
[2016-05-11 13:23:29,843][kafka.coordinator][INFO]Heartbeat successful
[2016-05-11 13:23:32,730][kafka.coordinator][INFO]Heartbeat successful
[2016-05-11 13:23:35,746][kafka.coordinator][INFO]Heartbeat successful
[2016-05-11 13:23:38,803][kafka.coordinator][INFO]Heartbeat successful
[2016-05-11 13:23:41,818][kafka.coordinator][INFO]Heartbeat successful
[2016-05-11 13:23:44,837][kafka.coordinator][INFO]Heartbeat successful
[2016-05-11 13:23:47,854][kafka.coordinator][INFO]Heartbeat successful
[2016-05-11 13:23:50,914][kafka.coordinator][INFO]Heartbeat successful
[2016-05-11 13:23:53,939][kafka.coordinator][INFO]Heartbeat successful
[2016-05-11 13:23:56,959][kafka.coordinator][INFO]Heartbeat successful
[2016-05-11 13:24:00,116][kafka.coordinator][INFO]Heartbeat successful
[2016-05-11 13:24:03,132][kafka.coordinator][INFO]Heartbeat successful
[2016-05-11 13:24:06,151][kafka.coordinator][INFO]Heartbeat successful
[2016-05-11 13:24:08,709][kafka.coordinator][INFO]Heartbeat successful
[2016-05-11 13:24:11,762][kafka.coordinator][INFO]Heartbeat successful
[2016-05-11 13:24:14,782][kafka.coordinator][INFO]Heartbeat successful
[2016-05-11 13:24:17,863][kafka.coordinator][INFO]Heartbeat successful
[2016-05-11 13:24:20,887][kafka.coordinator][INFO]Heartbeat successful
[2016-05-11 13:24:23,980][kafka.coordinator][INFO]Heartbeat successful
[2016-05-11 13:24:26,793][kafka.coordinator][INFO]Heartbeat successful
[2016-05-11 13:24:30,091][kafka.coordinator][INFO]Heartbeat successful
[2016-05-11 13:24:33,106][kafka.coordinator][INFO]Heartbeat successful
[2016-05-11 13:24:36,170][kafka.coordinator][INFO]Heartbeat successful
[2016-05-11 13:24:38,693][kafka.coordinator][INFO]Heartbeat successful
[2016-05-11 13:24:41,754][kafka.coordinator][INFO]Heartbeat successful
[2016-05-11 13:24:44,777][kafka.coordinator][INFO]Heartbeat successful
[2016-05-11 13:24:47,791][kafka.coordinator][INFO]Heartbeat successful
[2016-05-11 13:24:50,853][kafka.coordinator][INFO]Heartbeat successful
[2016-05-11 13:24:53,876][kafka.coordinator][INFO]Heartbeat successful
[2016-05-11 13:24:56,894][kafka.coordinator][INFO]Heartbeat successful
[2016-05-11 13:24:59,955][kafka.coordinator][INFO]Heartbeat successful
[2016-05-11 13:25:02,975][kafka.coordinator][INFO]Heartbeat successful
[2016-05-11 13:25:06,000][kafka.coordinator][INFO]Heartbeat successful
[2016-05-11 13:25:09,025][kafka.coordinator][INFO]Heartbeat successful
[2016-05-11 13:25:12,090][kafka.coordinator][INFO]Heartbeat successful
[2016-05-11 13:25:15,108][kafka.coordinator][INFO]Heartbeat successful
[2016-05-11 13:25:18,128][kafka.coordinator][INFO]Heartbeat successful
[2016-05-11 13:25:21,182][kafka.coordinator][INFO]Heartbeat successful
[2016-05-11 13:25:23,698][kafka.coordinator][INFO]Heartbeat successful
[2016-05-11 13:25:26,758][kafka.coordinator][INFO]Heartbeat successful
[2016-05-11 13:25:29,814][kafka.coordinator][INFO]Heartbeat successful
[2016-05-11 13:25:32,829][kafka.coordinator][INFO]Heartbeat successful
[2016-05-11 13:25:35,856][kafka.coordinator][INFO]Heartbeat successful
[2016-05-11 13:25:38,870][kafka.coordinator][INFO]Heartbeat successful
[2016-05-11 13:25:42,244][kafka.coordinator][INFO]Heartbeat successful
[2016-05-11 13:25:44,766][kafka.coordinator][INFO]Heartbeat successful
[2016-05-11 13:25:47,788][kafka.coordinator][INFO]Heartbeat successful
[2016-05-11 13:25:50,853][kafka.coordinator][INFO]Heartbeat successful
[2016-05-11 13:25:53,869][kafka.coordinator][INFO]Heartbeat successful
[2016-05-11 13:25:56,890][kafka.coordinator][INFO]Heartbeat successful
[2016-05-11 13:25:59,911][kafka.coordinator][INFO]Heartbeat successful
[2016-05-11 13:26:02,970][kafka.coordinator][INFO]Heartbeat successful
[2016-05-11 13:26:05,994][kafka.coordinator][INFO]Heartbeat successful
[2016-05-11 13:26:09,018][kafka.coordinator][INFO]Heartbeat successful
[2016-05-11 13:26:12,046][kafka.coordinator][INFO]Heartbeat successful
[2016-05-11 13:26:15,065][kafka.coordinator][INFO]Heartbeat successful
[2016-05-11 13:26:18,119][kafka.coordinator][INFO]Heartbeat successful
[2016-05-11 13:26:21,138][kafka.coordinator][INFO]Heartbeat successful
[2016-05-11 13:26:24,149][kafka.coordinator][INFO]Heartbeat successful
[2016-05-11 13:26:27,207][kafka.coordinator][INFO]Heartbeat successful
[2016-05-11 13:26:29,724][kafka.coordinator][INFO]Heartbeat successful
[2016-05-11 13:26:32,788][kafka.coordinator][INFO]Heartbeat successful
[2016-05-11 13:26:35,854][kafka.coordinator][INFO]Heartbeat successful
[2016-05-11 13:26:38,872][kafka.coordinator][INFO]Heartbeat successful
[2016-05-11 13:26:41,883][kafka.coordinator][INFO]Heartbeat successful
[2016-05-11 13:26:44,898][kafka.coordinator][INFO]Heartbeat successful
[2016-05-11 13:26:47,953][kafka.coordinator][INFO]Heartbeat successful
[2016-05-11 13:26:50,736][kafka.coordinator][INFO]Heartbeat successful
[2016-05-11 13:26:54,009][kafka.coordinator][INFO]Heartbeat successful
[2016-05-11 13:26:57,030][kafka.coordinator][INFO]Heartbeat successful
[2016-05-11 13:27:00,053][kafka.coordinator][INFO]Heartbeat successful
[2016-05-11 13:27:03,116][kafka.coordinator][INFO]Heartbeat successful
[2016-05-11 13:27:06,139][kafka.coordinator][INFO]Heartbeat successful
[2016-05-11 13:27:09,156][kafka.coordinator][INFO]Heartbeat successful
[2016-05-11 13:27:12,217][kafka.coordinator][INFO]Heartbeat successful
[2016-05-11 13:27:14,732][kafka.coordinator][INFO]Heartbeat successful
[2016-05-11 13:27:17,792][kafka.coordinator][INFO]Heartbeat successful
[2016-05-11 13:27:20,813][kafka.coordinator][INFO]Heartbeat successful
[2016-05-11 13:27:23,876][kafka.coordinator][INFO]Heartbeat successful
[2016-05-11 13:27:26,901][kafka.coordinator][INFO]Heartbeat successful
[2016-05-11 13:27:29,919][kafka.coordinator][INFO]Heartbeat successful
[2016-05-11 13:27:32,973][kafka.coordinator][INFO]Heartbeat successful
[2016-05-11 13:27:35,992][kafka.coordinator][INFO]Heartbeat successful
[2016-05-11 13:27:39,008][kafka.coordinator][INFO]Heartbeat successful
[2016-05-11 13:27:39,760][storm][ERROR][Errno 32] Broken pipe
Traceback (most recent call last):
  File "/usr/local/lib/python2.7/dist-packages/petrel-0.9.4.0.3-py2.7.egg/petrel/storm.py", line 88, in sendMsgToParent
    old_stdout.flush()
IOError: [Errno 32] Broken pipe
[2016-05-11 13:27:39,760][storm][ERROR]Sent failure message ("E_SPOUTFAILED__kafkaconsumer__pipe-X550CC__pid__13141__port__-1__taskindex__-1__StormIPCException") to Storm
[2016-05-11 13:27:44,761][storm][ERROR]Caught exception in Spout.run: IOError error [Errno 32] in sendMsgToParent: [Errno 32] Broken pipe
Traceback (most recent call last):
  File "/usr/local/lib/python2.7/dist-packages/petrel-0.9.4.0.3-py2.7.egg/petrel/storm.py", line 421, in run
    self.nextTuple()
  File "/home/pipe/storm-local/supervisor/stormdist/test-4-1462969332/resources/kafkaconsumer.py", line 43, in nextTuple
    storm.emit([algo,user])
  File "/usr/local/lib/python2.7/dist-packages/petrel-0.9.4.0.3-py2.7.egg/petrel/storm.py", line 125, in emit
    result = __emit(*args, **kwargs)
  File "/usr/local/lib/python2.7/dist-packages/petrel-0.9.4.0.3-py2.7.egg/petrel/storm.py", line 146, in __emit
    return emitSpout(*args, **kwargs)
  File "/usr/local/lib/python2.7/dist-packages/petrel-0.9.4.0.3-py2.7.egg/petrel/storm.py", line 219, in emitSpout
    sendMsgToParent(m)
  File "/usr/local/lib/python2.7/dist-packages/petrel-0.9.4.0.3-py2.7.egg/petrel/storm.py", line 94, in sendMsgToParent
    str(e)))
StormIPCException: IOError error [Errno 32] in sendMsgToParent: [Errno 32] Broken pipe
Worker kafkaconsumer exiting normally.
