Beginning task setup

/usr/bin/flock
Using existing venv: /tmp/petrel-test-4-1462969332/venv
Task setup took 0 seconds
Launching: python -m petrel.run kafkaconsumer /home/pipe/twitterintel/twitterintel/topology/TopologyTweetTransformationSPAM/petrel29118_kafkaconsumer.log
/usr/local/lib/python2.7/dist-packages/petrel-0.9.4.0.3-py2.7.egg/petrel/run.py invoked with the following arguments: ['kafkaconsumer', '/home/pipe/twitterintel/twitterintel/topology/TopologyTweetTransformationSPAM/petrel29118_kafkaconsumer.log']
python version: 2.7.11
user=root
PATH=/tmp/petrel-test-4-1462969332/venv/bin:/root/SimpleScalar/simplesim-3.0:/root/SimpleScalar/bin:/root/SimpleScalar/gcc-2.6.3:/root/SimpleScalar/bin:/usr/local/sbin:/usr/local/bin:/usr/sbin:/usr/bin:/sbin:/bin:/usr/games:/usr/local/games:/home/pipe/Downloads/zookeeper-3.4.8/bin:/home/pipe/Downloads/apache-storm-0.9.4/bin
LD_LIBRARY_PATH=storm-local/supervisor/stormdist/test-4-1462969332/resources/Linux-amd64:storm-local/supervisor/stormdist/test-4-1462969332/resources:/usr/local/lib:/opt/local/lib:/usr/lib
PYTHON_EGG_CACHE=/tmp/petrel-test-4-1462969332/egg_cache
[2016-05-11 15:26:58,105][storm][INFO]Tuple profiling enabled. Will log tuple processing times.
[2016-05-11 15:26:58,439][storm][INFO]Task received setupInfo from Storm: {u'pidDir': u'/home/pipe/storm-local/workers/9162878c-28d1-4f9c-9581-680040aa7974/pids', u'conf': {u'oauth.acess_token': u' 702208758362087425-HZiyl1x7Bh98cQa1WLBDYylyu10Bpl7', u'topology.tuple.serializer': u'backtype.storm.serialization.types.ListDelegateSerializer', u'topology.workers': 1, u'drpc.worker.threads': 64, u'storm.messaging.netty.client_worker_threads': 1, u'supervisor.heartbeat.frequency.secs': 5, u'topology.executor.send.buffer.size': 1024, u'drpc.childopts': u'-Xmx768m', u'nimbus.thrift.port': 6627, u'storm.zookeeper.retry.intervalceiling.millis': 30000, u'storm.local.dir': u'storm-local', u'topology.receiver.buffer.size': 8, u'storm.zookeeper.servers': [u'localhost'], u'oauth.consumer_secret': u'ADf76fi3O1lKMzBxWnjqf93l3GHv28uar3bkblkvyBrAyoA23i', u'transactional.zookeeper.root': u'/transactional', u'drpc.request.timeout.secs': 600, u'topology.skip.missing.kryo.registrations': False, u'worker.heartbeat.frequency.secs': 1, u'zmq.hwm': 0, u'storm.zookeeper.connection.timeout': 15000, u'java.library.path': u'/usr/local/lib:/opt/local/lib:/usr/lib', u'topology.max.error.report.per.interval': 5, u'storm.messaging.netty.server_worker_threads': 1, u'storm.id': u'test-4-1462969332', u'supervisor.worker.start.timeout.secs': 120, u'zmq.threads': 1, u'topology.acker.executors': None, u'storm.messaging.netty.flush.check.interval.ms': 10, u'storm.messaging.netty.transfer.batch.size': 262144, u'topology.max.task.parallelism': None, u'topology.environment': None, u'storm.zookeeper.port': 2181, u'nimbus.childopts': u'-Xmx1024m', u'topology.classpath': None, u'worker.childopts': u'-Xmx768m', u'drpc.queue.size': 128, u'topology.multilang.serializer': u'backtype.storm.multilang.JsonSerializer', u'storm.zookeeper.retry.times': 5, u'nimbus.monitor.freq.secs': 10, u'storm.cluster.mode': u'distributed', u'dev.zookeeper.path': u'/tmp/dev-storm-zookeeper', u'drpc.invocations.port': 3773, u'topology.tasks': None, u'storm.zookeeper.root': u'/storm', u'logviewer.childopts': u'-Xmx128m', u'storm.meta.serialization.delegate': u'backtype.storm.serialization.DefaultSerializationDelegate', u'transactional.zookeeper.port': None, u'topology.worker.receiver.thread.count': 1, u'topology.worker.childopts': None, u'topology.max.spout.pending': None, u'topology.kryo.register': None, u'petrel.host': u'pipe-X550CC', u'nimbus.cleanup.inbox.freq.secs': 600, u'storm.messaging.netty.min_wait_ms': 100, u'nimbus.task.timeout.secs': 30, u'nimbus.thrift.max_buffer_size': 1048576, u'topology.sleep.spout.wait.strategy.time.ms': 1, u'nimbus.reassign': True, u'storm.messaging.transport': u'backtype.storm.messaging.netty.Context', u'logviewer.appender.name': u'A1', u'nimbus.host': u'localhost', u'ui.port': 8080, u'supervisor.slots.ports': [6700, 6701, 6702, 6703], u'nimbus.file.copy.expiration.secs': 600, u'supervisor.monitor.frequency.secs': 3, u'ui.childopts': u'-Xmx768m', u'transactional.zookeeper.servers': None, u'zmq.linger.millis': 5000, u'topology.error.throttle.interval.secs': 10, u'topology.worker.shared.thread.pool.size': 4, u'topology.executor.receive.buffer.size': 1024, u'topology.spout.wait.strategy': u'backtype.storm.spout.SleepSpoutWaitStrategy', u'task.heartbeat.frequency.secs': 3, u'topology.transfer.buffer.size': 1024, u'storm.zookeeper.session.timeout': 20000, u'storm.local.mode.zmq': False, u'topology.stats.sample.rate': 0.05, u'topology.fall.back.on.java.serialization': True, u'supervisor.childopts': u'-Xmx256m', u'topology.enable.message.timeouts': True, u'storm.messaging.netty.max_wait_ms': 1000, u'nimbus.topology.validator': u'backtype.storm.nimbus.DefaultTopologyValidator', u'nimbus.supervisor.timeout.secs': 60, u'topology.disruptor.wait.strategy': u'com.lmax.disruptor.BlockingWaitStrategy', u'storm.messaging.netty.buffer_size': 5242880, u'drpc.port': 3772, u'topology.kryo.factory': u'backtype.storm.serialization.DefaultKryoFactory', u'storm.zookeeper.retry.interval': 1000, u'storm.messaging.netty.max_retries': 300, u'topology.tick.tuple.freq.secs': 30, u'supervisor.enable': True, u'nimbus.task.launch.secs': 120, u'task.refresh.poll.secs': 10, u'topology.message.timeout.secs': 30, u'oauth.acess_token_secret': u'IiNOTfgE3tEZvW2HDQhRKPMoOLU43NXJCXk8maj51SdAT', u'petrel.user': u'root', u'nimbus.inbox.jar.expiration.secs': 3600, u'topology.state.synchronization.timeout.secs': 60, u'topology.name': u'test', u'supervisor.worker.timeout.secs': 30, u'topology.trident.batch.emit.interval.millis': 500, u'topology.builtin.metrics.bucket.size.secs': 60, u'storm.thrift.transport': u'backtype.storm.security.auth.SimpleTransportPlugin', u'logviewer.port': 8000, u'oauth.consumer_key': u'eaFmBSxUveRJfmyZYeabti9Q9', u'topology.kryo.decorators': [], u'topology.debug': False}, u'context': {u'task->component': {u'1': u'CountThreeWords', u'3': u'CountWord', u'2': u'CountTwoWords', u'5': u'ThreeWordDivider', u'4': u'KafkaConsumer', u'7': u'WordDivider', u'6': u'TwoWordDivider', u'8': u'__acker'}, u'taskid': 4}}
[2016-05-11 15:26:58,446][storm][INFO]Task sent pid to Storm
[2016-05-11 15:26:58,597][kafka.client][INFO]Broker version identifed as 0.9
[2016-05-11 15:26:58,612][kafka.consumer.subscription_state][INFO]Updating subscribed topics to: ['instanttopic']
[2016-05-11 15:26:58,692][kafka.cluster][INFO]Group coordinator for kafka-python-default-group is BrokerMetadata(nodeId=0, host=u'pipe-X550CC', port=9092)
[2016-05-11 15:27:06,988][kafka.coordinator][INFO]Joined group 'kafka-python-default-group' (generation 2) with member_id kafka-python-1.0.2-09a460f6-98cf-4921-8565-e68407ad219a
[2016-05-11 15:27:06,988][kafka.coordinator][INFO]Elected group leader -- performing partition assignments using range
[2016-05-11 15:27:06,993][kafka.consumer.subscription_state][INFO]Updated partition assignment: [TopicPartition(topic=u'instanttopic', partition=0)]
[2016-05-11 15:27:10,094][kafka.coordinator][INFO]Heartbeat successful
[2016-05-11 15:27:13,118][kafka.coordinator][INFO]Heartbeat successful
[2016-05-11 15:27:16,139][kafka.coordinator][INFO]Heartbeat successful
[2016-05-11 15:27:19,195][kafka.coordinator][INFO]Heartbeat successful
[2016-05-11 15:27:22,219][kafka.coordinator][INFO]Heartbeat successful
[2016-05-11 15:27:25,245][kafka.coordinator][INFO]Heartbeat successful
[2016-05-11 15:27:28,309][kafka.coordinator][INFO]Heartbeat successful
[2016-05-11 15:27:31,331][kafka.coordinator][INFO]Heartbeat successful
[2016-05-11 15:27:34,354][kafka.coordinator][INFO]Heartbeat successful
[2016-05-11 15:27:37,377][kafka.coordinator][INFO]Heartbeat successful
[2016-05-11 15:27:40,444][kafka.coordinator][INFO]Heartbeat successful
[2016-05-11 15:27:43,471][kafka.coordinator][INFO]Heartbeat successful
[2016-05-11 15:27:46,494][kafka.coordinator][INFO]Heartbeat successful
[2016-05-11 15:27:49,054][kafka.coordinator][INFO]Heartbeat successful
[2016-05-11 15:27:52,075][kafka.coordinator][INFO]Heartbeat successful
[2016-05-11 15:27:55,104][kafka.coordinator][INFO]Heartbeat successful
[2016-05-11 15:27:58,167][kafka.coordinator][INFO]Heartbeat successful
[2016-05-11 15:28:01,188][kafka.coordinator][INFO]Heartbeat successful
[2016-05-11 15:28:04,218][kafka.coordinator][INFO]Heartbeat successful
[2016-05-11 15:28:07,294][kafka.coordinator][INFO]Heartbeat successful
[2016-05-11 15:28:10,321][kafka.coordinator][INFO]Heartbeat successful
[2016-05-11 15:28:13,384][kafka.coordinator][INFO]Heartbeat successful
[2016-05-11 15:28:16,411][kafka.coordinator][INFO]Heartbeat successful
[2016-05-11 15:28:19,436][kafka.coordinator][INFO]Heartbeat successful
[2016-05-11 15:28:22,456][kafka.coordinator][INFO]Heartbeat successful
[2016-05-11 15:28:25,013][kafka.coordinator][INFO]Heartbeat successful
[2016-05-11 15:28:28,074][kafka.coordinator][INFO]Heartbeat successful
[2016-05-11 15:28:31,098][kafka.coordinator][INFO]Heartbeat successful
[2016-05-11 15:28:34,154][kafka.coordinator][INFO]Heartbeat successful
[2016-05-11 15:28:37,174][kafka.coordinator][INFO]Heartbeat successful
[2016-05-11 15:28:40,198][kafka.coordinator][INFO]Heartbeat successful
[2016-05-11 15:28:43,223][kafka.coordinator][INFO]Heartbeat successful
[2016-05-11 15:28:46,286][kafka.coordinator][INFO]Heartbeat successful
[2016-05-11 15:28:49,313][kafka.coordinator][INFO]Heartbeat successful
[2016-05-11 15:28:52,336][kafka.coordinator][INFO]Heartbeat successful
[2016-05-11 15:28:55,398][kafka.coordinator][INFO]Heartbeat successful
[2016-05-11 15:28:58,421][kafka.coordinator][INFO]Heartbeat successful
[2016-05-11 15:29:01,446][kafka.coordinator][INFO]Heartbeat successful
[2016-05-11 15:29:04,513][kafka.coordinator][INFO]Heartbeat successful
[2016-05-11 15:29:07,028][kafka.coordinator][INFO]Heartbeat successful
[2016-05-11 15:29:10,095][kafka.coordinator][INFO]Heartbeat successful
[2016-05-11 15:29:13,120][kafka.coordinator][INFO]Heartbeat successful
[2016-05-11 15:29:16,146][kafka.coordinator][INFO]Heartbeat successful
[2016-05-11 15:29:19,206][kafka.coordinator][INFO]Heartbeat successful
[2016-05-11 15:29:22,231][kafka.coordinator][INFO]Heartbeat successful
[2016-05-11 15:29:25,258][kafka.coordinator][INFO]Heartbeat successful
[2016-05-11 15:29:28,276][kafka.coordinator][INFO]Heartbeat successful
[2016-05-11 15:29:31,337][kafka.coordinator][INFO]Heartbeat successful
[2016-05-11 15:29:34,362][kafka.coordinator][INFO]Heartbeat successful
[2016-05-11 15:29:37,385][kafka.coordinator][INFO]Heartbeat successful
[2016-05-11 15:29:40,451][kafka.coordinator][INFO]Heartbeat successful
[2016-05-11 15:29:43,473][kafka.coordinator][INFO]Heartbeat successful
[2016-05-11 15:29:46,498][kafka.coordinator][INFO]Heartbeat successful
[2016-05-11 15:29:49,561][kafka.coordinator][INFO]Heartbeat successful
[2016-05-11 15:29:52,078][kafka.coordinator][INFO]Heartbeat successful
[2016-05-11 15:29:55,105][kafka.coordinator][INFO]Heartbeat successful
[2016-05-11 15:29:58,130][kafka.coordinator][INFO]Heartbeat successful
[2016-05-11 15:30:01,154][kafka.coordinator][INFO]Heartbeat successful
[2016-05-11 15:30:04,178][kafka.coordinator][INFO]Heartbeat successful
[2016-05-11 15:30:07,243][kafka.coordinator][INFO]Heartbeat successful
[2016-05-11 15:30:10,266][kafka.coordinator][INFO]Heartbeat successful
[2016-05-11 15:30:13,287][kafka.coordinator][INFO]Heartbeat successful
[2016-05-11 15:30:16,351][kafka.coordinator][INFO]Heartbeat successful
[2016-05-11 15:30:19,371][kafka.coordinator][INFO]Heartbeat successful
[2016-05-11 15:30:22,394][kafka.coordinator][INFO]Heartbeat successful
[2016-05-11 15:30:25,460][kafka.coordinator][INFO]Heartbeat successful
[2016-05-11 15:30:28,479][kafka.coordinator][INFO]Heartbeat successful
[2016-05-11 15:30:31,501][kafka.coordinator][INFO]Heartbeat successful
[2016-05-11 15:30:34,527][kafka.coordinator][INFO]Heartbeat successful
[2016-05-11 15:30:37,086][kafka.coordinator][INFO]Heartbeat successful
[2016-05-11 15:30:40,110][kafka.coordinator][INFO]Heartbeat successful
[2016-05-11 15:30:43,129][kafka.coordinator][INFO]Heartbeat successful
[2016-05-11 15:30:46,192][kafka.coordinator][INFO]Heartbeat successful
[2016-05-11 15:30:49,216][kafka.coordinator][INFO]Heartbeat successful
[2016-05-11 15:30:52,240][kafka.coordinator][INFO]Heartbeat successful
[2016-05-11 15:30:55,300][kafka.coordinator][INFO]Heartbeat successful
[2016-05-11 15:30:58,320][kafka.coordinator][INFO]Heartbeat successful
[2016-05-11 15:31:01,347][kafka.coordinator][INFO]Heartbeat successful
[2016-05-11 15:31:04,369][kafka.coordinator][INFO]Heartbeat successful
[2016-05-11 15:31:07,431][kafka.coordinator][INFO]Heartbeat successful
[2016-05-11 15:31:10,529][kafka.coordinator][INFO]Heartbeat successful
[2016-05-11 15:31:13,049][kafka.coordinator][INFO]Heartbeat successful
[2016-05-11 15:31:16,114][kafka.coordinator][INFO]Heartbeat successful
[2016-05-11 15:31:19,134][kafka.coordinator][INFO]Heartbeat successful
[2016-05-11 15:31:22,201][kafka.coordinator][INFO]Heartbeat successful
[2016-05-11 15:31:25,224][kafka.coordinator][INFO]Heartbeat successful
[2016-05-11 15:31:28,249][kafka.coordinator][INFO]Heartbeat successful
[2016-05-11 15:31:31,309][kafka.coordinator][INFO]Heartbeat successful
[2016-05-11 15:31:34,330][kafka.coordinator][INFO]Heartbeat successful
[2016-05-11 15:31:37,358][kafka.coordinator][INFO]Heartbeat successful
[2016-05-11 15:31:40,382][kafka.coordinator][INFO]Heartbeat successful
[2016-05-11 15:31:43,407][kafka.coordinator][INFO]Heartbeat successful
[2016-05-11 15:31:46,472][kafka.coordinator][INFO]Heartbeat successful
[2016-05-11 15:31:49,497][kafka.coordinator][INFO]Heartbeat successful
[2016-05-11 15:31:52,521][kafka.coordinator][INFO]Heartbeat successful
[2016-05-11 15:31:55,544][kafka.coordinator][INFO]Heartbeat successful
[2016-05-11 15:31:58,103][kafka.coordinator][INFO]Heartbeat successful
[2016-05-11 15:32:01,127][kafka.coordinator][INFO]Heartbeat successful
[2016-05-11 15:32:04,151][kafka.coordinator][INFO]Heartbeat successful
[2016-05-11 15:32:07,215][kafka.coordinator][INFO]Heartbeat successful
[2016-05-11 15:32:10,242][kafka.coordinator][INFO]Heartbeat successful
[2016-05-11 15:32:13,269][kafka.coordinator][INFO]Heartbeat successful
[2016-05-11 15:32:16,332][kafka.coordinator][INFO]Heartbeat successful
[2016-05-11 15:32:19,357][kafka.coordinator][INFO]Heartbeat successful
[2016-05-11 15:32:22,383][kafka.coordinator][INFO]Heartbeat successful
[2016-05-11 15:32:25,404][kafka.coordinator][INFO]Heartbeat successful
