Beginning task setup

/usr/bin/flock
Using existing venv: /tmp/petrel-test-4-1462969332/venv
Task setup took 1 seconds
Launching: python -m petrel.run kafkaconsumer /home/pipe/twitterintel/twitterintel/topology/TopologyTweetTransformationSPAM/petrel7163_kafkaconsumer.log
/usr/local/lib/python2.7/dist-packages/petrel-0.9.4.0.3-py2.7.egg/petrel/run.py invoked with the following arguments: ['kafkaconsumer', '/home/pipe/twitterintel/twitterintel/topology/TopologyTweetTransformationSPAM/petrel7163_kafkaconsumer.log']
python version: 2.7.11
user=root
PATH=/tmp/petrel-test-4-1462969332/venv/bin:/root/SimpleScalar/simplesim-3.0:/root/SimpleScalar/bin:/root/SimpleScalar/gcc-2.6.3:/root/SimpleScalar/bin:/usr/local/sbin:/usr/local/bin:/usr/sbin:/usr/bin:/sbin:/bin:/usr/games:/usr/local/games:/home/pipe/Downloads/zookeeper-3.4.8/bin:/home/pipe/Downloads/apache-storm-0.9.4/bin
LD_LIBRARY_PATH=storm-local/supervisor/stormdist/test-4-1462969332/resources/Linux-amd64:storm-local/supervisor/stormdist/test-4-1462969332/resources:/usr/local/lib:/opt/local/lib:/usr/lib
PYTHON_EGG_CACHE=/tmp/petrel-test-4-1462969332/egg_cache
[2016-05-11 16:31:07,191][storm][INFO]Tuple profiling enabled. Will log tuple processing times.
[2016-05-11 16:31:08,007][storm][INFO]Task received setupInfo from Storm: {u'pidDir': u'/home/pipe/storm-local/workers/782d20ee-d4bc-4cda-ab7e-3be59a0c5ba9/pids', u'conf': {u'oauth.acess_token': u' 702208758362087425-HZiyl1x7Bh98cQa1WLBDYylyu10Bpl7', u'topology.tuple.serializer': u'backtype.storm.serialization.types.ListDelegateSerializer', u'topology.workers': 1, u'drpc.worker.threads': 64, u'storm.messaging.netty.client_worker_threads': 1, u'supervisor.heartbeat.frequency.secs': 5, u'topology.executor.send.buffer.size': 1024, u'drpc.childopts': u'-Xmx768m', u'nimbus.thrift.port': 6627, u'storm.zookeeper.retry.intervalceiling.millis': 30000, u'storm.local.dir': u'storm-local', u'topology.receiver.buffer.size': 8, u'storm.zookeeper.servers': [u'localhost'], u'oauth.consumer_secret': u'ADf76fi3O1lKMzBxWnjqf93l3GHv28uar3bkblkvyBrAyoA23i', u'transactional.zookeeper.root': u'/transactional', u'drpc.request.timeout.secs': 600, u'topology.skip.missing.kryo.registrations': False, u'worker.heartbeat.frequency.secs': 1, u'zmq.hwm': 0, u'storm.zookeeper.connection.timeout': 15000, u'java.library.path': u'/usr/local/lib:/opt/local/lib:/usr/lib', u'topology.max.error.report.per.interval': 5, u'storm.messaging.netty.server_worker_threads': 1, u'storm.id': u'test-4-1462969332', u'supervisor.worker.start.timeout.secs': 120, u'zmq.threads': 1, u'topology.acker.executors': None, u'storm.messaging.netty.flush.check.interval.ms': 10, u'storm.messaging.netty.transfer.batch.size': 262144, u'topology.max.task.parallelism': None, u'topology.environment': None, u'storm.zookeeper.port': 2181, u'nimbus.childopts': u'-Xmx1024m', u'topology.classpath': None, u'worker.childopts': u'-Xmx768m', u'drpc.queue.size': 128, u'topology.multilang.serializer': u'backtype.storm.multilang.JsonSerializer', u'storm.zookeeper.retry.times': 5, u'nimbus.monitor.freq.secs': 10, u'storm.cluster.mode': u'distributed', u'dev.zookeeper.path': u'/tmp/dev-storm-zookeeper', u'drpc.invocations.port': 3773, u'topology.tasks': None, u'storm.zookeeper.root': u'/storm', u'logviewer.childopts': u'-Xmx128m', u'storm.meta.serialization.delegate': u'backtype.storm.serialization.DefaultSerializationDelegate', u'transactional.zookeeper.port': None, u'topology.worker.receiver.thread.count': 1, u'topology.worker.childopts': None, u'topology.max.spout.pending': None, u'topology.kryo.register': None, u'petrel.host': u'pipe-X550CC', u'nimbus.cleanup.inbox.freq.secs': 600, u'storm.messaging.netty.min_wait_ms': 100, u'nimbus.task.timeout.secs': 30, u'nimbus.thrift.max_buffer_size': 1048576, u'topology.sleep.spout.wait.strategy.time.ms': 1, u'nimbus.reassign': True, u'storm.messaging.transport': u'backtype.storm.messaging.netty.Context', u'logviewer.appender.name': u'A1', u'nimbus.host': u'localhost', u'ui.port': 8080, u'supervisor.slots.ports': [6700, 6701, 6702, 6703], u'nimbus.file.copy.expiration.secs': 600, u'supervisor.monitor.frequency.secs': 3, u'ui.childopts': u'-Xmx768m', u'transactional.zookeeper.servers': None, u'zmq.linger.millis': 5000, u'topology.error.throttle.interval.secs': 10, u'topology.worker.shared.thread.pool.size': 4, u'topology.executor.receive.buffer.size': 1024, u'topology.spout.wait.strategy': u'backtype.storm.spout.SleepSpoutWaitStrategy', u'task.heartbeat.frequency.secs': 3, u'topology.transfer.buffer.size': 1024, u'storm.zookeeper.session.timeout': 20000, u'storm.local.mode.zmq': False, u'topology.stats.sample.rate': 0.05, u'topology.fall.back.on.java.serialization': True, u'supervisor.childopts': u'-Xmx256m', u'topology.enable.message.timeouts': True, u'storm.messaging.netty.max_wait_ms': 1000, u'nimbus.topology.validator': u'backtype.storm.nimbus.DefaultTopologyValidator', u'nimbus.supervisor.timeout.secs': 60, u'topology.disruptor.wait.strategy': u'com.lmax.disruptor.BlockingWaitStrategy', u'storm.messaging.netty.buffer_size': 5242880, u'drpc.port': 3772, u'topology.kryo.factory': u'backtype.storm.serialization.DefaultKryoFactory', u'storm.zookeeper.retry.interval': 1000, u'storm.messaging.netty.max_retries': 300, u'topology.tick.tuple.freq.secs': 30, u'supervisor.enable': True, u'nimbus.task.launch.secs': 120, u'task.refresh.poll.secs': 10, u'topology.message.timeout.secs': 30, u'oauth.acess_token_secret': u'IiNOTfgE3tEZvW2HDQhRKPMoOLU43NXJCXk8maj51SdAT', u'petrel.user': u'root', u'nimbus.inbox.jar.expiration.secs': 3600, u'topology.state.synchronization.timeout.secs': 60, u'topology.name': u'test', u'supervisor.worker.timeout.secs': 30, u'topology.trident.batch.emit.interval.millis': 500, u'topology.builtin.metrics.bucket.size.secs': 60, u'storm.thrift.transport': u'backtype.storm.security.auth.SimpleTransportPlugin', u'logviewer.port': 8000, u'oauth.consumer_key': u'eaFmBSxUveRJfmyZYeabti9Q9', u'topology.kryo.decorators': [], u'topology.debug': False}, u'context': {u'task->component': {u'1': u'CountThreeWords', u'3': u'CountWord', u'2': u'CountTwoWords', u'5': u'ThreeWordDivider', u'4': u'KafkaConsumer', u'7': u'WordDivider', u'6': u'TwoWordDivider', u'8': u'__acker'}, u'taskid': 4}}
[2016-05-11 16:31:08,008][storm][INFO]Task sent pid to Storm
[2016-05-11 16:31:08,535][kafka.client][INFO]Broker version identifed as 0.9
[2016-05-11 16:31:08,537][kafka.consumer.subscription_state][INFO]Updating subscribed topics to: ['instanttopic']
[2016-05-11 16:31:08,577][kafka.cluster][INFO]Group coordinator for kafka-python-default-group is BrokerMetadata(nodeId=0, host=u'pipe-X550CC', port=9092)
[2016-05-11 16:31:09,568][kafka.coordinator][INFO]Joined group 'kafka-python-default-group' (generation 5) with member_id kafka-python-1.0.2-fade7ca9-c103-4a1f-9b44-02ec183c4d4d
[2016-05-11 16:31:09,569][kafka.coordinator][INFO]Elected group leader -- performing partition assignments using range
[2016-05-11 16:31:09,569][kafka.coordinator.assignors.range][WARNING]No partition metadata for topic goodtopic
[2016-05-11 16:31:09,723][kafka.coordinator][INFO]Joined group 'kafka-python-default-group' (generation 5) with member_id kafka-python-1.0.2-fade7ca9-c103-4a1f-9b44-02ec183c4d4d
[2016-05-11 16:31:09,723][kafka.coordinator][INFO]Elected group leader -- performing partition assignments using range
[2016-05-11 16:31:09,768][kafka.consumer.subscription_state][INFO]Updated partition assignment: [TopicPartition(topic=u'instanttopic', partition=0)]
[2016-05-11 16:31:12,967][kafka.coordinator][INFO]Heartbeat successful
[2016-05-11 16:31:16,109][kafka.coordinator][INFO]Heartbeat successful
[2016-05-11 16:31:19,209][kafka.coordinator][INFO]Heartbeat successful
[2016-05-11 16:31:21,772][kafka.coordinator][INFO]Heartbeat successful
[2016-05-11 16:31:24,935][kafka.coordinator][INFO]Heartbeat successful
[2016-05-11 16:31:28,292][kafka.coordinator][INFO]Heartbeat successful
[2016-05-11 16:31:31,193][kafka.coordinator][INFO]Heartbeat successful
[2016-05-11 16:31:34,105][kafka.coordinator][INFO]Heartbeat successful
[2016-05-11 16:31:36,825][kafka.coordinator][INFO]Heartbeat successful
[2016-05-11 16:31:39,900][kafka.coordinator][INFO]Heartbeat successful
[2016-05-11 16:31:42,924][kafka.coordinator][INFO]Heartbeat successful
[2016-05-11 16:31:46,150][kafka.coordinator][INFO]Heartbeat successful
[2016-05-11 16:31:48,885][kafka.coordinator][INFO]Heartbeat successful
[2016-05-11 16:31:52,088][kafka.coordinator][INFO]Heartbeat successful
[2016-05-11 16:31:55,348][kafka.coordinator][INFO]Heartbeat successful
[2016-05-11 16:31:57,980][kafka.coordinator][INFO]Heartbeat successful
[2016-05-11 16:32:01,057][kafka.coordinator][INFO]Heartbeat successful
[2016-05-11 16:32:03,950][kafka.coordinator][INFO]Heartbeat successful
[2016-05-11 16:32:07,090][kafka.coordinator][INFO]Heartbeat successful
[2016-05-11 16:32:10,176][kafka.coordinator][INFO]Heartbeat successful
[2016-05-11 16:32:13,391][kafka.coordinator][INFO]Heartbeat successful
[2016-05-11 16:32:16,133][kafka.coordinator][INFO]Heartbeat successful
[2016-05-11 16:32:19,230][kafka.coordinator][INFO]Heartbeat successful
[2016-05-11 16:32:22,247][kafka.coordinator][INFO]Heartbeat successful
[2016-05-11 16:32:25,276][kafka.coordinator][INFO]Heartbeat successful
[2016-05-11 16:32:27,802][kafka.coordinator][INFO]Heartbeat successful
[2016-05-11 16:32:30,902][kafka.coordinator][INFO]Heartbeat successful
[2016-05-11 16:32:34,028][kafka.coordinator][INFO]Heartbeat successful
[2016-05-11 16:32:37,111][kafka.coordinator][INFO]Heartbeat successful
[2016-05-11 16:32:40,265][kafka.coordinator][INFO]Heartbeat successful
[2016-05-11 16:32:42,978][kafka.coordinator][INFO]Heartbeat successful
[2016-05-11 16:32:46,078][kafka.coordinator][INFO]Heartbeat successful
[2016-05-11 16:32:49,209][kafka.coordinator][INFO]Heartbeat successful
[2016-05-11 16:32:51,798][kafka.coordinator][INFO]Heartbeat successful
[2016-05-11 16:32:55,010][kafka.coordinator][INFO]Heartbeat successful
[2016-05-11 16:32:58,122][kafka.coordinator][INFO]Heartbeat successful
[2016-05-11 16:33:01,268][kafka.coordinator][INFO]Heartbeat successful
[2016-05-11 16:33:03,825][kafka.coordinator][INFO]Heartbeat successful
[2016-05-11 16:33:06,878][kafka.coordinator][INFO]Heartbeat successful
[2016-05-11 16:33:09,990][kafka.coordinator][INFO]Heartbeat successful
[2016-05-11 16:33:13,208][kafka.coordinator][INFO]Heartbeat successful
[2016-05-11 16:33:15,929][kafka.coordinator][INFO]Heartbeat successful
[2016-05-11 16:33:19,039][kafka.coordinator][INFO]Heartbeat successful
[2016-05-11 16:33:22,285][kafka.coordinator][INFO]Heartbeat successful
[2016-05-11 16:33:25,149][kafka.coordinator][INFO]Heartbeat successful
[2016-05-11 16:33:27,907][kafka.coordinator][INFO]Heartbeat successful
[2016-05-11 16:33:31,045][kafka.coordinator][INFO]Heartbeat successful
[2016-05-11 16:33:33,865][kafka.coordinator][INFO]Heartbeat successful
[2016-05-11 16:33:37,059][kafka.coordinator][INFO]Heartbeat successful
[2016-05-11 16:33:39,816][kafka.coordinator][INFO]Heartbeat successful
[2016-05-11 16:33:42,928][kafka.coordinator][INFO]Heartbeat successful
[2016-05-11 16:33:46,287][kafka.coordinator][INFO]Heartbeat successful
[2016-05-11 16:33:49,189][kafka.coordinator][INFO]Heartbeat successful
[2016-05-11 16:33:52,241][kafka.coordinator][INFO]Heartbeat successful
[2016-05-11 16:33:54,956][kafka.coordinator][INFO]Heartbeat successful
[2016-05-11 16:33:57,973][kafka.coordinator][INFO]Heartbeat successful
[2016-05-11 16:34:01,110][kafka.coordinator][WARNING]Heartbeat: group is rebalancing; this consumer needs to re-join
[2016-05-11 16:34:01,110][kafka.coordinator][WARNING]Heartbeat failed; retrying
[2016-05-11 16:34:01,210][kafka.coordinator][INFO]Skipping heartbeat: no auto-assignment or waiting on rebalance
[2016-05-11 16:34:01,735][kafka.coordinator][INFO]Joined group 'kafka-python-default-group' (generation 6) with member_id kafka-python-1.0.2-fade7ca9-c103-4a1f-9b44-02ec183c4d4d
[2016-05-11 16:34:01,735][kafka.coordinator][INFO]Elected group leader -- performing partition assignments using range
[2016-05-11 16:34:01,777][kafka.consumer.subscription_state][INFO]Updated partition assignment: [TopicPartition(topic=u'instanttopic', partition=0)]
[2016-05-11 16:34:05,105][kafka.coordinator][INFO]Heartbeat successful
[2016-05-11 16:34:08,294][kafka.coordinator][INFO]Heartbeat successful
[2016-05-11 16:34:11,065][kafka.coordinator][INFO]Heartbeat successful
[2016-05-11 16:34:14,302][kafka.coordinator][INFO]Heartbeat successful
[2016-05-11 16:34:17,070][kafka.coordinator][INFO]Heartbeat successful
[2016-05-11 16:34:20,178][kafka.coordinator][INFO]Heartbeat successful
[2016-05-11 16:34:22,894][kafka.coordinator][INFO]Heartbeat successful
[2016-05-11 16:34:25,798][kafka.coordinator][INFO]Heartbeat successful
[2016-05-11 16:34:29,034][kafka.coordinator][INFO]Heartbeat successful
[2016-05-11 16:34:32,224][kafka.coordinator][INFO]Heartbeat successful
[2016-05-11 16:34:34,808][kafka.coordinator][INFO]Heartbeat successful
[2016-05-11 16:34:37,867][kafka.coordinator][INFO]Heartbeat successful
[2016-05-11 16:34:40,971][kafka.coordinator][INFO]Heartbeat successful
[2016-05-11 16:34:43,990][kafka.coordinator][INFO]Heartbeat successful
[2016-05-11 16:34:47,122][kafka.coordinator][INFO]Heartbeat successful
[2016-05-11 16:34:50,186][kafka.coordinator][INFO]Heartbeat successful
[2016-05-11 16:34:53,366][kafka.coordinator][INFO]Heartbeat successful
[2016-05-11 16:34:56,055][kafka.coordinator][INFO]Heartbeat successful
[2016-05-11 16:34:59,219][kafka.coordinator][INFO]Heartbeat successful
[2016-05-11 16:35:01,808][kafka.coordinator][INFO]Heartbeat successful
[2016-05-11 16:35:04,976][kafka.coordinator][INFO]Heartbeat successful
[2016-05-11 16:35:08,208][kafka.coordinator][INFO]Heartbeat successful
[2016-05-11 16:35:10,823][kafka.coordinator][INFO]Heartbeat successful
[2016-05-11 16:35:13,940][kafka.coordinator][INFO]Heartbeat successful
[2016-05-11 16:35:16,957][kafka.coordinator][INFO]Heartbeat successful
[2016-05-11 16:35:20,989][kafka.coordinator][INFO]Heartbeat successful
[2016-05-11 16:35:23,168][kafka.coordinator][INFO]Heartbeat successful
[2016-05-11 16:35:26,180][kafka.coordinator][INFO]Heartbeat successful
[2016-05-11 16:35:29,214][kafka.coordinator][INFO]Heartbeat successful
[2016-05-11 16:35:32,229][kafka.coordinator][INFO]Heartbeat successful
[2016-05-11 16:35:35,276][kafka.coordinator][INFO]Heartbeat successful
[2016-05-11 16:35:37,861][kafka.coordinator][INFO]Heartbeat successful
[2016-05-11 16:35:40,935][kafka.coordinator][INFO]Heartbeat successful
[2016-05-11 16:35:43,952][kafka.coordinator][INFO]Heartbeat successful
[2016-05-11 16:35:47,007][kafka.coordinator][INFO]Heartbeat successful
[2016-05-11 16:35:50,023][kafka.coordinator][INFO]Heartbeat successful
[2016-05-11 16:35:53,045][kafka.coordinator][INFO]Heartbeat successful
[2016-05-11 16:35:56,063][kafka.coordinator][INFO]Heartbeat successful
[2016-05-11 16:35:59,127][kafka.coordinator][INFO]Heartbeat successful
[2016-05-11 16:36:02,144][kafka.coordinator][INFO]Heartbeat successful
[2016-05-11 16:36:05,165][kafka.coordinator][INFO]Heartbeat successful
[2016-05-11 16:36:08,222][kafka.coordinator][INFO]Heartbeat successful
[2016-05-11 16:36:11,244][kafka.coordinator][INFO]Heartbeat successful
[2016-05-11 16:36:14,265][kafka.coordinator][INFO]Heartbeat successful
[2016-05-11 16:36:17,321][kafka.coordinator][INFO]Heartbeat successful
[2016-05-11 16:36:19,829][kafka.coordinator][INFO]Heartbeat successful
[2016-05-11 16:36:22,881][kafka.coordinator][INFO]Heartbeat successful
[2016-05-11 16:36:25,899][kafka.coordinator][INFO]Heartbeat successful
[2016-05-11 16:36:28,963][kafka.coordinator][INFO]Heartbeat successful
