Beginning task setup

/usr/bin/flock
Using existing venv: /tmp/petrel-test-4-1462969332/venv
Task setup took 0 seconds
Launching: python -m petrel.run kafkaconsumer /home/pipe/twitterintel/twitterintel/topology/TopologyTweetTransformationSPAM/petrel8556_kafkaconsumer.log
/usr/local/lib/python2.7/dist-packages/petrel-0.9.4.0.3-py2.7.egg/petrel/run.py invoked with the following arguments: ['kafkaconsumer', '/home/pipe/twitterintel/twitterintel/topology/TopologyTweetTransformationSPAM/petrel8556_kafkaconsumer.log']
python version: 2.7.11
user=root
PATH=/tmp/petrel-test-4-1462969332/venv/bin:/root/SimpleScalar/simplesim-3.0:/root/SimpleScalar/bin:/root/SimpleScalar/gcc-2.6.3:/root/SimpleScalar/bin:/usr/local/sbin:/usr/local/bin:/usr/sbin:/usr/bin:/sbin:/bin:/usr/games:/usr/local/games:/home/pipe/Downloads/zookeeper-3.4.8/bin:/home/pipe/Downloads/apache-storm-0.9.4/bin
LD_LIBRARY_PATH=storm-local/supervisor/stormdist/test-4-1462969332/resources/Linux-amd64:storm-local/supervisor/stormdist/test-4-1462969332/resources:/usr/local/lib:/opt/local/lib:/usr/lib
PYTHON_EGG_CACHE=/tmp/petrel-test-4-1462969332/egg_cache
[2016-05-11 16:37:00,529][storm][INFO]Tuple profiling enabled. Will log tuple processing times.
[2016-05-11 16:37:03,357][storm][INFO]Task received setupInfo from Storm: {u'pidDir': u'/home/pipe/storm-local/workers/7eb861df-f680-4085-a841-3d308d75326b/pids', u'conf': {u'oauth.acess_token': u' 702208758362087425-HZiyl1x7Bh98cQa1WLBDYylyu10Bpl7', u'topology.tuple.serializer': u'backtype.storm.serialization.types.ListDelegateSerializer', u'topology.workers': 1, u'drpc.worker.threads': 64, u'storm.messaging.netty.client_worker_threads': 1, u'supervisor.heartbeat.frequency.secs': 5, u'topology.executor.send.buffer.size': 1024, u'drpc.childopts': u'-Xmx768m', u'nimbus.thrift.port': 6627, u'storm.zookeeper.retry.intervalceiling.millis': 30000, u'storm.local.dir': u'storm-local', u'topology.receiver.buffer.size': 8, u'storm.zookeeper.servers': [u'localhost'], u'oauth.consumer_secret': u'ADf76fi3O1lKMzBxWnjqf93l3GHv28uar3bkblkvyBrAyoA23i', u'transactional.zookeeper.root': u'/transactional', u'drpc.request.timeout.secs': 600, u'topology.skip.missing.kryo.registrations': False, u'worker.heartbeat.frequency.secs': 1, u'zmq.hwm': 0, u'storm.zookeeper.connection.timeout': 15000, u'java.library.path': u'/usr/local/lib:/opt/local/lib:/usr/lib', u'topology.max.error.report.per.interval': 5, u'storm.messaging.netty.server_worker_threads': 1, u'storm.id': u'test-4-1462969332', u'supervisor.worker.start.timeout.secs': 120, u'zmq.threads': 1, u'topology.acker.executors': None, u'storm.messaging.netty.flush.check.interval.ms': 10, u'storm.messaging.netty.transfer.batch.size': 262144, u'topology.max.task.parallelism': None, u'topology.environment': None, u'storm.zookeeper.port': 2181, u'nimbus.childopts': u'-Xmx1024m', u'topology.classpath': None, u'worker.childopts': u'-Xmx768m', u'drpc.queue.size': 128, u'topology.multilang.serializer': u'backtype.storm.multilang.JsonSerializer', u'storm.zookeeper.retry.times': 5, u'nimbus.monitor.freq.secs': 10, u'storm.cluster.mode': u'distributed', u'dev.zookeeper.path': u'/tmp/dev-storm-zookeeper', u'drpc.invocations.port': 3773, u'topology.tasks': None, u'storm.zookeeper.root': u'/storm', u'logviewer.childopts': u'-Xmx128m', u'storm.meta.serialization.delegate': u'backtype.storm.serialization.DefaultSerializationDelegate', u'transactional.zookeeper.port': None, u'topology.worker.receiver.thread.count': 1, u'topology.worker.childopts': None, u'topology.max.spout.pending': None, u'topology.kryo.register': None, u'petrel.host': u'pipe-X550CC', u'nimbus.cleanup.inbox.freq.secs': 600, u'storm.messaging.netty.min_wait_ms': 100, u'nimbus.task.timeout.secs': 30, u'nimbus.thrift.max_buffer_size': 1048576, u'topology.sleep.spout.wait.strategy.time.ms': 1, u'nimbus.reassign': True, u'storm.messaging.transport': u'backtype.storm.messaging.netty.Context', u'logviewer.appender.name': u'A1', u'nimbus.host': u'localhost', u'ui.port': 8080, u'supervisor.slots.ports': [6700, 6701, 6702, 6703], u'nimbus.file.copy.expiration.secs': 600, u'supervisor.monitor.frequency.secs': 3, u'ui.childopts': u'-Xmx768m', u'transactional.zookeeper.servers': None, u'zmq.linger.millis': 5000, u'topology.error.throttle.interval.secs': 10, u'topology.worker.shared.thread.pool.size': 4, u'topology.executor.receive.buffer.size': 1024, u'topology.spout.wait.strategy': u'backtype.storm.spout.SleepSpoutWaitStrategy', u'task.heartbeat.frequency.secs': 3, u'topology.transfer.buffer.size': 1024, u'storm.zookeeper.session.timeout': 20000, u'storm.local.mode.zmq': False, u'topology.stats.sample.rate': 0.05, u'topology.fall.back.on.java.serialization': True, u'supervisor.childopts': u'-Xmx256m', u'topology.enable.message.timeouts': True, u'storm.messaging.netty.max_wait_ms': 1000, u'nimbus.topology.validator': u'backtype.storm.nimbus.DefaultTopologyValidator', u'nimbus.supervisor.timeout.secs': 60, u'topology.disruptor.wait.strategy': u'com.lmax.disruptor.BlockingWaitStrategy', u'storm.messaging.netty.buffer_size': 5242880, u'drpc.port': 3772, u'topology.kryo.factory': u'backtype.storm.serialization.DefaultKryoFactory', u'storm.zookeeper.retry.interval': 1000, u'storm.messaging.netty.max_retries': 300, u'topology.tick.tuple.freq.secs': 30, u'supervisor.enable': True, u'nimbus.task.launch.secs': 120, u'task.refresh.poll.secs': 10, u'topology.message.timeout.secs': 30, u'oauth.acess_token_secret': u'IiNOTfgE3tEZvW2HDQhRKPMoOLU43NXJCXk8maj51SdAT', u'petrel.user': u'root', u'nimbus.inbox.jar.expiration.secs': 3600, u'topology.state.synchronization.timeout.secs': 60, u'topology.name': u'test', u'supervisor.worker.timeout.secs': 30, u'topology.trident.batch.emit.interval.millis': 500, u'topology.builtin.metrics.bucket.size.secs': 60, u'storm.thrift.transport': u'backtype.storm.security.auth.SimpleTransportPlugin', u'logviewer.port': 8000, u'oauth.consumer_key': u'eaFmBSxUveRJfmyZYeabti9Q9', u'topology.kryo.decorators': [], u'topology.debug': False}, u'context': {u'task->component': {u'1': u'CountThreeWords', u'3': u'CountWord', u'2': u'CountTwoWords', u'5': u'ThreeWordDivider', u'4': u'KafkaConsumer', u'7': u'WordDivider', u'6': u'TwoWordDivider', u'8': u'__acker'}, u'taskid': 4}}
[2016-05-11 16:37:03,358][storm][INFO]Task sent pid to Storm
[2016-05-11 16:37:04,168][kafka.client][INFO]Broker version identifed as 0.9
[2016-05-11 16:37:04,170][kafka.consumer.subscription_state][INFO]Updating subscribed topics to: ['instanttopic']
[2016-05-11 16:37:04,248][kafka.cluster][INFO]Group coordinator for kafka-python-default-group is BrokerMetadata(nodeId=0, host=u'pipe-X550CC', port=9092)
[2016-05-11 16:37:06,416][kafka.coordinator][INFO]Joined group 'kafka-python-default-group' (generation 8) with member_id kafka-python-1.0.2-05f64b2b-859c-4044-987d-6c886b696983
[2016-05-11 16:37:06,637][kafka.consumer.subscription_state][INFO]Updated partition assignment: [TopicPartition(topic=u'instanttopic', partition=0)]
[2016-05-11 16:37:09,694][kafka.coordinator][INFO]Heartbeat successful
[2016-05-11 16:37:12,710][kafka.coordinator][INFO]Heartbeat successful
[2016-05-11 16:37:15,726][kafka.coordinator][INFO]Heartbeat successful
[2016-05-11 16:37:18,779][kafka.coordinator][INFO]Heartbeat successful
[2016-05-11 16:37:21,799][kafka.coordinator][INFO]Heartbeat successful
[2016-05-11 16:37:24,816][kafka.coordinator][INFO]Heartbeat successful
[2016-05-11 16:37:27,871][kafka.coordinator][INFO]Heartbeat successful
[2016-05-11 16:37:30,893][kafka.coordinator][INFO]Heartbeat successful
[2016-05-11 16:37:33,911][kafka.coordinator][INFO]Heartbeat successful
[2016-05-11 16:37:36,932][kafka.coordinator][INFO]Heartbeat successful
[2016-05-11 16:37:39,992][kafka.coordinator][INFO]Heartbeat successful
[2016-05-11 16:37:43,005][kafka.coordinator][INFO]Heartbeat successful
[2016-05-11 16:37:46,018][kafka.coordinator][INFO]Heartbeat successful
[2016-05-11 16:37:49,076][kafka.coordinator][INFO]Heartbeat successful
[2016-05-11 16:37:52,093][kafka.coordinator][INFO]Heartbeat successful
[2016-05-11 16:37:55,108][kafka.coordinator][INFO]Heartbeat successful
[2016-05-11 16:37:57,663][kafka.coordinator][INFO]Heartbeat successful
[2016-05-11 16:38:00,721][kafka.coordinator][INFO]Heartbeat successful
[2016-05-11 16:38:03,739][kafka.coordinator][INFO]Heartbeat successful
[2016-05-11 16:38:06,755][kafka.coordinator][INFO]Heartbeat successful
[2016-05-11 16:38:09,811][kafka.coordinator][INFO]Heartbeat successful
[2016-05-11 16:38:12,890][kafka.coordinator][INFO]Heartbeat successful
[2016-05-11 16:38:15,911][kafka.coordinator][INFO]Heartbeat successful
[2016-05-11 16:38:18,931][kafka.coordinator][INFO]Heartbeat successful
[2016-05-11 16:38:21,953][kafka.coordinator][INFO]Heartbeat successful
[2016-05-11 16:38:25,010][kafka.coordinator][INFO]Heartbeat successful
[2016-05-11 16:38:28,029][kafka.coordinator][INFO]Heartbeat successful
[2016-05-11 16:38:31,046][kafka.coordinator][INFO]Heartbeat successful
[2016-05-11 16:38:34,107][kafka.coordinator][INFO]Heartbeat successful
[2016-05-11 16:38:37,126][kafka.coordinator][INFO]Heartbeat successful
[2016-05-11 16:38:40,146][kafka.coordinator][INFO]Heartbeat successful
[2016-05-11 16:38:42,661][kafka.coordinator][INFO]Heartbeat successful
[2016-05-11 16:38:45,717][kafka.coordinator][INFO]Heartbeat successful
[2016-05-11 16:38:48,738][kafka.coordinator][INFO]Heartbeat successful
[2016-05-11 16:38:51,754][kafka.coordinator][INFO]Heartbeat successful
[2016-05-11 16:38:54,812][kafka.coordinator][INFO]Heartbeat successful
[2016-05-11 16:38:57,832][kafka.coordinator][INFO]Heartbeat successful
[2016-05-11 16:39:00,854][kafka.coordinator][INFO]Heartbeat successful
[2016-05-11 16:39:03,913][kafka.coordinator][INFO]Heartbeat successful
[2016-05-11 16:39:07,161][kafka.coordinator][INFO]Heartbeat successful
[2016-05-11 16:39:09,776][kafka.coordinator][INFO]Heartbeat successful
[2016-05-11 16:39:12,800][kafka.coordinator][INFO]Heartbeat successful
[2016-05-11 16:39:15,824][kafka.coordinator][INFO]Heartbeat successful
[2016-05-11 16:39:18,878][kafka.coordinator][INFO]Heartbeat successful
[2016-05-11 16:39:21,893][kafka.coordinator][INFO]Heartbeat successful
[2016-05-11 16:39:24,915][kafka.coordinator][INFO]Heartbeat successful
[2016-05-11 16:39:27,933][kafka.coordinator][INFO]Heartbeat successful
[2016-05-11 16:39:30,990][kafka.coordinator][INFO]Heartbeat successful
[2016-05-11 16:39:34,009][kafka.coordinator][INFO]Heartbeat successful
[2016-05-11 16:39:37,025][kafka.coordinator][INFO]Heartbeat successful
[2016-05-11 16:39:40,078][kafka.coordinator][INFO]Heartbeat successful
[2016-05-11 16:39:43,092][kafka.coordinator][INFO]Heartbeat successful
[2016-05-11 16:39:46,109][kafka.coordinator][INFO]Heartbeat successful
[2016-05-11 16:39:49,162][kafka.coordinator][INFO]Heartbeat successful
[2016-05-11 16:39:51,673][kafka.coordinator][INFO]Heartbeat successful
[2016-05-11 16:39:54,742][kafka.coordinator][INFO]Heartbeat successful
[2016-05-11 16:39:57,760][kafka.coordinator][WARNING]Heartbeat: group is rebalancing; this consumer needs to re-join
[2016-05-11 16:39:57,760][kafka.coordinator][WARNING]Heartbeat failed; retrying
[2016-05-11 16:39:57,861][kafka.coordinator][INFO]Skipping heartbeat: no auto-assignment or waiting on rebalance
[2016-05-11 16:39:58,270][kafka.coordinator][INFO]Joined group 'kafka-python-default-group' (generation 9) with member_id kafka-python-1.0.2-05f64b2b-859c-4044-987d-6c886b696983
[2016-05-11 16:39:58,271][kafka.coordinator][INFO]Elected group leader -- performing partition assignments using range
[2016-05-11 16:39:58,271][kafka.coordinator.assignors.range][WARNING]No partition metadata for topic goodtopic
[2016-05-11 16:39:58,454][kafka.coordinator][INFO]Joined group 'kafka-python-default-group' (generation 9) with member_id kafka-python-1.0.2-05f64b2b-859c-4044-987d-6c886b696983
[2016-05-11 16:39:58,454][kafka.coordinator][INFO]Elected group leader -- performing partition assignments using range
[2016-05-11 16:39:58,495][kafka.consumer.subscription_state][INFO]Updated partition assignment: [TopicPartition(topic=u'instanttopic', partition=0)]
[2016-05-11 16:40:01,589][kafka.coordinator][INFO]Heartbeat successful
[2016-05-11 16:40:04,605][kafka.coordinator][INFO]Heartbeat successful
[2016-05-11 16:40:07,617][kafka.coordinator][INFO]Heartbeat successful
[2016-05-11 16:40:10,673][kafka.coordinator][INFO]Heartbeat successful
[2016-05-11 16:40:13,719][kafka.coordinator][INFO]Heartbeat successful
[2016-05-11 16:40:16,738][kafka.coordinator][INFO]Heartbeat successful
[2016-05-11 16:40:19,829][kafka.coordinator][INFO]Heartbeat successful
[2016-05-11 16:40:22,912][kafka.coordinator][INFO]Heartbeat successful
[2016-05-11 16:40:25,924][kafka.coordinator][INFO]Heartbeat successful
[2016-05-11 16:40:28,940][kafka.coordinator][INFO]Heartbeat successful
[2016-05-11 16:40:31,996][kafka.coordinator][INFO]Heartbeat successful
[2016-05-11 16:40:34,511][kafka.coordinator][INFO]Heartbeat successful
[2016-05-11 16:40:37,568][kafka.coordinator][INFO]Heartbeat successful
[2016-05-11 16:40:40,582][kafka.coordinator][INFO]Heartbeat successful
[2016-05-11 16:40:43,593][kafka.coordinator][INFO]Heartbeat successful
[2016-05-11 16:40:46,894][kafka.coordinator][INFO]Heartbeat successful
[2016-05-11 16:40:49,950][kafka.coordinator][INFO]Heartbeat successful
[2016-05-11 16:40:52,970][kafka.coordinator][INFO]Heartbeat successful
[2016-05-11 16:40:55,522][kafka.coordinator][INFO]Heartbeat successful
[2016-05-11 16:40:58,575][kafka.coordinator][INFO]Heartbeat successful
[2016-05-11 16:41:01,606][kafka.coordinator][INFO]Heartbeat successful
[2016-05-11 16:41:04,640][kafka.coordinator][INFO]Heartbeat successful
[2016-05-11 16:41:07,718][kafka.coordinator][INFO]Heartbeat successful
[2016-05-11 16:41:10,800][kafka.coordinator][INFO]Heartbeat successful
[2016-05-11 16:41:13,840][kafka.coordinator][INFO]Heartbeat successful
[2016-05-11 16:41:16,976][kafka.coordinator][INFO]Heartbeat successful
[2016-05-11 16:41:19,993][kafka.coordinator][INFO]Heartbeat successful
[2016-05-11 16:41:23,013][kafka.coordinator][INFO]Heartbeat successful
[2016-05-11 16:41:25,568][kafka.coordinator][INFO]Heartbeat successful
[2016-05-11 16:41:28,585][kafka.coordinator][INFO]Heartbeat successful
[2016-05-11 16:41:31,605][kafka.coordinator][INFO]Heartbeat successful
[2016-05-11 16:41:34,626][kafka.coordinator][INFO]Heartbeat successful
[2016-05-11 16:41:37,678][kafka.coordinator][INFO]Heartbeat successful
[2016-05-11 16:41:40,697][kafka.coordinator][INFO]Heartbeat successful
[2016-05-11 16:41:43,713][kafka.coordinator][INFO]Heartbeat successful
[2016-05-11 16:41:46,764][kafka.coordinator][INFO]Heartbeat successful
[2016-05-11 16:41:49,912][kafka.coordinator][INFO]Heartbeat successful
[2016-05-11 16:41:52,932][kafka.coordinator][INFO]Heartbeat successful
[2016-05-11 16:41:55,990][kafka.coordinator][INFO]Heartbeat successful
[2016-05-11 16:41:59,008][kafka.coordinator][INFO]Heartbeat successful
[2016-05-11 16:42:01,522][kafka.coordinator][INFO]Heartbeat successful
[2016-05-11 16:42:04,573][kafka.coordinator][INFO]Heartbeat successful
[2016-05-11 16:42:07,586][kafka.coordinator][INFO]Heartbeat successful
[2016-05-11 16:42:10,600][kafka.coordinator][INFO]Heartbeat successful
[2016-05-11 16:42:13,658][kafka.coordinator][INFO]Heartbeat successful
[2016-05-11 16:42:16,679][kafka.coordinator][INFO]Heartbeat successful
[2016-05-11 16:42:19,699][kafka.coordinator][INFO]Heartbeat successful
[2016-05-11 16:42:22,754][kafka.coordinator][INFO]Heartbeat successful
[2016-05-11 16:42:25,774][kafka.coordinator][INFO]Heartbeat successful
