Beginning task setup

/usr/bin/flock
Using existing venv: /tmp/petrel-test-4-1462969332/venv
Task setup took 2 seconds
Launching: python -m petrel.run kafkaconsumer /home/pipe/twitterintel/twitterintel/topology/TopologyTweetTransformationSPAM/petrel13768_kafkaconsumer.log
/usr/local/lib/python2.7/dist-packages/petrel-0.9.4.0.3-py2.7.egg/petrel/run.py invoked with the following arguments: ['kafkaconsumer', '/home/pipe/twitterintel/twitterintel/topology/TopologyTweetTransformationSPAM/petrel13768_kafkaconsumer.log']
python version: 2.7.11
user=root
PATH=/tmp/petrel-test-4-1462969332/venv/bin:/root/SimpleScalar/simplesim-3.0:/root/SimpleScalar/bin:/root/SimpleScalar/gcc-2.6.3:/root/SimpleScalar/bin:/usr/local/sbin:/usr/local/bin:/usr/sbin:/usr/bin:/sbin:/bin:/usr/games:/usr/local/games:/home/pipe/Downloads/zookeeper-3.4.8/bin:/home/pipe/Downloads/apache-storm-0.9.4/bin
LD_LIBRARY_PATH=storm-local/supervisor/stormdist/test-4-1462969332/resources/Linux-amd64:storm-local/supervisor/stormdist/test-4-1462969332/resources:/usr/local/lib:/opt/local/lib:/usr/lib
PYTHON_EGG_CACHE=/tmp/petrel-test-4-1462969332/egg_cache
[2016-05-11 17:00:38,610][storm][INFO]Tuple profiling enabled. Will log tuple processing times.
[2016-05-11 17:00:38,732][storm][INFO]Task received setupInfo from Storm: {u'pidDir': u'/home/pipe/storm-local/workers/1f0953bd-c1a1-45ce-9fc5-81de22cdb4dd/pids', u'conf': {u'oauth.acess_token': u' 702208758362087425-HZiyl1x7Bh98cQa1WLBDYylyu10Bpl7', u'topology.tuple.serializer': u'backtype.storm.serialization.types.ListDelegateSerializer', u'topology.workers': 1, u'drpc.worker.threads': 64, u'storm.messaging.netty.client_worker_threads': 1, u'supervisor.heartbeat.frequency.secs': 5, u'topology.executor.send.buffer.size': 1024, u'drpc.childopts': u'-Xmx768m', u'nimbus.thrift.port': 6627, u'storm.zookeeper.retry.intervalceiling.millis': 30000, u'storm.local.dir': u'storm-local', u'topology.receiver.buffer.size': 8, u'storm.zookeeper.servers': [u'localhost'], u'oauth.consumer_secret': u'ADf76fi3O1lKMzBxWnjqf93l3GHv28uar3bkblkvyBrAyoA23i', u'transactional.zookeeper.root': u'/transactional', u'drpc.request.timeout.secs': 600, u'topology.skip.missing.kryo.registrations': False, u'worker.heartbeat.frequency.secs': 1, u'zmq.hwm': 0, u'storm.zookeeper.connection.timeout': 15000, u'java.library.path': u'/usr/local/lib:/opt/local/lib:/usr/lib', u'topology.max.error.report.per.interval': 5, u'storm.messaging.netty.server_worker_threads': 1, u'storm.id': u'test-4-1462969332', u'supervisor.worker.start.timeout.secs': 120, u'zmq.threads': 1, u'topology.acker.executors': None, u'storm.messaging.netty.flush.check.interval.ms': 10, u'storm.messaging.netty.transfer.batch.size': 262144, u'topology.max.task.parallelism': None, u'topology.environment': None, u'storm.zookeeper.port': 2181, u'nimbus.childopts': u'-Xmx1024m', u'topology.classpath': None, u'worker.childopts': u'-Xmx768m', u'drpc.queue.size': 128, u'topology.multilang.serializer': u'backtype.storm.multilang.JsonSerializer', u'storm.zookeeper.retry.times': 5, u'nimbus.monitor.freq.secs': 10, u'storm.cluster.mode': u'distributed', u'dev.zookeeper.path': u'/tmp/dev-storm-zookeeper', u'drpc.invocations.port': 3773, u'topology.tasks': None, u'storm.zookeeper.root': u'/storm', u'logviewer.childopts': u'-Xmx128m', u'storm.meta.serialization.delegate': u'backtype.storm.serialization.DefaultSerializationDelegate', u'transactional.zookeeper.port': None, u'topology.worker.receiver.thread.count': 1, u'topology.worker.childopts': None, u'topology.max.spout.pending': None, u'topology.kryo.register': None, u'petrel.host': u'pipe-X550CC', u'nimbus.cleanup.inbox.freq.secs': 600, u'storm.messaging.netty.min_wait_ms': 100, u'nimbus.task.timeout.secs': 30, u'nimbus.thrift.max_buffer_size': 1048576, u'topology.sleep.spout.wait.strategy.time.ms': 1, u'nimbus.reassign': True, u'storm.messaging.transport': u'backtype.storm.messaging.netty.Context', u'logviewer.appender.name': u'A1', u'nimbus.host': u'localhost', u'ui.port': 8080, u'supervisor.slots.ports': [6700, 6701, 6702, 6703], u'nimbus.file.copy.expiration.secs': 600, u'supervisor.monitor.frequency.secs': 3, u'ui.childopts': u'-Xmx768m', u'transactional.zookeeper.servers': None, u'zmq.linger.millis': 5000, u'topology.error.throttle.interval.secs': 10, u'topology.worker.shared.thread.pool.size': 4, u'topology.executor.receive.buffer.size': 1024, u'topology.spout.wait.strategy': u'backtype.storm.spout.SleepSpoutWaitStrategy', u'task.heartbeat.frequency.secs': 3, u'topology.transfer.buffer.size': 1024, u'storm.zookeeper.session.timeout': 20000, u'storm.local.mode.zmq': False, u'topology.stats.sample.rate': 0.05, u'topology.fall.back.on.java.serialization': True, u'supervisor.childopts': u'-Xmx256m', u'topology.enable.message.timeouts': True, u'storm.messaging.netty.max_wait_ms': 1000, u'nimbus.topology.validator': u'backtype.storm.nimbus.DefaultTopologyValidator', u'nimbus.supervisor.timeout.secs': 60, u'topology.disruptor.wait.strategy': u'com.lmax.disruptor.BlockingWaitStrategy', u'storm.messaging.netty.buffer_size': 5242880, u'drpc.port': 3772, u'topology.kryo.factory': u'backtype.storm.serialization.DefaultKryoFactory', u'storm.zookeeper.retry.interval': 1000, u'storm.messaging.netty.max_retries': 300, u'topology.tick.tuple.freq.secs': 30, u'supervisor.enable': True, u'nimbus.task.launch.secs': 120, u'task.refresh.poll.secs': 10, u'topology.message.timeout.secs': 30, u'oauth.acess_token_secret': u'IiNOTfgE3tEZvW2HDQhRKPMoOLU43NXJCXk8maj51SdAT', u'petrel.user': u'root', u'nimbus.inbox.jar.expiration.secs': 3600, u'topology.state.synchronization.timeout.secs': 60, u'topology.name': u'test', u'supervisor.worker.timeout.secs': 30, u'topology.trident.batch.emit.interval.millis': 500, u'topology.builtin.metrics.bucket.size.secs': 60, u'storm.thrift.transport': u'backtype.storm.security.auth.SimpleTransportPlugin', u'logviewer.port': 8000, u'oauth.consumer_key': u'eaFmBSxUveRJfmyZYeabti9Q9', u'topology.kryo.decorators': [], u'topology.debug': False}, u'context': {u'task->component': {u'1': u'CountThreeWords', u'3': u'CountWord', u'2': u'CountTwoWords', u'5': u'ThreeWordDivider', u'4': u'KafkaConsumer', u'7': u'WordDivider', u'6': u'TwoWordDivider', u'8': u'__acker'}, u'taskid': 4}}
[2016-05-11 17:00:38,736][storm][INFO]Task sent pid to Storm
[2016-05-11 17:00:38,885][kafka.client][INFO]Broker version identifed as 0.9
[2016-05-11 17:00:38,886][kafka.consumer.subscription_state][INFO]Updating subscribed topics to: ['instanttopic']
[2016-05-11 17:00:38,964][kafka.cluster][INFO]Group coordinator for kafka-python-default-group is BrokerMetadata(nodeId=0, host=u'pipe-X550CC', port=9092)
[2016-05-11 17:00:41,080][kafka.coordinator][INFO]Joined group 'kafka-python-default-group' (generation 18) with member_id kafka-python-1.0.2-0b6f799d-2e59-41b3-8974-a0a9363b908b
[2016-05-11 17:00:41,301][kafka.consumer.subscription_state][INFO]Updated partition assignment: [TopicPartition(topic=u'instanttopic', partition=0)]
[2016-05-11 17:00:44,359][kafka.coordinator][INFO]Heartbeat successful
[2016-05-11 17:00:47,381][kafka.coordinator][INFO]Heartbeat successful
[2016-05-11 17:00:50,402][kafka.coordinator][INFO]Heartbeat successful
[2016-05-11 17:00:53,464][kafka.coordinator][INFO]Heartbeat successful
[2016-05-11 17:00:56,480][kafka.coordinator][INFO]Heartbeat successful
[2016-05-11 17:00:59,501][kafka.coordinator][INFO]Heartbeat successful
[2016-05-11 17:01:02,558][kafka.coordinator][INFO]Heartbeat successful
[2016-05-11 17:01:05,577][kafka.coordinator][INFO]Heartbeat successful
[2016-05-11 17:01:08,598][kafka.coordinator][INFO]Heartbeat successful
[2016-05-11 17:01:11,621][kafka.coordinator][INFO]Heartbeat successful
[2016-05-11 17:01:14,673][kafka.coordinator][INFO]Heartbeat successful
[2016-05-11 17:01:17,689][kafka.coordinator][INFO]Heartbeat successful
[2016-05-11 17:01:20,707][kafka.coordinator][INFO]Heartbeat successful
[2016-05-11 17:01:23,766][kafka.coordinator][INFO]Heartbeat successful
[2016-05-11 17:01:26,783][kafka.coordinator][INFO]Heartbeat successful
[2016-05-11 17:01:29,803][kafka.coordinator][INFO]Heartbeat successful
[2016-05-11 17:01:32,358][kafka.coordinator][INFO]Heartbeat successful
[2016-05-11 17:01:35,379][kafka.coordinator][INFO]Heartbeat successful
[2016-05-11 17:01:38,398][kafka.coordinator][INFO]Heartbeat successful
[2016-05-11 17:01:41,414][kafka.coordinator][INFO]Heartbeat successful
[2016-05-11 17:01:44,468][kafka.coordinator][INFO]Heartbeat successful
[2016-05-11 17:01:47,484][kafka.coordinator][INFO]Heartbeat successful
[2016-05-11 17:01:50,504][kafka.coordinator][INFO]Heartbeat successful
[2016-05-11 17:01:53,563][kafka.coordinator][INFO]Heartbeat successful
[2016-05-11 17:01:56,578][kafka.coordinator][INFO]Heartbeat successful
[2016-05-11 17:01:59,602][kafka.coordinator][INFO]Heartbeat successful
[2016-05-11 17:02:02,662][kafka.coordinator][INFO]Heartbeat successful
[2016-05-11 17:02:05,681][kafka.coordinator][INFO]Heartbeat successful
[2016-05-11 17:02:08,704][kafka.coordinator][INFO]Heartbeat successful
[2016-05-11 17:02:11,722][kafka.coordinator][INFO]Heartbeat successful
[2016-05-11 17:02:14,778][kafka.coordinator][INFO]Heartbeat successful
[2016-05-11 17:02:17,793][kafka.coordinator][INFO]Heartbeat successful
[2016-05-11 17:02:20,809][kafka.coordinator][INFO]Heartbeat successful
[2016-05-11 17:02:23,361][kafka.coordinator][INFO]Heartbeat successful
[2016-05-11 17:02:26,378][kafka.coordinator][INFO]Heartbeat successful
[2016-05-11 17:02:29,398][kafka.coordinator][INFO]Heartbeat successful
[2016-05-11 17:02:32,417][kafka.coordinator][INFO]Heartbeat successful
[2016-05-11 17:02:35,471][kafka.coordinator][INFO]Heartbeat successful
[2016-05-11 17:02:38,492][kafka.coordinator][INFO]Heartbeat successful
[2016-05-11 17:02:41,512][kafka.coordinator][INFO]Heartbeat successful
[2016-05-11 17:02:44,573][kafka.coordinator][INFO]Heartbeat successful
[2016-05-11 17:02:47,592][kafka.coordinator][INFO]Heartbeat successful
[2016-05-11 17:02:50,611][kafka.coordinator][INFO]Heartbeat successful
[2016-05-11 17:02:53,664][kafka.coordinator][INFO]Heartbeat successful
[2016-05-11 17:02:56,677][kafka.coordinator][INFO]Heartbeat successful
[2016-05-11 17:02:59,692][kafka.coordinator][INFO]Heartbeat successful
[2016-05-11 17:03:02,705][kafka.coordinator][INFO]Heartbeat successful
[2016-05-11 17:03:05,757][kafka.coordinator][INFO]Heartbeat successful
[2016-05-11 17:03:08,775][kafka.coordinator][INFO]Heartbeat successful
[2016-05-11 17:03:11,788][kafka.coordinator][INFO]Heartbeat successful
[2016-05-11 17:03:14,341][kafka.coordinator][INFO]Heartbeat successful
[2016-05-11 17:03:17,393][kafka.coordinator][INFO]Heartbeat successful
[2016-05-11 17:03:20,411][kafka.coordinator][INFO]Heartbeat successful
[2016-05-11 17:03:23,466][kafka.coordinator][INFO]Heartbeat successful
[2016-05-11 17:03:26,479][kafka.coordinator][INFO]Heartbeat successful
[2016-05-11 17:03:29,503][kafka.coordinator][INFO]Heartbeat successful
[2016-05-11 17:03:32,517][kafka.coordinator][WARNING]Heartbeat: group is rebalancing; this consumer needs to re-join
[2016-05-11 17:03:32,517][kafka.coordinator][WARNING]Heartbeat failed; retrying
[2016-05-11 17:03:32,618][kafka.coordinator][INFO]Skipping heartbeat: no auto-assignment or waiting on rebalance
[2016-05-11 17:03:33,022][kafka.coordinator][INFO]Joined group 'kafka-python-default-group' (generation 19) with member_id kafka-python-1.0.2-0b6f799d-2e59-41b3-8974-a0a9363b908b
[2016-05-11 17:03:33,022][kafka.coordinator][INFO]Elected group leader -- performing partition assignments using range
[2016-05-11 17:03:33,062][kafka.consumer.subscription_state][INFO]Updated partition assignment: [TopicPartition(topic=u'instanttopic', partition=0)]
[2016-05-11 17:03:36,155][kafka.coordinator][INFO]Heartbeat successful
[2016-05-11 17:03:39,173][kafka.coordinator][INFO]Heartbeat successful
[2016-05-11 17:03:42,189][kafka.coordinator][INFO]Heartbeat successful
[2016-05-11 17:03:45,242][kafka.coordinator][WARNING]Heartbeat: group is rebalancing; this consumer needs to re-join
[2016-05-11 17:03:45,242][kafka.coordinator][WARNING]Heartbeat failed; retrying
[2016-05-11 17:03:45,343][kafka.coordinator][INFO]Skipping heartbeat: no auto-assignment or waiting on rebalance
[2016-05-11 17:03:45,750][kafka.coordinator][INFO]Joined group 'kafka-python-default-group' (generation 20) with member_id kafka-python-1.0.2-0b6f799d-2e59-41b3-8974-a0a9363b908b
[2016-05-11 17:03:45,750][kafka.coordinator][INFO]Elected group leader -- performing partition assignments using range
[2016-05-11 17:03:45,750][kafka.coordinator.assignors.range][WARNING]No partition metadata for topic goodtopic
[2016-05-11 17:03:45,930][kafka.coordinator][INFO]Joined group 'kafka-python-default-group' (generation 20) with member_id kafka-python-1.0.2-0b6f799d-2e59-41b3-8974-a0a9363b908b
[2016-05-11 17:03:45,931][kafka.coordinator][INFO]Elected group leader -- performing partition assignments using range
[2016-05-11 17:03:45,975][kafka.consumer.subscription_state][INFO]Updated partition assignment: [TopicPartition(topic=u'instanttopic', partition=0)]
[2016-05-11 17:03:49,067][kafka.coordinator][INFO]Heartbeat successful
[2016-05-11 17:03:52,076][kafka.coordinator][INFO]Heartbeat successful
[2016-05-11 17:03:55,091][kafka.coordinator][INFO]Heartbeat successful
[2016-05-11 17:03:58,149][kafka.coordinator][INFO]Heartbeat successful
[2016-05-11 17:04:01,166][kafka.coordinator][INFO]Heartbeat successful
[2016-05-11 17:04:04,180][kafka.coordinator][INFO]Heartbeat successful
[2016-05-11 17:04:07,233][kafka.coordinator][INFO]Heartbeat successful
[2016-05-11 17:04:10,252][kafka.coordinator][INFO]Heartbeat successful
[2016-05-11 17:04:13,272][kafka.coordinator][INFO]Heartbeat successful
[2016-05-11 17:04:16,285][kafka.coordinator][INFO]Heartbeat successful
[2016-05-11 17:04:19,338][kafka.coordinator][INFO]Heartbeat successful
[2016-05-11 17:04:22,412][kafka.coordinator][INFO]Heartbeat successful
[2016-05-11 17:04:25,428][kafka.coordinator][INFO]Heartbeat successful
[2016-05-11 17:04:28,485][kafka.coordinator][INFO]Heartbeat successful
[2016-05-11 17:04:31,002][kafka.coordinator][INFO]Heartbeat successful
[2016-05-11 17:04:34,056][kafka.coordinator][INFO]Heartbeat successful
[2016-05-11 17:04:37,111][kafka.coordinator][INFO]Heartbeat successful
[2016-05-11 17:04:40,123][kafka.coordinator][INFO]Heartbeat successful
[2016-05-11 17:04:43,138][kafka.coordinator][INFO]Heartbeat successful
[2016-05-11 17:04:46,152][kafka.coordinator][INFO]Heartbeat successful
[2016-05-11 17:04:49,207][kafka.coordinator][INFO]Heartbeat successful
[2016-05-11 17:04:52,220][kafka.coordinator][INFO]Heartbeat successful
[2016-05-11 17:04:55,236][kafka.coordinator][INFO]Heartbeat successful
[2016-05-11 17:04:58,297][kafka.coordinator][INFO]Heartbeat successful
[2016-05-11 17:05:01,320][kafka.coordinator][INFO]Heartbeat successful
[2016-05-11 17:05:04,343][kafka.coordinator][INFO]Heartbeat successful
[2016-05-11 17:05:07,399][kafka.coordinator][INFO]Heartbeat successful
[2016-05-11 17:05:10,455][kafka.coordinator][INFO]Heartbeat successful
[2016-05-11 17:05:13,962][kafka.coordinator][INFO]Heartbeat successful
[2016-05-11 17:05:16,476][kafka.coordinator][INFO]Heartbeat successful
[2016-05-11 17:05:19,000][kafka.coordinator][INFO]Heartbeat successful
[2016-05-11 17:05:22,065][kafka.coordinator][INFO]Heartbeat successful
[2016-05-11 17:05:25,084][kafka.coordinator][INFO]Heartbeat successful
[2016-05-11 17:05:28,101][kafka.coordinator][INFO]Heartbeat successful
[2016-05-11 17:05:31,159][kafka.coordinator][INFO]Heartbeat successful
[2016-05-11 17:05:34,180][kafka.coordinator][INFO]Heartbeat successful
[2016-05-11 17:05:37,199][kafka.coordinator][INFO]Heartbeat successful
[2016-05-11 17:05:40,254][kafka.coordinator][INFO]Heartbeat successful
[2016-05-11 17:05:43,498][kafka.coordinator][INFO]Heartbeat successful
[2016-05-11 17:05:46,225][kafka.coordinator][INFO]Heartbeat successful
[2016-05-11 17:05:49,010][kafka.coordinator][INFO]Heartbeat successful
[2016-05-11 17:05:52,065][kafka.coordinator][INFO]Heartbeat successful
[2016-05-11 17:05:55,080][kafka.coordinator][INFO]Heartbeat successful
[2016-05-11 17:05:58,136][kafka.coordinator][INFO]Heartbeat successful
[2016-05-11 17:06:01,155][kafka.coordinator][INFO]Heartbeat successful
