Beginning task setup

/usr/bin/flock
Using existing venv: /tmp/petrel-test-4-1462969332/venv
Task setup took 0 seconds
Launching: python -m petrel.run kafkaconsumer /home/pipe/twitterintel/twitterintel/topology/TopologyTweetTransformationSPAM/petrel5646_kafkaconsumer.log
/usr/local/lib/python2.7/dist-packages/petrel-0.9.4.0.3-py2.7.egg/petrel/run.py invoked with the following arguments: ['kafkaconsumer', '/home/pipe/twitterintel/twitterintel/topology/TopologyTweetTransformationSPAM/petrel5646_kafkaconsumer.log']
python version: 2.7.11
user=root
PATH=/tmp/petrel-test-4-1462969332/venv/bin:/root/SimpleScalar/simplesim-3.0:/root/SimpleScalar/bin:/root/SimpleScalar/gcc-2.6.3:/root/SimpleScalar/bin:/usr/local/sbin:/usr/local/bin:/usr/sbin:/usr/bin:/sbin:/bin:/usr/games:/usr/local/games:/home/pipe/Downloads/zookeeper-3.4.8/bin:/home/pipe/Downloads/apache-storm-0.9.4/bin
LD_LIBRARY_PATH=storm-local/supervisor/stormdist/test-4-1462969332/resources/Linux-amd64:storm-local/supervisor/stormdist/test-4-1462969332/resources:/usr/local/lib:/opt/local/lib:/usr/lib
PYTHON_EGG_CACHE=/tmp/petrel-test-4-1462969332/egg_cache
[2016-05-11 16:25:15,555][storm][INFO]Tuple profiling enabled. Will log tuple processing times.
[2016-05-11 16:25:15,836][storm][INFO]Task received setupInfo from Storm: {u'pidDir': u'/home/pipe/storm-local/workers/94e91676-013b-41ad-b660-57c4d98f2358/pids', u'conf': {u'oauth.acess_token': u' 702208758362087425-HZiyl1x7Bh98cQa1WLBDYylyu10Bpl7', u'topology.tuple.serializer': u'backtype.storm.serialization.types.ListDelegateSerializer', u'topology.workers': 1, u'drpc.worker.threads': 64, u'storm.messaging.netty.client_worker_threads': 1, u'supervisor.heartbeat.frequency.secs': 5, u'topology.executor.send.buffer.size': 1024, u'drpc.childopts': u'-Xmx768m', u'nimbus.thrift.port': 6627, u'storm.zookeeper.retry.intervalceiling.millis': 30000, u'storm.local.dir': u'storm-local', u'topology.receiver.buffer.size': 8, u'storm.zookeeper.servers': [u'localhost'], u'oauth.consumer_secret': u'ADf76fi3O1lKMzBxWnjqf93l3GHv28uar3bkblkvyBrAyoA23i', u'transactional.zookeeper.root': u'/transactional', u'drpc.request.timeout.secs': 600, u'topology.skip.missing.kryo.registrations': False, u'worker.heartbeat.frequency.secs': 1, u'zmq.hwm': 0, u'storm.zookeeper.connection.timeout': 15000, u'java.library.path': u'/usr/local/lib:/opt/local/lib:/usr/lib', u'topology.max.error.report.per.interval': 5, u'storm.messaging.netty.server_worker_threads': 1, u'storm.id': u'test-4-1462969332', u'supervisor.worker.start.timeout.secs': 120, u'zmq.threads': 1, u'topology.acker.executors': None, u'storm.messaging.netty.flush.check.interval.ms': 10, u'storm.messaging.netty.transfer.batch.size': 262144, u'topology.max.task.parallelism': None, u'topology.environment': None, u'storm.zookeeper.port': 2181, u'nimbus.childopts': u'-Xmx1024m', u'topology.classpath': None, u'worker.childopts': u'-Xmx768m', u'drpc.queue.size': 128, u'topology.multilang.serializer': u'backtype.storm.multilang.JsonSerializer', u'storm.zookeeper.retry.times': 5, u'nimbus.monitor.freq.secs': 10, u'storm.cluster.mode': u'distributed', u'dev.zookeeper.path': u'/tmp/dev-storm-zookeeper', u'drpc.invocations.port': 3773, u'topology.tasks': None, u'storm.zookeeper.root': u'/storm', u'logviewer.childopts': u'-Xmx128m', u'storm.meta.serialization.delegate': u'backtype.storm.serialization.DefaultSerializationDelegate', u'transactional.zookeeper.port': None, u'topology.worker.receiver.thread.count': 1, u'topology.worker.childopts': None, u'topology.max.spout.pending': None, u'topology.kryo.register': None, u'petrel.host': u'pipe-X550CC', u'nimbus.cleanup.inbox.freq.secs': 600, u'storm.messaging.netty.min_wait_ms': 100, u'nimbus.task.timeout.secs': 30, u'nimbus.thrift.max_buffer_size': 1048576, u'topology.sleep.spout.wait.strategy.time.ms': 1, u'nimbus.reassign': True, u'storm.messaging.transport': u'backtype.storm.messaging.netty.Context', u'logviewer.appender.name': u'A1', u'nimbus.host': u'localhost', u'ui.port': 8080, u'supervisor.slots.ports': [6700, 6701, 6702, 6703], u'nimbus.file.copy.expiration.secs': 600, u'supervisor.monitor.frequency.secs': 3, u'ui.childopts': u'-Xmx768m', u'transactional.zookeeper.servers': None, u'zmq.linger.millis': 5000, u'topology.error.throttle.interval.secs': 10, u'topology.worker.shared.thread.pool.size': 4, u'topology.executor.receive.buffer.size': 1024, u'topology.spout.wait.strategy': u'backtype.storm.spout.SleepSpoutWaitStrategy', u'task.heartbeat.frequency.secs': 3, u'topology.transfer.buffer.size': 1024, u'storm.zookeeper.session.timeout': 20000, u'storm.local.mode.zmq': False, u'topology.stats.sample.rate': 0.05, u'topology.fall.back.on.java.serialization': True, u'supervisor.childopts': u'-Xmx256m', u'topology.enable.message.timeouts': True, u'storm.messaging.netty.max_wait_ms': 1000, u'nimbus.topology.validator': u'backtype.storm.nimbus.DefaultTopologyValidator', u'nimbus.supervisor.timeout.secs': 60, u'topology.disruptor.wait.strategy': u'com.lmax.disruptor.BlockingWaitStrategy', u'storm.messaging.netty.buffer_size': 5242880, u'drpc.port': 3772, u'topology.kryo.factory': u'backtype.storm.serialization.DefaultKryoFactory', u'storm.zookeeper.retry.interval': 1000, u'storm.messaging.netty.max_retries': 300, u'topology.tick.tuple.freq.secs': 30, u'supervisor.enable': True, u'nimbus.task.launch.secs': 120, u'task.refresh.poll.secs': 10, u'topology.message.timeout.secs': 30, u'oauth.acess_token_secret': u'IiNOTfgE3tEZvW2HDQhRKPMoOLU43NXJCXk8maj51SdAT', u'petrel.user': u'root', u'nimbus.inbox.jar.expiration.secs': 3600, u'topology.state.synchronization.timeout.secs': 60, u'topology.name': u'test', u'supervisor.worker.timeout.secs': 30, u'topology.trident.batch.emit.interval.millis': 500, u'topology.builtin.metrics.bucket.size.secs': 60, u'storm.thrift.transport': u'backtype.storm.security.auth.SimpleTransportPlugin', u'logviewer.port': 8000, u'oauth.consumer_key': u'eaFmBSxUveRJfmyZYeabti9Q9', u'topology.kryo.decorators': [], u'topology.debug': False}, u'context': {u'task->component': {u'1': u'CountThreeWords', u'3': u'CountWord', u'2': u'CountTwoWords', u'5': u'ThreeWordDivider', u'4': u'KafkaConsumer', u'7': u'WordDivider', u'6': u'TwoWordDivider', u'8': u'__acker'}, u'taskid': 4}}
[2016-05-11 16:25:15,843][storm][INFO]Task sent pid to Storm
[2016-05-11 16:25:16,004][kafka.client][INFO]Broker version identifed as 0.9
[2016-05-11 16:25:16,021][kafka.consumer.subscription_state][INFO]Updating subscribed topics to: ['instanttopic']
[2016-05-11 16:25:16,100][kafka.cluster][INFO]Group coordinator for kafka-python-default-group is BrokerMetadata(nodeId=0, host=u'pipe-X550CC', port=9092)
[2016-05-11 16:25:20,485][kafka.coordinator][INFO]Joined group 'kafka-python-default-group' (generation 3) with member_id kafka-python-1.0.2-51dcd973-c456-4425-be01-37f56494e58d
[2016-05-11 16:25:20,485][kafka.coordinator][INFO]Elected group leader -- performing partition assignments using range
[2016-05-11 16:25:20,485][kafka.coordinator.assignors.range][WARNING]No partition metadata for topic goodtopic
[2016-05-11 16:25:20,624][kafka.coordinator][INFO]Joined group 'kafka-python-default-group' (generation 3) with member_id kafka-python-1.0.2-51dcd973-c456-4425-be01-37f56494e58d
[2016-05-11 16:25:20,624][kafka.coordinator][INFO]Elected group leader -- performing partition assignments using range
[2016-05-11 16:25:20,667][kafka.consumer.subscription_state][INFO]Updated partition assignment: [TopicPartition(topic=u'instanttopic', partition=0)]
[2016-05-11 16:25:23,767][kafka.coordinator][INFO]Heartbeat successful
[2016-05-11 16:25:26,787][kafka.coordinator][INFO]Heartbeat successful
[2016-05-11 16:25:29,807][kafka.coordinator][INFO]Heartbeat successful
[2016-05-11 16:25:32,862][kafka.coordinator][INFO]Heartbeat successful
[2016-05-11 16:25:35,878][kafka.coordinator][INFO]Heartbeat successful
[2016-05-11 16:25:38,694][kafka.coordinator][INFO]Heartbeat successful
[2016-05-11 16:25:41,750][kafka.coordinator][INFO]Heartbeat successful
[2016-05-11 16:25:44,768][kafka.coordinator][INFO]Heartbeat successful
[2016-05-11 16:25:47,827][kafka.coordinator][INFO]Heartbeat successful
[2016-05-11 16:25:50,845][kafka.coordinator][INFO]Heartbeat successful
[2016-05-11 16:25:53,860][kafka.coordinator][INFO]Heartbeat successful
[2016-05-11 16:25:56,879][kafka.coordinator][INFO]Heartbeat successful
[2016-05-11 16:25:59,934][kafka.coordinator][INFO]Heartbeat successful
[2016-05-11 16:26:02,953][kafka.coordinator][INFO]Heartbeat successful
[2016-05-11 16:26:05,972][kafka.coordinator][INFO]Heartbeat successful
[2016-05-11 16:26:09,026][kafka.coordinator][INFO]Heartbeat successful
[2016-05-11 16:26:12,042][kafka.coordinator][INFO]Heartbeat successful
[2016-05-11 16:26:15,057][kafka.coordinator][INFO]Heartbeat successful
[2016-05-11 16:26:18,108][kafka.coordinator][INFO]Heartbeat successful
[2016-05-11 16:26:21,120][kafka.coordinator][INFO]Heartbeat successful
[2016-05-11 16:26:24,138][kafka.coordinator][INFO]Heartbeat successful
[2016-05-11 16:26:27,151][kafka.coordinator][INFO]Heartbeat successful
[2016-05-11 16:26:29,703][kafka.coordinator][INFO]Heartbeat successful
[2016-05-11 16:26:32,760][kafka.coordinator][INFO]Heartbeat successful
[2016-05-11 16:26:35,771][kafka.coordinator][INFO]Heartbeat successful
[2016-05-11 16:26:38,824][kafka.coordinator][INFO]Heartbeat successful
[2016-05-11 16:26:41,839][kafka.coordinator][INFO]Heartbeat successful
[2016-05-11 16:26:44,849][kafka.coordinator][INFO]Heartbeat successful
[2016-05-11 16:26:47,905][kafka.coordinator][INFO]Heartbeat successful
[2016-05-11 16:26:50,921][kafka.coordinator][INFO]Heartbeat successful
[2016-05-11 16:26:53,938][kafka.coordinator][INFO]Heartbeat successful
[2016-05-11 16:26:56,961][kafka.coordinator][INFO]Heartbeat successful
[2016-05-11 16:27:00,015][kafka.coordinator][INFO]Heartbeat successful
[2016-05-11 16:27:03,038][kafka.coordinator][INFO]Heartbeat successful
[2016-05-11 16:27:06,054][kafka.coordinator][INFO]Heartbeat successful
[2016-05-11 16:27:09,112][kafka.coordinator][INFO]Heartbeat successful
[2016-05-11 16:27:12,129][kafka.coordinator][INFO]Heartbeat successful
[2016-05-11 16:27:15,155][kafka.coordinator][INFO]Heartbeat successful
[2016-05-11 16:27:18,215][kafka.coordinator][INFO]Heartbeat successful
[2016-05-11 16:27:20,729][kafka.coordinator][INFO]Heartbeat successful
[2016-05-11 16:27:23,787][kafka.coordinator][INFO]Heartbeat successful
[2016-05-11 16:27:26,806][kafka.coordinator][INFO]Heartbeat successful
[2016-05-11 16:27:29,865][kafka.coordinator][INFO]Heartbeat successful
[2016-05-11 16:27:32,887][kafka.coordinator][INFO]Heartbeat successful
[2016-05-11 16:27:35,902][kafka.coordinator][INFO]Heartbeat successful
[2016-05-11 16:27:38,955][kafka.coordinator][INFO]Heartbeat successful
[2016-05-11 16:27:41,973][kafka.coordinator][INFO]Heartbeat successful
[2016-05-11 16:27:44,997][kafka.coordinator][INFO]Heartbeat successful
[2016-05-11 16:27:48,014][kafka.coordinator][INFO]Heartbeat successful
[2016-05-11 16:27:51,068][kafka.coordinator][INFO]Heartbeat successful
[2016-05-11 16:27:54,085][kafka.coordinator][INFO]Heartbeat successful
[2016-05-11 16:27:57,098][kafka.coordinator][INFO]Heartbeat successful
[2016-05-11 16:28:00,156][kafka.coordinator][INFO]Heartbeat successful
[2016-05-11 16:28:03,177][kafka.coordinator][INFO]Heartbeat successful
[2016-05-11 16:28:06,198][kafka.coordinator][WARNING]Heartbeat: group is rebalancing; this consumer needs to re-join
[2016-05-11 16:28:06,198][kafka.coordinator][WARNING]Heartbeat failed; retrying
[2016-05-11 16:28:06,299][kafka.coordinator][INFO]Skipping heartbeat: no auto-assignment or waiting on rebalance
[2016-05-11 16:28:08,821][kafka.coordinator][INFO]Joined group 'kafka-python-default-group' (generation 4) with member_id kafka-python-1.0.2-51dcd973-c456-4425-be01-37f56494e58d
[2016-05-11 16:28:08,821][kafka.coordinator][INFO]Elected group leader -- performing partition assignments using range
[2016-05-11 16:28:08,824][kafka.consumer.subscription_state][INFO]Updated partition assignment: [TopicPartition(topic=u'instanttopic', partition=0)]
[2016-05-11 16:28:11,919][kafka.coordinator][INFO]Heartbeat successful
[2016-05-11 16:28:14,936][kafka.coordinator][INFO]Heartbeat successful
[2016-05-11 16:28:17,957][kafka.coordinator][INFO]Heartbeat successful
[2016-05-11 16:28:21,018][kafka.coordinator][INFO]Heartbeat successful
[2016-05-11 16:28:24,040][kafka.coordinator][INFO]Heartbeat successful
[2016-05-11 16:28:27,059][kafka.coordinator][INFO]Heartbeat successful
[2016-05-11 16:28:30,118][kafka.coordinator][INFO]Heartbeat successful
[2016-05-11 16:28:33,138][kafka.coordinator][INFO]Heartbeat successful
[2016-05-11 16:28:36,153][kafka.coordinator][INFO]Heartbeat successful
[2016-05-11 16:28:39,217][kafka.coordinator][INFO]Heartbeat successful
[2016-05-11 16:28:42,273][kafka.coordinator][INFO]Heartbeat successful
[2016-05-11 16:28:45,293][kafka.coordinator][INFO]Heartbeat successful
[2016-05-11 16:28:48,316][kafka.coordinator][INFO]Heartbeat successful
[2016-05-11 16:28:50,873][kafka.coordinator][INFO]Heartbeat successful
[2016-05-11 16:28:53,931][kafka.coordinator][INFO]Heartbeat successful
[2016-05-11 16:28:56,953][kafka.coordinator][INFO]Heartbeat successful
[2016-05-11 16:29:00,010][kafka.coordinator][INFO]Heartbeat successful
[2016-05-11 16:29:03,022][kafka.coordinator][INFO]Heartbeat successful
[2016-05-11 16:29:06,043][kafka.coordinator][INFO]Heartbeat successful
[2016-05-11 16:29:09,066][kafka.coordinator][INFO]Heartbeat successful
[2016-05-11 16:29:12,125][kafka.coordinator][INFO]Heartbeat successful
[2016-05-11 16:29:15,147][kafka.coordinator][INFO]Heartbeat successful
[2016-05-11 16:29:18,168][kafka.coordinator][INFO]Heartbeat successful
[2016-05-11 16:29:21,291][kafka.coordinator][INFO]Heartbeat successful
[2016-05-11 16:29:23,850][kafka.coordinator][INFO]Heartbeat successful
[2016-05-11 16:29:27,032][kafka.coordinator][INFO]Heartbeat successful
[2016-05-11 16:29:30,050][kafka.coordinator][INFO]Heartbeat successful
[2016-05-11 16:29:33,072][kafka.coordinator][INFO]Heartbeat successful
[2016-05-11 16:29:36,239][kafka.coordinator][INFO]Heartbeat successful
[2016-05-11 16:29:39,078][kafka.coordinator][INFO]Heartbeat successful
[2016-05-11 16:29:42,291][kafka.coordinator][INFO]Heartbeat successful
[2016-05-11 16:29:44,902][kafka.coordinator][INFO]Heartbeat successful
[2016-05-11 16:29:47,945][kafka.coordinator][INFO]Heartbeat successful
[2016-05-11 16:29:51,070][kafka.coordinator][INFO]Heartbeat successful
[2016-05-11 16:29:54,139][kafka.coordinator][INFO]Heartbeat successful
[2016-05-11 16:29:57,278][kafka.coordinator][INFO]Heartbeat successful
[2016-05-11 16:29:59,967][kafka.coordinator][INFO]Heartbeat successful
[2016-05-11 16:30:03,060][kafka.coordinator][INFO]Heartbeat successful
[2016-05-11 16:30:06,256][kafka.coordinator][INFO]Heartbeat successful
[2016-05-11 16:30:09,112][kafka.coordinator][INFO]Heartbeat successful
[2016-05-11 16:30:12,239][kafka.coordinator][INFO]Heartbeat successful
[2016-05-11 16:30:15,301][kafka.coordinator][INFO]Heartbeat successful
[2016-05-11 16:30:18,348][kafka.coordinator][INFO]Heartbeat successful
[2016-05-11 16:30:20,851][kafka.coordinator][WARNING]Coordinator unknown during heartbeat -- will retry
[2016-05-11 16:30:20,851][kafka.coordinator][WARNING]Heartbeat failed; retrying
[2016-05-11 16:30:20,952][kafka.coordinator][INFO]Heartbeat successful
[2016-05-11 16:30:24,066][kafka.coordinator][INFO]Heartbeat successful
[2016-05-11 16:30:27,122][kafka.coordinator][INFO]Heartbeat successful
[2016-05-11 16:30:30,296][kafka.coordinator][INFO]Heartbeat successful
[2016-05-11 16:30:33,433][kafka.coordinator][INFO]Heartbeat successful
[2016-05-11 16:30:36,124][kafka.coordinator][INFO]Heartbeat successful
[2016-05-11 16:30:39,313][kafka.coordinator][INFO]Heartbeat successful
