Beginning task setup

/usr/bin/flock
Using existing venv: /tmp/petrel-test-4-1462969332/venv
Task setup took 0 seconds
Launching: python -m petrel.run kafkaconsumer /home/pipe/twitterintel/twitterintel/topology/TopologyTweetTransformationSPAM/petrel19157_kafkaconsumer.log
/usr/local/lib/python2.7/dist-packages/petrel-0.9.4.0.3-py2.7.egg/petrel/run.py invoked with the following arguments: ['kafkaconsumer', '/home/pipe/twitterintel/twitterintel/topology/TopologyTweetTransformationSPAM/petrel19157_kafkaconsumer.log']
python version: 2.7.11
user=root
PATH=/tmp/petrel-test-4-1462969332/venv/bin:/root/SimpleScalar/simplesim-3.0:/root/SimpleScalar/bin:/root/SimpleScalar/gcc-2.6.3:/root/SimpleScalar/bin:/usr/local/sbin:/usr/local/bin:/usr/sbin:/usr/bin:/sbin:/bin:/usr/games:/usr/local/games:/home/pipe/Downloads/zookeeper-3.4.8/bin:/home/pipe/Downloads/apache-storm-0.9.4/bin
LD_LIBRARY_PATH=storm-local/supervisor/stormdist/test-4-1462969332/resources/Linux-amd64:storm-local/supervisor/stormdist/test-4-1462969332/resources:/usr/local/lib:/opt/local/lib:/usr/lib
PYTHON_EGG_CACHE=/tmp/petrel-test-4-1462969332/egg_cache
[2016-05-11 14:10:10,976][storm][INFO]Tuple profiling enabled. Will log tuple processing times.
[2016-05-11 14:10:11,157][storm][INFO]Task received setupInfo from Storm: {u'pidDir': u'/home/pipe/storm-local/workers/cd697730-88b9-4f1b-97fe-816a5f8752c3/pids', u'conf': {u'oauth.acess_token': u' 702208758362087425-HZiyl1x7Bh98cQa1WLBDYylyu10Bpl7', u'topology.tuple.serializer': u'backtype.storm.serialization.types.ListDelegateSerializer', u'topology.workers': 1, u'drpc.worker.threads': 64, u'storm.messaging.netty.client_worker_threads': 1, u'supervisor.heartbeat.frequency.secs': 5, u'topology.executor.send.buffer.size': 1024, u'drpc.childopts': u'-Xmx768m', u'nimbus.thrift.port': 6627, u'storm.zookeeper.retry.intervalceiling.millis': 30000, u'storm.local.dir': u'storm-local', u'topology.receiver.buffer.size': 8, u'storm.zookeeper.servers': [u'localhost'], u'oauth.consumer_secret': u'ADf76fi3O1lKMzBxWnjqf93l3GHv28uar3bkblkvyBrAyoA23i', u'transactional.zookeeper.root': u'/transactional', u'drpc.request.timeout.secs': 600, u'topology.skip.missing.kryo.registrations': False, u'worker.heartbeat.frequency.secs': 1, u'zmq.hwm': 0, u'storm.zookeeper.connection.timeout': 15000, u'java.library.path': u'/usr/local/lib:/opt/local/lib:/usr/lib', u'topology.max.error.report.per.interval': 5, u'storm.messaging.netty.server_worker_threads': 1, u'storm.id': u'test-4-1462969332', u'supervisor.worker.start.timeout.secs': 120, u'zmq.threads': 1, u'topology.acker.executors': None, u'storm.messaging.netty.flush.check.interval.ms': 10, u'storm.messaging.netty.transfer.batch.size': 262144, u'topology.max.task.parallelism': None, u'topology.environment': None, u'storm.zookeeper.port': 2181, u'nimbus.childopts': u'-Xmx1024m', u'topology.classpath': None, u'worker.childopts': u'-Xmx768m', u'drpc.queue.size': 128, u'topology.multilang.serializer': u'backtype.storm.multilang.JsonSerializer', u'storm.zookeeper.retry.times': 5, u'nimbus.monitor.freq.secs': 10, u'storm.cluster.mode': u'distributed', u'dev.zookeeper.path': u'/tmp/dev-storm-zookeeper', u'drpc.invocations.port': 3773, u'topology.tasks': None, u'storm.zookeeper.root': u'/storm', u'logviewer.childopts': u'-Xmx128m', u'storm.meta.serialization.delegate': u'backtype.storm.serialization.DefaultSerializationDelegate', u'transactional.zookeeper.port': None, u'topology.worker.receiver.thread.count': 1, u'topology.worker.childopts': None, u'topology.max.spout.pending': None, u'topology.kryo.register': None, u'petrel.host': u'pipe-X550CC', u'nimbus.cleanup.inbox.freq.secs': 600, u'storm.messaging.netty.min_wait_ms': 100, u'nimbus.task.timeout.secs': 30, u'nimbus.thrift.max_buffer_size': 1048576, u'topology.sleep.spout.wait.strategy.time.ms': 1, u'nimbus.reassign': True, u'storm.messaging.transport': u'backtype.storm.messaging.netty.Context', u'logviewer.appender.name': u'A1', u'nimbus.host': u'localhost', u'ui.port': 8080, u'supervisor.slots.ports': [6700, 6701, 6702, 6703], u'nimbus.file.copy.expiration.secs': 600, u'supervisor.monitor.frequency.secs': 3, u'ui.childopts': u'-Xmx768m', u'transactional.zookeeper.servers': None, u'zmq.linger.millis': 5000, u'topology.error.throttle.interval.secs': 10, u'topology.worker.shared.thread.pool.size': 4, u'topology.executor.receive.buffer.size': 1024, u'topology.spout.wait.strategy': u'backtype.storm.spout.SleepSpoutWaitStrategy', u'task.heartbeat.frequency.secs': 3, u'topology.transfer.buffer.size': 1024, u'storm.zookeeper.session.timeout': 20000, u'storm.local.mode.zmq': False, u'topology.stats.sample.rate': 0.05, u'topology.fall.back.on.java.serialization': True, u'supervisor.childopts': u'-Xmx256m', u'topology.enable.message.timeouts': True, u'storm.messaging.netty.max_wait_ms': 1000, u'nimbus.topology.validator': u'backtype.storm.nimbus.DefaultTopologyValidator', u'nimbus.supervisor.timeout.secs': 60, u'topology.disruptor.wait.strategy': u'com.lmax.disruptor.BlockingWaitStrategy', u'storm.messaging.netty.buffer_size': 5242880, u'drpc.port': 3772, u'topology.kryo.factory': u'backtype.storm.serialization.DefaultKryoFactory', u'storm.zookeeper.retry.interval': 1000, u'storm.messaging.netty.max_retries': 300, u'topology.tick.tuple.freq.secs': 30, u'supervisor.enable': True, u'nimbus.task.launch.secs': 120, u'task.refresh.poll.secs': 10, u'topology.message.timeout.secs': 30, u'oauth.acess_token_secret': u'IiNOTfgE3tEZvW2HDQhRKPMoOLU43NXJCXk8maj51SdAT', u'petrel.user': u'root', u'nimbus.inbox.jar.expiration.secs': 3600, u'topology.state.synchronization.timeout.secs': 60, u'topology.name': u'test', u'supervisor.worker.timeout.secs': 30, u'topology.trident.batch.emit.interval.millis': 500, u'topology.builtin.metrics.bucket.size.secs': 60, u'storm.thrift.transport': u'backtype.storm.security.auth.SimpleTransportPlugin', u'logviewer.port': 8000, u'oauth.consumer_key': u'eaFmBSxUveRJfmyZYeabti9Q9', u'topology.kryo.decorators': [], u'topology.debug': False}, u'context': {u'task->component': {u'1': u'CountThreeWords', u'3': u'CountWord', u'2': u'CountTwoWords', u'5': u'ThreeWordDivider', u'4': u'KafkaConsumer', u'7': u'WordDivider', u'6': u'TwoWordDivider', u'8': u'__acker'}, u'taskid': 4}}
[2016-05-11 14:10:11,157][storm][INFO]Task sent pid to Storm
[2016-05-11 14:10:11,353][kafka.client][INFO]Broker version identifed as 0.9
[2016-05-11 14:10:11,355][kafka.consumer.subscription_state][INFO]Updating subscribed topics to: ['instanttopic']
[2016-05-11 14:10:11,436][kafka.cluster][INFO]Group coordinator for kafka-python-default-group is BrokerMetadata(nodeId=0, host=u'pipe-X550CC', port=9092)
[2016-05-11 14:10:11,477][kafka.coordinator][INFO]Joined group 'kafka-python-default-group' (generation 1) with member_id kafka-python-1.0.2-8f0f7a93-ee2d-44c3-a9fd-2b25d7c2152d
[2016-05-11 14:10:11,477][kafka.coordinator][INFO]Elected group leader -- performing partition assignments using range
[2016-05-11 14:10:11,518][kafka.consumer.subscription_state][INFO]Updated partition assignment: [TopicPartition(topic=u'instanttopic', partition=0)]
[2016-05-11 14:10:14,690][kafka.coordinator][INFO]Heartbeat successful
[2016-05-11 14:10:17,705][kafka.coordinator][INFO]Heartbeat successful
[2016-05-11 14:10:20,720][kafka.coordinator][INFO]Heartbeat successful
[2016-05-11 14:10:23,775][kafka.coordinator][INFO]Heartbeat successful
[2016-05-11 14:10:26,787][kafka.coordinator][INFO]Heartbeat successful
[2016-05-11 14:10:29,803][kafka.coordinator][INFO]Heartbeat successful
[2016-05-11 14:10:32,863][kafka.coordinator][INFO]Heartbeat successful
[2016-05-11 14:10:35,881][kafka.coordinator][INFO]Heartbeat successful
[2016-05-11 14:10:38,900][kafka.coordinator][INFO]Heartbeat successful
[2016-05-11 14:10:41,912][kafka.coordinator][INFO]Heartbeat successful
[2016-05-11 14:10:44,973][kafka.coordinator][INFO]Heartbeat successful
[2016-05-11 14:10:47,994][kafka.coordinator][INFO]Heartbeat successful
[2016-05-11 14:10:51,010][kafka.coordinator][INFO]Heartbeat successful
[2016-05-11 14:10:53,562][kafka.coordinator][INFO]Heartbeat successful
[2016-05-11 14:10:56,616][kafka.coordinator][INFO]Heartbeat successful
[2016-05-11 14:10:59,632][kafka.coordinator][INFO]Heartbeat successful
[2016-05-11 14:11:02,687][kafka.coordinator][INFO]Heartbeat successful
[2016-05-11 14:11:05,704][kafka.coordinator][INFO]Heartbeat successful
[2016-05-11 14:11:08,723][kafka.coordinator][INFO]Heartbeat successful
[2016-05-11 14:11:11,742][kafka.coordinator][INFO]Heartbeat successful
[2016-05-11 14:11:14,799][kafka.coordinator][INFO]Heartbeat successful
[2016-05-11 14:11:17,830][kafka.coordinator][INFO]Heartbeat successful
[2016-05-11 14:11:20,848][kafka.coordinator][INFO]Heartbeat successful
[2016-05-11 14:11:23,901][kafka.coordinator][INFO]Heartbeat successful
[2016-05-11 14:11:26,915][kafka.coordinator][INFO]Heartbeat successful
[2016-05-11 14:11:29,929][kafka.coordinator][INFO]Heartbeat successful
[2016-05-11 14:11:32,991][kafka.coordinator][INFO]Heartbeat successful
[2016-05-11 14:11:36,006][kafka.coordinator][INFO]Heartbeat successful
[2016-05-11 14:11:39,030][kafka.coordinator][INFO]Heartbeat successful
[2016-05-11 14:11:41,543][kafka.coordinator][INFO]Heartbeat successful
[2016-05-11 14:11:44,598][kafka.coordinator][INFO]Heartbeat successful
[2016-05-11 14:11:47,617][kafka.coordinator][INFO]Heartbeat successful
[2016-05-11 14:11:50,675][kafka.coordinator][INFO]Heartbeat successful
[2016-05-11 14:11:53,690][kafka.coordinator][INFO]Heartbeat successful
[2016-05-11 14:11:56,708][kafka.coordinator][INFO]Heartbeat successful
[2016-05-11 14:11:59,765][kafka.coordinator][INFO]Heartbeat successful
[2016-05-11 14:12:02,781][kafka.coordinator][INFO]Heartbeat successful
[2016-05-11 14:12:05,807][kafka.coordinator][INFO]Heartbeat successful
[2016-05-11 14:12:08,861][kafka.coordinator][INFO]Heartbeat successful
[2016-05-11 14:12:11,883][kafka.coordinator][INFO]Heartbeat successful
[2016-05-11 14:12:14,904][kafka.coordinator][INFO]Heartbeat successful
[2016-05-11 14:12:17,923][kafka.coordinator][INFO]Heartbeat successful
[2016-05-11 14:12:20,979][kafka.coordinator][INFO]Heartbeat successful
[2016-05-11 14:12:23,993][kafka.coordinator][INFO]Heartbeat successful
[2016-05-11 14:12:27,005][kafka.coordinator][INFO]Heartbeat successful
[2016-05-11 14:12:29,553][kafka.coordinator][INFO]Heartbeat successful
[2016-05-11 14:12:32,607][kafka.coordinator][INFO]Heartbeat successful
[2016-05-11 14:12:35,626][kafka.coordinator][INFO]Heartbeat successful
[2016-05-11 14:12:38,679][kafka.coordinator][INFO]Heartbeat successful
[2016-05-11 14:12:41,691][kafka.coordinator][INFO]Heartbeat successful
[2016-05-11 14:12:44,709][kafka.coordinator][INFO]Heartbeat successful
[2016-05-11 14:12:47,719][kafka.coordinator][INFO]Heartbeat successful
[2016-05-11 14:12:50,664][kafka.coordinator][INFO]Heartbeat successful
[2016-05-11 14:12:53,681][kafka.coordinator][INFO]Heartbeat successful
[2016-05-11 14:12:56,692][kafka.coordinator][INFO]Heartbeat successful
[2016-05-11 14:12:59,745][kafka.coordinator][INFO]Heartbeat successful
[2016-05-11 14:13:02,753][kafka.coordinator][INFO]Heartbeat successful
[2016-05-11 14:13:05,769][kafka.coordinator][INFO]Heartbeat successful
[2016-05-11 14:13:08,789][kafka.coordinator][INFO]Heartbeat successful
[2016-05-11 14:13:11,851][kafka.coordinator][INFO]Heartbeat successful
[2016-05-11 14:13:14,869][kafka.coordinator][INFO]Heartbeat successful
[2016-05-11 14:13:17,888][kafka.coordinator][INFO]Heartbeat successful
[2016-05-11 14:13:20,947][kafka.coordinator][INFO]Heartbeat successful
[2016-05-11 14:13:23,966][kafka.coordinator][INFO]Heartbeat successful
[2016-05-11 14:13:26,987][kafka.coordinator][INFO]Heartbeat successful
[2016-05-11 14:13:30,041][kafka.coordinator][INFO]Heartbeat successful
[2016-05-11 14:13:33,059][kafka.coordinator][INFO]Heartbeat successful
[2016-05-11 14:13:35,574][kafka.coordinator][INFO]Heartbeat successful
[2016-05-11 14:13:38,631][kafka.coordinator][INFO]Heartbeat successful
[2016-05-11 14:13:41,650][kafka.coordinator][INFO]Heartbeat successful
[2016-05-11 14:13:44,710][kafka.coordinator][INFO]Heartbeat successful
[2016-05-11 14:13:47,729][kafka.coordinator][INFO]Heartbeat successful
[2016-05-11 14:13:50,813][kafka.coordinator][INFO]Heartbeat successful
[2016-05-11 14:13:53,830][kafka.coordinator][INFO]Heartbeat successful
[2016-05-11 14:13:56,896][kafka.coordinator][INFO]Heartbeat successful
[2016-05-11 14:13:59,920][kafka.coordinator][INFO]Heartbeat successful
[2016-05-11 14:14:02,944][kafka.coordinator][INFO]Heartbeat successful
[2016-05-11 14:14:06,006][kafka.coordinator][INFO]Heartbeat successful
[2016-05-11 14:14:09,027][kafka.coordinator][INFO]Heartbeat successful
[2016-05-11 14:14:12,044][kafka.coordinator][INFO]Heartbeat successful
[2016-05-11 14:14:15,099][kafka.coordinator][INFO]Heartbeat successful
[2016-05-11 14:14:17,618][kafka.coordinator][INFO]Heartbeat successful
[2016-05-11 14:14:20,641][kafka.coordinator][INFO]Heartbeat successful
[2016-05-11 14:14:23,663][kafka.coordinator][INFO]Heartbeat successful
[2016-05-11 14:14:26,728][kafka.coordinator][INFO]Heartbeat successful
[2016-05-11 14:14:29,745][kafka.coordinator][INFO]Heartbeat successful
[2016-05-11 14:14:32,768][kafka.coordinator][INFO]Heartbeat successful
[2016-05-11 14:14:35,825][kafka.coordinator][INFO]Heartbeat successful
[2016-05-11 14:14:38,841][kafka.coordinator][INFO]Heartbeat successful
[2016-05-11 14:14:41,865][kafka.coordinator][INFO]Heartbeat successful
[2016-05-11 14:14:44,884][kafka.coordinator][INFO]Heartbeat successful
[2016-05-11 14:14:47,941][kafka.coordinator][INFO]Heartbeat successful
[2016-05-11 14:14:50,965][kafka.coordinator][INFO]Heartbeat successful
[2016-05-11 14:14:53,985][kafka.coordinator][INFO]Heartbeat successful
[2016-05-11 14:14:57,046][kafka.coordinator][INFO]Heartbeat successful
[2016-05-11 14:15:00,063][kafka.coordinator][INFO]Heartbeat successful
[2016-05-11 14:15:02,577][kafka.coordinator][INFO]Heartbeat successful
[2016-05-11 14:15:05,635][kafka.coordinator][INFO]Heartbeat successful
[2016-05-11 14:15:08,651][kafka.coordinator][INFO]Heartbeat successful
[2016-05-11 14:15:11,577][kafka.coordinator][WARNING]Coordinator unknown during heartbeat -- will retry
[2016-05-11 14:15:11,578][kafka.coordinator][WARNING]Heartbeat failed; retrying
[2016-05-11 14:15:11,678][kafka.coordinator][WARNING]Coordinator unknown during heartbeat -- will retry
[2016-05-11 14:15:11,678][kafka.coordinator][WARNING]Heartbeat failed; retrying
[2016-05-11 14:15:11,780][kafka.coordinator][INFO]Heartbeat successful
[2016-05-11 14:15:14,832][kafka.coordinator][INFO]Heartbeat successful
[2016-05-11 14:15:17,847][kafka.coordinator][INFO]Heartbeat successful
[2016-05-11 14:15:20,900][kafka.coordinator][INFO]Heartbeat successful
[2016-05-11 14:15:23,917][kafka.coordinator][INFO]Heartbeat successful
[2016-05-11 14:15:26,939][kafka.coordinator][INFO]Heartbeat successful
[2016-05-11 14:15:29,954][kafka.coordinator][INFO]Heartbeat successful
[2016-05-11 14:15:33,013][kafka.coordinator][INFO]Heartbeat successful
