Beginning task setup

/usr/bin/flock
Using existing venv: /tmp/petrel-test-4-1462969332/venv
Task setup took 1 seconds
Launching: python -m petrel.run kafkaconsumer /home/pipe/twitterintel/twitterintel/topology/TopologyTweetTransformationSPAM/petrel25286_kafkaconsumer.log
/usr/local/lib/python2.7/dist-packages/petrel-0.9.4.0.3-py2.7.egg/petrel/run.py invoked with the following arguments: ['kafkaconsumer', '/home/pipe/twitterintel/twitterintel/topology/TopologyTweetTransformationSPAM/petrel25286_kafkaconsumer.log']
python version: 2.7.11
user=root
PATH=/tmp/petrel-test-4-1462969332/venv/bin:/root/SimpleScalar/simplesim-3.0:/root/SimpleScalar/bin:/root/SimpleScalar/gcc-2.6.3:/root/SimpleScalar/bin:/usr/local/sbin:/usr/local/bin:/usr/sbin:/usr/bin:/sbin:/bin:/usr/games:/usr/local/games:/home/pipe/Downloads/zookeeper-3.4.8/bin:/home/pipe/Downloads/apache-storm-0.9.4/bin
LD_LIBRARY_PATH=storm-local/supervisor/stormdist/test-4-1462969332/resources/Linux-amd64:storm-local/supervisor/stormdist/test-4-1462969332/resources:/usr/local/lib:/opt/local/lib:/usr/lib
PYTHON_EGG_CACHE=/tmp/petrel-test-4-1462969332/egg_cache
[2016-05-11 14:51:43,934][storm][INFO]Tuple profiling enabled. Will log tuple processing times.
[2016-05-11 14:51:44,421][storm][INFO]Task received setupInfo from Storm: {u'pidDir': u'/home/pipe/storm-local/workers/5a1e0090-f1ff-4702-95d8-cb5943ce0e96/pids', u'conf': {u'oauth.acess_token': u' 702208758362087425-HZiyl1x7Bh98cQa1WLBDYylyu10Bpl7', u'topology.tuple.serializer': u'backtype.storm.serialization.types.ListDelegateSerializer', u'topology.workers': 1, u'drpc.worker.threads': 64, u'storm.messaging.netty.client_worker_threads': 1, u'supervisor.heartbeat.frequency.secs': 5, u'topology.executor.send.buffer.size': 1024, u'drpc.childopts': u'-Xmx768m', u'nimbus.thrift.port': 6627, u'storm.zookeeper.retry.intervalceiling.millis': 30000, u'storm.local.dir': u'storm-local', u'topology.receiver.buffer.size': 8, u'storm.zookeeper.servers': [u'localhost'], u'oauth.consumer_secret': u'ADf76fi3O1lKMzBxWnjqf93l3GHv28uar3bkblkvyBrAyoA23i', u'transactional.zookeeper.root': u'/transactional', u'drpc.request.timeout.secs': 600, u'topology.skip.missing.kryo.registrations': False, u'worker.heartbeat.frequency.secs': 1, u'zmq.hwm': 0, u'storm.zookeeper.connection.timeout': 15000, u'java.library.path': u'/usr/local/lib:/opt/local/lib:/usr/lib', u'topology.max.error.report.per.interval': 5, u'storm.messaging.netty.server_worker_threads': 1, u'storm.id': u'test-4-1462969332', u'supervisor.worker.start.timeout.secs': 120, u'zmq.threads': 1, u'topology.acker.executors': None, u'storm.messaging.netty.flush.check.interval.ms': 10, u'storm.messaging.netty.transfer.batch.size': 262144, u'topology.max.task.parallelism': None, u'topology.environment': None, u'storm.zookeeper.port': 2181, u'nimbus.childopts': u'-Xmx1024m', u'topology.classpath': None, u'worker.childopts': u'-Xmx768m', u'drpc.queue.size': 128, u'topology.multilang.serializer': u'backtype.storm.multilang.JsonSerializer', u'storm.zookeeper.retry.times': 5, u'nimbus.monitor.freq.secs': 10, u'storm.cluster.mode': u'distributed', u'dev.zookeeper.path': u'/tmp/dev-storm-zookeeper', u'drpc.invocations.port': 3773, u'topology.tasks': None, u'storm.zookeeper.root': u'/storm', u'logviewer.childopts': u'-Xmx128m', u'storm.meta.serialization.delegate': u'backtype.storm.serialization.DefaultSerializationDelegate', u'transactional.zookeeper.port': None, u'topology.worker.receiver.thread.count': 1, u'topology.worker.childopts': None, u'topology.max.spout.pending': None, u'topology.kryo.register': None, u'petrel.host': u'pipe-X550CC', u'nimbus.cleanup.inbox.freq.secs': 600, u'storm.messaging.netty.min_wait_ms': 100, u'nimbus.task.timeout.secs': 30, u'nimbus.thrift.max_buffer_size': 1048576, u'topology.sleep.spout.wait.strategy.time.ms': 1, u'nimbus.reassign': True, u'storm.messaging.transport': u'backtype.storm.messaging.netty.Context', u'logviewer.appender.name': u'A1', u'nimbus.host': u'localhost', u'ui.port': 8080, u'supervisor.slots.ports': [6700, 6701, 6702, 6703], u'nimbus.file.copy.expiration.secs': 600, u'supervisor.monitor.frequency.secs': 3, u'ui.childopts': u'-Xmx768m', u'transactional.zookeeper.servers': None, u'zmq.linger.millis': 5000, u'topology.error.throttle.interval.secs': 10, u'topology.worker.shared.thread.pool.size': 4, u'topology.executor.receive.buffer.size': 1024, u'topology.spout.wait.strategy': u'backtype.storm.spout.SleepSpoutWaitStrategy', u'task.heartbeat.frequency.secs': 3, u'topology.transfer.buffer.size': 1024, u'storm.zookeeper.session.timeout': 20000, u'storm.local.mode.zmq': False, u'topology.stats.sample.rate': 0.05, u'topology.fall.back.on.java.serialization': True, u'supervisor.childopts': u'-Xmx256m', u'topology.enable.message.timeouts': True, u'storm.messaging.netty.max_wait_ms': 1000, u'nimbus.topology.validator': u'backtype.storm.nimbus.DefaultTopologyValidator', u'nimbus.supervisor.timeout.secs': 60, u'topology.disruptor.wait.strategy': u'com.lmax.disruptor.BlockingWaitStrategy', u'storm.messaging.netty.buffer_size': 5242880, u'drpc.port': 3772, u'topology.kryo.factory': u'backtype.storm.serialization.DefaultKryoFactory', u'storm.zookeeper.retry.interval': 1000, u'storm.messaging.netty.max_retries': 300, u'topology.tick.tuple.freq.secs': 30, u'supervisor.enable': True, u'nimbus.task.launch.secs': 120, u'task.refresh.poll.secs': 10, u'topology.message.timeout.secs': 30, u'oauth.acess_token_secret': u'IiNOTfgE3tEZvW2HDQhRKPMoOLU43NXJCXk8maj51SdAT', u'petrel.user': u'root', u'nimbus.inbox.jar.expiration.secs': 3600, u'topology.state.synchronization.timeout.secs': 60, u'topology.name': u'test', u'supervisor.worker.timeout.secs': 30, u'topology.trident.batch.emit.interval.millis': 500, u'topology.builtin.metrics.bucket.size.secs': 60, u'storm.thrift.transport': u'backtype.storm.security.auth.SimpleTransportPlugin', u'logviewer.port': 8000, u'oauth.consumer_key': u'eaFmBSxUveRJfmyZYeabti9Q9', u'topology.kryo.decorators': [], u'topology.debug': False}, u'context': {u'task->component': {u'1': u'CountThreeWords', u'3': u'CountWord', u'2': u'CountTwoWords', u'5': u'ThreeWordDivider', u'4': u'KafkaConsumer', u'7': u'WordDivider', u'6': u'TwoWordDivider', u'8': u'__acker'}, u'taskid': 4}}
[2016-05-11 14:51:44,424][storm][INFO]Task sent pid to Storm
[2016-05-11 14:51:44,578][kafka.client][INFO]Broker version identifed as 0.9
[2016-05-11 14:51:44,593][kafka.consumer.subscription_state][INFO]Updating subscribed topics to: ['instanttopic']
[2016-05-11 14:51:44,673][kafka.cluster][INFO]Group coordinator for kafka-python-default-group is BrokerMetadata(nodeId=0, host=u'pipe-X550CC', port=9092)
[2016-05-11 14:51:44,713][kafka.coordinator][INFO]Joined group 'kafka-python-default-group' (generation 1) with member_id kafka-python-1.0.2-d38b7b91-bcf0-496f-9ee8-24f514df8270
[2016-05-11 14:51:44,713][kafka.coordinator][INFO]Elected group leader -- performing partition assignments using range
[2016-05-11 14:51:44,754][kafka.consumer.subscription_state][INFO]Updated partition assignment: [TopicPartition(topic=u'instanttopic', partition=0)]
[2016-05-11 14:51:48,038][kafka.coordinator][INFO]Heartbeat successful
[2016-05-11 14:51:51,055][kafka.coordinator][INFO]Heartbeat successful
[2016-05-11 14:51:54,075][kafka.coordinator][INFO]Heartbeat successful
[2016-05-11 14:51:57,131][kafka.coordinator][INFO]Heartbeat successful
[2016-05-11 14:52:00,147][kafka.coordinator][INFO]Heartbeat successful
[2016-05-11 14:52:03,162][kafka.coordinator][INFO]Heartbeat successful
[2016-05-11 14:52:06,219][kafka.coordinator][INFO]Heartbeat successful
[2016-05-11 14:52:09,246][kafka.coordinator][INFO]Heartbeat successful
[2016-05-11 14:52:11,766][kafka.coordinator][INFO]Heartbeat successful
[2016-05-11 14:52:14,825][kafka.coordinator][INFO]Heartbeat successful
[2016-05-11 14:52:17,838][kafka.coordinator][INFO]Heartbeat successful
[2016-05-11 14:52:20,900][kafka.coordinator][INFO]Heartbeat successful
[2016-05-11 14:52:23,920][kafka.coordinator][INFO]Heartbeat successful
[2016-05-11 14:52:26,942][kafka.coordinator][INFO]Heartbeat successful
[2016-05-11 14:52:29,964][kafka.coordinator][INFO]Heartbeat successful
[2016-05-11 14:52:33,028][kafka.coordinator][INFO]Heartbeat successful
[2016-05-11 14:52:36,047][kafka.coordinator][INFO]Heartbeat successful
[2016-05-11 14:52:39,064][kafka.coordinator][INFO]Heartbeat successful
[2016-05-11 14:52:42,118][kafka.coordinator][INFO]Heartbeat successful
[2016-05-11 14:52:45,133][kafka.coordinator][INFO]Heartbeat successful
[2016-05-11 14:52:48,282][kafka.coordinator][INFO]Heartbeat successful
[2016-05-11 14:52:50,795][kafka.coordinator][INFO]Heartbeat successful
[2016-05-11 14:52:53,847][kafka.coordinator][INFO]Heartbeat successful
[2016-05-11 14:52:56,870][kafka.coordinator][INFO]Heartbeat successful
[2016-05-11 14:52:59,887][kafka.coordinator][INFO]Heartbeat successful
[2016-05-11 14:53:02,950][kafka.coordinator][INFO]Heartbeat successful
[2016-05-11 14:53:05,962][kafka.coordinator][INFO]Heartbeat successful
[2016-05-11 14:53:08,981][kafka.coordinator][INFO]Heartbeat successful
[2016-05-11 14:53:12,043][kafka.coordinator][INFO]Heartbeat successful
[2016-05-11 14:53:15,059][kafka.coordinator][INFO]Heartbeat successful
[2016-05-11 14:53:18,076][kafka.coordinator][INFO]Heartbeat successful
[2016-05-11 14:53:21,119][kafka.coordinator][INFO]Heartbeat successful
[2016-05-11 14:53:24,256][kafka.coordinator][INFO]Heartbeat successful
[2016-05-11 14:53:26,880][kafka.coordinator][INFO]Heartbeat successful
[2016-05-11 14:53:30,053][kafka.coordinator][INFO]Heartbeat successful
[2016-05-11 14:53:33,114][kafka.coordinator][INFO]Heartbeat successful
[2016-05-11 14:53:36,138][kafka.coordinator][INFO]Heartbeat successful
[2016-05-11 14:53:39,213][kafka.coordinator][INFO]Heartbeat successful
[2016-05-11 14:53:42,280][kafka.coordinator][INFO]Heartbeat successful
[2016-05-11 14:53:44,796][kafka.coordinator][INFO]Heartbeat successful
[2016-05-11 14:53:47,848][kafka.coordinator][INFO]Heartbeat successful
[2016-05-11 14:53:50,865][kafka.coordinator][INFO]Heartbeat successful
[2016-05-11 14:53:53,928][kafka.coordinator][INFO]Heartbeat successful
[2016-05-11 14:53:56,946][kafka.coordinator][INFO]Heartbeat successful
[2016-05-11 14:53:59,963][kafka.coordinator][INFO]Heartbeat successful
[2016-05-11 14:54:03,021][kafka.coordinator][INFO]Heartbeat successful
[2016-05-11 14:54:06,043][kafka.coordinator][INFO]Heartbeat successful
[2016-05-11 14:54:09,113][kafka.coordinator][INFO]Heartbeat successful
[2016-05-11 14:54:12,138][kafka.coordinator][INFO]Heartbeat successful
[2016-05-11 14:54:15,165][kafka.coordinator][INFO]Heartbeat successful
[2016-05-11 14:54:18,234][kafka.coordinator][INFO]Heartbeat successful
[2016-05-11 14:54:21,262][kafka.coordinator][INFO]Heartbeat successful
[2016-05-11 14:54:24,288][kafka.coordinator][INFO]Heartbeat successful
[2016-05-11 14:54:26,805][kafka.coordinator][INFO]Heartbeat successful
[2016-05-11 14:54:29,867][kafka.coordinator][INFO]Heartbeat successful
[2016-05-11 14:54:32,929][kafka.coordinator][INFO]Heartbeat successful
[2016-05-11 14:54:35,952][kafka.coordinator][INFO]Heartbeat successful
[2016-05-11 14:54:38,982][kafka.coordinator][INFO]Heartbeat successful
[2016-05-11 14:54:42,006][kafka.coordinator][INFO]Heartbeat successful
[2016-05-11 14:54:45,026][kafka.coordinator][INFO]Heartbeat successful
[2016-05-11 14:54:48,087][kafka.coordinator][INFO]Heartbeat successful
[2016-05-11 14:54:51,106][kafka.coordinator][INFO]Heartbeat successful
[2016-05-11 14:54:54,125][kafka.coordinator][INFO]Heartbeat successful
[2016-05-11 14:54:57,144][kafka.coordinator][INFO]Heartbeat successful
[2016-05-11 14:55:00,193][kafka.coordinator][INFO]Heartbeat successful
[2016-05-11 14:55:03,219][kafka.coordinator][INFO]Heartbeat successful
[2016-05-11 14:55:06,244][kafka.coordinator][INFO]Heartbeat successful
[2016-05-11 14:55:08,798][kafka.coordinator][INFO]Heartbeat successful
[2016-05-11 14:55:11,851][kafka.coordinator][INFO]Heartbeat successful
[2016-05-11 14:55:14,865][kafka.coordinator][INFO]Heartbeat successful
[2016-05-11 14:55:17,883][kafka.coordinator][INFO]Heartbeat successful
[2016-05-11 14:55:20,942][kafka.coordinator][INFO]Heartbeat successful
[2016-05-11 14:55:23,971][kafka.coordinator][INFO]Heartbeat successful
[2016-05-11 14:55:26,994][kafka.coordinator][INFO]Heartbeat successful
[2016-05-11 14:55:30,021][kafka.coordinator][INFO]Heartbeat successful
[2016-05-11 14:55:33,045][kafka.coordinator][INFO]Heartbeat successful
[2016-05-11 14:55:36,106][kafka.coordinator][INFO]Heartbeat successful
[2016-05-11 14:55:39,126][kafka.coordinator][INFO]Heartbeat successful
[2016-05-11 14:55:42,146][kafka.coordinator][INFO]Heartbeat successful
[2016-05-11 14:55:45,199][kafka.coordinator][INFO]Heartbeat successful
[2016-05-11 14:55:48,219][kafka.coordinator][INFO]Heartbeat successful
[2016-05-11 14:55:51,242][kafka.coordinator][INFO]Heartbeat successful
[2016-05-11 14:55:54,303][kafka.coordinator][INFO]Heartbeat successful
[2016-05-11 14:55:56,821][kafka.coordinator][INFO]Heartbeat successful
[2016-05-11 14:55:59,880][kafka.coordinator][INFO]Heartbeat successful
[2016-05-11 14:56:02,898][kafka.coordinator][INFO]Heartbeat successful
[2016-05-11 14:56:05,961][kafka.coordinator][INFO]Heartbeat successful
[2016-05-11 14:56:08,982][kafka.coordinator][INFO]Heartbeat successful
[2016-05-11 14:56:12,001][kafka.coordinator][INFO]Heartbeat successful
[2016-05-11 14:56:15,057][kafka.coordinator][INFO]Heartbeat successful
[2016-05-11 14:56:18,078][kafka.coordinator][INFO]Heartbeat successful
[2016-05-11 14:56:21,100][kafka.coordinator][INFO]Heartbeat successful
[2016-05-11 14:56:24,156][kafka.coordinator][INFO]Heartbeat successful
[2016-05-11 14:56:27,172][kafka.coordinator][INFO]Heartbeat successful
[2016-05-11 14:56:30,189][kafka.coordinator][INFO]Heartbeat successful
[2016-05-11 14:56:33,209][kafka.coordinator][INFO]Heartbeat successful
[2016-05-11 14:56:36,270][kafka.coordinator][INFO]Heartbeat successful
[2016-05-11 14:56:39,292][kafka.coordinator][INFO]Heartbeat successful
[2016-05-11 14:56:42,308][kafka.coordinator][INFO]Heartbeat successful
[2016-05-11 14:56:44,817][kafka.coordinator][WARNING]Coordinator unknown during heartbeat -- will retry
[2016-05-11 14:56:44,818][kafka.coordinator][WARNING]Heartbeat failed; retrying
[2016-05-11 14:56:44,919][kafka.coordinator][INFO]Heartbeat successful
[2016-05-11 14:56:47,979][kafka.coordinator][INFO]Heartbeat successful
[2016-05-11 14:56:50,999][kafka.coordinator][INFO]Heartbeat successful
[2016-05-11 14:56:54,019][kafka.coordinator][INFO]Heartbeat successful
[2016-05-11 14:56:57,074][kafka.coordinator][INFO]Heartbeat successful
[2016-05-11 14:57:00,100][kafka.coordinator][INFO]Heartbeat successful
[2016-05-11 14:57:03,121][kafka.coordinator][INFO]Heartbeat successful
[2016-05-11 14:57:06,175][kafka.coordinator][INFO]Heartbeat successful
[2016-05-11 14:57:09,196][kafka.coordinator][INFO]Heartbeat successful
