Beginning task setup

/usr/bin/flock
Using existing venv: /tmp/petrel-test-4-1462969332/venv
Task setup took 1 seconds
Launching: python -m petrel.run kafkaconsumer /home/pipe/twitterintel/twitterintel/topology/TopologyTweetTransformationSPAM/petrel17570_kafkaconsumer.log
/usr/local/lib/python2.7/dist-packages/petrel-0.9.4.0.3-py2.7.egg/petrel/run.py invoked with the following arguments: ['kafkaconsumer', '/home/pipe/twitterintel/twitterintel/topology/TopologyTweetTransformationSPAM/petrel17570_kafkaconsumer.log']
python version: 2.7.11
user=root
PATH=/tmp/petrel-test-4-1462969332/venv/bin:/root/SimpleScalar/simplesim-3.0:/root/SimpleScalar/bin:/root/SimpleScalar/gcc-2.6.3:/root/SimpleScalar/bin:/usr/local/sbin:/usr/local/bin:/usr/sbin:/usr/bin:/sbin:/bin:/usr/games:/usr/local/games:/home/pipe/Downloads/zookeeper-3.4.8/bin:/home/pipe/Downloads/apache-storm-0.9.4/bin
LD_LIBRARY_PATH=storm-local/supervisor/stormdist/test-4-1462969332/resources/Linux-amd64:storm-local/supervisor/stormdist/test-4-1462969332/resources:/usr/local/lib:/opt/local/lib:/usr/lib
PYTHON_EGG_CACHE=/tmp/petrel-test-4-1462969332/egg_cache
[2016-05-11 13:58:12,074][storm][INFO]Tuple profiling enabled. Will log tuple processing times.
[2016-05-11 13:58:12,526][storm][INFO]Task received setupInfo from Storm: {u'pidDir': u'/home/pipe/storm-local/workers/70984823-ce53-44fb-8f38-9658562469a7/pids', u'conf': {u'oauth.acess_token': u' 702208758362087425-HZiyl1x7Bh98cQa1WLBDYylyu10Bpl7', u'topology.tuple.serializer': u'backtype.storm.serialization.types.ListDelegateSerializer', u'topology.workers': 1, u'drpc.worker.threads': 64, u'storm.messaging.netty.client_worker_threads': 1, u'supervisor.heartbeat.frequency.secs': 5, u'topology.executor.send.buffer.size': 1024, u'drpc.childopts': u'-Xmx768m', u'nimbus.thrift.port': 6627, u'storm.zookeeper.retry.intervalceiling.millis': 30000, u'storm.local.dir': u'storm-local', u'topology.receiver.buffer.size': 8, u'storm.zookeeper.servers': [u'localhost'], u'oauth.consumer_secret': u'ADf76fi3O1lKMzBxWnjqf93l3GHv28uar3bkblkvyBrAyoA23i', u'transactional.zookeeper.root': u'/transactional', u'drpc.request.timeout.secs': 600, u'topology.skip.missing.kryo.registrations': False, u'worker.heartbeat.frequency.secs': 1, u'zmq.hwm': 0, u'storm.zookeeper.connection.timeout': 15000, u'java.library.path': u'/usr/local/lib:/opt/local/lib:/usr/lib', u'topology.max.error.report.per.interval': 5, u'storm.messaging.netty.server_worker_threads': 1, u'storm.id': u'test-4-1462969332', u'supervisor.worker.start.timeout.secs': 120, u'zmq.threads': 1, u'topology.acker.executors': None, u'storm.messaging.netty.flush.check.interval.ms': 10, u'storm.messaging.netty.transfer.batch.size': 262144, u'topology.max.task.parallelism': None, u'topology.environment': None, u'storm.zookeeper.port': 2181, u'nimbus.childopts': u'-Xmx1024m', u'topology.classpath': None, u'worker.childopts': u'-Xmx768m', u'drpc.queue.size': 128, u'topology.multilang.serializer': u'backtype.storm.multilang.JsonSerializer', u'storm.zookeeper.retry.times': 5, u'nimbus.monitor.freq.secs': 10, u'storm.cluster.mode': u'distributed', u'dev.zookeeper.path': u'/tmp/dev-storm-zookeeper', u'drpc.invocations.port': 3773, u'topology.tasks': None, u'storm.zookeeper.root': u'/storm', u'logviewer.childopts': u'-Xmx128m', u'storm.meta.serialization.delegate': u'backtype.storm.serialization.DefaultSerializationDelegate', u'transactional.zookeeper.port': None, u'topology.worker.receiver.thread.count': 1, u'topology.worker.childopts': None, u'topology.max.spout.pending': None, u'topology.kryo.register': None, u'petrel.host': u'pipe-X550CC', u'nimbus.cleanup.inbox.freq.secs': 600, u'storm.messaging.netty.min_wait_ms': 100, u'nimbus.task.timeout.secs': 30, u'nimbus.thrift.max_buffer_size': 1048576, u'topology.sleep.spout.wait.strategy.time.ms': 1, u'nimbus.reassign': True, u'storm.messaging.transport': u'backtype.storm.messaging.netty.Context', u'logviewer.appender.name': u'A1', u'nimbus.host': u'localhost', u'ui.port': 8080, u'supervisor.slots.ports': [6700, 6701, 6702, 6703], u'nimbus.file.copy.expiration.secs': 600, u'supervisor.monitor.frequency.secs': 3, u'ui.childopts': u'-Xmx768m', u'transactional.zookeeper.servers': None, u'zmq.linger.millis': 5000, u'topology.error.throttle.interval.secs': 10, u'topology.worker.shared.thread.pool.size': 4, u'topology.executor.receive.buffer.size': 1024, u'topology.spout.wait.strategy': u'backtype.storm.spout.SleepSpoutWaitStrategy', u'task.heartbeat.frequency.secs': 3, u'topology.transfer.buffer.size': 1024, u'storm.zookeeper.session.timeout': 20000, u'storm.local.mode.zmq': False, u'topology.stats.sample.rate': 0.05, u'topology.fall.back.on.java.serialization': True, u'supervisor.childopts': u'-Xmx256m', u'topology.enable.message.timeouts': True, u'storm.messaging.netty.max_wait_ms': 1000, u'nimbus.topology.validator': u'backtype.storm.nimbus.DefaultTopologyValidator', u'nimbus.supervisor.timeout.secs': 60, u'topology.disruptor.wait.strategy': u'com.lmax.disruptor.BlockingWaitStrategy', u'storm.messaging.netty.buffer_size': 5242880, u'drpc.port': 3772, u'topology.kryo.factory': u'backtype.storm.serialization.DefaultKryoFactory', u'storm.zookeeper.retry.interval': 1000, u'storm.messaging.netty.max_retries': 300, u'topology.tick.tuple.freq.secs': 30, u'supervisor.enable': True, u'nimbus.task.launch.secs': 120, u'task.refresh.poll.secs': 10, u'topology.message.timeout.secs': 30, u'oauth.acess_token_secret': u'IiNOTfgE3tEZvW2HDQhRKPMoOLU43NXJCXk8maj51SdAT', u'petrel.user': u'root', u'nimbus.inbox.jar.expiration.secs': 3600, u'topology.state.synchronization.timeout.secs': 60, u'topology.name': u'test', u'supervisor.worker.timeout.secs': 30, u'topology.trident.batch.emit.interval.millis': 500, u'topology.builtin.metrics.bucket.size.secs': 60, u'storm.thrift.transport': u'backtype.storm.security.auth.SimpleTransportPlugin', u'logviewer.port': 8000, u'oauth.consumer_key': u'eaFmBSxUveRJfmyZYeabti9Q9', u'topology.kryo.decorators': [], u'topology.debug': False}, u'context': {u'task->component': {u'1': u'CountThreeWords', u'3': u'CountWord', u'2': u'CountTwoWords', u'5': u'ThreeWordDivider', u'4': u'KafkaConsumer', u'7': u'WordDivider', u'6': u'TwoWordDivider', u'8': u'__acker'}, u'taskid': 4}}
[2016-05-11 13:58:12,528][storm][INFO]Task sent pid to Storm
[2016-05-11 13:58:12,689][kafka.client][INFO]Broker version identifed as 0.9
[2016-05-11 13:58:12,707][kafka.consumer.subscription_state][INFO]Updating subscribed topics to: ['instanttopic']
[2016-05-11 13:58:12,789][kafka.cluster][INFO]Group coordinator for kafka-python-default-group is BrokerMetadata(nodeId=0, host=u'pipe-X550CC', port=9092)
[2016-05-11 13:58:12,829][kafka.coordinator][INFO]Joined group 'kafka-python-default-group' (generation 1) with member_id kafka-python-1.0.2-1d8d3b39-d0a9-4792-98c2-d4fa9885ac11
[2016-05-11 13:58:12,829][kafka.coordinator][INFO]Elected group leader -- performing partition assignments using range
[2016-05-11 13:58:12,869][kafka.consumer.subscription_state][INFO]Updated partition assignment: [TopicPartition(topic=u'instanttopic', partition=0)]
[2016-05-11 13:58:15,967][kafka.coordinator][INFO]Heartbeat successful
[2016-05-11 13:58:18,987][kafka.coordinator][INFO]Heartbeat successful
[2016-05-11 13:58:22,006][kafka.coordinator][INFO]Heartbeat successful
[2016-05-11 13:58:25,070][kafka.coordinator][INFO]Heartbeat successful
[2016-05-11 13:58:28,091][kafka.coordinator][INFO]Heartbeat successful
[2016-05-11 13:58:31,117][kafka.coordinator][INFO]Heartbeat successful
[2016-05-11 13:58:34,181][kafka.coordinator][INFO]Heartbeat successful
[2016-05-11 13:58:37,199][kafka.coordinator][INFO]Heartbeat successful
[2016-05-11 13:58:40,221][kafka.coordinator][INFO]Heartbeat successful
[2016-05-11 13:58:43,242][kafka.coordinator][INFO]Heartbeat successful
[2016-05-11 13:58:46,308][kafka.coordinator][INFO]Heartbeat successful
[2016-05-11 13:58:49,328][kafka.coordinator][INFO]Heartbeat successful
[2016-05-11 13:58:52,351][kafka.coordinator][INFO]Heartbeat successful
[2016-05-11 13:58:54,909][kafka.coordinator][INFO]Heartbeat successful
[2016-05-11 13:58:57,967][kafka.coordinator][INFO]Heartbeat successful
[2016-05-11 13:59:00,988][kafka.coordinator][INFO]Heartbeat successful
[2016-05-11 13:59:04,047][kafka.coordinator][INFO]Heartbeat successful
[2016-05-11 13:59:07,065][kafka.coordinator][INFO]Heartbeat successful
[2016-05-11 13:59:10,084][kafka.coordinator][INFO]Heartbeat successful
[2016-05-11 13:59:13,105][kafka.coordinator][INFO]Heartbeat successful
[2016-05-11 13:59:16,164][kafka.coordinator][INFO]Heartbeat successful
[2016-05-11 13:59:19,185][kafka.coordinator][INFO]Heartbeat successful
[2016-05-11 13:59:22,204][kafka.coordinator][INFO]Heartbeat successful
[2016-05-11 13:59:25,264][kafka.coordinator][INFO]Heartbeat successful
[2016-05-11 13:59:28,286][kafka.coordinator][INFO]Heartbeat successful
[2016-05-11 13:59:31,306][kafka.coordinator][INFO]Heartbeat successful
[2016-05-11 13:59:34,362][kafka.coordinator][INFO]Heartbeat successful
[2016-05-11 13:59:37,379][kafka.coordinator][INFO]Heartbeat successful
[2016-05-11 13:59:39,894][kafka.coordinator][INFO]Heartbeat successful
[2016-05-11 13:59:42,947][kafka.coordinator][INFO]Heartbeat successful
[2016-05-11 13:59:45,963][kafka.coordinator][INFO]Heartbeat successful
[2016-05-11 13:59:48,979][kafka.coordinator][INFO]Heartbeat successful
[2016-05-11 13:59:52,033][kafka.coordinator][INFO]Heartbeat successful
[2016-05-11 13:59:55,050][kafka.coordinator][INFO]Heartbeat successful
[2016-05-11 13:59:58,068][kafka.coordinator][INFO]Heartbeat successful
[2016-05-11 14:00:01,131][kafka.coordinator][INFO]Heartbeat successful
[2016-05-11 14:00:04,147][kafka.coordinator][INFO]Heartbeat successful
[2016-05-11 14:00:07,167][kafka.coordinator][INFO]Heartbeat successful
[2016-05-11 14:00:10,223][kafka.coordinator][INFO]Heartbeat successful
[2016-05-11 14:00:13,239][kafka.coordinator][INFO]Heartbeat successful
[2016-05-11 14:00:16,255][kafka.coordinator][INFO]Heartbeat successful
[2016-05-11 14:00:19,271][kafka.coordinator][INFO]Heartbeat successful
[2016-05-11 14:00:22,326][kafka.coordinator][INFO]Heartbeat successful
[2016-05-11 14:00:25,340][kafka.coordinator][INFO]Heartbeat successful
[2016-05-11 14:00:28,355][kafka.coordinator][INFO]Heartbeat successful
[2016-05-11 14:00:30,916][kafka.coordinator][INFO]Heartbeat successful
[2016-05-11 14:00:33,973][kafka.coordinator][INFO]Heartbeat successful
[2016-05-11 14:00:36,985][kafka.coordinator][INFO]Heartbeat successful
[2016-05-11 14:00:40,151][kafka.coordinator][INFO]Heartbeat successful
[2016-05-11 14:00:43,170][kafka.coordinator][INFO]Heartbeat successful
[2016-05-11 14:00:46,188][kafka.coordinator][INFO]Heartbeat successful
[2016-05-11 14:00:49,206][kafka.coordinator][INFO]Heartbeat successful
[2016-05-11 14:00:52,262][kafka.coordinator][INFO]Heartbeat successful
[2016-05-11 14:00:55,280][kafka.coordinator][INFO]Heartbeat successful
[2016-05-11 14:00:58,302][kafka.coordinator][INFO]Heartbeat successful
[2016-05-11 14:01:01,360][kafka.coordinator][INFO]Heartbeat successful
[2016-05-11 14:01:04,381][kafka.coordinator][INFO]Heartbeat successful
[2016-05-11 14:01:06,936][kafka.coordinator][INFO]Heartbeat successful
[2016-05-11 14:01:09,990][kafka.coordinator][INFO]Heartbeat successful
[2016-05-11 14:01:13,008][kafka.coordinator][INFO]Heartbeat successful
[2016-05-11 14:01:16,062][kafka.coordinator][INFO]Heartbeat successful
[2016-05-11 14:01:19,076][kafka.coordinator][INFO]Heartbeat successful
[2016-05-11 14:01:22,090][kafka.coordinator][INFO]Heartbeat successful
[2016-05-11 14:01:25,103][kafka.coordinator][INFO]Heartbeat successful
[2016-05-11 14:01:28,164][kafka.coordinator][INFO]Heartbeat successful
[2016-05-11 14:01:31,179][kafka.coordinator][INFO]Heartbeat successful
[2016-05-11 14:01:34,195][kafka.coordinator][INFO]Heartbeat successful
[2016-05-11 14:01:37,255][kafka.coordinator][INFO]Heartbeat successful
[2016-05-11 14:01:40,277][kafka.coordinator][INFO]Heartbeat successful
[2016-05-11 14:01:43,293][kafka.coordinator][INFO]Heartbeat successful
[2016-05-11 14:01:46,344][kafka.coordinator][INFO]Heartbeat successful
[2016-05-11 14:01:49,358][kafka.coordinator][INFO]Heartbeat successful
[2016-05-11 14:01:52,377][kafka.coordinator][INFO]Heartbeat successful
[2016-05-11 14:01:55,390][kafka.coordinator][INFO]Heartbeat successful
[2016-05-11 14:01:57,940][kafka.coordinator][INFO]Heartbeat successful
[2016-05-11 14:02:00,995][kafka.coordinator][INFO]Heartbeat successful
[2016-05-11 14:02:04,011][kafka.coordinator][INFO]Heartbeat successful
[2016-05-11 14:02:07,070][kafka.coordinator][INFO]Heartbeat successful
[2016-05-11 14:02:10,086][kafka.coordinator][INFO]Heartbeat successful
[2016-05-11 14:02:13,103][kafka.coordinator][INFO]Heartbeat successful
[2016-05-11 14:02:16,157][kafka.coordinator][INFO]Heartbeat successful
[2016-05-11 14:02:19,174][kafka.coordinator][INFO]Heartbeat successful
[2016-05-11 14:02:22,193][kafka.coordinator][INFO]Heartbeat successful
[2016-05-11 14:02:25,211][kafka.coordinator][INFO]Heartbeat successful
[2016-05-11 14:02:28,270][kafka.coordinator][INFO]Heartbeat successful
[2016-05-11 14:02:31,284][kafka.coordinator][INFO]Heartbeat successful
[2016-05-11 14:02:34,299][kafka.coordinator][INFO]Heartbeat successful
[2016-05-11 14:02:37,354][kafka.coordinator][INFO]Heartbeat successful
[2016-05-11 14:02:40,363][kafka.coordinator][INFO]Heartbeat successful
[2016-05-11 14:02:43,378][kafka.coordinator][INFO]Heartbeat successful
[2016-05-11 14:02:46,436][kafka.coordinator][INFO]Heartbeat successful
[2016-05-11 14:02:48,954][kafka.coordinator][INFO]Heartbeat successful
[2016-05-11 14:02:52,011][kafka.coordinator][INFO]Heartbeat successful
[2016-05-11 14:02:55,034][kafka.coordinator][INFO]Heartbeat successful
[2016-05-11 14:02:58,095][kafka.coordinator][INFO]Heartbeat successful
[2016-05-11 14:03:01,117][kafka.coordinator][INFO]Heartbeat successful
[2016-05-11 14:03:04,132][kafka.coordinator][INFO]Heartbeat successful
[2016-05-11 14:03:07,186][kafka.coordinator][INFO]Heartbeat successful
[2016-05-11 14:03:10,203][kafka.coordinator][INFO]Heartbeat successful
[2016-05-11 14:03:12,926][kafka.coordinator][WARNING]Coordinator unknown during heartbeat -- will retry
[2016-05-11 14:03:12,926][kafka.coordinator][WARNING]Heartbeat failed; retrying
[2016-05-11 14:03:13,026][kafka.coordinator][WARNING]Coordinator unknown during heartbeat -- will retry
[2016-05-11 14:03:13,027][kafka.coordinator][WARNING]Heartbeat failed; retrying
[2016-05-11 14:03:13,127][kafka.coordinator][WARNING]Coordinator unknown during heartbeat -- will retry
[2016-05-11 14:03:13,127][kafka.coordinator][WARNING]Heartbeat failed; retrying
[2016-05-11 14:03:13,228][kafka.coordinator][INFO]Heartbeat successful
[2016-05-11 14:03:16,279][kafka.coordinator][INFO]Heartbeat successful
[2016-05-11 14:03:19,298][kafka.coordinator][INFO]Heartbeat successful
[2016-05-11 14:03:22,358][kafka.coordinator][INFO]Heartbeat successful
[2016-05-11 14:03:25,380][kafka.coordinator][INFO]Heartbeat successful
[2016-05-11 14:03:28,394][kafka.coordinator][INFO]Heartbeat successful
[2016-05-11 14:03:31,408][kafka.coordinator][INFO]Heartbeat successful
[2016-05-11 14:03:34,461][kafka.coordinator][INFO]Heartbeat successful
[2016-05-11 14:03:37,480][kafka.coordinator][INFO]Heartbeat successful
