Beginning task setup

/usr/bin/flock
Using existing venv: /tmp/petrel-test-4-1462969332/venv
Task setup took 0 seconds
Launching: python -m petrel.run kafkaconsumer /home/pipe/twitterintel/twitterintel/topology/TopologyTweetTransformationSPAM/petrel19919_kafkaconsumer.log
/usr/local/lib/python2.7/dist-packages/petrel-0.9.4.0.3-py2.7.egg/petrel/run.py invoked with the following arguments: ['kafkaconsumer', '/home/pipe/twitterintel/twitterintel/topology/TopologyTweetTransformationSPAM/petrel19919_kafkaconsumer.log']
python version: 2.7.11
user=root
PATH=/tmp/petrel-test-4-1462969332/venv/bin:/root/SimpleScalar/simplesim-3.0:/root/SimpleScalar/bin:/root/SimpleScalar/gcc-2.6.3:/root/SimpleScalar/bin:/usr/local/sbin:/usr/local/bin:/usr/sbin:/usr/bin:/sbin:/bin:/usr/games:/usr/local/games:/home/pipe/Downloads/zookeeper-3.4.8/bin:/home/pipe/Downloads/apache-storm-0.9.4/bin
LD_LIBRARY_PATH=storm-local/supervisor/stormdist/test-4-1462969332/resources/Linux-amd64:storm-local/supervisor/stormdist/test-4-1462969332/resources:/usr/local/lib:/opt/local/lib:/usr/lib
PYTHON_EGG_CACHE=/tmp/petrel-test-4-1462969332/egg_cache
[2016-05-11 14:16:03,748][storm][INFO]Tuple profiling enabled. Will log tuple processing times.
[2016-05-11 14:16:04,017][storm][INFO]Task received setupInfo from Storm: {u'pidDir': u'/home/pipe/storm-local/workers/5fa1c748-349c-4734-b764-b485ffe9e90c/pids', u'conf': {u'oauth.acess_token': u' 702208758362087425-HZiyl1x7Bh98cQa1WLBDYylyu10Bpl7', u'topology.tuple.serializer': u'backtype.storm.serialization.types.ListDelegateSerializer', u'topology.workers': 1, u'drpc.worker.threads': 64, u'storm.messaging.netty.client_worker_threads': 1, u'supervisor.heartbeat.frequency.secs': 5, u'topology.executor.send.buffer.size': 1024, u'drpc.childopts': u'-Xmx768m', u'nimbus.thrift.port': 6627, u'storm.zookeeper.retry.intervalceiling.millis': 30000, u'storm.local.dir': u'storm-local', u'topology.receiver.buffer.size': 8, u'storm.zookeeper.servers': [u'localhost'], u'oauth.consumer_secret': u'ADf76fi3O1lKMzBxWnjqf93l3GHv28uar3bkblkvyBrAyoA23i', u'transactional.zookeeper.root': u'/transactional', u'drpc.request.timeout.secs': 600, u'topology.skip.missing.kryo.registrations': False, u'worker.heartbeat.frequency.secs': 1, u'zmq.hwm': 0, u'storm.zookeeper.connection.timeout': 15000, u'java.library.path': u'/usr/local/lib:/opt/local/lib:/usr/lib', u'topology.max.error.report.per.interval': 5, u'storm.messaging.netty.server_worker_threads': 1, u'storm.id': u'test-4-1462969332', u'supervisor.worker.start.timeout.secs': 120, u'zmq.threads': 1, u'topology.acker.executors': None, u'storm.messaging.netty.flush.check.interval.ms': 10, u'storm.messaging.netty.transfer.batch.size': 262144, u'topology.max.task.parallelism': None, u'topology.environment': None, u'storm.zookeeper.port': 2181, u'nimbus.childopts': u'-Xmx1024m', u'topology.classpath': None, u'worker.childopts': u'-Xmx768m', u'drpc.queue.size': 128, u'topology.multilang.serializer': u'backtype.storm.multilang.JsonSerializer', u'storm.zookeeper.retry.times': 5, u'nimbus.monitor.freq.secs': 10, u'storm.cluster.mode': u'distributed', u'dev.zookeeper.path': u'/tmp/dev-storm-zookeeper', u'drpc.invocations.port': 3773, u'topology.tasks': None, u'storm.zookeeper.root': u'/storm', u'logviewer.childopts': u'-Xmx128m', u'storm.meta.serialization.delegate': u'backtype.storm.serialization.DefaultSerializationDelegate', u'transactional.zookeeper.port': None, u'topology.worker.receiver.thread.count': 1, u'topology.worker.childopts': None, u'topology.max.spout.pending': None, u'topology.kryo.register': None, u'petrel.host': u'pipe-X550CC', u'nimbus.cleanup.inbox.freq.secs': 600, u'storm.messaging.netty.min_wait_ms': 100, u'nimbus.task.timeout.secs': 30, u'nimbus.thrift.max_buffer_size': 1048576, u'topology.sleep.spout.wait.strategy.time.ms': 1, u'nimbus.reassign': True, u'storm.messaging.transport': u'backtype.storm.messaging.netty.Context', u'logviewer.appender.name': u'A1', u'nimbus.host': u'localhost', u'ui.port': 8080, u'supervisor.slots.ports': [6700, 6701, 6702, 6703], u'nimbus.file.copy.expiration.secs': 600, u'supervisor.monitor.frequency.secs': 3, u'ui.childopts': u'-Xmx768m', u'transactional.zookeeper.servers': None, u'zmq.linger.millis': 5000, u'topology.error.throttle.interval.secs': 10, u'topology.worker.shared.thread.pool.size': 4, u'topology.executor.receive.buffer.size': 1024, u'topology.spout.wait.strategy': u'backtype.storm.spout.SleepSpoutWaitStrategy', u'task.heartbeat.frequency.secs': 3, u'topology.transfer.buffer.size': 1024, u'storm.zookeeper.session.timeout': 20000, u'storm.local.mode.zmq': False, u'topology.stats.sample.rate': 0.05, u'topology.fall.back.on.java.serialization': True, u'supervisor.childopts': u'-Xmx256m', u'topology.enable.message.timeouts': True, u'storm.messaging.netty.max_wait_ms': 1000, u'nimbus.topology.validator': u'backtype.storm.nimbus.DefaultTopologyValidator', u'nimbus.supervisor.timeout.secs': 60, u'topology.disruptor.wait.strategy': u'com.lmax.disruptor.BlockingWaitStrategy', u'storm.messaging.netty.buffer_size': 5242880, u'drpc.port': 3772, u'topology.kryo.factory': u'backtype.storm.serialization.DefaultKryoFactory', u'storm.zookeeper.retry.interval': 1000, u'storm.messaging.netty.max_retries': 300, u'topology.tick.tuple.freq.secs': 30, u'supervisor.enable': True, u'nimbus.task.launch.secs': 120, u'task.refresh.poll.secs': 10, u'topology.message.timeout.secs': 30, u'oauth.acess_token_secret': u'IiNOTfgE3tEZvW2HDQhRKPMoOLU43NXJCXk8maj51SdAT', u'petrel.user': u'root', u'nimbus.inbox.jar.expiration.secs': 3600, u'topology.state.synchronization.timeout.secs': 60, u'topology.name': u'test', u'supervisor.worker.timeout.secs': 30, u'topology.trident.batch.emit.interval.millis': 500, u'topology.builtin.metrics.bucket.size.secs': 60, u'storm.thrift.transport': u'backtype.storm.security.auth.SimpleTransportPlugin', u'logviewer.port': 8000, u'oauth.consumer_key': u'eaFmBSxUveRJfmyZYeabti9Q9', u'topology.kryo.decorators': [], u'topology.debug': False}, u'context': {u'task->component': {u'1': u'CountThreeWords', u'3': u'CountWord', u'2': u'CountTwoWords', u'5': u'ThreeWordDivider', u'4': u'KafkaConsumer', u'7': u'WordDivider', u'6': u'TwoWordDivider', u'8': u'__acker'}, u'taskid': 4}}
[2016-05-11 14:16:04,022][storm][INFO]Task sent pid to Storm
[2016-05-11 14:16:04,173][kafka.client][INFO]Broker version identifed as 0.9
[2016-05-11 14:16:04,175][kafka.consumer.subscription_state][INFO]Updating subscribed topics to: ['instanttopic']
[2016-05-11 14:16:04,256][kafka.cluster][INFO]Group coordinator for kafka-python-default-group is BrokerMetadata(nodeId=0, host=u'pipe-X550CC', port=9092)
[2016-05-11 14:16:04,297][kafka.coordinator][INFO]Joined group 'kafka-python-default-group' (generation 1) with member_id kafka-python-1.0.2-be126240-0f85-4930-a6b7-79be8a6430e1
[2016-05-11 14:16:04,297][kafka.coordinator][INFO]Elected group leader -- performing partition assignments using range
[2016-05-11 14:16:04,337][kafka.consumer.subscription_state][INFO]Updated partition assignment: [TopicPartition(topic=u'instanttopic', partition=0)]
[2016-05-11 14:16:07,430][kafka.coordinator][INFO]Heartbeat successful
[2016-05-11 14:16:10,449][kafka.coordinator][INFO]Heartbeat successful
[2016-05-11 14:16:13,468][kafka.coordinator][INFO]Heartbeat successful
[2016-05-11 14:16:16,541][kafka.coordinator][INFO]Heartbeat successful
[2016-05-11 14:16:19,557][kafka.coordinator][INFO]Heartbeat successful
[2016-05-11 14:16:22,579][kafka.coordinator][INFO]Heartbeat successful
[2016-05-11 14:16:25,636][kafka.coordinator][INFO]Heartbeat successful
[2016-05-11 14:16:28,649][kafka.coordinator][INFO]Heartbeat successful
[2016-05-11 14:16:31,664][kafka.coordinator][INFO]Heartbeat successful
[2016-05-11 14:16:34,684][kafka.coordinator][INFO]Heartbeat successful
[2016-05-11 14:16:37,745][kafka.coordinator][INFO]Heartbeat successful
[2016-05-11 14:16:40,767][kafka.coordinator][INFO]Heartbeat successful
[2016-05-11 14:16:43,787][kafka.coordinator][INFO]Heartbeat successful
[2016-05-11 14:16:46,849][kafka.coordinator][INFO]Heartbeat successful
[2016-05-11 14:16:49,360][kafka.coordinator][INFO]Heartbeat successful
[2016-05-11 14:16:52,414][kafka.coordinator][INFO]Heartbeat successful
[2016-05-11 14:16:55,466][kafka.coordinator][INFO]Heartbeat successful
[2016-05-11 14:16:58,484][kafka.coordinator][INFO]Heartbeat successful
[2016-05-11 14:17:01,503][kafka.coordinator][INFO]Heartbeat successful
[2016-05-11 14:17:04,520][kafka.coordinator][INFO]Heartbeat successful
[2016-05-11 14:17:07,578][kafka.coordinator][INFO]Heartbeat successful
[2016-05-11 14:17:10,596][kafka.coordinator][INFO]Heartbeat successful
[2016-05-11 14:17:13,609][kafka.coordinator][INFO]Heartbeat successful
[2016-05-11 14:17:16,662][kafka.coordinator][INFO]Heartbeat successful
[2016-05-11 14:17:19,673][kafka.coordinator][INFO]Heartbeat successful
[2016-05-11 14:17:22,687][kafka.coordinator][INFO]Heartbeat successful
[2016-05-11 14:17:25,741][kafka.coordinator][INFO]Heartbeat successful
[2016-05-11 14:17:28,759][kafka.coordinator][INFO]Heartbeat successful
[2016-05-11 14:17:31,781][kafka.coordinator][INFO]Heartbeat successful
[2016-05-11 14:17:34,797][kafka.coordinator][INFO]Heartbeat successful
[2016-05-11 14:17:37,848][kafka.coordinator][INFO]Heartbeat successful
[2016-05-11 14:17:40,356][kafka.coordinator][INFO]Heartbeat successful
[2016-05-11 14:17:43,523][kafka.coordinator][INFO]Heartbeat successful
[2016-05-11 14:17:46,535][kafka.coordinator][INFO]Heartbeat successful
[2016-05-11 14:17:49,547][kafka.coordinator][INFO]Heartbeat successful
[2016-05-11 14:17:52,600][kafka.coordinator][INFO]Heartbeat successful
[2016-05-11 14:17:55,617][kafka.coordinator][INFO]Heartbeat successful
[2016-05-11 14:17:58,636][kafka.coordinator][INFO]Heartbeat successful
[2016-05-11 14:18:01,697][kafka.coordinator][INFO]Heartbeat successful
[2016-05-11 14:18:04,711][kafka.coordinator][INFO]Heartbeat successful
[2016-05-11 14:18:07,728][kafka.coordinator][INFO]Heartbeat successful
[2016-05-11 14:18:10,750][kafka.coordinator][INFO]Heartbeat successful
[2016-05-11 14:18:13,811][kafka.coordinator][INFO]Heartbeat successful
[2016-05-11 14:18:16,829][kafka.coordinator][INFO]Heartbeat successful
[2016-05-11 14:18:19,842][kafka.coordinator][INFO]Heartbeat successful
[2016-05-11 14:18:22,393][kafka.coordinator][INFO]Heartbeat successful
[2016-05-11 14:18:25,444][kafka.coordinator][INFO]Heartbeat successful
[2016-05-11 14:18:28,457][kafka.coordinator][INFO]Heartbeat successful
[2016-05-11 14:18:31,510][kafka.coordinator][INFO]Heartbeat successful
[2016-05-11 14:18:34,525][kafka.coordinator][INFO]Heartbeat successful
[2016-05-11 14:18:37,540][kafka.coordinator][INFO]Heartbeat successful
[2016-05-11 14:18:40,553][kafka.coordinator][INFO]Heartbeat successful
[2016-05-11 14:18:43,605][kafka.coordinator][INFO]Heartbeat successful
[2016-05-11 14:18:46,619][kafka.coordinator][INFO]Heartbeat successful
[2016-05-11 14:18:49,633][kafka.coordinator][INFO]Heartbeat successful
[2016-05-11 14:18:52,686][kafka.coordinator][INFO]Heartbeat successful
[2016-05-11 14:18:55,708][kafka.coordinator][INFO]Heartbeat successful
[2016-05-11 14:18:58,722][kafka.coordinator][INFO]Heartbeat successful
[2016-05-11 14:19:01,775][kafka.coordinator][INFO]Heartbeat successful
[2016-05-11 14:19:04,787][kafka.coordinator][INFO]Heartbeat successful
[2016-05-11 14:19:07,802][kafka.coordinator][INFO]Heartbeat successful
[2016-05-11 14:19:10,818][kafka.coordinator][INFO]Heartbeat successful
[2016-05-11 14:19:13,876][kafka.coordinator][INFO]Heartbeat successful
[2016-05-11 14:19:16,389][kafka.coordinator][INFO]Heartbeat successful
[2016-05-11 14:19:19,442][kafka.coordinator][INFO]Heartbeat successful
[2016-05-11 14:19:22,462][kafka.coordinator][INFO]Heartbeat successful
[2016-05-11 14:19:25,480][kafka.coordinator][INFO]Heartbeat successful
[2016-05-11 14:19:28,537][kafka.coordinator][INFO]Heartbeat successful
[2016-05-11 14:19:31,550][kafka.coordinator][INFO]Heartbeat successful
[2016-05-11 14:19:34,568][kafka.coordinator][INFO]Heartbeat successful
[2016-05-11 14:19:37,620][kafka.coordinator][INFO]Heartbeat successful
[2016-05-11 14:19:40,637][kafka.coordinator][INFO]Heartbeat successful
[2016-05-11 14:19:43,473][kafka.coordinator][INFO]Heartbeat successful
[2016-05-11 14:19:46,492][kafka.coordinator][INFO]Heartbeat successful
[2016-05-11 14:19:49,508][kafka.coordinator][INFO]Heartbeat successful
[2016-05-11 14:19:52,558][kafka.coordinator][INFO]Heartbeat successful
[2016-05-11 14:19:55,576][kafka.coordinator][INFO]Heartbeat successful
[2016-05-11 14:19:58,592][kafka.coordinator][INFO]Heartbeat successful
[2016-05-11 14:20:01,606][kafka.coordinator][INFO]Heartbeat successful
[2016-05-11 14:20:04,656][kafka.coordinator][INFO]Heartbeat successful
[2016-05-11 14:20:07,676][kafka.coordinator][INFO]Heartbeat successful
[2016-05-11 14:20:10,690][kafka.coordinator][INFO]Heartbeat successful
[2016-05-11 14:20:13,747][kafka.coordinator][INFO]Heartbeat successful
[2016-05-11 14:20:16,767][kafka.coordinator][INFO]Heartbeat successful
[2016-05-11 14:20:19,780][kafka.coordinator][INFO]Heartbeat successful
[2016-05-11 14:20:22,688][kafka.coordinator][INFO]Heartbeat successful
[2016-05-11 14:20:25,701][kafka.coordinator][INFO]Heartbeat successful
[2016-05-11 14:20:28,756][kafka.coordinator][INFO]Heartbeat successful
[2016-05-11 14:20:31,771][kafka.coordinator][INFO]Heartbeat successful
[2016-05-11 14:20:34,787][kafka.coordinator][INFO]Heartbeat successful
[2016-05-11 14:20:37,801][kafka.coordinator][INFO]Heartbeat successful
[2016-05-11 14:20:40,851][kafka.coordinator][INFO]Heartbeat successful
[2016-05-11 14:20:43,869][kafka.coordinator][INFO]Heartbeat successful
[2016-05-11 14:20:46,389][kafka.coordinator][INFO]Heartbeat successful
[2016-05-11 14:20:49,441][kafka.coordinator][INFO]Heartbeat successful
[2016-05-11 14:20:52,454][kafka.coordinator][INFO]Heartbeat successful
[2016-05-11 14:20:55,505][kafka.coordinator][INFO]Heartbeat successful
[2016-05-11 14:20:58,527][kafka.coordinator][INFO]Heartbeat successful
[2016-05-11 14:21:01,547][kafka.coordinator][INFO]Heartbeat successful
[2016-05-11 14:21:04,390][kafka.coordinator][WARNING]Coordinator unknown during heartbeat -- will retry
[2016-05-11 14:21:04,391][kafka.coordinator][WARNING]Heartbeat failed; retrying
[2016-05-11 14:21:04,491][kafka.coordinator][WARNING]Coordinator unknown during heartbeat -- will retry
[2016-05-11 14:21:04,491][kafka.coordinator][WARNING]Heartbeat failed; retrying
[2016-05-11 14:21:04,592][kafka.coordinator][WARNING]Coordinator unknown during heartbeat -- will retry
[2016-05-11 14:21:04,592][kafka.coordinator][WARNING]Heartbeat failed; retrying
[2016-05-11 14:21:04,696][kafka.coordinator][INFO]Heartbeat successful
[2016-05-11 14:21:07,749][kafka.coordinator][INFO]Heartbeat successful
[2016-05-11 14:21:10,768][kafka.coordinator][INFO]Heartbeat successful
[2016-05-11 14:21:13,822][kafka.coordinator][INFO]Heartbeat successful
[2016-05-11 14:21:16,836][kafka.coordinator][INFO]Heartbeat successful
[2016-05-11 14:21:19,859][kafka.coordinator][INFO]Heartbeat successful
[2016-05-11 14:21:22,872][kafka.coordinator][INFO]Heartbeat successful
[2016-05-11 14:21:25,923][kafka.coordinator][INFO]Heartbeat successful
