Beginning task setup

/usr/bin/flock
Using existing venv: /tmp/petrel-test-4-1462969332/venv
Task setup took 0 seconds
Launching: python -m petrel.run kafkaconsumer /home/pipe/twitterintel/twitterintel/topology/TopologyTweetTransformationSPAM/petrel29599_kafkaconsumer.log
/usr/local/lib/python2.7/dist-packages/petrel-0.9.4.0.3-py2.7.egg/petrel/run.py invoked with the following arguments: ['kafkaconsumer', '/home/pipe/twitterintel/twitterintel/topology/TopologyTweetTransformationSPAM/petrel29599_kafkaconsumer.log']
python version: 2.7.11
user=root
PATH=/tmp/petrel-test-4-1462969332/venv/bin:/root/SimpleScalar/simplesim-3.0:/root/SimpleScalar/bin:/root/SimpleScalar/gcc-2.6.3:/root/SimpleScalar/bin:/usr/local/sbin:/usr/local/bin:/usr/sbin:/usr/bin:/sbin:/bin:/usr/games:/usr/local/games:/home/pipe/Downloads/zookeeper-3.4.8/bin:/home/pipe/Downloads/apache-storm-0.9.4/bin
LD_LIBRARY_PATH=storm-local/supervisor/stormdist/test-4-1462969332/resources/Linux-amd64:storm-local/supervisor/stormdist/test-4-1462969332/resources:/usr/local/lib:/opt/local/lib:/usr/lib
PYTHON_EGG_CACHE=/tmp/petrel-test-4-1462969332/egg_cache
[2016-05-11 15:32:51,521][storm][INFO]Tuple profiling enabled. Will log tuple processing times.
[2016-05-11 15:32:51,800][storm][INFO]Task received setupInfo from Storm: {u'pidDir': u'/home/pipe/storm-local/workers/87611263-7eca-4d5d-a4fb-4c5aa9fb7215/pids', u'conf': {u'oauth.acess_token': u' 702208758362087425-HZiyl1x7Bh98cQa1WLBDYylyu10Bpl7', u'topology.tuple.serializer': u'backtype.storm.serialization.types.ListDelegateSerializer', u'topology.workers': 1, u'drpc.worker.threads': 64, u'storm.messaging.netty.client_worker_threads': 1, u'supervisor.heartbeat.frequency.secs': 5, u'topology.executor.send.buffer.size': 1024, u'drpc.childopts': u'-Xmx768m', u'nimbus.thrift.port': 6627, u'storm.zookeeper.retry.intervalceiling.millis': 30000, u'storm.local.dir': u'storm-local', u'topology.receiver.buffer.size': 8, u'storm.zookeeper.servers': [u'localhost'], u'oauth.consumer_secret': u'ADf76fi3O1lKMzBxWnjqf93l3GHv28uar3bkblkvyBrAyoA23i', u'transactional.zookeeper.root': u'/transactional', u'drpc.request.timeout.secs': 600, u'topology.skip.missing.kryo.registrations': False, u'worker.heartbeat.frequency.secs': 1, u'zmq.hwm': 0, u'storm.zookeeper.connection.timeout': 15000, u'java.library.path': u'/usr/local/lib:/opt/local/lib:/usr/lib', u'topology.max.error.report.per.interval': 5, u'storm.messaging.netty.server_worker_threads': 1, u'storm.id': u'test-4-1462969332', u'supervisor.worker.start.timeout.secs': 120, u'zmq.threads': 1, u'topology.acker.executors': None, u'storm.messaging.netty.flush.check.interval.ms': 10, u'storm.messaging.netty.transfer.batch.size': 262144, u'topology.max.task.parallelism': None, u'topology.environment': None, u'storm.zookeeper.port': 2181, u'nimbus.childopts': u'-Xmx1024m', u'topology.classpath': None, u'worker.childopts': u'-Xmx768m', u'drpc.queue.size': 128, u'topology.multilang.serializer': u'backtype.storm.multilang.JsonSerializer', u'storm.zookeeper.retry.times': 5, u'nimbus.monitor.freq.secs': 10, u'storm.cluster.mode': u'distributed', u'dev.zookeeper.path': u'/tmp/dev-storm-zookeeper', u'drpc.invocations.port': 3773, u'topology.tasks': None, u'storm.zookeeper.root': u'/storm', u'logviewer.childopts': u'-Xmx128m', u'storm.meta.serialization.delegate': u'backtype.storm.serialization.DefaultSerializationDelegate', u'transactional.zookeeper.port': None, u'topology.worker.receiver.thread.count': 1, u'topology.worker.childopts': None, u'topology.max.spout.pending': None, u'topology.kryo.register': None, u'petrel.host': u'pipe-X550CC', u'nimbus.cleanup.inbox.freq.secs': 600, u'storm.messaging.netty.min_wait_ms': 100, u'nimbus.task.timeout.secs': 30, u'nimbus.thrift.max_buffer_size': 1048576, u'topology.sleep.spout.wait.strategy.time.ms': 1, u'nimbus.reassign': True, u'storm.messaging.transport': u'backtype.storm.messaging.netty.Context', u'logviewer.appender.name': u'A1', u'nimbus.host': u'localhost', u'ui.port': 8080, u'supervisor.slots.ports': [6700, 6701, 6702, 6703], u'nimbus.file.copy.expiration.secs': 600, u'supervisor.monitor.frequency.secs': 3, u'ui.childopts': u'-Xmx768m', u'transactional.zookeeper.servers': None, u'zmq.linger.millis': 5000, u'topology.error.throttle.interval.secs': 10, u'topology.worker.shared.thread.pool.size': 4, u'topology.executor.receive.buffer.size': 1024, u'topology.spout.wait.strategy': u'backtype.storm.spout.SleepSpoutWaitStrategy', u'task.heartbeat.frequency.secs': 3, u'topology.transfer.buffer.size': 1024, u'storm.zookeeper.session.timeout': 20000, u'storm.local.mode.zmq': False, u'topology.stats.sample.rate': 0.05, u'topology.fall.back.on.java.serialization': True, u'supervisor.childopts': u'-Xmx256m', u'topology.enable.message.timeouts': True, u'storm.messaging.netty.max_wait_ms': 1000, u'nimbus.topology.validator': u'backtype.storm.nimbus.DefaultTopologyValidator', u'nimbus.supervisor.timeout.secs': 60, u'topology.disruptor.wait.strategy': u'com.lmax.disruptor.BlockingWaitStrategy', u'storm.messaging.netty.buffer_size': 5242880, u'drpc.port': 3772, u'topology.kryo.factory': u'backtype.storm.serialization.DefaultKryoFactory', u'storm.zookeeper.retry.interval': 1000, u'storm.messaging.netty.max_retries': 300, u'topology.tick.tuple.freq.secs': 30, u'supervisor.enable': True, u'nimbus.task.launch.secs': 120, u'task.refresh.poll.secs': 10, u'topology.message.timeout.secs': 30, u'oauth.acess_token_secret': u'IiNOTfgE3tEZvW2HDQhRKPMoOLU43NXJCXk8maj51SdAT', u'petrel.user': u'root', u'nimbus.inbox.jar.expiration.secs': 3600, u'topology.state.synchronization.timeout.secs': 60, u'topology.name': u'test', u'supervisor.worker.timeout.secs': 30, u'topology.trident.batch.emit.interval.millis': 500, u'topology.builtin.metrics.bucket.size.secs': 60, u'storm.thrift.transport': u'backtype.storm.security.auth.SimpleTransportPlugin', u'logviewer.port': 8000, u'oauth.consumer_key': u'eaFmBSxUveRJfmyZYeabti9Q9', u'topology.kryo.decorators': [], u'topology.debug': False}, u'context': {u'task->component': {u'1': u'CountThreeWords', u'3': u'CountWord', u'2': u'CountTwoWords', u'5': u'ThreeWordDivider', u'4': u'KafkaConsumer', u'7': u'WordDivider', u'6': u'TwoWordDivider', u'8': u'__acker'}, u'taskid': 4}}
[2016-05-11 15:32:51,807][storm][INFO]Task sent pid to Storm
[2016-05-11 15:32:51,957][kafka.client][INFO]Broker version identifed as 0.9
[2016-05-11 15:32:51,991][kafka.consumer.subscription_state][INFO]Updating subscribed topics to: ['instanttopic']
[2016-05-11 15:32:52,072][kafka.cluster][INFO]Group coordinator for kafka-python-default-group is BrokerMetadata(nodeId=0, host=u'pipe-X550CC', port=9092)
[2016-05-11 15:32:55,405][kafka.coordinator][INFO]Joined group 'kafka-python-default-group' (generation 3) with member_id kafka-python-1.0.2-761752e0-4683-4c31-b9ba-80803700bb63
[2016-05-11 15:32:55,406][kafka.coordinator][INFO]Elected group leader -- performing partition assignments using range
[2016-05-11 15:32:55,410][kafka.consumer.subscription_state][INFO]Updated partition assignment: [TopicPartition(topic=u'instanttopic', partition=0)]
[2016-05-11 15:32:58,509][kafka.coordinator][INFO]Heartbeat successful
[2016-05-11 15:33:01,533][kafka.coordinator][INFO]Heartbeat successful
[2016-05-11 15:33:04,553][kafka.coordinator][INFO]Heartbeat successful
[2016-05-11 15:33:07,616][kafka.coordinator][INFO]Heartbeat successful
[2016-05-11 15:33:10,639][kafka.coordinator][INFO]Heartbeat successful
[2016-05-11 15:33:13,660][kafka.coordinator][INFO]Heartbeat successful
[2016-05-11 15:33:16,726][kafka.coordinator][INFO]Heartbeat successful
[2016-05-11 15:33:19,749][kafka.coordinator][INFO]Heartbeat successful
[2016-05-11 15:33:22,774][kafka.coordinator][INFO]Heartbeat successful
[2016-05-11 15:33:25,798][kafka.coordinator][INFO]Heartbeat successful
[2016-05-11 15:33:28,866][kafka.coordinator][INFO]Heartbeat successful
[2016-05-11 15:33:31,889][kafka.coordinator][INFO]Heartbeat successful
[2016-05-11 15:33:34,911][kafka.coordinator][INFO]Heartbeat successful
[2016-05-11 15:33:37,471][kafka.coordinator][INFO]Heartbeat successful
[2016-05-11 15:33:40,495][kafka.coordinator][INFO]Heartbeat successful
[2016-05-11 15:33:43,518][kafka.coordinator][INFO]Heartbeat successful
[2016-05-11 15:33:46,585][kafka.coordinator][INFO]Heartbeat successful
[2016-05-11 15:33:49,609][kafka.coordinator][INFO]Heartbeat successful
[2016-05-11 15:33:52,636][kafka.coordinator][INFO]Heartbeat successful
[2016-05-11 15:33:55,661][kafka.coordinator][INFO]Heartbeat successful
[2016-05-11 15:33:58,689][kafka.coordinator][INFO]Heartbeat successful
[2016-05-11 15:34:01,752][kafka.coordinator][INFO]Heartbeat successful
[2016-05-11 15:34:04,774][kafka.coordinator][INFO]Heartbeat successful
[2016-05-11 15:34:07,796][kafka.coordinator][INFO]Heartbeat successful
[2016-05-11 15:34:10,821][kafka.coordinator][INFO]Heartbeat successful
[2016-05-11 15:34:13,847][kafka.coordinator][INFO]Heartbeat successful
[2016-05-11 15:34:16,912][kafka.coordinator][INFO]Heartbeat successful
[2016-05-11 15:34:19,431][kafka.coordinator][INFO]Heartbeat successful
[2016-05-11 15:34:22,500][kafka.coordinator][INFO]Heartbeat successful
[2016-05-11 15:34:25,524][kafka.coordinator][INFO]Heartbeat successful
[2016-05-11 15:34:28,584][kafka.coordinator][INFO]Heartbeat successful
[2016-05-11 15:34:31,610][kafka.coordinator][INFO]Heartbeat successful
[2016-05-11 15:34:34,635][kafka.coordinator][INFO]Heartbeat successful
[2016-05-11 15:34:37,701][kafka.coordinator][INFO]Heartbeat successful
[2016-05-11 15:34:40,722][kafka.coordinator][INFO]Heartbeat successful
[2016-05-11 15:34:43,746][kafka.coordinator][INFO]Heartbeat successful
[2016-05-11 15:34:46,768][kafka.coordinator][INFO]Heartbeat successful
[2016-05-11 15:34:49,834][kafka.coordinator][INFO]Heartbeat successful
[2016-05-11 15:34:52,860][kafka.coordinator][INFO]Heartbeat successful
[2016-05-11 15:34:55,882][kafka.coordinator][INFO]Heartbeat successful
[2016-05-11 15:34:58,445][kafka.coordinator][INFO]Heartbeat successful
[2016-05-11 15:35:01,503][kafka.coordinator][INFO]Heartbeat successful
[2016-05-11 15:35:04,523][kafka.coordinator][INFO]Heartbeat successful
[2016-05-11 15:35:07,591][kafka.coordinator][INFO]Heartbeat successful
[2016-05-11 15:35:10,613][kafka.coordinator][INFO]Heartbeat successful
[2016-05-11 15:35:13,638][kafka.coordinator][INFO]Heartbeat successful
[2016-05-11 15:35:16,663][kafka.coordinator][INFO]Heartbeat successful
[2016-05-11 15:35:19,685][kafka.coordinator][INFO]Heartbeat successful
[2016-05-11 15:35:22,753][kafka.coordinator][INFO]Heartbeat successful
[2016-05-11 15:35:25,775][kafka.coordinator][INFO]Heartbeat successful
[2016-05-11 15:35:28,799][kafka.coordinator][INFO]Heartbeat successful
[2016-05-11 15:35:31,820][kafka.coordinator][INFO]Heartbeat successful
[2016-05-11 15:35:34,883][kafka.coordinator][INFO]Heartbeat successful
[2016-05-11 15:35:37,911][kafka.coordinator][INFO]Heartbeat successful
[2016-05-11 15:35:40,933][kafka.coordinator][INFO]Heartbeat successful
[2016-05-11 15:35:43,457][kafka.coordinator][INFO]Heartbeat successful
[2016-05-11 15:35:46,515][kafka.coordinator][INFO]Heartbeat successful
[2016-05-11 15:35:49,536][kafka.coordinator][INFO]Heartbeat successful
[2016-05-11 15:35:52,562][kafka.coordinator][INFO]Heartbeat successful
[2016-05-11 15:35:55,583][kafka.coordinator][INFO]Heartbeat successful
[2016-05-11 15:35:58,649][kafka.coordinator][INFO]Heartbeat successful
[2016-05-11 15:36:01,674][kafka.coordinator][INFO]Heartbeat successful
[2016-05-11 15:36:04,698][kafka.coordinator][INFO]Heartbeat successful
[2016-05-11 15:36:07,722][kafka.coordinator][INFO]Heartbeat successful
[2016-05-11 15:36:10,789][kafka.coordinator][INFO]Heartbeat successful
[2016-05-11 15:36:13,817][kafka.coordinator][INFO]Heartbeat successful
[2016-05-11 15:36:16,840][kafka.coordinator][INFO]Heartbeat successful
[2016-05-11 15:36:19,898][kafka.coordinator][INFO]Heartbeat successful
[2016-05-11 15:36:22,917][kafka.coordinator][INFO]Heartbeat successful
[2016-05-11 15:36:25,938][kafka.coordinator][INFO]Heartbeat successful
[2016-05-11 15:36:28,497][kafka.coordinator][INFO]Heartbeat successful
[2016-05-11 15:36:31,556][kafka.coordinator][INFO]Heartbeat successful
[2016-05-11 15:36:34,582][kafka.coordinator][INFO]Heartbeat successful
[2016-05-11 15:36:37,606][kafka.coordinator][INFO]Heartbeat successful
[2016-05-11 15:36:40,664][kafka.coordinator][INFO]Heartbeat successful
[2016-05-11 15:36:43,694][kafka.coordinator][INFO]Heartbeat successful
[2016-05-11 15:36:46,717][kafka.coordinator][INFO]Heartbeat successful
[2016-05-11 15:36:49,741][kafka.coordinator][INFO]Heartbeat successful
[2016-05-11 15:36:52,764][kafka.coordinator][INFO]Heartbeat successful
[2016-05-11 15:36:55,789][kafka.coordinator][INFO]Heartbeat successful
[2016-05-11 15:36:58,848][kafka.coordinator][INFO]Heartbeat successful
[2016-05-11 15:37:01,871][kafka.coordinator][INFO]Heartbeat successful
[2016-05-11 15:37:04,893][kafka.coordinator][INFO]Heartbeat successful
[2016-05-11 15:37:07,913][kafka.coordinator][INFO]Heartbeat successful
[2016-05-11 15:37:10,479][kafka.coordinator][INFO]Heartbeat successful
[2016-05-11 15:37:13,545][kafka.coordinator][INFO]Heartbeat successful
[2016-05-11 15:37:16,569][kafka.coordinator][INFO]Heartbeat successful
[2016-05-11 15:37:19,631][kafka.coordinator][INFO]Heartbeat successful
[2016-05-11 15:37:22,652][kafka.coordinator][INFO]Heartbeat successful
[2016-05-11 15:37:25,679][kafka.coordinator][INFO]Heartbeat successful
[2016-05-11 15:37:28,704][kafka.coordinator][INFO]Heartbeat successful
[2016-05-11 15:37:31,730][kafka.coordinator][INFO]Heartbeat successful
[2016-05-11 15:37:34,792][kafka.coordinator][INFO]Heartbeat successful
[2016-05-11 15:37:37,816][kafka.coordinator][INFO]Heartbeat successful
[2016-05-11 15:37:40,842][kafka.coordinator][INFO]Heartbeat successful
[2016-05-11 15:37:43,865][kafka.coordinator][INFO]Heartbeat successful
[2016-05-11 15:37:46,932][kafka.coordinator][INFO]Heartbeat successful
[2016-05-11 15:37:49,956][kafka.coordinator][INFO]Heartbeat successful
[2016-05-11 15:37:52,981][kafka.coordinator][INFO]Heartbeat successful
[2016-05-11 15:37:55,540][kafka.coordinator][INFO]Heartbeat successful
[2016-05-11 15:37:58,563][kafka.coordinator][INFO]Heartbeat successful
[2016-05-11 15:38:01,588][kafka.coordinator][INFO]Heartbeat successful
[2016-05-11 15:38:04,649][kafka.coordinator][INFO]Heartbeat successful
[2016-05-11 15:38:07,673][kafka.coordinator][INFO]Heartbeat successful
[2016-05-11 15:38:10,702][kafka.coordinator][INFO]Heartbeat successful
[2016-05-11 15:38:13,725][kafka.coordinator][INFO]Heartbeat successful
[2016-05-11 15:38:16,751][kafka.coordinator][INFO]Heartbeat successful
[2016-05-11 15:38:19,817][kafka.coordinator][INFO]Heartbeat successful
