Beginning task setup

/usr/bin/flock
Using existing venv: /tmp/petrel-test-4-1462969332/venv
Task setup took 0 seconds
Launching: python -m petrel.run kafkaconsumer /home/pipe/twitterintel/twitterintel/topology/TopologyTweetTransformationSPAM/petrel16909_kafkaconsumer.log
/usr/local/lib/python2.7/dist-packages/petrel-0.9.4.0.3-py2.7.egg/petrel/run.py invoked with the following arguments: ['kafkaconsumer', '/home/pipe/twitterintel/twitterintel/topology/TopologyTweetTransformationSPAM/petrel16909_kafkaconsumer.log']
python version: 2.7.11
user=root
PATH=/tmp/petrel-test-4-1462969332/venv/bin:/root/SimpleScalar/simplesim-3.0:/root/SimpleScalar/bin:/root/SimpleScalar/gcc-2.6.3:/root/SimpleScalar/bin:/usr/local/sbin:/usr/local/bin:/usr/sbin:/usr/bin:/sbin:/bin:/usr/games:/usr/local/games:/home/pipe/Downloads/zookeeper-3.4.8/bin:/home/pipe/Downloads/apache-storm-0.9.4/bin
LD_LIBRARY_PATH=storm-local/supervisor/stormdist/test-4-1462969332/resources/Linux-amd64:storm-local/supervisor/stormdist/test-4-1462969332/resources:/usr/local/lib:/opt/local/lib:/usr/lib
PYTHON_EGG_CACHE=/tmp/petrel-test-4-1462969332/egg_cache
[2016-05-11 13:52:12,947][storm][INFO]Tuple profiling enabled. Will log tuple processing times.
[2016-05-11 13:52:13,167][storm][INFO]Task received setupInfo from Storm: {u'pidDir': u'/home/pipe/storm-local/workers/2a29bcdf-fef1-4c5b-8a9f-e1dd794bd1a0/pids', u'conf': {u'oauth.acess_token': u' 702208758362087425-HZiyl1x7Bh98cQa1WLBDYylyu10Bpl7', u'topology.tuple.serializer': u'backtype.storm.serialization.types.ListDelegateSerializer', u'topology.workers': 1, u'drpc.worker.threads': 64, u'storm.messaging.netty.client_worker_threads': 1, u'supervisor.heartbeat.frequency.secs': 5, u'topology.executor.send.buffer.size': 1024, u'drpc.childopts': u'-Xmx768m', u'nimbus.thrift.port': 6627, u'storm.zookeeper.retry.intervalceiling.millis': 30000, u'storm.local.dir': u'storm-local', u'topology.receiver.buffer.size': 8, u'storm.zookeeper.servers': [u'localhost'], u'oauth.consumer_secret': u'ADf76fi3O1lKMzBxWnjqf93l3GHv28uar3bkblkvyBrAyoA23i', u'transactional.zookeeper.root': u'/transactional', u'drpc.request.timeout.secs': 600, u'topology.skip.missing.kryo.registrations': False, u'worker.heartbeat.frequency.secs': 1, u'zmq.hwm': 0, u'storm.zookeeper.connection.timeout': 15000, u'java.library.path': u'/usr/local/lib:/opt/local/lib:/usr/lib', u'topology.max.error.report.per.interval': 5, u'storm.messaging.netty.server_worker_threads': 1, u'storm.id': u'test-4-1462969332', u'supervisor.worker.start.timeout.secs': 120, u'zmq.threads': 1, u'topology.acker.executors': None, u'storm.messaging.netty.flush.check.interval.ms': 10, u'storm.messaging.netty.transfer.batch.size': 262144, u'topology.max.task.parallelism': None, u'topology.environment': None, u'storm.zookeeper.port': 2181, u'nimbus.childopts': u'-Xmx1024m', u'topology.classpath': None, u'worker.childopts': u'-Xmx768m', u'drpc.queue.size': 128, u'topology.multilang.serializer': u'backtype.storm.multilang.JsonSerializer', u'storm.zookeeper.retry.times': 5, u'nimbus.monitor.freq.secs': 10, u'storm.cluster.mode': u'distributed', u'dev.zookeeper.path': u'/tmp/dev-storm-zookeeper', u'drpc.invocations.port': 3773, u'topology.tasks': None, u'storm.zookeeper.root': u'/storm', u'logviewer.childopts': u'-Xmx128m', u'storm.meta.serialization.delegate': u'backtype.storm.serialization.DefaultSerializationDelegate', u'transactional.zookeeper.port': None, u'topology.worker.receiver.thread.count': 1, u'topology.worker.childopts': None, u'topology.max.spout.pending': None, u'topology.kryo.register': None, u'petrel.host': u'pipe-X550CC', u'nimbus.cleanup.inbox.freq.secs': 600, u'storm.messaging.netty.min_wait_ms': 100, u'nimbus.task.timeout.secs': 30, u'nimbus.thrift.max_buffer_size': 1048576, u'topology.sleep.spout.wait.strategy.time.ms': 1, u'nimbus.reassign': True, u'storm.messaging.transport': u'backtype.storm.messaging.netty.Context', u'logviewer.appender.name': u'A1', u'nimbus.host': u'localhost', u'ui.port': 8080, u'supervisor.slots.ports': [6700, 6701, 6702, 6703], u'nimbus.file.copy.expiration.secs': 600, u'supervisor.monitor.frequency.secs': 3, u'ui.childopts': u'-Xmx768m', u'transactional.zookeeper.servers': None, u'zmq.linger.millis': 5000, u'topology.error.throttle.interval.secs': 10, u'topology.worker.shared.thread.pool.size': 4, u'topology.executor.receive.buffer.size': 1024, u'topology.spout.wait.strategy': u'backtype.storm.spout.SleepSpoutWaitStrategy', u'task.heartbeat.frequency.secs': 3, u'topology.transfer.buffer.size': 1024, u'storm.zookeeper.session.timeout': 20000, u'storm.local.mode.zmq': False, u'topology.stats.sample.rate': 0.05, u'topology.fall.back.on.java.serialization': True, u'supervisor.childopts': u'-Xmx256m', u'topology.enable.message.timeouts': True, u'storm.messaging.netty.max_wait_ms': 1000, u'nimbus.topology.validator': u'backtype.storm.nimbus.DefaultTopologyValidator', u'nimbus.supervisor.timeout.secs': 60, u'topology.disruptor.wait.strategy': u'com.lmax.disruptor.BlockingWaitStrategy', u'storm.messaging.netty.buffer_size': 5242880, u'drpc.port': 3772, u'topology.kryo.factory': u'backtype.storm.serialization.DefaultKryoFactory', u'storm.zookeeper.retry.interval': 1000, u'storm.messaging.netty.max_retries': 300, u'topology.tick.tuple.freq.secs': 30, u'supervisor.enable': True, u'nimbus.task.launch.secs': 120, u'task.refresh.poll.secs': 10, u'topology.message.timeout.secs': 30, u'oauth.acess_token_secret': u'IiNOTfgE3tEZvW2HDQhRKPMoOLU43NXJCXk8maj51SdAT', u'petrel.user': u'root', u'nimbus.inbox.jar.expiration.secs': 3600, u'topology.state.synchronization.timeout.secs': 60, u'topology.name': u'test', u'supervisor.worker.timeout.secs': 30, u'topology.trident.batch.emit.interval.millis': 500, u'topology.builtin.metrics.bucket.size.secs': 60, u'storm.thrift.transport': u'backtype.storm.security.auth.SimpleTransportPlugin', u'logviewer.port': 8000, u'oauth.consumer_key': u'eaFmBSxUveRJfmyZYeabti9Q9', u'topology.kryo.decorators': [], u'topology.debug': False}, u'context': {u'task->component': {u'1': u'CountThreeWords', u'3': u'CountWord', u'2': u'CountTwoWords', u'5': u'ThreeWordDivider', u'4': u'KafkaConsumer', u'7': u'WordDivider', u'6': u'TwoWordDivider', u'8': u'__acker'}, u'taskid': 4}}
[2016-05-11 13:52:13,171][storm][INFO]Task sent pid to Storm
[2016-05-11 13:52:13,319][kafka.client][INFO]Broker version identifed as 0.9
[2016-05-11 13:52:13,320][kafka.consumer.subscription_state][INFO]Updating subscribed topics to: ['instanttopic']
[2016-05-11 13:52:13,400][kafka.cluster][INFO]Group coordinator for kafka-python-default-group is BrokerMetadata(nodeId=0, host=u'pipe-X550CC', port=9092)
[2016-05-11 13:52:14,869][kafka.coordinator][INFO]Joined group 'kafka-python-default-group' (generation 2) with member_id kafka-python-1.0.2-f10db73f-f29c-4f2a-bad0-be679e7c99ca
[2016-05-11 13:52:14,869][kafka.coordinator][INFO]Elected group leader -- performing partition assignments using range
[2016-05-11 13:52:14,872][kafka.consumer.subscription_state][INFO]Updated partition assignment: [TopicPartition(topic=u'instanttopic', partition=0)]
[2016-05-11 13:52:17,975][kafka.coordinator][INFO]Heartbeat successful
[2016-05-11 13:52:20,999][kafka.coordinator][INFO]Heartbeat successful
[2016-05-11 13:52:24,024][kafka.coordinator][INFO]Heartbeat successful
[2016-05-11 13:52:27,047][kafka.coordinator][INFO]Heartbeat successful
[2016-05-11 13:52:30,066][kafka.coordinator][INFO]Heartbeat successful
[2016-05-11 13:52:33,131][kafka.coordinator][INFO]Heartbeat successful
[2016-05-11 13:52:36,155][kafka.coordinator][INFO]Heartbeat successful
[2016-05-11 13:52:39,175][kafka.coordinator][INFO]Heartbeat successful
[2016-05-11 13:52:42,239][kafka.coordinator][INFO]Heartbeat successful
[2016-05-11 13:52:45,261][kafka.coordinator][INFO]Heartbeat successful
[2016-05-11 13:52:48,285][kafka.coordinator][INFO]Heartbeat successful
[2016-05-11 13:52:51,343][kafka.coordinator][INFO]Heartbeat successful
[2016-05-11 13:52:54,363][kafka.coordinator][INFO]Heartbeat successful
[2016-05-11 13:52:56,884][kafka.coordinator][INFO]Heartbeat successful
[2016-05-11 13:52:59,950][kafka.coordinator][INFO]Heartbeat successful
[2016-05-11 13:53:02,975][kafka.coordinator][INFO]Heartbeat successful
[2016-05-11 13:53:06,037][kafka.coordinator][INFO]Heartbeat successful
[2016-05-11 13:53:09,062][kafka.coordinator][INFO]Heartbeat successful
[2016-05-11 13:53:12,087][kafka.coordinator][INFO]Heartbeat successful
[2016-05-11 13:53:15,106][kafka.coordinator][INFO]Heartbeat successful
[2016-05-11 13:53:18,165][kafka.coordinator][INFO]Heartbeat successful
[2016-05-11 13:53:21,184][kafka.coordinator][INFO]Heartbeat successful
[2016-05-11 13:53:24,206][kafka.coordinator][INFO]Heartbeat successful
[2016-05-11 13:53:27,274][kafka.coordinator][INFO]Heartbeat successful
[2016-05-11 13:53:30,300][kafka.coordinator][INFO]Heartbeat successful
[2016-05-11 13:53:33,327][kafka.coordinator][INFO]Heartbeat successful
[2016-05-11 13:53:36,389][kafka.coordinator][INFO]Heartbeat successful
[2016-05-11 13:53:38,906][kafka.coordinator][INFO]Heartbeat successful
[2016-05-11 13:53:41,967][kafka.coordinator][INFO]Heartbeat successful
[2016-05-11 13:53:44,990][kafka.coordinator][INFO]Heartbeat successful
[2016-05-11 13:53:48,013][kafka.coordinator][INFO]Heartbeat successful
[2016-05-11 13:53:51,038][kafka.coordinator][INFO]Heartbeat successful
[2016-05-11 13:53:54,063][kafka.coordinator][INFO]Heartbeat successful
[2016-05-11 13:53:57,128][kafka.coordinator][INFO]Heartbeat successful
[2016-05-11 13:54:00,146][kafka.coordinator][INFO]Heartbeat successful
[2016-05-11 13:54:03,168][kafka.coordinator][INFO]Heartbeat successful
[2016-05-11 13:54:06,189][kafka.coordinator][INFO]Heartbeat successful
[2016-05-11 13:54:09,249][kafka.coordinator][INFO]Heartbeat successful
[2016-05-11 13:54:12,274][kafka.coordinator][INFO]Heartbeat successful
[2016-05-11 13:54:15,294][kafka.coordinator][INFO]Heartbeat successful
[2016-05-11 13:54:18,355][kafka.coordinator][INFO]Heartbeat successful
[2016-05-11 13:54:21,375][kafka.coordinator][INFO]Heartbeat successful
[2016-05-11 13:54:24,401][kafka.coordinator][INFO]Heartbeat successful
[2016-05-11 13:54:26,961][kafka.coordinator][INFO]Heartbeat successful
[2016-05-11 13:54:29,982][kafka.coordinator][INFO]Heartbeat successful
[2016-05-11 13:54:33,009][kafka.coordinator][INFO]Heartbeat successful
[2016-05-11 13:54:36,031][kafka.coordinator][INFO]Heartbeat successful
[2016-05-11 13:54:39,054][kafka.coordinator][INFO]Heartbeat successful
[2016-05-11 13:54:42,117][kafka.coordinator][INFO]Heartbeat successful
[2016-05-11 13:54:45,140][kafka.coordinator][INFO]Heartbeat successful
[2016-05-11 13:54:48,168][kafka.coordinator][INFO]Heartbeat successful
[2016-05-11 13:54:51,189][kafka.coordinator][INFO]Heartbeat successful
[2016-05-11 13:54:54,249][kafka.coordinator][INFO]Heartbeat successful
[2016-05-11 13:54:57,272][kafka.coordinator][INFO]Heartbeat successful
[2016-05-11 13:55:00,293][kafka.coordinator][INFO]Heartbeat successful
[2016-05-11 13:55:03,352][kafka.coordinator][INFO]Heartbeat successful
[2016-05-11 13:55:06,376][kafka.coordinator][INFO]Heartbeat successful
[2016-05-11 13:55:09,403][kafka.coordinator][INFO]Heartbeat successful
[2016-05-11 13:55:11,921][kafka.coordinator][INFO]Heartbeat successful
[2016-05-11 13:55:14,979][kafka.coordinator][INFO]Heartbeat successful
[2016-05-11 13:55:18,000][kafka.coordinator][INFO]Heartbeat successful
[2016-05-11 13:55:21,022][kafka.coordinator][INFO]Heartbeat successful
[2016-05-11 13:55:24,084][kafka.coordinator][INFO]Heartbeat successful
[2016-05-11 13:55:27,104][kafka.coordinator][INFO]Heartbeat successful
[2016-05-11 13:55:30,128][kafka.coordinator][INFO]Heartbeat successful
[2016-05-11 13:55:33,194][kafka.coordinator][INFO]Heartbeat successful
[2016-05-11 13:55:36,216][kafka.coordinator][INFO]Heartbeat successful
[2016-05-11 13:55:39,233][kafka.coordinator][INFO]Heartbeat successful
[2016-05-11 13:55:42,255][kafka.coordinator][INFO]Heartbeat successful
[2016-05-11 13:55:45,318][kafka.coordinator][INFO]Heartbeat successful
[2016-05-11 13:55:48,339][kafka.coordinator][INFO]Heartbeat successful
[2016-05-11 13:55:51,361][kafka.coordinator][INFO]Heartbeat successful
[2016-05-11 13:55:54,420][kafka.coordinator][INFO]Heartbeat successful
[2016-05-11 13:55:56,936][kafka.coordinator][INFO]Heartbeat successful
[2016-05-11 13:55:59,995][kafka.coordinator][INFO]Heartbeat successful
[2016-05-11 13:56:03,051][kafka.coordinator][INFO]Heartbeat successful
[2016-05-11 13:56:06,069][kafka.coordinator][INFO]Heartbeat successful
[2016-05-11 13:56:09,093][kafka.coordinator][INFO]Heartbeat successful
[2016-05-11 13:56:12,116][kafka.coordinator][INFO]Heartbeat successful
[2016-05-11 13:56:15,141][kafka.coordinator][INFO]Heartbeat successful
[2016-05-11 13:56:18,200][kafka.coordinator][INFO]Heartbeat successful
[2016-05-11 13:56:21,221][kafka.coordinator][INFO]Heartbeat successful
[2016-05-11 13:56:24,247][kafka.coordinator][INFO]Heartbeat successful
[2016-05-11 13:56:27,272][kafka.coordinator][INFO]Heartbeat successful
[2016-05-11 13:56:30,334][kafka.coordinator][INFO]Heartbeat successful
[2016-05-11 13:56:33,357][kafka.coordinator][INFO]Heartbeat successful
[2016-05-11 13:56:36,377][kafka.coordinator][INFO]Heartbeat successful
[2016-05-11 13:56:38,935][kafka.coordinator][INFO]Heartbeat successful
[2016-05-11 13:56:41,995][kafka.coordinator][INFO]Heartbeat successful
[2016-05-11 13:56:45,024][kafka.coordinator][INFO]Heartbeat successful
[2016-05-11 13:56:48,044][kafka.coordinator][INFO]Heartbeat successful
[2016-05-11 13:56:51,102][kafka.coordinator][INFO]Heartbeat successful
[2016-05-11 13:56:54,120][kafka.coordinator][INFO]Heartbeat successful
[2016-05-11 13:56:57,144][kafka.coordinator][INFO]Heartbeat successful
[2016-05-11 13:57:00,171][kafka.coordinator][INFO]Heartbeat successful
[2016-05-11 13:57:03,195][kafka.coordinator][INFO]Heartbeat successful
[2016-05-11 13:57:06,261][kafka.coordinator][INFO]Heartbeat successful
[2016-05-11 13:57:09,287][kafka.coordinator][INFO]Heartbeat successful
[2016-05-11 13:57:12,316][kafka.coordinator][INFO]Heartbeat successful
[2016-05-11 13:57:15,338][kafka.coordinator][INFO]Heartbeat successful
[2016-05-11 13:57:18,357][kafka.coordinator][INFO]Heartbeat successful
[2016-05-11 13:57:21,420][kafka.coordinator][INFO]Heartbeat successful
[2016-05-11 13:57:23,943][kafka.coordinator][INFO]Heartbeat successful
[2016-05-11 13:57:27,006][kafka.coordinator][INFO]Heartbeat successful
[2016-05-11 13:57:30,032][kafka.coordinator][INFO]Heartbeat successful
[2016-05-11 13:57:33,057][kafka.coordinator][INFO]Heartbeat successful
[2016-05-11 13:57:36,084][kafka.coordinator][INFO]Heartbeat successful
[2016-05-11 13:57:39,147][kafka.coordinator][INFO]Heartbeat successful
