Beginning task setup

/usr/bin/flock
Using existing venv: /tmp/petrel-test-4-1462969332/venv
Task setup took 0 seconds
Launching: python -m petrel.run kafkaconsumer /home/pipe/twitterintel/twitterintel/topology/TopologyTweetTransformationSPAM/petrel27052_kafkaconsumer.log
/usr/local/lib/python2.7/dist-packages/petrel-0.9.4.0.3-py2.7.egg/petrel/run.py invoked with the following arguments: ['kafkaconsumer', '/home/pipe/twitterintel/twitterintel/topology/TopologyTweetTransformationSPAM/petrel27052_kafkaconsumer.log']
python version: 2.7.11
user=root
PATH=/tmp/petrel-test-4-1462969332/venv/bin:/root/SimpleScalar/simplesim-3.0:/root/SimpleScalar/bin:/root/SimpleScalar/gcc-2.6.3:/root/SimpleScalar/bin:/usr/local/sbin:/usr/local/bin:/usr/sbin:/usr/bin:/sbin:/bin:/usr/games:/usr/local/games:/home/pipe/Downloads/zookeeper-3.4.8/bin:/home/pipe/Downloads/apache-storm-0.9.4/bin
LD_LIBRARY_PATH=storm-local/supervisor/stormdist/test-4-1462969332/resources/Linux-amd64:storm-local/supervisor/stormdist/test-4-1462969332/resources:/usr/local/lib:/opt/local/lib:/usr/lib
PYTHON_EGG_CACHE=/tmp/petrel-test-4-1462969332/egg_cache
[2016-05-11 15:03:30,299][storm][INFO]Tuple profiling enabled. Will log tuple processing times.
[2016-05-11 15:03:30,643][storm][INFO]Task received setupInfo from Storm: {u'pidDir': u'/home/pipe/storm-local/workers/83c2de0a-1c10-401c-9d69-0c519e4b406f/pids', u'conf': {u'oauth.acess_token': u' 702208758362087425-HZiyl1x7Bh98cQa1WLBDYylyu10Bpl7', u'topology.tuple.serializer': u'backtype.storm.serialization.types.ListDelegateSerializer', u'topology.workers': 1, u'drpc.worker.threads': 64, u'storm.messaging.netty.client_worker_threads': 1, u'supervisor.heartbeat.frequency.secs': 5, u'topology.executor.send.buffer.size': 1024, u'drpc.childopts': u'-Xmx768m', u'nimbus.thrift.port': 6627, u'storm.zookeeper.retry.intervalceiling.millis': 30000, u'storm.local.dir': u'storm-local', u'topology.receiver.buffer.size': 8, u'storm.zookeeper.servers': [u'localhost'], u'oauth.consumer_secret': u'ADf76fi3O1lKMzBxWnjqf93l3GHv28uar3bkblkvyBrAyoA23i', u'transactional.zookeeper.root': u'/transactional', u'drpc.request.timeout.secs': 600, u'topology.skip.missing.kryo.registrations': False, u'worker.heartbeat.frequency.secs': 1, u'zmq.hwm': 0, u'storm.zookeeper.connection.timeout': 15000, u'java.library.path': u'/usr/local/lib:/opt/local/lib:/usr/lib', u'topology.max.error.report.per.interval': 5, u'storm.messaging.netty.server_worker_threads': 1, u'storm.id': u'test-4-1462969332', u'supervisor.worker.start.timeout.secs': 120, u'zmq.threads': 1, u'topology.acker.executors': None, u'storm.messaging.netty.flush.check.interval.ms': 10, u'storm.messaging.netty.transfer.batch.size': 262144, u'topology.max.task.parallelism': None, u'topology.environment': None, u'storm.zookeeper.port': 2181, u'nimbus.childopts': u'-Xmx1024m', u'topology.classpath': None, u'worker.childopts': u'-Xmx768m', u'drpc.queue.size': 128, u'topology.multilang.serializer': u'backtype.storm.multilang.JsonSerializer', u'storm.zookeeper.retry.times': 5, u'nimbus.monitor.freq.secs': 10, u'storm.cluster.mode': u'distributed', u'dev.zookeeper.path': u'/tmp/dev-storm-zookeeper', u'drpc.invocations.port': 3773, u'topology.tasks': None, u'storm.zookeeper.root': u'/storm', u'logviewer.childopts': u'-Xmx128m', u'storm.meta.serialization.delegate': u'backtype.storm.serialization.DefaultSerializationDelegate', u'transactional.zookeeper.port': None, u'topology.worker.receiver.thread.count': 1, u'topology.worker.childopts': None, u'topology.max.spout.pending': None, u'topology.kryo.register': None, u'petrel.host': u'pipe-X550CC', u'nimbus.cleanup.inbox.freq.secs': 600, u'storm.messaging.netty.min_wait_ms': 100, u'nimbus.task.timeout.secs': 30, u'nimbus.thrift.max_buffer_size': 1048576, u'topology.sleep.spout.wait.strategy.time.ms': 1, u'nimbus.reassign': True, u'storm.messaging.transport': u'backtype.storm.messaging.netty.Context', u'logviewer.appender.name': u'A1', u'nimbus.host': u'localhost', u'ui.port': 8080, u'supervisor.slots.ports': [6700, 6701, 6702, 6703], u'nimbus.file.copy.expiration.secs': 600, u'supervisor.monitor.frequency.secs': 3, u'ui.childopts': u'-Xmx768m', u'transactional.zookeeper.servers': None, u'zmq.linger.millis': 5000, u'topology.error.throttle.interval.secs': 10, u'topology.worker.shared.thread.pool.size': 4, u'topology.executor.receive.buffer.size': 1024, u'topology.spout.wait.strategy': u'backtype.storm.spout.SleepSpoutWaitStrategy', u'task.heartbeat.frequency.secs': 3, u'topology.transfer.buffer.size': 1024, u'storm.zookeeper.session.timeout': 20000, u'storm.local.mode.zmq': False, u'topology.stats.sample.rate': 0.05, u'topology.fall.back.on.java.serialization': True, u'supervisor.childopts': u'-Xmx256m', u'topology.enable.message.timeouts': True, u'storm.messaging.netty.max_wait_ms': 1000, u'nimbus.topology.validator': u'backtype.storm.nimbus.DefaultTopologyValidator', u'nimbus.supervisor.timeout.secs': 60, u'topology.disruptor.wait.strategy': u'com.lmax.disruptor.BlockingWaitStrategy', u'storm.messaging.netty.buffer_size': 5242880, u'drpc.port': 3772, u'topology.kryo.factory': u'backtype.storm.serialization.DefaultKryoFactory', u'storm.zookeeper.retry.interval': 1000, u'storm.messaging.netty.max_retries': 300, u'topology.tick.tuple.freq.secs': 30, u'supervisor.enable': True, u'nimbus.task.launch.secs': 120, u'task.refresh.poll.secs': 10, u'topology.message.timeout.secs': 30, u'oauth.acess_token_secret': u'IiNOTfgE3tEZvW2HDQhRKPMoOLU43NXJCXk8maj51SdAT', u'petrel.user': u'root', u'nimbus.inbox.jar.expiration.secs': 3600, u'topology.state.synchronization.timeout.secs': 60, u'topology.name': u'test', u'supervisor.worker.timeout.secs': 30, u'topology.trident.batch.emit.interval.millis': 500, u'topology.builtin.metrics.bucket.size.secs': 60, u'storm.thrift.transport': u'backtype.storm.security.auth.SimpleTransportPlugin', u'logviewer.port': 8000, u'oauth.consumer_key': u'eaFmBSxUveRJfmyZYeabti9Q9', u'topology.kryo.decorators': [], u'topology.debug': False}, u'context': {u'task->component': {u'1': u'CountThreeWords', u'3': u'CountWord', u'2': u'CountTwoWords', u'5': u'ThreeWordDivider', u'4': u'KafkaConsumer', u'7': u'WordDivider', u'6': u'TwoWordDivider', u'8': u'__acker'}, u'taskid': 4}}
[2016-05-11 15:03:30,650][storm][INFO]Task sent pid to Storm
[2016-05-11 15:03:30,802][kafka.client][INFO]Broker version identifed as 0.9
[2016-05-11 15:03:30,825][kafka.consumer.subscription_state][INFO]Updating subscribed topics to: ['instanttopic']
[2016-05-11 15:03:30,908][kafka.cluster][INFO]Group coordinator for kafka-python-default-group is BrokerMetadata(nodeId=0, host=u'pipe-X550CC', port=9092)
[2016-05-11 15:03:30,949][kafka.coordinator][INFO]Joined group 'kafka-python-default-group' (generation 1) with member_id kafka-python-1.0.2-47f7c6d9-b5e9-4630-9869-12c4481c8069
[2016-05-11 15:03:30,949][kafka.coordinator][INFO]Elected group leader -- performing partition assignments using range
[2016-05-11 15:03:30,989][kafka.consumer.subscription_state][INFO]Updated partition assignment: [TopicPartition(topic=u'instanttopic', partition=0)]
[2016-05-11 15:03:34,088][kafka.coordinator][INFO]Heartbeat successful
[2016-05-11 15:03:37,112][kafka.coordinator][INFO]Heartbeat successful
[2016-05-11 15:03:40,130][kafka.coordinator][INFO]Heartbeat successful
[2016-05-11 15:03:43,186][kafka.coordinator][INFO]Heartbeat successful
[2016-05-11 15:03:46,203][kafka.coordinator][INFO]Heartbeat successful
[2016-05-11 15:03:49,220][kafka.coordinator][INFO]Heartbeat successful
[2016-05-11 15:03:52,277][kafka.coordinator][INFO]Heartbeat successful
[2016-05-11 15:03:55,298][kafka.coordinator][INFO]Heartbeat successful
[2016-05-11 15:03:58,314][kafka.coordinator][INFO]Heartbeat successful
[2016-05-11 15:04:01,331][kafka.coordinator][INFO]Heartbeat successful
[2016-05-11 15:04:04,386][kafka.coordinator][INFO]Heartbeat successful
[2016-05-11 15:04:07,399][kafka.coordinator][INFO]Heartbeat successful
[2016-05-11 15:04:10,411][kafka.coordinator][INFO]Heartbeat successful
[2016-05-11 15:04:13,220][kafka.coordinator][INFO]Heartbeat successful
[2016-05-11 15:04:16,237][kafka.coordinator][INFO]Heartbeat successful
[2016-05-11 15:04:19,256][kafka.coordinator][INFO]Heartbeat successful
[2016-05-11 15:04:22,315][kafka.coordinator][INFO]Heartbeat successful
[2016-05-11 15:04:25,334][kafka.coordinator][INFO]Heartbeat successful
[2016-05-11 15:04:28,358][kafka.coordinator][INFO]Heartbeat successful
[2016-05-11 15:04:31,381][kafka.coordinator][INFO]Heartbeat successful
[2016-05-11 15:04:34,446][kafka.coordinator][INFO]Heartbeat successful
[2016-05-11 15:04:37,472][kafka.coordinator][INFO]Heartbeat successful
[2016-05-11 15:04:40,495][kafka.coordinator][INFO]Heartbeat successful
[2016-05-11 15:04:43,052][kafka.coordinator][INFO]Heartbeat successful
[2016-05-11 15:04:46,075][kafka.coordinator][INFO]Heartbeat successful
[2016-05-11 15:04:49,099][kafka.coordinator][INFO]Heartbeat successful
[2016-05-11 15:04:52,122][kafka.coordinator][INFO]Heartbeat successful
[2016-05-11 15:04:55,186][kafka.coordinator][INFO]Heartbeat successful
[2016-05-11 15:04:58,208][kafka.coordinator][INFO]Heartbeat successful
[2016-05-11 15:05:01,229][kafka.coordinator][INFO]Heartbeat successful
[2016-05-11 15:05:04,293][kafka.coordinator][INFO]Heartbeat successful
[2016-05-11 15:05:07,317][kafka.coordinator][INFO]Heartbeat successful
[2016-05-11 15:05:10,339][kafka.coordinator][INFO]Heartbeat successful
[2016-05-11 15:05:13,402][kafka.coordinator][INFO]Heartbeat successful
[2016-05-11 15:05:16,425][kafka.coordinator][INFO]Heartbeat successful
[2016-05-11 15:05:19,446][kafka.coordinator][INFO]Heartbeat successful
[2016-05-11 15:05:22,466][kafka.coordinator][INFO]Heartbeat successful
[2016-05-11 15:05:25,028][kafka.coordinator][INFO]Heartbeat successful
[2016-05-11 15:05:28,088][kafka.coordinator][INFO]Heartbeat successful
[2016-05-11 15:05:31,107][kafka.coordinator][INFO]Heartbeat successful
[2016-05-11 15:05:34,173][kafka.coordinator][INFO]Heartbeat successful
[2016-05-11 15:05:37,200][kafka.coordinator][INFO]Heartbeat successful
[2016-05-11 15:05:40,227][kafka.coordinator][INFO]Heartbeat successful
[2016-05-11 15:05:43,288][kafka.coordinator][INFO]Heartbeat successful
[2016-05-11 15:05:46,316][kafka.coordinator][INFO]Heartbeat successful
[2016-05-11 15:05:49,343][kafka.coordinator][INFO]Heartbeat successful
[2016-05-11 15:05:52,361][kafka.coordinator][INFO]Heartbeat successful
[2016-05-11 15:05:55,423][kafka.coordinator][INFO]Heartbeat successful
[2016-05-11 15:05:58,446][kafka.coordinator][INFO]Heartbeat successful
[2016-05-11 15:06:01,468][kafka.coordinator][INFO]Heartbeat successful
[2016-05-11 15:06:04,027][kafka.coordinator][INFO]Heartbeat successful
[2016-05-11 15:06:07,085][kafka.coordinator][INFO]Heartbeat successful
[2016-05-11 15:06:10,114][kafka.coordinator][INFO]Heartbeat successful
[2016-05-11 15:06:13,133][kafka.coordinator][INFO]Heartbeat successful
[2016-05-11 15:06:16,190][kafka.coordinator][INFO]Heartbeat successful
[2016-05-11 15:06:19,215][kafka.coordinator][INFO]Heartbeat successful
[2016-05-11 15:06:22,239][kafka.coordinator][INFO]Heartbeat successful
[2016-05-11 15:06:25,303][kafka.coordinator][INFO]Heartbeat successful
[2016-05-11 15:06:28,325][kafka.coordinator][INFO]Heartbeat successful
[2016-05-11 15:06:31,349][kafka.coordinator][INFO]Heartbeat successful
[2016-05-11 15:06:34,416][kafka.coordinator][INFO]Heartbeat successful
[2016-05-11 15:06:37,439][kafka.coordinator][INFO]Heartbeat successful
[2016-05-11 15:06:40,464][kafka.coordinator][INFO]Heartbeat successful
[2016-05-11 15:06:43,489][kafka.coordinator][INFO]Heartbeat successful
[2016-05-11 15:06:46,053][kafka.coordinator][INFO]Heartbeat successful
[2016-05-11 15:06:49,110][kafka.coordinator][INFO]Heartbeat successful
[2016-05-11 15:06:52,136][kafka.coordinator][INFO]Heartbeat successful
[2016-05-11 15:06:55,198][kafka.coordinator][INFO]Heartbeat successful
[2016-05-11 15:06:58,219][kafka.coordinator][INFO]Heartbeat successful
[2016-05-11 15:07:01,241][kafka.coordinator][INFO]Heartbeat successful
[2016-05-11 15:07:04,308][kafka.coordinator][INFO]Heartbeat successful
[2016-05-11 15:07:07,330][kafka.coordinator][INFO]Heartbeat successful
[2016-05-11 15:07:10,351][kafka.coordinator][INFO]Heartbeat successful
[2016-05-11 15:07:13,376][kafka.coordinator][INFO]Heartbeat successful
[2016-05-11 15:07:16,439][kafka.coordinator][INFO]Heartbeat successful
[2016-05-11 15:07:19,462][kafka.coordinator][INFO]Heartbeat successful
[2016-05-11 15:07:22,486][kafka.coordinator][INFO]Heartbeat successful
[2016-05-11 15:07:25,047][kafka.coordinator][INFO]Heartbeat successful
[2016-05-11 15:07:28,108][kafka.coordinator][INFO]Heartbeat successful
[2016-05-11 15:07:31,131][kafka.coordinator][INFO]Heartbeat successful
[2016-05-11 15:07:34,152][kafka.coordinator][INFO]Heartbeat successful
[2016-05-11 15:07:37,215][kafka.coordinator][INFO]Heartbeat successful
[2016-05-11 15:07:40,244][kafka.coordinator][INFO]Heartbeat successful
[2016-05-11 15:07:43,266][kafka.coordinator][INFO]Heartbeat successful
[2016-05-11 15:07:46,331][kafka.coordinator][INFO]Heartbeat successful
[2016-05-11 15:07:49,357][kafka.coordinator][INFO]Heartbeat successful
[2016-05-11 15:07:52,381][kafka.coordinator][INFO]Heartbeat successful
[2016-05-11 15:07:55,467][kafka.coordinator][INFO]Heartbeat successful
[2016-05-11 15:07:58,488][kafka.coordinator][INFO]Heartbeat successful
[2016-05-11 15:08:01,515][kafka.coordinator][INFO]Heartbeat successful
[2016-05-11 15:08:04,539][kafka.coordinator][INFO]Heartbeat successful
[2016-05-11 15:08:07,093][kafka.coordinator][INFO]Heartbeat successful
[2016-05-11 15:08:10,121][kafka.coordinator][INFO]Heartbeat successful
[2016-05-11 15:08:13,142][kafka.coordinator][INFO]Heartbeat successful
[2016-05-11 15:08:16,201][kafka.coordinator][INFO]Heartbeat successful
[2016-05-11 15:08:19,224][kafka.coordinator][INFO]Heartbeat successful
[2016-05-11 15:08:22,253][kafka.coordinator][INFO]Heartbeat successful
[2016-05-11 15:08:25,313][kafka.coordinator][INFO]Heartbeat successful
[2016-05-11 15:08:28,336][kafka.coordinator][INFO]Heartbeat successful
[2016-05-11 15:08:31,056][kafka.coordinator][WARNING]Coordinator unknown during heartbeat -- will retry
[2016-05-11 15:08:31,056][kafka.coordinator][WARNING]Heartbeat failed; retrying
[2016-05-11 15:08:31,157][kafka.coordinator][WARNING]Coordinator unknown during heartbeat -- will retry
[2016-05-11 15:08:31,157][kafka.coordinator][WARNING]Heartbeat failed; retrying
[2016-05-11 15:08:31,258][kafka.coordinator][WARNING]Coordinator unknown during heartbeat -- will retry
[2016-05-11 15:08:31,258][kafka.coordinator][WARNING]Heartbeat failed; retrying
[2016-05-11 15:08:31,359][kafka.coordinator][WARNING]Coordinator unknown during heartbeat -- will retry
[2016-05-11 15:08:31,359][kafka.coordinator][WARNING]Heartbeat failed; retrying
[2016-05-11 15:08:31,460][kafka.coordinator][INFO]Heartbeat successful
[2016-05-11 15:08:34,523][kafka.coordinator][INFO]Heartbeat successful
[2016-05-11 15:08:37,549][kafka.coordinator][INFO]Heartbeat successful
[2016-05-11 15:08:40,612][kafka.coordinator][INFO]Heartbeat successful
[2016-05-11 15:08:43,660][kafka.coordinator][INFO]Heartbeat successful
[2016-05-11 15:08:46,849][kafka.coordinator][INFO]Heartbeat successful
[2016-05-11 15:08:50,082][kafka.coordinator][INFO]Heartbeat successful
[2016-05-11 15:08:52,702][kafka.coordinator][INFO]Heartbeat successful
[2016-05-11 15:08:55,729][kafka.coordinator][INFO]Heartbeat successful
