Beginning task setup

/usr/bin/flock
Using existing venv: /tmp/petrel-test-4-1462969332/venv
Task setup took 0 seconds
Launching: python -m petrel.run kafkaconsumer /home/pipe/twitterintel/twitterintel/topology/TopologyTweetTransformationSPAM/petrel24387_kafkaconsumer.log
/usr/local/lib/python2.7/dist-packages/petrel-0.9.4.0.3-py2.7.egg/petrel/run.py invoked with the following arguments: ['kafkaconsumer', '/home/pipe/twitterintel/twitterintel/topology/TopologyTweetTransformationSPAM/petrel24387_kafkaconsumer.log']
python version: 2.7.11
user=root
PATH=/tmp/petrel-test-4-1462969332/venv/bin:/root/SimpleScalar/simplesim-3.0:/root/SimpleScalar/bin:/root/SimpleScalar/gcc-2.6.3:/root/SimpleScalar/bin:/usr/local/sbin:/usr/local/bin:/usr/sbin:/usr/bin:/sbin:/bin:/usr/games:/usr/local/games:/home/pipe/Downloads/zookeeper-3.4.8/bin:/home/pipe/Downloads/apache-storm-0.9.4/bin
LD_LIBRARY_PATH=storm-local/supervisor/stormdist/test-4-1462969332/resources/Linux-amd64:storm-local/supervisor/stormdist/test-4-1462969332/resources:/usr/local/lib:/opt/local/lib:/usr/lib
PYTHON_EGG_CACHE=/tmp/petrel-test-4-1462969332/egg_cache
[2016-05-11 14:45:43,489][storm][INFO]Tuple profiling enabled. Will log tuple processing times.
[2016-05-11 14:45:47,376][storm][INFO]Task received setupInfo from Storm: {u'pidDir': u'/home/pipe/storm-local/workers/e7c25a68-610f-48fb-8d81-4eca36bea423/pids', u'conf': {u'oauth.acess_token': u' 702208758362087425-HZiyl1x7Bh98cQa1WLBDYylyu10Bpl7', u'topology.tuple.serializer': u'backtype.storm.serialization.types.ListDelegateSerializer', u'topology.workers': 1, u'drpc.worker.threads': 64, u'storm.messaging.netty.client_worker_threads': 1, u'supervisor.heartbeat.frequency.secs': 5, u'topology.executor.send.buffer.size': 1024, u'drpc.childopts': u'-Xmx768m', u'nimbus.thrift.port': 6627, u'storm.zookeeper.retry.intervalceiling.millis': 30000, u'storm.local.dir': u'storm-local', u'topology.receiver.buffer.size': 8, u'storm.zookeeper.servers': [u'localhost'], u'oauth.consumer_secret': u'ADf76fi3O1lKMzBxWnjqf93l3GHv28uar3bkblkvyBrAyoA23i', u'transactional.zookeeper.root': u'/transactional', u'drpc.request.timeout.secs': 600, u'topology.skip.missing.kryo.registrations': False, u'worker.heartbeat.frequency.secs': 1, u'zmq.hwm': 0, u'storm.zookeeper.connection.timeout': 15000, u'java.library.path': u'/usr/local/lib:/opt/local/lib:/usr/lib', u'topology.max.error.report.per.interval': 5, u'storm.messaging.netty.server_worker_threads': 1, u'storm.id': u'test-4-1462969332', u'supervisor.worker.start.timeout.secs': 120, u'zmq.threads': 1, u'topology.acker.executors': None, u'storm.messaging.netty.flush.check.interval.ms': 10, u'storm.messaging.netty.transfer.batch.size': 262144, u'topology.max.task.parallelism': None, u'topology.environment': None, u'storm.zookeeper.port': 2181, u'nimbus.childopts': u'-Xmx1024m', u'topology.classpath': None, u'worker.childopts': u'-Xmx768m', u'drpc.queue.size': 128, u'topology.multilang.serializer': u'backtype.storm.multilang.JsonSerializer', u'storm.zookeeper.retry.times': 5, u'nimbus.monitor.freq.secs': 10, u'storm.cluster.mode': u'distributed', u'dev.zookeeper.path': u'/tmp/dev-storm-zookeeper', u'drpc.invocations.port': 3773, u'topology.tasks': None, u'storm.zookeeper.root': u'/storm', u'logviewer.childopts': u'-Xmx128m', u'storm.meta.serialization.delegate': u'backtype.storm.serialization.DefaultSerializationDelegate', u'transactional.zookeeper.port': None, u'topology.worker.receiver.thread.count': 1, u'topology.worker.childopts': None, u'topology.max.spout.pending': None, u'topology.kryo.register': None, u'petrel.host': u'pipe-X550CC', u'nimbus.cleanup.inbox.freq.secs': 600, u'storm.messaging.netty.min_wait_ms': 100, u'nimbus.task.timeout.secs': 30, u'nimbus.thrift.max_buffer_size': 1048576, u'topology.sleep.spout.wait.strategy.time.ms': 1, u'nimbus.reassign': True, u'storm.messaging.transport': u'backtype.storm.messaging.netty.Context', u'logviewer.appender.name': u'A1', u'nimbus.host': u'localhost', u'ui.port': 8080, u'supervisor.slots.ports': [6700, 6701, 6702, 6703], u'nimbus.file.copy.expiration.secs': 600, u'supervisor.monitor.frequency.secs': 3, u'ui.childopts': u'-Xmx768m', u'transactional.zookeeper.servers': None, u'zmq.linger.millis': 5000, u'topology.error.throttle.interval.secs': 10, u'topology.worker.shared.thread.pool.size': 4, u'topology.executor.receive.buffer.size': 1024, u'topology.spout.wait.strategy': u'backtype.storm.spout.SleepSpoutWaitStrategy', u'task.heartbeat.frequency.secs': 3, u'topology.transfer.buffer.size': 1024, u'storm.zookeeper.session.timeout': 20000, u'storm.local.mode.zmq': False, u'topology.stats.sample.rate': 0.05, u'topology.fall.back.on.java.serialization': True, u'supervisor.childopts': u'-Xmx256m', u'topology.enable.message.timeouts': True, u'storm.messaging.netty.max_wait_ms': 1000, u'nimbus.topology.validator': u'backtype.storm.nimbus.DefaultTopologyValidator', u'nimbus.supervisor.timeout.secs': 60, u'topology.disruptor.wait.strategy': u'com.lmax.disruptor.BlockingWaitStrategy', u'storm.messaging.netty.buffer_size': 5242880, u'drpc.port': 3772, u'topology.kryo.factory': u'backtype.storm.serialization.DefaultKryoFactory', u'storm.zookeeper.retry.interval': 1000, u'storm.messaging.netty.max_retries': 300, u'topology.tick.tuple.freq.secs': 30, u'supervisor.enable': True, u'nimbus.task.launch.secs': 120, u'task.refresh.poll.secs': 10, u'topology.message.timeout.secs': 30, u'oauth.acess_token_secret': u'IiNOTfgE3tEZvW2HDQhRKPMoOLU43NXJCXk8maj51SdAT', u'petrel.user': u'root', u'nimbus.inbox.jar.expiration.secs': 3600, u'topology.state.synchronization.timeout.secs': 60, u'topology.name': u'test', u'supervisor.worker.timeout.secs': 30, u'topology.trident.batch.emit.interval.millis': 500, u'topology.builtin.metrics.bucket.size.secs': 60, u'storm.thrift.transport': u'backtype.storm.security.auth.SimpleTransportPlugin', u'logviewer.port': 8000, u'oauth.consumer_key': u'eaFmBSxUveRJfmyZYeabti9Q9', u'topology.kryo.decorators': [], u'topology.debug': False}, u'context': {u'task->component': {u'1': u'CountThreeWords', u'3': u'CountWord', u'2': u'CountTwoWords', u'5': u'ThreeWordDivider', u'4': u'KafkaConsumer', u'7': u'WordDivider', u'6': u'TwoWordDivider', u'8': u'__acker'}, u'taskid': 4}}
[2016-05-11 14:45:47,377][storm][INFO]Task sent pid to Storm
[2016-05-11 14:45:47,595][kafka.client][INFO]Broker version identifed as 0.9
[2016-05-11 14:45:47,596][kafka.consumer.subscription_state][INFO]Updating subscribed topics to: ['instanttopic']
[2016-05-11 14:45:47,708][kafka.cluster][INFO]Group coordinator for kafka-python-default-group is BrokerMetadata(nodeId=0, host=u'pipe-X550CC', port=9092)
[2016-05-11 14:45:47,748][kafka.coordinator][INFO]Joined group 'kafka-python-default-group' (generation 1) with member_id kafka-python-1.0.2-9c60c828-a2ef-4b25-a7ab-c85bdd869c9f
[2016-05-11 14:45:47,749][kafka.coordinator][INFO]Elected group leader -- performing partition assignments using range
[2016-05-11 14:45:47,789][kafka.consumer.subscription_state][INFO]Updated partition assignment: [TopicPartition(topic=u'instanttopic', partition=0)]
[2016-05-11 14:45:50,983][kafka.coordinator][INFO]Heartbeat successful
[2016-05-11 14:45:54,007][kafka.coordinator][INFO]Heartbeat successful
[2016-05-11 14:45:57,023][kafka.coordinator][INFO]Heartbeat successful
[2016-05-11 14:46:00,090][kafka.coordinator][INFO]Heartbeat successful
[2016-05-11 14:46:03,107][kafka.coordinator][INFO]Heartbeat successful
[2016-05-11 14:46:06,124][kafka.coordinator][INFO]Heartbeat successful
[2016-05-11 14:46:09,177][kafka.coordinator][INFO]Heartbeat successful
[2016-05-11 14:46:12,195][kafka.coordinator][INFO]Heartbeat successful
[2016-05-11 14:46:15,216][kafka.coordinator][INFO]Heartbeat successful
[2016-05-11 14:46:18,236][kafka.coordinator][INFO]Heartbeat successful
[2016-05-11 14:46:21,298][kafka.coordinator][INFO]Heartbeat successful
[2016-05-11 14:46:23,816][kafka.coordinator][INFO]Heartbeat successful
[2016-05-11 14:46:26,873][kafka.coordinator][INFO]Heartbeat successful
[2016-05-11 14:46:29,895][kafka.coordinator][INFO]Heartbeat successful
[2016-05-11 14:46:32,915][kafka.coordinator][INFO]Heartbeat successful
[2016-05-11 14:46:35,977][kafka.coordinator][INFO]Heartbeat successful
[2016-05-11 14:46:38,994][kafka.coordinator][INFO]Heartbeat successful
[2016-05-11 14:46:42,012][kafka.coordinator][INFO]Heartbeat successful
[2016-05-11 14:46:45,074][kafka.coordinator][INFO]Heartbeat successful
[2016-05-11 14:46:48,090][kafka.coordinator][INFO]Heartbeat successful
[2016-05-11 14:46:51,106][kafka.coordinator][INFO]Heartbeat successful
[2016-05-11 14:46:54,158][kafka.coordinator][INFO]Heartbeat successful
[2016-05-11 14:46:56,862][kafka.coordinator][INFO]Heartbeat successful
[2016-05-11 14:46:59,915][kafka.coordinator][INFO]Heartbeat successful
[2016-05-11 14:47:02,932][kafka.coordinator][INFO]Heartbeat successful
[2016-05-11 14:47:05,989][kafka.coordinator][INFO]Heartbeat successful
[2016-05-11 14:47:09,004][kafka.coordinator][INFO]Heartbeat successful
[2016-05-11 14:47:12,025][kafka.coordinator][INFO]Heartbeat successful
[2016-05-11 14:47:15,077][kafka.coordinator][INFO]Heartbeat successful
[2016-05-11 14:47:18,096][kafka.coordinator][INFO]Heartbeat successful
[2016-05-11 14:47:21,113][kafka.coordinator][INFO]Heartbeat successful
[2016-05-11 14:47:24,128][kafka.coordinator][INFO]Heartbeat successful
[2016-05-11 14:47:27,188][kafka.coordinator][INFO]Heartbeat successful
[2016-05-11 14:47:30,216][kafka.coordinator][INFO]Heartbeat successful
[2016-05-11 14:47:33,230][kafka.coordinator][INFO]Heartbeat successful
[2016-05-11 14:47:36,287][kafka.coordinator][INFO]Heartbeat successful
[2016-05-11 14:47:39,308][kafka.coordinator][INFO]Heartbeat successful
[2016-05-11 14:47:41,824][kafka.coordinator][INFO]Heartbeat successful
[2016-05-11 14:47:44,887][kafka.coordinator][INFO]Heartbeat successful
[2016-05-11 14:47:47,907][kafka.coordinator][INFO]Heartbeat successful
[2016-05-11 14:47:50,967][kafka.coordinator][INFO]Heartbeat successful
[2016-05-11 14:47:53,988][kafka.coordinator][INFO]Heartbeat successful
[2016-05-11 14:47:57,005][kafka.coordinator][INFO]Heartbeat successful
[2016-05-11 14:48:00,064][kafka.coordinator][INFO]Heartbeat successful
[2016-05-11 14:48:03,081][kafka.coordinator][INFO]Heartbeat successful
[2016-05-11 14:48:06,096][kafka.coordinator][INFO]Heartbeat successful
[2016-05-11 14:48:09,114][kafka.coordinator][INFO]Heartbeat successful
[2016-05-11 14:48:12,172][kafka.coordinator][INFO]Heartbeat successful
[2016-05-11 14:48:15,197][kafka.coordinator][INFO]Heartbeat successful
[2016-05-11 14:48:18,215][kafka.coordinator][INFO]Heartbeat successful
[2016-05-11 14:48:21,271][kafka.coordinator][INFO]Heartbeat successful
[2016-05-11 14:48:24,290][kafka.coordinator][INFO]Heartbeat successful
[2016-05-11 14:48:27,305][kafka.coordinator][INFO]Heartbeat successful
[2016-05-11 14:48:30,362][kafka.coordinator][INFO]Heartbeat successful
[2016-05-11 14:48:32,878][kafka.coordinator][INFO]Heartbeat successful
[2016-05-11 14:48:35,904][kafka.coordinator][INFO]Heartbeat successful
[2016-05-11 14:48:38,926][kafka.coordinator][INFO]Heartbeat successful
[2016-05-11 14:48:41,987][kafka.coordinator][INFO]Heartbeat successful
[2016-05-11 14:48:45,007][kafka.coordinator][INFO]Heartbeat successful
[2016-05-11 14:48:48,033][kafka.coordinator][INFO]Heartbeat successful
[2016-05-11 14:48:51,087][kafka.coordinator][INFO]Heartbeat successful
[2016-05-11 14:48:54,099][kafka.coordinator][INFO]Heartbeat successful
[2016-05-11 14:48:57,119][kafka.coordinator][INFO]Heartbeat successful
[2016-05-11 14:49:00,136][kafka.coordinator][INFO]Heartbeat successful
[2016-05-11 14:49:03,190][kafka.coordinator][INFO]Heartbeat successful
[2016-05-11 14:49:06,202][kafka.coordinator][INFO]Heartbeat successful
[2016-05-11 14:49:09,213][kafka.coordinator][INFO]Heartbeat successful
[2016-05-11 14:49:12,273][kafka.coordinator][INFO]Heartbeat successful
[2016-05-11 14:49:15,290][kafka.coordinator][INFO]Heartbeat successful
[2016-05-11 14:49:18,310][kafka.coordinator][INFO]Heartbeat successful
[2016-05-11 14:49:20,862][kafka.coordinator][INFO]Heartbeat successful
[2016-05-11 14:49:23,910][kafka.coordinator][INFO]Heartbeat successful
[2016-05-11 14:49:26,924][kafka.coordinator][INFO]Heartbeat successful
[2016-05-11 14:49:29,941][kafka.coordinator][INFO]Heartbeat successful
[2016-05-11 14:49:33,000][kafka.coordinator][INFO]Heartbeat successful
[2016-05-11 14:49:36,018][kafka.coordinator][INFO]Heartbeat successful
[2016-05-11 14:49:39,036][kafka.coordinator][INFO]Heartbeat successful
[2016-05-11 14:49:42,094][kafka.coordinator][INFO]Heartbeat successful
[2016-05-11 14:49:45,107][kafka.coordinator][INFO]Heartbeat successful
[2016-05-11 14:49:48,119][kafka.coordinator][INFO]Heartbeat successful
[2016-05-11 14:49:51,182][kafka.coordinator][INFO]Heartbeat successful
[2016-05-11 14:49:54,201][kafka.coordinator][INFO]Heartbeat successful
[2016-05-11 14:49:57,216][kafka.coordinator][INFO]Heartbeat successful
[2016-05-11 14:50:00,237][kafka.coordinator][INFO]Heartbeat successful
[2016-05-11 14:50:03,298][kafka.coordinator][INFO]Heartbeat successful
[2016-05-11 14:50:06,321][kafka.coordinator][INFO]Heartbeat successful
[2016-05-11 14:50:08,842][kafka.coordinator][INFO]Heartbeat successful
[2016-05-11 14:50:11,907][kafka.coordinator][INFO]Heartbeat successful
[2016-05-11 14:50:14,925][kafka.coordinator][INFO]Heartbeat successful
[2016-05-11 14:50:17,976][kafka.coordinator][INFO]Heartbeat successful
[2016-05-11 14:50:20,990][kafka.coordinator][INFO]Heartbeat successful
[2016-05-11 14:50:24,009][kafka.coordinator][INFO]Heartbeat successful
[2016-05-11 14:50:27,069][kafka.coordinator][INFO]Heartbeat successful
[2016-05-11 14:50:30,082][kafka.coordinator][INFO]Heartbeat successful
[2016-05-11 14:50:33,098][kafka.coordinator][INFO]Heartbeat successful
[2016-05-11 14:50:36,115][kafka.coordinator][INFO]Heartbeat successful
[2016-05-11 14:50:39,166][kafka.coordinator][INFO]Heartbeat successful
[2016-05-11 14:50:42,181][kafka.coordinator][INFO]Heartbeat successful
[2016-05-11 14:50:45,196][kafka.coordinator][INFO]Heartbeat successful
[2016-05-11 14:50:48,255][kafka.coordinator][INFO]Heartbeat successful
[2016-05-11 14:50:51,275][kafka.coordinator][INFO]Heartbeat successful
[2016-05-11 14:50:54,291][kafka.coordinator][INFO]Heartbeat successful
[2016-05-11 14:50:56,850][kafka.coordinator][INFO]Heartbeat successful
[2016-05-11 14:50:59,904][kafka.coordinator][INFO]Heartbeat successful
[2016-05-11 14:51:02,918][kafka.coordinator][INFO]Heartbeat successful
[2016-05-11 14:51:05,932][kafka.coordinator][INFO]Heartbeat successful
[2016-05-11 14:51:08,990][kafka.coordinator][INFO]Heartbeat successful
[2016-05-11 14:51:12,008][kafka.coordinator][INFO]Heartbeat successful
