Beginning task setup

/usr/bin/flock
Using existing venv: /tmp/petrel-test-4-1462969332/venv
Task setup took 2 seconds
Launching: python -m petrel.run kafkaconsumer /home/pipe/twitterintel/twitterintel/topology/TopologyTweetTransformationSPAM/petrel20572_kafkaconsumer.log
/usr/local/lib/python2.7/dist-packages/petrel-0.9.4.0.3-py2.7.egg/petrel/run.py invoked with the following arguments: ['kafkaconsumer', '/home/pipe/twitterintel/twitterintel/topology/TopologyTweetTransformationSPAM/petrel20572_kafkaconsumer.log']
python version: 2.7.11
user=root
PATH=/tmp/petrel-test-4-1462969332/venv/bin:/root/SimpleScalar/simplesim-3.0:/root/SimpleScalar/bin:/root/SimpleScalar/gcc-2.6.3:/root/SimpleScalar/bin:/usr/local/sbin:/usr/local/bin:/usr/sbin:/usr/bin:/sbin:/bin:/usr/games:/usr/local/games:/home/pipe/Downloads/zookeeper-3.4.8/bin:/home/pipe/Downloads/apache-storm-0.9.4/bin
LD_LIBRARY_PATH=storm-local/supervisor/stormdist/test-4-1462969332/resources/Linux-amd64:storm-local/supervisor/stormdist/test-4-1462969332/resources:/usr/local/lib:/opt/local/lib:/usr/lib
PYTHON_EGG_CACHE=/tmp/petrel-test-4-1462969332/egg_cache
[2016-05-11 17:30:21,821][storm][INFO]Tuple profiling enabled. Will log tuple processing times.
[2016-05-11 17:30:22,078][storm][INFO]Task received setupInfo from Storm: {u'pidDir': u'/home/pipe/storm-local/workers/4ac0f9cb-5301-4c47-a4cc-d2dfc2eafa3d/pids', u'conf': {u'oauth.acess_token': u' 702208758362087425-HZiyl1x7Bh98cQa1WLBDYylyu10Bpl7', u'topology.tuple.serializer': u'backtype.storm.serialization.types.ListDelegateSerializer', u'topology.workers': 1, u'drpc.worker.threads': 64, u'storm.messaging.netty.client_worker_threads': 1, u'supervisor.heartbeat.frequency.secs': 5, u'topology.executor.send.buffer.size': 1024, u'drpc.childopts': u'-Xmx768m', u'nimbus.thrift.port': 6627, u'storm.zookeeper.retry.intervalceiling.millis': 30000, u'storm.local.dir': u'storm-local', u'topology.receiver.buffer.size': 8, u'storm.zookeeper.servers': [u'localhost'], u'oauth.consumer_secret': u'ADf76fi3O1lKMzBxWnjqf93l3GHv28uar3bkblkvyBrAyoA23i', u'transactional.zookeeper.root': u'/transactional', u'drpc.request.timeout.secs': 600, u'topology.skip.missing.kryo.registrations': False, u'worker.heartbeat.frequency.secs': 1, u'zmq.hwm': 0, u'storm.zookeeper.connection.timeout': 15000, u'java.library.path': u'/usr/local/lib:/opt/local/lib:/usr/lib', u'topology.max.error.report.per.interval': 5, u'storm.messaging.netty.server_worker_threads': 1, u'storm.id': u'test-4-1462969332', u'supervisor.worker.start.timeout.secs': 120, u'zmq.threads': 1, u'topology.acker.executors': None, u'storm.messaging.netty.flush.check.interval.ms': 10, u'storm.messaging.netty.transfer.batch.size': 262144, u'topology.max.task.parallelism': None, u'topology.environment': None, u'storm.zookeeper.port': 2181, u'nimbus.childopts': u'-Xmx1024m', u'topology.classpath': None, u'worker.childopts': u'-Xmx768m', u'drpc.queue.size': 128, u'topology.multilang.serializer': u'backtype.storm.multilang.JsonSerializer', u'storm.zookeeper.retry.times': 5, u'nimbus.monitor.freq.secs': 10, u'storm.cluster.mode': u'distributed', u'dev.zookeeper.path': u'/tmp/dev-storm-zookeeper', u'drpc.invocations.port': 3773, u'topology.tasks': None, u'storm.zookeeper.root': u'/storm', u'logviewer.childopts': u'-Xmx128m', u'storm.meta.serialization.delegate': u'backtype.storm.serialization.DefaultSerializationDelegate', u'transactional.zookeeper.port': None, u'topology.worker.receiver.thread.count': 1, u'topology.worker.childopts': None, u'topology.max.spout.pending': None, u'topology.kryo.register': None, u'petrel.host': u'pipe-X550CC', u'nimbus.cleanup.inbox.freq.secs': 600, u'storm.messaging.netty.min_wait_ms': 100, u'nimbus.task.timeout.secs': 30, u'nimbus.thrift.max_buffer_size': 1048576, u'topology.sleep.spout.wait.strategy.time.ms': 1, u'nimbus.reassign': True, u'storm.messaging.transport': u'backtype.storm.messaging.netty.Context', u'logviewer.appender.name': u'A1', u'nimbus.host': u'localhost', u'ui.port': 8080, u'supervisor.slots.ports': [6700, 6701, 6702, 6703], u'nimbus.file.copy.expiration.secs': 600, u'supervisor.monitor.frequency.secs': 3, u'ui.childopts': u'-Xmx768m', u'transactional.zookeeper.servers': None, u'zmq.linger.millis': 5000, u'topology.error.throttle.interval.secs': 10, u'topology.worker.shared.thread.pool.size': 4, u'topology.executor.receive.buffer.size': 1024, u'topology.spout.wait.strategy': u'backtype.storm.spout.SleepSpoutWaitStrategy', u'task.heartbeat.frequency.secs': 3, u'topology.transfer.buffer.size': 1024, u'storm.zookeeper.session.timeout': 20000, u'storm.local.mode.zmq': False, u'topology.stats.sample.rate': 0.05, u'topology.fall.back.on.java.serialization': True, u'supervisor.childopts': u'-Xmx256m', u'topology.enable.message.timeouts': True, u'storm.messaging.netty.max_wait_ms': 1000, u'nimbus.topology.validator': u'backtype.storm.nimbus.DefaultTopologyValidator', u'nimbus.supervisor.timeout.secs': 60, u'topology.disruptor.wait.strategy': u'com.lmax.disruptor.BlockingWaitStrategy', u'storm.messaging.netty.buffer_size': 5242880, u'drpc.port': 3772, u'topology.kryo.factory': u'backtype.storm.serialization.DefaultKryoFactory', u'storm.zookeeper.retry.interval': 1000, u'storm.messaging.netty.max_retries': 300, u'topology.tick.tuple.freq.secs': 30, u'supervisor.enable': True, u'nimbus.task.launch.secs': 120, u'task.refresh.poll.secs': 10, u'topology.message.timeout.secs': 30, u'oauth.acess_token_secret': u'IiNOTfgE3tEZvW2HDQhRKPMoOLU43NXJCXk8maj51SdAT', u'petrel.user': u'root', u'nimbus.inbox.jar.expiration.secs': 3600, u'topology.state.synchronization.timeout.secs': 60, u'topology.name': u'test', u'supervisor.worker.timeout.secs': 30, u'topology.trident.batch.emit.interval.millis': 500, u'topology.builtin.metrics.bucket.size.secs': 60, u'storm.thrift.transport': u'backtype.storm.security.auth.SimpleTransportPlugin', u'logviewer.port': 8000, u'oauth.consumer_key': u'eaFmBSxUveRJfmyZYeabti9Q9', u'topology.kryo.decorators': [], u'topology.debug': False}, u'context': {u'task->component': {u'1': u'CountThreeWords', u'3': u'CountWord', u'2': u'CountTwoWords', u'5': u'ThreeWordDivider', u'4': u'KafkaConsumer', u'7': u'WordDivider', u'6': u'TwoWordDivider', u'8': u'__acker'}, u'taskid': 4}}
[2016-05-11 17:30:22,087][storm][INFO]Task sent pid to Storm
[2016-05-11 17:30:22,265][kafka.client][INFO]Broker version identifed as 0.9
[2016-05-11 17:30:22,267][kafka.consumer.subscription_state][INFO]Updating subscribed topics to: ['instanttopic']
[2016-05-11 17:30:22,348][kafka.cluster][INFO]Group coordinator for kafka-python-default-group is BrokerMetadata(nodeId=0, host=u'pipe-X550CC', port=9092)
[2016-05-11 17:30:24,403][kafka.coordinator][INFO]Joined group 'kafka-python-default-group' (generation 35) with member_id kafka-python-1.0.2-af219871-c516-48d3-8f6a-3bb193565d69
[2016-05-11 17:30:24,635][kafka.consumer.subscription_state][INFO]Updated partition assignment: [TopicPartition(topic=u'instanttopic', partition=0)]
[2016-05-11 17:30:27,696][kafka.coordinator][INFO]Heartbeat successful
[2016-05-11 17:30:30,719][kafka.coordinator][INFO]Heartbeat successful
[2016-05-11 17:30:33,742][kafka.coordinator][INFO]Heartbeat successful
[2016-05-11 17:30:36,802][kafka.coordinator][INFO]Heartbeat successful
[2016-05-11 17:30:39,822][kafka.coordinator][INFO]Heartbeat successful
[2016-05-11 17:30:42,842][kafka.coordinator][INFO]Heartbeat successful
[2016-05-11 17:30:45,902][kafka.coordinator][INFO]Heartbeat successful
[2016-05-11 17:30:48,920][kafka.coordinator][INFO]Heartbeat successful
[2016-05-11 17:30:51,938][kafka.coordinator][INFO]Heartbeat successful
[2016-05-11 17:30:54,954][kafka.coordinator][INFO]Heartbeat successful
[2016-05-11 17:30:58,012][kafka.coordinator][INFO]Heartbeat successful
[2016-05-11 17:31:01,030][kafka.coordinator][INFO]Heartbeat successful
[2016-05-11 17:31:04,049][kafka.coordinator][INFO]Heartbeat successful
[2016-05-11 17:31:07,106][kafka.coordinator][INFO]Heartbeat successful
[2016-05-11 17:31:10,125][kafka.coordinator][INFO]Heartbeat successful
[2016-05-11 17:31:13,141][kafka.coordinator][INFO]Heartbeat successful
[2016-05-11 17:31:15,697][kafka.coordinator][INFO]Heartbeat successful
[2016-05-11 17:31:18,714][kafka.coordinator][INFO]Heartbeat successful
[2016-05-11 17:31:21,733][kafka.coordinator][INFO]Heartbeat successful
[2016-05-11 17:31:24,753][kafka.coordinator][INFO]Heartbeat successful
[2016-05-11 17:31:27,812][kafka.coordinator][INFO]Heartbeat successful
[2016-05-11 17:31:30,827][kafka.coordinator][INFO]Heartbeat successful
[2016-05-11 17:31:33,842][kafka.coordinator][INFO]Heartbeat successful
[2016-05-11 17:31:36,900][kafka.coordinator][INFO]Heartbeat successful
[2016-05-11 17:31:39,920][kafka.coordinator][INFO]Heartbeat successful
[2016-05-11 17:31:42,941][kafka.coordinator][INFO]Heartbeat successful
[2016-05-11 17:31:45,998][kafka.coordinator][INFO]Heartbeat successful
[2016-05-11 17:31:49,014][kafka.coordinator][INFO]Heartbeat successful
[2016-05-11 17:31:52,028][kafka.coordinator][INFO]Heartbeat successful
[2016-05-11 17:31:55,047][kafka.coordinator][INFO]Heartbeat successful
[2016-05-11 17:31:58,107][kafka.coordinator][INFO]Heartbeat successful
[2016-05-11 17:32:01,129][kafka.coordinator][INFO]Heartbeat successful
[2016-05-11 17:32:04,151][kafka.coordinator][INFO]Heartbeat successful
[2016-05-11 17:32:06,706][kafka.coordinator][INFO]Heartbeat successful
[2016-05-11 17:32:09,723][kafka.coordinator][INFO]Heartbeat successful
[2016-05-11 17:32:12,743][kafka.coordinator][INFO]Heartbeat successful
[2016-05-11 17:32:15,759][kafka.coordinator][INFO]Heartbeat successful
[2016-05-11 17:32:18,814][kafka.coordinator][INFO]Heartbeat successful
[2016-05-11 17:32:21,855][kafka.coordinator][INFO]Heartbeat successful
[2016-05-11 17:32:24,873][kafka.coordinator][INFO]Heartbeat successful
[2016-05-11 17:32:27,895][kafka.coordinator][INFO]Heartbeat successful
[2016-05-11 17:32:30,913][kafka.coordinator][INFO]Heartbeat successful
[2016-05-11 17:32:33,971][kafka.coordinator][INFO]Heartbeat successful
[2016-05-11 17:32:36,992][kafka.coordinator][INFO]Heartbeat successful
[2016-05-11 17:32:40,012][kafka.coordinator][INFO]Heartbeat successful
[2016-05-11 17:32:43,069][kafka.coordinator][INFO]Heartbeat successful
[2016-05-11 17:32:46,090][kafka.coordinator][INFO]Heartbeat successful
[2016-05-11 17:32:49,106][kafka.coordinator][INFO]Heartbeat successful
[2016-05-11 17:32:52,160][kafka.coordinator][INFO]Heartbeat successful
[2016-05-11 17:32:54,673][kafka.coordinator][INFO]Heartbeat successful
[2016-05-11 17:32:57,726][kafka.coordinator][INFO]Heartbeat successful
[2016-05-11 17:33:00,742][kafka.coordinator][INFO]Heartbeat successful
[2016-05-11 17:33:03,795][kafka.coordinator][INFO]Heartbeat successful
[2016-05-11 17:33:06,809][kafka.coordinator][INFO]Heartbeat successful
[2016-05-11 17:33:09,835][kafka.coordinator][INFO]Heartbeat successful
[2016-05-11 17:33:12,887][kafka.coordinator][INFO]Heartbeat successful
[2016-05-11 17:33:15,899][kafka.coordinator][WARNING]Heartbeat: group is rebalancing; this consumer needs to re-join
[2016-05-11 17:33:15,899][kafka.coordinator][WARNING]Heartbeat failed; retrying
[2016-05-11 17:33:15,999][kafka.coordinator][INFO]Skipping heartbeat: no auto-assignment or waiting on rebalance
[2016-05-11 17:33:16,407][kafka.coordinator][INFO]Joined group 'kafka-python-default-group' (generation 36) with member_id kafka-python-1.0.2-af219871-c516-48d3-8f6a-3bb193565d69
[2016-05-11 17:33:16,589][kafka.consumer.subscription_state][INFO]Updated partition assignment: [TopicPartition(topic=u'instanttopic', partition=0)]
[2016-05-11 17:33:19,643][kafka.coordinator][INFO]Heartbeat successful
[2016-05-11 17:33:22,660][kafka.coordinator][INFO]Heartbeat successful
[2016-05-11 17:33:25,678][kafka.coordinator][INFO]Heartbeat successful
[2016-05-11 17:33:28,734][kafka.coordinator][INFO]Heartbeat successful
[2016-05-11 17:33:31,750][kafka.coordinator][INFO]Heartbeat successful
[2016-05-11 17:33:34,772][kafka.coordinator][INFO]Heartbeat successful
[2016-05-11 17:33:37,828][kafka.coordinator][INFO]Heartbeat successful
[2016-05-11 17:33:40,841][kafka.coordinator][INFO]Heartbeat successful
[2016-05-11 17:33:43,854][kafka.coordinator][INFO]Heartbeat successful
[2016-05-11 17:33:46,867][kafka.coordinator][INFO]Heartbeat successful
[2016-05-11 17:33:49,921][kafka.coordinator][INFO]Heartbeat successful
[2016-05-11 17:33:52,937][kafka.coordinator][INFO]Heartbeat successful
[2016-05-11 17:33:55,956][kafka.coordinator][INFO]Heartbeat successful
[2016-05-11 17:33:59,014][kafka.coordinator][INFO]Heartbeat successful
[2016-05-11 17:34:02,033][kafka.coordinator][INFO]Heartbeat successful
[2016-05-11 17:34:05,056][kafka.coordinator][INFO]Heartbeat successful
[2016-05-11 17:34:07,611][kafka.coordinator][INFO]Heartbeat successful
[2016-05-11 17:34:10,665][kafka.coordinator][INFO]Heartbeat successful
[2016-05-11 17:34:13,682][kafka.coordinator][INFO]Heartbeat successful
[2016-05-11 17:34:16,628][kafka.coordinator][INFO]Heartbeat successful
[2016-05-11 17:34:19,688][kafka.coordinator][INFO]Heartbeat successful
[2016-05-11 17:34:22,704][kafka.coordinator][INFO]Heartbeat successful
[2016-05-11 17:34:25,762][kafka.coordinator][INFO]Heartbeat successful
[2016-05-11 17:34:28,784][kafka.coordinator][INFO]Heartbeat successful
[2016-05-11 17:34:31,804][kafka.coordinator][INFO]Heartbeat successful
[2016-05-11 17:34:34,865][kafka.coordinator][INFO]Heartbeat successful
[2016-05-11 17:34:37,884][kafka.coordinator][INFO]Heartbeat successful
[2016-05-11 17:34:40,897][kafka.coordinator][INFO]Heartbeat successful
[2016-05-11 17:34:43,951][kafka.coordinator][INFO]Heartbeat successful
[2016-05-11 17:34:46,975][kafka.coordinator][INFO]Heartbeat successful
[2016-05-11 17:34:50,000][kafka.coordinator][INFO]Heartbeat successful
[2016-05-11 17:34:53,018][kafka.coordinator][INFO]Heartbeat successful
[2016-05-11 17:34:56,080][kafka.coordinator][INFO]Heartbeat successful
[2016-05-11 17:34:59,101][kafka.coordinator][INFO]Heartbeat successful
[2016-05-11 17:35:01,616][kafka.coordinator][INFO]Heartbeat successful
[2016-05-11 17:35:04,677][kafka.coordinator][INFO]Heartbeat successful
[2016-05-11 17:35:07,689][kafka.coordinator][INFO]Heartbeat successful
[2016-05-11 17:35:10,748][kafka.coordinator][INFO]Heartbeat successful
[2016-05-11 17:35:13,769][kafka.coordinator][INFO]Heartbeat successful
[2016-05-11 17:35:16,785][kafka.coordinator][INFO]Heartbeat successful
[2016-05-11 17:35:19,839][kafka.coordinator][INFO]Heartbeat successful
[2016-05-11 17:35:22,857][kafka.coordinator][INFO]Heartbeat successful
[2016-05-11 17:35:25,873][kafka.coordinator][INFO]Heartbeat successful
[2016-05-11 17:35:28,928][kafka.coordinator][INFO]Heartbeat successful
[2016-05-11 17:35:31,946][kafka.coordinator][INFO]Heartbeat successful
[2016-05-11 17:35:34,971][kafka.coordinator][INFO]Heartbeat successful
[2016-05-11 17:35:38,005][kafka.coordinator][INFO]Heartbeat successful
[2016-05-11 17:35:41,023][kafka.coordinator][INFO]Heartbeat successful
[2016-05-11 17:35:44,079][kafka.coordinator][INFO]Heartbeat successful
