Beginning task setup

/usr/bin/flock
Using existing venv: /tmp/petrel-test-4-1462969332/venv
Task setup took 0 seconds
Launching: python -m petrel.run kafkaconsumer /home/pipe/twitterintel/twitterintel/topology/TopologyTweetTransformationSPAM/petrel27600_kafkaconsumer.log
/usr/local/lib/python2.7/dist-packages/petrel-0.9.4.0.3-py2.7.egg/petrel/run.py invoked with the following arguments: ['kafkaconsumer', '/home/pipe/twitterintel/twitterintel/topology/TopologyTweetTransformationSPAM/petrel27600_kafkaconsumer.log']
python version: 2.7.11
user=root
PATH=/tmp/petrel-test-4-1462969332/venv/bin:/root/SimpleScalar/simplesim-3.0:/root/SimpleScalar/bin:/root/SimpleScalar/gcc-2.6.3:/root/SimpleScalar/bin:/usr/local/sbin:/usr/local/bin:/usr/sbin:/usr/bin:/sbin:/bin:/usr/games:/usr/local/games:/home/pipe/Downloads/zookeeper-3.4.8/bin:/home/pipe/Downloads/apache-storm-0.9.4/bin
LD_LIBRARY_PATH=storm-local/supervisor/stormdist/test-4-1462969332/resources/Linux-amd64:storm-local/supervisor/stormdist/test-4-1462969332/resources:/usr/local/lib:/opt/local/lib:/usr/lib
PYTHON_EGG_CACHE=/tmp/petrel-test-4-1462969332/egg_cache
[2016-05-11 15:09:19,463][storm][INFO]Tuple profiling enabled. Will log tuple processing times.
[2016-05-11 15:09:19,865][storm][INFO]Task received setupInfo from Storm: {u'pidDir': u'/home/pipe/storm-local/workers/0e354e63-bc9b-485e-b42f-c7248e7f98f1/pids', u'conf': {u'oauth.acess_token': u' 702208758362087425-HZiyl1x7Bh98cQa1WLBDYylyu10Bpl7', u'topology.tuple.serializer': u'backtype.storm.serialization.types.ListDelegateSerializer', u'topology.workers': 1, u'drpc.worker.threads': 64, u'storm.messaging.netty.client_worker_threads': 1, u'supervisor.heartbeat.frequency.secs': 5, u'topology.executor.send.buffer.size': 1024, u'drpc.childopts': u'-Xmx768m', u'nimbus.thrift.port': 6627, u'storm.zookeeper.retry.intervalceiling.millis': 30000, u'storm.local.dir': u'storm-local', u'topology.receiver.buffer.size': 8, u'storm.zookeeper.servers': [u'localhost'], u'oauth.consumer_secret': u'ADf76fi3O1lKMzBxWnjqf93l3GHv28uar3bkblkvyBrAyoA23i', u'transactional.zookeeper.root': u'/transactional', u'drpc.request.timeout.secs': 600, u'topology.skip.missing.kryo.registrations': False, u'worker.heartbeat.frequency.secs': 1, u'zmq.hwm': 0, u'storm.zookeeper.connection.timeout': 15000, u'java.library.path': u'/usr/local/lib:/opt/local/lib:/usr/lib', u'topology.max.error.report.per.interval': 5, u'storm.messaging.netty.server_worker_threads': 1, u'storm.id': u'test-4-1462969332', u'supervisor.worker.start.timeout.secs': 120, u'zmq.threads': 1, u'topology.acker.executors': None, u'storm.messaging.netty.flush.check.interval.ms': 10, u'storm.messaging.netty.transfer.batch.size': 262144, u'topology.max.task.parallelism': None, u'topology.environment': None, u'storm.zookeeper.port': 2181, u'nimbus.childopts': u'-Xmx1024m', u'topology.classpath': None, u'worker.childopts': u'-Xmx768m', u'drpc.queue.size': 128, u'topology.multilang.serializer': u'backtype.storm.multilang.JsonSerializer', u'storm.zookeeper.retry.times': 5, u'nimbus.monitor.freq.secs': 10, u'storm.cluster.mode': u'distributed', u'dev.zookeeper.path': u'/tmp/dev-storm-zookeeper', u'drpc.invocations.port': 3773, u'topology.tasks': None, u'storm.zookeeper.root': u'/storm', u'logviewer.childopts': u'-Xmx128m', u'storm.meta.serialization.delegate': u'backtype.storm.serialization.DefaultSerializationDelegate', u'transactional.zookeeper.port': None, u'topology.worker.receiver.thread.count': 1, u'topology.worker.childopts': None, u'topology.max.spout.pending': None, u'topology.kryo.register': None, u'petrel.host': u'pipe-X550CC', u'nimbus.cleanup.inbox.freq.secs': 600, u'storm.messaging.netty.min_wait_ms': 100, u'nimbus.task.timeout.secs': 30, u'nimbus.thrift.max_buffer_size': 1048576, u'topology.sleep.spout.wait.strategy.time.ms': 1, u'nimbus.reassign': True, u'storm.messaging.transport': u'backtype.storm.messaging.netty.Context', u'logviewer.appender.name': u'A1', u'nimbus.host': u'localhost', u'ui.port': 8080, u'supervisor.slots.ports': [6700, 6701, 6702, 6703], u'nimbus.file.copy.expiration.secs': 600, u'supervisor.monitor.frequency.secs': 3, u'ui.childopts': u'-Xmx768m', u'transactional.zookeeper.servers': None, u'zmq.linger.millis': 5000, u'topology.error.throttle.interval.secs': 10, u'topology.worker.shared.thread.pool.size': 4, u'topology.executor.receive.buffer.size': 1024, u'topology.spout.wait.strategy': u'backtype.storm.spout.SleepSpoutWaitStrategy', u'task.heartbeat.frequency.secs': 3, u'topology.transfer.buffer.size': 1024, u'storm.zookeeper.session.timeout': 20000, u'storm.local.mode.zmq': False, u'topology.stats.sample.rate': 0.05, u'topology.fall.back.on.java.serialization': True, u'supervisor.childopts': u'-Xmx256m', u'topology.enable.message.timeouts': True, u'storm.messaging.netty.max_wait_ms': 1000, u'nimbus.topology.validator': u'backtype.storm.nimbus.DefaultTopologyValidator', u'nimbus.supervisor.timeout.secs': 60, u'topology.disruptor.wait.strategy': u'com.lmax.disruptor.BlockingWaitStrategy', u'storm.messaging.netty.buffer_size': 5242880, u'drpc.port': 3772, u'topology.kryo.factory': u'backtype.storm.serialization.DefaultKryoFactory', u'storm.zookeeper.retry.interval': 1000, u'storm.messaging.netty.max_retries': 300, u'topology.tick.tuple.freq.secs': 30, u'supervisor.enable': True, u'nimbus.task.launch.secs': 120, u'task.refresh.poll.secs': 10, u'topology.message.timeout.secs': 30, u'oauth.acess_token_secret': u'IiNOTfgE3tEZvW2HDQhRKPMoOLU43NXJCXk8maj51SdAT', u'petrel.user': u'root', u'nimbus.inbox.jar.expiration.secs': 3600, u'topology.state.synchronization.timeout.secs': 60, u'topology.name': u'test', u'supervisor.worker.timeout.secs': 30, u'topology.trident.batch.emit.interval.millis': 500, u'topology.builtin.metrics.bucket.size.secs': 60, u'storm.thrift.transport': u'backtype.storm.security.auth.SimpleTransportPlugin', u'logviewer.port': 8000, u'oauth.consumer_key': u'eaFmBSxUveRJfmyZYeabti9Q9', u'topology.kryo.decorators': [], u'topology.debug': False}, u'context': {u'task->component': {u'1': u'CountThreeWords', u'3': u'CountWord', u'2': u'CountTwoWords', u'5': u'ThreeWordDivider', u'4': u'KafkaConsumer', u'7': u'WordDivider', u'6': u'TwoWordDivider', u'8': u'__acker'}, u'taskid': 4}}
[2016-05-11 15:09:19,865][storm][INFO]Task sent pid to Storm
[2016-05-11 15:09:20,018][kafka.client][INFO]Broker version identifed as 0.9
[2016-05-11 15:09:20,023][kafka.consumer.subscription_state][INFO]Updating subscribed topics to: ['instanttopic']
[2016-05-11 15:09:20,105][kafka.cluster][INFO]Group coordinator for kafka-python-default-group is BrokerMetadata(nodeId=0, host=u'pipe-X550CC', port=9092)
[2016-05-11 15:09:25,732][kafka.coordinator][INFO]Joined group 'kafka-python-default-group' (generation 2) with member_id kafka-python-1.0.2-13ac016f-8c67-489e-9689-6ffea6d9ba33
[2016-05-11 15:09:25,732][kafka.coordinator][INFO]Elected group leader -- performing partition assignments using range
[2016-05-11 15:09:25,736][kafka.consumer.subscription_state][INFO]Updated partition assignment: [TopicPartition(topic=u'instanttopic', partition=0)]
[2016-05-11 15:09:28,834][kafka.coordinator][INFO]Heartbeat successful
[2016-05-11 15:09:31,860][kafka.coordinator][INFO]Heartbeat successful
[2016-05-11 15:09:34,883][kafka.coordinator][INFO]Heartbeat successful
[2016-05-11 15:09:37,946][kafka.coordinator][INFO]Heartbeat successful
[2016-05-11 15:09:40,968][kafka.coordinator][INFO]Heartbeat successful
[2016-05-11 15:09:43,992][kafka.coordinator][INFO]Heartbeat successful
[2016-05-11 15:09:47,055][kafka.coordinator][INFO]Heartbeat successful
[2016-05-11 15:09:50,076][kafka.coordinator][INFO]Heartbeat successful
[2016-05-11 15:09:53,102][kafka.coordinator][INFO]Heartbeat successful
[2016-05-11 15:09:56,121][kafka.coordinator][INFO]Heartbeat successful
[2016-05-11 15:09:59,184][kafka.coordinator][INFO]Heartbeat successful
[2016-05-11 15:10:02,206][kafka.coordinator][INFO]Heartbeat successful
[2016-05-11 15:10:05,227][kafka.coordinator][INFO]Heartbeat successful
[2016-05-11 15:10:07,786][kafka.coordinator][INFO]Heartbeat successful
[2016-05-11 15:10:10,804][kafka.coordinator][INFO]Heartbeat successful
[2016-05-11 15:10:13,831][kafka.coordinator][INFO]Heartbeat successful
[2016-05-11 15:10:16,892][kafka.coordinator][INFO]Heartbeat successful
[2016-05-11 15:10:19,911][kafka.coordinator][INFO]Heartbeat successful
[2016-05-11 15:10:22,933][kafka.coordinator][INFO]Heartbeat successful
[2016-05-11 15:10:25,957][kafka.coordinator][INFO]Heartbeat successful
[2016-05-11 15:10:28,978][kafka.coordinator][INFO]Heartbeat successful
[2016-05-11 15:10:32,041][kafka.coordinator][INFO]Heartbeat successful
[2016-05-11 15:10:35,067][kafka.coordinator][INFO]Heartbeat successful
[2016-05-11 15:10:38,093][kafka.coordinator][INFO]Heartbeat successful
[2016-05-11 15:10:41,116][kafka.coordinator][INFO]Heartbeat successful
[2016-05-11 15:10:44,177][kafka.coordinator][INFO]Heartbeat successful
[2016-05-11 15:10:47,206][kafka.coordinator][INFO]Heartbeat successful
[2016-05-11 15:10:50,232][kafka.coordinator][INFO]Heartbeat successful
[2016-05-11 15:10:53,260][kafka.coordinator][INFO]Heartbeat successful
[2016-05-11 15:10:55,780][kafka.coordinator][INFO]Heartbeat successful
[2016-05-11 15:10:58,844][kafka.coordinator][INFO]Heartbeat successful
[2016-05-11 15:11:01,862][kafka.coordinator][INFO]Heartbeat successful
[2016-05-11 15:11:04,924][kafka.coordinator][INFO]Heartbeat successful
[2016-05-11 15:11:07,961][kafka.coordinator][INFO]Heartbeat successful
[2016-05-11 15:11:10,981][kafka.coordinator][INFO]Heartbeat successful
[2016-05-11 15:11:14,042][kafka.coordinator][INFO]Heartbeat successful
[2016-05-11 15:11:17,062][kafka.coordinator][INFO]Heartbeat successful
[2016-05-11 15:11:20,089][kafka.coordinator][INFO]Heartbeat successful
[2016-05-11 15:11:23,114][kafka.coordinator][INFO]Heartbeat successful
[2016-05-11 15:11:26,134][kafka.coordinator][INFO]Heartbeat successful
[2016-05-11 15:11:29,198][kafka.coordinator][INFO]Heartbeat successful
[2016-05-11 15:11:32,223][kafka.coordinator][INFO]Heartbeat successful
[2016-05-11 15:11:35,244][kafka.coordinator][INFO]Heartbeat successful
[2016-05-11 15:11:37,803][kafka.coordinator][INFO]Heartbeat successful
[2016-05-11 15:11:40,862][kafka.coordinator][INFO]Heartbeat successful
[2016-05-11 15:11:43,888][kafka.coordinator][INFO]Heartbeat successful
[2016-05-11 15:11:46,912][kafka.coordinator][INFO]Heartbeat successful
[2016-05-11 15:11:49,940][kafka.coordinator][INFO]Heartbeat successful
[2016-05-11 15:11:52,999][kafka.coordinator][INFO]Heartbeat successful
[2016-05-11 15:11:56,023][kafka.coordinator][INFO]Heartbeat successful
[2016-05-11 15:11:59,046][kafka.coordinator][INFO]Heartbeat successful
[2016-05-11 15:12:02,071][kafka.coordinator][INFO]Heartbeat successful
[2016-05-11 15:12:05,136][kafka.coordinator][INFO]Heartbeat successful
[2016-05-11 15:12:08,160][kafka.coordinator][INFO]Heartbeat successful
[2016-05-11 15:12:11,183][kafka.coordinator][INFO]Heartbeat successful
[2016-05-11 15:12:14,248][kafka.coordinator][INFO]Heartbeat successful
[2016-05-11 15:12:17,272][kafka.coordinator][INFO]Heartbeat successful
[2016-05-11 15:12:19,793][kafka.coordinator][INFO]Heartbeat successful
[2016-05-11 15:12:22,856][kafka.coordinator][INFO]Heartbeat successful
[2016-05-11 15:12:25,885][kafka.coordinator][INFO]Heartbeat successful
[2016-05-11 15:12:28,908][kafka.coordinator][INFO]Heartbeat successful
[2016-05-11 15:12:31,929][kafka.coordinator][INFO]Heartbeat successful
[2016-05-11 15:12:34,991][kafka.coordinator][INFO]Heartbeat successful
[2016-05-11 15:12:38,012][kafka.coordinator][INFO]Heartbeat successful
[2016-05-11 15:12:41,032][kafka.coordinator][INFO]Heartbeat successful
[2016-05-11 15:12:44,098][kafka.coordinator][INFO]Heartbeat successful
[2016-05-11 15:12:47,123][kafka.coordinator][INFO]Heartbeat successful
[2016-05-11 15:12:50,147][kafka.coordinator][INFO]Heartbeat successful
[2016-05-11 15:12:53,169][kafka.coordinator][INFO]Heartbeat successful
[2016-05-11 15:12:56,239][kafka.coordinator][INFO]Heartbeat successful
[2016-05-11 15:12:59,261][kafka.coordinator][INFO]Heartbeat successful
[2016-05-11 15:13:02,282][kafka.coordinator][INFO]Heartbeat successful
[2016-05-11 15:13:04,843][kafka.coordinator][INFO]Heartbeat successful
[2016-05-11 15:13:07,869][kafka.coordinator][INFO]Heartbeat successful
[2016-05-11 15:13:10,898][kafka.coordinator][INFO]Heartbeat successful
[2016-05-11 15:13:13,961][kafka.coordinator][INFO]Heartbeat successful
[2016-05-11 15:13:16,983][kafka.coordinator][INFO]Heartbeat successful
[2016-05-11 15:13:20,012][kafka.coordinator][INFO]Heartbeat successful
[2016-05-11 15:13:23,036][kafka.coordinator][INFO]Heartbeat successful
[2016-05-11 15:13:26,057][kafka.coordinator][INFO]Heartbeat successful
[2016-05-11 15:13:29,115][kafka.coordinator][INFO]Heartbeat successful
[2016-05-11 15:13:32,138][kafka.coordinator][INFO]Heartbeat successful
[2016-05-11 15:13:35,163][kafka.coordinator][INFO]Heartbeat successful
[2016-05-11 15:13:38,184][kafka.coordinator][INFO]Heartbeat successful
[2016-05-11 15:13:41,252][kafka.coordinator][INFO]Heartbeat successful
[2016-05-11 15:13:44,282][kafka.coordinator][INFO]Heartbeat successful
[2016-05-11 15:13:46,799][kafka.coordinator][INFO]Heartbeat successful
[2016-05-11 15:13:49,862][kafka.coordinator][INFO]Heartbeat successful
[2016-05-11 15:13:52,886][kafka.coordinator][INFO]Heartbeat successful
[2016-05-11 15:13:55,913][kafka.coordinator][INFO]Heartbeat successful
[2016-05-11 15:13:58,938][kafka.coordinator][INFO]Heartbeat successful
[2016-05-11 15:14:01,963][kafka.coordinator][INFO]Heartbeat successful
[2016-05-11 15:14:05,028][kafka.coordinator][INFO]Heartbeat successful
[2016-05-11 15:14:08,050][kafka.coordinator][INFO]Heartbeat successful
[2016-05-11 15:14:11,076][kafka.coordinator][INFO]Heartbeat successful
[2016-05-11 15:14:14,097][kafka.coordinator][INFO]Heartbeat successful
[2016-05-11 15:14:17,164][kafka.coordinator][INFO]Heartbeat successful
[2016-05-11 15:14:20,187][kafka.coordinator][INFO]Heartbeat successful
[2016-05-11 15:14:23,212][kafka.coordinator][INFO]Heartbeat successful
[2016-05-11 15:14:26,277][kafka.coordinator][INFO]Heartbeat successful
[2016-05-11 15:14:29,300][kafka.coordinator][INFO]Heartbeat successful
[2016-05-11 15:14:31,820][kafka.coordinator][INFO]Heartbeat successful
[2016-05-11 15:14:34,887][kafka.coordinator][INFO]Heartbeat successful
[2016-05-11 15:14:37,910][kafka.coordinator][INFO]Heartbeat successful
[2016-05-11 15:14:40,935][kafka.coordinator][INFO]Heartbeat successful
[2016-05-11 15:14:43,958][kafka.coordinator][INFO]Heartbeat successful
