Beginning task setup

/usr/bin/flock
Using existing venv: /tmp/petrel-test-4-1462969332/venv
Task setup took 1 seconds
Launching: python -m petrel.run kafkaconsumer /home/pipe/twitterintel/twitterintel/topology/TopologyTweetTransformationSPAM/petrel3313_kafkaconsumer.log
/usr/local/lib/python2.7/dist-packages/petrel-0.9.4.0.3-py2.7.egg/petrel/run.py invoked with the following arguments: ['kafkaconsumer', '/home/pipe/twitterintel/twitterintel/topology/TopologyTweetTransformationSPAM/petrel3313_kafkaconsumer.log']
python version: 2.7.11
user=root
PATH=/tmp/petrel-test-4-1462969332/venv/bin:/root/SimpleScalar/simplesim-3.0:/root/SimpleScalar/bin:/root/SimpleScalar/gcc-2.6.3:/root/SimpleScalar/bin:/usr/local/sbin:/usr/local/bin:/usr/sbin:/usr/bin:/sbin:/bin:/usr/games:/usr/local/games:/home/pipe/Downloads/zookeeper-3.4.8/bin:/home/pipe/Downloads/apache-storm-0.9.4/bin
LD_LIBRARY_PATH=storm-local/supervisor/stormdist/test-4-1462969332/resources/Linux-amd64:storm-local/supervisor/stormdist/test-4-1462969332/resources:/usr/local/lib:/opt/local/lib:/usr/lib
PYTHON_EGG_CACHE=/tmp/petrel-test-4-1462969332/egg_cache
[2016-05-11 16:13:43,532][storm][INFO]Tuple profiling enabled. Will log tuple processing times.
[2016-05-11 16:13:44,321][storm][INFO]Task received setupInfo from Storm: {u'pidDir': u'/home/pipe/storm-local/workers/d271c242-8c87-4d36-af14-28a70c613c80/pids', u'conf': {u'oauth.acess_token': u' 702208758362087425-HZiyl1x7Bh98cQa1WLBDYylyu10Bpl7', u'topology.tuple.serializer': u'backtype.storm.serialization.types.ListDelegateSerializer', u'topology.workers': 1, u'drpc.worker.threads': 64, u'storm.messaging.netty.client_worker_threads': 1, u'supervisor.heartbeat.frequency.secs': 5, u'topology.executor.send.buffer.size': 1024, u'drpc.childopts': u'-Xmx768m', u'nimbus.thrift.port': 6627, u'storm.zookeeper.retry.intervalceiling.millis': 30000, u'storm.local.dir': u'storm-local', u'topology.receiver.buffer.size': 8, u'storm.zookeeper.servers': [u'localhost'], u'oauth.consumer_secret': u'ADf76fi3O1lKMzBxWnjqf93l3GHv28uar3bkblkvyBrAyoA23i', u'transactional.zookeeper.root': u'/transactional', u'drpc.request.timeout.secs': 600, u'topology.skip.missing.kryo.registrations': False, u'worker.heartbeat.frequency.secs': 1, u'zmq.hwm': 0, u'storm.zookeeper.connection.timeout': 15000, u'java.library.path': u'/usr/local/lib:/opt/local/lib:/usr/lib', u'topology.max.error.report.per.interval': 5, u'storm.messaging.netty.server_worker_threads': 1, u'storm.id': u'test-4-1462969332', u'supervisor.worker.start.timeout.secs': 120, u'zmq.threads': 1, u'topology.acker.executors': None, u'storm.messaging.netty.flush.check.interval.ms': 10, u'storm.messaging.netty.transfer.batch.size': 262144, u'topology.max.task.parallelism': None, u'topology.environment': None, u'storm.zookeeper.port': 2181, u'nimbus.childopts': u'-Xmx1024m', u'topology.classpath': None, u'worker.childopts': u'-Xmx768m', u'drpc.queue.size': 128, u'topology.multilang.serializer': u'backtype.storm.multilang.JsonSerializer', u'storm.zookeeper.retry.times': 5, u'nimbus.monitor.freq.secs': 10, u'storm.cluster.mode': u'distributed', u'dev.zookeeper.path': u'/tmp/dev-storm-zookeeper', u'drpc.invocations.port': 3773, u'topology.tasks': None, u'storm.zookeeper.root': u'/storm', u'logviewer.childopts': u'-Xmx128m', u'storm.meta.serialization.delegate': u'backtype.storm.serialization.DefaultSerializationDelegate', u'transactional.zookeeper.port': None, u'topology.worker.receiver.thread.count': 1, u'topology.worker.childopts': None, u'topology.max.spout.pending': None, u'topology.kryo.register': None, u'petrel.host': u'pipe-X550CC', u'nimbus.cleanup.inbox.freq.secs': 600, u'storm.messaging.netty.min_wait_ms': 100, u'nimbus.task.timeout.secs': 30, u'nimbus.thrift.max_buffer_size': 1048576, u'topology.sleep.spout.wait.strategy.time.ms': 1, u'nimbus.reassign': True, u'storm.messaging.transport': u'backtype.storm.messaging.netty.Context', u'logviewer.appender.name': u'A1', u'nimbus.host': u'localhost', u'ui.port': 8080, u'supervisor.slots.ports': [6700, 6701, 6702, 6703], u'nimbus.file.copy.expiration.secs': 600, u'supervisor.monitor.frequency.secs': 3, u'ui.childopts': u'-Xmx768m', u'transactional.zookeeper.servers': None, u'zmq.linger.millis': 5000, u'topology.error.throttle.interval.secs': 10, u'topology.worker.shared.thread.pool.size': 4, u'topology.executor.receive.buffer.size': 1024, u'topology.spout.wait.strategy': u'backtype.storm.spout.SleepSpoutWaitStrategy', u'task.heartbeat.frequency.secs': 3, u'topology.transfer.buffer.size': 1024, u'storm.zookeeper.session.timeout': 20000, u'storm.local.mode.zmq': False, u'topology.stats.sample.rate': 0.05, u'topology.fall.back.on.java.serialization': True, u'supervisor.childopts': u'-Xmx256m', u'topology.enable.message.timeouts': True, u'storm.messaging.netty.max_wait_ms': 1000, u'nimbus.topology.validator': u'backtype.storm.nimbus.DefaultTopologyValidator', u'nimbus.supervisor.timeout.secs': 60, u'topology.disruptor.wait.strategy': u'com.lmax.disruptor.BlockingWaitStrategy', u'storm.messaging.netty.buffer_size': 5242880, u'drpc.port': 3772, u'topology.kryo.factory': u'backtype.storm.serialization.DefaultKryoFactory', u'storm.zookeeper.retry.interval': 1000, u'storm.messaging.netty.max_retries': 300, u'topology.tick.tuple.freq.secs': 30, u'supervisor.enable': True, u'nimbus.task.launch.secs': 120, u'task.refresh.poll.secs': 10, u'topology.message.timeout.secs': 30, u'oauth.acess_token_secret': u'IiNOTfgE3tEZvW2HDQhRKPMoOLU43NXJCXk8maj51SdAT', u'petrel.user': u'root', u'nimbus.inbox.jar.expiration.secs': 3600, u'topology.state.synchronization.timeout.secs': 60, u'topology.name': u'test', u'supervisor.worker.timeout.secs': 30, u'topology.trident.batch.emit.interval.millis': 500, u'topology.builtin.metrics.bucket.size.secs': 60, u'storm.thrift.transport': u'backtype.storm.security.auth.SimpleTransportPlugin', u'logviewer.port': 8000, u'oauth.consumer_key': u'eaFmBSxUveRJfmyZYeabti9Q9', u'topology.kryo.decorators': [], u'topology.debug': False}, u'context': {u'task->component': {u'1': u'CountThreeWords', u'3': u'CountWord', u'2': u'CountTwoWords', u'5': u'ThreeWordDivider', u'4': u'KafkaConsumer', u'7': u'WordDivider', u'6': u'TwoWordDivider', u'8': u'__acker'}, u'taskid': 4}}
[2016-05-11 16:13:44,321][storm][INFO]Task sent pid to Storm
[2016-05-11 16:13:44,489][kafka.client][INFO]Broker version identifed as 0.9
[2016-05-11 16:13:44,512][kafka.consumer.subscription_state][INFO]Updating subscribed topics to: ['instanttopic']
[2016-05-11 16:13:44,593][kafka.cluster][INFO]Group coordinator for kafka-python-default-group is BrokerMetadata(nodeId=0, host=u'pipe-X550CC', port=9092)
[2016-05-11 16:13:44,633][kafka.coordinator][INFO]Joined group 'kafka-python-default-group' (generation 1) with member_id kafka-python-1.0.2-c9ef26ec-c17b-4138-a160-fa429ec31f0b
[2016-05-11 16:13:44,633][kafka.coordinator][INFO]Elected group leader -- performing partition assignments using range
[2016-05-11 16:13:44,674][kafka.consumer.subscription_state][INFO]Updated partition assignment: [TopicPartition(topic=u'instanttopic', partition=0)]
[2016-05-11 16:13:47,884][kafka.coordinator][INFO]Heartbeat successful
[2016-05-11 16:13:50,905][kafka.coordinator][INFO]Heartbeat successful
[2016-05-11 16:13:53,923][kafka.coordinator][INFO]Heartbeat successful
[2016-05-11 16:13:56,978][kafka.coordinator][INFO]Heartbeat successful
[2016-05-11 16:13:59,997][kafka.coordinator][INFO]Heartbeat successful
[2016-05-11 16:14:03,014][kafka.coordinator][INFO]Heartbeat successful
[2016-05-11 16:14:06,076][kafka.coordinator][INFO]Heartbeat successful
[2016-05-11 16:14:09,095][kafka.coordinator][INFO]Heartbeat successful
[2016-05-11 16:14:12,119][kafka.coordinator][INFO]Heartbeat successful
[2016-05-11 16:14:15,136][kafka.coordinator][INFO]Heartbeat successful
[2016-05-11 16:14:17,686][kafka.coordinator][INFO]Heartbeat successful
[2016-05-11 16:14:20,747][kafka.coordinator][INFO]Heartbeat successful
[2016-05-11 16:14:23,766][kafka.coordinator][INFO]Heartbeat successful
[2016-05-11 16:14:26,823][kafka.coordinator][INFO]Heartbeat successful
[2016-05-11 16:14:29,834][kafka.coordinator][INFO]Heartbeat successful
[2016-05-11 16:14:32,851][kafka.coordinator][INFO]Heartbeat successful
[2016-05-11 16:14:35,903][kafka.coordinator][INFO]Heartbeat successful
[2016-05-11 16:14:38,915][kafka.coordinator][INFO]Heartbeat successful
[2016-05-11 16:14:41,929][kafka.coordinator][INFO]Heartbeat successful
[2016-05-11 16:14:44,942][kafka.coordinator][INFO]Heartbeat successful
[2016-05-11 16:14:47,993][kafka.coordinator][INFO]Heartbeat successful
[2016-05-11 16:14:51,008][kafka.coordinator][INFO]Heartbeat successful
[2016-05-11 16:14:54,022][kafka.coordinator][INFO]Heartbeat successful
[2016-05-11 16:14:57,076][kafka.coordinator][INFO]Heartbeat successful
[2016-05-11 16:15:00,086][kafka.coordinator][INFO]Heartbeat successful
[2016-05-11 16:15:03,099][kafka.coordinator][INFO]Heartbeat successful
[2016-05-11 16:15:06,149][kafka.coordinator][INFO]Heartbeat successful
[2016-05-11 16:15:09,160][kafka.coordinator][INFO]Heartbeat successful
[2016-05-11 16:15:12,173][kafka.coordinator][INFO]Heartbeat successful
[2016-05-11 16:15:15,181][kafka.coordinator][INFO]Heartbeat successful
[2016-05-11 16:15:17,730][kafka.coordinator][INFO]Heartbeat successful
[2016-05-11 16:15:20,746][kafka.coordinator][INFO]Heartbeat successful
[2016-05-11 16:15:23,756][kafka.coordinator][INFO]Heartbeat successful
[2016-05-11 16:15:26,807][kafka.coordinator][INFO]Heartbeat successful
[2016-05-11 16:15:29,818][kafka.coordinator][INFO]Heartbeat successful
[2016-05-11 16:15:32,829][kafka.coordinator][INFO]Heartbeat successful
[2016-05-11 16:15:35,847][kafka.coordinator][INFO]Heartbeat successful
[2016-05-11 16:15:38,903][kafka.coordinator][INFO]Heartbeat successful
[2016-05-11 16:15:41,923][kafka.coordinator][INFO]Heartbeat successful
[2016-05-11 16:15:44,942][kafka.coordinator][INFO]Heartbeat successful
[2016-05-11 16:15:47,998][kafka.coordinator][INFO]Heartbeat successful
[2016-05-11 16:15:51,012][kafka.coordinator][INFO]Heartbeat successful
[2016-05-11 16:15:54,032][kafka.coordinator][INFO]Heartbeat successful
[2016-05-11 16:15:57,084][kafka.coordinator][INFO]Heartbeat successful
[2016-05-11 16:16:00,103][kafka.coordinator][INFO]Heartbeat successful
[2016-05-11 16:16:03,122][kafka.coordinator][INFO]Heartbeat successful
[2016-05-11 16:16:06,137][kafka.coordinator][INFO]Heartbeat successful
[2016-05-11 16:16:09,189][kafka.coordinator][INFO]Heartbeat successful
[2016-05-11 16:16:11,705][kafka.coordinator][INFO]Heartbeat successful
[2016-05-11 16:16:14,757][kafka.coordinator][INFO]Heartbeat successful
[2016-05-11 16:16:17,771][kafka.coordinator][INFO]Heartbeat successful
[2016-05-11 16:16:20,787][kafka.coordinator][INFO]Heartbeat successful
[2016-05-11 16:16:23,841][kafka.coordinator][INFO]Heartbeat successful
[2016-05-11 16:16:26,857][kafka.coordinator][INFO]Heartbeat successful
[2016-05-11 16:16:29,871][kafka.coordinator][INFO]Heartbeat successful
[2016-05-11 16:16:32,923][kafka.coordinator][INFO]Heartbeat successful
[2016-05-11 16:16:35,938][kafka.coordinator][INFO]Heartbeat successful
[2016-05-11 16:16:38,957][kafka.coordinator][INFO]Heartbeat successful
[2016-05-11 16:16:42,014][kafka.coordinator][INFO]Heartbeat successful
[2016-05-11 16:16:45,027][kafka.coordinator][INFO]Heartbeat successful
[2016-05-11 16:16:48,047][kafka.coordinator][INFO]Heartbeat successful
[2016-05-11 16:16:51,059][kafka.coordinator][INFO]Heartbeat successful
[2016-05-11 16:16:54,113][kafka.coordinator][INFO]Heartbeat successful
[2016-05-11 16:16:57,132][kafka.coordinator][INFO]Heartbeat successful
[2016-05-11 16:17:00,147][kafka.coordinator][INFO]Heartbeat successful
[2016-05-11 16:17:03,201][kafka.coordinator][INFO]Heartbeat successful
[2016-05-11 16:17:05,713][kafka.coordinator][INFO]Heartbeat successful
[2016-05-11 16:17:08,777][kafka.coordinator][INFO]Heartbeat successful
[2016-05-11 16:17:11,795][kafka.coordinator][INFO]Heartbeat successful
[2016-05-11 16:17:14,853][kafka.coordinator][INFO]Heartbeat successful
[2016-05-11 16:17:17,865][kafka.coordinator][INFO]Heartbeat successful
[2016-05-11 16:17:20,878][kafka.coordinator][INFO]Heartbeat successful
[2016-05-11 16:17:23,932][kafka.coordinator][INFO]Heartbeat successful
[2016-05-11 16:17:26,946][kafka.coordinator][INFO]Heartbeat successful
[2016-05-11 16:17:29,968][kafka.coordinator][INFO]Heartbeat successful
[2016-05-11 16:17:33,022][kafka.coordinator][INFO]Heartbeat successful
[2016-05-11 16:17:36,036][kafka.coordinator][INFO]Heartbeat successful
[2016-05-11 16:17:39,079][kafka.coordinator][INFO]Heartbeat successful
[2016-05-11 16:17:42,095][kafka.coordinator][INFO]Heartbeat successful
[2016-05-11 16:17:45,111][kafka.coordinator][INFO]Heartbeat successful
[2016-05-11 16:17:48,165][kafka.coordinator][INFO]Heartbeat successful
[2016-05-11 16:17:51,180][kafka.coordinator][INFO]Heartbeat successful
[2016-05-11 16:17:54,196][kafka.coordinator][INFO]Heartbeat successful
[2016-05-11 16:17:57,212][kafka.coordinator][INFO]Heartbeat successful
[2016-05-11 16:17:59,765][kafka.coordinator][INFO]Heartbeat successful
[2016-05-11 16:18:02,780][kafka.coordinator][INFO]Heartbeat successful
[2016-05-11 16:18:05,796][kafka.coordinator][INFO]Heartbeat successful
[2016-05-11 16:18:08,850][kafka.coordinator][INFO]Heartbeat successful
[2016-05-11 16:18:11,862][kafka.coordinator][INFO]Heartbeat successful
[2016-05-11 16:18:14,879][kafka.coordinator][INFO]Heartbeat successful
[2016-05-11 16:18:17,934][kafka.coordinator][INFO]Heartbeat successful
[2016-05-11 16:18:20,950][kafka.coordinator][INFO]Heartbeat successful
[2016-05-11 16:18:23,968][kafka.coordinator][INFO]Heartbeat successful
[2016-05-11 16:18:26,984][kafka.coordinator][INFO]Heartbeat successful
[2016-05-11 16:18:30,043][kafka.coordinator][INFO]Heartbeat successful
[2016-05-11 16:18:33,060][kafka.coordinator][INFO]Heartbeat successful
[2016-05-11 16:18:36,077][kafka.coordinator][INFO]Heartbeat successful
[2016-05-11 16:18:39,134][kafka.coordinator][INFO]Heartbeat successful
[2016-05-11 16:18:42,153][kafka.coordinator][INFO]Heartbeat successful
[2016-05-11 16:18:45,179][kafka.coordinator][INFO]Heartbeat successful
[2016-05-11 16:18:48,211][kafka.coordinator][INFO]Heartbeat successful
[2016-05-11 16:18:50,732][kafka.coordinator][INFO]Heartbeat successful
[2016-05-11 16:18:53,795][kafka.coordinator][INFO]Heartbeat successful
[2016-05-11 16:18:56,818][kafka.coordinator][INFO]Heartbeat successful
[2016-05-11 16:18:59,873][kafka.coordinator][INFO]Heartbeat successful
[2016-05-11 16:19:02,890][kafka.coordinator][INFO]Heartbeat successful
[2016-05-11 16:19:05,916][kafka.coordinator][INFO]Heartbeat successful
