Beginning task setup

/usr/bin/flock
Using existing venv: /tmp/petrel-test-4-1462969332/venv
Task setup took 0 seconds
Launching: python -m petrel.run kafkaconsumer /home/pipe/twitterintel/twitterintel/topology/TopologyTweetTransformationSPAM/petrel30879_kafkaconsumer.log
/usr/local/lib/python2.7/dist-packages/petrel-0.9.4.0.3-py2.7.egg/petrel/run.py invoked with the following arguments: ['kafkaconsumer', '/home/pipe/twitterintel/twitterintel/topology/TopologyTweetTransformationSPAM/petrel30879_kafkaconsumer.log']
python version: 2.7.11
user=root
PATH=/tmp/petrel-test-4-1462969332/venv/bin:/root/SimpleScalar/simplesim-3.0:/root/SimpleScalar/bin:/root/SimpleScalar/gcc-2.6.3:/root/SimpleScalar/bin:/usr/local/sbin:/usr/local/bin:/usr/sbin:/usr/bin:/sbin:/bin:/usr/games:/usr/local/games:/home/pipe/Downloads/zookeeper-3.4.8/bin:/home/pipe/Downloads/apache-storm-0.9.4/bin
LD_LIBRARY_PATH=storm-local/supervisor/stormdist/test-4-1462969332/resources/Linux-amd64:storm-local/supervisor/stormdist/test-4-1462969332/resources:/usr/local/lib:/opt/local/lib:/usr/lib
PYTHON_EGG_CACHE=/tmp/petrel-test-4-1462969332/egg_cache
[2016-05-11 15:44:22,519][storm][INFO]Tuple profiling enabled. Will log tuple processing times.
[2016-05-11 15:44:22,725][storm][INFO]Task received setupInfo from Storm: {u'pidDir': u'/home/pipe/storm-local/workers/2ee96775-98a8-468a-8966-47318772b1c6/pids', u'conf': {u'oauth.acess_token': u' 702208758362087425-HZiyl1x7Bh98cQa1WLBDYylyu10Bpl7', u'topology.tuple.serializer': u'backtype.storm.serialization.types.ListDelegateSerializer', u'topology.workers': 1, u'drpc.worker.threads': 64, u'storm.messaging.netty.client_worker_threads': 1, u'supervisor.heartbeat.frequency.secs': 5, u'topology.executor.send.buffer.size': 1024, u'drpc.childopts': u'-Xmx768m', u'nimbus.thrift.port': 6627, u'storm.zookeeper.retry.intervalceiling.millis': 30000, u'storm.local.dir': u'storm-local', u'topology.receiver.buffer.size': 8, u'storm.zookeeper.servers': [u'localhost'], u'oauth.consumer_secret': u'ADf76fi3O1lKMzBxWnjqf93l3GHv28uar3bkblkvyBrAyoA23i', u'transactional.zookeeper.root': u'/transactional', u'drpc.request.timeout.secs': 600, u'topology.skip.missing.kryo.registrations': False, u'worker.heartbeat.frequency.secs': 1, u'zmq.hwm': 0, u'storm.zookeeper.connection.timeout': 15000, u'java.library.path': u'/usr/local/lib:/opt/local/lib:/usr/lib', u'topology.max.error.report.per.interval': 5, u'storm.messaging.netty.server_worker_threads': 1, u'storm.id': u'test-4-1462969332', u'supervisor.worker.start.timeout.secs': 120, u'zmq.threads': 1, u'topology.acker.executors': None, u'storm.messaging.netty.flush.check.interval.ms': 10, u'storm.messaging.netty.transfer.batch.size': 262144, u'topology.max.task.parallelism': None, u'topology.environment': None, u'storm.zookeeper.port': 2181, u'nimbus.childopts': u'-Xmx1024m', u'topology.classpath': None, u'worker.childopts': u'-Xmx768m', u'drpc.queue.size': 128, u'topology.multilang.serializer': u'backtype.storm.multilang.JsonSerializer', u'storm.zookeeper.retry.times': 5, u'nimbus.monitor.freq.secs': 10, u'storm.cluster.mode': u'distributed', u'dev.zookeeper.path': u'/tmp/dev-storm-zookeeper', u'drpc.invocations.port': 3773, u'topology.tasks': None, u'storm.zookeeper.root': u'/storm', u'logviewer.childopts': u'-Xmx128m', u'storm.meta.serialization.delegate': u'backtype.storm.serialization.DefaultSerializationDelegate', u'transactional.zookeeper.port': None, u'topology.worker.receiver.thread.count': 1, u'topology.worker.childopts': None, u'topology.max.spout.pending': None, u'topology.kryo.register': None, u'petrel.host': u'pipe-X550CC', u'nimbus.cleanup.inbox.freq.secs': 600, u'storm.messaging.netty.min_wait_ms': 100, u'nimbus.task.timeout.secs': 30, u'nimbus.thrift.max_buffer_size': 1048576, u'topology.sleep.spout.wait.strategy.time.ms': 1, u'nimbus.reassign': True, u'storm.messaging.transport': u'backtype.storm.messaging.netty.Context', u'logviewer.appender.name': u'A1', u'nimbus.host': u'localhost', u'ui.port': 8080, u'supervisor.slots.ports': [6700, 6701, 6702, 6703], u'nimbus.file.copy.expiration.secs': 600, u'supervisor.monitor.frequency.secs': 3, u'ui.childopts': u'-Xmx768m', u'transactional.zookeeper.servers': None, u'zmq.linger.millis': 5000, u'topology.error.throttle.interval.secs': 10, u'topology.worker.shared.thread.pool.size': 4, u'topology.executor.receive.buffer.size': 1024, u'topology.spout.wait.strategy': u'backtype.storm.spout.SleepSpoutWaitStrategy', u'task.heartbeat.frequency.secs': 3, u'topology.transfer.buffer.size': 1024, u'storm.zookeeper.session.timeout': 20000, u'storm.local.mode.zmq': False, u'topology.stats.sample.rate': 0.05, u'topology.fall.back.on.java.serialization': True, u'supervisor.childopts': u'-Xmx256m', u'topology.enable.message.timeouts': True, u'storm.messaging.netty.max_wait_ms': 1000, u'nimbus.topology.validator': u'backtype.storm.nimbus.DefaultTopologyValidator', u'nimbus.supervisor.timeout.secs': 60, u'topology.disruptor.wait.strategy': u'com.lmax.disruptor.BlockingWaitStrategy', u'storm.messaging.netty.buffer_size': 5242880, u'drpc.port': 3772, u'topology.kryo.factory': u'backtype.storm.serialization.DefaultKryoFactory', u'storm.zookeeper.retry.interval': 1000, u'storm.messaging.netty.max_retries': 300, u'topology.tick.tuple.freq.secs': 30, u'supervisor.enable': True, u'nimbus.task.launch.secs': 120, u'task.refresh.poll.secs': 10, u'topology.message.timeout.secs': 30, u'oauth.acess_token_secret': u'IiNOTfgE3tEZvW2HDQhRKPMoOLU43NXJCXk8maj51SdAT', u'petrel.user': u'root', u'nimbus.inbox.jar.expiration.secs': 3600, u'topology.state.synchronization.timeout.secs': 60, u'topology.name': u'test', u'supervisor.worker.timeout.secs': 30, u'topology.trident.batch.emit.interval.millis': 500, u'topology.builtin.metrics.bucket.size.secs': 60, u'storm.thrift.transport': u'backtype.storm.security.auth.SimpleTransportPlugin', u'logviewer.port': 8000, u'oauth.consumer_key': u'eaFmBSxUveRJfmyZYeabti9Q9', u'topology.kryo.decorators': [], u'topology.debug': False}, u'context': {u'task->component': {u'1': u'CountThreeWords', u'3': u'CountWord', u'2': u'CountTwoWords', u'5': u'ThreeWordDivider', u'4': u'KafkaConsumer', u'7': u'WordDivider', u'6': u'TwoWordDivider', u'8': u'__acker'}, u'taskid': 4}}
[2016-05-11 15:44:22,733][storm][INFO]Task sent pid to Storm
[2016-05-11 15:44:22,887][kafka.client][INFO]Broker version identifed as 0.9
[2016-05-11 15:44:22,904][kafka.consumer.subscription_state][INFO]Updating subscribed topics to: ['instanttopic']
[2016-05-11 15:44:22,984][kafka.cluster][INFO]Group coordinator for kafka-python-default-group is BrokerMetadata(nodeId=0, host=u'pipe-X550CC', port=9092)
[2016-05-11 15:44:29,281][kafka.coordinator][INFO]Joined group 'kafka-python-default-group' (generation 5) with member_id kafka-python-1.0.2-3236dd04-4d5f-4247-bbec-49a6bab0c96c
[2016-05-11 15:44:29,281][kafka.coordinator][INFO]Elected group leader -- performing partition assignments using range
[2016-05-11 15:44:29,286][kafka.consumer.subscription_state][INFO]Updated partition assignment: [TopicPartition(topic=u'instanttopic', partition=0)]
[2016-05-11 15:44:32,467][kafka.coordinator][INFO]Heartbeat successful
[2016-05-11 15:44:35,487][kafka.coordinator][INFO]Heartbeat successful
[2016-05-11 15:44:38,506][kafka.coordinator][INFO]Heartbeat successful
[2016-05-11 15:44:41,567][kafka.coordinator][INFO]Heartbeat successful
[2016-05-11 15:44:44,587][kafka.coordinator][INFO]Heartbeat successful
[2016-05-11 15:44:47,617][kafka.coordinator][INFO]Heartbeat successful
[2016-05-11 15:44:50,644][kafka.coordinator][INFO]Heartbeat successful
[2016-05-11 15:44:53,656][kafka.coordinator][INFO]Heartbeat successful
[2016-05-11 15:44:56,715][kafka.coordinator][INFO]Heartbeat successful
[2016-05-11 15:44:59,736][kafka.coordinator][INFO]Heartbeat successful
[2016-05-11 15:45:02,753][kafka.coordinator][INFO]Heartbeat successful
[2016-05-11 15:45:05,308][kafka.coordinator][INFO]Heartbeat successful
[2016-05-11 15:45:08,368][kafka.coordinator][INFO]Heartbeat successful
[2016-05-11 15:45:11,387][kafka.coordinator][INFO]Heartbeat successful
[2016-05-11 15:45:14,405][kafka.coordinator][INFO]Heartbeat successful
[2016-05-11 15:45:17,463][kafka.coordinator][INFO]Heartbeat successful
[2016-05-11 15:45:20,475][kafka.coordinator][INFO]Heartbeat successful
[2016-05-11 15:45:23,491][kafka.coordinator][INFO]Heartbeat successful
[2016-05-11 15:45:26,556][kafka.coordinator][INFO]Heartbeat successful
[2016-05-11 15:45:29,578][kafka.coordinator][INFO]Heartbeat successful
[2016-05-11 15:45:32,603][kafka.coordinator][INFO]Heartbeat successful
[2016-05-11 15:45:35,669][kafka.coordinator][INFO]Heartbeat successful
[2016-05-11 15:45:38,690][kafka.coordinator][INFO]Heartbeat successful
[2016-05-11 15:45:41,715][kafka.coordinator][INFO]Heartbeat successful
[2016-05-11 15:45:44,731][kafka.coordinator][INFO]Heartbeat successful
[2016-05-11 15:45:47,794][kafka.coordinator][INFO]Heartbeat successful
[2016-05-11 15:45:50,314][kafka.coordinator][INFO]Heartbeat successful
[2016-05-11 15:45:53,376][kafka.coordinator][INFO]Heartbeat successful
[2016-05-11 15:45:56,401][kafka.coordinator][INFO]Heartbeat successful
[2016-05-11 15:45:59,419][kafka.coordinator][INFO]Heartbeat successful
[2016-05-11 15:46:02,484][kafka.coordinator][INFO]Heartbeat successful
[2016-05-11 15:46:05,503][kafka.coordinator][INFO]Heartbeat successful
[2016-05-11 15:46:08,526][kafka.coordinator][INFO]Heartbeat successful
[2016-05-11 15:46:11,593][kafka.coordinator][INFO]Heartbeat successful
[2016-05-11 15:46:14,613][kafka.coordinator][INFO]Heartbeat successful
[2016-05-11 15:46:17,639][kafka.coordinator][INFO]Heartbeat successful
[2016-05-11 15:46:20,661][kafka.coordinator][INFO]Heartbeat successful
[2016-05-11 15:46:23,719][kafka.coordinator][INFO]Heartbeat successful
[2016-05-11 15:46:26,743][kafka.coordinator][INFO]Heartbeat successful
[2016-05-11 15:46:29,769][kafka.coordinator][INFO]Heartbeat successful
[2016-05-11 15:46:32,797][kafka.coordinator][INFO]Heartbeat successful
[2016-05-11 15:46:35,316][kafka.coordinator][INFO]Heartbeat successful
[2016-05-11 15:46:38,380][kafka.coordinator][INFO]Heartbeat successful
[2016-05-11 15:46:41,445][kafka.coordinator][INFO]Heartbeat successful
[2016-05-11 15:46:44,465][kafka.coordinator][INFO]Heartbeat successful
[2016-05-11 15:46:47,492][kafka.coordinator][INFO]Heartbeat successful
[2016-05-11 15:46:50,513][kafka.coordinator][INFO]Heartbeat successful
[2016-05-11 15:46:53,575][kafka.coordinator][INFO]Heartbeat successful
[2016-05-11 15:46:56,597][kafka.coordinator][INFO]Heartbeat successful
[2016-05-11 15:46:59,615][kafka.coordinator][INFO]Heartbeat successful
[2016-05-11 15:47:02,667][kafka.coordinator][INFO]Heartbeat successful
[2016-05-11 15:47:05,688][kafka.coordinator][INFO]Heartbeat successful
[2016-05-11 15:47:08,717][kafka.coordinator][INFO]Heartbeat successful
[2016-05-11 15:47:11,744][kafka.coordinator][INFO]Heartbeat successful
[2016-05-11 15:47:14,763][kafka.coordinator][INFO]Heartbeat successful
[2016-05-11 15:47:17,824][kafka.coordinator][INFO]Heartbeat successful
[2016-05-11 15:47:20,348][kafka.coordinator][INFO]Heartbeat successful
[2016-05-11 15:47:23,492][kafka.coordinator][INFO]Heartbeat successful
[2016-05-11 15:47:26,509][kafka.coordinator][INFO]Heartbeat successful
[2016-05-11 15:47:29,570][kafka.coordinator][INFO]Heartbeat successful
[2016-05-11 15:47:32,594][kafka.coordinator][INFO]Heartbeat successful
[2016-05-11 15:47:35,617][kafka.coordinator][INFO]Heartbeat successful
[2016-05-11 15:47:38,639][kafka.coordinator][INFO]Heartbeat successful
[2016-05-11 15:47:41,657][kafka.coordinator][INFO]Heartbeat successful
[2016-05-11 15:47:44,360][kafka.coordinator][INFO]Heartbeat successful
[2016-05-11 15:47:47,418][kafka.coordinator][INFO]Heartbeat successful
[2016-05-11 15:47:50,437][kafka.coordinator][INFO]Heartbeat successful
[2016-05-11 15:47:53,500][kafka.coordinator][INFO]Heartbeat successful
[2016-05-11 15:47:56,529][kafka.coordinator][INFO]Heartbeat successful
[2016-05-11 15:47:59,554][kafka.coordinator][INFO]Heartbeat successful
[2016-05-11 15:48:02,614][kafka.coordinator][INFO]Heartbeat successful
[2016-05-11 15:48:05,635][kafka.coordinator][INFO]Heartbeat successful
[2016-05-11 15:48:08,656][kafka.coordinator][INFO]Heartbeat successful
[2016-05-11 15:48:11,677][kafka.coordinator][INFO]Heartbeat successful
[2016-05-11 15:48:14,746][kafka.coordinator][INFO]Heartbeat successful
[2016-05-11 15:48:17,769][kafka.coordinator][INFO]Heartbeat successful
[2016-05-11 15:48:20,790][kafka.coordinator][INFO]Heartbeat successful
[2016-05-11 15:48:23,842][kafka.coordinator][INFO]Heartbeat successful
[2016-05-11 15:48:26,350][kafka.coordinator][INFO]Heartbeat successful
[2016-05-11 15:48:29,408][kafka.coordinator][INFO]Heartbeat successful
[2016-05-11 15:48:32,428][kafka.coordinator][INFO]Heartbeat successful
[2016-05-11 15:48:35,487][kafka.coordinator][INFO]Heartbeat successful
[2016-05-11 15:48:38,507][kafka.coordinator][INFO]Heartbeat successful
[2016-05-11 15:48:41,587][kafka.coordinator][INFO]Heartbeat successful
[2016-05-11 15:48:44,612][kafka.coordinator][INFO]Heartbeat successful
[2016-05-11 15:48:47,632][kafka.coordinator][INFO]Heartbeat successful
[2016-05-11 15:48:50,702][kafka.coordinator][INFO]Heartbeat successful
[2016-05-11 15:48:53,716][kafka.coordinator][INFO]Heartbeat successful
[2016-05-11 15:48:56,735][kafka.coordinator][INFO]Heartbeat successful
[2016-05-11 15:48:59,798][kafka.coordinator][INFO]Heartbeat successful
[2016-05-11 15:49:02,819][kafka.coordinator][INFO]Heartbeat successful
[2016-05-11 15:49:05,836][kafka.coordinator][INFO]Heartbeat successful
[2016-05-11 15:49:08,392][kafka.coordinator][INFO]Heartbeat successful
[2016-05-11 15:49:11,673][kafka.coordinator][INFO]Heartbeat successful
[2016-05-11 15:49:14,695][kafka.coordinator][INFO]Heartbeat successful
[2016-05-11 15:49:17,707][kafka.coordinator][INFO]Heartbeat successful
[2016-05-11 15:49:20,767][kafka.coordinator][INFO]Heartbeat successful
[2016-05-11 15:49:23,796][kafka.coordinator][INFO]Heartbeat successful
[2016-05-11 15:49:26,822][kafka.coordinator][INFO]Heartbeat successful
[2016-05-11 15:49:29,850][kafka.coordinator][INFO]Heartbeat successful
[2016-05-11 15:49:32,369][kafka.coordinator][INFO]Heartbeat successful
[2016-05-11 15:49:35,434][kafka.coordinator][INFO]Heartbeat successful
[2016-05-11 15:49:38,454][kafka.coordinator][INFO]Heartbeat successful
[2016-05-11 15:49:41,516][kafka.coordinator][INFO]Heartbeat successful
[2016-05-11 15:49:44,542][kafka.coordinator][INFO]Heartbeat successful
[2016-05-11 15:49:47,567][kafka.coordinator][INFO]Heartbeat successful
