Beginning task setup

/usr/bin/flock
Using existing venv: /tmp/petrel-test-4-1462969332/venv
Task setup took 0 seconds
Launching: python -m petrel.run kafkaconsumer /home/pipe/twitterintel/twitterintel/topology/TopologyTweetTransformationSPAM/petrel18436_kafkaconsumer.log
/usr/local/lib/python2.7/dist-packages/petrel-0.9.4.0.3-py2.7.egg/petrel/run.py invoked with the following arguments: ['kafkaconsumer', '/home/pipe/twitterintel/twitterintel/topology/TopologyTweetTransformationSPAM/petrel18436_kafkaconsumer.log']
python version: 2.7.11
user=root
PATH=/tmp/petrel-test-4-1462969332/venv/bin:/root/SimpleScalar/simplesim-3.0:/root/SimpleScalar/bin:/root/SimpleScalar/gcc-2.6.3:/root/SimpleScalar/bin:/usr/local/sbin:/usr/local/bin:/usr/sbin:/usr/bin:/sbin:/bin:/usr/games:/usr/local/games:/home/pipe/Downloads/zookeeper-3.4.8/bin:/home/pipe/Downloads/apache-storm-0.9.4/bin
LD_LIBRARY_PATH=storm-local/supervisor/stormdist/test-4-1462969332/resources/Linux-amd64:storm-local/supervisor/stormdist/test-4-1462969332/resources:/usr/local/lib:/opt/local/lib:/usr/lib
PYTHON_EGG_CACHE=/tmp/petrel-test-4-1462969332/egg_cache
[2016-05-11 14:04:15,856][storm][INFO]Tuple profiling enabled. Will log tuple processing times.
[2016-05-11 14:04:16,473][storm][INFO]Task received setupInfo from Storm: {u'pidDir': u'/home/pipe/storm-local/workers/2bea31d4-8ad7-40b4-bd09-b7f3eb790e6b/pids', u'conf': {u'oauth.acess_token': u' 702208758362087425-HZiyl1x7Bh98cQa1WLBDYylyu10Bpl7', u'topology.tuple.serializer': u'backtype.storm.serialization.types.ListDelegateSerializer', u'topology.workers': 1, u'drpc.worker.threads': 64, u'storm.messaging.netty.client_worker_threads': 1, u'supervisor.heartbeat.frequency.secs': 5, u'topology.executor.send.buffer.size': 1024, u'drpc.childopts': u'-Xmx768m', u'nimbus.thrift.port': 6627, u'storm.zookeeper.retry.intervalceiling.millis': 30000, u'storm.local.dir': u'storm-local', u'topology.receiver.buffer.size': 8, u'storm.zookeeper.servers': [u'localhost'], u'oauth.consumer_secret': u'ADf76fi3O1lKMzBxWnjqf93l3GHv28uar3bkblkvyBrAyoA23i', u'transactional.zookeeper.root': u'/transactional', u'drpc.request.timeout.secs': 600, u'topology.skip.missing.kryo.registrations': False, u'worker.heartbeat.frequency.secs': 1, u'zmq.hwm': 0, u'storm.zookeeper.connection.timeout': 15000, u'java.library.path': u'/usr/local/lib:/opt/local/lib:/usr/lib', u'topology.max.error.report.per.interval': 5, u'storm.messaging.netty.server_worker_threads': 1, u'storm.id': u'test-4-1462969332', u'supervisor.worker.start.timeout.secs': 120, u'zmq.threads': 1, u'topology.acker.executors': None, u'storm.messaging.netty.flush.check.interval.ms': 10, u'storm.messaging.netty.transfer.batch.size': 262144, u'topology.max.task.parallelism': None, u'topology.environment': None, u'storm.zookeeper.port': 2181, u'nimbus.childopts': u'-Xmx1024m', u'topology.classpath': None, u'worker.childopts': u'-Xmx768m', u'drpc.queue.size': 128, u'topology.multilang.serializer': u'backtype.storm.multilang.JsonSerializer', u'storm.zookeeper.retry.times': 5, u'nimbus.monitor.freq.secs': 10, u'storm.cluster.mode': u'distributed', u'dev.zookeeper.path': u'/tmp/dev-storm-zookeeper', u'drpc.invocations.port': 3773, u'topology.tasks': None, u'storm.zookeeper.root': u'/storm', u'logviewer.childopts': u'-Xmx128m', u'storm.meta.serialization.delegate': u'backtype.storm.serialization.DefaultSerializationDelegate', u'transactional.zookeeper.port': None, u'topology.worker.receiver.thread.count': 1, u'topology.worker.childopts': None, u'topology.max.spout.pending': None, u'topology.kryo.register': None, u'petrel.host': u'pipe-X550CC', u'nimbus.cleanup.inbox.freq.secs': 600, u'storm.messaging.netty.min_wait_ms': 100, u'nimbus.task.timeout.secs': 30, u'nimbus.thrift.max_buffer_size': 1048576, u'topology.sleep.spout.wait.strategy.time.ms': 1, u'nimbus.reassign': True, u'storm.messaging.transport': u'backtype.storm.messaging.netty.Context', u'logviewer.appender.name': u'A1', u'nimbus.host': u'localhost', u'ui.port': 8080, u'supervisor.slots.ports': [6700, 6701, 6702, 6703], u'nimbus.file.copy.expiration.secs': 600, u'supervisor.monitor.frequency.secs': 3, u'ui.childopts': u'-Xmx768m', u'transactional.zookeeper.servers': None, u'zmq.linger.millis': 5000, u'topology.error.throttle.interval.secs': 10, u'topology.worker.shared.thread.pool.size': 4, u'topology.executor.receive.buffer.size': 1024, u'topology.spout.wait.strategy': u'backtype.storm.spout.SleepSpoutWaitStrategy', u'task.heartbeat.frequency.secs': 3, u'topology.transfer.buffer.size': 1024, u'storm.zookeeper.session.timeout': 20000, u'storm.local.mode.zmq': False, u'topology.stats.sample.rate': 0.05, u'topology.fall.back.on.java.serialization': True, u'supervisor.childopts': u'-Xmx256m', u'topology.enable.message.timeouts': True, u'storm.messaging.netty.max_wait_ms': 1000, u'nimbus.topology.validator': u'backtype.storm.nimbus.DefaultTopologyValidator', u'nimbus.supervisor.timeout.secs': 60, u'topology.disruptor.wait.strategy': u'com.lmax.disruptor.BlockingWaitStrategy', u'storm.messaging.netty.buffer_size': 5242880, u'drpc.port': 3772, u'topology.kryo.factory': u'backtype.storm.serialization.DefaultKryoFactory', u'storm.zookeeper.retry.interval': 1000, u'storm.messaging.netty.max_retries': 300, u'topology.tick.tuple.freq.secs': 30, u'supervisor.enable': True, u'nimbus.task.launch.secs': 120, u'task.refresh.poll.secs': 10, u'topology.message.timeout.secs': 30, u'oauth.acess_token_secret': u'IiNOTfgE3tEZvW2HDQhRKPMoOLU43NXJCXk8maj51SdAT', u'petrel.user': u'root', u'nimbus.inbox.jar.expiration.secs': 3600, u'topology.state.synchronization.timeout.secs': 60, u'topology.name': u'test', u'supervisor.worker.timeout.secs': 30, u'topology.trident.batch.emit.interval.millis': 500, u'topology.builtin.metrics.bucket.size.secs': 60, u'storm.thrift.transport': u'backtype.storm.security.auth.SimpleTransportPlugin', u'logviewer.port': 8000, u'oauth.consumer_key': u'eaFmBSxUveRJfmyZYeabti9Q9', u'topology.kryo.decorators': [], u'topology.debug': False}, u'context': {u'task->component': {u'1': u'CountThreeWords', u'3': u'CountWord', u'2': u'CountTwoWords', u'5': u'ThreeWordDivider', u'4': u'KafkaConsumer', u'7': u'WordDivider', u'6': u'TwoWordDivider', u'8': u'__acker'}, u'taskid': 4}}
[2016-05-11 14:04:16,481][storm][INFO]Task sent pid to Storm
[2016-05-11 14:04:16,722][kafka.client][INFO]Broker version identifed as 0.9
[2016-05-11 14:04:16,726][kafka.consumer.subscription_state][INFO]Updating subscribed topics to: ['instanttopic']
[2016-05-11 14:04:16,808][kafka.cluster][INFO]Group coordinator for kafka-python-default-group is BrokerMetadata(nodeId=0, host=u'pipe-X550CC', port=9092)
[2016-05-11 14:04:16,849][kafka.coordinator][INFO]Joined group 'kafka-python-default-group' (generation 1) with member_id kafka-python-1.0.2-0902d50e-d573-4706-a265-072c955970b0
[2016-05-11 14:04:16,849][kafka.coordinator][INFO]Elected group leader -- performing partition assignments using range
[2016-05-11 14:04:16,889][kafka.consumer.subscription_state][INFO]Updated partition assignment: [TopicPartition(topic=u'instanttopic', partition=0)]
[2016-05-11 14:04:19,978][kafka.coordinator][INFO]Heartbeat successful
[2016-05-11 14:04:22,988][kafka.coordinator][INFO]Heartbeat successful
[2016-05-11 14:04:26,000][kafka.coordinator][INFO]Heartbeat successful
[2016-05-11 14:04:29,053][kafka.coordinator][INFO]Heartbeat successful
[2016-05-11 14:04:32,066][kafka.coordinator][INFO]Heartbeat successful
[2016-05-11 14:04:35,084][kafka.coordinator][INFO]Heartbeat successful
[2016-05-11 14:04:38,140][kafka.coordinator][INFO]Heartbeat successful
[2016-05-11 14:04:41,156][kafka.coordinator][INFO]Heartbeat successful
[2016-05-11 14:04:44,170][kafka.coordinator][INFO]Heartbeat successful
[2016-05-11 14:04:47,184][kafka.coordinator][INFO]Heartbeat successful
[2016-05-11 14:04:50,235][kafka.coordinator][INFO]Heartbeat successful
[2016-05-11 14:04:53,251][kafka.coordinator][INFO]Heartbeat successful
[2016-05-11 14:04:56,270][kafka.coordinator][INFO]Heartbeat successful
[2016-05-11 14:04:59,326][kafka.coordinator][INFO]Heartbeat successful
[2016-05-11 14:05:02,341][kafka.coordinator][INFO]Heartbeat successful
[2016-05-11 14:05:05,361][kafka.coordinator][INFO]Heartbeat successful
[2016-05-11 14:05:07,914][kafka.coordinator][INFO]Heartbeat successful
[2016-05-11 14:05:10,967][kafka.coordinator][INFO]Heartbeat successful
[2016-05-11 14:05:13,982][kafka.coordinator][INFO]Heartbeat successful
[2016-05-11 14:05:16,997][kafka.coordinator][INFO]Heartbeat successful
[2016-05-11 14:05:20,053][kafka.coordinator][INFO]Heartbeat successful
[2016-05-11 14:05:23,071][kafka.coordinator][INFO]Heartbeat successful
[2016-05-11 14:05:26,087][kafka.coordinator][INFO]Heartbeat successful
[2016-05-11 14:05:29,145][kafka.coordinator][INFO]Heartbeat successful
[2016-05-11 14:05:32,158][kafka.coordinator][INFO]Heartbeat successful
[2016-05-11 14:05:35,179][kafka.coordinator][INFO]Heartbeat successful
[2016-05-11 14:05:38,234][kafka.coordinator][INFO]Heartbeat successful
[2016-05-11 14:05:41,248][kafka.coordinator][INFO]Heartbeat successful
[2016-05-11 14:05:44,264][kafka.coordinator][INFO]Heartbeat successful
[2016-05-11 14:05:47,277][kafka.coordinator][INFO]Heartbeat successful
[2016-05-11 14:05:50,334][kafka.coordinator][INFO]Heartbeat successful
[2016-05-11 14:05:53,352][kafka.coordinator][INFO]Heartbeat successful
[2016-05-11 14:05:56,368][kafka.coordinator][INFO]Heartbeat successful
[2016-05-11 14:05:58,923][kafka.coordinator][INFO]Heartbeat successful
[2016-05-11 14:06:01,976][kafka.coordinator][INFO]Heartbeat successful
[2016-05-11 14:06:04,992][kafka.coordinator][INFO]Heartbeat successful
[2016-05-11 14:06:08,008][kafka.coordinator][INFO]Heartbeat successful
[2016-05-11 14:06:11,061][kafka.coordinator][INFO]Heartbeat successful
[2016-05-11 14:06:14,073][kafka.coordinator][INFO]Heartbeat successful
[2016-05-11 14:06:17,090][kafka.coordinator][INFO]Heartbeat successful
[2016-05-11 14:06:20,145][kafka.coordinator][INFO]Heartbeat successful
[2016-05-11 14:06:23,161][kafka.coordinator][INFO]Heartbeat successful
[2016-05-11 14:06:26,177][kafka.coordinator][INFO]Heartbeat successful
[2016-05-11 14:06:29,239][kafka.coordinator][INFO]Heartbeat successful
[2016-05-11 14:06:32,258][kafka.coordinator][INFO]Heartbeat successful
[2016-05-11 14:06:35,286][kafka.coordinator][INFO]Heartbeat successful
[2016-05-11 14:06:38,303][kafka.coordinator][INFO]Heartbeat successful
[2016-05-11 14:06:41,357][kafka.coordinator][INFO]Heartbeat successful
[2016-05-11 14:06:44,374][kafka.coordinator][INFO]Heartbeat successful
[2016-05-11 14:06:47,390][kafka.coordinator][INFO]Heartbeat successful
[2016-05-11 14:06:49,950][kafka.coordinator][INFO]Heartbeat successful
[2016-05-11 14:06:52,999][kafka.coordinator][INFO]Heartbeat successful
[2016-05-11 14:06:56,014][kafka.coordinator][INFO]Heartbeat successful
[2016-05-11 14:06:59,070][kafka.coordinator][INFO]Heartbeat successful
[2016-05-11 14:07:02,091][kafka.coordinator][INFO]Heartbeat successful
[2016-05-11 14:07:05,104][kafka.coordinator][INFO]Heartbeat successful
[2016-05-11 14:07:08,116][kafka.coordinator][INFO]Heartbeat successful
[2016-05-11 14:07:11,170][kafka.coordinator][INFO]Heartbeat successful
[2016-05-11 14:07:14,185][kafka.coordinator][INFO]Heartbeat successful
[2016-05-11 14:07:17,201][kafka.coordinator][INFO]Heartbeat successful
[2016-05-11 14:07:20,257][kafka.coordinator][INFO]Heartbeat successful
[2016-05-11 14:07:23,276][kafka.coordinator][INFO]Heartbeat successful
[2016-05-11 14:07:26,300][kafka.coordinator][INFO]Heartbeat successful
[2016-05-11 14:07:29,362][kafka.coordinator][INFO]Heartbeat successful
[2016-05-11 14:07:32,380][kafka.coordinator][INFO]Heartbeat successful
[2016-05-11 14:07:35,396][kafka.coordinator][INFO]Heartbeat successful
[2016-05-11 14:07:38,411][kafka.coordinator][INFO]Heartbeat successful
[2016-05-11 14:07:40,967][kafka.coordinator][INFO]Heartbeat successful
[2016-05-11 14:07:43,988][kafka.coordinator][INFO]Heartbeat successful
[2016-05-11 14:07:47,005][kafka.coordinator][INFO]Heartbeat successful
[2016-05-11 14:07:50,061][kafka.coordinator][INFO]Heartbeat successful
[2016-05-11 14:07:53,076][kafka.coordinator][INFO]Heartbeat successful
[2016-05-11 14:07:56,090][kafka.coordinator][INFO]Heartbeat successful
[2016-05-11 14:07:59,105][kafka.coordinator][INFO]Heartbeat successful
[2016-05-11 14:08:02,155][kafka.coordinator][INFO]Heartbeat successful
[2016-05-11 14:08:05,173][kafka.coordinator][INFO]Heartbeat successful
[2016-05-11 14:08:08,186][kafka.coordinator][INFO]Heartbeat successful
[2016-05-11 14:08:11,245][kafka.coordinator][INFO]Heartbeat successful
[2016-05-11 14:08:14,325][kafka.coordinator][INFO]Heartbeat successful
[2016-05-11 14:08:17,347][kafka.coordinator][INFO]Heartbeat successful
[2016-05-11 14:08:20,405][kafka.coordinator][INFO]Heartbeat successful
[2016-05-11 14:08:23,419][kafka.coordinator][INFO]Heartbeat successful
[2016-05-11 14:08:26,433][kafka.coordinator][INFO]Heartbeat successful
[2016-05-11 14:08:28,943][kafka.coordinator][INFO]Heartbeat successful
[2016-05-11 14:08:31,999][kafka.coordinator][INFO]Heartbeat successful
[2016-05-11 14:08:35,054][kafka.coordinator][INFO]Heartbeat successful
[2016-05-11 14:08:38,071][kafka.coordinator][INFO]Heartbeat successful
[2016-05-11 14:08:41,093][kafka.coordinator][INFO]Heartbeat successful
[2016-05-11 14:08:44,117][kafka.coordinator][INFO]Heartbeat successful
[2016-05-11 14:08:47,173][kafka.coordinator][INFO]Heartbeat successful
[2016-05-11 14:08:50,189][kafka.coordinator][INFO]Heartbeat successful
[2016-05-11 14:08:53,204][kafka.coordinator][INFO]Heartbeat successful
[2016-05-11 14:08:56,267][kafka.coordinator][INFO]Heartbeat successful
[2016-05-11 14:08:59,284][kafka.coordinator][INFO]Heartbeat successful
[2016-05-11 14:09:02,358][kafka.coordinator][INFO]Heartbeat successful
[2016-05-11 14:09:04,987][kafka.coordinator][INFO]Heartbeat successful
[2016-05-11 14:09:08,099][kafka.coordinator][INFO]Heartbeat successful
[2016-05-11 14:09:10,462][storm][ERROR][Errno 32] Broken pipe
Traceback (most recent call last):
  File "/usr/local/lib/python2.7/dist-packages/petrel-0.9.4.0.3-py2.7.egg/petrel/storm.py", line 88, in sendMsgToParent
    old_stdout.flush()
IOError: [Errno 32] Broken pipe
[2016-05-11 14:09:10,462][storm][ERROR]Sent failure message ("E_SPOUTFAILED__kafkaconsumer__pipe-X550CC__pid__18436__port__-1__taskindex__-1__StormIPCException") to Storm
[2016-05-11 14:09:15,467][storm][ERROR]Caught exception in Spout.run: IOError error [Errno 32] in sendMsgToParent: [Errno 32] Broken pipe
Traceback (most recent call last):
  File "/usr/local/lib/python2.7/dist-packages/petrel-0.9.4.0.3-py2.7.egg/petrel/storm.py", line 421, in run
    self.nextTuple()
  File "/home/pipe/storm-local/supervisor/stormdist/test-4-1462969332/resources/kafkaconsumer.py", line 43, in nextTuple
    storm.emit([algo,user])
  File "/usr/local/lib/python2.7/dist-packages/petrel-0.9.4.0.3-py2.7.egg/petrel/storm.py", line 125, in emit
    result = __emit(*args, **kwargs)
  File "/usr/local/lib/python2.7/dist-packages/petrel-0.9.4.0.3-py2.7.egg/petrel/storm.py", line 146, in __emit
    return emitSpout(*args, **kwargs)
  File "/usr/local/lib/python2.7/dist-packages/petrel-0.9.4.0.3-py2.7.egg/petrel/storm.py", line 219, in emitSpout
    sendMsgToParent(m)
  File "/usr/local/lib/python2.7/dist-packages/petrel-0.9.4.0.3-py2.7.egg/petrel/storm.py", line 94, in sendMsgToParent
    str(e)))
StormIPCException: IOError error [Errno 32] in sendMsgToParent: [Errno 32] Broken pipe
Worker kafkaconsumer exiting normally.
