Beginning task setup

/usr/bin/flock
Using existing venv: /tmp/petrel-instant-3-1473115484/venv
Task setup took 0 seconds
Launching: python -m petrel.run kafkaconsumer /root/twitterintel/twitterintel/twitterintel/topology/TopologyTweetTransformationINSTANT/petrel54149_kafkaconsumer.log
/usr/local/lib/python2.7/dist-packages/petrel-0.9.4.0.3-py2.7.egg/petrel/run.py invoked with the following arguments: ['kafkaconsumer', '/root/twitterintel/twitterintel/twitterintel/topology/TopologyTweetTransformationINSTANT/petrel54149_kafkaconsumer.log']
python version: 2.7.12
user=root
PATH=/tmp/petrel-instant-3-1473115484/venv/bin:/usr/local/sbin:/usr/local/bin:/usr/sbin:/usr/bin:/sbin:/bin:/usr/games:/usr/local/games:/root/zookeeper-3.4.8/bin:/root/petrel/bin:/root/apache-storm-0.9.4/bin:/root/zookeeper-3.4.8/bin:/root/petrel/bin:/root/apache-storm-0.9.4/bin
LD_LIBRARY_PATH=var/stormtmp/supervisor/stormdist/instant-3-1473115484/resources/Linux-amd64:var/stormtmp/supervisor/stormdist/instant-3-1473115484/resources:/usr/local/lib
PYTHON_EGG_CACHE=/tmp/petrel-instant-3-1473115484/egg_cache
[2016-09-06 00:10:27,065][storm][INFO]Tuple profiling enabled. Will log tuple processing times.
[2016-09-06 00:10:27,844][storm][INFO]Task received setupInfo from Storm: {u'pidDir': u'/root/var/stormtmp/workers/f1332be5-9481-4342-af4f-cf296a88fe9f/pids', u'conf': {u'oauth.acess_token': u' 702208758362087425-HZiyl1x7Bh98cQa1WLBDYylyu10Bpl7', u'topology.tuple.serializer': u'backtype.storm.serialization.types.ListDelegateSerializer', u'topology.workers': 1, u'drpc.worker.threads': 64, u'storm.messaging.netty.client_worker_threads': 1, u'supervisor.heartbeat.frequency.secs': 5, u'topology.executor.send.buffer.size': 1024, u'drpc.childopts': u'-Xmx768m', u'nimbus.thrift.port': 6627, u'storm.zookeeper.retry.intervalceiling.millis': 30000, u'storm.local.dir': u'var/stormtmp', u'topology.receiver.buffer.size': 8, u'storm.zookeeper.servers': [u'localhost'], u'oauth.consumer_secret': u'ADf76fi3O1lKMzBxWnjqf93l3GHv28uar3bkblkvyBrAyoA23i', u'transactional.zookeeper.root': u'/transactional', u'drpc.request.timeout.secs': 600, u'topology.skip.missing.kryo.registrations': False, u'worker.heartbeat.frequency.secs': 1, u'zmq.hwm': 0, u'storm.zookeeper.connection.timeout': 15000, u'java.library.path': u'/usr/local/lib', u'topology.max.error.report.per.interval': 5, u'storm.messaging.netty.server_worker_threads': 1, u'storm.id': u'instant-3-1473115484', u'supervisor.worker.start.timeout.secs': 120, u'zmq.threads': 1, u'topology.acker.executors': None, u'storm.messaging.netty.flush.check.interval.ms': 10, u'storm.messaging.netty.transfer.batch.size': 262144, u'topology.max.task.parallelism': None, u'topology.environment': None, u'storm.zookeeper.port': 2181, u'nimbus.childopts': u'-Xmx128m', u'topology.classpath': None, u'worker.childopts': u'-Xmx768m', u'drpc.queue.size': 128, u'topology.multilang.serializer': u'backtype.storm.multilang.JsonSerializer', u'storm.zookeeper.retry.times': 5, u'nimbus.monitor.freq.secs': 10, u'storm.cluster.mode': u'distributed', u'dev.zookeeper.path': u'/tmp/dev-storm-zookeeper', u'drpc.invocations.port': 3773, u'topology.tasks': None, u'storm.zookeeper.root': u'/storm', u'logviewer.childopts': u'-Xmx128m', u'storm.meta.serialization.delegate': u'backtype.storm.serialization.DefaultSerializationDelegate', u'transactional.zookeeper.port': None, u'topology.worker.receiver.thread.count': 1, u'topology.worker.childopts': None, u'topology.max.spout.pending': None, u'topology.kryo.register': None, u'petrel.host': u'server1.pipe.com', u'nimbus.cleanup.inbox.freq.secs': 600, u'storm.messaging.netty.min_wait_ms': 100, u'nimbus.task.timeout.secs': 30, u'nimbus.thrift.max_buffer_size': 1048576, u'topology.sleep.spout.wait.strategy.time.ms': 1, u'nimbus.reassign': True, u'storm.messaging.transport': u'backtype.storm.messaging.netty.Context', u'logviewer.appender.name': u'A1', u'nimbus.host': u'localhost', u'ui.port': 8080, u'supervisor.slots.ports': [6700, 6701, 6702, 6703], u'nimbus.file.copy.expiration.secs': 600, u'supervisor.monitor.frequency.secs': 3, u'ui.childopts': u'-Xmx768m', u'transactional.zookeeper.servers': None, u'zmq.linger.millis': 5000, u'topology.error.throttle.interval.secs': 10, u'topology.worker.shared.thread.pool.size': 4, u'topology.executor.receive.buffer.size': 1024, u'topology.spout.wait.strategy': u'backtype.storm.spout.SleepSpoutWaitStrategy', u'task.heartbeat.frequency.secs': 3, u'topology.transfer.buffer.size': 1024, u'storm.zookeeper.session.timeout': 20000, u'mb per worker.worker.childopts': u'-Xmx256m', u'storm.local.mode.zmq': False, u'topology.stats.sample.rate': 0.05, u'topology.fall.back.on.java.serialization': True, u'supervisor.childopts': u'-Xmx256m', u'topology.enable.message.timeouts': True, u'storm.messaging.netty.max_wait_ms': 1000, u'nimbus.topology.validator': u'backtype.storm.nimbus.DefaultTopologyValidator', u'nimbus.supervisor.timeout.secs': 60, u'topology.disruptor.wait.strategy': u'com.lmax.disruptor.BlockingWaitStrategy', u'storm.messaging.netty.buffer_size': 5242880, u'drpc.port': 3772, u'topology.kryo.factory': u'backtype.storm.serialization.DefaultKryoFactory', u'storm.zookeeper.retry.interval': 1000, u'storm.messaging.netty.max_retries': 300, u'topology.tick.tuple.freq.secs': 30, u'supervisor.enable': True, u'nimbus.task.launch.secs': 120, u'task.refresh.poll.secs': 10, u'topology.message.timeout.secs': 30, u'oauth.acess_token_secret': u'IiNOTfgE3tEZvW2HDQhRKPMoOLU43NXJCXk8maj51SdAT', u'petrel.user': u'root', u'nimbus.inbox.jar.expiration.secs': 3600, u'topology.state.synchronization.timeout.secs': 60, u'topology.name': u'instant', u'supervisor.worker.timeout.secs': 30, u'topology.trident.batch.emit.interval.millis': 500, u'topology.builtin.metrics.bucket.size.secs': 60, u'storm.thrift.transport': u'backtype.storm.security.auth.SimpleTransportPlugin', u'logviewer.port': 8000, u'oauth.consumer_key': u'eaFmBSxUveRJfmyZYeabti9Q9', u'topology.kryo.decorators': [], u'topology.debug': False}, u'context': {u'task->component': {u'1': u'CountThreeWords', u'3': u'CountWord', u'2': u'CountTwoWords', u'5': u'ThreeWordDivider', u'4': u'KafkaConsumer', u'7': u'WordDivider', u'6': u'TwoWordDivider', u'8': u'__acker'}, u'taskid': 4}}
[2016-09-06 00:10:27,854][storm][INFO]Task sent pid to Storm
[2016-09-06 00:10:28,007][kafka.conn][INFO]Broker version identifed as 0.9
[2016-09-06 00:10:28,007][kafka.conn][INFO]Set configuration api_version='0.9' to skip auto check_version requests on startup
[2016-09-06 00:10:28,021][kafka.consumer.subscription_state][INFO]Updating subscribed topics to: ['instanttopic']
[2016-09-06 00:10:28,068][kafka.cluster][INFO]Group coordinator for kafka-python-default-group is BrokerMetadata(nodeId=0, host=u'server1.pipe.com', port=9092)
[2016-09-06 00:10:28,069][kafka.coordinator][INFO]Discovered coordinator 0 for group kafka-python-default-group
[2016-09-06 00:10:28,069][kafka.coordinator.consumer][INFO]Revoking previously assigned partitions set([]) for group kafka-python-default-group
[2016-09-06 00:10:28,069][kafka.coordinator][INFO](Re-)joining group kafka-python-default-group
[2016-09-06 00:10:30,610][kafka.coordinator][INFO]Joined group 'kafka-python-default-group' (generation 21) with member_id kafka-python-1.1.1-137e4d76-91be-47f2-b9af-6c2aa2bbdb96
[2016-09-06 00:10:30,652][kafka.coordinator][INFO]Successfully joined group kafka-python-default-group with generation 21
[2016-09-06 00:10:30,653][kafka.consumer.subscription_state][INFO]Updated partition assignment: [TopicPartition(topic=u'instanttopic', partition=0)]
[2016-09-06 00:10:30,653][kafka.coordinator.consumer][INFO]Setting newly assigned partitions set([TopicPartition(topic=u'instanttopic', partition=0)]) for group kafka-python-default-group
[2016-09-06 00:20:28,049][kafka.client][WARNING]Node bootstrap connection failed -- refreshing metadata
[2016-09-06 00:26:25,356][kafka.coordinator][WARNING]Heartbeat failed for group kafka-python-default-group because it is rebalancing
[2016-09-06 00:26:25,363][kafka.coordinator][WARNING]Heartbeat failed (RebalanceInProgressError - 27 - Returned in heartbeat requests when the coordinator has begun rebalancing the group. This indicates to the client that it should rejoin the group.); retrying
[2016-09-06 00:26:25,470][kafka.coordinator][INFO]Skipping heartbeat: no auto-assignment or waiting on rebalance
[2016-09-06 00:26:25,871][kafka.coordinator.consumer][INFO]Revoking previously assigned partitions set([TopicPartition(topic=u'instanttopic', partition=0)]) for group kafka-python-default-group
[2016-09-06 00:26:25,872][kafka.coordinator][INFO](Re-)joining group kafka-python-default-group
[2016-09-06 00:26:25,875][kafka.coordinator][INFO]Joined group 'kafka-python-default-group' (generation 22) with member_id kafka-python-1.1.1-137e4d76-91be-47f2-b9af-6c2aa2bbdb96
[2016-09-06 00:26:25,876][kafka.coordinator][INFO]Elected group leader -- performing partition assignments using range
[2016-09-06 00:26:25,917][kafka.coordinator][INFO]Successfully joined group kafka-python-default-group with generation 22
[2016-09-06 00:26:25,917][kafka.consumer.subscription_state][INFO]Updated partition assignment: [TopicPartition(topic=u'instanttopic', partition=0)]
[2016-09-06 00:26:25,918][kafka.coordinator.consumer][INFO]Setting newly assigned partitions set([TopicPartition(topic=u'instanttopic', partition=0)]) for group kafka-python-default-group
[2016-09-06 00:29:32,338][kafka.coordinator][WARNING]Heartbeat failed for group kafka-python-default-group because it is rebalancing
[2016-09-06 00:29:32,357][kafka.coordinator][WARNING]Heartbeat failed (RebalanceInProgressError - 27 - Returned in heartbeat requests when the coordinator has begun rebalancing the group. This indicates to the client that it should rejoin the group.); retrying
[2016-09-06 00:29:32,460][kafka.coordinator][INFO]Skipping heartbeat: no auto-assignment or waiting on rebalance
[2016-09-06 00:29:32,862][kafka.coordinator.consumer][INFO]Revoking previously assigned partitions set([TopicPartition(topic=u'instanttopic', partition=0)]) for group kafka-python-default-group
[2016-09-06 00:29:32,864][kafka.coordinator][INFO](Re-)joining group kafka-python-default-group
[2016-09-06 00:29:32,868][kafka.coordinator][INFO]Joined group 'kafka-python-default-group' (generation 23) with member_id kafka-python-1.1.1-137e4d76-91be-47f2-b9af-6c2aa2bbdb96
[2016-09-06 00:29:32,869][kafka.coordinator][INFO]Elected group leader -- performing partition assignments using range
[2016-09-06 00:29:32,870][kafka.coordinator.assignors.range][WARNING]No partition metadata for topic badtopic
[2016-09-06 00:29:32,870][kafka.coordinator.assignors.range][WARNING]No partition metadata for topic goodtopic
[2016-09-06 00:29:32,910][kafka.coordinator][INFO]Successfully joined group kafka-python-default-group with generation 23
[2016-09-06 00:29:32,912][kafka.consumer.subscription_state][INFO]Updated partition assignment: [TopicPartition(topic=u'instanttopic', partition=0)]
[2016-09-06 00:29:32,912][kafka.coordinator.consumer][INFO]Setting newly assigned partitions set([TopicPartition(topic=u'instanttopic', partition=0)]) for group kafka-python-default-group
[2016-09-06 00:34:33,722][kafka.coordinator.consumer][INFO]Revoking previously assigned partitions set([TopicPartition(topic=u'instanttopic', partition=0)]) for group kafka-python-default-group
[2016-09-06 00:34:33,725][kafka.coordinator][INFO](Re-)joining group kafka-python-default-group
[2016-09-06 00:34:36,067][kafka.coordinator][INFO]Skipping heartbeat: no auto-assignment or waiting on rebalance
[2016-09-06 00:34:36,248][kafka.coordinator][INFO]Joined group 'kafka-python-default-group' (generation 24) with member_id kafka-python-1.1.1-137e4d76-91be-47f2-b9af-6c2aa2bbdb96
[2016-09-06 00:34:36,248][kafka.coordinator][INFO]Elected group leader -- performing partition assignments using range
[2016-09-06 00:34:36,254][kafka.coordinator][INFO]Successfully joined group kafka-python-default-group with generation 24
[2016-09-06 00:34:36,254][kafka.consumer.subscription_state][INFO]Updated partition assignment: [TopicPartition(topic=u'instanttopic', partition=0)]
[2016-09-06 00:34:36,254][kafka.coordinator.consumer][INFO]Setting newly assigned partitions set([TopicPartition(topic=u'instanttopic', partition=0)]) for group kafka-python-default-group
[2016-09-06 00:39:33,337][kafka.coordinator][INFO]Skipping heartbeat: no auto-assignment or waiting on rebalance
[2016-09-06 00:39:33,780][kafka.coordinator.consumer][INFO]Revoking previously assigned partitions set([TopicPartition(topic=u'instanttopic', partition=0)]) for group kafka-python-default-group
[2016-09-06 00:39:33,780][kafka.coordinator][INFO](Re-)joining group kafka-python-default-group
[2016-09-06 00:39:34,375][kafka.coordinator][INFO]Joined group 'kafka-python-default-group' (generation 25) with member_id kafka-python-1.1.1-137e4d76-91be-47f2-b9af-6c2aa2bbdb96
[2016-09-06 00:39:34,375][kafka.coordinator][INFO]Elected group leader -- performing partition assignments using range
[2016-09-06 00:39:34,376][kafka.coordinator][INFO]Successfully joined group kafka-python-default-group with generation 25
[2016-09-06 00:39:34,376][kafka.consumer.subscription_state][INFO]Updated partition assignment: [TopicPartition(topic=u'instanttopic', partition=0)]
[2016-09-06 00:39:34,376][kafka.coordinator.consumer][INFO]Setting newly assigned partitions set([TopicPartition(topic=u'instanttopic', partition=0)]) for group kafka-python-default-group
