Beginning task setup

/usr/bin/flock
Using existing venv: /tmp/petrel-bad-13-1463766017/venv
Task setup took 8 seconds
Launching: python -m petrel.run twoworddivider /home/pipe/twitterintel/twitterintel/topology/TopologyTweetTransformationBAD/petrel23795_twoworddivider.log
/usr/local/lib/python2.7/dist-packages/petrel-0.9.4.0.3-py2.7.egg/petrel/run.py invoked with the following arguments: ['twoworddivider', '/home/pipe/twitterintel/twitterintel/topology/TopologyTweetTransformationBAD/petrel23795_twoworddivider.log']
python version: 2.7.11
user=root
PATH=/tmp/petrel-bad-13-1463766017/venv/bin:/root/SimpleScalar/simplesim-3.0:/root/SimpleScalar/bin:/root/SimpleScalar/gcc-2.6.3:/root/SimpleScalar/bin:/usr/local/sbin:/usr/local/bin:/usr/sbin:/usr/bin:/sbin:/bin:/usr/games:/usr/local/games:/home/pipe/Downloads/zookeeper-3.4.8/bin:/home/pipe/Downloads/apache-storm-0.9.4/bin
LD_LIBRARY_PATH=storm-local/supervisor/stormdist/bad-13-1463766017/resources/Linux-amd64:storm-local/supervisor/stormdist/bad-13-1463766017/resources:/usr/local/lib:/opt/local/lib:/usr/lib
PYTHON_EGG_CACHE=/tmp/petrel-bad-13-1463766017/egg_cache
[2016-05-20 18:40:43,324][storm][INFO]Tuple profiling enabled. Will log tuple processing times.
[2016-05-20 18:40:47,074][storm][INFO]Task received setupInfo from Storm: {u'pidDir': u'/home/pipe/storm-local/workers/16b50a3a-0259-4793-89ca-ce4cc8da570a/pids', u'conf': {u'oauth.acess_token': u' 702208758362087425-HZiyl1x7Bh98cQa1WLBDYylyu10Bpl7', u'topology.tuple.serializer': u'backtype.storm.serialization.types.ListDelegateSerializer', u'topology.workers': 1, u'drpc.worker.threads': 64, u'storm.messaging.netty.client_worker_threads': 1, u'supervisor.heartbeat.frequency.secs': 5, u'topology.executor.send.buffer.size': 1024, u'drpc.childopts': u'-Xmx768m', u'nimbus.thrift.port': 6627, u'storm.zookeeper.retry.intervalceiling.millis': 30000, u'storm.local.dir': u'storm-local', u'topology.receiver.buffer.size': 8, u'storm.zookeeper.servers': [u'localhost'], u'oauth.consumer_secret': u'ADf76fi3O1lKMzBxWnjqf93l3GHv28uar3bkblkvyBrAyoA23i', u'transactional.zookeeper.root': u'/transactional', u'drpc.request.timeout.secs': 600, u'topology.skip.missing.kryo.registrations': False, u'worker.heartbeat.frequency.secs': 1, u'zmq.hwm': 0, u'storm.zookeeper.connection.timeout': 15000, u'java.library.path': u'/usr/local/lib:/opt/local/lib:/usr/lib', u'topology.max.error.report.per.interval': 5, u'storm.messaging.netty.server_worker_threads': 1, u'storm.id': u'bad-13-1463766017', u'supervisor.worker.start.timeout.secs': 120, u'zmq.threads': 1, u'topology.acker.executors': None, u'storm.messaging.netty.flush.check.interval.ms': 10, u'storm.messaging.netty.transfer.batch.size': 262144, u'topology.max.task.parallelism': None, u'topology.environment': None, u'storm.zookeeper.port': 2181, u'nimbus.childopts': u'-Xmx1024m', u'topology.classpath': None, u'worker.childopts': u'-Xmx768m', u'drpc.queue.size': 128, u'topology.multilang.serializer': u'backtype.storm.multilang.JsonSerializer', u'storm.zookeeper.retry.times': 5, u'nimbus.monitor.freq.secs': 10, u'storm.cluster.mode': u'distributed', u'dev.zookeeper.path': u'/tmp/dev-storm-zookeeper', u'drpc.invocations.port': 3773, u'topology.tasks': None, u'storm.zookeeper.root': u'/storm', u'logviewer.childopts': u'-Xmx128m', u'storm.meta.serialization.delegate': u'backtype.storm.serialization.DefaultSerializationDelegate', u'transactional.zookeeper.port': None, u'topology.worker.receiver.thread.count': 1, u'topology.worker.childopts': None, u'topology.max.spout.pending': None, u'topology.kryo.register': None, u'petrel.host': u'pipe-X550CC', u'nimbus.cleanup.inbox.freq.secs': 600, u'storm.messaging.netty.min_wait_ms': 100, u'nimbus.task.timeout.secs': 30, u'nimbus.thrift.max_buffer_size': 1048576, u'topology.sleep.spout.wait.strategy.time.ms': 1, u'nimbus.reassign': True, u'storm.messaging.transport': u'backtype.storm.messaging.netty.Context', u'logviewer.appender.name': u'A1', u'nimbus.host': u'localhost', u'ui.port': 8080, u'supervisor.slots.ports': [6700, 6701, 6702, 6703], u'nimbus.file.copy.expiration.secs': 600, u'supervisor.monitor.frequency.secs': 3, u'ui.childopts': u'-Xmx768m', u'transactional.zookeeper.servers': None, u'zmq.linger.millis': 5000, u'topology.error.throttle.interval.secs': 10, u'topology.worker.shared.thread.pool.size': 4, u'topology.executor.receive.buffer.size': 1024, u'topology.spout.wait.strategy': u'backtype.storm.spout.SleepSpoutWaitStrategy', u'task.heartbeat.frequency.secs': 3, u'topology.transfer.buffer.size': 1024, u'storm.zookeeper.session.timeout': 20000, u'storm.local.mode.zmq': False, u'topology.stats.sample.rate': 0.05, u'topology.fall.back.on.java.serialization': True, u'supervisor.childopts': u'-Xmx256m', u'topology.enable.message.timeouts': True, u'storm.messaging.netty.max_wait_ms': 1000, u'nimbus.topology.validator': u'backtype.storm.nimbus.DefaultTopologyValidator', u'nimbus.supervisor.timeout.secs': 60, u'topology.disruptor.wait.strategy': u'com.lmax.disruptor.BlockingWaitStrategy', u'storm.messaging.netty.buffer_size': 5242880, u'drpc.port': 3772, u'topology.kryo.factory': u'backtype.storm.serialization.DefaultKryoFactory', u'storm.zookeeper.retry.interval': 1000, u'storm.messaging.netty.max_retries': 300, u'topology.tick.tuple.freq.secs': None, u'supervisor.enable': True, u'nimbus.task.launch.secs': 120, u'task.refresh.poll.secs': 10, u'topology.message.timeout.secs': 30, u'oauth.acess_token_secret': u'IiNOTfgE3tEZvW2HDQhRKPMoOLU43NXJCXk8maj51SdAT', u'petrel.user': u'root', u'nimbus.inbox.jar.expiration.secs': 3600, u'topology.state.synchronization.timeout.secs': 60, u'topology.name': u'bad', u'supervisor.worker.timeout.secs': 30, u'topology.trident.batch.emit.interval.millis': 500, u'topology.builtin.metrics.bucket.size.secs': 60, u'storm.thrift.transport': u'backtype.storm.security.auth.SimpleTransportPlugin', u'logviewer.port': 8000, u'oauth.consumer_key': u'eaFmBSxUveRJfmyZYeabti9Q9', u'topology.kryo.decorators': [], u'topology.debug': False}, u'context': {u'task->component': {u'1': u'CountThreeWords', u'3': u'CountWord', u'2': u'CountTwoWords', u'5': u'ThreeWordDivider', u'4': u'KafkaConsumer', u'7': u'WordDivider', u'6': u'TwoWordDivider', u'8': u'__acker'}, u'taskid': 6}}
[2016-05-20 18:40:47,074][storm][INFO]Task sent pid to Storm
[2016-05-20 18:40:50,546][storm][DEBUG]BasicBolt profile: total_num_tuples=1, num_tuples=1, avg_read_time=0.391628 (90.1%), avg_process_time=0.043158 (9.9%), avg_ack_time=0.000026 (0.0%)
[2016-05-20 18:40:51,949][storm][DEBUG]BasicBolt profile: total_num_tuples=3, num_tuples=2, avg_read_time=0.205292 (98.7%), avg_process_time=0.002550 (1.2%), avg_ack_time=0.000098 (0.0%)
[2016-05-20 18:42:47,184][storm][DEBUG]BasicBolt profile: total_num_tuples=5, num_tuples=2, avg_read_time=0.097734 (98.9%), avg_process_time=0.001006 (1.0%), avg_ack_time=0.000101 (0.1%)
[2016-05-20 18:48:17,179][storm][DEBUG]BasicBolt profile: total_num_tuples=7, num_tuples=2, avg_read_time=0.446001 (99.9%), avg_process_time=0.000522 (0.1%), avg_ack_time=0.000018 (0.0%)
[2016-05-20 18:55:43,851][storm][DEBUG]BasicBolt profile: total_num_tuples=19, num_tuples=12, avg_read_time=0.044757 (97.8%), avg_process_time=0.000995 (2.2%), avg_ack_time=0.000022 (0.0%)
[2016-05-20 18:55:55,284][storm][DEBUG]BasicBolt profile: total_num_tuples=23, num_tuples=4, avg_read_time=0.107279 (99.5%), avg_process_time=0.000484 (0.4%), avg_ack_time=0.000022 (0.0%)
[2016-05-20 18:55:56,457][storm][DEBUG]BasicBolt profile: total_num_tuples=26, num_tuples=3, avg_read_time=0.390350 (99.8%), avg_process_time=0.000662 (0.2%), avg_ack_time=0.000022 (0.0%)
[2016-05-20 18:55:57,750][storm][DEBUG]BasicBolt profile: total_num_tuples=27, num_tuples=1, avg_read_time=0.292976 (99.8%), avg_process_time=0.000420 (0.1%), avg_ack_time=0.000043 (0.0%)
[2016-05-20 18:55:58,788][storm][DEBUG]BasicBolt profile: total_num_tuples=32, num_tuples=5, avg_read_time=0.204591 (98.7%), avg_process_time=0.002568 (1.2%), avg_ack_time=0.000058 (0.0%)
[2016-05-20 18:56:01,045][storm][DEBUG]BasicBolt profile: total_num_tuples=34, num_tuples=2, avg_read_time=0.127874 (99.4%), avg_process_time=0.000813 (0.6%), avg_ack_time=0.000022 (0.0%)
[2016-05-20 19:44:28,877][storm][DEBUG]BasicBolt profile: total_num_tuples=36, num_tuples=2, avg_read_time=0.712921 (49.8%), avg_process_time=0.709584 (49.6%), avg_ack_time=0.009448 (0.7%)
[2016-05-20 19:46:35,392][storm][DEBUG]BasicBolt profile: total_num_tuples=49, num_tuples=13, avg_read_time=0.026856 (33.0%), avg_process_time=0.047785 (58.7%), avg_ack_time=0.006803 (8.4%)
[2016-05-20 19:47:12,515][storm][DEBUG]BasicBolt profile: total_num_tuples=75, num_tuples=26, avg_read_time=0.042194 (98.0%), avg_process_time=0.000849 (2.0%), avg_ack_time=0.000022 (0.1%)
[2016-05-20 19:47:13,845][storm][DEBUG]BasicBolt profile: total_num_tuples=109, num_tuples=34, avg_read_time=0.038181 (97.7%), avg_process_time=0.000884 (2.3%), avg_ack_time=0.000022 (0.1%)
[2016-05-20 19:49:06,979][storm][DEBUG]BasicBolt profile: total_num_tuples=121, num_tuples=12, avg_read_time=0.091553 (98.9%), avg_process_time=0.001012 (1.1%), avg_ack_time=0.000024 (0.0%)
[2016-05-20 19:49:08,047][storm][DEBUG]BasicBolt profile: total_num_tuples=163, num_tuples=42, avg_read_time=0.022998 (90.5%), avg_process_time=0.002375 (9.4%), avg_ack_time=0.000027 (0.1%)
[2016-05-20 19:49:09,195][storm][DEBUG]BasicBolt profile: total_num_tuples=196, num_tuples=33, avg_read_time=0.033024 (94.9%), avg_process_time=0.001733 (5.0%), avg_ack_time=0.000043 (0.1%)
[2016-05-20 19:49:38,242][storm][DEBUG]BasicBolt profile: total_num_tuples=219, num_tuples=23, avg_read_time=0.044374 (97.8%), avg_process_time=0.000994 (2.2%), avg_ack_time=0.000024 (0.1%)
[2016-05-20 19:58:20,503][storm][DEBUG]BasicBolt profile: total_num_tuples=221, num_tuples=2, avg_read_time=0.033975 (5.9%), avg_process_time=0.546344 (94.1%), avg_ack_time=0.000064 (0.0%)
[2016-05-20 19:59:38,519][storm][DEBUG]BasicBolt profile: total_num_tuples=222, num_tuples=1, avg_read_time=0.910092 (83.1%), avg_process_time=0.184925 (16.9%), avg_ack_time=0.000025 (0.0%)
[2016-05-20 20:04:04,794][storm][DEBUG]BasicBolt profile: total_num_tuples=223, num_tuples=1, avg_read_time=0.415567 (99.8%), avg_process_time=0.000781 (0.2%), avg_ack_time=0.000023 (0.0%)
[2016-05-20 20:04:19,460][storm][DEBUG]BasicBolt profile: total_num_tuples=238, num_tuples=15, avg_read_time=0.102314 (99.5%), avg_process_time=0.000479 (0.5%), avg_ack_time=0.000017 (0.0%)
[2016-05-20 20:04:20,738][storm][DEBUG]BasicBolt profile: total_num_tuples=248, num_tuples=10, avg_read_time=0.113543 (88.9%), avg_process_time=0.014197 (11.1%), avg_ack_time=0.000024 (0.0%)
[2016-05-20 20:04:22,084][storm][DEBUG]BasicBolt profile: total_num_tuples=258, num_tuples=10, avg_read_time=0.076413 (56.8%), avg_process_time=0.058058 (43.2%), avg_ack_time=0.000021 (0.0%)
[2016-05-20 20:04:23,293][storm][DEBUG]BasicBolt profile: total_num_tuples=282, num_tuples=24, avg_read_time=0.045240 (89.8%), avg_process_time=0.005104 (10.1%), avg_ack_time=0.000024 (0.0%)
[2016-05-20 20:04:24,363][storm][DEBUG]BasicBolt profile: total_num_tuples=286, num_tuples=4, avg_read_time=0.262108 (98.0%), avg_process_time=0.005390 (2.0%), avg_ack_time=0.000014 (0.0%)
[2016-05-20 20:04:25,367][storm][DEBUG]BasicBolt profile: total_num_tuples=302, num_tuples=16, avg_read_time=0.061071 (97.4%), avg_process_time=0.001595 (2.5%), avg_ack_time=0.000021 (0.0%)
[2016-05-20 20:04:26,724][storm][DEBUG]BasicBolt profile: total_num_tuples=333, num_tuples=31, avg_read_time=0.030163 (68.9%), avg_process_time=0.013592 (31.1%), avg_ack_time=0.000015 (0.0%)
[2016-05-20 20:04:27,781][storm][DEBUG]BasicBolt profile: total_num_tuples=367, num_tuples=34, avg_read_time=0.025642 (83.1%), avg_process_time=0.005196 (16.8%), avg_ack_time=0.000019 (0.1%)
[2016-05-20 20:04:28,884][storm][DEBUG]BasicBolt profile: total_num_tuples=399, num_tuples=32, avg_read_time=0.025951 (75.3%), avg_process_time=0.008493 (24.6%), avg_ack_time=0.000022 (0.1%)
[2016-05-20 20:04:29,897][storm][DEBUG]BasicBolt profile: total_num_tuples=407, num_tuples=8, avg_read_time=0.125237 (99.3%), avg_process_time=0.000867 (0.7%), avg_ack_time=0.000021 (0.0%)
[2016-05-20 20:04:30,904][storm][DEBUG]BasicBolt profile: total_num_tuples=436, num_tuples=29, avg_read_time=0.030028 (86.5%), avg_process_time=0.004664 (13.4%), avg_ack_time=0.000018 (0.1%)
[2016-05-20 20:04:32,131][storm][DEBUG]BasicBolt profile: total_num_tuples=452, num_tuples=16, avg_read_time=0.075342 (98.5%), avg_process_time=0.000984 (1.3%), avg_ack_time=0.000184 (0.2%)
[2016-05-20 20:04:33,208][storm][DEBUG]BasicBolt profile: total_num_tuples=476, num_tuples=24, avg_read_time=0.042074 (93.8%), avg_process_time=0.002752 (6.1%), avg_ack_time=0.000021 (0.0%)
[2016-05-20 20:04:34,209][storm][DEBUG]BasicBolt profile: total_num_tuples=507, num_tuples=31, avg_read_time=0.030244 (93.7%), avg_process_time=0.002007 (6.2%), avg_ack_time=0.000033 (0.1%)
[2016-05-20 20:04:35,212][storm][DEBUG]BasicBolt profile: total_num_tuples=514, num_tuples=7, avg_read_time=0.138999 (97.0%), avg_process_time=0.004110 (2.9%), avg_ack_time=0.000159 (0.1%)
[2016-05-20 20:04:37,310][storm][DEBUG]BasicBolt profile: total_num_tuples=523, num_tuples=9, avg_read_time=0.230777 (99.0%), avg_process_time=0.002282 (1.0%), avg_ack_time=0.000035 (0.0%)
[2016-05-20 20:04:38,463][storm][DEBUG]BasicBolt profile: total_num_tuples=564, num_tuples=41, avg_read_time=0.025790 (91.7%), avg_process_time=0.002235 (8.0%), avg_ack_time=0.000088 (0.3%)
[2016-05-20 20:04:39,509][storm][DEBUG]BasicBolt profile: total_num_tuples=612, num_tuples=48, avg_read_time=0.019852 (91.2%), avg_process_time=0.001769 (8.1%), avg_ack_time=0.000154 (0.7%)
[2016-05-20 20:04:40,562][storm][DEBUG]BasicBolt profile: total_num_tuples=642, num_tuples=30, avg_read_time=0.033449 (95.4%), avg_process_time=0.001591 (4.5%), avg_ack_time=0.000028 (0.1%)
[2016-05-20 20:04:41,655][storm][DEBUG]BasicBolt profile: total_num_tuples=661, num_tuples=19, avg_read_time=0.056537 (98.2%), avg_process_time=0.000920 (1.6%), avg_ack_time=0.000088 (0.2%)
[2016-05-20 20:04:42,678][storm][DEBUG]BasicBolt profile: total_num_tuples=682, num_tuples=21, avg_read_time=0.047193 (96.9%), avg_process_time=0.001479 (3.0%), avg_ack_time=0.000021 (0.0%)
[2016-05-20 20:04:43,746][storm][DEBUG]BasicBolt profile: total_num_tuples=701, num_tuples=19, avg_read_time=0.053638 (95.5%), avg_process_time=0.002439 (4.3%), avg_ack_time=0.000083 (0.1%)
[2016-05-20 20:04:44,777][storm][DEBUG]BasicBolt profile: total_num_tuples=727, num_tuples=26, avg_read_time=0.037931 (95.6%), avg_process_time=0.001702 (4.3%), avg_ack_time=0.000030 (0.1%)
[2016-05-20 20:04:49,535][storm][DEBUG]BasicBolt profile: total_num_tuples=740, num_tuples=13, avg_read_time=0.057164 (98.2%), avg_process_time=0.001051 (1.8%), avg_ack_time=0.000021 (0.0%)
[2016-05-20 20:04:50,541][storm][DEBUG]BasicBolt profile: total_num_tuples=783, num_tuples=43, avg_read_time=0.021297 (91.1%), avg_process_time=0.002042 (8.7%), avg_ack_time=0.000035 (0.2%)
[2016-05-20 20:04:51,575][storm][DEBUG]BasicBolt profile: total_num_tuples=830, num_tuples=47, avg_read_time=0.020193 (91.8%), avg_process_time=0.001756 (8.0%), avg_ack_time=0.000051 (0.2%)
[2016-05-20 20:04:52,651][storm][DEBUG]BasicBolt profile: total_num_tuples=868, num_tuples=38, avg_read_time=0.026590 (94.0%), avg_process_time=0.001642 (5.8%), avg_ack_time=0.000053 (0.2%)
[2016-05-20 20:04:53,696][storm][DEBUG]BasicBolt profile: total_num_tuples=919, num_tuples=51, avg_read_time=0.018443 (90.0%), avg_process_time=0.001997 (9.7%), avg_ack_time=0.000048 (0.2%)
[2016-05-20 20:04:54,734][storm][DEBUG]BasicBolt profile: total_num_tuples=940, num_tuples=21, avg_read_time=0.048527 (98.2%), avg_process_time=0.000850 (1.7%), avg_ack_time=0.000021 (0.0%)
[2016-05-20 20:04:55,793][storm][DEBUG]BasicBolt profile: total_num_tuples=957, num_tuples=17, avg_read_time=0.061152 (98.2%), avg_process_time=0.001049 (1.7%), avg_ack_time=0.000100 (0.2%)
[2016-05-20 20:04:56,967][storm][DEBUG]BasicBolt profile: total_num_tuples=970, num_tuples=13, avg_read_time=0.089352 (99.0%), avg_process_time=0.000893 (1.0%), avg_ack_time=0.000024 (0.0%)
[2016-05-20 20:04:58,023][storm][DEBUG]BasicBolt profile: total_num_tuples=991, num_tuples=21, avg_read_time=0.048596 (96.7%), avg_process_time=0.001623 (3.2%), avg_ack_time=0.000029 (0.1%)
[2016-05-20 20:04:59,164][storm][DEBUG]BasicBolt profile: total_num_tuples=1009, num_tuples=18, avg_read_time=0.062408 (98.4%), avg_process_time=0.000992 (1.6%), avg_ack_time=0.000019 (0.0%)
[2016-05-20 20:05:00,325][storm][DEBUG]BasicBolt profile: total_num_tuples=1037, num_tuples=28, avg_read_time=0.040570 (97.9%), avg_process_time=0.000829 (2.0%), avg_ack_time=0.000021 (0.1%)
[2016-05-20 20:05:01,464][storm][DEBUG]BasicBolt profile: total_num_tuples=1058, num_tuples=21, avg_read_time=0.052932 (97.6%), avg_process_time=0.001269 (2.3%), avg_ack_time=0.000026 (0.0%)
[2016-05-20 20:05:02,715][storm][DEBUG]BasicBolt profile: total_num_tuples=1085, num_tuples=27, avg_read_time=0.045288 (97.8%), avg_process_time=0.000997 (2.2%), avg_ack_time=0.000024 (0.1%)
[2016-05-20 20:05:03,866][storm][DEBUG]BasicBolt profile: total_num_tuples=1105, num_tuples=20, avg_read_time=0.056327 (97.9%), avg_process_time=0.001204 (2.1%), avg_ack_time=0.000021 (0.0%)
[2016-05-20 20:05:04,934][storm][DEBUG]BasicBolt profile: total_num_tuples=1122, num_tuples=17, avg_read_time=0.061966 (98.7%), avg_process_time=0.000816 (1.3%), avg_ack_time=0.000021 (0.0%)
[2016-05-20 20:05:06,016][storm][DEBUG]BasicBolt profile: total_num_tuples=1140, num_tuples=18, avg_read_time=0.059133 (98.4%), avg_process_time=0.000925 (1.5%), avg_ack_time=0.000022 (0.0%)
[2016-05-20 20:05:07,019][storm][DEBUG]BasicBolt profile: total_num_tuples=1158, num_tuples=18, avg_read_time=0.054346 (97.5%), avg_process_time=0.001349 (2.4%), avg_ack_time=0.000028 (0.1%)
[2016-05-20 20:06:40,375][storm][DEBUG]BasicBolt profile: total_num_tuples=1176, num_tuples=18, avg_read_time=0.073802 (99.0%), avg_process_time=0.000735 (1.0%), avg_ack_time=0.000028 (0.0%)
[2016-05-20 20:07:01,323][storm][DEBUG]BasicBolt profile: total_num_tuples=1184, num_tuples=8, avg_read_time=0.117733 (99.3%), avg_process_time=0.000808 (0.7%), avg_ack_time=0.000030 (0.0%)
[2016-05-20 20:07:02,346][storm][DEBUG]BasicBolt profile: total_num_tuples=1193, num_tuples=9, avg_read_time=0.112442 (98.9%), avg_process_time=0.001204 (1.1%), avg_ack_time=0.000030 (0.0%)
[2016-05-20 20:08:25,101][storm][DEBUG]BasicBolt profile: total_num_tuples=1194, num_tuples=1, avg_read_time=0.740036 (99.9%), avg_process_time=0.000635 (0.1%), avg_ack_time=0.000021 (0.0%)
[2016-05-20 20:08:35,966][storm][DEBUG]BasicBolt profile: total_num_tuples=1207, num_tuples=13, avg_read_time=0.066447 (98.1%), avg_process_time=0.001185 (1.7%), avg_ack_time=0.000072 (0.1%)
[2016-05-20 20:09:36,407][storm][DEBUG]BasicBolt profile: total_num_tuples=1216, num_tuples=9, avg_read_time=0.148122 (92.1%), avg_process_time=0.012670 (7.9%), avg_ack_time=0.000021 (0.0%)
[2016-05-20 20:09:48,140][storm][DEBUG]BasicBolt profile: total_num_tuples=1229, num_tuples=13, avg_read_time=0.055568 (98.6%), avg_process_time=0.000736 (1.3%), avg_ack_time=0.000040 (0.1%)
