[2016-09-08 23:41:31,044][storm][INFO]Tuple profiling enabled. Will log tuple processing times.
[2016-09-08 23:41:32,491][storm][INFO]Task received setupInfo from Storm: {u'pidDir': u'/root/var/stormtmp/workers/28e1681a-b6ab-4104-ad59-d11303cbbeef/pids', u'conf': {u'oauth.acess_token': u' 702208758362087425-HZiyl1x7Bh98cQa1WLBDYylyu10Bpl7', u'topology.tuple.serializer': u'backtype.storm.serialization.types.ListDelegateSerializer', u'topology.workers': 1, u'drpc.worker.threads': 64, u'storm.messaging.netty.client_worker_threads': 1, u'supervisor.heartbeat.frequency.secs': 5, u'topology.executor.send.buffer.size': 1024, u'drpc.childopts': u'-Xmx768m', u'nimbus.thrift.port': 6627, u'storm.zookeeper.retry.intervalceiling.millis': 30000, u'storm.local.dir': u'var/stormtmp', u'topology.receiver.buffer.size': 8, u'storm.zookeeper.servers': [u'localhost'], u'oauth.consumer_secret': u'ADf76fi3O1lKMzBxWnjqf93l3GHv28uar3bkblkvyBrAyoA23i', u'transactional.zookeeper.root': u'/transactional', u'drpc.request.timeout.secs': 600, u'topology.skip.missing.kryo.registrations': False, u'worker.heartbeat.frequency.secs': 1, u'zmq.hwm': 0, u'storm.zookeeper.connection.timeout': 15000, u'java.library.path': u'/usr/local/lib', u'topology.max.error.report.per.interval': 5, u'storm.messaging.netty.server_worker_threads': 1, u'storm.id': u'bad-13-1473374442', u'supervisor.worker.start.timeout.secs': 120, u'zmq.threads': 1, u'topology.acker.executors': None, u'storm.messaging.netty.flush.check.interval.ms': 10, u'storm.messaging.netty.transfer.batch.size': 262144, u'topology.max.task.parallelism': None, u'topology.environment': None, u'storm.zookeeper.port': 2181, u'nimbus.childopts': u'-Xmx128m', u'topology.classpath': None, u'worker.childopts': u'-Xmx768m', u'drpc.queue.size': 128, u'topology.multilang.serializer': u'backtype.storm.multilang.JsonSerializer', u'storm.zookeeper.retry.times': 5, u'nimbus.monitor.freq.secs': 10, u'storm.cluster.mode': u'distributed', u'dev.zookeeper.path': u'/tmp/dev-storm-zookeeper', u'drpc.invocations.port': 3773, u'topology.tasks': None, u'storm.zookeeper.root': u'/storm', u'logviewer.childopts': u'-Xmx128m', u'storm.meta.serialization.delegate': u'backtype.storm.serialization.DefaultSerializationDelegate', u'transactional.zookeeper.port': None, u'topology.worker.receiver.thread.count': 1, u'topology.worker.childopts': None, u'topology.max.spout.pending': None, u'topology.kryo.register': None, u'petrel.host': u'server1.pipe.com', u'nimbus.cleanup.inbox.freq.secs': 600, u'storm.messaging.netty.min_wait_ms': 100, u'nimbus.task.timeout.secs': 30, u'nimbus.thrift.max_buffer_size': 1048576, u'topology.sleep.spout.wait.strategy.time.ms': 1, u'nimbus.reassign': True, u'storm.messaging.transport': u'backtype.storm.messaging.netty.Context', u'logviewer.appender.name': u'A1', u'nimbus.host': u'localhost', u'ui.port': 8080, u'supervisor.slots.ports': [6700, 6701, 6702, 6703], u'nimbus.file.copy.expiration.secs': 600, u'supervisor.monitor.frequency.secs': 3, u'ui.childopts': u'-Xmx768m', u'transactional.zookeeper.servers': None, u'zmq.linger.millis': 5000, u'topology.error.throttle.interval.secs': 10, u'topology.worker.shared.thread.pool.size': 4, u'topology.executor.receive.buffer.size': 1024, u'topology.spout.wait.strategy': u'backtype.storm.spout.SleepSpoutWaitStrategy', u'task.heartbeat.frequency.secs': 3, u'topology.transfer.buffer.size': 1024, u'storm.zookeeper.session.timeout': 20000, u'mb per worker.worker.childopts': u'-Xmx256m', u'storm.local.mode.zmq': False, u'topology.stats.sample.rate': 0.05, u'topology.fall.back.on.java.serialization': True, u'supervisor.childopts': u'-Xmx256m', u'topology.enable.message.timeouts': True, u'storm.messaging.netty.max_wait_ms': 1000, u'nimbus.topology.validator': u'backtype.storm.nimbus.DefaultTopologyValidator', u'nimbus.supervisor.timeout.secs': 60, u'topology.disruptor.wait.strategy': u'com.lmax.disruptor.BlockingWaitStrategy', u'storm.messaging.netty.buffer_size': 5242880, u'drpc.port': 3772, u'topology.kryo.factory': u'backtype.storm.serialization.DefaultKryoFactory', u'storm.zookeeper.retry.interval': 1000, u'storm.messaging.netty.max_retries': 300, u'topology.tick.tuple.freq.secs': None, u'supervisor.enable': True, u'nimbus.task.launch.secs': 120, u'task.refresh.poll.secs': 10, u'topology.message.timeout.secs': 30, u'oauth.acess_token_secret': u'IiNOTfgE3tEZvW2HDQhRKPMoOLU43NXJCXk8maj51SdAT', u'petrel.user': u'root', u'nimbus.inbox.jar.expiration.secs': 3600, u'topology.state.synchronization.timeout.secs': 60, u'topology.name': u'bad', u'supervisor.worker.timeout.secs': 30, u'topology.trident.batch.emit.interval.millis': 500, u'topology.builtin.metrics.bucket.size.secs': 60, u'storm.thrift.transport': u'backtype.storm.security.auth.SimpleTransportPlugin', u'logviewer.port': 8000, u'oauth.consumer_key': u'eaFmBSxUveRJfmyZYeabti9Q9', u'topology.kryo.decorators': [], u'topology.debug': False}, u'context': {u'task->component': {u'11': u'__acker', u'10': u'WordDivider', u'1': u'CountThreeWords', u'3': u'CountTwoWords', u'2': u'CountThreeWords', u'5': u'CountWord', u'4': u'CountTwoWords', u'7': u'KafkaConsumer', u'6': u'CountWord', u'9': u'TwoWordDivider', u'8': u'ThreeWordDivider'}, u'taskid': 10}}
[2016-09-08 23:41:32,499][storm][INFO]Task sent pid to Storm
[2016-09-08 23:41:34,447][storm][DEBUG]BasicBolt profile: total_num_tuples=1, num_tuples=1, avg_read_time=0.864861 (91.3%), avg_process_time=0.082184 (8.7%), avg_ack_time=0.000012 (0.0%)
[2016-09-08 23:42:02,451][storm][DEBUG]BasicBolt profile: total_num_tuples=11, num_tuples=10, avg_read_time=0.004186 (29.3%), avg_process_time=0.006402 (44.8%), avg_ack_time=0.003712 (26.0%)
[2016-09-08 23:43:13,336][storm][DEBUG]BasicBolt profile: total_num_tuples=13, num_tuples=2, avg_read_time=0.435740 (99.9%), avg_process_time=0.000271 (0.1%), avg_ack_time=0.000010 (0.0%)
[2016-09-08 23:43:44,098][storm][DEBUG]BasicBolt profile: total_num_tuples=21, num_tuples=8, avg_read_time=0.089565 (94.5%), avg_process_time=0.005220 (5.5%), avg_ack_time=0.000017 (0.0%)
[2016-09-08 23:46:05,671][storm][DEBUG]BasicBolt profile: total_num_tuples=27, num_tuples=6, avg_read_time=0.245671 (95.9%), avg_process_time=0.010198 (4.0%), avg_ack_time=0.000243 (0.1%)
[2016-09-08 23:46:35,854][storm][DEBUG]BasicBolt profile: total_num_tuples=35, num_tuples=8, avg_read_time=0.025499 (71.1%), avg_process_time=0.010355 (28.9%), avg_ack_time=0.000011 (0.0%)
[2016-09-08 23:49:05,726][storm][DEBUG]BasicBolt profile: total_num_tuples=48, num_tuples=13, avg_read_time=0.063516 (97.3%), avg_process_time=0.001774 (2.7%), avg_ack_time=0.000009 (0.0%)
[2016-09-08 23:49:52,625][storm][DEBUG]BasicBolt profile: total_num_tuples=61, num_tuples=13, avg_read_time=0.067888 (99.7%), avg_process_time=0.000225 (0.3%), avg_ack_time=0.000009 (0.0%)
[2016-09-08 23:50:41,851][storm][DEBUG]BasicBolt profile: total_num_tuples=68, num_tuples=7, avg_read_time=0.028709 (95.9%), avg_process_time=0.001232 (4.1%), avg_ack_time=0.000010 (0.0%)
[2016-09-08 23:55:48,810][storm][DEBUG]BasicBolt profile: total_num_tuples=71, num_tuples=3, avg_read_time=0.285656 (95.1%), avg_process_time=0.012587 (4.2%), avg_ack_time=0.002184 (0.7%)
[2016-09-08 23:57:17,018][storm][DEBUG]BasicBolt profile: total_num_tuples=75, num_tuples=4, avg_read_time=0.057153 (82.6%), avg_process_time=0.011972 (17.3%), avg_ack_time=0.000045 (0.1%)
[2016-09-08 23:57:18,527][storm][DEBUG]BasicBolt profile: total_num_tuples=80, num_tuples=5, avg_read_time=0.291060 (97.1%), avg_process_time=0.008639 (2.9%), avg_ack_time=0.000020 (0.0%)
[2016-09-08 23:57:19,757][storm][DEBUG]BasicBolt profile: total_num_tuples=87, num_tuples=7, avg_read_time=0.174265 (99.5%), avg_process_time=0.000822 (0.5%), avg_ack_time=0.000015 (0.0%)
[2016-09-08 23:57:21,280][storm][DEBUG]BasicBolt profile: total_num_tuples=94, num_tuples=7, avg_read_time=0.216932 (99.7%), avg_process_time=0.000628 (0.3%), avg_ack_time=0.000011 (0.0%)
[2016-09-08 23:57:24,373][storm][INFO]Caught exception
[2016-09-08 23:57:24,378][storm][ERROR]Sent failure message ("E_BOLTFAILED__worddivider__server1_pipe_com__pid__29727__port__-1__taskindex__-1__StormIPCException") to Storm
[2016-09-08 23:57:29,387][storm][ERROR]Caught exception in BasicBolt.run
Traceback (most recent call last):
  File "/usr/local/lib/python2.7/dist-packages/petrel-0.9.4.0.3-py2.7.egg/petrel/storm.py", line 377, in run
    tup = readTuple()
  File "/usr/local/lib/python2.7/dist-packages/petrel-0.9.4.0.3-py2.7.egg/petrel/storm.py", line 81, in readTuple
    cmd = readCommand()
  File "/usr/local/lib/python2.7/dist-packages/petrel-0.9.4.0.3-py2.7.egg/petrel/storm.py", line 74, in readCommand
    msg = readMsg()
  File "/usr/local/lib/python2.7/dist-packages/petrel-0.9.4.0.3-py2.7.egg/petrel/storm.py", line 45, in readMsg
    raise StormIPCException('Read EOF from stdin')
StormIPCException: Read EOF from stdin
[2016-09-08 23:57:29,392][storm][ERROR]The error occurred while processing this tuple: []
Worker worddivider exiting normally.
