Beginning task setup

/usr/bin/flock
Using existing venv: /tmp/petrel-bad-13-1463766017/venv
Task setup took 8 seconds
Launching: python -m petrel.run threewordcount /home/pipe/twitterintel/twitterintel/topology/TopologyTweetTransformationBAD/petrel23787_threewordcount.log
/usr/local/lib/python2.7/dist-packages/petrel-0.9.4.0.3-py2.7.egg/petrel/run.py invoked with the following arguments: ['threewordcount', '/home/pipe/twitterintel/twitterintel/topology/TopologyTweetTransformationBAD/petrel23787_threewordcount.log']
python version: 2.7.11
user=root
PATH=/tmp/petrel-bad-13-1463766017/venv/bin:/root/SimpleScalar/simplesim-3.0:/root/SimpleScalar/bin:/root/SimpleScalar/gcc-2.6.3:/root/SimpleScalar/bin:/usr/local/sbin:/usr/local/bin:/usr/sbin:/usr/bin:/sbin:/bin:/usr/games:/usr/local/games:/home/pipe/Downloads/zookeeper-3.4.8/bin:/home/pipe/Downloads/apache-storm-0.9.4/bin
LD_LIBRARY_PATH=storm-local/supervisor/stormdist/bad-13-1463766017/resources/Linux-amd64:storm-local/supervisor/stormdist/bad-13-1463766017/resources:/usr/local/lib:/opt/local/lib:/usr/lib
PYTHON_EGG_CACHE=/tmp/petrel-bad-13-1463766017/egg_cache
[2016-05-20 18:40:43,329][storm][INFO]Tuple profiling enabled. Will log tuple processing times.
[2016-05-20 18:40:47,038][storm][INFO]Task received setupInfo from Storm: {u'pidDir': u'/home/pipe/storm-local/workers/16b50a3a-0259-4793-89ca-ce4cc8da570a/pids', u'conf': {u'oauth.acess_token': u' 702208758362087425-HZiyl1x7Bh98cQa1WLBDYylyu10Bpl7', u'topology.tuple.serializer': u'backtype.storm.serialization.types.ListDelegateSerializer', u'topology.workers': 1, u'drpc.worker.threads': 64, u'storm.messaging.netty.client_worker_threads': 1, u'supervisor.heartbeat.frequency.secs': 5, u'topology.executor.send.buffer.size': 1024, u'drpc.childopts': u'-Xmx768m', u'nimbus.thrift.port': 6627, u'storm.zookeeper.retry.intervalceiling.millis': 30000, u'storm.local.dir': u'storm-local', u'topology.receiver.buffer.size': 8, u'storm.zookeeper.servers': [u'localhost'], u'oauth.consumer_secret': u'ADf76fi3O1lKMzBxWnjqf93l3GHv28uar3bkblkvyBrAyoA23i', u'transactional.zookeeper.root': u'/transactional', u'drpc.request.timeout.secs': 600, u'topology.skip.missing.kryo.registrations': False, u'worker.heartbeat.frequency.secs': 1, u'zmq.hwm': 0, u'storm.zookeeper.connection.timeout': 15000, u'java.library.path': u'/usr/local/lib:/opt/local/lib:/usr/lib', u'topology.max.error.report.per.interval': 5, u'storm.messaging.netty.server_worker_threads': 1, u'storm.id': u'bad-13-1463766017', u'supervisor.worker.start.timeout.secs': 120, u'zmq.threads': 1, u'topology.acker.executors': None, u'storm.messaging.netty.flush.check.interval.ms': 10, u'storm.messaging.netty.transfer.batch.size': 262144, u'topology.max.task.parallelism': None, u'topology.environment': None, u'storm.zookeeper.port': 2181, u'nimbus.childopts': u'-Xmx1024m', u'topology.classpath': None, u'worker.childopts': u'-Xmx768m', u'drpc.queue.size': 128, u'topology.multilang.serializer': u'backtype.storm.multilang.JsonSerializer', u'storm.zookeeper.retry.times': 5, u'nimbus.monitor.freq.secs': 10, u'storm.cluster.mode': u'distributed', u'dev.zookeeper.path': u'/tmp/dev-storm-zookeeper', u'drpc.invocations.port': 3773, u'topology.tasks': None, u'storm.zookeeper.root': u'/storm', u'logviewer.childopts': u'-Xmx128m', u'storm.meta.serialization.delegate': u'backtype.storm.serialization.DefaultSerializationDelegate', u'transactional.zookeeper.port': None, u'topology.worker.receiver.thread.count': 1, u'topology.worker.childopts': None, u'topology.max.spout.pending': None, u'topology.kryo.register': None, u'petrel.host': u'pipe-X550CC', u'nimbus.cleanup.inbox.freq.secs': 600, u'storm.messaging.netty.min_wait_ms': 100, u'nimbus.task.timeout.secs': 30, u'nimbus.thrift.max_buffer_size': 1048576, u'topology.sleep.spout.wait.strategy.time.ms': 1, u'nimbus.reassign': True, u'storm.messaging.transport': u'backtype.storm.messaging.netty.Context', u'logviewer.appender.name': u'A1', u'nimbus.host': u'localhost', u'ui.port': 8080, u'supervisor.slots.ports': [6700, 6701, 6702, 6703], u'nimbus.file.copy.expiration.secs': 600, u'supervisor.monitor.frequency.secs': 3, u'ui.childopts': u'-Xmx768m', u'transactional.zookeeper.servers': None, u'zmq.linger.millis': 5000, u'topology.error.throttle.interval.secs': 10, u'topology.worker.shared.thread.pool.size': 4, u'topology.executor.receive.buffer.size': 1024, u'topology.spout.wait.strategy': u'backtype.storm.spout.SleepSpoutWaitStrategy', u'task.heartbeat.frequency.secs': 3, u'topology.transfer.buffer.size': 1024, u'storm.zookeeper.session.timeout': 20000, u'storm.local.mode.zmq': False, u'topology.stats.sample.rate': 0.05, u'topology.fall.back.on.java.serialization': True, u'supervisor.childopts': u'-Xmx256m', u'topology.enable.message.timeouts': True, u'storm.messaging.netty.max_wait_ms': 1000, u'nimbus.topology.validator': u'backtype.storm.nimbus.DefaultTopologyValidator', u'nimbus.supervisor.timeout.secs': 60, u'topology.disruptor.wait.strategy': u'com.lmax.disruptor.BlockingWaitStrategy', u'storm.messaging.netty.buffer_size': 5242880, u'drpc.port': 3772, u'topology.kryo.factory': u'backtype.storm.serialization.DefaultKryoFactory', u'storm.zookeeper.retry.interval': 1000, u'storm.messaging.netty.max_retries': 300, u'topology.tick.tuple.freq.secs': None, u'supervisor.enable': True, u'nimbus.task.launch.secs': 120, u'task.refresh.poll.secs': 10, u'topology.message.timeout.secs': 30, u'oauth.acess_token_secret': u'IiNOTfgE3tEZvW2HDQhRKPMoOLU43NXJCXk8maj51SdAT', u'petrel.user': u'root', u'nimbus.inbox.jar.expiration.secs': 3600, u'topology.state.synchronization.timeout.secs': 60, u'topology.name': u'bad', u'supervisor.worker.timeout.secs': 30, u'topology.trident.batch.emit.interval.millis': 500, u'topology.builtin.metrics.bucket.size.secs': 60, u'storm.thrift.transport': u'backtype.storm.security.auth.SimpleTransportPlugin', u'logviewer.port': 8000, u'oauth.consumer_key': u'eaFmBSxUveRJfmyZYeabti9Q9', u'topology.kryo.decorators': [], u'topology.debug': False}, u'context': {u'task->component': {u'1': u'CountThreeWords', u'3': u'CountWord', u'2': u'CountTwoWords', u'5': u'ThreeWordDivider', u'4': u'KafkaConsumer', u'7': u'WordDivider', u'6': u'TwoWordDivider', u'8': u'__acker'}, u'taskid': 1}}
[2016-05-20 18:40:47,039][storm][INFO]Task sent pid to Storm
[2016-05-20 18:40:50,588][storm][DEBUG]BasicBolt profile: total_num_tuples=1, num_tuples=1, avg_read_time=0.418127 (88.1%), avg_process_time=0.056565 (11.9%), avg_ack_time=0.000069 (0.0%)
[2016-05-20 18:40:51,947][storm][DEBUG]BasicBolt profile: total_num_tuples=8, num_tuples=7, avg_read_time=0.058855 (98.6%), avg_process_time=0.000771 (1.3%), avg_ack_time=0.000067 (0.1%)
[2016-05-20 18:42:47,355][storm][DEBUG]BasicBolt profile: total_num_tuples=13, num_tuples=5, avg_read_time=0.041366 (55.5%), avg_process_time=0.033059 (44.4%), avg_ack_time=0.000053 (0.1%)
[2016-05-20 18:48:17,384][storm][DEBUG]BasicBolt profile: total_num_tuples=19, num_tuples=6, avg_read_time=0.141872 (80.2%), avg_process_time=0.035003 (19.8%), avg_ack_time=0.000107 (0.1%)
[2016-05-20 18:55:43,997][storm][DEBUG]BasicBolt profile: total_num_tuples=63, num_tuples=44, avg_read_time=0.011295 (73.8%), avg_process_time=0.003892 (25.4%), avg_ack_time=0.000116 (0.8%)
[2016-05-20 18:55:55,351][storm][DEBUG]BasicBolt profile: total_num_tuples=80, num_tuples=17, avg_read_time=0.025019 (84.7%), avg_process_time=0.004439 (15.0%), avg_ack_time=0.000090 (0.3%)
[2016-05-20 18:55:56,458][storm][DEBUG]BasicBolt profile: total_num_tuples=94, num_tuples=14, avg_read_time=0.077293 (97.8%), avg_process_time=0.001577 (2.0%), avg_ack_time=0.000141 (0.2%)
[2016-05-20 18:55:57,963][storm][DEBUG]BasicBolt profile: total_num_tuples=100, num_tuples=6, avg_read_time=0.084338 (98.9%), avg_process_time=0.000840 (1.0%), avg_ack_time=0.000062 (0.1%)
[2016-05-20 18:56:01,048][storm][DEBUG]BasicBolt profile: total_num_tuples=119, num_tuples=19, avg_read_time=0.056121 (97.9%), avg_process_time=0.001134 (2.0%), avg_ack_time=0.000095 (0.2%)
[2016-05-20 19:44:29,506][storm][DEBUG]BasicBolt profile: total_num_tuples=126, num_tuples=7, avg_read_time=0.186983 (47.8%), avg_process_time=0.203997 (52.2%), avg_ack_time=0.000062 (0.0%)
[2016-05-20 19:44:31,353][storm][DEBUG]BasicBolt profile: total_num_tuples=128, num_tuples=2, avg_read_time=0.000073 (0.0%), avg_process_time=0.653433 (96.1%), avg_ack_time=0.026551 (3.9%)
[2016-05-20 19:46:35,400][storm][DEBUG]BasicBolt profile: total_num_tuples=157, num_tuples=29, avg_read_time=0.024349 (59.4%), avg_process_time=0.008407 (20.5%), avg_ack_time=0.008240 (20.1%)
[2016-05-20 19:47:12,517][storm][DEBUG]BasicBolt profile: total_num_tuples=219, num_tuples=62, avg_read_time=0.008223 (43.3%), avg_process_time=0.010423 (54.9%), avg_ack_time=0.000328 (1.7%)
[2016-05-20 19:47:13,858][storm][DEBUG]BasicBolt profile: total_num_tuples=298, num_tuples=79, avg_read_time=0.012254 (72.3%), avg_process_time=0.004593 (27.1%), avg_ack_time=0.000108 (0.6%)
[2016-05-20 19:49:06,971][storm][DEBUG]BasicBolt profile: total_num_tuples=328, num_tuples=30, avg_read_time=0.035083 (95.5%), avg_process_time=0.001598 (4.4%), avg_ack_time=0.000042 (0.1%)
[2016-05-20 19:49:07,982][storm][DEBUG]BasicBolt profile: total_num_tuples=406, num_tuples=78, avg_read_time=0.004907 (37.9%), avg_process_time=0.007690 (59.4%), avg_ack_time=0.000349 (2.7%)
[2016-05-20 19:49:09,262][storm][DEBUG]BasicBolt profile: total_num_tuples=509, num_tuples=103, avg_read_time=0.007055 (56.9%), avg_process_time=0.005007 (40.4%), avg_ack_time=0.000343 (2.8%)
[2016-05-20 19:49:38,552][storm][DEBUG]BasicBolt profile: total_num_tuples=561, num_tuples=52, avg_read_time=0.016456 (63.2%), avg_process_time=0.009454 (36.3%), avg_ack_time=0.000109 (0.4%)
[2016-05-20 19:59:38,937][storm][DEBUG]BasicBolt profile: total_num_tuples=570, num_tuples=9, avg_read_time=0.000643 (0.9%), avg_process_time=0.072578 (99.0%), avg_ack_time=0.000105 (0.1%)
[2016-05-20 20:04:05,663][storm][DEBUG]BasicBolt profile: total_num_tuples=578, num_tuples=8, avg_read_time=0.048999 (29.9%), avg_process_time=0.114707 (70.0%), avg_ack_time=0.000114 (0.1%)
[2016-05-20 20:04:19,498][storm][DEBUG]BasicBolt profile: total_num_tuples=630, num_tuples=52, avg_read_time=0.014153 (82.3%), avg_process_time=0.002969 (17.3%), avg_ack_time=0.000077 (0.4%)
[2016-05-20 20:04:20,745][storm][DEBUG]BasicBolt profile: total_num_tuples=684, num_tuples=54, avg_read_time=0.021029 (91.2%), avg_process_time=0.001994 (8.6%), avg_ack_time=0.000046 (0.2%)
[2016-05-20 20:04:22,086][storm][DEBUG]BasicBolt profile: total_num_tuples=729, num_tuples=45, avg_read_time=0.025557 (85.8%), avg_process_time=0.004205 (14.1%), avg_ack_time=0.000033 (0.1%)
[2016-05-20 20:04:23,171][storm][DEBUG]BasicBolt profile: total_num_tuples=815, num_tuples=86, avg_read_time=0.007076 (56.1%), avg_process_time=0.005473 (43.4%), avg_ack_time=0.000060 (0.5%)
[2016-05-20 20:04:24,265][storm][DEBUG]BasicBolt profile: total_num_tuples=829, num_tuples=14, avg_read_time=0.075865 (99.1%), avg_process_time=0.000684 (0.9%), avg_ack_time=0.000032 (0.0%)
[2016-05-20 20:04:25,411][storm][DEBUG]BasicBolt profile: total_num_tuples=915, num_tuples=86, avg_read_time=0.005596 (42.0%), avg_process_time=0.007680 (57.7%), avg_ack_time=0.000039 (0.3%)
[2016-05-20 20:04:26,729][storm][DEBUG]BasicBolt profile: total_num_tuples=1033, num_tuples=118, avg_read_time=0.008286 (74.2%), avg_process_time=0.002833 (25.4%), avg_ack_time=0.000043 (0.4%)
[2016-05-20 20:04:27,780][storm][DEBUG]BasicBolt profile: total_num_tuples=1250, num_tuples=217, avg_read_time=0.001554 (32.1%), avg_process_time=0.003243 (67.0%), avg_ack_time=0.000040 (0.8%)
[2016-05-20 20:04:29,045][storm][DEBUG]BasicBolt profile: total_num_tuples=1319, num_tuples=69, avg_read_time=0.012359 (67.4%), avg_process_time=0.005931 (32.4%), avg_ack_time=0.000038 (0.2%)
[2016-05-20 20:04:30,048][storm][DEBUG]BasicBolt profile: total_num_tuples=1369, num_tuples=50, avg_read_time=0.013744 (68.6%), avg_process_time=0.006249 (31.2%), avg_ack_time=0.000046 (0.2%)
[2016-05-20 20:04:31,049][storm][DEBUG]BasicBolt profile: total_num_tuples=1525, num_tuples=156, avg_read_time=0.000394 (6.1%), avg_process_time=0.005962 (93.0%), avg_ack_time=0.000054 (0.8%)
[2016-05-20 20:04:32,128][storm][DEBUG]BasicBolt profile: total_num_tuples=1619, num_tuples=94, avg_read_time=0.000053 (0.5%), avg_process_time=0.011322 (99.2%), avg_ack_time=0.000041 (0.4%)
[2016-05-20 20:04:33,141][storm][DEBUG]BasicBolt profile: total_num_tuples=1776, num_tuples=157, avg_read_time=0.000085 (1.3%), avg_process_time=0.005989 (93.3%), avg_ack_time=0.000347 (5.4%)
[2016-05-20 20:04:34,204][storm][DEBUG]BasicBolt profile: total_num_tuples=1901, num_tuples=125, avg_read_time=0.000511 (6.0%), avg_process_time=0.007829 (92.2%), avg_ack_time=0.000150 (1.8%)
[2016-05-20 20:04:35,225][storm][DEBUG]BasicBolt profile: total_num_tuples=1948, num_tuples=47, avg_read_time=0.000054 (0.3%), avg_process_time=0.021554 (99.5%), avg_ack_time=0.000045 (0.2%)
[2016-05-20 20:04:37,320][storm][DEBUG]BasicBolt profile: total_num_tuples=2012, num_tuples=64, avg_read_time=0.026464 (80.9%), avg_process_time=0.006192 (18.9%), avg_ack_time=0.000066 (0.2%)
[2016-05-20 20:04:38,448][storm][DEBUG]BasicBolt profile: total_num_tuples=2198, num_tuples=186, avg_read_time=0.001575 (26.0%), avg_process_time=0.004379 (72.3%), avg_ack_time=0.000103 (1.7%)
[2016-05-20 20:04:39,450][storm][DEBUG]BasicBolt profile: total_num_tuples=2318, num_tuples=120, avg_read_time=0.000174 (2.1%), avg_process_time=0.007957 (95.5%), avg_ack_time=0.000206 (2.5%)
[2016-05-20 20:04:40,552][storm][DEBUG]BasicBolt profile: total_num_tuples=2551, num_tuples=233, avg_read_time=0.000073 (1.5%), avg_process_time=0.004518 (95.6%), avg_ack_time=0.000134 (2.8%)
[2016-05-20 20:04:41,659][storm][DEBUG]BasicBolt profile: total_num_tuples=2679, num_tuples=128, avg_read_time=0.003196 (37.0%), avg_process_time=0.005369 (62.2%), avg_ack_time=0.000068 (0.8%)
[2016-05-20 20:04:42,660][storm][DEBUG]BasicBolt profile: total_num_tuples=2782, num_tuples=103, avg_read_time=0.006565 (67.6%), avg_process_time=0.003064 (31.5%), avg_ack_time=0.000089 (0.9%)
[2016-05-20 20:04:43,667][storm][DEBUG]BasicBolt profile: total_num_tuples=2873, num_tuples=91, avg_read_time=0.008402 (76.0%), avg_process_time=0.002582 (23.4%), avg_ack_time=0.000070 (0.6%)
[2016-05-20 20:04:44,692][storm][DEBUG]BasicBolt profile: total_num_tuples=3031, num_tuples=158, avg_read_time=0.002099 (32.4%), avg_process_time=0.004205 (64.9%), avg_ack_time=0.000177 (2.7%)
[2016-05-20 20:04:49,544][storm][DEBUG]BasicBolt profile: total_num_tuples=3090, num_tuples=59, avg_read_time=0.011111 (75.9%), avg_process_time=0.003453 (23.6%), avg_ack_time=0.000069 (0.5%)
[2016-05-20 20:04:50,545][storm][DEBUG]BasicBolt profile: total_num_tuples=3267, num_tuples=177, avg_read_time=0.000513 (9.1%), avg_process_time=0.005070 (89.9%), avg_ack_time=0.000054 (1.0%)
[2016-05-20 20:04:51,547][storm][DEBUG]BasicBolt profile: total_num_tuples=3485, num_tuples=218, avg_read_time=0.000064 (1.4%), avg_process_time=0.004454 (97.1%), avg_ack_time=0.000069 (1.5%)
[2016-05-20 20:04:52,549][storm][DEBUG]BasicBolt profile: total_num_tuples=3646, num_tuples=161, avg_read_time=0.000083 (1.3%), avg_process_time=0.005988 (96.3%), avg_ack_time=0.000148 (2.4%)
[2016-05-20 20:04:53,555][storm][DEBUG]BasicBolt profile: total_num_tuples=3811, num_tuples=165, avg_read_time=0.000070 (1.1%), avg_process_time=0.005870 (96.7%), avg_ack_time=0.000131 (2.2%)
[2016-05-20 20:04:54,555][storm][DEBUG]BasicBolt profile: total_num_tuples=4062, num_tuples=251, avg_read_time=0.000055 (1.4%), avg_process_time=0.003881 (97.6%), avg_ack_time=0.000042 (1.1%)
[2016-05-20 20:04:55,559][storm][DEBUG]BasicBolt profile: total_num_tuples=4126, num_tuples=64, avg_read_time=0.012072 (77.0%), avg_process_time=0.003556 (22.7%), avg_ack_time=0.000040 (0.3%)
[2016-05-20 20:04:56,712][storm][DEBUG]BasicBolt profile: total_num_tuples=4200, num_tuples=74, avg_read_time=0.011278 (72.4%), avg_process_time=0.004246 (27.3%), avg_ack_time=0.000053 (0.3%)
[2016-05-20 20:04:57,742][storm][DEBUG]BasicBolt profile: total_num_tuples=4290, num_tuples=90, avg_read_time=0.007061 (61.7%), avg_process_time=0.004320 (37.8%), avg_ack_time=0.000057 (0.5%)
[2016-05-20 20:04:58,780][storm][DEBUG]BasicBolt profile: total_num_tuples=4383, num_tuples=93, avg_read_time=0.007349 (65.9%), avg_process_time=0.003750 (33.6%), avg_ack_time=0.000047 (0.4%)
[2016-05-20 20:04:59,794][storm][DEBUG]BasicBolt profile: total_num_tuples=4493, num_tuples=110, avg_read_time=0.005509 (59.8%), avg_process_time=0.003652 (39.7%), avg_ack_time=0.000046 (0.5%)
[2016-05-20 20:05:00,798][storm][DEBUG]BasicBolt profile: total_num_tuples=4557, num_tuples=64, avg_read_time=0.011871 (75.7%), avg_process_time=0.003776 (24.1%), avg_ack_time=0.000042 (0.3%)
[2016-05-20 20:05:01,802][storm][DEBUG]BasicBolt profile: total_num_tuples=4708, num_tuples=151, avg_read_time=0.002521 (38.0%), avg_process_time=0.004069 (61.3%), avg_ack_time=0.000052 (0.8%)
[2016-05-20 20:05:02,851][storm][DEBUG]BasicBolt profile: total_num_tuples=4796, num_tuples=88, avg_read_time=0.007577 (63.6%), avg_process_time=0.004270 (35.9%), avg_ack_time=0.000058 (0.5%)
[2016-05-20 20:05:03,864][storm][DEBUG]BasicBolt profile: total_num_tuples=4886, num_tuples=90, avg_read_time=0.006853 (60.9%), avg_process_time=0.004359 (38.7%), avg_ack_time=0.000040 (0.4%)
[2016-05-20 20:05:04,939][storm][DEBUG]BasicBolt profile: total_num_tuples=4971, num_tuples=85, avg_read_time=0.008907 (70.5%), avg_process_time=0.003680 (29.1%), avg_ack_time=0.000043 (0.3%)
[2016-05-20 20:05:05,950][storm][DEBUG]BasicBolt profile: total_num_tuples=5046, num_tuples=75, avg_read_time=0.009749 (72.4%), avg_process_time=0.003671 (27.2%), avg_ack_time=0.000054 (0.4%)
[2016-05-20 20:05:06,951][storm][DEBUG]BasicBolt profile: total_num_tuples=5135, num_tuples=89, avg_read_time=0.006679 (59.4%), avg_process_time=0.004501 (40.1%), avg_ack_time=0.000055 (0.5%)
[2016-05-20 20:06:40,661][storm][DEBUG]BasicBolt profile: total_num_tuples=5228, num_tuples=93, avg_read_time=0.010665 (57.9%), avg_process_time=0.007704 (41.8%), avg_ack_time=0.000057 (0.3%)
[2016-05-20 20:07:01,325][storm][DEBUG]BasicBolt profile: total_num_tuples=5258, num_tuples=30, avg_read_time=0.025178 (91.2%), avg_process_time=0.002343 (8.5%), avg_ack_time=0.000082 (0.3%)
[2016-05-20 20:08:25,105][storm][DEBUG]BasicBolt profile: total_num_tuples=5301, num_tuples=43, avg_read_time=0.038424 (93.4%), avg_process_time=0.002447 (5.9%), avg_ack_time=0.000251 (0.6%)
[2016-05-20 20:08:36,016][storm][DEBUG]BasicBolt profile: total_num_tuples=5340, num_tuples=39, avg_read_time=0.023069 (88.8%), avg_process_time=0.002635 (10.1%), avg_ack_time=0.000271 (1.0%)
[2016-05-20 20:09:36,408][storm][DEBUG]BasicBolt profile: total_num_tuples=5378, num_tuples=38, avg_read_time=0.035491 (97.1%), avg_process_time=0.000993 (2.7%), avg_ack_time=0.000064 (0.2%)
[2016-05-20 20:09:48,179][storm][DEBUG]BasicBolt profile: total_num_tuples=5418, num_tuples=40, avg_read_time=0.017952 (87.0%), avg_process_time=0.002511 (12.2%), avg_ack_time=0.000169 (0.8%)
