Beginning task setup

/usr/bin/flock
Creating new venv: /tmp/petrel-bad-13-1463766017/venv
Task setup took 8 seconds
Launching: python -m petrel.run threeworddivider /home/pipe/twitterintel/twitterintel/topology/TopologyTweetTransformationBAD/petrel23790_threeworddivider.log
/usr/local/lib/python2.7/dist-packages/petrel-0.9.4.0.3-py2.7.egg/petrel/run.py invoked with the following arguments: ['threeworddivider', '/home/pipe/twitterintel/twitterintel/topology/TopologyTweetTransformationBAD/petrel23790_threeworddivider.log']
python version: 2.7.11
user=root
PATH=/tmp/petrel-bad-13-1463766017/venv/bin:/root/SimpleScalar/simplesim-3.0:/root/SimpleScalar/bin:/root/SimpleScalar/gcc-2.6.3:/root/SimpleScalar/bin:/usr/local/sbin:/usr/local/bin:/usr/sbin:/usr/bin:/sbin:/bin:/usr/games:/usr/local/games:/home/pipe/Downloads/zookeeper-3.4.8/bin:/home/pipe/Downloads/apache-storm-0.9.4/bin
LD_LIBRARY_PATH=storm-local/supervisor/stormdist/bad-13-1463766017/resources/Linux-amd64:storm-local/supervisor/stormdist/bad-13-1463766017/resources:/usr/local/lib:/opt/local/lib:/usr/lib
PYTHON_EGG_CACHE=/tmp/petrel-bad-13-1463766017/egg_cache
[2016-05-20 18:40:43,321][storm][INFO]Tuple profiling enabled. Will log tuple processing times.
[2016-05-20 18:40:47,081][storm][INFO]Task received setupInfo from Storm: {u'pidDir': u'/home/pipe/storm-local/workers/16b50a3a-0259-4793-89ca-ce4cc8da570a/pids', u'conf': {u'oauth.acess_token': u' 702208758362087425-HZiyl1x7Bh98cQa1WLBDYylyu10Bpl7', u'topology.tuple.serializer': u'backtype.storm.serialization.types.ListDelegateSerializer', u'topology.workers': 1, u'drpc.worker.threads': 64, u'storm.messaging.netty.client_worker_threads': 1, u'supervisor.heartbeat.frequency.secs': 5, u'topology.executor.send.buffer.size': 1024, u'drpc.childopts': u'-Xmx768m', u'nimbus.thrift.port': 6627, u'storm.zookeeper.retry.intervalceiling.millis': 30000, u'storm.local.dir': u'storm-local', u'topology.receiver.buffer.size': 8, u'storm.zookeeper.servers': [u'localhost'], u'oauth.consumer_secret': u'ADf76fi3O1lKMzBxWnjqf93l3GHv28uar3bkblkvyBrAyoA23i', u'transactional.zookeeper.root': u'/transactional', u'drpc.request.timeout.secs': 600, u'topology.skip.missing.kryo.registrations': False, u'worker.heartbeat.frequency.secs': 1, u'zmq.hwm': 0, u'storm.zookeeper.connection.timeout': 15000, u'java.library.path': u'/usr/local/lib:/opt/local/lib:/usr/lib', u'topology.max.error.report.per.interval': 5, u'storm.messaging.netty.server_worker_threads': 1, u'storm.id': u'bad-13-1463766017', u'supervisor.worker.start.timeout.secs': 120, u'zmq.threads': 1, u'topology.acker.executors': None, u'storm.messaging.netty.flush.check.interval.ms': 10, u'storm.messaging.netty.transfer.batch.size': 262144, u'topology.max.task.parallelism': None, u'topology.environment': None, u'storm.zookeeper.port': 2181, u'nimbus.childopts': u'-Xmx1024m', u'topology.classpath': None, u'worker.childopts': u'-Xmx768m', u'drpc.queue.size': 128, u'topology.multilang.serializer': u'backtype.storm.multilang.JsonSerializer', u'storm.zookeeper.retry.times': 5, u'nimbus.monitor.freq.secs': 10, u'storm.cluster.mode': u'distributed', u'dev.zookeeper.path': u'/tmp/dev-storm-zookeeper', u'drpc.invocations.port': 3773, u'topology.tasks': None, u'storm.zookeeper.root': u'/storm', u'logviewer.childopts': u'-Xmx128m', u'storm.meta.serialization.delegate': u'backtype.storm.serialization.DefaultSerializationDelegate', u'transactional.zookeeper.port': None, u'topology.worker.receiver.thread.count': 1, u'topology.worker.childopts': None, u'topology.max.spout.pending': None, u'topology.kryo.register': None, u'petrel.host': u'pipe-X550CC', u'nimbus.cleanup.inbox.freq.secs': 600, u'storm.messaging.netty.min_wait_ms': 100, u'nimbus.task.timeout.secs': 30, u'nimbus.thrift.max_buffer_size': 1048576, u'topology.sleep.spout.wait.strategy.time.ms': 1, u'nimbus.reassign': True, u'storm.messaging.transport': u'backtype.storm.messaging.netty.Context', u'logviewer.appender.name': u'A1', u'nimbus.host': u'localhost', u'ui.port': 8080, u'supervisor.slots.ports': [6700, 6701, 6702, 6703], u'nimbus.file.copy.expiration.secs': 600, u'supervisor.monitor.frequency.secs': 3, u'ui.childopts': u'-Xmx768m', u'transactional.zookeeper.servers': None, u'zmq.linger.millis': 5000, u'topology.error.throttle.interval.secs': 10, u'topology.worker.shared.thread.pool.size': 4, u'topology.executor.receive.buffer.size': 1024, u'topology.spout.wait.strategy': u'backtype.storm.spout.SleepSpoutWaitStrategy', u'task.heartbeat.frequency.secs': 3, u'topology.transfer.buffer.size': 1024, u'storm.zookeeper.session.timeout': 20000, u'storm.local.mode.zmq': False, u'topology.stats.sample.rate': 0.05, u'topology.fall.back.on.java.serialization': True, u'supervisor.childopts': u'-Xmx256m', u'topology.enable.message.timeouts': True, u'storm.messaging.netty.max_wait_ms': 1000, u'nimbus.topology.validator': u'backtype.storm.nimbus.DefaultTopologyValidator', u'nimbus.supervisor.timeout.secs': 60, u'topology.disruptor.wait.strategy': u'com.lmax.disruptor.BlockingWaitStrategy', u'storm.messaging.netty.buffer_size': 5242880, u'drpc.port': 3772, u'topology.kryo.factory': u'backtype.storm.serialization.DefaultKryoFactory', u'storm.zookeeper.retry.interval': 1000, u'storm.messaging.netty.max_retries': 300, u'topology.tick.tuple.freq.secs': None, u'supervisor.enable': True, u'nimbus.task.launch.secs': 120, u'task.refresh.poll.secs': 10, u'topology.message.timeout.secs': 30, u'oauth.acess_token_secret': u'IiNOTfgE3tEZvW2HDQhRKPMoOLU43NXJCXk8maj51SdAT', u'petrel.user': u'root', u'nimbus.inbox.jar.expiration.secs': 3600, u'topology.state.synchronization.timeout.secs': 60, u'topology.name': u'bad', u'supervisor.worker.timeout.secs': 30, u'topology.trident.batch.emit.interval.millis': 500, u'topology.builtin.metrics.bucket.size.secs': 60, u'storm.thrift.transport': u'backtype.storm.security.auth.SimpleTransportPlugin', u'logviewer.port': 8000, u'oauth.consumer_key': u'eaFmBSxUveRJfmyZYeabti9Q9', u'topology.kryo.decorators': [], u'topology.debug': False}, u'context': {u'task->component': {u'1': u'CountThreeWords', u'3': u'CountWord', u'2': u'CountTwoWords', u'5': u'ThreeWordDivider', u'4': u'KafkaConsumer', u'7': u'WordDivider', u'6': u'TwoWordDivider', u'8': u'__acker'}, u'taskid': 5}}
[2016-05-20 18:40:47,081][storm][INFO]Task sent pid to Storm
[2016-05-20 18:40:50,530][storm][DEBUG]BasicBolt profile: total_num_tuples=1, num_tuples=1, avg_read_time=0.392200 (94.0%), avg_process_time=0.025083 (6.0%), avg_ack_time=0.000025 (0.0%)
[2016-05-20 18:40:51,945][storm][DEBUG]BasicBolt profile: total_num_tuples=3, num_tuples=2, avg_read_time=0.206486 (99.5%), avg_process_time=0.000926 (0.4%), avg_ack_time=0.000084 (0.0%)
[2016-05-20 18:42:47,185][storm][DEBUG]BasicBolt profile: total_num_tuples=5, num_tuples=2, avg_read_time=0.095392 (99.3%), avg_process_time=0.000654 (0.7%), avg_ack_time=0.000027 (0.0%)
[2016-05-20 18:48:17,178][storm][DEBUG]BasicBolt profile: total_num_tuples=7, num_tuples=2, avg_read_time=0.447600 (99.9%), avg_process_time=0.000323 (0.1%), avg_ack_time=0.000047 (0.0%)
[2016-05-20 18:55:43,852][storm][DEBUG]BasicBolt profile: total_num_tuples=19, num_tuples=12, avg_read_time=0.045066 (97.2%), avg_process_time=0.001268 (2.7%), avg_ack_time=0.000019 (0.0%)
[2016-05-20 18:55:55,285][storm][DEBUG]BasicBolt profile: total_num_tuples=23, num_tuples=4, avg_read_time=0.107610 (99.5%), avg_process_time=0.000534 (0.5%), avg_ack_time=0.000019 (0.0%)
[2016-05-20 18:55:56,455][storm][DEBUG]BasicBolt profile: total_num_tuples=26, num_tuples=3, avg_read_time=0.387891 (99.5%), avg_process_time=0.001771 (0.5%), avg_ack_time=0.000020 (0.0%)
[2016-05-20 18:55:57,752][storm][DEBUG]BasicBolt profile: total_num_tuples=27, num_tuples=1, avg_read_time=0.297723 (99.9%), avg_process_time=0.000370 (0.1%), avg_ack_time=0.000039 (0.0%)
[2016-05-20 18:55:58,788][storm][DEBUG]BasicBolt profile: total_num_tuples=32, num_tuples=5, avg_read_time=0.203620 (98.3%), avg_process_time=0.003395 (1.6%), avg_ack_time=0.000125 (0.1%)
[2016-05-20 18:56:01,045][storm][DEBUG]BasicBolt profile: total_num_tuples=34, num_tuples=2, avg_read_time=0.127687 (99.3%), avg_process_time=0.000852 (0.7%), avg_ack_time=0.000054 (0.0%)
[2016-05-20 19:44:28,296][storm][DEBUG]BasicBolt profile: total_num_tuples=36, num_tuples=2, avg_read_time=0.723712 (62.4%), avg_process_time=0.436396 (37.6%), avg_ack_time=0.000198 (0.0%)
[2016-05-20 19:46:35,397][storm][DEBUG]BasicBolt profile: total_num_tuples=49, num_tuples=13, avg_read_time=0.017988 (21.9%), avg_process_time=0.063911 (78.0%), avg_ack_time=0.000070 (0.1%)
[2016-05-20 19:47:12,511][storm][DEBUG]BasicBolt profile: total_num_tuples=75, num_tuples=26, avg_read_time=0.038985 (91.5%), avg_process_time=0.003608 (8.5%), avg_ack_time=0.000026 (0.1%)
[2016-05-20 19:47:13,848][storm][DEBUG]BasicBolt profile: total_num_tuples=109, num_tuples=34, avg_read_time=0.037990 (96.7%), avg_process_time=0.001285 (3.3%), avg_ack_time=0.000030 (0.1%)
[2016-05-20 19:49:06,969][storm][DEBUG]BasicBolt profile: total_num_tuples=121, num_tuples=12, avg_read_time=0.091002 (99.5%), avg_process_time=0.000460 (0.5%), avg_ack_time=0.000025 (0.0%)
[2016-05-20 19:49:08,038][storm][DEBUG]BasicBolt profile: total_num_tuples=163, num_tuples=42, avg_read_time=0.024471 (96.2%), avg_process_time=0.000890 (3.5%), avg_ack_time=0.000074 (0.3%)
[2016-05-20 19:49:09,204][storm][DEBUG]BasicBolt profile: total_num_tuples=196, num_tuples=33, avg_read_time=0.034240 (96.9%), avg_process_time=0.000971 (2.7%), avg_ack_time=0.000111 (0.3%)
[2016-05-20 19:49:38,241][storm][DEBUG]BasicBolt profile: total_num_tuples=219, num_tuples=23, avg_read_time=0.041631 (92.4%), avg_process_time=0.003418 (7.6%), avg_ack_time=0.000027 (0.1%)
[2016-05-20 19:58:20,628][storm][DEBUG]BasicBolt profile: total_num_tuples=221, num_tuples=2, avg_read_time=0.036561 (5.7%), avg_process_time=0.607974 (94.3%), avg_ack_time=0.000117 (0.0%)
[2016-05-20 19:59:38,356][storm][DEBUG]BasicBolt profile: total_num_tuples=222, num_tuples=1, avg_read_time=0.910053 (97.6%), avg_process_time=0.022242 (2.4%), avg_ack_time=0.000021 (0.0%)
[2016-05-20 20:04:04,792][storm][DEBUG]BasicBolt profile: total_num_tuples=223, num_tuples=1, avg_read_time=0.413530 (99.8%), avg_process_time=0.000606 (0.1%), avg_ack_time=0.000022 (0.0%)
[2016-05-20 20:04:19,462][storm][DEBUG]BasicBolt profile: total_num_tuples=238, num_tuples=15, avg_read_time=0.117777 (99.4%), avg_process_time=0.000676 (0.6%), avg_ack_time=0.000024 (0.0%)
[2016-05-20 20:04:20,546][storm][DEBUG]BasicBolt profile: total_num_tuples=248, num_tuples=10, avg_read_time=0.092900 (85.7%), avg_process_time=0.015475 (14.3%), avg_ack_time=0.000020 (0.0%)
[2016-05-20 20:04:21,763][storm][DEBUG]BasicBolt profile: total_num_tuples=257, num_tuples=9, avg_read_time=0.093919 (69.5%), avg_process_time=0.041180 (30.5%), avg_ack_time=0.000015 (0.0%)
[2016-05-20 20:04:22,783][storm][DEBUG]BasicBolt profile: total_num_tuples=269, num_tuples=12, avg_read_time=0.081210 (95.5%), avg_process_time=0.003790 (4.5%), avg_ack_time=0.000023 (0.0%)
[2016-05-20 20:04:24,362][storm][DEBUG]BasicBolt profile: total_num_tuples=286, num_tuples=17, avg_read_time=0.086818 (93.5%), avg_process_time=0.005952 (6.4%), avg_ack_time=0.000036 (0.0%)
[2016-05-20 20:04:25,368][storm][DEBUG]BasicBolt profile: total_num_tuples=303, num_tuples=17, avg_read_time=0.036935 (62.5%), avg_process_time=0.022172 (37.5%), avg_ack_time=0.000016 (0.0%)
[2016-05-20 20:04:26,723][storm][DEBUG]BasicBolt profile: total_num_tuples=334, num_tuples=31, avg_read_time=0.037391 (85.5%), avg_process_time=0.006312 (14.4%), avg_ack_time=0.000018 (0.0%)
[2016-05-20 20:04:27,725][storm][DEBUG]BasicBolt profile: total_num_tuples=367, num_tuples=33, avg_read_time=0.024244 (79.9%), avg_process_time=0.006079 (20.0%), avg_ack_time=0.000016 (0.1%)
[2016-05-20 20:04:28,777][storm][DEBUG]BasicBolt profile: total_num_tuples=399, num_tuples=32, avg_read_time=0.032256 (98.1%), avg_process_time=0.000603 (1.8%), avg_ack_time=0.000013 (0.0%)
[2016-05-20 20:04:29,934][storm][DEBUG]BasicBolt profile: total_num_tuples=408, num_tuples=9, avg_read_time=0.127167 (99.1%), avg_process_time=0.001141 (0.9%), avg_ack_time=0.000027 (0.0%)
[2016-05-20 20:04:31,024][storm][DEBUG]BasicBolt profile: total_num_tuples=442, num_tuples=34, avg_read_time=0.027568 (86.7%), avg_process_time=0.004152 (13.1%), avg_ack_time=0.000068 (0.2%)
[2016-05-20 20:04:32,136][storm][DEBUG]BasicBolt profile: total_num_tuples=452, num_tuples=10, avg_read_time=0.107791 (99.2%), avg_process_time=0.000847 (0.8%), avg_ack_time=0.000018 (0.0%)
[2016-05-20 20:04:33,207][storm][DEBUG]BasicBolt profile: total_num_tuples=476, num_tuples=24, avg_read_time=0.042319 (94.9%), avg_process_time=0.002120 (4.8%), avg_ack_time=0.000132 (0.3%)
[2016-05-20 20:04:34,209][storm][DEBUG]BasicBolt profile: total_num_tuples=507, num_tuples=31, avg_read_time=0.029558 (91.5%), avg_process_time=0.002559 (7.9%), avg_ack_time=0.000193 (0.6%)
[2016-05-20 20:04:35,215][storm][DEBUG]BasicBolt profile: total_num_tuples=515, num_tuples=8, avg_read_time=0.121195 (96.4%), avg_process_time=0.004437 (3.5%), avg_ack_time=0.000105 (0.1%)
[2016-05-20 20:04:37,314][storm][DEBUG]BasicBolt profile: total_num_tuples=523, num_tuples=8, avg_read_time=0.260929 (99.4%), avg_process_time=0.001449 (0.6%), avg_ack_time=0.000025 (0.0%)
[2016-05-20 20:04:38,462][storm][DEBUG]BasicBolt profile: total_num_tuples=564, num_tuples=41, avg_read_time=0.026499 (94.9%), avg_process_time=0.001397 (5.0%), avg_ack_time=0.000024 (0.1%)
[2016-05-20 20:04:39,507][storm][DEBUG]BasicBolt profile: total_num_tuples=612, num_tuples=48, avg_read_time=0.019469 (89.5%), avg_process_time=0.002226 (10.2%), avg_ack_time=0.000061 (0.3%)
[2016-05-20 20:04:40,563][storm][DEBUG]BasicBolt profile: total_num_tuples=642, num_tuples=30, avg_read_time=0.033086 (94.0%), avg_process_time=0.002092 (5.9%), avg_ack_time=0.000025 (0.1%)
[2016-05-20 20:04:41,655][storm][DEBUG]BasicBolt profile: total_num_tuples=661, num_tuples=19, avg_read_time=0.056459 (98.3%), avg_process_time=0.000944 (1.6%), avg_ack_time=0.000016 (0.0%)
[2016-05-20 20:04:42,679][storm][DEBUG]BasicBolt profile: total_num_tuples=682, num_tuples=21, avg_read_time=0.047389 (97.2%), avg_process_time=0.001342 (2.8%), avg_ack_time=0.000023 (0.0%)
[2016-05-20 20:04:43,746][storm][DEBUG]BasicBolt profile: total_num_tuples=701, num_tuples=19, avg_read_time=0.052205 (93.0%), avg_process_time=0.003908 (7.0%), avg_ack_time=0.000026 (0.0%)
[2016-05-20 20:04:44,777][storm][DEBUG]BasicBolt profile: total_num_tuples=727, num_tuples=26, avg_read_time=0.038087 (96.1%), avg_process_time=0.001531 (3.9%), avg_ack_time=0.000022 (0.1%)
[2016-05-20 20:04:49,534][storm][DEBUG]BasicBolt profile: total_num_tuples=740, num_tuples=13, avg_read_time=0.057088 (97.9%), avg_process_time=0.001176 (2.0%), avg_ack_time=0.000026 (0.0%)
[2016-05-20 20:04:50,581][storm][DEBUG]BasicBolt profile: total_num_tuples=786, num_tuples=46, avg_read_time=0.021141 (92.9%), avg_process_time=0.001540 (6.8%), avg_ack_time=0.000065 (0.3%)
[2016-05-20 20:04:51,582][storm][DEBUG]BasicBolt profile: total_num_tuples=832, num_tuples=46, avg_read_time=0.020612 (94.8%), avg_process_time=0.001086 (5.0%), avg_ack_time=0.000036 (0.2%)
[2016-05-20 20:04:52,651][storm][DEBUG]BasicBolt profile: total_num_tuples=868, num_tuples=36, avg_read_time=0.022656 (76.3%), avg_process_time=0.006966 (23.5%), avg_ack_time=0.000058 (0.2%)
[2016-05-20 20:04:53,697][storm][DEBUG]BasicBolt profile: total_num_tuples=919, num_tuples=51, avg_read_time=0.019269 (94.0%), avg_process_time=0.001196 (5.8%), avg_ack_time=0.000041 (0.2%)
[2016-05-20 20:04:54,734][storm][DEBUG]BasicBolt profile: total_num_tuples=940, num_tuples=21, avg_read_time=0.048463 (98.2%), avg_process_time=0.000874 (1.8%), avg_ack_time=0.000021 (0.0%)
[2016-05-20 20:04:55,793][storm][DEBUG]BasicBolt profile: total_num_tuples=957, num_tuples=17, avg_read_time=0.061562 (98.8%), avg_process_time=0.000716 (1.1%), avg_ack_time=0.000020 (0.0%)
[2016-05-20 20:04:56,967][storm][DEBUG]BasicBolt profile: total_num_tuples=970, num_tuples=13, avg_read_time=0.089440 (99.1%), avg_process_time=0.000802 (0.9%), avg_ack_time=0.000025 (0.0%)
[2016-05-20 20:04:58,024][storm][DEBUG]BasicBolt profile: total_num_tuples=991, num_tuples=21, avg_read_time=0.049147 (97.6%), avg_process_time=0.001166 (2.3%), avg_ack_time=0.000024 (0.0%)
[2016-05-20 20:04:59,164][storm][DEBUG]BasicBolt profile: total_num_tuples=1009, num_tuples=18, avg_read_time=0.060496 (95.5%), avg_process_time=0.002806 (4.4%), avg_ack_time=0.000019 (0.0%)
[2016-05-20 20:05:00,366][storm][DEBUG]BasicBolt profile: total_num_tuples=1037, num_tuples=28, avg_read_time=0.037739 (88.0%), avg_process_time=0.005125 (12.0%), avg_ack_time=0.000022 (0.1%)
[2016-05-20 20:05:01,463][storm][DEBUG]BasicBolt profile: total_num_tuples=1058, num_tuples=21, avg_read_time=0.049194 (94.1%), avg_process_time=0.003041 (5.8%), avg_ack_time=0.000023 (0.0%)
[2016-05-20 20:05:02,725][storm][DEBUG]BasicBolt profile: total_num_tuples=1085, num_tuples=27, avg_read_time=0.045974 (98.4%), avg_process_time=0.000719 (1.5%), avg_ack_time=0.000029 (0.1%)
[2016-05-20 20:05:03,861][storm][DEBUG]BasicBolt profile: total_num_tuples=1105, num_tuples=20, avg_read_time=0.055866 (98.4%), avg_process_time=0.000876 (1.5%), avg_ack_time=0.000021 (0.0%)
[2016-05-20 20:05:04,934][storm][DEBUG]BasicBolt profile: total_num_tuples=1122, num_tuples=17, avg_read_time=0.056128 (88.9%), avg_process_time=0.006961 (11.0%), avg_ack_time=0.000024 (0.0%)
[2016-05-20 20:05:06,014][storm][DEBUG]BasicBolt profile: total_num_tuples=1140, num_tuples=18, avg_read_time=0.057779 (96.3%), avg_process_time=0.002176 (3.6%), avg_ack_time=0.000021 (0.0%)
[2016-05-20 20:05:07,018][storm][DEBUG]BasicBolt profile: total_num_tuples=1158, num_tuples=18, avg_read_time=0.055013 (98.6%), avg_process_time=0.000733 (1.3%), avg_ack_time=0.000021 (0.0%)
[2016-05-20 20:06:40,375][storm][DEBUG]BasicBolt profile: total_num_tuples=1176, num_tuples=18, avg_read_time=0.073850 (99.0%), avg_process_time=0.000754 (1.0%), avg_ack_time=0.000022 (0.0%)
[2016-05-20 20:07:01,323][storm][DEBUG]BasicBolt profile: total_num_tuples=1184, num_tuples=8, avg_read_time=0.117678 (98.6%), avg_process_time=0.001577 (1.3%), avg_ack_time=0.000038 (0.0%)
[2016-05-20 20:07:02,347][storm][DEBUG]BasicBolt profile: total_num_tuples=1193, num_tuples=9, avg_read_time=0.112593 (99.0%), avg_process_time=0.001148 (1.0%), avg_ack_time=0.000028 (0.0%)
[2016-05-20 20:08:25,095][storm][DEBUG]BasicBolt profile: total_num_tuples=1194, num_tuples=1, avg_read_time=0.733389 (99.9%), avg_process_time=0.000566 (0.1%), avg_ack_time=0.000019 (0.0%)
[2016-05-20 20:08:35,967][storm][DEBUG]BasicBolt profile: total_num_tuples=1207, num_tuples=13, avg_read_time=0.066863 (99.1%), avg_process_time=0.000611 (0.9%), avg_ack_time=0.000022 (0.0%)
[2016-05-20 20:09:36,406][storm][DEBUG]BasicBolt profile: total_num_tuples=1216, num_tuples=9, avg_read_time=0.150032 (94.1%), avg_process_time=0.009357 (5.9%), avg_ack_time=0.000022 (0.0%)
[2016-05-20 20:09:48,139][storm][DEBUG]BasicBolt profile: total_num_tuples=1229, num_tuples=13, avg_read_time=0.056106 (98.7%), avg_process_time=0.000683 (1.2%), avg_ack_time=0.000031 (0.1%)
