Beginning task setup

/usr/bin/flock
Using existing venv: /tmp/petrel-bad-13-1463766017/venv
Task setup took 8 seconds
Launching: python -m petrel.run mongodbcount /home/pipe/twitterintel/twitterintel/topology/TopologyTweetTransformationBAD/petrel23792_mongodbcount.log
/usr/local/lib/python2.7/dist-packages/petrel-0.9.4.0.3-py2.7.egg/petrel/run.py invoked with the following arguments: ['mongodbcount', '/home/pipe/twitterintel/twitterintel/topology/TopologyTweetTransformationBAD/petrel23792_mongodbcount.log']
python version: 2.7.11
user=root
PATH=/tmp/petrel-bad-13-1463766017/venv/bin:/root/SimpleScalar/simplesim-3.0:/root/SimpleScalar/bin:/root/SimpleScalar/gcc-2.6.3:/root/SimpleScalar/bin:/usr/local/sbin:/usr/local/bin:/usr/sbin:/usr/bin:/sbin:/bin:/usr/games:/usr/local/games:/home/pipe/Downloads/zookeeper-3.4.8/bin:/home/pipe/Downloads/apache-storm-0.9.4/bin
LD_LIBRARY_PATH=storm-local/supervisor/stormdist/bad-13-1463766017/resources/Linux-amd64:storm-local/supervisor/stormdist/bad-13-1463766017/resources:/usr/local/lib:/opt/local/lib:/usr/lib
PYTHON_EGG_CACHE=/tmp/petrel-bad-13-1463766017/egg_cache
[2016-05-20 18:40:43,308][storm][INFO]Tuple profiling enabled. Will log tuple processing times.
[2016-05-20 18:40:47,038][storm][INFO]Task received setupInfo from Storm: {u'pidDir': u'/home/pipe/storm-local/workers/16b50a3a-0259-4793-89ca-ce4cc8da570a/pids', u'conf': {u'oauth.acess_token': u' 702208758362087425-HZiyl1x7Bh98cQa1WLBDYylyu10Bpl7', u'topology.tuple.serializer': u'backtype.storm.serialization.types.ListDelegateSerializer', u'topology.workers': 1, u'drpc.worker.threads': 64, u'storm.messaging.netty.client_worker_threads': 1, u'supervisor.heartbeat.frequency.secs': 5, u'topology.executor.send.buffer.size': 1024, u'drpc.childopts': u'-Xmx768m', u'nimbus.thrift.port': 6627, u'storm.zookeeper.retry.intervalceiling.millis': 30000, u'storm.local.dir': u'storm-local', u'topology.receiver.buffer.size': 8, u'storm.zookeeper.servers': [u'localhost'], u'oauth.consumer_secret': u'ADf76fi3O1lKMzBxWnjqf93l3GHv28uar3bkblkvyBrAyoA23i', u'transactional.zookeeper.root': u'/transactional', u'drpc.request.timeout.secs': 600, u'topology.skip.missing.kryo.registrations': False, u'worker.heartbeat.frequency.secs': 1, u'zmq.hwm': 0, u'storm.zookeeper.connection.timeout': 15000, u'java.library.path': u'/usr/local/lib:/opt/local/lib:/usr/lib', u'topology.max.error.report.per.interval': 5, u'storm.messaging.netty.server_worker_threads': 1, u'storm.id': u'bad-13-1463766017', u'supervisor.worker.start.timeout.secs': 120, u'zmq.threads': 1, u'topology.acker.executors': None, u'storm.messaging.netty.flush.check.interval.ms': 10, u'storm.messaging.netty.transfer.batch.size': 262144, u'topology.max.task.parallelism': None, u'topology.environment': None, u'storm.zookeeper.port': 2181, u'nimbus.childopts': u'-Xmx1024m', u'topology.classpath': None, u'worker.childopts': u'-Xmx768m', u'drpc.queue.size': 128, u'topology.multilang.serializer': u'backtype.storm.multilang.JsonSerializer', u'storm.zookeeper.retry.times': 5, u'nimbus.monitor.freq.secs': 10, u'storm.cluster.mode': u'distributed', u'dev.zookeeper.path': u'/tmp/dev-storm-zookeeper', u'drpc.invocations.port': 3773, u'topology.tasks': None, u'storm.zookeeper.root': u'/storm', u'logviewer.childopts': u'-Xmx128m', u'storm.meta.serialization.delegate': u'backtype.storm.serialization.DefaultSerializationDelegate', u'transactional.zookeeper.port': None, u'topology.worker.receiver.thread.count': 1, u'topology.worker.childopts': None, u'topology.max.spout.pending': None, u'topology.kryo.register': None, u'petrel.host': u'pipe-X550CC', u'nimbus.cleanup.inbox.freq.secs': 600, u'storm.messaging.netty.min_wait_ms': 100, u'nimbus.task.timeout.secs': 30, u'nimbus.thrift.max_buffer_size': 1048576, u'topology.sleep.spout.wait.strategy.time.ms': 1, u'nimbus.reassign': True, u'storm.messaging.transport': u'backtype.storm.messaging.netty.Context', u'logviewer.appender.name': u'A1', u'nimbus.host': u'localhost', u'ui.port': 8080, u'supervisor.slots.ports': [6700, 6701, 6702, 6703], u'nimbus.file.copy.expiration.secs': 600, u'supervisor.monitor.frequency.secs': 3, u'ui.childopts': u'-Xmx768m', u'transactional.zookeeper.servers': None, u'zmq.linger.millis': 5000, u'topology.error.throttle.interval.secs': 10, u'topology.worker.shared.thread.pool.size': 4, u'topology.executor.receive.buffer.size': 1024, u'topology.spout.wait.strategy': u'backtype.storm.spout.SleepSpoutWaitStrategy', u'task.heartbeat.frequency.secs': 3, u'topology.transfer.buffer.size': 1024, u'storm.zookeeper.session.timeout': 20000, u'storm.local.mode.zmq': False, u'topology.stats.sample.rate': 0.05, u'topology.fall.back.on.java.serialization': True, u'supervisor.childopts': u'-Xmx256m', u'topology.enable.message.timeouts': True, u'storm.messaging.netty.max_wait_ms': 1000, u'nimbus.topology.validator': u'backtype.storm.nimbus.DefaultTopologyValidator', u'nimbus.supervisor.timeout.secs': 60, u'topology.disruptor.wait.strategy': u'com.lmax.disruptor.BlockingWaitStrategy', u'storm.messaging.netty.buffer_size': 5242880, u'drpc.port': 3772, u'topology.kryo.factory': u'backtype.storm.serialization.DefaultKryoFactory', u'storm.zookeeper.retry.interval': 1000, u'storm.messaging.netty.max_retries': 300, u'topology.tick.tuple.freq.secs': None, u'supervisor.enable': True, u'nimbus.task.launch.secs': 120, u'task.refresh.poll.secs': 10, u'topology.message.timeout.secs': 30, u'oauth.acess_token_secret': u'IiNOTfgE3tEZvW2HDQhRKPMoOLU43NXJCXk8maj51SdAT', u'petrel.user': u'root', u'nimbus.inbox.jar.expiration.secs': 3600, u'topology.state.synchronization.timeout.secs': 60, u'topology.name': u'bad', u'supervisor.worker.timeout.secs': 30, u'topology.trident.batch.emit.interval.millis': 500, u'topology.builtin.metrics.bucket.size.secs': 60, u'storm.thrift.transport': u'backtype.storm.security.auth.SimpleTransportPlugin', u'logviewer.port': 8000, u'oauth.consumer_key': u'eaFmBSxUveRJfmyZYeabti9Q9', u'topology.kryo.decorators': [], u'topology.debug': False}, u'context': {u'task->component': {u'1': u'CountThreeWords', u'3': u'CountWord', u'2': u'CountTwoWords', u'5': u'ThreeWordDivider', u'4': u'KafkaConsumer', u'7': u'WordDivider', u'6': u'TwoWordDivider', u'8': u'__acker'}, u'taskid': 3}}
[2016-05-20 18:40:47,039][storm][INFO]Task sent pid to Storm
[2016-05-20 18:40:50,589][storm][DEBUG]BasicBolt profile: total_num_tuples=1, num_tuples=1, avg_read_time=0.438735 (91.8%), avg_process_time=0.039096 (8.2%), avg_ack_time=0.000052 (0.0%)
[2016-05-20 18:40:51,951][storm][DEBUG]BasicBolt profile: total_num_tuples=20, num_tuples=19, avg_read_time=0.020813 (96.7%), avg_process_time=0.000650 (3.0%), avg_ack_time=0.000050 (0.2%)
[2016-05-20 18:42:47,357][storm][DEBUG]BasicBolt profile: total_num_tuples=35, num_tuples=15, avg_read_time=0.013130 (53.0%), avg_process_time=0.011577 (46.7%), avg_ack_time=0.000086 (0.3%)
[2016-05-20 18:48:17,354][storm][DEBUG]BasicBolt profile: total_num_tuples=51, num_tuples=16, avg_read_time=0.053023 (81.5%), avg_process_time=0.011941 (18.3%), avg_ack_time=0.000131 (0.2%)
[2016-05-20 18:55:43,953][storm][DEBUG]BasicBolt profile: total_num_tuples=170, num_tuples=119, avg_read_time=0.004147 (72.1%), avg_process_time=0.001573 (27.4%), avg_ack_time=0.000029 (0.5%)
[2016-05-20 18:55:55,350][storm][DEBUG]BasicBolt profile: total_num_tuples=218, num_tuples=48, avg_read_time=0.008921 (72.7%), avg_process_time=0.003174 (25.9%), avg_ack_time=0.000171 (1.4%)
[2016-05-20 18:55:56,457][storm][DEBUG]BasicBolt profile: total_num_tuples=242, num_tuples=24, avg_read_time=0.044974 (97.5%), avg_process_time=0.001009 (2.2%), avg_ack_time=0.000133 (0.3%)
[2016-05-20 18:55:57,752][storm][DEBUG]BasicBolt profile: total_num_tuples=250, num_tuples=8, avg_read_time=0.036732 (97.0%), avg_process_time=0.001094 (2.9%), avg_ack_time=0.000041 (0.1%)
[2016-05-20 18:55:58,798][storm][DEBUG]BasicBolt profile: total_num_tuples=279, num_tuples=29, avg_read_time=0.032113 (89.0%), avg_process_time=0.003912 (10.8%), avg_ack_time=0.000045 (0.1%)
[2016-05-20 18:56:01,048][storm][DEBUG]BasicBolt profile: total_num_tuples=289, num_tuples=10, avg_read_time=0.024946 (96.4%), avg_process_time=0.000903 (3.5%), avg_ack_time=0.000036 (0.1%)
[2016-05-20 19:44:30,882][storm][DEBUG]BasicBolt profile: total_num_tuples=306, num_tuples=17, avg_read_time=0.074427 (33.9%), avg_process_time=0.144987 (66.0%), avg_ack_time=0.000178 (0.1%)
[2016-05-20 19:46:35,395][storm][DEBUG]BasicBolt profile: total_num_tuples=394, num_tuples=88, avg_read_time=0.007283 (55.8%), avg_process_time=0.004324 (33.2%), avg_ack_time=0.001435 (11.0%)
[2016-05-20 19:46:36,445][storm][DEBUG]BasicBolt profile: total_num_tuples=527, num_tuples=133, avg_read_time=0.001549 (20.1%), avg_process_time=0.005933 (77.1%), avg_ack_time=0.000210 (2.7%)
[2016-05-20 19:47:12,518][storm][DEBUG]BasicBolt profile: total_num_tuples=570, num_tuples=43, avg_read_time=0.005667 (80.3%), avg_process_time=0.001343 (19.0%), avg_ack_time=0.000050 (0.7%)
[2016-05-20 19:47:13,840][storm][DEBUG]BasicBolt profile: total_num_tuples=697, num_tuples=127, avg_read_time=0.000420 (4.0%), avg_process_time=0.009254 (89.0%), avg_ack_time=0.000722 (6.9%)
[2016-05-20 19:49:06,969][storm][DEBUG]BasicBolt profile: total_num_tuples=878, num_tuples=181, avg_read_time=0.005030 (59.9%), avg_process_time=0.003283 (39.1%), avg_ack_time=0.000083 (1.0%)
[2016-05-20 19:49:07,971][storm][DEBUG]BasicBolt profile: total_num_tuples=1061, num_tuples=183, avg_read_time=0.000950 (17.4%), avg_process_time=0.004330 (79.2%), avg_ack_time=0.000185 (3.4%)
[2016-05-20 19:49:08,992][storm][DEBUG]BasicBolt profile: total_num_tuples=1188, num_tuples=127, avg_read_time=0.000116 (1.4%), avg_process_time=0.007769 (96.8%), avg_ack_time=0.000143 (1.8%)
[2016-05-20 19:49:10,004][storm][DEBUG]BasicBolt profile: total_num_tuples=1358, num_tuples=170, avg_read_time=0.000150 (2.5%), avg_process_time=0.005465 (92.0%), avg_ack_time=0.000327 (5.5%)
[2016-05-20 19:49:38,484][storm][DEBUG]BasicBolt profile: total_num_tuples=1538, num_tuples=180, avg_read_time=0.002522 (49.6%), avg_process_time=0.002510 (49.4%), avg_ack_time=0.000051 (1.0%)
[2016-05-20 19:58:20,294][storm][DEBUG]BasicBolt profile: total_num_tuples=1564, num_tuples=26, avg_read_time=0.036295 (84.8%), avg_process_time=0.006464 (15.1%), avg_ack_time=0.000059 (0.1%)
[2016-05-20 19:59:38,391][storm][DEBUG]BasicBolt profile: total_num_tuples=1565, num_tuples=1, avg_read_time=0.094400 (98.5%), avg_process_time=0.001330 (1.4%), avg_ack_time=0.000065 (0.1%)
[2016-05-20 20:04:05,624][storm][DEBUG]BasicBolt profile: total_num_tuples=1577, num_tuples=12, avg_read_time=0.029290 (29.6%), avg_process_time=0.069659 (70.4%), avg_ack_time=0.000028 (0.0%)
[2016-05-20 20:04:19,499][storm][DEBUG]BasicBolt profile: total_num_tuples=1724, num_tuples=147, avg_read_time=0.005009 (82.0%), avg_process_time=0.001069 (17.5%), avg_ack_time=0.000033 (0.5%)
[2016-05-20 20:04:20,745][storm][DEBUG]BasicBolt profile: total_num_tuples=1810, num_tuples=86, avg_read_time=0.012665 (87.5%), avg_process_time=0.001770 (12.2%), avg_ack_time=0.000044 (0.3%)
[2016-05-20 20:04:22,091][storm][DEBUG]BasicBolt profile: total_num_tuples=1891, num_tuples=81, avg_read_time=0.013527 (81.5%), avg_process_time=0.003031 (18.3%), avg_ack_time=0.000039 (0.2%)
[2016-05-20 20:04:23,132][storm][DEBUG]BasicBolt profile: total_num_tuples=2049, num_tuples=158, avg_read_time=0.002445 (37.4%), avg_process_time=0.004047 (61.8%), avg_ack_time=0.000053 (0.8%)
[2016-05-20 20:04:24,388][storm][DEBUG]BasicBolt profile: total_num_tuples=2129, num_tuples=80, avg_read_time=0.014029 (89.4%), avg_process_time=0.001625 (10.4%), avg_ack_time=0.000037 (0.2%)
[2016-05-20 20:04:25,411][storm][DEBUG]BasicBolt profile: total_num_tuples=2259, num_tuples=130, avg_read_time=0.002999 (38.2%), avg_process_time=0.004812 (61.3%), avg_ack_time=0.000041 (0.5%)
[2016-05-20 20:04:26,726][storm][DEBUG]BasicBolt profile: total_num_tuples=2357, num_tuples=98, avg_read_time=0.011140 (83.0%), avg_process_time=0.002205 (16.4%), avg_ack_time=0.000070 (0.5%)
[2016-05-20 20:04:27,783][storm][DEBUG]BasicBolt profile: total_num_tuples=2512, num_tuples=155, avg_read_time=0.003480 (51.1%), avg_process_time=0.003294 (48.4%), avg_ack_time=0.000037 (0.5%)
[2016-05-20 20:04:28,846][storm][DEBUG]BasicBolt profile: total_num_tuples=2647, num_tuples=135, avg_read_time=0.004905 (62.3%), avg_process_time=0.002936 (37.3%), avg_ack_time=0.000028 (0.4%)
[2016-05-20 20:04:29,893][storm][DEBUG]BasicBolt profile: total_num_tuples=2931, num_tuples=284, avg_read_time=0.001800 (48.8%), avg_process_time=0.001859 (50.5%), avg_ack_time=0.000026 (0.7%)
[2016-05-20 20:04:30,909][storm][DEBUG]BasicBolt profile: total_num_tuples=3140, num_tuples=209, avg_read_time=0.000135 (2.8%), avg_process_time=0.004655 (96.0%), avg_ack_time=0.000061 (1.2%)
[2016-05-20 20:04:32,128][storm][DEBUG]BasicBolt profile: total_num_tuples=3264, num_tuples=124, avg_read_time=0.000045 (0.5%), avg_process_time=0.009742 (99.1%), avg_ack_time=0.000040 (0.4%)
[2016-05-20 20:04:33,141][storm][DEBUG]BasicBolt profile: total_num_tuples=3457, num_tuples=193, avg_read_time=0.000133 (2.5%), avg_process_time=0.004808 (91.7%), avg_ack_time=0.000301 (5.7%)
[2016-05-20 20:04:34,209][storm][DEBUG]BasicBolt profile: total_num_tuples=3608, num_tuples=151, avg_read_time=0.000074 (1.1%), avg_process_time=0.006649 (94.2%), avg_ack_time=0.000337 (4.8%)
[2016-05-20 20:04:35,210][storm][DEBUG]BasicBolt profile: total_num_tuples=3666, num_tuples=58, avg_read_time=0.000057 (0.3%), avg_process_time=0.017138 (99.3%), avg_ack_time=0.000059 (0.3%)
[2016-05-20 20:04:36,416][storm][DEBUG]BasicBolt profile: total_num_tuples=3807, num_tuples=141, avg_read_time=0.000073 (0.8%), avg_process_time=0.008410 (98.5%), avg_ack_time=0.000057 (0.7%)
[2016-05-20 20:04:37,417][storm][DEBUG]BasicBolt profile: total_num_tuples=3926, num_tuples=119, avg_read_time=0.000077 (0.9%), avg_process_time=0.008285 (98.6%), avg_ack_time=0.000041 (0.5%)
[2016-05-20 20:04:38,417][storm][DEBUG]BasicBolt profile: total_num_tuples=4255, num_tuples=329, avg_read_time=0.000068 (2.2%), avg_process_time=0.002881 (95.0%), avg_ack_time=0.000085 (2.8%)
[2016-05-20 20:04:39,419][storm][DEBUG]BasicBolt profile: total_num_tuples=4440, num_tuples=185, avg_read_time=0.000061 (1.1%), avg_process_time=0.005122 (94.8%), avg_ack_time=0.000219 (4.1%)
[2016-05-20 20:04:40,552][storm][DEBUG]BasicBolt profile: total_num_tuples=4712, num_tuples=272, avg_read_time=0.000062 (1.5%), avg_process_time=0.003972 (95.5%), avg_ack_time=0.000124 (3.0%)
[2016-05-20 20:04:41,592][storm][DEBUG]BasicBolt profile: total_num_tuples=5148, num_tuples=436, avg_read_time=0.000043 (1.8%), avg_process_time=0.002302 (96.7%), avg_ack_time=0.000036 (1.5%)
[2016-05-20 20:04:42,643][storm][DEBUG]BasicBolt profile: total_num_tuples=5677, num_tuples=529, avg_read_time=0.000269 (13.6%), avg_process_time=0.001675 (84.5%), avg_ack_time=0.000038 (1.9%)
[2016-05-20 20:04:43,644][storm][DEBUG]BasicBolt profile: total_num_tuples=5856, num_tuples=179, avg_read_time=0.003867 (69.2%), avg_process_time=0.001663 (29.8%), avg_ack_time=0.000055 (1.0%)
[2016-05-20 20:04:44,691][storm][DEBUG]BasicBolt profile: total_num_tuples=6164, num_tuples=308, avg_read_time=0.000703 (20.7%), avg_process_time=0.002545 (75.0%), avg_ack_time=0.000143 (4.2%)
[2016-05-20 20:04:49,537][storm][DEBUG]BasicBolt profile: total_num_tuples=6275, num_tuples=111, avg_read_time=0.005502 (71.5%), avg_process_time=0.002150 (27.9%), avg_ack_time=0.000048 (0.6%)
[2016-05-20 20:04:50,539][storm][DEBUG]BasicBolt profile: total_num_tuples=6526, num_tuples=251, avg_read_time=0.000364 (9.1%), avg_process_time=0.003555 (89.1%), avg_ack_time=0.000070 (1.7%)
[2016-05-20 20:04:51,545][storm][DEBUG]BasicBolt profile: total_num_tuples=6843, num_tuples=317, avg_read_time=0.000069 (2.2%), avg_process_time=0.003015 (95.2%), avg_ack_time=0.000081 (2.6%)
[2016-05-20 20:04:52,549][storm][DEBUG]BasicBolt profile: total_num_tuples=7115, num_tuples=272, avg_read_time=0.000066 (1.8%), avg_process_time=0.003454 (93.7%), avg_ack_time=0.000167 (4.5%)
[2016-05-20 20:04:53,550][storm][DEBUG]BasicBolt profile: total_num_tuples=7400, num_tuples=285, avg_read_time=0.000081 (2.3%), avg_process_time=0.003305 (94.5%), avg_ack_time=0.000112 (3.2%)
[2016-05-20 20:04:54,553][storm][DEBUG]BasicBolt profile: total_num_tuples=7803, num_tuples=403, avg_read_time=0.000043 (1.7%), avg_process_time=0.002391 (96.4%), avg_ack_time=0.000046 (1.9%)
[2016-05-20 20:04:55,555][storm][DEBUG]BasicBolt profile: total_num_tuples=8200, num_tuples=397, avg_read_time=0.000913 (36.2%), avg_process_time=0.001575 (62.5%), avg_ack_time=0.000031 (1.2%)
[2016-05-20 20:04:56,712][storm][DEBUG]BasicBolt profile: total_num_tuples=8343, num_tuples=143, avg_read_time=0.005676 (70.2%), avg_process_time=0.002362 (29.2%), avg_ack_time=0.000042 (0.5%)
[2016-05-20 20:04:57,730][storm][DEBUG]BasicBolt profile: total_num_tuples=8510, num_tuples=167, avg_read_time=0.003761 (61.8%), avg_process_time=0.002281 (37.5%), avg_ack_time=0.000045 (0.7%)
[2016-05-20 20:04:58,782][storm][DEBUG]BasicBolt profile: total_num_tuples=8690, num_tuples=180, avg_read_time=0.003836 (65.7%), avg_process_time=0.001926 (33.0%), avg_ack_time=0.000076 (1.3%)
[2016-05-20 20:04:59,783][storm][DEBUG]BasicBolt profile: total_num_tuples=8888, num_tuples=198, avg_read_time=0.002853 (56.5%), avg_process_time=0.002157 (42.7%), avg_ack_time=0.000043 (0.9%)
[2016-05-20 20:05:00,803][storm][DEBUG]BasicBolt profile: total_num_tuples=9014, num_tuples=126, avg_read_time=0.006060 (74.9%), avg_process_time=0.001996 (24.7%), avg_ack_time=0.000034 (0.4%)
[2016-05-20 20:05:01,807][storm][DEBUG]BasicBolt profile: total_num_tuples=9277, num_tuples=263, avg_read_time=0.001478 (38.9%), avg_process_time=0.002270 (59.7%), avg_ack_time=0.000052 (1.4%)
[2016-05-20 20:05:02,851][storm][DEBUG]BasicBolt profile: total_num_tuples=9440, num_tuples=163, avg_read_time=0.004420 (69.1%), avg_process_time=0.001941 (30.3%), avg_ack_time=0.000039 (0.6%)
[2016-05-20 20:05:03,867][storm][DEBUG]BasicBolt profile: total_num_tuples=9616, num_tuples=176, avg_read_time=0.003569 (61.8%), avg_process_time=0.002166 (37.5%), avg_ack_time=0.000036 (0.6%)
[2016-05-20 20:05:04,936][storm][DEBUG]BasicBolt profile: total_num_tuples=9782, num_tuples=166, avg_read_time=0.003996 (62.1%), avg_process_time=0.002400 (37.3%), avg_ack_time=0.000037 (0.6%)
[2016-05-20 20:05:05,950][storm][DEBUG]BasicBolt profile: total_num_tuples=9916, num_tuples=134, avg_read_time=0.005551 (73.4%), avg_process_time=0.001972 (26.1%), avg_ack_time=0.000036 (0.5%)
[2016-05-20 20:05:06,952][storm][DEBUG]BasicBolt profile: total_num_tuples=10085, num_tuples=169, avg_read_time=0.003406 (57.5%), avg_process_time=0.002470 (41.7%), avg_ack_time=0.000046 (0.8%)
[2016-05-20 20:06:40,659][storm][DEBUG]BasicBolt profile: total_num_tuples=10267, num_tuples=182, avg_read_time=0.005273 (56.1%), avg_process_time=0.004084 (43.4%), avg_ack_time=0.000047 (0.5%)
[2016-05-20 20:07:01,326][storm][DEBUG]BasicBolt profile: total_num_tuples=10349, num_tuples=82, avg_read_time=0.009250 (86.5%), avg_process_time=0.001323 (12.4%), avg_ack_time=0.000117 (1.1%)
[2016-05-20 20:07:02,348][storm][DEBUG]BasicBolt profile: total_num_tuples=10420, num_tuples=71, avg_read_time=0.012329 (85.7%), avg_process_time=0.001847 (12.8%), avg_ack_time=0.000208 (1.4%)
[2016-05-20 20:08:25,105][storm][DEBUG]BasicBolt profile: total_num_tuples=10421, num_tuples=1, avg_read_time=0.732190 (98.7%), avg_process_time=0.009694 (1.3%), avg_ack_time=0.000046 (0.0%)
[2016-05-20 20:08:35,968][storm][DEBUG]BasicBolt profile: total_num_tuples=10528, num_tuples=107, avg_read_time=0.007933 (84.2%), avg_process_time=0.001292 (13.7%), avg_ack_time=0.000194 (2.1%)
[2016-05-20 20:09:36,408][storm][DEBUG]BasicBolt profile: total_num_tuples=10595, num_tuples=67, avg_read_time=0.020322 (94.6%), avg_process_time=0.001064 (5.0%), avg_ack_time=0.000105 (0.5%)
[2016-05-20 20:09:48,179][storm][DEBUG]BasicBolt profile: total_num_tuples=10702, num_tuples=107, avg_read_time=0.006671 (82.5%), avg_process_time=0.001363 (16.9%), avg_ack_time=0.000053 (0.7%)
