[2016-09-08 23:41:31,019][storm][INFO]Tuple profiling enabled. Will log tuple processing times.
[2016-09-08 23:41:32,383][storm][INFO]Task received setupInfo from Storm: {u'pidDir': u'/root/var/stormtmp/workers/28e1681a-b6ab-4104-ad59-d11303cbbeef/pids', u'conf': {u'oauth.acess_token': u' 702208758362087425-HZiyl1x7Bh98cQa1WLBDYylyu10Bpl7', u'topology.tuple.serializer': u'backtype.storm.serialization.types.ListDelegateSerializer', u'topology.workers': 1, u'drpc.worker.threads': 64, u'storm.messaging.netty.client_worker_threads': 1, u'supervisor.heartbeat.frequency.secs': 5, u'topology.executor.send.buffer.size': 1024, u'drpc.childopts': u'-Xmx768m', u'nimbus.thrift.port': 6627, u'storm.zookeeper.retry.intervalceiling.millis': 30000, u'storm.local.dir': u'var/stormtmp', u'topology.receiver.buffer.size': 8, u'storm.zookeeper.servers': [u'localhost'], u'oauth.consumer_secret': u'ADf76fi3O1lKMzBxWnjqf93l3GHv28uar3bkblkvyBrAyoA23i', u'transactional.zookeeper.root': u'/transactional', u'drpc.request.timeout.secs': 600, u'topology.skip.missing.kryo.registrations': False, u'worker.heartbeat.frequency.secs': 1, u'zmq.hwm': 0, u'storm.zookeeper.connection.timeout': 15000, u'java.library.path': u'/usr/local/lib', u'topology.max.error.report.per.interval': 5, u'storm.messaging.netty.server_worker_threads': 1, u'storm.id': u'bad-13-1473374442', u'supervisor.worker.start.timeout.secs': 120, u'zmq.threads': 1, u'topology.acker.executors': None, u'storm.messaging.netty.flush.check.interval.ms': 10, u'storm.messaging.netty.transfer.batch.size': 262144, u'topology.max.task.parallelism': None, u'topology.environment': None, u'storm.zookeeper.port': 2181, u'nimbus.childopts': u'-Xmx128m', u'topology.classpath': None, u'worker.childopts': u'-Xmx768m', u'drpc.queue.size': 128, u'topology.multilang.serializer': u'backtype.storm.multilang.JsonSerializer', u'storm.zookeeper.retry.times': 5, u'nimbus.monitor.freq.secs': 10, u'storm.cluster.mode': u'distributed', u'dev.zookeeper.path': u'/tmp/dev-storm-zookeeper', u'drpc.invocations.port': 3773, u'topology.tasks': None, u'storm.zookeeper.root': u'/storm', u'logviewer.childopts': u'-Xmx128m', u'storm.meta.serialization.delegate': u'backtype.storm.serialization.DefaultSerializationDelegate', u'transactional.zookeeper.port': None, u'topology.worker.receiver.thread.count': 1, u'topology.worker.childopts': None, u'topology.max.spout.pending': None, u'topology.kryo.register': None, u'petrel.host': u'server1.pipe.com', u'nimbus.cleanup.inbox.freq.secs': 600, u'storm.messaging.netty.min_wait_ms': 100, u'nimbus.task.timeout.secs': 30, u'nimbus.thrift.max_buffer_size': 1048576, u'topology.sleep.spout.wait.strategy.time.ms': 1, u'nimbus.reassign': True, u'storm.messaging.transport': u'backtype.storm.messaging.netty.Context', u'logviewer.appender.name': u'A1', u'nimbus.host': u'localhost', u'ui.port': 8080, u'supervisor.slots.ports': [6700, 6701, 6702, 6703], u'nimbus.file.copy.expiration.secs': 600, u'supervisor.monitor.frequency.secs': 3, u'ui.childopts': u'-Xmx768m', u'transactional.zookeeper.servers': None, u'zmq.linger.millis': 5000, u'topology.error.throttle.interval.secs': 10, u'topology.worker.shared.thread.pool.size': 4, u'topology.executor.receive.buffer.size': 1024, u'topology.spout.wait.strategy': u'backtype.storm.spout.SleepSpoutWaitStrategy', u'task.heartbeat.frequency.secs': 3, u'topology.transfer.buffer.size': 1024, u'storm.zookeeper.session.timeout': 20000, u'mb per worker.worker.childopts': u'-Xmx256m', u'storm.local.mode.zmq': False, u'topology.stats.sample.rate': 0.05, u'topology.fall.back.on.java.serialization': True, u'supervisor.childopts': u'-Xmx256m', u'topology.enable.message.timeouts': True, u'storm.messaging.netty.max_wait_ms': 1000, u'nimbus.topology.validator': u'backtype.storm.nimbus.DefaultTopologyValidator', u'nimbus.supervisor.timeout.secs': 60, u'topology.disruptor.wait.strategy': u'com.lmax.disruptor.BlockingWaitStrategy', u'storm.messaging.netty.buffer_size': 5242880, u'drpc.port': 3772, u'topology.kryo.factory': u'backtype.storm.serialization.DefaultKryoFactory', u'storm.zookeeper.retry.interval': 1000, u'storm.messaging.netty.max_retries': 300, u'topology.tick.tuple.freq.secs': None, u'supervisor.enable': True, u'nimbus.task.launch.secs': 120, u'task.refresh.poll.secs': 10, u'topology.message.timeout.secs': 30, u'oauth.acess_token_secret': u'IiNOTfgE3tEZvW2HDQhRKPMoOLU43NXJCXk8maj51SdAT', u'petrel.user': u'root', u'nimbus.inbox.jar.expiration.secs': 3600, u'topology.state.synchronization.timeout.secs': 60, u'topology.name': u'bad', u'supervisor.worker.timeout.secs': 30, u'topology.trident.batch.emit.interval.millis': 500, u'topology.builtin.metrics.bucket.size.secs': 60, u'storm.thrift.transport': u'backtype.storm.security.auth.SimpleTransportPlugin', u'logviewer.port': 8000, u'oauth.consumer_key': u'eaFmBSxUveRJfmyZYeabti9Q9', u'topology.kryo.decorators': [], u'topology.debug': False}, u'context': {u'task->component': {u'11': u'__acker', u'10': u'WordDivider', u'1': u'CountThreeWords', u'3': u'CountTwoWords', u'2': u'CountThreeWords', u'5': u'CountWord', u'4': u'CountTwoWords', u'7': u'KafkaConsumer', u'6': u'CountWord', u'9': u'TwoWordDivider', u'8': u'ThreeWordDivider'}, u'taskid': 1}}
[2016-09-08 23:41:32,384][storm][INFO]Task sent pid to Storm
[2016-09-08 23:41:34,482][storm][DEBUG]BasicBolt profile: total_num_tuples=1, num_tuples=1, avg_read_time=0.034002 (93.2%), avg_process_time=0.002447 (6.7%), avg_ack_time=0.000033 (0.1%)
[2016-09-08 23:42:02,451][storm][DEBUG]BasicBolt profile: total_num_tuples=20, num_tuples=19, avg_read_time=0.048611 (94.9%), avg_process_time=0.002477 (4.8%), avg_ack_time=0.000133 (0.3%)
[2016-09-08 23:43:13,355][storm][DEBUG]BasicBolt profile: total_num_tuples=23, num_tuples=3, avg_read_time=0.296416 (99.4%), avg_process_time=0.001386 (0.5%), avg_ack_time=0.000325 (0.1%)
[2016-09-08 23:43:44,091][storm][DEBUG]BasicBolt profile: total_num_tuples=36, num_tuples=13, avg_read_time=0.054403 (92.1%), avg_process_time=0.004597 (7.8%), avg_ack_time=0.000091 (0.2%)
[2016-09-08 23:46:05,690][storm][DEBUG]BasicBolt profile: total_num_tuples=45, num_tuples=9, avg_read_time=0.169568 (97.3%), avg_process_time=0.004315 (2.5%), avg_ack_time=0.000302 (0.2%)
[2016-09-08 23:46:35,840][storm][DEBUG]BasicBolt profile: total_num_tuples=60, num_tuples=15, avg_read_time=0.004727 (45.1%), avg_process_time=0.004797 (45.7%), avg_ack_time=0.000968 (9.2%)
[2016-09-08 23:49:05,739][storm][DEBUG]BasicBolt profile: total_num_tuples=85, num_tuples=25, avg_read_time=0.031872 (90.1%), avg_process_time=0.003127 (8.8%), avg_ack_time=0.000371 (1.0%)
[2016-09-08 23:49:52,644][storm][DEBUG]BasicBolt profile: total_num_tuples=110, num_tuples=25, avg_read_time=0.033777 (93.1%), avg_process_time=0.002133 (5.9%), avg_ack_time=0.000388 (1.1%)
[2016-09-08 23:50:41,992][storm][DEBUG]BasicBolt profile: total_num_tuples=124, num_tuples=14, avg_read_time=0.022185 (90.1%), avg_process_time=0.002052 (8.3%), avg_ack_time=0.000383 (1.6%)
[2016-09-08 23:55:48,849][storm][DEBUG]BasicBolt profile: total_num_tuples=127, num_tuples=3, avg_read_time=0.242599 (91.5%), avg_process_time=0.021635 (8.2%), avg_ack_time=0.000802 (0.3%)
[2016-09-08 23:57:17,008][storm][DEBUG]BasicBolt profile: total_num_tuples=138, num_tuples=11, avg_read_time=0.015112 (82.5%), avg_process_time=0.002463 (13.5%), avg_ack_time=0.000732 (4.0%)
[2016-09-08 23:57:18,609][storm][DEBUG]BasicBolt profile: total_num_tuples=142, num_tuples=4, avg_read_time=0.398609 (99.6%), avg_process_time=0.001494 (0.4%), avg_ack_time=0.000028 (0.0%)
[2016-09-08 23:57:24,374][storm][INFO]Caught exception
[2016-09-08 23:57:24,377][storm][ERROR]Sent failure message ("E_BOLTFAILED__threewordcount__server1_pipe_com__pid__29728__port__-1__taskindex__-1__StormIPCException") to Storm
[2016-09-08 23:57:29,381][storm][ERROR]Caught exception in BasicBolt.run
Traceback (most recent call last):
  File "/usr/local/lib/python2.7/dist-packages/petrel-0.9.4.0.3-py2.7.egg/petrel/storm.py", line 377, in run
    tup = readTuple()
  File "/usr/local/lib/python2.7/dist-packages/petrel-0.9.4.0.3-py2.7.egg/petrel/storm.py", line 81, in readTuple
    cmd = readCommand()
  File "/usr/local/lib/python2.7/dist-packages/petrel-0.9.4.0.3-py2.7.egg/petrel/storm.py", line 74, in readCommand
    msg = readMsg()
  File "/usr/local/lib/python2.7/dist-packages/petrel-0.9.4.0.3-py2.7.egg/petrel/storm.py", line 45, in readMsg
    raise StormIPCException('Read EOF from stdin')
StormIPCException: Read EOF from stdin
[2016-09-08 23:57:29,389][storm][ERROR]The error occurred while processing this tuple: []
Worker threewordcount exiting normally.
