[2016-09-08 23:41:31,044][storm][INFO]Tuple profiling enabled. Will log tuple processing times.
[2016-09-08 23:41:32,497][storm][INFO]Task received setupInfo from Storm: {u'pidDir': u'/root/var/stormtmp/workers/28e1681a-b6ab-4104-ad59-d11303cbbeef/pids', u'conf': {u'oauth.acess_token': u' 702208758362087425-HZiyl1x7Bh98cQa1WLBDYylyu10Bpl7', u'topology.tuple.serializer': u'backtype.storm.serialization.types.ListDelegateSerializer', u'topology.workers': 1, u'drpc.worker.threads': 64, u'storm.messaging.netty.client_worker_threads': 1, u'supervisor.heartbeat.frequency.secs': 5, u'topology.executor.send.buffer.size': 1024, u'drpc.childopts': u'-Xmx768m', u'nimbus.thrift.port': 6627, u'storm.zookeeper.retry.intervalceiling.millis': 30000, u'storm.local.dir': u'var/stormtmp', u'topology.receiver.buffer.size': 8, u'storm.zookeeper.servers': [u'localhost'], u'oauth.consumer_secret': u'ADf76fi3O1lKMzBxWnjqf93l3GHv28uar3bkblkvyBrAyoA23i', u'transactional.zookeeper.root': u'/transactional', u'drpc.request.timeout.secs': 600, u'topology.skip.missing.kryo.registrations': False, u'worker.heartbeat.frequency.secs': 1, u'zmq.hwm': 0, u'storm.zookeeper.connection.timeout': 15000, u'java.library.path': u'/usr/local/lib', u'topology.max.error.report.per.interval': 5, u'storm.messaging.netty.server_worker_threads': 1, u'storm.id': u'bad-13-1473374442', u'supervisor.worker.start.timeout.secs': 120, u'zmq.threads': 1, u'topology.acker.executors': None, u'storm.messaging.netty.flush.check.interval.ms': 10, u'storm.messaging.netty.transfer.batch.size': 262144, u'topology.max.task.parallelism': None, u'topology.environment': None, u'storm.zookeeper.port': 2181, u'nimbus.childopts': u'-Xmx128m', u'topology.classpath': None, u'worker.childopts': u'-Xmx768m', u'drpc.queue.size': 128, u'topology.multilang.serializer': u'backtype.storm.multilang.JsonSerializer', u'storm.zookeeper.retry.times': 5, u'nimbus.monitor.freq.secs': 10, u'storm.cluster.mode': u'distributed', u'dev.zookeeper.path': u'/tmp/dev-storm-zookeeper', u'drpc.invocations.port': 3773, u'topology.tasks': None, u'storm.zookeeper.root': u'/storm', u'logviewer.childopts': u'-Xmx128m', u'storm.meta.serialization.delegate': u'backtype.storm.serialization.DefaultSerializationDelegate', u'transactional.zookeeper.port': None, u'topology.worker.receiver.thread.count': 1, u'topology.worker.childopts': None, u'topology.max.spout.pending': None, u'topology.kryo.register': None, u'petrel.host': u'server1.pipe.com', u'nimbus.cleanup.inbox.freq.secs': 600, u'storm.messaging.netty.min_wait_ms': 100, u'nimbus.task.timeout.secs': 30, u'nimbus.thrift.max_buffer_size': 1048576, u'topology.sleep.spout.wait.strategy.time.ms': 1, u'nimbus.reassign': True, u'storm.messaging.transport': u'backtype.storm.messaging.netty.Context', u'logviewer.appender.name': u'A1', u'nimbus.host': u'localhost', u'ui.port': 8080, u'supervisor.slots.ports': [6700, 6701, 6702, 6703], u'nimbus.file.copy.expiration.secs': 600, u'supervisor.monitor.frequency.secs': 3, u'ui.childopts': u'-Xmx768m', u'transactional.zookeeper.servers': None, u'zmq.linger.millis': 5000, u'topology.error.throttle.interval.secs': 10, u'topology.worker.shared.thread.pool.size': 4, u'topology.executor.receive.buffer.size': 1024, u'topology.spout.wait.strategy': u'backtype.storm.spout.SleepSpoutWaitStrategy', u'task.heartbeat.frequency.secs': 3, u'topology.transfer.buffer.size': 1024, u'storm.zookeeper.session.timeout': 20000, u'mb per worker.worker.childopts': u'-Xmx256m', u'storm.local.mode.zmq': False, u'topology.stats.sample.rate': 0.05, u'topology.fall.back.on.java.serialization': True, u'supervisor.childopts': u'-Xmx256m', u'topology.enable.message.timeouts': True, u'storm.messaging.netty.max_wait_ms': 1000, u'nimbus.topology.validator': u'backtype.storm.nimbus.DefaultTopologyValidator', u'nimbus.supervisor.timeout.secs': 60, u'topology.disruptor.wait.strategy': u'com.lmax.disruptor.BlockingWaitStrategy', u'storm.messaging.netty.buffer_size': 5242880, u'drpc.port': 3772, u'topology.kryo.factory': u'backtype.storm.serialization.DefaultKryoFactory', u'storm.zookeeper.retry.interval': 1000, u'storm.messaging.netty.max_retries': 300, u'topology.tick.tuple.freq.secs': None, u'supervisor.enable': True, u'nimbus.task.launch.secs': 120, u'task.refresh.poll.secs': 10, u'topology.message.timeout.secs': 30, u'oauth.acess_token_secret': u'IiNOTfgE3tEZvW2HDQhRKPMoOLU43NXJCXk8maj51SdAT', u'petrel.user': u'root', u'nimbus.inbox.jar.expiration.secs': 3600, u'topology.state.synchronization.timeout.secs': 60, u'topology.name': u'bad', u'supervisor.worker.timeout.secs': 30, u'topology.trident.batch.emit.interval.millis': 500, u'topology.builtin.metrics.bucket.size.secs': 60, u'storm.thrift.transport': u'backtype.storm.security.auth.SimpleTransportPlugin', u'logviewer.port': 8000, u'oauth.consumer_key': u'eaFmBSxUveRJfmyZYeabti9Q9', u'topology.kryo.decorators': [], u'topology.debug': False}, u'context': {u'task->component': {u'11': u'__acker', u'10': u'WordDivider', u'1': u'CountThreeWords', u'3': u'CountTwoWords', u'2': u'CountThreeWords', u'5': u'CountWord', u'4': u'CountTwoWords', u'7': u'KafkaConsumer', u'6': u'CountWord', u'9': u'TwoWordDivider', u'8': u'ThreeWordDivider'}, u'taskid': 9}}
[2016-09-08 23:41:32,499][storm][INFO]Task sent pid to Storm
[2016-09-08 23:41:34,477][storm][DEBUG]BasicBolt profile: total_num_tuples=1, num_tuples=1, avg_read_time=0.863868 (88.5%), avg_process_time=0.110062 (11.3%), avg_ack_time=0.001874 (0.2%)
[2016-09-08 23:42:02,439][storm][DEBUG]BasicBolt profile: total_num_tuples=11, num_tuples=10, avg_read_time=0.002898 (33.7%), avg_process_time=0.005683 (66.0%), avg_ack_time=0.000029 (0.3%)
[2016-09-08 23:43:13,341][storm][DEBUG]BasicBolt profile: total_num_tuples=13, num_tuples=2, avg_read_time=0.443062 (99.5%), avg_process_time=0.002064 (0.5%), avg_ack_time=0.000010 (0.0%)
[2016-09-08 23:43:44,091][storm][DEBUG]BasicBolt profile: total_num_tuples=21, num_tuples=8, avg_read_time=0.089071 (95.6%), avg_process_time=0.003966 (4.3%), avg_ack_time=0.000155 (0.2%)
[2016-09-08 23:46:05,675][storm][DEBUG]BasicBolt profile: total_num_tuples=27, num_tuples=6, avg_read_time=0.247422 (95.7%), avg_process_time=0.010776 (4.2%), avg_ack_time=0.000207 (0.1%)
[2016-09-08 23:46:35,842][storm][DEBUG]BasicBolt profile: total_num_tuples=35, num_tuples=8, avg_read_time=0.025379 (70.9%), avg_process_time=0.010366 (29.0%), avg_ack_time=0.000052 (0.1%)
[2016-09-08 23:49:05,723][storm][DEBUG]BasicBolt profile: total_num_tuples=48, num_tuples=13, avg_read_time=0.064727 (98.0%), avg_process_time=0.001339 (2.0%), avg_ack_time=0.000010 (0.0%)
[2016-09-08 23:49:52,633][storm][DEBUG]BasicBolt profile: total_num_tuples=61, num_tuples=13, avg_read_time=0.068530 (99.5%), avg_process_time=0.000330 (0.5%), avg_ack_time=0.000010 (0.0%)
[2016-09-08 23:50:41,855][storm][DEBUG]BasicBolt profile: total_num_tuples=68, num_tuples=7, avg_read_time=0.028778 (97.4%), avg_process_time=0.000761 (2.6%), avg_ack_time=0.000010 (0.0%)
[2016-09-08 23:55:48,812][storm][DEBUG]BasicBolt profile: total_num_tuples=71, num_tuples=3, avg_read_time=0.285478 (95.3%), avg_process_time=0.013561 (4.5%), avg_ack_time=0.000600 (0.2%)
[2016-09-08 23:57:17,011][storm][DEBUG]BasicBolt profile: total_num_tuples=75, num_tuples=4, avg_read_time=0.054994 (84.0%), avg_process_time=0.009823 (15.0%), avg_ack_time=0.000618 (0.9%)
[2016-09-08 23:57:18,518][storm][DEBUG]BasicBolt profile: total_num_tuples=80, num_tuples=5, avg_read_time=0.291037 (97.9%), avg_process_time=0.006128 (2.1%), avg_ack_time=0.000029 (0.0%)
[2016-09-08 23:57:18,671][storm][INFO]Caught exception
[2016-09-08 23:57:18,684][storm][ERROR]Sent failure message ("E_BOLTFAILED__twoworddivider__server1_pipe_com__pid__29790__port__-1__taskindex__-1__UnicodeDecodeError") to Storm
[2016-09-08 23:57:23,693][storm][ERROR]Caught exception in BasicBolt.run
Traceback (most recent call last):
  File "/usr/local/lib/python2.7/dist-packages/petrel-0.9.4.0.3-py2.7.egg/petrel/storm.py", line 383, in run
    self.process(tup)
  File "/root/var/stormtmp/supervisor/stormdist/bad-13-1473374442/resources/twoworddivider.py", line 29, in process
    words = self.get_words(tup.values[0].encode('utf-8','ignore'))
  File "/root/var/stormtmp/supervisor/stormdist/bad-13-1473374442/resources/twoworddivider.py", line 56, in get_words
    for w in nltk.word_tokenize(sentence):
  File "/tmp/petrel-bad-13-1473374442/venv/local/lib/python2.7/site-packages/nltk/tokenize/__init__.py", line 93, in word_tokenize
    return [token for sent in sent_tokenize(text)
  File "/tmp/petrel-bad-13-1473374442/venv/local/lib/python2.7/site-packages/nltk/tokenize/__init__.py", line 82, in sent_tokenize
    return tokenizer.tokenize(text)
  File "/tmp/petrel-bad-13-1473374442/venv/local/lib/python2.7/site-packages/nltk/tokenize/punkt.py", line 1270, in tokenize
    return list(self.sentences_from_text(text, realign_boundaries))
  File "/tmp/petrel-bad-13-1473374442/venv/local/lib/python2.7/site-packages/nltk/tokenize/punkt.py", line 1318, in sentences_from_text
    return [text[s:e] for s, e in self.span_tokenize(text, realign_boundaries)]
  File "/tmp/petrel-bad-13-1473374442/venv/local/lib/python2.7/site-packages/nltk/tokenize/punkt.py", line 1309, in span_tokenize
    return [(sl.start, sl.stop) for sl in slices]
  File "/tmp/petrel-bad-13-1473374442/venv/local/lib/python2.7/site-packages/nltk/tokenize/punkt.py", line 1348, in _realign_boundaries
    for sl1, sl2 in _pair_iter(slices):
  File "/tmp/petrel-bad-13-1473374442/venv/local/lib/python2.7/site-packages/nltk/tokenize/punkt.py", line 354, in _pair_iter
    prev = next(it)
  File "/tmp/petrel-bad-13-1473374442/venv/local/lib/python2.7/site-packages/nltk/tokenize/punkt.py", line 1324, in _slices_from_text
    if self.text_contains_sentbreak(context):
  File "/tmp/petrel-bad-13-1473374442/venv/local/lib/python2.7/site-packages/nltk/tokenize/punkt.py", line 1369, in text_contains_sentbreak
    for t in self._annotate_tokens(self._tokenize_words(text)):
  File "/tmp/petrel-bad-13-1473374442/venv/local/lib/python2.7/site-packages/nltk/tokenize/punkt.py", line 1504, in _annotate_second_pass
    for t1, t2 in _pair_iter(tokens):
  File "/tmp/petrel-bad-13-1473374442/venv/local/lib/python2.7/site-packages/nltk/tokenize/punkt.py", line 354, in _pair_iter
    prev = next(it)
  File "/tmp/petrel-bad-13-1473374442/venv/local/lib/python2.7/site-packages/nltk/tokenize/punkt.py", line 621, in _annotate_first_pass
    for aug_tok in tokens:
  File "/tmp/petrel-bad-13-1473374442/venv/local/lib/python2.7/site-packages/nltk/tokenize/punkt.py", line 586, in _tokenize_words
    for line in plaintext.split('\n'):
UnicodeDecodeError: 'ascii' codec can't decode byte 0xe2 in position 10: ordinal not in range(128)
[2016-09-08 23:57:23,718][storm][ERROR]The error occurred while processing this tuple: [u"RT @NateSilver538: So, the NYT writeup on the vets' forum tonight was very long but literally didn't mention Trump's comments on Putin. htt\u2026", u'1']
Worker twoworddivider exiting normally.
