Beginning task setup

/usr/bin/flock
Using existing venv: /tmp/petrel-bad-13-1463766017/venv
Task setup took 8 seconds
Launching: python -m petrel.run twowordcount /home/pipe/twitterintel/twitterintel/topology/TopologyTweetTransformationBAD/petrel23791_twowordcount.log
/usr/local/lib/python2.7/dist-packages/petrel-0.9.4.0.3-py2.7.egg/petrel/run.py invoked with the following arguments: ['twowordcount', '/home/pipe/twitterintel/twitterintel/topology/TopologyTweetTransformationBAD/petrel23791_twowordcount.log']
python version: 2.7.11
user=root
PATH=/tmp/petrel-bad-13-1463766017/venv/bin:/root/SimpleScalar/simplesim-3.0:/root/SimpleScalar/bin:/root/SimpleScalar/gcc-2.6.3:/root/SimpleScalar/bin:/usr/local/sbin:/usr/local/bin:/usr/sbin:/usr/bin:/sbin:/bin:/usr/games:/usr/local/games:/home/pipe/Downloads/zookeeper-3.4.8/bin:/home/pipe/Downloads/apache-storm-0.9.4/bin
LD_LIBRARY_PATH=storm-local/supervisor/stormdist/bad-13-1463766017/resources/Linux-amd64:storm-local/supervisor/stormdist/bad-13-1463766017/resources:/usr/local/lib:/opt/local/lib:/usr/lib
PYTHON_EGG_CACHE=/tmp/petrel-bad-13-1463766017/egg_cache
[2016-05-20 18:40:43,463][storm][INFO]Tuple profiling enabled. Will log tuple processing times.
[2016-05-20 18:40:47,037][storm][INFO]Task received setupInfo from Storm: {u'pidDir': u'/home/pipe/storm-local/workers/16b50a3a-0259-4793-89ca-ce4cc8da570a/pids', u'conf': {u'oauth.acess_token': u' 702208758362087425-HZiyl1x7Bh98cQa1WLBDYylyu10Bpl7', u'topology.tuple.serializer': u'backtype.storm.serialization.types.ListDelegateSerializer', u'topology.workers': 1, u'drpc.worker.threads': 64, u'storm.messaging.netty.client_worker_threads': 1, u'supervisor.heartbeat.frequency.secs': 5, u'topology.executor.send.buffer.size': 1024, u'drpc.childopts': u'-Xmx768m', u'nimbus.thrift.port': 6627, u'storm.zookeeper.retry.intervalceiling.millis': 30000, u'storm.local.dir': u'storm-local', u'topology.receiver.buffer.size': 8, u'storm.zookeeper.servers': [u'localhost'], u'oauth.consumer_secret': u'ADf76fi3O1lKMzBxWnjqf93l3GHv28uar3bkblkvyBrAyoA23i', u'transactional.zookeeper.root': u'/transactional', u'drpc.request.timeout.secs': 600, u'topology.skip.missing.kryo.registrations': False, u'worker.heartbeat.frequency.secs': 1, u'zmq.hwm': 0, u'storm.zookeeper.connection.timeout': 15000, u'java.library.path': u'/usr/local/lib:/opt/local/lib:/usr/lib', u'topology.max.error.report.per.interval': 5, u'storm.messaging.netty.server_worker_threads': 1, u'storm.id': u'bad-13-1463766017', u'supervisor.worker.start.timeout.secs': 120, u'zmq.threads': 1, u'topology.acker.executors': None, u'storm.messaging.netty.flush.check.interval.ms': 10, u'storm.messaging.netty.transfer.batch.size': 262144, u'topology.max.task.parallelism': None, u'topology.environment': None, u'storm.zookeeper.port': 2181, u'nimbus.childopts': u'-Xmx1024m', u'topology.classpath': None, u'worker.childopts': u'-Xmx768m', u'drpc.queue.size': 128, u'topology.multilang.serializer': u'backtype.storm.multilang.JsonSerializer', u'storm.zookeeper.retry.times': 5, u'nimbus.monitor.freq.secs': 10, u'storm.cluster.mode': u'distributed', u'dev.zookeeper.path': u'/tmp/dev-storm-zookeeper', u'drpc.invocations.port': 3773, u'topology.tasks': None, u'storm.zookeeper.root': u'/storm', u'logviewer.childopts': u'-Xmx128m', u'storm.meta.serialization.delegate': u'backtype.storm.serialization.DefaultSerializationDelegate', u'transactional.zookeeper.port': None, u'topology.worker.receiver.thread.count': 1, u'topology.worker.childopts': None, u'topology.max.spout.pending': None, u'topology.kryo.register': None, u'petrel.host': u'pipe-X550CC', u'nimbus.cleanup.inbox.freq.secs': 600, u'storm.messaging.netty.min_wait_ms': 100, u'nimbus.task.timeout.secs': 30, u'nimbus.thrift.max_buffer_size': 1048576, u'topology.sleep.spout.wait.strategy.time.ms': 1, u'nimbus.reassign': True, u'storm.messaging.transport': u'backtype.storm.messaging.netty.Context', u'logviewer.appender.name': u'A1', u'nimbus.host': u'localhost', u'ui.port': 8080, u'supervisor.slots.ports': [6700, 6701, 6702, 6703], u'nimbus.file.copy.expiration.secs': 600, u'supervisor.monitor.frequency.secs': 3, u'ui.childopts': u'-Xmx768m', u'transactional.zookeeper.servers': None, u'zmq.linger.millis': 5000, u'topology.error.throttle.interval.secs': 10, u'topology.worker.shared.thread.pool.size': 4, u'topology.executor.receive.buffer.size': 1024, u'topology.spout.wait.strategy': u'backtype.storm.spout.SleepSpoutWaitStrategy', u'task.heartbeat.frequency.secs': 3, u'topology.transfer.buffer.size': 1024, u'storm.zookeeper.session.timeout': 20000, u'storm.local.mode.zmq': False, u'topology.stats.sample.rate': 0.05, u'topology.fall.back.on.java.serialization': True, u'supervisor.childopts': u'-Xmx256m', u'topology.enable.message.timeouts': True, u'storm.messaging.netty.max_wait_ms': 1000, u'nimbus.topology.validator': u'backtype.storm.nimbus.DefaultTopologyValidator', u'nimbus.supervisor.timeout.secs': 60, u'topology.disruptor.wait.strategy': u'com.lmax.disruptor.BlockingWaitStrategy', u'storm.messaging.netty.buffer_size': 5242880, u'drpc.port': 3772, u'topology.kryo.factory': u'backtype.storm.serialization.DefaultKryoFactory', u'storm.zookeeper.retry.interval': 1000, u'storm.messaging.netty.max_retries': 300, u'topology.tick.tuple.freq.secs': None, u'supervisor.enable': True, u'nimbus.task.launch.secs': 120, u'task.refresh.poll.secs': 10, u'topology.message.timeout.secs': 30, u'oauth.acess_token_secret': u'IiNOTfgE3tEZvW2HDQhRKPMoOLU43NXJCXk8maj51SdAT', u'petrel.user': u'root', u'nimbus.inbox.jar.expiration.secs': 3600, u'topology.state.synchronization.timeout.secs': 60, u'topology.name': u'bad', u'supervisor.worker.timeout.secs': 30, u'topology.trident.batch.emit.interval.millis': 500, u'topology.builtin.metrics.bucket.size.secs': 60, u'storm.thrift.transport': u'backtype.storm.security.auth.SimpleTransportPlugin', u'logviewer.port': 8000, u'oauth.consumer_key': u'eaFmBSxUveRJfmyZYeabti9Q9', u'topology.kryo.decorators': [], u'topology.debug': False}, u'context': {u'task->component': {u'1': u'CountThreeWords', u'3': u'CountWord', u'2': u'CountTwoWords', u'5': u'ThreeWordDivider', u'4': u'KafkaConsumer', u'7': u'WordDivider', u'6': u'TwoWordDivider', u'8': u'__acker'}, u'taskid': 2}}
[2016-05-20 18:40:47,041][storm][INFO]Task sent pid to Storm
[2016-05-20 18:40:50,589][storm][DEBUG]BasicBolt profile: total_num_tuples=1, num_tuples=1, avg_read_time=0.437292 (91.7%), avg_process_time=0.039734 (8.3%), avg_ack_time=0.000050 (0.0%)
[2016-05-20 18:40:51,947][storm][DEBUG]BasicBolt profile: total_num_tuples=11, num_tuples=10, avg_read_time=0.039603 (97.6%), avg_process_time=0.000907 (2.2%), avg_ack_time=0.000074 (0.2%)
[2016-05-20 18:42:47,353][storm][DEBUG]BasicBolt profile: total_num_tuples=19, num_tuples=8, avg_read_time=0.024340 (52.5%), avg_process_time=0.021680 (46.8%), avg_ack_time=0.000339 (0.7%)
[2016-05-20 18:48:17,300][storm][DEBUG]BasicBolt profile: total_num_tuples=28, num_tuples=9, avg_read_time=0.094563 (86.4%), avg_process_time=0.014695 (13.4%), avg_ack_time=0.000217 (0.2%)
[2016-05-20 18:55:43,998][storm][DEBUG]BasicBolt profile: total_num_tuples=91, num_tuples=63, avg_read_time=0.007925 (64.8%), avg_process_time=0.004210 (34.4%), avg_ack_time=0.000095 (0.8%)
[2016-05-20 18:55:55,350][storm][DEBUG]BasicBolt profile: total_num_tuples=116, num_tuples=25, avg_read_time=0.017173 (81.1%), avg_process_time=0.003382 (16.0%), avg_ack_time=0.000621 (2.9%)
[2016-05-20 18:55:56,460][storm][DEBUG]BasicBolt profile: total_num_tuples=135, num_tuples=19, avg_read_time=0.056669 (97.1%), avg_process_time=0.001613 (2.8%), avg_ack_time=0.000109 (0.2%)
[2016-05-20 18:55:57,959][storm][DEBUG]BasicBolt profile: total_num_tuples=144, num_tuples=9, avg_read_time=0.055365 (98.3%), avg_process_time=0.000894 (1.6%), avg_ack_time=0.000060 (0.1%)
[2016-05-20 18:56:01,050][storm][DEBUG]BasicBolt profile: total_num_tuples=173, num_tuples=29, avg_read_time=0.036584 (96.3%), avg_process_time=0.001273 (3.4%), avg_ack_time=0.000116 (0.3%)
[2016-05-20 19:44:30,988][storm][DEBUG]BasicBolt profile: total_num_tuples=183, num_tuples=10, avg_read_time=0.061030 (25.7%), avg_process_time=0.176720 (74.3%), avg_ack_time=0.000068 (0.0%)
[2016-05-20 19:46:35,397][storm][DEBUG]BasicBolt profile: total_num_tuples=228, num_tuples=45, avg_read_time=0.012992 (60.8%), avg_process_time=0.004445 (20.8%), avg_ack_time=0.003920 (18.4%)
[2016-05-20 19:47:12,520][storm][DEBUG]BasicBolt profile: total_num_tuples=318, num_tuples=90, avg_read_time=0.006354 (49.9%), avg_process_time=0.005524 (43.3%), avg_ack_time=0.000865 (6.8%)
[2016-05-20 19:47:13,832][storm][DEBUG]BasicBolt profile: total_num_tuples=431, num_tuples=113, avg_read_time=0.001542 (13.3%), avg_process_time=0.009741 (83.9%), avg_ack_time=0.000323 (2.8%)
[2016-05-20 19:49:06,982][storm][DEBUG]BasicBolt profile: total_num_tuples=475, num_tuples=44, avg_read_time=0.024324 (93.1%), avg_process_time=0.001722 (6.6%), avg_ack_time=0.000072 (0.3%)
[2016-05-20 19:49:07,984][storm][DEBUG]BasicBolt profile: total_num_tuples=575, num_tuples=100, avg_read_time=0.001906 (19.1%), avg_process_time=0.007377 (74.0%), avg_ack_time=0.000688 (6.9%)
[2016-05-20 19:49:09,023][storm][DEBUG]BasicBolt profile: total_num_tuples=672, num_tuples=97, avg_read_time=0.000113 (1.1%), avg_process_time=0.010296 (96.3%), avg_ack_time=0.000285 (2.7%)
[2016-05-20 19:49:10,024][storm][DEBUG]BasicBolt profile: total_num_tuples=796, num_tuples=124, avg_read_time=0.000171 (2.1%), avg_process_time=0.007780 (96.6%), avg_ack_time=0.000105 (1.3%)
[2016-05-20 19:49:38,485][storm][DEBUG]BasicBolt profile: total_num_tuples=812, num_tuples=16, avg_read_time=0.029483 (64.0%), avg_process_time=0.016457 (35.7%), avg_ack_time=0.000109 (0.2%)
[2016-05-20 19:59:39,032][storm][DEBUG]BasicBolt profile: total_num_tuples=826, num_tuples=14, avg_read_time=0.009693 (16.6%), avg_process_time=0.048789 (83.3%), avg_ack_time=0.000064 (0.1%)
[2016-05-20 20:04:05,664][storm][DEBUG]BasicBolt profile: total_num_tuples=838, num_tuples=12, avg_read_time=0.018388 (20.0%), avg_process_time=0.073489 (79.9%), avg_ack_time=0.000071 (0.1%)
[2016-05-20 20:04:19,498][storm][DEBUG]BasicBolt profile: total_num_tuples=916, num_tuples=78, avg_read_time=0.010732 (83.6%), avg_process_time=0.002058 (16.0%), avg_ack_time=0.000040 (0.3%)
[2016-05-20 20:04:20,743][storm][DEBUG]BasicBolt profile: total_num_tuples=990, num_tuples=74, avg_read_time=0.014752 (87.7%), avg_process_time=0.002013 (12.0%), avg_ack_time=0.000056 (0.3%)
[2016-05-20 20:04:22,093][storm][DEBUG]BasicBolt profile: total_num_tuples=1062, num_tuples=72, avg_read_time=0.016548 (88.4%), avg_process_time=0.002143 (11.4%), avg_ack_time=0.000036 (0.2%)
[2016-05-20 20:04:23,132][storm][DEBUG]BasicBolt profile: total_num_tuples=1148, num_tuples=86, avg_read_time=0.005573 (46.1%), avg_process_time=0.006428 (53.2%), avg_ack_time=0.000076 (0.6%)
[2016-05-20 20:04:24,235][storm][DEBUG]BasicBolt profile: total_num_tuples=1238, num_tuples=90, avg_read_time=0.010183 (84.0%), avg_process_time=0.001897 (15.6%), avg_ack_time=0.000042 (0.3%)
[2016-05-20 20:04:25,411][storm][DEBUG]BasicBolt profile: total_num_tuples=1354, num_tuples=116, avg_read_time=0.004342 (43.9%), avg_process_time=0.005497 (55.6%), avg_ack_time=0.000047 (0.5%)
[2016-05-20 20:04:26,867][storm][DEBUG]BasicBolt profile: total_num_tuples=1449, num_tuples=95, avg_read_time=0.011275 (73.6%), avg_process_time=0.003984 (26.0%), avg_ack_time=0.000057 (0.4%)
[2016-05-20 20:04:28,437][storm][DEBUG]BasicBolt profile: total_num_tuples=1603, num_tuples=154, avg_read_time=0.006803 (66.8%), avg_process_time=0.003329 (32.7%), avg_ack_time=0.000054 (0.5%)
[2016-05-20 20:04:29,439][storm][DEBUG]BasicBolt profile: total_num_tuples=1685, num_tuples=82, avg_read_time=0.006466 (52.9%), avg_process_time=0.005705 (46.7%), avg_ack_time=0.000044 (0.4%)
[2016-05-20 20:04:30,441][storm][DEBUG]BasicBolt profile: total_num_tuples=1787, num_tuples=102, avg_read_time=0.004219 (43.0%), avg_process_time=0.005492 (56.0%), avg_ack_time=0.000101 (1.0%)
[2016-05-20 20:04:32,129][storm][DEBUG]BasicBolt profile: total_num_tuples=1965, num_tuples=178, avg_read_time=0.000055 (0.6%), avg_process_time=0.009351 (98.7%), avg_ack_time=0.000069 (0.7%)
[2016-05-20 20:04:33,137][storm][DEBUG]BasicBolt profile: total_num_tuples=2127, num_tuples=162, avg_read_time=0.000077 (1.2%), avg_process_time=0.005934 (95.5%), avg_ack_time=0.000204 (3.3%)
[2016-05-20 20:04:34,213][storm][DEBUG]BasicBolt profile: total_num_tuples=2268, num_tuples=141, avg_read_time=0.000070 (0.9%), avg_process_time=0.007268 (95.3%), avg_ack_time=0.000286 (3.8%)
[2016-05-20 20:04:35,213][storm][DEBUG]BasicBolt profile: total_num_tuples=2348, num_tuples=80, avg_read_time=0.000061 (0.5%), avg_process_time=0.012392 (99.2%), avg_ack_time=0.000044 (0.3%)
[2016-05-20 20:04:36,416][storm][DEBUG]BasicBolt profile: total_num_tuples=2456, num_tuples=108, avg_read_time=0.000063 (0.6%), avg_process_time=0.011002 (98.9%), avg_ack_time=0.000061 (0.5%)
[2016-05-20 20:04:37,416][storm][DEBUG]BasicBolt profile: total_num_tuples=2571, num_tuples=115, avg_read_time=0.000064 (0.7%), avg_process_time=0.008579 (98.7%), avg_ack_time=0.000051 (0.6%)
[2016-05-20 20:04:38,417][storm][DEBUG]BasicBolt profile: total_num_tuples=2841, num_tuples=270, avg_read_time=0.000061 (1.6%), avg_process_time=0.003527 (95.4%), avg_ack_time=0.000111 (3.0%)
[2016-05-20 20:04:39,418][storm][DEBUG]BasicBolt profile: total_num_tuples=2966, num_tuples=125, avg_read_time=0.000069 (0.9%), avg_process_time=0.007835 (98.0%), avg_ack_time=0.000095 (1.2%)
[2016-05-20 20:04:40,508][storm][DEBUG]BasicBolt profile: total_num_tuples=3211, num_tuples=245, avg_read_time=0.000071 (1.6%), avg_process_time=0.004288 (96.6%), avg_ack_time=0.000081 (1.8%)
[2016-05-20 20:04:41,509][storm][DEBUG]BasicBolt profile: total_num_tuples=3465, num_tuples=254, avg_read_time=0.000047 (1.2%), avg_process_time=0.003839 (97.6%), avg_ack_time=0.000048 (1.2%)
[2016-05-20 20:04:42,509][storm][DEBUG]BasicBolt profile: total_num_tuples=3850, num_tuples=385, avg_read_time=0.000043 (1.7%), avg_process_time=0.002510 (96.9%), avg_ack_time=0.000038 (1.5%)
[2016-05-20 20:04:43,528][storm][DEBUG]BasicBolt profile: total_num_tuples=4137, num_tuples=287, avg_read_time=0.000557 (15.7%), avg_process_time=0.002942 (83.0%), avg_ack_time=0.000045 (1.3%)
[2016-05-20 20:04:44,530][storm][DEBUG]BasicBolt profile: total_num_tuples=4323, num_tuples=186, avg_read_time=0.001158 (21.5%), avg_process_time=0.004100 (76.2%), avg_ack_time=0.000124 (2.3%)
[2016-05-20 20:04:49,538][storm][DEBUG]BasicBolt profile: total_num_tuples=4481, num_tuples=158, avg_read_time=0.003788 (58.6%), avg_process_time=0.002622 (40.6%), avg_ack_time=0.000049 (0.8%)
[2016-05-20 20:04:50,543][storm][DEBUG]BasicBolt profile: total_num_tuples=4644, num_tuples=163, avg_read_time=0.000342 (5.6%), avg_process_time=0.005719 (92.9%), avg_ack_time=0.000094 (1.5%)
[2016-05-20 20:04:51,544][storm][DEBUG]BasicBolt profile: total_num_tuples=4864, num_tuples=220, avg_read_time=0.000069 (1.5%), avg_process_time=0.004384 (96.7%), avg_ack_time=0.000081 (1.8%)
[2016-05-20 20:04:52,548][storm][DEBUG]BasicBolt profile: total_num_tuples=5027, num_tuples=163, avg_read_time=0.000063 (1.0%), avg_process_time=0.005954 (96.7%), avg_ack_time=0.000139 (2.3%)
[2016-05-20 20:04:53,550][storm][DEBUG]BasicBolt profile: total_num_tuples=5212, num_tuples=185, avg_read_time=0.000079 (1.5%), avg_process_time=0.005227 (96.7%), avg_ack_time=0.000097 (1.8%)
[2016-05-20 20:04:54,555][storm][DEBUG]BasicBolt profile: total_num_tuples=5452, num_tuples=240, avg_read_time=0.000046 (1.1%), avg_process_time=0.004092 (97.9%), avg_ack_time=0.000041 (1.0%)
[2016-05-20 20:04:55,557][storm][DEBUG]BasicBolt profile: total_num_tuples=5932, num_tuples=480, avg_read_time=0.000040 (1.9%), avg_process_time=0.002015 (96.7%), avg_ack_time=0.000030 (1.4%)
[2016-05-20 20:04:56,712][storm][DEBUG]BasicBolt profile: total_num_tuples=6098, num_tuples=166, avg_read_time=0.003624 (52.2%), avg_process_time=0.003270 (47.1%), avg_ack_time=0.000054 (0.8%)
[2016-05-20 20:04:57,740][storm][DEBUG]BasicBolt profile: total_num_tuples=6211, num_tuples=113, avg_read_time=0.004533 (49.9%), avg_process_time=0.004255 (46.8%), avg_ack_time=0.000297 (3.3%)
[2016-05-20 20:04:58,782][storm][DEBUG]BasicBolt profile: total_num_tuples=6363, num_tuples=152, avg_read_time=0.004021 (58.7%), avg_process_time=0.002716 (39.7%), avg_ack_time=0.000109 (1.6%)
[2016-05-20 20:04:59,784][storm][DEBUG]BasicBolt profile: total_num_tuples=6538, num_tuples=175, avg_read_time=0.002478 (43.3%), avg_process_time=0.003200 (56.0%), avg_ack_time=0.000041 (0.7%)
[2016-05-20 20:05:00,807][storm][DEBUG]BasicBolt profile: total_num_tuples=6629, num_tuples=91, avg_read_time=0.007887 (70.2%), avg_process_time=0.003304 (29.4%), avg_ack_time=0.000045 (0.4%)
[2016-05-20 20:05:01,829][storm][DEBUG]BasicBolt profile: total_num_tuples=6822, num_tuples=193, avg_read_time=0.001481 (28.0%), avg_process_time=0.003753 (71.0%), avg_ack_time=0.000055 (1.0%)
[2016-05-20 20:05:02,852][storm][DEBUG]BasicBolt profile: total_num_tuples=6964, num_tuples=142, avg_read_time=0.003913 (54.4%), avg_process_time=0.003240 (45.0%), avg_ack_time=0.000044 (0.6%)
[2016-05-20 20:05:03,867][storm][DEBUG]BasicBolt profile: total_num_tuples=7098, num_tuples=134, avg_read_time=0.003969 (52.4%), avg_process_time=0.003561 (47.0%), avg_ack_time=0.000040 (0.5%)
[2016-05-20 20:05:04,935][storm][DEBUG]BasicBolt profile: total_num_tuples=7220, num_tuples=122, avg_read_time=0.004911 (56.2%), avg_process_time=0.003791 (43.4%), avg_ack_time=0.000039 (0.5%)
[2016-05-20 20:05:05,952][storm][DEBUG]BasicBolt profile: total_num_tuples=7328, num_tuples=108, avg_read_time=0.006300 (67.0%), avg_process_time=0.003063 (32.6%), avg_ack_time=0.000044 (0.5%)
[2016-05-20 20:05:06,952][storm][DEBUG]BasicBolt profile: total_num_tuples=7447, num_tuples=119, avg_read_time=0.004633 (55.2%), avg_process_time=0.003695 (44.0%), avg_ack_time=0.000065 (0.8%)
[2016-05-20 20:06:40,660][storm][DEBUG]BasicBolt profile: total_num_tuples=7592, num_tuples=145, avg_read_time=0.006085 (51.4%), avg_process_time=0.005694 (48.1%), avg_ack_time=0.000064 (0.5%)
[2016-05-20 20:07:01,325][storm][DEBUG]BasicBolt profile: total_num_tuples=7636, num_tuples=44, avg_read_time=0.017177 (90.4%), avg_process_time=0.001732 (9.1%), avg_ack_time=0.000094 (0.5%)
[2016-05-20 20:08:25,106][storm][DEBUG]BasicBolt profile: total_num_tuples=7699, num_tuples=63, avg_read_time=0.026435 (93.8%), avg_process_time=0.001716 (6.1%), avg_ack_time=0.000043 (0.2%)
[2016-05-20 20:08:36,016][storm][DEBUG]BasicBolt profile: total_num_tuples=7755, num_tuples=56, avg_read_time=0.015670 (87.0%), avg_process_time=0.002135 (11.9%), avg_ack_time=0.000212 (1.2%)
[2016-05-20 20:09:36,409][storm][DEBUG]BasicBolt profile: total_num_tuples=7812, num_tuples=57, avg_read_time=0.023300 (95.5%), avg_process_time=0.001005 (4.1%), avg_ack_time=0.000093 (0.4%)
[2016-05-20 20:09:48,179][storm][DEBUG]BasicBolt profile: total_num_tuples=7868, num_tuples=56, avg_read_time=0.012751 (85.6%), avg_process_time=0.002082 (14.0%), avg_ack_time=0.000064 (0.4%)
