Beginning task setup

/usr/bin/flock
Using existing venv: /tmp/petrel-bad-13-1473374442/venv
Task setup took 1 seconds
Launching: python -m petrel.run kafkaconsumer /root/twitterintel/twitterintel/twitterintel/topology/TopologyTweetTransformationBAD/petrel38072_kafkaconsumer.log
/usr/local/lib/python2.7/dist-packages/petrel-0.9.4.0.3-py2.7.egg/petrel/run.py invoked with the following arguments: ['kafkaconsumer', '/root/twitterintel/twitterintel/twitterintel/topology/TopologyTweetTransformationBAD/petrel38072_kafkaconsumer.log']
python version: 2.7.12
user=root
PATH=/tmp/petrel-bad-13-1473374442/venv/bin:/usr/local/sbin:/usr/local/bin:/usr/sbin:/usr/bin:/sbin:/bin:/usr/games:/usr/local/games:/root/zookeeper-3.4.8/bin:/root/petrel/bin:/root/apache-storm-0.9.4/bin:/root/zookeeper-3.4.8/bin:/root/petrel/bin:/root/apache-storm-0.9.4/bin
LD_LIBRARY_PATH=var/stormtmp/supervisor/stormdist/bad-13-1473374442/resources/Linux-amd64:var/stormtmp/supervisor/stormdist/bad-13-1473374442/resources:/usr/local/lib
PYTHON_EGG_CACHE=/tmp/petrel-bad-13-1473374442/egg_cache
[2016-09-09 00:29:17,306][storm][INFO]Tuple profiling enabled. Will log tuple processing times.
[2016-09-09 00:29:18,161][storm][INFO]Task received setupInfo from Storm: {u'pidDir': u'/root/var/stormtmp/workers/2dac1587-a1a2-4124-8baf-0cf0e9d11cb1/pids', u'conf': {u'oauth.acess_token': u' 702208758362087425-HZiyl1x7Bh98cQa1WLBDYylyu10Bpl7', u'topology.tuple.serializer': u'backtype.storm.serialization.types.ListDelegateSerializer', u'topology.workers': 1, u'drpc.worker.threads': 64, u'storm.messaging.netty.client_worker_threads': 1, u'supervisor.heartbeat.frequency.secs': 5, u'topology.executor.send.buffer.size': 1024, u'drpc.childopts': u'-Xmx768m', u'nimbus.thrift.port': 6627, u'storm.zookeeper.retry.intervalceiling.millis': 30000, u'storm.local.dir': u'var/stormtmp', u'topology.receiver.buffer.size': 8, u'storm.zookeeper.servers': [u'localhost'], u'oauth.consumer_secret': u'ADf76fi3O1lKMzBxWnjqf93l3GHv28uar3bkblkvyBrAyoA23i', u'transactional.zookeeper.root': u'/transactional', u'drpc.request.timeout.secs': 600, u'topology.skip.missing.kryo.registrations': False, u'worker.heartbeat.frequency.secs': 1, u'zmq.hwm': 0, u'storm.zookeeper.connection.timeout': 15000, u'java.library.path': u'/usr/local/lib', u'topology.max.error.report.per.interval': 5, u'storm.messaging.netty.server_worker_threads': 1, u'storm.id': u'bad-13-1473374442', u'supervisor.worker.start.timeout.secs': 120, u'zmq.threads': 1, u'topology.acker.executors': None, u'storm.messaging.netty.flush.check.interval.ms': 10, u'storm.messaging.netty.transfer.batch.size': 262144, u'topology.max.task.parallelism': None, u'topology.environment': None, u'storm.zookeeper.port': 2181, u'nimbus.childopts': u'-Xmx128m', u'topology.classpath': None, u'worker.childopts': u'-Xmx768m', u'drpc.queue.size': 128, u'topology.multilang.serializer': u'backtype.storm.multilang.JsonSerializer', u'storm.zookeeper.retry.times': 5, u'nimbus.monitor.freq.secs': 10, u'storm.cluster.mode': u'distributed', u'dev.zookeeper.path': u'/tmp/dev-storm-zookeeper', u'drpc.invocations.port': 3773, u'topology.tasks': None, u'storm.zookeeper.root': u'/storm', u'logviewer.childopts': u'-Xmx128m', u'storm.meta.serialization.delegate': u'backtype.storm.serialization.DefaultSerializationDelegate', u'transactional.zookeeper.port': None, u'topology.worker.receiver.thread.count': 1, u'topology.worker.childopts': None, u'topology.max.spout.pending': None, u'topology.kryo.register': None, u'petrel.host': u'server1.pipe.com', u'nimbus.cleanup.inbox.freq.secs': 600, u'storm.messaging.netty.min_wait_ms': 100, u'nimbus.task.timeout.secs': 30, u'nimbus.thrift.max_buffer_size': 1048576, u'topology.sleep.spout.wait.strategy.time.ms': 1, u'nimbus.reassign': True, u'storm.messaging.transport': u'backtype.storm.messaging.netty.Context', u'logviewer.appender.name': u'A1', u'nimbus.host': u'localhost', u'ui.port': 8080, u'supervisor.slots.ports': [6700, 6701, 6702, 6703], u'nimbus.file.copy.expiration.secs': 600, u'supervisor.monitor.frequency.secs': 3, u'ui.childopts': u'-Xmx768m', u'transactional.zookeeper.servers': None, u'zmq.linger.millis': 5000, u'topology.error.throttle.interval.secs': 10, u'topology.worker.shared.thread.pool.size': 4, u'topology.executor.receive.buffer.size': 1024, u'topology.spout.wait.strategy': u'backtype.storm.spout.SleepSpoutWaitStrategy', u'task.heartbeat.frequency.secs': 3, u'topology.transfer.buffer.size': 1024, u'storm.zookeeper.session.timeout': 20000, u'mb per worker.worker.childopts': u'-Xmx256m', u'storm.local.mode.zmq': False, u'topology.stats.sample.rate': 0.05, u'topology.fall.back.on.java.serialization': True, u'supervisor.childopts': u'-Xmx256m', u'topology.enable.message.timeouts': True, u'storm.messaging.netty.max_wait_ms': 1000, u'nimbus.topology.validator': u'backtype.storm.nimbus.DefaultTopologyValidator', u'nimbus.supervisor.timeout.secs': 60, u'topology.disruptor.wait.strategy': u'com.lmax.disruptor.BlockingWaitStrategy', u'storm.messaging.netty.buffer_size': 5242880, u'drpc.port': 3772, u'topology.kryo.factory': u'backtype.storm.serialization.DefaultKryoFactory', u'storm.zookeeper.retry.interval': 1000, u'storm.messaging.netty.max_retries': 300, u'topology.tick.tuple.freq.secs': 30, u'supervisor.enable': True, u'nimbus.task.launch.secs': 120, u'task.refresh.poll.secs': 10, u'topology.message.timeout.secs': 30, u'oauth.acess_token_secret': u'IiNOTfgE3tEZvW2HDQhRKPMoOLU43NXJCXk8maj51SdAT', u'petrel.user': u'root', u'nimbus.inbox.jar.expiration.secs': 3600, u'topology.state.synchronization.timeout.secs': 60, u'topology.name': u'bad', u'supervisor.worker.timeout.secs': 30, u'topology.trident.batch.emit.interval.millis': 500, u'topology.builtin.metrics.bucket.size.secs': 60, u'storm.thrift.transport': u'backtype.storm.security.auth.SimpleTransportPlugin', u'logviewer.port': 8000, u'oauth.consumer_key': u'eaFmBSxUveRJfmyZYeabti9Q9', u'topology.kryo.decorators': [], u'topology.debug': False}, u'context': {u'task->component': {u'11': u'__acker', u'10': u'WordDivider', u'1': u'CountThreeWords', u'3': u'CountTwoWords', u'2': u'CountThreeWords', u'5': u'CountWord', u'4': u'CountTwoWords', u'7': u'KafkaConsumer', u'6': u'CountWord', u'9': u'TwoWordDivider', u'8': u'ThreeWordDivider'}, u'taskid': 7}}
[2016-09-09 00:29:18,168][storm][INFO]Task sent pid to Storm
[2016-09-09 00:29:18,312][kafka.conn][INFO]Broker version identifed as 0.9
[2016-09-09 00:29:18,312][kafka.conn][INFO]Set configuration api_version='0.9' to skip auto check_version requests on startup
[2016-09-09 00:29:18,335][kafka.consumer.subscription_state][INFO]Updating subscribed topics to: ['badtopic']
[2016-09-09 00:29:18,355][kafka.cluster][INFO]Group coordinator for kafka-python-default-group is BrokerMetadata(nodeId=0, host=u'server1.pipe.com', port=9092)
[2016-09-09 00:29:18,355][kafka.coordinator][INFO]Discovered coordinator 0 for group kafka-python-default-group
[2016-09-09 00:29:18,356][kafka.coordinator.consumer][INFO]Revoking previously assigned partitions set([]) for group kafka-python-default-group
[2016-09-09 00:29:18,356][kafka.coordinator][INFO](Re-)joining group kafka-python-default-group
[2016-09-09 00:29:19,422][kafka.coordinator][INFO]Joined group 'kafka-python-default-group' (generation 6) with member_id kafka-python-1.1.1-9b899d0d-8027-4162-a6c6-33bb0b460843
[2016-09-09 00:29:19,467][kafka.coordinator][INFO]Successfully joined group kafka-python-default-group with generation 6
[2016-09-09 00:29:19,467][kafka.consumer.subscription_state][INFO]Updated partition assignment: []
[2016-09-09 00:29:19,467][kafka.coordinator.consumer][INFO]Setting newly assigned partitions set([]) for group kafka-python-default-group
[2016-09-09 00:34:22,658][kafka.coordinator][WARNING]Heartbeat failed for group kafka-python-default-group because it is rebalancing
[2016-09-09 00:34:22,658][kafka.coordinator][WARNING]Heartbeat failed (RebalanceInProgressError - 27 - Returned in heartbeat requests when the coordinator has begun rebalancing the group. This indicates to the client that it should rejoin the group.); retrying
[2016-09-09 00:34:22,758][kafka.coordinator.consumer][INFO]Revoking previously assigned partitions set([]) for group kafka-python-default-group
[2016-09-09 00:34:22,758][kafka.coordinator][INFO](Re-)joining group kafka-python-default-group
[2016-09-09 00:34:22,759][kafka.coordinator][INFO]Skipping heartbeat: no auto-assignment or waiting on rebalance
[2016-09-09 00:34:22,798][kafka.coordinator][INFO]Joined group 'kafka-python-default-group' (generation 7) with member_id kafka-python-1.1.1-9b899d0d-8027-4162-a6c6-33bb0b460843
[2016-09-09 00:34:22,843][kafka.coordinator][INFO]Successfully joined group kafka-python-default-group with generation 7
[2016-09-09 00:34:22,843][kafka.consumer.subscription_state][INFO]Updated partition assignment: [TopicPartition(topic=u'badtopic', partition=0)]
[2016-09-09 00:34:22,843][kafka.coordinator.consumer][INFO]Setting newly assigned partitions set([TopicPartition(topic=u'badtopic', partition=0)]) for group kafka-python-default-group
[2016-09-09 00:38:11,028][kafka.coordinator][WARNING]Heartbeat failed for group kafka-python-default-group because it is rebalancing
[2016-09-09 00:38:11,028][kafka.coordinator][WARNING]Heartbeat failed (RebalanceInProgressError - 27 - Returned in heartbeat requests when the coordinator has begun rebalancing the group. This indicates to the client that it should rejoin the group.); retrying
[2016-09-09 00:38:11,129][kafka.coordinator][INFO]Skipping heartbeat: no auto-assignment or waiting on rebalance
[2016-09-09 00:38:11,529][kafka.coordinator.consumer][INFO]Revoking previously assigned partitions set([TopicPartition(topic=u'badtopic', partition=0)]) for group kafka-python-default-group
[2016-09-09 00:38:11,530][kafka.coordinator][INFO](Re-)joining group kafka-python-default-group
[2016-09-09 00:38:11,533][kafka.coordinator][INFO]Joined group 'kafka-python-default-group' (generation 8) with member_id kafka-python-1.1.1-9b899d0d-8027-4162-a6c6-33bb0b460843
[2016-09-09 00:38:11,574][kafka.coordinator][INFO]Successfully joined group kafka-python-default-group with generation 8
[2016-09-09 00:38:11,574][kafka.consumer.subscription_state][INFO]Updated partition assignment: [TopicPartition(topic=u'badtopic', partition=0)]
[2016-09-09 00:38:11,574][kafka.coordinator.consumer][INFO]Setting newly assigned partitions set([TopicPartition(topic=u'badtopic', partition=0)]) for group kafka-python-default-group
[2016-09-09 00:39:18,271][kafka.client][WARNING]Node bootstrap connection failed -- refreshing metadata
