Beginning task setup

/usr/bin/flock
Using existing venv: /tmp/petrel-test-4-1462969332/venv
Task setup took 1 seconds
Launching: python -m petrel.run kafkaconsumer /home/pipe/twitterintel/twitterintel/topology/TopologyTweetTransformationSPAM/petrel27010_kafkaconsumer.log
/usr/local/lib/python2.7/dist-packages/petrel-0.9.4.0.3-py2.7.egg/petrel/run.py invoked with the following arguments: ['kafkaconsumer', '/home/pipe/twitterintel/twitterintel/topology/TopologyTweetTransformationSPAM/petrel27010_kafkaconsumer.log']
python version: 2.7.11
user=root
PATH=/tmp/petrel-test-4-1462969332/venv/bin:/root/SimpleScalar/simplesim-3.0:/root/SimpleScalar/bin:/root/SimpleScalar/gcc-2.6.3:/root/SimpleScalar/bin:/usr/local/sbin:/usr/local/bin:/usr/sbin:/usr/bin:/sbin:/bin:/usr/games:/usr/local/games:/home/pipe/Downloads/zookeeper-3.4.8/bin:/home/pipe/Downloads/apache-storm-0.9.4/bin
LD_LIBRARY_PATH=storm-local/supervisor/stormdist/test-4-1462969332/resources/Linux-amd64:storm-local/supervisor/stormdist/test-4-1462969332/resources:/usr/local/lib:/opt/local/lib:/usr/lib
PYTHON_EGG_CACHE=/tmp/petrel-test-4-1462969332/egg_cache
[2016-05-11 18:05:14,560][storm][INFO]Tuple profiling enabled. Will log tuple processing times.
[2016-05-11 18:05:14,736][storm][INFO]Task received setupInfo from Storm: {u'pidDir': u'/home/pipe/storm-local/workers/108762f6-5e03-4f90-b10f-dfd0ec57e4ec/pids', u'conf': {u'oauth.acess_token': u' 702208758362087425-HZiyl1x7Bh98cQa1WLBDYylyu10Bpl7', u'topology.tuple.serializer': u'backtype.storm.serialization.types.ListDelegateSerializer', u'topology.workers': 1, u'drpc.worker.threads': 64, u'storm.messaging.netty.client_worker_threads': 1, u'supervisor.heartbeat.frequency.secs': 5, u'topology.executor.send.buffer.size': 1024, u'drpc.childopts': u'-Xmx768m', u'nimbus.thrift.port': 6627, u'storm.zookeeper.retry.intervalceiling.millis': 30000, u'storm.local.dir': u'storm-local', u'topology.receiver.buffer.size': 8, u'storm.zookeeper.servers': [u'localhost'], u'oauth.consumer_secret': u'ADf76fi3O1lKMzBxWnjqf93l3GHv28uar3bkblkvyBrAyoA23i', u'transactional.zookeeper.root': u'/transactional', u'drpc.request.timeout.secs': 600, u'topology.skip.missing.kryo.registrations': False, u'worker.heartbeat.frequency.secs': 1, u'zmq.hwm': 0, u'storm.zookeeper.connection.timeout': 15000, u'java.library.path': u'/usr/local/lib:/opt/local/lib:/usr/lib', u'topology.max.error.report.per.interval': 5, u'storm.messaging.netty.server_worker_threads': 1, u'storm.id': u'test-4-1462969332', u'supervisor.worker.start.timeout.secs': 120, u'zmq.threads': 1, u'topology.acker.executors': None, u'storm.messaging.netty.flush.check.interval.ms': 10, u'storm.messaging.netty.transfer.batch.size': 262144, u'topology.max.task.parallelism': None, u'topology.environment': None, u'storm.zookeeper.port': 2181, u'nimbus.childopts': u'-Xmx1024m', u'topology.classpath': None, u'worker.childopts': u'-Xmx768m', u'drpc.queue.size': 128, u'topology.multilang.serializer': u'backtype.storm.multilang.JsonSerializer', u'storm.zookeeper.retry.times': 5, u'nimbus.monitor.freq.secs': 10, u'storm.cluster.mode': u'distributed', u'dev.zookeeper.path': u'/tmp/dev-storm-zookeeper', u'drpc.invocations.port': 3773, u'topology.tasks': None, u'storm.zookeeper.root': u'/storm', u'logviewer.childopts': u'-Xmx128m', u'storm.meta.serialization.delegate': u'backtype.storm.serialization.DefaultSerializationDelegate', u'transactional.zookeeper.port': None, u'topology.worker.receiver.thread.count': 1, u'topology.worker.childopts': None, u'topology.max.spout.pending': None, u'topology.kryo.register': None, u'petrel.host': u'pipe-X550CC', u'nimbus.cleanup.inbox.freq.secs': 600, u'storm.messaging.netty.min_wait_ms': 100, u'nimbus.task.timeout.secs': 30, u'nimbus.thrift.max_buffer_size': 1048576, u'topology.sleep.spout.wait.strategy.time.ms': 1, u'nimbus.reassign': True, u'storm.messaging.transport': u'backtype.storm.messaging.netty.Context', u'logviewer.appender.name': u'A1', u'nimbus.host': u'localhost', u'ui.port': 8080, u'supervisor.slots.ports': [6700, 6701, 6702, 6703], u'nimbus.file.copy.expiration.secs': 600, u'supervisor.monitor.frequency.secs': 3, u'ui.childopts': u'-Xmx768m', u'transactional.zookeeper.servers': None, u'zmq.linger.millis': 5000, u'topology.error.throttle.interval.secs': 10, u'topology.worker.shared.thread.pool.size': 4, u'topology.executor.receive.buffer.size': 1024, u'topology.spout.wait.strategy': u'backtype.storm.spout.SleepSpoutWaitStrategy', u'task.heartbeat.frequency.secs': 3, u'topology.transfer.buffer.size': 1024, u'storm.zookeeper.session.timeout': 20000, u'storm.local.mode.zmq': False, u'topology.stats.sample.rate': 0.05, u'topology.fall.back.on.java.serialization': True, u'supervisor.childopts': u'-Xmx256m', u'topology.enable.message.timeouts': True, u'storm.messaging.netty.max_wait_ms': 1000, u'nimbus.topology.validator': u'backtype.storm.nimbus.DefaultTopologyValidator', u'nimbus.supervisor.timeout.secs': 60, u'topology.disruptor.wait.strategy': u'com.lmax.disruptor.BlockingWaitStrategy', u'storm.messaging.netty.buffer_size': 5242880, u'drpc.port': 3772, u'topology.kryo.factory': u'backtype.storm.serialization.DefaultKryoFactory', u'storm.zookeeper.retry.interval': 1000, u'storm.messaging.netty.max_retries': 300, u'topology.tick.tuple.freq.secs': 30, u'supervisor.enable': True, u'nimbus.task.launch.secs': 120, u'task.refresh.poll.secs': 10, u'topology.message.timeout.secs': 30, u'oauth.acess_token_secret': u'IiNOTfgE3tEZvW2HDQhRKPMoOLU43NXJCXk8maj51SdAT', u'petrel.user': u'root', u'nimbus.inbox.jar.expiration.secs': 3600, u'topology.state.synchronization.timeout.secs': 60, u'topology.name': u'test', u'supervisor.worker.timeout.secs': 30, u'topology.trident.batch.emit.interval.millis': 500, u'topology.builtin.metrics.bucket.size.secs': 60, u'storm.thrift.transport': u'backtype.storm.security.auth.SimpleTransportPlugin', u'logviewer.port': 8000, u'oauth.consumer_key': u'eaFmBSxUveRJfmyZYeabti9Q9', u'topology.kryo.decorators': [], u'topology.debug': False}, u'context': {u'task->component': {u'1': u'CountThreeWords', u'3': u'CountWord', u'2': u'CountTwoWords', u'5': u'ThreeWordDivider', u'4': u'KafkaConsumer', u'7': u'WordDivider', u'6': u'TwoWordDivider', u'8': u'__acker'}, u'taskid': 4}}
[2016-05-11 18:05:14,737][storm][INFO]Task sent pid to Storm
[2016-05-11 18:05:14,890][kafka.client][INFO]Broker version identifed as 0.9
[2016-05-11 18:05:14,894][kafka.consumer.subscription_state][INFO]Updating subscribed topics to: ['instanttopic']
[2016-05-11 18:05:14,973][kafka.cluster][INFO]Group coordinator for kafka-python-default-group is BrokerMetadata(nodeId=0, host=u'pipe-X550CC', port=9092)
[2016-05-11 18:05:17,527][kafka.coordinator][INFO]Joined group 'kafka-python-default-group' (generation 50) with member_id kafka-python-1.0.2-1fde4bde-e5ea-428f-aafd-1acdaeb8e54b
[2016-05-11 18:05:17,755][kafka.consumer.subscription_state][INFO]Updated partition assignment: [TopicPartition(topic=u'instanttopic', partition=0)]
[2016-05-11 18:05:20,814][kafka.coordinator][INFO]Heartbeat successful
[2016-05-11 18:05:23,837][kafka.coordinator][INFO]Heartbeat successful
[2016-05-11 18:05:26,857][kafka.coordinator][INFO]Heartbeat successful
[2016-05-11 18:05:29,918][kafka.coordinator][INFO]Heartbeat successful
[2016-05-11 18:05:32,936][kafka.coordinator][INFO]Heartbeat successful
[2016-05-11 18:05:36,079][kafka.coordinator][INFO]Heartbeat successful
[2016-05-11 18:05:39,327][kafka.coordinator][INFO]Heartbeat successful
[2016-05-11 18:05:41,897][kafka.coordinator][INFO]Heartbeat successful
[2016-05-11 18:05:44,974][kafka.coordinator][INFO]Heartbeat successful
[2016-05-11 18:05:47,992][kafka.coordinator][INFO]Heartbeat successful
[2016-05-11 18:05:51,052][kafka.coordinator][INFO]Heartbeat successful
[2016-05-11 18:05:54,075][kafka.coordinator][INFO]Heartbeat successful
[2016-05-11 18:05:57,094][kafka.coordinator][INFO]Heartbeat successful
[2016-05-11 18:06:00,154][kafka.coordinator][INFO]Heartbeat successful
[2016-05-11 18:06:03,174][kafka.coordinator][INFO]Heartbeat successful
[2016-05-11 18:06:06,193][kafka.coordinator][INFO]Heartbeat successful
[2016-05-11 18:06:09,252][kafka.coordinator][INFO]Heartbeat successful
[2016-05-11 18:06:11,768][kafka.coordinator][INFO]Heartbeat successful
[2016-05-11 18:06:14,828][kafka.coordinator][INFO]Heartbeat successful
[2016-05-11 18:06:17,847][kafka.coordinator][INFO]Heartbeat successful
[2016-05-11 18:06:20,910][kafka.coordinator][INFO]Heartbeat successful
[2016-05-11 18:06:23,934][kafka.coordinator][INFO]Heartbeat successful
[2016-05-11 18:06:26,957][kafka.coordinator][INFO]Heartbeat successful
[2016-05-11 18:06:30,018][kafka.coordinator][INFO]Heartbeat successful
[2016-05-11 18:06:33,040][kafka.coordinator][INFO]Heartbeat successful
[2016-05-11 18:06:36,064][kafka.coordinator][INFO]Heartbeat successful
[2016-05-11 18:06:39,082][kafka.coordinator][INFO]Heartbeat successful
[2016-05-11 18:06:42,143][kafka.coordinator][INFO]Heartbeat successful
[2016-05-11 18:06:45,168][kafka.coordinator][INFO]Heartbeat successful
[2016-05-11 18:06:48,190][kafka.coordinator][INFO]Heartbeat successful
[2016-05-11 18:06:51,211][kafka.coordinator][INFO]Heartbeat successful
[2016-05-11 18:06:54,225][kafka.coordinator][INFO]Heartbeat successful
[2016-05-11 18:06:57,278][kafka.coordinator][INFO]Heartbeat successful
[2016-05-11 18:06:59,794][kafka.coordinator][INFO]Heartbeat successful
[2016-05-11 18:07:02,849][kafka.coordinator][INFO]Heartbeat successful
[2016-05-11 18:07:05,865][kafka.coordinator][INFO]Heartbeat successful
[2016-05-11 18:07:08,884][kafka.coordinator][INFO]Heartbeat successful
[2016-05-11 18:07:11,939][kafka.coordinator][INFO]Heartbeat successful
[2016-05-11 18:07:14,961][kafka.coordinator][INFO]Heartbeat successful
[2016-05-11 18:07:17,980][kafka.coordinator][INFO]Heartbeat successful
[2016-05-11 18:07:21,038][kafka.coordinator][INFO]Heartbeat successful
[2016-05-11 18:07:24,056][kafka.coordinator][INFO]Heartbeat successful
[2016-05-11 18:07:27,073][kafka.coordinator][INFO]Heartbeat successful
[2016-05-11 18:07:30,131][kafka.coordinator][INFO]Heartbeat successful
[2016-05-11 18:07:33,150][kafka.coordinator][INFO]Heartbeat successful
[2016-05-11 18:07:36,169][kafka.coordinator][INFO]Heartbeat successful
[2016-05-11 18:07:39,190][kafka.coordinator][INFO]Heartbeat successful
[2016-05-11 18:07:42,249][kafka.coordinator][INFO]Heartbeat successful
[2016-05-11 18:07:45,274][kafka.coordinator][INFO]Heartbeat successful
[2016-05-11 18:07:47,793][kafka.coordinator][INFO]Heartbeat successful
[2016-05-11 18:07:50,855][kafka.coordinator][INFO]Heartbeat successful
[2016-05-11 18:07:53,874][kafka.coordinator][INFO]Heartbeat successful
[2016-05-11 18:07:56,932][kafka.coordinator][INFO]Heartbeat successful
[2016-05-11 18:07:59,953][kafka.coordinator][INFO]Heartbeat successful
[2016-05-11 18:08:02,976][kafka.coordinator][INFO]Heartbeat successful
[2016-05-11 18:08:06,038][kafka.coordinator][INFO]Heartbeat successful
[2016-05-11 18:08:09,061][kafka.coordinator][INFO]Heartbeat successful
[2016-05-11 18:08:12,081][kafka.coordinator][INFO]Heartbeat successful
[2016-05-11 18:08:15,092][kafka.coordinator][INFO]Heartbeat successful
[2016-05-11 18:08:18,147][kafka.coordinator][INFO]Heartbeat successful
[2016-05-11 18:08:21,161][kafka.coordinator][INFO]Heartbeat successful
[2016-05-11 18:08:24,174][kafka.coordinator][INFO]Heartbeat successful
[2016-05-11 18:08:27,228][kafka.coordinator][INFO]Heartbeat successful
[2016-05-11 18:08:30,244][kafka.coordinator][INFO]Heartbeat successful
[2016-05-11 18:08:33,262][kafka.coordinator][WARNING]Heartbeat: group is rebalancing; this consumer needs to re-join
[2016-05-11 18:08:33,262][kafka.coordinator][WARNING]Heartbeat failed; retrying
[2016-05-11 18:08:33,363][kafka.coordinator][INFO]Skipping heartbeat: no auto-assignment or waiting on rebalance
[2016-05-11 18:08:39,364][kafka.coordinator][INFO]Joined group 'kafka-python-default-group' (generation 51) with member_id kafka-python-1.0.2-1fde4bde-e5ea-428f-aafd-1acdaeb8e54b
[2016-05-11 18:08:39,364][kafka.coordinator][INFO]Elected group leader -- performing partition assignments using range
[2016-05-11 18:08:39,365][kafka.coordinator.assignors.range][WARNING]No partition metadata for topic goodtopic
[2016-05-11 18:08:39,509][kafka.coordinator][INFO]Joined group 'kafka-python-default-group' (generation 51) with member_id kafka-python-1.0.2-1fde4bde-e5ea-428f-aafd-1acdaeb8e54b
[2016-05-11 18:08:39,509][kafka.coordinator][INFO]Elected group leader -- performing partition assignments using range
[2016-05-11 18:08:39,551][kafka.consumer.subscription_state][INFO]Updated partition assignment: [TopicPartition(topic=u'instanttopic', partition=0)]
[2016-05-11 18:08:42,649][kafka.coordinator][INFO]Heartbeat successful
[2016-05-11 18:08:45,666][kafka.coordinator][INFO]Heartbeat successful
[2016-05-11 18:08:48,687][kafka.coordinator][INFO]Heartbeat successful
[2016-05-11 18:08:51,746][kafka.coordinator][INFO]Heartbeat successful
[2016-05-11 18:08:54,762][kafka.coordinator][INFO]Heartbeat successful
[2016-05-11 18:08:57,785][kafka.coordinator][INFO]Heartbeat successful
[2016-05-11 18:09:00,845][kafka.coordinator][INFO]Heartbeat successful
[2016-05-11 18:09:03,862][kafka.coordinator][INFO]Heartbeat successful
[2016-05-11 18:09:06,879][kafka.coordinator][INFO]Heartbeat successful
[2016-05-11 18:09:09,904][kafka.coordinator][INFO]Heartbeat successful
[2016-05-11 18:09:12,962][kafka.coordinator][INFO]Heartbeat successful
[2016-05-11 18:09:15,980][kafka.coordinator][INFO]Heartbeat successful
[2016-05-11 18:09:18,999][kafka.coordinator][INFO]Heartbeat successful
[2016-05-11 18:09:22,060][kafka.coordinator][INFO]Heartbeat successful
[2016-05-11 18:09:24,571][kafka.coordinator][INFO]Heartbeat successful
[2016-05-11 18:09:27,630][kafka.coordinator][INFO]Heartbeat successful
[2016-05-11 18:09:30,683][kafka.coordinator][INFO]Heartbeat successful
[2016-05-11 18:09:33,701][kafka.coordinator][INFO]Heartbeat successful
[2016-05-11 18:09:36,723][kafka.coordinator][INFO]Heartbeat successful
[2016-05-11 18:09:39,745][kafka.coordinator][INFO]Heartbeat successful
[2016-05-11 18:09:42,805][kafka.coordinator][INFO]Heartbeat successful
[2016-05-11 18:09:45,818][kafka.coordinator][INFO]Heartbeat successful
[2016-05-11 18:09:48,828][kafka.coordinator][INFO]Heartbeat successful
[2016-05-11 18:09:51,882][kafka.coordinator][INFO]Heartbeat successful
[2016-05-11 18:09:54,899][kafka.coordinator][INFO]Heartbeat successful
[2016-05-11 18:09:57,916][kafka.coordinator][INFO]Heartbeat successful
[2016-05-11 18:10:00,972][kafka.coordinator][INFO]Heartbeat successful
[2016-05-11 18:10:03,988][kafka.coordinator][INFO]Heartbeat successful
[2016-05-11 18:10:07,006][kafka.coordinator][INFO]Heartbeat successful
[2016-05-11 18:10:10,027][kafka.coordinator][INFO]Heartbeat successful
[2016-05-11 18:10:12,585][kafka.coordinator][INFO]Heartbeat successful
[2016-05-11 18:10:15,829][kafka.coordinator][INFO]Heartbeat successful
[2016-05-11 18:10:18,857][kafka.coordinator][INFO]Heartbeat successful
[2016-05-11 18:10:21,884][kafka.coordinator][INFO]Heartbeat successful
[2016-05-11 18:10:24,905][kafka.coordinator][INFO]Heartbeat successful
[2016-05-11 18:10:27,969][kafka.coordinator][INFO]Heartbeat successful
[2016-05-11 18:10:30,997][kafka.coordinator][INFO]Heartbeat successful
[2016-05-11 18:10:34,026][kafka.coordinator][INFO]Heartbeat successful
[2016-05-11 18:10:36,583][kafka.coordinator][INFO]Heartbeat successful
[2016-05-11 18:10:39,641][kafka.coordinator][INFO]Heartbeat successful
