Beginning task setup

/usr/bin/flock
Using existing venv: /tmp/petrel-test-4-1462969332/venv
Task setup took 1 seconds
Launching: python -m petrel.run kafkaconsumer /home/pipe/twitterintel/twitterintel/topology/TopologyTweetTransformationSPAM/petrel24842_kafkaconsumer.log
/usr/local/lib/python2.7/dist-packages/petrel-0.9.4.0.3-py2.7.egg/petrel/run.py invoked with the following arguments: ['kafkaconsumer', '/home/pipe/twitterintel/twitterintel/topology/TopologyTweetTransformationSPAM/petrel24842_kafkaconsumer.log']
python version: 2.7.11
user=root
PATH=/tmp/petrel-test-4-1462969332/venv/bin:/root/SimpleScalar/simplesim-3.0:/root/SimpleScalar/bin:/root/SimpleScalar/gcc-2.6.3:/root/SimpleScalar/bin:/usr/local/sbin:/usr/local/bin:/usr/sbin:/usr/bin:/sbin:/bin:/usr/games:/usr/local/games:/home/pipe/Downloads/zookeeper-3.4.8/bin:/home/pipe/Downloads/apache-storm-0.9.4/bin
LD_LIBRARY_PATH=storm-local/supervisor/stormdist/test-4-1462969332/resources/Linux-amd64:storm-local/supervisor/stormdist/test-4-1462969332/resources:/usr/local/lib:/opt/local/lib:/usr/lib
PYTHON_EGG_CACHE=/tmp/petrel-test-4-1462969332/egg_cache
[2016-05-11 17:53:28,490][storm][INFO]Tuple profiling enabled. Will log tuple processing times.
[2016-05-11 17:53:28,802][storm][INFO]Task received setupInfo from Storm: {u'pidDir': u'/home/pipe/storm-local/workers/8b62214d-dd07-4570-bc32-6de7dc551ae0/pids', u'conf': {u'oauth.acess_token': u' 702208758362087425-HZiyl1x7Bh98cQa1WLBDYylyu10Bpl7', u'topology.tuple.serializer': u'backtype.storm.serialization.types.ListDelegateSerializer', u'topology.workers': 1, u'drpc.worker.threads': 64, u'storm.messaging.netty.client_worker_threads': 1, u'supervisor.heartbeat.frequency.secs': 5, u'topology.executor.send.buffer.size': 1024, u'drpc.childopts': u'-Xmx768m', u'nimbus.thrift.port': 6627, u'storm.zookeeper.retry.intervalceiling.millis': 30000, u'storm.local.dir': u'storm-local', u'topology.receiver.buffer.size': 8, u'storm.zookeeper.servers': [u'localhost'], u'oauth.consumer_secret': u'ADf76fi3O1lKMzBxWnjqf93l3GHv28uar3bkblkvyBrAyoA23i', u'transactional.zookeeper.root': u'/transactional', u'drpc.request.timeout.secs': 600, u'topology.skip.missing.kryo.registrations': False, u'worker.heartbeat.frequency.secs': 1, u'zmq.hwm': 0, u'storm.zookeeper.connection.timeout': 15000, u'java.library.path': u'/usr/local/lib:/opt/local/lib:/usr/lib', u'topology.max.error.report.per.interval': 5, u'storm.messaging.netty.server_worker_threads': 1, u'storm.id': u'test-4-1462969332', u'supervisor.worker.start.timeout.secs': 120, u'zmq.threads': 1, u'topology.acker.executors': None, u'storm.messaging.netty.flush.check.interval.ms': 10, u'storm.messaging.netty.transfer.batch.size': 262144, u'topology.max.task.parallelism': None, u'topology.environment': None, u'storm.zookeeper.port': 2181, u'nimbus.childopts': u'-Xmx1024m', u'topology.classpath': None, u'worker.childopts': u'-Xmx768m', u'drpc.queue.size': 128, u'topology.multilang.serializer': u'backtype.storm.multilang.JsonSerializer', u'storm.zookeeper.retry.times': 5, u'nimbus.monitor.freq.secs': 10, u'storm.cluster.mode': u'distributed', u'dev.zookeeper.path': u'/tmp/dev-storm-zookeeper', u'drpc.invocations.port': 3773, u'topology.tasks': None, u'storm.zookeeper.root': u'/storm', u'logviewer.childopts': u'-Xmx128m', u'storm.meta.serialization.delegate': u'backtype.storm.serialization.DefaultSerializationDelegate', u'transactional.zookeeper.port': None, u'topology.worker.receiver.thread.count': 1, u'topology.worker.childopts': None, u'topology.max.spout.pending': None, u'topology.kryo.register': None, u'petrel.host': u'pipe-X550CC', u'nimbus.cleanup.inbox.freq.secs': 600, u'storm.messaging.netty.min_wait_ms': 100, u'nimbus.task.timeout.secs': 30, u'nimbus.thrift.max_buffer_size': 1048576, u'topology.sleep.spout.wait.strategy.time.ms': 1, u'nimbus.reassign': True, u'storm.messaging.transport': u'backtype.storm.messaging.netty.Context', u'logviewer.appender.name': u'A1', u'nimbus.host': u'localhost', u'ui.port': 8080, u'supervisor.slots.ports': [6700, 6701, 6702, 6703], u'nimbus.file.copy.expiration.secs': 600, u'supervisor.monitor.frequency.secs': 3, u'ui.childopts': u'-Xmx768m', u'transactional.zookeeper.servers': None, u'zmq.linger.millis': 5000, u'topology.error.throttle.interval.secs': 10, u'topology.worker.shared.thread.pool.size': 4, u'topology.executor.receive.buffer.size': 1024, u'topology.spout.wait.strategy': u'backtype.storm.spout.SleepSpoutWaitStrategy', u'task.heartbeat.frequency.secs': 3, u'topology.transfer.buffer.size': 1024, u'storm.zookeeper.session.timeout': 20000, u'storm.local.mode.zmq': False, u'topology.stats.sample.rate': 0.05, u'topology.fall.back.on.java.serialization': True, u'supervisor.childopts': u'-Xmx256m', u'topology.enable.message.timeouts': True, u'storm.messaging.netty.max_wait_ms': 1000, u'nimbus.topology.validator': u'backtype.storm.nimbus.DefaultTopologyValidator', u'nimbus.supervisor.timeout.secs': 60, u'topology.disruptor.wait.strategy': u'com.lmax.disruptor.BlockingWaitStrategy', u'storm.messaging.netty.buffer_size': 5242880, u'drpc.port': 3772, u'topology.kryo.factory': u'backtype.storm.serialization.DefaultKryoFactory', u'storm.zookeeper.retry.interval': 1000, u'storm.messaging.netty.max_retries': 300, u'topology.tick.tuple.freq.secs': 30, u'supervisor.enable': True, u'nimbus.task.launch.secs': 120, u'task.refresh.poll.secs': 10, u'topology.message.timeout.secs': 30, u'oauth.acess_token_secret': u'IiNOTfgE3tEZvW2HDQhRKPMoOLU43NXJCXk8maj51SdAT', u'petrel.user': u'root', u'nimbus.inbox.jar.expiration.secs': 3600, u'topology.state.synchronization.timeout.secs': 60, u'topology.name': u'test', u'supervisor.worker.timeout.secs': 30, u'topology.trident.batch.emit.interval.millis': 500, u'topology.builtin.metrics.bucket.size.secs': 60, u'storm.thrift.transport': u'backtype.storm.security.auth.SimpleTransportPlugin', u'logviewer.port': 8000, u'oauth.consumer_key': u'eaFmBSxUveRJfmyZYeabti9Q9', u'topology.kryo.decorators': [], u'topology.debug': False}, u'context': {u'task->component': {u'1': u'CountThreeWords', u'3': u'CountWord', u'2': u'CountTwoWords', u'5': u'ThreeWordDivider', u'4': u'KafkaConsumer', u'7': u'WordDivider', u'6': u'TwoWordDivider', u'8': u'__acker'}, u'taskid': 4}}
[2016-05-11 17:53:28,812][storm][INFO]Task sent pid to Storm
[2016-05-11 17:53:28,966][kafka.client][INFO]Broker version identifed as 0.9
[2016-05-11 17:53:28,975][kafka.consumer.subscription_state][INFO]Updating subscribed topics to: ['instanttopic']
[2016-05-11 17:53:29,056][kafka.cluster][INFO]Group coordinator for kafka-python-default-group is BrokerMetadata(nodeId=0, host=u'pipe-X550CC', port=9092)
[2016-05-11 17:53:40,375][kafka.coordinator][INFO]Joined group 'kafka-python-default-group' (generation 44) with member_id kafka-python-1.0.2-810fe6fd-3432-404a-ab1f-bb222629b92a
[2016-05-11 17:53:40,375][kafka.coordinator][INFO]Elected group leader -- performing partition assignments using range
[2016-05-11 17:53:40,376][kafka.coordinator.assignors.range][WARNING]No partition metadata for topic goodtopic
[2016-05-11 17:53:40,517][kafka.coordinator][INFO]Joined group 'kafka-python-default-group' (generation 44) with member_id kafka-python-1.0.2-810fe6fd-3432-404a-ab1f-bb222629b92a
[2016-05-11 17:53:40,517][kafka.coordinator][INFO]Elected group leader -- performing partition assignments using range
[2016-05-11 17:53:40,571][kafka.consumer.subscription_state][INFO]Updated partition assignment: [TopicPartition(topic=u'instanttopic', partition=0)]
[2016-05-11 17:53:43,666][kafka.coordinator][INFO]Heartbeat successful
[2016-05-11 17:53:46,683][kafka.coordinator][INFO]Heartbeat successful
[2016-05-11 17:53:49,701][kafka.coordinator][INFO]Heartbeat successful
[2016-05-11 17:53:52,754][kafka.coordinator][INFO]Heartbeat successful
[2016-05-11 17:53:55,769][kafka.coordinator][INFO]Heartbeat successful
[2016-05-11 17:53:58,784][kafka.coordinator][INFO]Heartbeat successful
[2016-05-11 17:54:01,837][kafka.coordinator][INFO]Heartbeat successful
[2016-05-11 17:54:04,854][kafka.coordinator][INFO]Heartbeat successful
[2016-05-11 17:54:07,871][kafka.coordinator][INFO]Heartbeat successful
[2016-05-11 17:54:10,888][kafka.coordinator][INFO]Heartbeat successful
[2016-05-11 17:54:13,950][kafka.coordinator][INFO]Heartbeat successful
[2016-05-11 17:54:16,970][kafka.coordinator][INFO]Heartbeat successful
[2016-05-11 17:54:19,984][kafka.coordinator][INFO]Heartbeat successful
[2016-05-11 17:54:23,036][kafka.coordinator][INFO]Heartbeat successful
[2016-05-11 17:54:26,050][kafka.coordinator][INFO]Heartbeat successful
[2016-05-11 17:54:29,062][kafka.coordinator][INFO]Heartbeat successful
[2016-05-11 17:54:31,609][kafka.coordinator][INFO]Heartbeat successful
[2016-05-11 17:54:34,658][kafka.coordinator][INFO]Heartbeat successful
[2016-05-11 17:54:37,728][kafka.coordinator][INFO]Heartbeat successful
[2016-05-11 17:54:40,745][kafka.coordinator][INFO]Heartbeat successful
[2016-05-11 17:54:43,806][kafka.coordinator][INFO]Heartbeat successful
[2016-05-11 17:54:46,821][kafka.coordinator][INFO]Heartbeat successful
[2016-05-11 17:54:49,834][kafka.coordinator][INFO]Heartbeat successful
[2016-05-11 17:54:52,886][kafka.coordinator][INFO]Heartbeat successful
[2016-05-11 17:54:55,902][kafka.coordinator][INFO]Heartbeat successful
[2016-05-11 17:54:58,914][kafka.coordinator][INFO]Heartbeat successful
[2016-05-11 17:55:02,033][kafka.coordinator][INFO]Heartbeat successful
[2016-05-11 17:55:05,051][kafka.coordinator][INFO]Heartbeat successful
[2016-05-11 17:55:07,606][kafka.coordinator][INFO]Heartbeat successful
[2016-05-11 17:55:10,654][kafka.coordinator][INFO]Heartbeat successful
[2016-05-11 17:55:13,674][kafka.coordinator][INFO]Heartbeat successful
[2016-05-11 17:55:16,690][kafka.coordinator][INFO]Heartbeat successful
[2016-05-11 17:55:19,741][kafka.coordinator][INFO]Heartbeat successful
[2016-05-11 17:55:22,763][kafka.coordinator][INFO]Heartbeat successful
[2016-05-11 17:55:25,782][kafka.coordinator][INFO]Heartbeat successful
[2016-05-11 17:55:28,835][kafka.coordinator][INFO]Heartbeat successful
[2016-05-11 17:55:31,849][kafka.coordinator][INFO]Heartbeat successful
[2016-05-11 17:55:34,863][kafka.coordinator][INFO]Heartbeat successful
[2016-05-11 17:55:37,919][kafka.coordinator][INFO]Heartbeat successful
[2016-05-11 17:55:40,932][kafka.coordinator][INFO]Heartbeat successful
[2016-05-11 17:55:43,787][kafka.coordinator][INFO]Heartbeat successful
[2016-05-11 17:55:46,800][kafka.coordinator][INFO]Heartbeat successful
[2016-05-11 17:55:49,857][kafka.coordinator][INFO]Heartbeat successful
[2016-05-11 17:55:52,870][kafka.coordinator][INFO]Heartbeat successful
[2016-05-11 17:55:55,963][kafka.coordinator][INFO]Heartbeat successful
[2016-05-11 17:55:58,977][kafka.coordinator][INFO]Heartbeat successful
[2016-05-11 17:56:01,990][kafka.coordinator][INFO]Heartbeat successful
[2016-05-11 17:56:05,050][kafka.coordinator][INFO]Heartbeat successful
[2016-05-11 17:56:08,068][kafka.coordinator][INFO]Heartbeat successful
[2016-05-11 17:56:11,084][kafka.coordinator][INFO]Heartbeat successful
[2016-05-11 17:56:13,636][kafka.coordinator][INFO]Heartbeat successful
[2016-05-11 17:56:16,689][kafka.coordinator][INFO]Heartbeat successful
[2016-05-11 17:56:19,703][kafka.coordinator][INFO]Heartbeat successful
[2016-05-11 17:56:22,721][kafka.coordinator][INFO]Heartbeat successful
[2016-05-11 17:56:25,773][kafka.coordinator][INFO]Heartbeat successful
[2016-05-11 17:56:28,793][kafka.coordinator][INFO]Heartbeat successful
[2016-05-11 17:56:31,811][kafka.coordinator][INFO]Heartbeat successful
[2016-05-11 17:56:34,867][kafka.coordinator][INFO]Heartbeat successful
[2016-05-11 17:56:37,887][kafka.coordinator][INFO]Heartbeat successful
[2016-05-11 17:56:40,901][kafka.coordinator][INFO]Heartbeat successful
[2016-05-11 17:56:43,956][kafka.coordinator][WARNING]Heartbeat: group is rebalancing; this consumer needs to re-join
[2016-05-11 17:56:43,956][kafka.coordinator][WARNING]Heartbeat failed; retrying
[2016-05-11 17:56:44,057][kafka.coordinator][INFO]Skipping heartbeat: no auto-assignment or waiting on rebalance
[2016-05-11 17:56:49,706][kafka.coordinator][INFO]Joined group 'kafka-python-default-group' (generation 45) with member_id kafka-python-1.0.2-810fe6fd-3432-404a-ab1f-bb222629b92a
[2016-05-11 17:56:49,707][kafka.coordinator][INFO]Elected group leader -- performing partition assignments using range
[2016-05-11 17:56:49,713][kafka.consumer.subscription_state][INFO]Updated partition assignment: [TopicPartition(topic=u'instanttopic', partition=0)]
[2016-05-11 17:56:52,807][kafka.coordinator][INFO]Heartbeat successful
[2016-05-11 17:56:55,826][kafka.coordinator][INFO]Heartbeat successful
[2016-05-11 17:56:58,875][kafka.coordinator][INFO]Heartbeat successful
[2016-05-11 17:57:01,900][kafka.coordinator][INFO]Heartbeat successful
[2016-05-11 17:57:04,918][kafka.coordinator][INFO]Heartbeat successful
[2016-05-11 17:57:07,976][kafka.coordinator][INFO]Heartbeat successful
[2016-05-11 17:57:10,996][kafka.coordinator][INFO]Heartbeat successful
[2016-05-11 17:57:14,015][kafka.coordinator][INFO]Heartbeat successful
[2016-05-11 17:57:17,069][kafka.coordinator][INFO]Heartbeat successful
[2016-05-11 17:57:20,080][kafka.coordinator][INFO]Heartbeat successful
[2016-05-11 17:57:23,094][kafka.coordinator][INFO]Heartbeat successful
[2016-05-11 17:57:26,147][kafka.coordinator][INFO]Heartbeat successful
[2016-05-11 17:57:29,162][kafka.coordinator][INFO]Heartbeat successful
[2016-05-11 17:57:32,181][kafka.coordinator][INFO]Heartbeat successful
[2016-05-11 17:57:35,198][kafka.coordinator][INFO]Heartbeat successful
[2016-05-11 17:57:37,752][kafka.coordinator][INFO]Heartbeat successful
[2016-05-11 17:57:40,813][kafka.coordinator][INFO]Heartbeat successful
[2016-05-11 17:57:43,826][kafka.coordinator][INFO]Heartbeat successful
[2016-05-11 17:57:46,877][kafka.coordinator][INFO]Heartbeat successful
[2016-05-11 17:57:49,892][kafka.coordinator][INFO]Heartbeat successful
[2016-05-11 17:57:52,913][kafka.coordinator][INFO]Heartbeat successful
[2016-05-11 17:57:55,975][kafka.coordinator][INFO]Heartbeat successful
[2016-05-11 17:57:58,990][kafka.coordinator][INFO]Heartbeat successful
[2016-05-11 17:58:02,009][kafka.coordinator][INFO]Heartbeat successful
[2016-05-11 17:58:05,026][kafka.coordinator][INFO]Heartbeat successful
[2016-05-11 17:58:08,084][kafka.coordinator][INFO]Heartbeat successful
[2016-05-11 17:58:11,104][kafka.coordinator][INFO]Heartbeat successful
[2016-05-11 17:58:14,123][kafka.coordinator][INFO]Heartbeat successful
[2016-05-11 17:58:17,182][kafka.coordinator][INFO]Heartbeat successful
[2016-05-11 17:58:20,198][kafka.coordinator][INFO]Heartbeat successful
[2016-05-11 17:58:23,229][kafka.coordinator][INFO]Heartbeat successful
[2016-05-11 17:58:25,745][kafka.coordinator][INFO]Heartbeat successful
[2016-05-11 17:58:28,804][kafka.coordinator][INFO]Heartbeat successful
[2016-05-11 17:58:31,847][kafka.coordinator][INFO]Heartbeat successful
[2016-05-11 17:58:34,864][kafka.coordinator][INFO]Heartbeat successful
[2016-05-11 17:58:37,885][kafka.coordinator][INFO]Heartbeat successful
[2016-05-11 17:58:40,735][kafka.coordinator][WARNING]Coordinator unknown during heartbeat -- will retry
[2016-05-11 17:58:40,735][kafka.coordinator][WARNING]Heartbeat failed; retrying
[2016-05-11 17:58:40,835][kafka.coordinator][WARNING]Coordinator unknown during heartbeat -- will retry
[2016-05-11 17:58:40,835][kafka.coordinator][WARNING]Heartbeat failed; retrying
[2016-05-11 17:58:40,937][kafka.coordinator][INFO]Heartbeat successful
[2016-05-11 17:58:43,996][kafka.coordinator][INFO]Heartbeat successful
[2016-05-11 17:58:47,046][kafka.coordinator][INFO]Heartbeat successful
[2016-05-11 17:58:50,057][kafka.coordinator][INFO]Heartbeat successful
[2016-05-11 17:58:53,075][kafka.coordinator][INFO]Heartbeat successful
