Beginning task setup

/usr/bin/flock
Using existing venv: /tmp/petrel-good-5-1462980106/venv
Task setup took 0 seconds
Launching: python -m petrel.run kafkaconsumer /home/pipe/twitterintel/twitterintel/topology/TopologyTweetTransformationGOOD/petrel22253_kafkaconsumer.log
/usr/local/lib/python2.7/dist-packages/petrel-0.9.4.0.3-py2.7.egg/petrel/run.py invoked with the following arguments: ['kafkaconsumer', '/home/pipe/twitterintel/twitterintel/topology/TopologyTweetTransformationGOOD/petrel22253_kafkaconsumer.log']
python version: 2.7.11
user=root
PATH=/tmp/petrel-good-5-1462980106/venv/bin:/root/SimpleScalar/simplesim-3.0:/root/SimpleScalar/bin:/root/SimpleScalar/gcc-2.6.3:/root/SimpleScalar/bin:/usr/local/sbin:/usr/local/bin:/usr/sbin:/usr/bin:/sbin:/bin:/usr/games:/usr/local/games:/home/pipe/Downloads/zookeeper-3.4.8/bin:/home/pipe/Downloads/apache-storm-0.9.4/bin
LD_LIBRARY_PATH=storm-local/supervisor/stormdist/good-5-1462980106/resources/Linux-amd64:storm-local/supervisor/stormdist/good-5-1462980106/resources:/usr/local/lib:/opt/local/lib:/usr/lib
PYTHON_EGG_CACHE=/tmp/petrel-good-5-1462980106/egg_cache
[2016-05-11 17:39:06,023][storm][INFO]Tuple profiling enabled. Will log tuple processing times.
[2016-05-11 17:39:06,262][storm][INFO]Task received setupInfo from Storm: {u'pidDir': u'/home/pipe/storm-local/workers/b3262b20-964c-4ef4-b146-5db4af188277/pids', u'conf': {u'oauth.acess_token': u' 702208758362087425-HZiyl1x7Bh98cQa1WLBDYylyu10Bpl7', u'topology.tuple.serializer': u'backtype.storm.serialization.types.ListDelegateSerializer', u'topology.workers': 1, u'drpc.worker.threads': 64, u'storm.messaging.netty.client_worker_threads': 1, u'supervisor.heartbeat.frequency.secs': 5, u'topology.executor.send.buffer.size': 1024, u'drpc.childopts': u'-Xmx768m', u'nimbus.thrift.port': 6627, u'storm.zookeeper.retry.intervalceiling.millis': 30000, u'storm.local.dir': u'storm-local', u'topology.receiver.buffer.size': 8, u'storm.zookeeper.servers': [u'localhost'], u'oauth.consumer_secret': u'ADf76fi3O1lKMzBxWnjqf93l3GHv28uar3bkblkvyBrAyoA23i', u'transactional.zookeeper.root': u'/transactional', u'drpc.request.timeout.secs': 600, u'topology.skip.missing.kryo.registrations': False, u'worker.heartbeat.frequency.secs': 1, u'zmq.hwm': 0, u'storm.zookeeper.connection.timeout': 15000, u'java.library.path': u'/usr/local/lib:/opt/local/lib:/usr/lib', u'topology.max.error.report.per.interval': 5, u'storm.messaging.netty.server_worker_threads': 1, u'storm.id': u'good-5-1462980106', u'supervisor.worker.start.timeout.secs': 120, u'zmq.threads': 1, u'topology.acker.executors': None, u'storm.messaging.netty.flush.check.interval.ms': 10, u'storm.messaging.netty.transfer.batch.size': 262144, u'topology.max.task.parallelism': None, u'topology.environment': None, u'storm.zookeeper.port': 2181, u'nimbus.childopts': u'-Xmx1024m', u'topology.classpath': None, u'worker.childopts': u'-Xmx768m', u'drpc.queue.size': 128, u'topology.multilang.serializer': u'backtype.storm.multilang.JsonSerializer', u'storm.zookeeper.retry.times': 5, u'nimbus.monitor.freq.secs': 10, u'storm.cluster.mode': u'distributed', u'dev.zookeeper.path': u'/tmp/dev-storm-zookeeper', u'drpc.invocations.port': 3773, u'topology.tasks': None, u'storm.zookeeper.root': u'/storm', u'logviewer.childopts': u'-Xmx128m', u'storm.meta.serialization.delegate': u'backtype.storm.serialization.DefaultSerializationDelegate', u'transactional.zookeeper.port': None, u'topology.worker.receiver.thread.count': 1, u'topology.worker.childopts': None, u'topology.max.spout.pending': None, u'topology.kryo.register': None, u'petrel.host': u'pipe-X550CC', u'nimbus.cleanup.inbox.freq.secs': 600, u'storm.messaging.netty.min_wait_ms': 100, u'nimbus.task.timeout.secs': 30, u'nimbus.thrift.max_buffer_size': 1048576, u'topology.sleep.spout.wait.strategy.time.ms': 1, u'nimbus.reassign': True, u'storm.messaging.transport': u'backtype.storm.messaging.netty.Context', u'logviewer.appender.name': u'A1', u'nimbus.host': u'localhost', u'ui.port': 8080, u'supervisor.slots.ports': [6700, 6701, 6702, 6703], u'nimbus.file.copy.expiration.secs': 600, u'supervisor.monitor.frequency.secs': 3, u'ui.childopts': u'-Xmx768m', u'transactional.zookeeper.servers': None, u'zmq.linger.millis': 5000, u'topology.error.throttle.interval.secs': 10, u'topology.worker.shared.thread.pool.size': 4, u'topology.executor.receive.buffer.size': 1024, u'topology.spout.wait.strategy': u'backtype.storm.spout.SleepSpoutWaitStrategy', u'task.heartbeat.frequency.secs': 3, u'topology.transfer.buffer.size': 1024, u'storm.zookeeper.session.timeout': 20000, u'storm.local.mode.zmq': False, u'topology.stats.sample.rate': 0.05, u'topology.fall.back.on.java.serialization': True, u'supervisor.childopts': u'-Xmx256m', u'topology.enable.message.timeouts': True, u'storm.messaging.netty.max_wait_ms': 1000, u'nimbus.topology.validator': u'backtype.storm.nimbus.DefaultTopologyValidator', u'nimbus.supervisor.timeout.secs': 60, u'topology.disruptor.wait.strategy': u'com.lmax.disruptor.BlockingWaitStrategy', u'storm.messaging.netty.buffer_size': 5242880, u'drpc.port': 3772, u'topology.kryo.factory': u'backtype.storm.serialization.DefaultKryoFactory', u'storm.zookeeper.retry.interval': 1000, u'storm.messaging.netty.max_retries': 300, u'topology.tick.tuple.freq.secs': 30, u'supervisor.enable': True, u'nimbus.task.launch.secs': 120, u'task.refresh.poll.secs': 10, u'topology.message.timeout.secs': 30, u'oauth.acess_token_secret': u'IiNOTfgE3tEZvW2HDQhRKPMoOLU43NXJCXk8maj51SdAT', u'petrel.user': u'root', u'nimbus.inbox.jar.expiration.secs': 3600, u'topology.state.synchronization.timeout.secs': 60, u'topology.name': u'good', u'supervisor.worker.timeout.secs': 30, u'topology.trident.batch.emit.interval.millis': 500, u'topology.builtin.metrics.bucket.size.secs': 60, u'storm.thrift.transport': u'backtype.storm.security.auth.SimpleTransportPlugin', u'logviewer.port': 8000, u'oauth.consumer_key': u'eaFmBSxUveRJfmyZYeabti9Q9', u'topology.kryo.decorators': [], u'topology.debug': False}, u'context': {u'task->component': {u'1': u'CountThreeWords', u'3': u'CountWord', u'2': u'CountTwoWords', u'5': u'ThreeWordDivider', u'4': u'KafkaConsumer', u'7': u'WordDivider', u'6': u'TwoWordDivider', u'8': u'__acker'}, u'taskid': 4}}
[2016-05-11 17:39:06,273][storm][INFO]Task sent pid to Storm
[2016-05-11 17:39:06,429][kafka.client][INFO]Broker version identifed as 0.9
[2016-05-11 17:39:06,431][kafka.consumer.subscription_state][INFO]Updating subscribed topics to: ['goodtopic']
[2016-05-11 17:39:06,512][kafka.cluster][INFO]Group coordinator for kafka-python-default-group is BrokerMetadata(nodeId=0, host=u'pipe-X550CC', port=9092)
[2016-05-11 17:39:14,288][kafka.coordinator][INFO]Joined group 'kafka-python-default-group' (generation 38) with member_id kafka-python-1.0.2-26fe3352-beab-4ff5-83fb-a988c3b70dc0
[2016-05-11 17:39:14,288][kafka.coordinator][INFO]Elected group leader -- performing partition assignments using range
[2016-05-11 17:39:14,288][kafka.coordinator.assignors.range][WARNING]No partition metadata for topic instanttopic
[2016-05-11 17:39:14,429][kafka.coordinator][INFO]Joined group 'kafka-python-default-group' (generation 38) with member_id kafka-python-1.0.2-26fe3352-beab-4ff5-83fb-a988c3b70dc0
[2016-05-11 17:39:14,429][kafka.coordinator][INFO]Elected group leader -- performing partition assignments using range
[2016-05-11 17:39:14,470][kafka.consumer.subscription_state][INFO]Updated partition assignment: [TopicPartition(topic=u'goodtopic', partition=0)]
[2016-05-11 17:39:17,561][kafka.coordinator][INFO]Heartbeat successful
[2016-05-11 17:39:20,579][kafka.coordinator][INFO]Heartbeat successful
[2016-05-11 17:39:23,596][kafka.coordinator][INFO]Heartbeat successful
[2016-05-11 17:39:26,816][kafka.coordinator][INFO]Heartbeat successful
[2016-05-11 17:39:29,841][kafka.coordinator][INFO]Heartbeat successful
[2016-05-11 17:39:32,905][kafka.coordinator][INFO]Heartbeat successful
[2016-05-11 17:39:35,941][kafka.coordinator][INFO]Heartbeat successful
[2016-05-11 17:39:38,959][kafka.coordinator][INFO]Heartbeat successful
[2016-05-11 17:39:41,478][kafka.coordinator][INFO]Heartbeat successful
[2016-05-11 17:39:44,538][kafka.coordinator][INFO]Heartbeat successful
[2016-05-11 17:39:47,557][kafka.coordinator][INFO]Heartbeat successful
[2016-05-11 17:39:50,811][kafka.coordinator][INFO]Heartbeat successful
[2016-05-11 17:39:53,493][kafka.coordinator][INFO]Heartbeat successful
[2016-05-11 17:39:56,839][kafka.coordinator][INFO]Heartbeat successful
[2016-05-11 17:39:59,585][kafka.coordinator][INFO]Heartbeat successful
[2016-05-11 17:40:02,950][kafka.coordinator][INFO]Heartbeat successful
[2016-05-11 17:40:05,782][kafka.coordinator][INFO]Heartbeat successful
[2016-05-11 17:40:09,029][kafka.coordinator][INFO]Heartbeat successful
[2016-05-11 17:40:11,557][kafka.coordinator][INFO]Heartbeat successful
[2016-05-11 17:40:14,579][kafka.coordinator][INFO]Heartbeat successful
[2016-05-11 17:40:17,635][kafka.coordinator][INFO]Heartbeat successful
[2016-05-11 17:40:20,652][kafka.coordinator][INFO]Heartbeat successful
[2016-05-11 17:40:23,670][kafka.coordinator][INFO]Heartbeat successful
[2016-05-11 17:40:26,727][kafka.coordinator][INFO]Heartbeat successful
[2016-05-11 17:40:29,741][kafka.coordinator][INFO]Heartbeat successful
[2016-05-11 17:40:32,758][kafka.coordinator][INFO]Heartbeat successful
[2016-05-11 17:40:35,773][kafka.coordinator][INFO]Heartbeat successful
[2016-05-11 17:40:38,833][kafka.coordinator][INFO]Heartbeat successful
[2016-05-11 17:40:41,852][kafka.coordinator][INFO]Heartbeat successful
[2016-05-11 17:40:44,869][kafka.coordinator][INFO]Heartbeat successful
[2016-05-11 17:40:47,925][kafka.coordinator][INFO]Heartbeat successful
[2016-05-11 17:40:50,940][kafka.coordinator][INFO]Heartbeat successful
[2016-05-11 17:40:53,957][kafka.coordinator][INFO]Heartbeat successful
[2016-05-11 17:40:57,006][kafka.coordinator][INFO]Heartbeat successful
[2016-05-11 17:40:59,523][kafka.coordinator][INFO]Heartbeat successful
[2016-05-11 17:41:02,573][kafka.coordinator][INFO]Heartbeat successful
[2016-05-11 17:41:05,585][kafka.coordinator][INFO]Heartbeat successful
[2016-05-11 17:41:08,641][kafka.coordinator][INFO]Heartbeat successful
[2016-05-11 17:41:11,655][kafka.coordinator][INFO]Heartbeat successful
[2016-05-11 17:41:14,671][kafka.coordinator][INFO]Heartbeat successful
[2016-05-11 17:41:17,729][kafka.coordinator][INFO]Heartbeat successful
[2016-05-11 17:41:20,748][kafka.coordinator][INFO]Heartbeat successful
[2016-05-11 17:41:23,769][kafka.coordinator][INFO]Heartbeat successful
[2016-05-11 17:41:26,788][kafka.coordinator][INFO]Heartbeat successful
[2016-05-11 17:41:29,840][kafka.coordinator][INFO]Heartbeat successful
[2016-05-11 17:41:32,853][kafka.coordinator][INFO]Heartbeat successful
[2016-05-11 17:41:35,866][kafka.coordinator][INFO]Heartbeat successful
[2016-05-11 17:41:38,923][kafka.coordinator][INFO]Heartbeat successful
[2016-05-11 17:41:41,942][kafka.coordinator][INFO]Heartbeat successful
[2016-05-11 17:41:44,957][kafka.coordinator][INFO]Heartbeat successful
[2016-05-11 17:41:47,506][kafka.coordinator][INFO]Heartbeat successful
[2016-05-11 17:41:50,585][kafka.coordinator][INFO]Heartbeat successful
[2016-05-11 17:41:53,598][kafka.coordinator][INFO]Heartbeat successful
[2016-05-11 17:41:56,616][kafka.coordinator][INFO]Heartbeat successful
[2016-05-11 17:41:59,669][kafka.coordinator][WARNING]Heartbeat: group is rebalancing; this consumer needs to re-join
[2016-05-11 17:41:59,670][kafka.coordinator][WARNING]Heartbeat failed; retrying
[2016-05-11 17:41:59,770][kafka.coordinator][INFO]Skipping heartbeat: no auto-assignment or waiting on rebalance
[2016-05-11 17:42:02,850][kafka.coordinator][INFO]Joined group 'kafka-python-default-group' (generation 39) with member_id kafka-python-1.0.2-26fe3352-beab-4ff5-83fb-a988c3b70dc0
[2016-05-11 17:42:02,851][kafka.coordinator][INFO]Elected group leader -- performing partition assignments using range
[2016-05-11 17:42:02,859][kafka.consumer.subscription_state][INFO]Updated partition assignment: [TopicPartition(topic=u'goodtopic', partition=0)]
[2016-05-11 17:42:05,955][kafka.coordinator][INFO]Heartbeat successful
[2016-05-11 17:42:08,979][kafka.coordinator][INFO]Heartbeat successful
[2016-05-11 17:42:11,995][kafka.coordinator][INFO]Heartbeat successful
[2016-05-11 17:42:15,060][kafka.coordinator][INFO]Heartbeat successful
[2016-05-11 17:42:18,078][kafka.coordinator][INFO]Heartbeat successful
[2016-05-11 17:42:21,094][kafka.coordinator][INFO]Heartbeat successful
[2016-05-11 17:42:24,155][kafka.coordinator][INFO]Heartbeat successful
[2016-05-11 17:42:27,178][kafka.coordinator][INFO]Heartbeat successful
[2016-05-11 17:42:30,195][kafka.coordinator][INFO]Heartbeat successful
[2016-05-11 17:42:33,219][kafka.coordinator][INFO]Heartbeat successful
[2016-05-11 17:42:36,280][kafka.coordinator][INFO]Heartbeat successful
[2016-05-11 17:42:39,296][kafka.coordinator][INFO]Heartbeat successful
[2016-05-11 17:42:42,316][kafka.coordinator][INFO]Heartbeat successful
[2016-05-11 17:42:44,874][kafka.coordinator][INFO]Heartbeat successful
[2016-05-11 17:42:47,934][kafka.coordinator][INFO]Heartbeat successful
[2016-05-11 17:42:50,951][kafka.coordinator][INFO]Heartbeat successful
[2016-05-11 17:42:54,016][kafka.coordinator][INFO]Heartbeat successful
[2016-05-11 17:42:57,038][kafka.coordinator][INFO]Heartbeat successful
[2016-05-11 17:43:00,060][kafka.coordinator][INFO]Heartbeat successful
[2016-05-11 17:43:03,080][kafka.coordinator][INFO]Heartbeat successful
[2016-05-11 17:43:06,136][kafka.coordinator][INFO]Heartbeat successful
[2016-05-11 17:43:09,159][kafka.coordinator][INFO]Heartbeat successful
[2016-05-11 17:43:12,178][kafka.coordinator][INFO]Heartbeat successful
[2016-05-11 17:43:15,237][kafka.coordinator][INFO]Heartbeat successful
[2016-05-11 17:43:18,255][kafka.coordinator][INFO]Heartbeat successful
[2016-05-11 17:43:21,280][kafka.coordinator][INFO]Heartbeat successful
[2016-05-11 17:43:23,899][kafka.coordinator][INFO]Heartbeat successful
