Beginning task setup

/usr/bin/flock
Using existing venv: /tmp/petrel-good-5-1462980106/venv
Task setup took 1 seconds
Launching: python -m petrel.run kafkaconsumer /home/pipe/twitterintel/twitterintel/topology/TopologyTweetTransformationGOOD/petrel15997_kafkaconsumer.log
/usr/local/lib/python2.7/dist-packages/petrel-0.9.4.0.3-py2.7.egg/petrel/run.py invoked with the following arguments: ['kafkaconsumer', '/home/pipe/twitterintel/twitterintel/topology/TopologyTweetTransformationGOOD/petrel15997_kafkaconsumer.log']
python version: 2.7.11
user=root
PATH=/tmp/petrel-good-5-1462980106/venv/bin:/root/SimpleScalar/simplesim-3.0:/root/SimpleScalar/bin:/root/SimpleScalar/gcc-2.6.3:/root/SimpleScalar/bin:/usr/local/sbin:/usr/local/bin:/usr/sbin:/usr/bin:/sbin:/bin:/usr/games:/usr/local/games:/home/pipe/Downloads/zookeeper-3.4.8/bin:/home/pipe/Downloads/apache-storm-0.9.4/bin
LD_LIBRARY_PATH=storm-local/supervisor/stormdist/good-5-1462980106/resources/Linux-amd64:storm-local/supervisor/stormdist/good-5-1462980106/resources:/usr/local/lib:/opt/local/lib:/usr/lib
PYTHON_EGG_CACHE=/tmp/petrel-good-5-1462980106/egg_cache
[2016-05-11 17:09:46,126][storm][INFO]Tuple profiling enabled. Will log tuple processing times.
[2016-05-11 17:09:56,002][storm][INFO]Task received setupInfo from Storm: {u'pidDir': u'/home/pipe/storm-local/workers/ae2c24cf-706b-418a-b376-0e957ad8f25d/pids', u'conf': {u'oauth.acess_token': u' 702208758362087425-HZiyl1x7Bh98cQa1WLBDYylyu10Bpl7', u'topology.tuple.serializer': u'backtype.storm.serialization.types.ListDelegateSerializer', u'topology.workers': 1, u'drpc.worker.threads': 64, u'storm.messaging.netty.client_worker_threads': 1, u'supervisor.heartbeat.frequency.secs': 5, u'topology.executor.send.buffer.size': 1024, u'drpc.childopts': u'-Xmx768m', u'nimbus.thrift.port': 6627, u'storm.zookeeper.retry.intervalceiling.millis': 30000, u'storm.local.dir': u'storm-local', u'topology.receiver.buffer.size': 8, u'storm.zookeeper.servers': [u'localhost'], u'oauth.consumer_secret': u'ADf76fi3O1lKMzBxWnjqf93l3GHv28uar3bkblkvyBrAyoA23i', u'transactional.zookeeper.root': u'/transactional', u'drpc.request.timeout.secs': 600, u'topology.skip.missing.kryo.registrations': False, u'worker.heartbeat.frequency.secs': 1, u'zmq.hwm': 0, u'storm.zookeeper.connection.timeout': 15000, u'java.library.path': u'/usr/local/lib:/opt/local/lib:/usr/lib', u'topology.max.error.report.per.interval': 5, u'storm.messaging.netty.server_worker_threads': 1, u'storm.id': u'good-5-1462980106', u'supervisor.worker.start.timeout.secs': 120, u'zmq.threads': 1, u'topology.acker.executors': None, u'storm.messaging.netty.flush.check.interval.ms': 10, u'storm.messaging.netty.transfer.batch.size': 262144, u'topology.max.task.parallelism': None, u'topology.environment': None, u'storm.zookeeper.port': 2181, u'nimbus.childopts': u'-Xmx1024m', u'topology.classpath': None, u'worker.childopts': u'-Xmx768m', u'drpc.queue.size': 128, u'topology.multilang.serializer': u'backtype.storm.multilang.JsonSerializer', u'storm.zookeeper.retry.times': 5, u'nimbus.monitor.freq.secs': 10, u'storm.cluster.mode': u'distributed', u'dev.zookeeper.path': u'/tmp/dev-storm-zookeeper', u'drpc.invocations.port': 3773, u'topology.tasks': None, u'storm.zookeeper.root': u'/storm', u'logviewer.childopts': u'-Xmx128m', u'storm.meta.serialization.delegate': u'backtype.storm.serialization.DefaultSerializationDelegate', u'transactional.zookeeper.port': None, u'topology.worker.receiver.thread.count': 1, u'topology.worker.childopts': None, u'topology.max.spout.pending': None, u'topology.kryo.register': None, u'petrel.host': u'pipe-X550CC', u'nimbus.cleanup.inbox.freq.secs': 600, u'storm.messaging.netty.min_wait_ms': 100, u'nimbus.task.timeout.secs': 30, u'nimbus.thrift.max_buffer_size': 1048576, u'topology.sleep.spout.wait.strategy.time.ms': 1, u'nimbus.reassign': True, u'storm.messaging.transport': u'backtype.storm.messaging.netty.Context', u'logviewer.appender.name': u'A1', u'nimbus.host': u'localhost', u'ui.port': 8080, u'supervisor.slots.ports': [6700, 6701, 6702, 6703], u'nimbus.file.copy.expiration.secs': 600, u'supervisor.monitor.frequency.secs': 3, u'ui.childopts': u'-Xmx768m', u'transactional.zookeeper.servers': None, u'zmq.linger.millis': 5000, u'topology.error.throttle.interval.secs': 10, u'topology.worker.shared.thread.pool.size': 4, u'topology.executor.receive.buffer.size': 1024, u'topology.spout.wait.strategy': u'backtype.storm.spout.SleepSpoutWaitStrategy', u'task.heartbeat.frequency.secs': 3, u'topology.transfer.buffer.size': 1024, u'storm.zookeeper.session.timeout': 20000, u'storm.local.mode.zmq': False, u'topology.stats.sample.rate': 0.05, u'topology.fall.back.on.java.serialization': True, u'supervisor.childopts': u'-Xmx256m', u'topology.enable.message.timeouts': True, u'storm.messaging.netty.max_wait_ms': 1000, u'nimbus.topology.validator': u'backtype.storm.nimbus.DefaultTopologyValidator', u'nimbus.supervisor.timeout.secs': 60, u'topology.disruptor.wait.strategy': u'com.lmax.disruptor.BlockingWaitStrategy', u'storm.messaging.netty.buffer_size': 5242880, u'drpc.port': 3772, u'topology.kryo.factory': u'backtype.storm.serialization.DefaultKryoFactory', u'storm.zookeeper.retry.interval': 1000, u'storm.messaging.netty.max_retries': 300, u'topology.tick.tuple.freq.secs': 30, u'supervisor.enable': True, u'nimbus.task.launch.secs': 120, u'task.refresh.poll.secs': 10, u'topology.message.timeout.secs': 30, u'oauth.acess_token_secret': u'IiNOTfgE3tEZvW2HDQhRKPMoOLU43NXJCXk8maj51SdAT', u'petrel.user': u'root', u'nimbus.inbox.jar.expiration.secs': 3600, u'topology.state.synchronization.timeout.secs': 60, u'topology.name': u'good', u'supervisor.worker.timeout.secs': 30, u'topology.trident.batch.emit.interval.millis': 500, u'topology.builtin.metrics.bucket.size.secs': 60, u'storm.thrift.transport': u'backtype.storm.security.auth.SimpleTransportPlugin', u'logviewer.port': 8000, u'oauth.consumer_key': u'eaFmBSxUveRJfmyZYeabti9Q9', u'topology.kryo.decorators': [], u'topology.debug': False}, u'context': {u'task->component': {u'1': u'CountThreeWords', u'3': u'CountWord', u'2': u'CountTwoWords', u'5': u'ThreeWordDivider', u'4': u'KafkaConsumer', u'7': u'WordDivider', u'6': u'TwoWordDivider', u'8': u'__acker'}, u'taskid': 4}}
[2016-05-11 17:09:56,029][storm][INFO]Task sent pid to Storm
[2016-05-11 17:09:56,993][kafka.client][INFO]Broker version identifed as 0.9
[2016-05-11 17:09:56,994][kafka.consumer.subscription_state][INFO]Updating subscribed topics to: ['goodtopic']
[2016-05-11 17:09:57,524][kafka.cluster][INFO]Group coordinator for kafka-python-default-group is BrokerMetadata(nodeId=0, host=u'pipe-X550CC', port=9092)
[2016-05-11 17:09:59,005][kafka.coordinator][INFO]Joined group 'kafka-python-default-group' (generation 24) with member_id kafka-python-1.0.2-66873d39-59c2-4dc6-8b1f-dcb678f132d3
[2016-05-11 17:09:59,278][kafka.consumer.subscription_state][INFO]Updated partition assignment: [TopicPartition(topic=u'goodtopic', partition=0)]
[2016-05-11 17:10:02,340][kafka.coordinator][INFO]Heartbeat successful
[2016-05-11 17:10:05,353][kafka.coordinator][INFO]Heartbeat successful
[2016-05-11 17:10:08,369][kafka.coordinator][INFO]Heartbeat successful
[2016-05-11 17:10:11,423][kafka.coordinator][INFO]Heartbeat successful
[2016-05-11 17:10:14,444][kafka.coordinator][INFO]Heartbeat successful
[2016-05-11 17:10:17,466][kafka.coordinator][INFO]Heartbeat successful
[2016-05-11 17:10:20,510][kafka.coordinator][INFO]Heartbeat successful
[2016-05-11 17:10:23,528][kafka.coordinator][INFO]Heartbeat successful
[2016-05-11 17:10:26,619][kafka.coordinator][INFO]Heartbeat successful
[2016-05-11 17:10:29,734][kafka.coordinator][INFO]Heartbeat successful
[2016-05-11 17:10:32,760][kafka.coordinator][INFO]Heartbeat successful
[2016-05-11 17:10:35,819][kafka.coordinator][INFO]Heartbeat successful
[2016-05-11 17:10:38,654][kafka.coordinator][INFO]Heartbeat successful
[2016-05-11 17:10:41,673][kafka.coordinator][INFO]Heartbeat successful
[2016-05-11 17:10:44,686][kafka.coordinator][INFO]Heartbeat successful
[2016-05-11 17:10:47,739][kafka.coordinator][INFO]Heartbeat successful
[2016-05-11 17:10:50,750][kafka.coordinator][INFO]Heartbeat successful
[2016-05-11 17:10:53,767][kafka.coordinator][INFO]Heartbeat successful
[2016-05-11 17:10:56,319][kafka.coordinator][INFO]Heartbeat successful
[2016-05-11 17:10:59,380][kafka.coordinator][INFO]Heartbeat successful
[2016-05-11 17:11:02,400][kafka.coordinator][INFO]Heartbeat successful
[2016-05-11 17:11:05,421][kafka.coordinator][INFO]Heartbeat successful
[2016-05-11 17:11:08,474][kafka.coordinator][INFO]Heartbeat successful
[2016-05-11 17:11:11,576][kafka.coordinator][INFO]Heartbeat successful
[2016-05-11 17:11:14,637][kafka.coordinator][INFO]Heartbeat successful
[2016-05-11 17:11:17,704][kafka.coordinator][INFO]Heartbeat successful
[2016-05-11 17:11:20,331][kafka.coordinator][INFO]Heartbeat successful
[2016-05-11 17:11:23,384][kafka.coordinator][INFO]Heartbeat successful
[2016-05-11 17:11:26,400][kafka.coordinator][INFO]Heartbeat successful
[2016-05-11 17:11:29,455][kafka.coordinator][INFO]Heartbeat successful
[2016-05-11 17:11:32,469][kafka.coordinator][INFO]Heartbeat successful
[2016-05-11 17:11:35,481][kafka.coordinator][INFO]Heartbeat successful
[2016-05-11 17:11:38,533][kafka.coordinator][INFO]Heartbeat successful
[2016-05-11 17:11:41,551][kafka.coordinator][INFO]Heartbeat successful
[2016-05-11 17:11:44,571][kafka.coordinator][INFO]Heartbeat successful
[2016-05-11 17:11:47,632][kafka.coordinator][INFO]Heartbeat successful
[2016-05-11 17:11:50,650][kafka.coordinator][INFO]Heartbeat successful
[2016-05-11 17:11:53,672][kafka.coordinator][INFO]Heartbeat successful
[2016-05-11 17:11:56,687][kafka.coordinator][INFO]Heartbeat successful
[2016-05-11 17:11:59,740][kafka.coordinator][INFO]Heartbeat successful
[2016-05-11 17:12:02,762][kafka.coordinator][INFO]Heartbeat successful
[2016-05-11 17:12:05,777][kafka.coordinator][INFO]Heartbeat successful
[2016-05-11 17:12:08,325][kafka.coordinator][INFO]Heartbeat successful
[2016-05-11 17:12:11,379][kafka.coordinator][INFO]Heartbeat successful
[2016-05-11 17:12:14,400][kafka.coordinator][INFO]Heartbeat successful
[2016-05-11 17:12:17,458][kafka.coordinator][INFO]Heartbeat successful
[2016-05-11 17:12:20,478][kafka.coordinator][INFO]Heartbeat successful
[2016-05-11 17:12:23,512][kafka.coordinator][INFO]Heartbeat successful
[2016-05-11 17:12:26,533][kafka.coordinator][INFO]Heartbeat successful
[2016-05-11 17:12:29,588][kafka.coordinator][INFO]Heartbeat successful
[2016-05-11 17:12:32,606][kafka.coordinator][WARNING]Heartbeat: group is rebalancing; this consumer needs to re-join
[2016-05-11 17:12:32,606][kafka.coordinator][WARNING]Heartbeat failed; retrying
[2016-05-11 17:12:32,708][kafka.coordinator][INFO]Skipping heartbeat: no auto-assignment or waiting on rebalance
[2016-05-11 17:12:33,113][kafka.coordinator][INFO]Joined group 'kafka-python-default-group' (generation 25) with member_id kafka-python-1.0.2-66873d39-59c2-4dc6-8b1f-dcb678f132d3
[2016-05-11 17:12:33,114][kafka.coordinator][INFO]Elected group leader -- performing partition assignments using range
[2016-05-11 17:12:33,114][kafka.coordinator.assignors.range][WARNING]No partition metadata for topic instanttopic
[2016-05-11 17:12:33,292][kafka.coordinator][INFO]Joined group 'kafka-python-default-group' (generation 25) with member_id kafka-python-1.0.2-66873d39-59c2-4dc6-8b1f-dcb678f132d3
[2016-05-11 17:12:33,292][kafka.coordinator][INFO]Elected group leader -- performing partition assignments using range
[2016-05-11 17:12:33,333][kafka.consumer.subscription_state][INFO]Updated partition assignment: [TopicPartition(topic=u'goodtopic', partition=0)]
[2016-05-11 17:12:36,427][kafka.coordinator][INFO]Heartbeat successful
[2016-05-11 17:12:39,444][kafka.coordinator][INFO]Heartbeat successful
[2016-05-11 17:12:42,459][kafka.coordinator][INFO]Heartbeat successful
[2016-05-11 17:12:45,515][kafka.coordinator][INFO]Heartbeat successful
[2016-05-11 17:12:48,525][kafka.coordinator][INFO]Heartbeat successful
[2016-05-11 17:12:51,546][kafka.coordinator][INFO]Heartbeat successful
[2016-05-11 17:12:54,604][kafka.coordinator][INFO]Heartbeat successful
[2016-05-11 17:12:57,619][kafka.coordinator][INFO]Heartbeat successful
[2016-05-11 17:13:00,640][kafka.coordinator][INFO]Heartbeat successful
[2016-05-11 17:13:03,655][kafka.coordinator][INFO]Heartbeat successful
[2016-05-11 17:13:06,709][kafka.coordinator][INFO]Heartbeat successful
[2016-05-11 17:13:09,721][kafka.coordinator][INFO]Heartbeat successful
[2016-05-11 17:13:12,734][kafka.coordinator][INFO]Heartbeat successful
[2016-05-11 17:13:15,790][kafka.coordinator][INFO]Heartbeat successful
[2016-05-11 17:13:18,806][kafka.coordinator][INFO]Heartbeat successful
[2016-05-11 17:13:21,825][kafka.coordinator][INFO]Heartbeat successful
[2016-05-11 17:13:24,381][kafka.coordinator][INFO]Heartbeat successful
[2016-05-11 17:13:27,400][kafka.coordinator][INFO]Heartbeat successful
[2016-05-11 17:13:30,420][kafka.coordinator][INFO]Heartbeat successful
[2016-05-11 17:13:33,437][kafka.coordinator][INFO]Heartbeat successful
[2016-05-11 17:13:36,491][kafka.coordinator][INFO]Heartbeat successful
[2016-05-11 17:13:39,502][kafka.coordinator][INFO]Heartbeat successful
[2016-05-11 17:13:42,526][kafka.coordinator][INFO]Heartbeat successful
[2016-05-11 17:13:45,589][kafka.coordinator][INFO]Heartbeat successful
[2016-05-11 17:13:48,616][kafka.coordinator][INFO]Heartbeat successful
[2016-05-11 17:13:51,636][kafka.coordinator][INFO]Heartbeat successful
[2016-05-11 17:13:54,695][kafka.coordinator][INFO]Heartbeat successful
[2016-05-11 17:13:57,713][kafka.coordinator][INFO]Heartbeat successful
[2016-05-11 17:14:00,736][kafka.coordinator][INFO]Heartbeat successful
[2016-05-11 17:14:03,755][kafka.coordinator][INFO]Heartbeat successful
[2016-05-11 17:14:06,820][kafka.coordinator][INFO]Heartbeat successful
[2016-05-11 17:14:09,841][kafka.coordinator][INFO]Heartbeat successful
[2016-05-11 17:14:12,359][kafka.coordinator][INFO]Heartbeat successful
[2016-05-11 17:14:15,416][kafka.coordinator][INFO]Heartbeat successful
[2016-05-11 17:14:18,435][kafka.coordinator][INFO]Heartbeat successful
[2016-05-11 17:14:21,497][kafka.coordinator][INFO]Heartbeat successful
[2016-05-11 17:14:24,519][kafka.coordinator][INFO]Heartbeat successful
[2016-05-11 17:14:27,542][kafka.coordinator][INFO]Heartbeat successful
[2016-05-11 17:14:30,598][kafka.coordinator][INFO]Heartbeat successful
[2016-05-11 17:14:33,608][kafka.coordinator][INFO]Heartbeat successful
[2016-05-11 17:14:36,635][kafka.coordinator][INFO]Heartbeat successful
[2016-05-11 17:14:39,648][kafka.coordinator][INFO]Heartbeat successful
[2016-05-11 17:14:42,705][kafka.coordinator][INFO]Heartbeat successful
[2016-05-11 17:14:45,720][kafka.coordinator][INFO]Heartbeat successful
[2016-05-11 17:14:48,731][kafka.coordinator][INFO]Heartbeat successful
[2016-05-11 17:14:51,783][kafka.coordinator][INFO]Heartbeat successful
[2016-05-11 17:14:54,800][kafka.coordinator][INFO]Heartbeat successful
[2016-05-11 17:14:57,821][kafka.coordinator][INFO]Heartbeat successful
[2016-05-11 17:15:00,376][kafka.coordinator][INFO]Heartbeat successful
[2016-05-11 17:15:03,437][kafka.coordinator][INFO]Heartbeat successful
