Beginning task setup

/usr/bin/flock
Using existing venv: /tmp/petrel-good-5-1462980106/venv
Task setup took 1 seconds
Launching: python -m petrel.run kafkaconsumer /home/pipe/twitterintel/twitterintel/topology/TopologyTweetTransformationGOOD/petrel7801_kafkaconsumer.log
/usr/local/lib/python2.7/dist-packages/petrel-0.9.4.0.3-py2.7.egg/petrel/run.py invoked with the following arguments: ['kafkaconsumer', '/home/pipe/twitterintel/twitterintel/topology/TopologyTweetTransformationGOOD/petrel7801_kafkaconsumer.log']
python version: 2.7.11
user=root
PATH=/tmp/petrel-good-5-1462980106/venv/bin:/root/SimpleScalar/simplesim-3.0:/root/SimpleScalar/bin:/root/SimpleScalar/gcc-2.6.3:/root/SimpleScalar/bin:/usr/local/sbin:/usr/local/bin:/usr/sbin:/usr/bin:/sbin:/bin:/usr/games:/usr/local/games:/home/pipe/Downloads/zookeeper-3.4.8/bin:/home/pipe/Downloads/apache-storm-0.9.4/bin
LD_LIBRARY_PATH=storm-local/supervisor/stormdist/good-5-1462980106/resources/Linux-amd64:storm-local/supervisor/stormdist/good-5-1462980106/resources:/usr/local/lib:/opt/local/lib:/usr/lib
PYTHON_EGG_CACHE=/tmp/petrel-good-5-1462980106/egg_cache
[2016-05-11 16:33:59,130][storm][INFO]Tuple profiling enabled. Will log tuple processing times.
[2016-05-11 16:33:59,863][storm][INFO]Task received setupInfo from Storm: {u'pidDir': u'/home/pipe/storm-local/workers/c04ffefa-ee69-4124-a6ed-10acacc0bc5a/pids', u'conf': {u'oauth.acess_token': u' 702208758362087425-HZiyl1x7Bh98cQa1WLBDYylyu10Bpl7', u'topology.tuple.serializer': u'backtype.storm.serialization.types.ListDelegateSerializer', u'topology.workers': 1, u'drpc.worker.threads': 64, u'storm.messaging.netty.client_worker_threads': 1, u'supervisor.heartbeat.frequency.secs': 5, u'topology.executor.send.buffer.size': 1024, u'drpc.childopts': u'-Xmx768m', u'nimbus.thrift.port': 6627, u'storm.zookeeper.retry.intervalceiling.millis': 30000, u'storm.local.dir': u'storm-local', u'topology.receiver.buffer.size': 8, u'storm.zookeeper.servers': [u'localhost'], u'oauth.consumer_secret': u'ADf76fi3O1lKMzBxWnjqf93l3GHv28uar3bkblkvyBrAyoA23i', u'transactional.zookeeper.root': u'/transactional', u'drpc.request.timeout.secs': 600, u'topology.skip.missing.kryo.registrations': False, u'worker.heartbeat.frequency.secs': 1, u'zmq.hwm': 0, u'storm.zookeeper.connection.timeout': 15000, u'java.library.path': u'/usr/local/lib:/opt/local/lib:/usr/lib', u'topology.max.error.report.per.interval': 5, u'storm.messaging.netty.server_worker_threads': 1, u'storm.id': u'good-5-1462980106', u'supervisor.worker.start.timeout.secs': 120, u'zmq.threads': 1, u'topology.acker.executors': None, u'storm.messaging.netty.flush.check.interval.ms': 10, u'storm.messaging.netty.transfer.batch.size': 262144, u'topology.max.task.parallelism': None, u'topology.environment': None, u'storm.zookeeper.port': 2181, u'nimbus.childopts': u'-Xmx1024m', u'topology.classpath': None, u'worker.childopts': u'-Xmx768m', u'drpc.queue.size': 128, u'topology.multilang.serializer': u'backtype.storm.multilang.JsonSerializer', u'storm.zookeeper.retry.times': 5, u'nimbus.monitor.freq.secs': 10, u'storm.cluster.mode': u'distributed', u'dev.zookeeper.path': u'/tmp/dev-storm-zookeeper', u'drpc.invocations.port': 3773, u'topology.tasks': None, u'storm.zookeeper.root': u'/storm', u'logviewer.childopts': u'-Xmx128m', u'storm.meta.serialization.delegate': u'backtype.storm.serialization.DefaultSerializationDelegate', u'transactional.zookeeper.port': None, u'topology.worker.receiver.thread.count': 1, u'topology.worker.childopts': None, u'topology.max.spout.pending': None, u'topology.kryo.register': None, u'petrel.host': u'pipe-X550CC', u'nimbus.cleanup.inbox.freq.secs': 600, u'storm.messaging.netty.min_wait_ms': 100, u'nimbus.task.timeout.secs': 30, u'nimbus.thrift.max_buffer_size': 1048576, u'topology.sleep.spout.wait.strategy.time.ms': 1, u'nimbus.reassign': True, u'storm.messaging.transport': u'backtype.storm.messaging.netty.Context', u'logviewer.appender.name': u'A1', u'nimbus.host': u'localhost', u'ui.port': 8080, u'supervisor.slots.ports': [6700, 6701, 6702, 6703], u'nimbus.file.copy.expiration.secs': 600, u'supervisor.monitor.frequency.secs': 3, u'ui.childopts': u'-Xmx768m', u'transactional.zookeeper.servers': None, u'zmq.linger.millis': 5000, u'topology.error.throttle.interval.secs': 10, u'topology.worker.shared.thread.pool.size': 4, u'topology.executor.receive.buffer.size': 1024, u'topology.spout.wait.strategy': u'backtype.storm.spout.SleepSpoutWaitStrategy', u'task.heartbeat.frequency.secs': 3, u'topology.transfer.buffer.size': 1024, u'storm.zookeeper.session.timeout': 20000, u'storm.local.mode.zmq': False, u'topology.stats.sample.rate': 0.05, u'topology.fall.back.on.java.serialization': True, u'supervisor.childopts': u'-Xmx256m', u'topology.enable.message.timeouts': True, u'storm.messaging.netty.max_wait_ms': 1000, u'nimbus.topology.validator': u'backtype.storm.nimbus.DefaultTopologyValidator', u'nimbus.supervisor.timeout.secs': 60, u'topology.disruptor.wait.strategy': u'com.lmax.disruptor.BlockingWaitStrategy', u'storm.messaging.netty.buffer_size': 5242880, u'drpc.port': 3772, u'topology.kryo.factory': u'backtype.storm.serialization.DefaultKryoFactory', u'storm.zookeeper.retry.interval': 1000, u'storm.messaging.netty.max_retries': 300, u'topology.tick.tuple.freq.secs': 30, u'supervisor.enable': True, u'nimbus.task.launch.secs': 120, u'task.refresh.poll.secs': 10, u'topology.message.timeout.secs': 30, u'oauth.acess_token_secret': u'IiNOTfgE3tEZvW2HDQhRKPMoOLU43NXJCXk8maj51SdAT', u'petrel.user': u'root', u'nimbus.inbox.jar.expiration.secs': 3600, u'topology.state.synchronization.timeout.secs': 60, u'topology.name': u'good', u'supervisor.worker.timeout.secs': 30, u'topology.trident.batch.emit.interval.millis': 500, u'topology.builtin.metrics.bucket.size.secs': 60, u'storm.thrift.transport': u'backtype.storm.security.auth.SimpleTransportPlugin', u'logviewer.port': 8000, u'oauth.consumer_key': u'eaFmBSxUveRJfmyZYeabti9Q9', u'topology.kryo.decorators': [], u'topology.debug': False}, u'context': {u'task->component': {u'1': u'CountThreeWords', u'3': u'CountWord', u'2': u'CountTwoWords', u'5': u'ThreeWordDivider', u'4': u'KafkaConsumer', u'7': u'WordDivider', u'6': u'TwoWordDivider', u'8': u'__acker'}, u'taskid': 4}}
[2016-05-11 16:33:59,873][storm][INFO]Task sent pid to Storm
[2016-05-11 16:34:00,431][kafka.client][INFO]Broker version identifed as 0.9
[2016-05-11 16:34:00,433][kafka.consumer.subscription_state][INFO]Updating subscribed topics to: ['goodtopic']
[2016-05-11 16:34:00,562][kafka.cluster][INFO]Group coordinator for kafka-python-default-group is BrokerMetadata(nodeId=0, host=u'pipe-X550CC', port=9092)
[2016-05-11 16:34:01,735][kafka.coordinator][INFO]Joined group 'kafka-python-default-group' (generation 6) with member_id kafka-python-1.0.2-13b8e83a-ff53-4df0-90cc-8075bad5ec6d
[2016-05-11 16:34:01,777][kafka.consumer.subscription_state][INFO]Updated partition assignment: [TopicPartition(topic=u'goodtopic', partition=0)]
[2016-05-11 16:34:05,103][kafka.coordinator][INFO]Heartbeat successful
[2016-05-11 16:34:08,294][kafka.coordinator][INFO]Heartbeat successful
[2016-05-11 16:34:11,065][kafka.coordinator][INFO]Heartbeat successful
[2016-05-11 16:34:14,275][kafka.coordinator][INFO]Heartbeat successful
[2016-05-11 16:34:17,041][kafka.coordinator][INFO]Heartbeat successful
[2016-05-11 16:34:20,183][kafka.coordinator][INFO]Heartbeat successful
[2016-05-11 16:34:22,888][kafka.coordinator][INFO]Heartbeat successful
[2016-05-11 16:34:26,328][kafka.coordinator][INFO]Heartbeat successful
[2016-05-11 16:34:29,025][kafka.coordinator][INFO]Heartbeat successful
[2016-05-11 16:34:32,084][kafka.coordinator][INFO]Heartbeat successful
[2016-05-11 16:34:35,158][kafka.coordinator][INFO]Heartbeat successful
[2016-05-11 16:34:38,174][kafka.coordinator][INFO]Heartbeat successful
[2016-05-11 16:34:40,868][kafka.coordinator][INFO]Heartbeat successful
[2016-05-11 16:34:43,932][kafka.coordinator][INFO]Heartbeat successful
[2016-05-11 16:34:47,032][kafka.coordinator][INFO]Heartbeat successful
[2016-05-11 16:34:50,106][kafka.coordinator][INFO]Heartbeat successful
[2016-05-11 16:34:53,428][kafka.coordinator][INFO]Heartbeat successful
[2016-05-11 16:34:56,056][kafka.coordinator][INFO]Heartbeat successful
[2016-05-11 16:34:59,174][kafka.coordinator][INFO]Heartbeat successful
[2016-05-11 16:35:01,804][kafka.coordinator][INFO]Heartbeat successful
[2016-05-11 16:35:04,976][kafka.coordinator][INFO]Heartbeat successful
[2016-05-11 16:35:08,208][kafka.coordinator][INFO]Heartbeat successful
[2016-05-11 16:35:10,821][kafka.coordinator][INFO]Heartbeat successful
[2016-05-11 16:35:13,941][kafka.coordinator][INFO]Heartbeat successful
[2016-05-11 16:35:16,959][kafka.coordinator][INFO]Heartbeat successful
[2016-05-11 16:35:20,991][kafka.coordinator][INFO]Heartbeat successful
[2016-05-11 16:35:23,102][kafka.coordinator][INFO]Heartbeat successful
[2016-05-11 16:35:26,119][kafka.coordinator][INFO]Heartbeat successful
[2016-05-11 16:35:29,137][kafka.coordinator][INFO]Heartbeat successful
[2016-05-11 16:35:32,187][kafka.coordinator][INFO]Heartbeat successful
[2016-05-11 16:35:35,228][kafka.coordinator][INFO]Heartbeat successful
[2016-05-11 16:35:37,799][kafka.coordinator][INFO]Heartbeat successful
[2016-05-11 16:35:40,933][kafka.coordinator][INFO]Heartbeat successful
[2016-05-11 16:35:44,001][kafka.coordinator][INFO]Heartbeat successful
[2016-05-11 16:35:47,020][kafka.coordinator][INFO]Heartbeat successful
[2016-05-11 16:35:50,034][kafka.coordinator][INFO]Heartbeat successful
[2016-05-11 16:35:53,096][kafka.coordinator][INFO]Heartbeat successful
[2016-05-11 16:35:56,119][kafka.coordinator][INFO]Heartbeat successful
[2016-05-11 16:35:59,144][kafka.coordinator][INFO]Heartbeat successful
[2016-05-11 16:36:02,195][kafka.coordinator][INFO]Heartbeat successful
[2016-05-11 16:36:05,217][kafka.coordinator][INFO]Heartbeat successful
[2016-05-11 16:36:08,235][kafka.coordinator][INFO]Heartbeat successful
[2016-05-11 16:36:11,256][kafka.coordinator][INFO]Heartbeat successful
[2016-05-11 16:36:13,809][kafka.coordinator][INFO]Heartbeat successful
[2016-05-11 16:36:16,876][kafka.coordinator][INFO]Heartbeat successful
[2016-05-11 16:36:19,887][kafka.coordinator][INFO]Heartbeat successful
[2016-05-11 16:36:22,938][kafka.coordinator][INFO]Heartbeat successful
[2016-05-11 16:36:25,955][kafka.coordinator][INFO]Heartbeat successful
[2016-05-11 16:36:28,977][kafka.coordinator][INFO]Heartbeat successful
[2016-05-11 16:36:31,995][kafka.coordinator][INFO]Heartbeat successful
[2016-05-11 16:36:35,052][kafka.coordinator][INFO]Heartbeat successful
[2016-05-11 16:36:38,070][kafka.coordinator][INFO]Heartbeat successful
[2016-05-11 16:36:41,086][kafka.coordinator][INFO]Heartbeat successful
[2016-05-11 16:36:44,142][kafka.coordinator][INFO]Heartbeat successful
[2016-05-11 16:36:47,154][kafka.coordinator][INFO]Heartbeat successful
[2016-05-11 16:36:50,173][kafka.coordinator][INFO]Heartbeat successful
[2016-05-11 16:36:53,229][kafka.coordinator][INFO]Heartbeat successful
[2016-05-11 16:36:56,241][kafka.coordinator][INFO]Heartbeat successful
[2016-05-11 16:36:59,258][kafka.coordinator][WARNING]Heartbeat: group is rebalancing; this consumer needs to re-join
[2016-05-11 16:36:59,259][kafka.coordinator][WARNING]Heartbeat failed; retrying
[2016-05-11 16:36:59,359][kafka.coordinator][INFO]Skipping heartbeat: no auto-assignment or waiting on rebalance
[2016-05-11 16:36:59,764][kafka.coordinator][INFO]Joined group 'kafka-python-default-group' (generation 7) with member_id kafka-python-1.0.2-13b8e83a-ff53-4df0-90cc-8075bad5ec6d
[2016-05-11 16:36:59,764][kafka.coordinator][INFO]Elected group leader -- performing partition assignments using range
[2016-05-11 16:36:59,805][kafka.consumer.subscription_state][INFO]Updated partition assignment: [TopicPartition(topic=u'goodtopic', partition=0)]
[2016-05-11 16:37:02,898][kafka.coordinator][INFO]Heartbeat successful
[2016-05-11 16:37:05,910][kafka.coordinator][WARNING]Heartbeat: group is rebalancing; this consumer needs to re-join
[2016-05-11 16:37:05,910][kafka.coordinator][WARNING]Heartbeat failed; retrying
[2016-05-11 16:37:06,010][kafka.coordinator][INFO]Skipping heartbeat: no auto-assignment or waiting on rebalance
[2016-05-11 16:37:06,416][kafka.coordinator][INFO]Joined group 'kafka-python-default-group' (generation 8) with member_id kafka-python-1.0.2-13b8e83a-ff53-4df0-90cc-8075bad5ec6d
[2016-05-11 16:37:06,416][kafka.coordinator][INFO]Elected group leader -- performing partition assignments using range
[2016-05-11 16:37:06,417][kafka.coordinator.assignors.range][WARNING]No partition metadata for topic instanttopic
[2016-05-11 16:37:06,596][kafka.coordinator][INFO]Joined group 'kafka-python-default-group' (generation 8) with member_id kafka-python-1.0.2-13b8e83a-ff53-4df0-90cc-8075bad5ec6d
[2016-05-11 16:37:06,596][kafka.coordinator][INFO]Elected group leader -- performing partition assignments using range
[2016-05-11 16:37:06,637][kafka.consumer.subscription_state][INFO]Updated partition assignment: [TopicPartition(topic=u'goodtopic', partition=0)]
[2016-05-11 16:37:09,731][kafka.coordinator][INFO]Heartbeat successful
[2016-05-11 16:37:12,747][kafka.coordinator][INFO]Heartbeat successful
[2016-05-11 16:37:15,765][kafka.coordinator][INFO]Heartbeat successful
[2016-05-11 16:37:18,821][kafka.coordinator][INFO]Heartbeat successful
[2016-05-11 16:37:21,839][kafka.coordinator][INFO]Heartbeat successful
[2016-05-11 16:37:24,858][kafka.coordinator][INFO]Heartbeat successful
[2016-05-11 16:37:27,911][kafka.coordinator][INFO]Heartbeat successful
[2016-05-11 16:37:30,933][kafka.coordinator][INFO]Heartbeat successful
[2016-05-11 16:37:33,949][kafka.coordinator][INFO]Heartbeat successful
[2016-05-11 16:37:36,968][kafka.coordinator][INFO]Heartbeat successful
[2016-05-11 16:37:40,024][kafka.coordinator][INFO]Heartbeat successful
[2016-05-11 16:37:43,038][kafka.coordinator][INFO]Heartbeat successful
[2016-05-11 16:37:46,051][kafka.coordinator][INFO]Heartbeat successful
[2016-05-11 16:37:49,110][kafka.coordinator][INFO]Heartbeat successful
[2016-05-11 16:37:52,127][kafka.coordinator][INFO]Heartbeat successful
[2016-05-11 16:37:55,143][kafka.coordinator][INFO]Heartbeat successful
[2016-05-11 16:37:57,699][kafka.coordinator][INFO]Heartbeat successful
[2016-05-11 16:38:00,716][kafka.coordinator][INFO]Heartbeat successful
[2016-05-11 16:38:03,736][kafka.coordinator][INFO]Heartbeat successful
[2016-05-11 16:38:06,755][kafka.coordinator][INFO]Heartbeat successful
[2016-05-11 16:38:09,811][kafka.coordinator][INFO]Heartbeat successful
[2016-05-11 16:38:12,891][kafka.coordinator][INFO]Heartbeat successful
[2016-05-11 16:38:15,910][kafka.coordinator][INFO]Heartbeat successful
[2016-05-11 16:38:18,994][kafka.coordinator][INFO]Heartbeat successful
[2016-05-11 16:38:22,008][kafka.coordinator][INFO]Heartbeat successful
[2016-05-11 16:38:25,067][kafka.coordinator][INFO]Heartbeat successful
[2016-05-11 16:38:28,087][kafka.coordinator][INFO]Heartbeat successful
[2016-05-11 16:38:31,102][kafka.coordinator][INFO]Heartbeat successful
[2016-05-11 16:38:33,658][kafka.coordinator][INFO]Heartbeat successful
[2016-05-11 16:38:36,712][kafka.coordinator][INFO]Heartbeat successful
[2016-05-11 16:38:39,731][kafka.coordinator][INFO]Heartbeat successful
[2016-05-11 16:38:42,747][kafka.coordinator][INFO]Heartbeat successful
[2016-05-11 16:38:45,802][kafka.coordinator][INFO]Heartbeat successful
[2016-05-11 16:38:48,821][kafka.coordinator][INFO]Heartbeat successful
[2016-05-11 16:38:51,840][kafka.coordinator][INFO]Heartbeat successful
[2016-05-11 16:38:54,899][kafka.coordinator][INFO]Heartbeat successful
[2016-05-11 16:38:57,920][kafka.coordinator][INFO]Heartbeat successful
[2016-05-11 16:39:00,942][kafka.coordinator][INFO]Heartbeat successful
[2016-05-11 16:39:04,002][kafka.coordinator][INFO]Heartbeat successful
[2016-05-11 16:39:07,193][kafka.coordinator][INFO]Heartbeat successful
[2016-05-11 16:39:09,777][kafka.coordinator][INFO]Heartbeat successful
[2016-05-11 16:39:12,802][kafka.coordinator][INFO]Heartbeat successful
[2016-05-11 16:39:15,823][kafka.coordinator][INFO]Heartbeat successful
[2016-05-11 16:39:18,874][kafka.coordinator][INFO]Heartbeat successful
[2016-05-11 16:39:21,888][kafka.coordinator][INFO]Heartbeat successful
[2016-05-11 16:39:24,914][kafka.coordinator][INFO]Heartbeat successful
