Beginning task setup

/usr/bin/flock
Using existing venv: /tmp/petrel-test-4-1462969332/venv
Task setup took 1 seconds
Launching: python -m petrel.run kafkaconsumer /home/pipe/twitterintel/twitterintel/topology/TopologyTweetTransformationSPAM/petrel31704_kafkaconsumer.log
/usr/local/lib/python2.7/dist-packages/petrel-0.9.4.0.3-py2.7.egg/petrel/run.py invoked with the following arguments: ['kafkaconsumer', '/home/pipe/twitterintel/twitterintel/topology/TopologyTweetTransformationSPAM/petrel31704_kafkaconsumer.log']
python version: 2.7.11
user=root
PATH=/tmp/petrel-test-4-1462969332/venv/bin:/root/SimpleScalar/simplesim-3.0:/root/SimpleScalar/bin:/root/SimpleScalar/gcc-2.6.3:/root/SimpleScalar/bin:/usr/local/sbin:/usr/local/bin:/usr/sbin:/usr/bin:/sbin:/bin:/usr/games:/usr/local/games:/home/pipe/Downloads/zookeeper-3.4.8/bin:/home/pipe/Downloads/apache-storm-0.9.4/bin
LD_LIBRARY_PATH=storm-local/supervisor/stormdist/test-4-1462969332/resources/Linux-amd64:storm-local/supervisor/stormdist/test-4-1462969332/resources:/usr/local/lib:/opt/local/lib:/usr/lib
PYTHON_EGG_CACHE=/tmp/petrel-test-4-1462969332/egg_cache
[2016-05-11 18:28:53,920][storm][INFO]Tuple profiling enabled. Will log tuple processing times.
[2016-05-11 18:28:54,295][storm][INFO]Task received setupInfo from Storm: {u'pidDir': u'/home/pipe/storm-local/workers/e0385dbd-17e8-41d7-961f-1c482b96bdd6/pids', u'conf': {u'oauth.acess_token': u' 702208758362087425-HZiyl1x7Bh98cQa1WLBDYylyu10Bpl7', u'topology.tuple.serializer': u'backtype.storm.serialization.types.ListDelegateSerializer', u'topology.workers': 1, u'drpc.worker.threads': 64, u'storm.messaging.netty.client_worker_threads': 1, u'supervisor.heartbeat.frequency.secs': 5, u'topology.executor.send.buffer.size': 1024, u'drpc.childopts': u'-Xmx768m', u'nimbus.thrift.port': 6627, u'storm.zookeeper.retry.intervalceiling.millis': 30000, u'storm.local.dir': u'storm-local', u'topology.receiver.buffer.size': 8, u'storm.zookeeper.servers': [u'localhost'], u'oauth.consumer_secret': u'ADf76fi3O1lKMzBxWnjqf93l3GHv28uar3bkblkvyBrAyoA23i', u'transactional.zookeeper.root': u'/transactional', u'drpc.request.timeout.secs': 600, u'topology.skip.missing.kryo.registrations': False, u'worker.heartbeat.frequency.secs': 1, u'zmq.hwm': 0, u'storm.zookeeper.connection.timeout': 15000, u'java.library.path': u'/usr/local/lib:/opt/local/lib:/usr/lib', u'topology.max.error.report.per.interval': 5, u'storm.messaging.netty.server_worker_threads': 1, u'storm.id': u'test-4-1462969332', u'supervisor.worker.start.timeout.secs': 120, u'zmq.threads': 1, u'topology.acker.executors': None, u'storm.messaging.netty.flush.check.interval.ms': 10, u'storm.messaging.netty.transfer.batch.size': 262144, u'topology.max.task.parallelism': None, u'topology.environment': None, u'storm.zookeeper.port': 2181, u'nimbus.childopts': u'-Xmx1024m', u'topology.classpath': None, u'worker.childopts': u'-Xmx768m', u'drpc.queue.size': 128, u'topology.multilang.serializer': u'backtype.storm.multilang.JsonSerializer', u'storm.zookeeper.retry.times': 5, u'nimbus.monitor.freq.secs': 10, u'storm.cluster.mode': u'distributed', u'dev.zookeeper.path': u'/tmp/dev-storm-zookeeper', u'drpc.invocations.port': 3773, u'topology.tasks': None, u'storm.zookeeper.root': u'/storm', u'logviewer.childopts': u'-Xmx128m', u'storm.meta.serialization.delegate': u'backtype.storm.serialization.DefaultSerializationDelegate', u'transactional.zookeeper.port': None, u'topology.worker.receiver.thread.count': 1, u'topology.worker.childopts': None, u'topology.max.spout.pending': None, u'topology.kryo.register': None, u'petrel.host': u'pipe-X550CC', u'nimbus.cleanup.inbox.freq.secs': 600, u'storm.messaging.netty.min_wait_ms': 100, u'nimbus.task.timeout.secs': 30, u'nimbus.thrift.max_buffer_size': 1048576, u'topology.sleep.spout.wait.strategy.time.ms': 1, u'nimbus.reassign': True, u'storm.messaging.transport': u'backtype.storm.messaging.netty.Context', u'logviewer.appender.name': u'A1', u'nimbus.host': u'localhost', u'ui.port': 8080, u'supervisor.slots.ports': [6700, 6701, 6702, 6703], u'nimbus.file.copy.expiration.secs': 600, u'supervisor.monitor.frequency.secs': 3, u'ui.childopts': u'-Xmx768m', u'transactional.zookeeper.servers': None, u'zmq.linger.millis': 5000, u'topology.error.throttle.interval.secs': 10, u'topology.worker.shared.thread.pool.size': 4, u'topology.executor.receive.buffer.size': 1024, u'topology.spout.wait.strategy': u'backtype.storm.spout.SleepSpoutWaitStrategy', u'task.heartbeat.frequency.secs': 3, u'topology.transfer.buffer.size': 1024, u'storm.zookeeper.session.timeout': 20000, u'storm.local.mode.zmq': False, u'topology.stats.sample.rate': 0.05, u'topology.fall.back.on.java.serialization': True, u'supervisor.childopts': u'-Xmx256m', u'topology.enable.message.timeouts': True, u'storm.messaging.netty.max_wait_ms': 1000, u'nimbus.topology.validator': u'backtype.storm.nimbus.DefaultTopologyValidator', u'nimbus.supervisor.timeout.secs': 60, u'topology.disruptor.wait.strategy': u'com.lmax.disruptor.BlockingWaitStrategy', u'storm.messaging.netty.buffer_size': 5242880, u'drpc.port': 3772, u'topology.kryo.factory': u'backtype.storm.serialization.DefaultKryoFactory', u'storm.zookeeper.retry.interval': 1000, u'storm.messaging.netty.max_retries': 300, u'topology.tick.tuple.freq.secs': 30, u'supervisor.enable': True, u'nimbus.task.launch.secs': 120, u'task.refresh.poll.secs': 10, u'topology.message.timeout.secs': 30, u'oauth.acess_token_secret': u'IiNOTfgE3tEZvW2HDQhRKPMoOLU43NXJCXk8maj51SdAT', u'petrel.user': u'root', u'nimbus.inbox.jar.expiration.secs': 3600, u'topology.state.synchronization.timeout.secs': 60, u'topology.name': u'test', u'supervisor.worker.timeout.secs': 30, u'topology.trident.batch.emit.interval.millis': 500, u'topology.builtin.metrics.bucket.size.secs': 60, u'storm.thrift.transport': u'backtype.storm.security.auth.SimpleTransportPlugin', u'logviewer.port': 8000, u'oauth.consumer_key': u'eaFmBSxUveRJfmyZYeabti9Q9', u'topology.kryo.decorators': [], u'topology.debug': False}, u'context': {u'task->component': {u'1': u'CountThreeWords', u'3': u'CountWord', u'2': u'CountTwoWords', u'5': u'ThreeWordDivider', u'4': u'KafkaConsumer', u'7': u'WordDivider', u'6': u'TwoWordDivider', u'8': u'__acker'}, u'taskid': 4}}
[2016-05-11 18:28:54,296][storm][INFO]Task sent pid to Storm
[2016-05-11 18:28:54,472][kafka.client][INFO]Broker version identifed as 0.9
[2016-05-11 18:28:54,490][kafka.consumer.subscription_state][INFO]Updating subscribed topics to: ['instanttopic']
[2016-05-11 18:28:54,571][kafka.cluster][INFO]Group coordinator for kafka-python-default-group is BrokerMetadata(nodeId=0, host=u'pipe-X550CC', port=9092)
[2016-05-11 18:28:55,360][kafka.coordinator][INFO]Joined group 'kafka-python-default-group' (generation 60) with member_id kafka-python-1.0.2-69f18187-d6cd-470d-a718-89264310fb44
[2016-05-11 18:28:55,581][kafka.consumer.subscription_state][INFO]Updated partition assignment: [TopicPartition(topic=u'instanttopic', partition=0)]
[2016-05-11 18:28:58,636][kafka.coordinator][INFO]Heartbeat successful
[2016-05-11 18:29:01,659][kafka.coordinator][INFO]Heartbeat successful
[2016-05-11 18:29:04,675][kafka.coordinator][INFO]Heartbeat successful
[2016-05-11 18:29:07,727][kafka.coordinator][INFO]Heartbeat successful
[2016-05-11 18:29:10,739][kafka.coordinator][INFO]Heartbeat successful
[2016-05-11 18:29:13,758][kafka.coordinator][INFO]Heartbeat successful
[2016-05-11 18:29:16,815][kafka.coordinator][INFO]Heartbeat successful
[2016-05-11 18:29:19,833][kafka.coordinator][INFO]Heartbeat successful
[2016-05-11 18:29:22,854][kafka.coordinator][INFO]Heartbeat successful
[2016-05-11 18:29:25,870][kafka.coordinator][INFO]Heartbeat successful
[2016-05-11 18:29:28,925][kafka.coordinator][INFO]Heartbeat successful
[2016-05-11 18:29:31,944][kafka.coordinator][INFO]Heartbeat successful
[2016-05-11 18:29:34,960][kafka.coordinator][INFO]Heartbeat successful
[2016-05-11 18:29:38,021][kafka.coordinator][INFO]Heartbeat successful
[2016-05-11 18:29:41,039][kafka.coordinator][INFO]Heartbeat successful
[2016-05-11 18:29:44,060][kafka.coordinator][INFO]Heartbeat successful
[2016-05-11 18:29:46,615][kafka.coordinator][INFO]Heartbeat successful
[2016-05-11 18:29:49,665][kafka.coordinator][INFO]Heartbeat successful
[2016-05-11 18:29:52,678][kafka.coordinator][INFO]Heartbeat successful
[2016-05-11 18:29:55,691][kafka.coordinator][INFO]Heartbeat successful
[2016-05-11 18:29:58,756][kafka.coordinator][INFO]Heartbeat successful
[2016-05-11 18:30:01,781][kafka.coordinator][INFO]Heartbeat successful
[2016-05-11 18:30:04,798][kafka.coordinator][INFO]Heartbeat successful
[2016-05-11 18:30:07,857][kafka.coordinator][INFO]Heartbeat successful
[2016-05-11 18:30:10,873][kafka.coordinator][INFO]Heartbeat successful
[2016-05-11 18:30:13,890][kafka.coordinator][INFO]Heartbeat successful
[2016-05-11 18:30:16,949][kafka.coordinator][INFO]Heartbeat successful
[2016-05-11 18:30:19,965][kafka.coordinator][INFO]Heartbeat successful
[2016-05-11 18:30:22,980][kafka.coordinator][INFO]Heartbeat successful
[2016-05-11 18:30:25,993][kafka.coordinator][INFO]Heartbeat successful
[2016-05-11 18:30:29,048][kafka.coordinator][INFO]Heartbeat successful
[2016-05-11 18:30:32,068][kafka.coordinator][INFO]Heartbeat successful
[2016-05-11 18:30:35,089][kafka.coordinator][INFO]Heartbeat successful
[2016-05-11 18:30:37,644][kafka.coordinator][INFO]Heartbeat successful
[2016-05-11 18:30:40,665][kafka.coordinator][INFO]Heartbeat successful
[2016-05-11 18:30:43,683][kafka.coordinator][INFO]Heartbeat successful
[2016-05-11 18:30:46,700][kafka.coordinator][INFO]Heartbeat successful
[2016-05-11 18:30:49,799][kafka.coordinator][INFO]Heartbeat successful
[2016-05-11 18:30:52,817][kafka.coordinator][INFO]Heartbeat successful
[2016-05-11 18:30:55,835][kafka.coordinator][INFO]Heartbeat successful
[2016-05-11 18:30:58,898][kafka.coordinator][INFO]Heartbeat successful
[2016-05-11 18:31:01,924][kafka.coordinator][INFO]Heartbeat successful
[2016-05-11 18:31:04,952][kafka.coordinator][INFO]Heartbeat successful
[2016-05-11 18:31:08,016][kafka.coordinator][INFO]Heartbeat successful
[2016-05-11 18:31:11,032][kafka.coordinator][INFO]Heartbeat successful
[2016-05-11 18:31:14,056][kafka.coordinator][INFO]Heartbeat successful
[2016-05-11 18:31:17,074][kafka.coordinator][INFO]Heartbeat successful
[2016-05-11 18:31:19,627][kafka.coordinator][INFO]Heartbeat successful
[2016-05-11 18:31:22,708][kafka.coordinator][INFO]Heartbeat successful
[2016-05-11 18:31:25,722][kafka.coordinator][INFO]Heartbeat successful
[2016-05-11 18:31:28,777][kafka.coordinator][INFO]Heartbeat successful
[2016-05-11 18:31:31,790][kafka.coordinator][INFO]Heartbeat successful
[2016-05-11 18:31:34,807][kafka.coordinator][INFO]Heartbeat successful
[2016-05-11 18:31:37,861][kafka.coordinator][INFO]Heartbeat successful
[2016-05-11 18:31:40,888][kafka.coordinator][INFO]Heartbeat successful
[2016-05-11 18:31:43,912][kafka.coordinator][INFO]Heartbeat successful
[2016-05-11 18:31:46,930][kafka.coordinator][INFO]Heartbeat successful
[2016-05-11 18:31:49,985][kafka.coordinator][WARNING]Heartbeat: group is rebalancing; this consumer needs to re-join
[2016-05-11 18:31:49,985][kafka.coordinator][WARNING]Heartbeat failed; retrying
[2016-05-11 18:31:50,086][kafka.coordinator][INFO]Skipping heartbeat: no auto-assignment or waiting on rebalance
[2016-05-11 18:31:52,710][kafka.coordinator][INFO]Joined group 'kafka-python-default-group' (generation 61) with member_id kafka-python-1.0.2-69f18187-d6cd-470d-a718-89264310fb44
[2016-05-11 18:31:52,710][kafka.coordinator][INFO]Elected group leader -- performing partition assignments using range
[2016-05-11 18:31:52,711][kafka.coordinator.assignors.range][WARNING]No partition metadata for topic goodtopic
[2016-05-11 18:31:52,851][kafka.coordinator][INFO]Joined group 'kafka-python-default-group' (generation 61) with member_id kafka-python-1.0.2-69f18187-d6cd-470d-a718-89264310fb44
[2016-05-11 18:31:52,851][kafka.coordinator][INFO]Elected group leader -- performing partition assignments using range
[2016-05-11 18:31:52,892][kafka.consumer.subscription_state][INFO]Updated partition assignment: [TopicPartition(topic=u'instanttopic', partition=0)]
[2016-05-11 18:31:55,981][kafka.coordinator][INFO]Heartbeat successful
[2016-05-11 18:31:59,117][kafka.coordinator][INFO]Heartbeat successful
[2016-05-11 18:32:02,073][kafka.coordinator][INFO]Heartbeat successful
[2016-05-11 18:32:05,041][kafka.coordinator][INFO]Heartbeat successful
[2016-05-11 18:32:08,054][kafka.coordinator][INFO]Heartbeat successful
[2016-05-11 18:32:11,069][kafka.coordinator][INFO]Heartbeat successful
[2016-05-11 18:32:14,170][kafka.coordinator][INFO]Heartbeat successful
[2016-05-11 18:32:17,187][kafka.coordinator][INFO]Heartbeat successful
[2016-05-11 18:32:20,204][kafka.coordinator][INFO]Heartbeat successful
[2016-05-11 18:32:23,221][kafka.coordinator][INFO]Heartbeat successful
[2016-05-11 18:32:26,281][kafka.coordinator][INFO]Heartbeat successful
[2016-05-11 18:32:29,301][kafka.coordinator][INFO]Heartbeat successful
[2016-05-11 18:32:32,317][kafka.coordinator][INFO]Heartbeat successful
[2016-05-11 18:32:35,370][kafka.coordinator][INFO]Heartbeat successful
[2016-05-11 18:32:38,385][kafka.coordinator][INFO]Heartbeat successful
[2016-05-11 18:32:41,399][kafka.coordinator][INFO]Heartbeat successful
[2016-05-11 18:32:43,914][kafka.coordinator][INFO]Heartbeat successful
[2016-05-11 18:32:46,966][kafka.coordinator][INFO]Heartbeat successful
[2016-05-11 18:32:49,978][kafka.coordinator][INFO]Heartbeat successful
[2016-05-11 18:32:52,990][kafka.coordinator][INFO]Heartbeat successful
[2016-05-11 18:32:56,045][kafka.coordinator][INFO]Heartbeat successful
[2016-05-11 18:32:59,073][kafka.coordinator][INFO]Heartbeat successful
[2016-05-11 18:33:02,093][kafka.coordinator][INFO]Heartbeat successful
[2016-05-11 18:33:05,147][kafka.coordinator][INFO]Heartbeat successful
[2016-05-11 18:33:08,158][kafka.coordinator][INFO]Heartbeat successful
[2016-05-11 18:33:11,171][kafka.coordinator][INFO]Heartbeat successful
[2016-05-11 18:33:14,184][kafka.coordinator][INFO]Heartbeat successful
[2016-05-11 18:33:17,239][kafka.coordinator][INFO]Heartbeat successful
[2016-05-11 18:33:20,260][kafka.coordinator][INFO]Heartbeat successful
[2016-05-11 18:33:23,276][kafka.coordinator][INFO]Heartbeat successful
[2016-05-11 18:33:26,328][kafka.coordinator][INFO]Heartbeat successful
[2016-05-11 18:33:29,350][kafka.coordinator][INFO]Heartbeat successful
[2016-05-11 18:33:32,366][kafka.coordinator][INFO]Heartbeat successful
[2016-05-11 18:33:34,928][kafka.coordinator][INFO]Heartbeat successful
[2016-05-11 18:33:37,981][kafka.coordinator][INFO]Heartbeat successful
[2016-05-11 18:33:40,995][kafka.coordinator][INFO]Heartbeat successful
[2016-05-11 18:33:44,008][kafka.coordinator][INFO]Heartbeat successful
[2016-05-11 18:33:47,064][kafka.coordinator][INFO]Heartbeat successful
[2016-05-11 18:33:50,086][kafka.coordinator][INFO]Heartbeat successful
[2016-05-11 18:33:53,101][kafka.coordinator][INFO]Heartbeat successful
[2016-05-11 18:33:56,158][kafka.coordinator][INFO]Heartbeat successful
[2016-05-11 18:33:59,173][kafka.coordinator][INFO]Heartbeat successful
[2016-05-11 18:34:02,192][kafka.coordinator][INFO]Heartbeat successful
[2016-05-11 18:34:05,248][kafka.coordinator][INFO]Heartbeat successful
[2016-05-11 18:34:08,267][kafka.coordinator][INFO]Heartbeat successful
[2016-05-11 18:34:11,287][kafka.coordinator][INFO]Heartbeat successful
[2016-05-11 18:34:14,306][kafka.coordinator][INFO]Heartbeat successful
[2016-05-11 18:34:17,367][kafka.coordinator][INFO]Heartbeat successful
[2016-05-11 18:34:20,387][kafka.coordinator][INFO]Heartbeat successful
[2016-05-11 18:34:23,403][kafka.coordinator][INFO]Heartbeat successful
