Beginning task setup

/usr/bin/flock
Using existing venv: /tmp/petrel-good-5-1462980106/venv
Task setup took 0 seconds
Launching: python -m petrel.run kafkaconsumer /home/pipe/twitterintel/twitterintel/topology/TopologyTweetTransformationGOOD/petrel6385_kafkaconsumer.log
/usr/local/lib/python2.7/dist-packages/petrel-0.9.4.0.3-py2.7.egg/petrel/run.py invoked with the following arguments: ['kafkaconsumer', '/home/pipe/twitterintel/twitterintel/topology/TopologyTweetTransformationGOOD/petrel6385_kafkaconsumer.log']
python version: 2.7.11
user=root
PATH=/tmp/petrel-good-5-1462980106/venv/bin:/root/SimpleScalar/simplesim-3.0:/root/SimpleScalar/bin:/root/SimpleScalar/gcc-2.6.3:/root/SimpleScalar/bin:/usr/local/sbin:/usr/local/bin:/usr/sbin:/usr/bin:/sbin:/bin:/usr/games:/usr/local/games:/home/pipe/Downloads/zookeeper-3.4.8/bin:/home/pipe/Downloads/apache-storm-0.9.4/bin
LD_LIBRARY_PATH=storm-local/supervisor/stormdist/good-5-1462980106/resources/Linux-amd64:storm-local/supervisor/stormdist/good-5-1462980106/resources:/usr/local/lib:/opt/local/lib:/usr/lib
PYTHON_EGG_CACHE=/tmp/petrel-good-5-1462980106/egg_cache
[2016-05-11 16:28:03,987][storm][INFO]Tuple profiling enabled. Will log tuple processing times.
[2016-05-11 16:28:04,507][storm][INFO]Task received setupInfo from Storm: {u'pidDir': u'/home/pipe/storm-local/workers/154e824f-c568-49db-a93a-aebf01741bb6/pids', u'conf': {u'oauth.acess_token': u' 702208758362087425-HZiyl1x7Bh98cQa1WLBDYylyu10Bpl7', u'topology.tuple.serializer': u'backtype.storm.serialization.types.ListDelegateSerializer', u'topology.workers': 1, u'drpc.worker.threads': 64, u'storm.messaging.netty.client_worker_threads': 1, u'supervisor.heartbeat.frequency.secs': 5, u'topology.executor.send.buffer.size': 1024, u'drpc.childopts': u'-Xmx768m', u'nimbus.thrift.port': 6627, u'storm.zookeeper.retry.intervalceiling.millis': 30000, u'storm.local.dir': u'storm-local', u'topology.receiver.buffer.size': 8, u'storm.zookeeper.servers': [u'localhost'], u'oauth.consumer_secret': u'ADf76fi3O1lKMzBxWnjqf93l3GHv28uar3bkblkvyBrAyoA23i', u'transactional.zookeeper.root': u'/transactional', u'drpc.request.timeout.secs': 600, u'topology.skip.missing.kryo.registrations': False, u'worker.heartbeat.frequency.secs': 1, u'zmq.hwm': 0, u'storm.zookeeper.connection.timeout': 15000, u'java.library.path': u'/usr/local/lib:/opt/local/lib:/usr/lib', u'topology.max.error.report.per.interval': 5, u'storm.messaging.netty.server_worker_threads': 1, u'storm.id': u'good-5-1462980106', u'supervisor.worker.start.timeout.secs': 120, u'zmq.threads': 1, u'topology.acker.executors': None, u'storm.messaging.netty.flush.check.interval.ms': 10, u'storm.messaging.netty.transfer.batch.size': 262144, u'topology.max.task.parallelism': None, u'topology.environment': None, u'storm.zookeeper.port': 2181, u'nimbus.childopts': u'-Xmx1024m', u'topology.classpath': None, u'worker.childopts': u'-Xmx768m', u'drpc.queue.size': 128, u'topology.multilang.serializer': u'backtype.storm.multilang.JsonSerializer', u'storm.zookeeper.retry.times': 5, u'nimbus.monitor.freq.secs': 10, u'storm.cluster.mode': u'distributed', u'dev.zookeeper.path': u'/tmp/dev-storm-zookeeper', u'drpc.invocations.port': 3773, u'topology.tasks': None, u'storm.zookeeper.root': u'/storm', u'logviewer.childopts': u'-Xmx128m', u'storm.meta.serialization.delegate': u'backtype.storm.serialization.DefaultSerializationDelegate', u'transactional.zookeeper.port': None, u'topology.worker.receiver.thread.count': 1, u'topology.worker.childopts': None, u'topology.max.spout.pending': None, u'topology.kryo.register': None, u'petrel.host': u'pipe-X550CC', u'nimbus.cleanup.inbox.freq.secs': 600, u'storm.messaging.netty.min_wait_ms': 100, u'nimbus.task.timeout.secs': 30, u'nimbus.thrift.max_buffer_size': 1048576, u'topology.sleep.spout.wait.strategy.time.ms': 1, u'nimbus.reassign': True, u'storm.messaging.transport': u'backtype.storm.messaging.netty.Context', u'logviewer.appender.name': u'A1', u'nimbus.host': u'localhost', u'ui.port': 8080, u'supervisor.slots.ports': [6700, 6701, 6702, 6703], u'nimbus.file.copy.expiration.secs': 600, u'supervisor.monitor.frequency.secs': 3, u'ui.childopts': u'-Xmx768m', u'transactional.zookeeper.servers': None, u'zmq.linger.millis': 5000, u'topology.error.throttle.interval.secs': 10, u'topology.worker.shared.thread.pool.size': 4, u'topology.executor.receive.buffer.size': 1024, u'topology.spout.wait.strategy': u'backtype.storm.spout.SleepSpoutWaitStrategy', u'task.heartbeat.frequency.secs': 3, u'topology.transfer.buffer.size': 1024, u'storm.zookeeper.session.timeout': 20000, u'storm.local.mode.zmq': False, u'topology.stats.sample.rate': 0.05, u'topology.fall.back.on.java.serialization': True, u'supervisor.childopts': u'-Xmx256m', u'topology.enable.message.timeouts': True, u'storm.messaging.netty.max_wait_ms': 1000, u'nimbus.topology.validator': u'backtype.storm.nimbus.DefaultTopologyValidator', u'nimbus.supervisor.timeout.secs': 60, u'topology.disruptor.wait.strategy': u'com.lmax.disruptor.BlockingWaitStrategy', u'storm.messaging.netty.buffer_size': 5242880, u'drpc.port': 3772, u'topology.kryo.factory': u'backtype.storm.serialization.DefaultKryoFactory', u'storm.zookeeper.retry.interval': 1000, u'storm.messaging.netty.max_retries': 300, u'topology.tick.tuple.freq.secs': 30, u'supervisor.enable': True, u'nimbus.task.launch.secs': 120, u'task.refresh.poll.secs': 10, u'topology.message.timeout.secs': 30, u'oauth.acess_token_secret': u'IiNOTfgE3tEZvW2HDQhRKPMoOLU43NXJCXk8maj51SdAT', u'petrel.user': u'root', u'nimbus.inbox.jar.expiration.secs': 3600, u'topology.state.synchronization.timeout.secs': 60, u'topology.name': u'good', u'supervisor.worker.timeout.secs': 30, u'topology.trident.batch.emit.interval.millis': 500, u'topology.builtin.metrics.bucket.size.secs': 60, u'storm.thrift.transport': u'backtype.storm.security.auth.SimpleTransportPlugin', u'logviewer.port': 8000, u'oauth.consumer_key': u'eaFmBSxUveRJfmyZYeabti9Q9', u'topology.kryo.decorators': [], u'topology.debug': False}, u'context': {u'task->component': {u'1': u'CountThreeWords', u'3': u'CountWord', u'2': u'CountTwoWords', u'5': u'ThreeWordDivider', u'4': u'KafkaConsumer', u'7': u'WordDivider', u'6': u'TwoWordDivider', u'8': u'__acker'}, u'taskid': 4}}
[2016-05-11 16:28:04,514][storm][INFO]Task sent pid to Storm
[2016-05-11 16:28:04,733][kafka.client][INFO]Broker version identifed as 0.9
[2016-05-11 16:28:04,755][kafka.consumer.subscription_state][INFO]Updating subscribed topics to: ['goodtopic']
[2016-05-11 16:28:04,836][kafka.cluster][INFO]Group coordinator for kafka-python-default-group is BrokerMetadata(nodeId=0, host=u'pipe-X550CC', port=9092)
[2016-05-11 16:28:08,821][kafka.coordinator][INFO]Joined group 'kafka-python-default-group' (generation 4) with member_id kafka-python-1.0.2-5e5b8f0f-740c-4868-be54-6d30ed046d00
[2016-05-11 16:28:08,824][kafka.consumer.subscription_state][INFO]Updated partition assignment: [TopicPartition(topic=u'goodtopic', partition=0)]
[2016-05-11 16:28:11,920][kafka.coordinator][INFO]Heartbeat successful
[2016-05-11 16:28:14,937][kafka.coordinator][INFO]Heartbeat successful
[2016-05-11 16:28:17,958][kafka.coordinator][INFO]Heartbeat successful
[2016-05-11 16:28:21,019][kafka.coordinator][INFO]Heartbeat successful
[2016-05-11 16:28:24,040][kafka.coordinator][INFO]Heartbeat successful
[2016-05-11 16:28:27,060][kafka.coordinator][INFO]Heartbeat successful
[2016-05-11 16:28:30,117][kafka.coordinator][INFO]Heartbeat successful
[2016-05-11 16:28:33,139][kafka.coordinator][INFO]Heartbeat successful
[2016-05-11 16:28:36,152][kafka.coordinator][INFO]Heartbeat successful
[2016-05-11 16:28:39,217][kafka.coordinator][INFO]Heartbeat successful
[2016-05-11 16:28:42,277][kafka.coordinator][INFO]Heartbeat successful
[2016-05-11 16:28:45,293][kafka.coordinator][INFO]Heartbeat successful
[2016-05-11 16:28:48,315][kafka.coordinator][INFO]Heartbeat successful
[2016-05-11 16:28:50,871][kafka.coordinator][INFO]Heartbeat successful
[2016-05-11 16:28:53,932][kafka.coordinator][INFO]Heartbeat successful
[2016-05-11 16:28:56,953][kafka.coordinator][INFO]Heartbeat successful
[2016-05-11 16:29:00,011][kafka.coordinator][INFO]Heartbeat successful
[2016-05-11 16:29:03,025][kafka.coordinator][INFO]Heartbeat successful
[2016-05-11 16:29:06,045][kafka.coordinator][INFO]Heartbeat successful
[2016-05-11 16:29:09,066][kafka.coordinator][INFO]Heartbeat successful
[2016-05-11 16:29:12,126][kafka.coordinator][INFO]Heartbeat successful
[2016-05-11 16:29:15,146][kafka.coordinator][INFO]Heartbeat successful
[2016-05-11 16:29:18,171][kafka.coordinator][INFO]Heartbeat successful
[2016-05-11 16:29:21,337][kafka.coordinator][INFO]Heartbeat successful
[2016-05-11 16:29:23,895][kafka.coordinator][INFO]Heartbeat successful
[2016-05-11 16:29:27,033][kafka.coordinator][INFO]Heartbeat successful
[2016-05-11 16:29:30,054][kafka.coordinator][INFO]Heartbeat successful
[2016-05-11 16:29:33,072][kafka.coordinator][INFO]Heartbeat successful
[2016-05-11 16:29:36,311][kafka.coordinator][INFO]Heartbeat successful
[2016-05-11 16:29:39,076][kafka.coordinator][INFO]Heartbeat successful
[2016-05-11 16:29:42,291][kafka.coordinator][INFO]Heartbeat successful
[2016-05-11 16:29:44,900][kafka.coordinator][INFO]Heartbeat successful
[2016-05-11 16:29:48,016][kafka.coordinator][INFO]Heartbeat successful
[2016-05-11 16:29:51,100][kafka.coordinator][INFO]Heartbeat successful
[2016-05-11 16:29:54,141][kafka.coordinator][INFO]Heartbeat successful
[2016-05-11 16:29:57,385][kafka.coordinator][INFO]Heartbeat successful
[2016-05-11 16:29:59,975][kafka.coordinator][INFO]Heartbeat successful
[2016-05-11 16:30:02,923][kafka.coordinator][INFO]Heartbeat successful
[2016-05-11 16:30:06,230][kafka.coordinator][INFO]Heartbeat successful
[2016-05-11 16:30:09,088][kafka.coordinator][INFO]Heartbeat successful
[2016-05-11 16:30:12,211][kafka.coordinator][INFO]Heartbeat successful
[2016-05-11 16:30:15,235][kafka.coordinator][INFO]Heartbeat successful
[2016-05-11 16:30:18,344][kafka.coordinator][INFO]Heartbeat successful
[2016-05-11 16:30:20,947][kafka.coordinator][INFO]Heartbeat successful
[2016-05-11 16:30:24,061][kafka.coordinator][INFO]Heartbeat successful
[2016-05-11 16:30:27,094][kafka.coordinator][INFO]Heartbeat successful
[2016-05-11 16:30:30,257][kafka.coordinator][INFO]Heartbeat successful
[2016-05-11 16:30:33,392][kafka.coordinator][INFO]Heartbeat successful
[2016-05-11 16:30:36,078][kafka.coordinator][INFO]Heartbeat successful
[2016-05-11 16:30:39,339][kafka.coordinator][INFO]Heartbeat successful
[2016-05-11 16:30:41,954][kafka.coordinator][INFO]Heartbeat successful
[2016-05-11 16:30:45,129][kafka.coordinator][INFO]Heartbeat successful
[2016-05-11 16:30:48,189][kafka.coordinator][INFO]Heartbeat successful
[2016-05-11 16:30:51,329][kafka.coordinator][INFO]Heartbeat successful
[2016-05-11 16:30:54,009][kafka.coordinator][INFO]Heartbeat successful
[2016-05-11 16:30:57,175][kafka.coordinator][INFO]Heartbeat successful
[2016-05-11 16:31:00,193][kafka.coordinator][INFO]Heartbeat successful
[2016-05-11 16:31:03,211][kafka.coordinator][INFO]Heartbeat successful
[2016-05-11 16:31:06,344][kafka.coordinator][INFO]Heartbeat successful
[2016-05-11 16:31:08,940][kafka.coordinator][WARNING]Heartbeat: group is rebalancing; this consumer needs to re-join
[2016-05-11 16:31:08,940][kafka.coordinator][WARNING]Heartbeat failed; retrying
[2016-05-11 16:31:09,040][kafka.coordinator][INFO]Skipping heartbeat: no auto-assignment or waiting on rebalance
[2016-05-11 16:31:09,570][kafka.coordinator][INFO]Joined group 'kafka-python-default-group' (generation 5) with member_id kafka-python-1.0.2-5e5b8f0f-740c-4868-be54-6d30ed046d00
[2016-05-11 16:31:09,768][kafka.consumer.subscription_state][INFO]Updated partition assignment: [TopicPartition(topic=u'goodtopic', partition=0)]
[2016-05-11 16:31:12,964][kafka.coordinator][INFO]Heartbeat successful
[2016-05-11 16:31:16,107][kafka.coordinator][INFO]Heartbeat successful
[2016-05-11 16:31:19,189][kafka.coordinator][INFO]Heartbeat successful
[2016-05-11 16:31:21,826][kafka.coordinator][INFO]Heartbeat successful
[2016-05-11 16:31:24,954][kafka.coordinator][INFO]Heartbeat successful
[2016-05-11 16:31:28,247][kafka.coordinator][INFO]Heartbeat successful
[2016-05-11 16:31:31,203][kafka.coordinator][INFO]Heartbeat successful
[2016-05-11 16:31:34,388][kafka.coordinator][INFO]Heartbeat successful
[2016-05-11 16:31:37,110][kafka.coordinator][INFO]Heartbeat successful
[2016-05-11 16:31:40,202][kafka.coordinator][INFO]Heartbeat successful
[2016-05-11 16:31:43,219][kafka.coordinator][INFO]Heartbeat successful
[2016-05-11 16:31:46,397][kafka.coordinator][INFO]Heartbeat successful
[2016-05-11 16:31:49,131][kafka.coordinator][INFO]Heartbeat successful
[2016-05-11 16:31:51,796][kafka.coordinator][INFO]Heartbeat successful
[2016-05-11 16:31:54,996][kafka.coordinator][INFO]Heartbeat successful
[2016-05-11 16:31:58,251][kafka.coordinator][INFO]Heartbeat successful
[2016-05-11 16:32:00,828][kafka.coordinator][INFO]Heartbeat successful
[2016-05-11 16:32:03,949][kafka.coordinator][INFO]Heartbeat successful
[2016-05-11 16:32:07,017][kafka.coordinator][INFO]Heartbeat successful
[2016-05-11 16:32:10,241][kafka.coordinator][INFO]Heartbeat successful
[2016-05-11 16:32:12,860][kafka.coordinator][INFO]Heartbeat successful
[2016-05-11 16:32:16,314][kafka.coordinator][INFO]Heartbeat successful
[2016-05-11 16:32:18,995][kafka.coordinator][INFO]Heartbeat successful
[2016-05-11 16:32:22,010][kafka.coordinator][INFO]Heartbeat successful
[2016-05-11 16:32:25,033][kafka.coordinator][INFO]Heartbeat successful
[2016-05-11 16:32:28,124][kafka.coordinator][INFO]Heartbeat successful
[2016-05-11 16:32:31,245][kafka.coordinator][INFO]Heartbeat successful
[2016-05-11 16:32:34,030][kafka.coordinator][INFO]Heartbeat successful
[2016-05-11 16:32:37,213][kafka.coordinator][INFO]Heartbeat successful
[2016-05-11 16:32:39,825][kafka.coordinator][INFO]Heartbeat successful
[2016-05-11 16:32:42,947][kafka.coordinator][INFO]Heartbeat successful
[2016-05-11 16:32:46,124][kafka.coordinator][INFO]Heartbeat successful
[2016-05-11 16:32:49,225][kafka.coordinator][INFO]Heartbeat successful
[2016-05-11 16:32:51,806][kafka.coordinator][INFO]Heartbeat successful
[2016-05-11 16:32:55,019][kafka.coordinator][INFO]Heartbeat successful
[2016-05-11 16:32:58,156][kafka.coordinator][INFO]Heartbeat successful
[2016-05-11 16:33:01,223][kafka.coordinator][INFO]Heartbeat successful
[2016-05-11 16:33:03,801][kafka.coordinator][INFO]Heartbeat successful
[2016-05-11 16:33:06,858][kafka.coordinator][INFO]Heartbeat successful
[2016-05-11 16:33:09,958][kafka.coordinator][INFO]Heartbeat successful
[2016-05-11 16:33:13,206][kafka.coordinator][INFO]Heartbeat successful
[2016-05-11 16:33:15,928][kafka.coordinator][INFO]Heartbeat successful
[2016-05-11 16:33:19,023][kafka.coordinator][INFO]Heartbeat successful
[2016-05-11 16:33:22,285][kafka.coordinator][INFO]Heartbeat successful
[2016-05-11 16:33:25,141][kafka.coordinator][INFO]Heartbeat successful
[2016-05-11 16:33:27,891][kafka.coordinator][INFO]Heartbeat successful
[2016-05-11 16:33:31,044][kafka.coordinator][INFO]Heartbeat successful
