Beginning task setup

/usr/bin/flock
Using existing venv: /tmp/petrel-test-4-1462969332/venv
Task setup took 4 seconds
Launching: python -m petrel.run kafkaconsumer /home/pipe/twitterintel/twitterintel/topology/TopologyTweetTransformationSPAM/petrel23755_kafkaconsumer.log
/usr/local/lib/python2.7/dist-packages/petrel-0.9.4.0.3-py2.7.egg/petrel/run.py invoked with the following arguments: ['kafkaconsumer', '/home/pipe/twitterintel/twitterintel/topology/TopologyTweetTransformationSPAM/petrel23755_kafkaconsumer.log']
python version: 2.7.11
user=root
PATH=/tmp/petrel-test-4-1462969332/venv/bin:/root/SimpleScalar/simplesim-3.0:/root/SimpleScalar/bin:/root/SimpleScalar/gcc-2.6.3:/root/SimpleScalar/bin:/usr/local/sbin:/usr/local/bin:/usr/sbin:/usr/bin:/sbin:/bin:/usr/games:/usr/local/games:/home/pipe/Downloads/zookeeper-3.4.8/bin:/home/pipe/Downloads/apache-storm-0.9.4/bin
LD_LIBRARY_PATH=storm-local/supervisor/stormdist/test-4-1462969332/resources/Linux-amd64:storm-local/supervisor/stormdist/test-4-1462969332/resources:/usr/local/lib:/opt/local/lib:/usr/lib
PYTHON_EGG_CACHE=/tmp/petrel-test-4-1462969332/egg_cache
[2016-05-11 17:47:50,549][storm][INFO]Tuple profiling enabled. Will log tuple processing times.
[2016-05-11 17:47:50,905][storm][INFO]Task received setupInfo from Storm: {u'pidDir': u'/home/pipe/storm-local/workers/e7f92e04-d9db-4c91-a9ba-5c7d46ee949e/pids', u'conf': {u'oauth.acess_token': u' 702208758362087425-HZiyl1x7Bh98cQa1WLBDYylyu10Bpl7', u'topology.tuple.serializer': u'backtype.storm.serialization.types.ListDelegateSerializer', u'topology.workers': 1, u'drpc.worker.threads': 64, u'storm.messaging.netty.client_worker_threads': 1, u'supervisor.heartbeat.frequency.secs': 5, u'topology.executor.send.buffer.size': 1024, u'drpc.childopts': u'-Xmx768m', u'nimbus.thrift.port': 6627, u'storm.zookeeper.retry.intervalceiling.millis': 30000, u'storm.local.dir': u'storm-local', u'topology.receiver.buffer.size': 8, u'storm.zookeeper.servers': [u'localhost'], u'oauth.consumer_secret': u'ADf76fi3O1lKMzBxWnjqf93l3GHv28uar3bkblkvyBrAyoA23i', u'transactional.zookeeper.root': u'/transactional', u'drpc.request.timeout.secs': 600, u'topology.skip.missing.kryo.registrations': False, u'worker.heartbeat.frequency.secs': 1, u'zmq.hwm': 0, u'storm.zookeeper.connection.timeout': 15000, u'java.library.path': u'/usr/local/lib:/opt/local/lib:/usr/lib', u'topology.max.error.report.per.interval': 5, u'storm.messaging.netty.server_worker_threads': 1, u'storm.id': u'test-4-1462969332', u'supervisor.worker.start.timeout.secs': 120, u'zmq.threads': 1, u'topology.acker.executors': None, u'storm.messaging.netty.flush.check.interval.ms': 10, u'storm.messaging.netty.transfer.batch.size': 262144, u'topology.max.task.parallelism': None, u'topology.environment': None, u'storm.zookeeper.port': 2181, u'nimbus.childopts': u'-Xmx1024m', u'topology.classpath': None, u'worker.childopts': u'-Xmx768m', u'drpc.queue.size': 128, u'topology.multilang.serializer': u'backtype.storm.multilang.JsonSerializer', u'storm.zookeeper.retry.times': 5, u'nimbus.monitor.freq.secs': 10, u'storm.cluster.mode': u'distributed', u'dev.zookeeper.path': u'/tmp/dev-storm-zookeeper', u'drpc.invocations.port': 3773, u'topology.tasks': None, u'storm.zookeeper.root': u'/storm', u'logviewer.childopts': u'-Xmx128m', u'storm.meta.serialization.delegate': u'backtype.storm.serialization.DefaultSerializationDelegate', u'transactional.zookeeper.port': None, u'topology.worker.receiver.thread.count': 1, u'topology.worker.childopts': None, u'topology.max.spout.pending': None, u'topology.kryo.register': None, u'petrel.host': u'pipe-X550CC', u'nimbus.cleanup.inbox.freq.secs': 600, u'storm.messaging.netty.min_wait_ms': 100, u'nimbus.task.timeout.secs': 30, u'nimbus.thrift.max_buffer_size': 1048576, u'topology.sleep.spout.wait.strategy.time.ms': 1, u'nimbus.reassign': True, u'storm.messaging.transport': u'backtype.storm.messaging.netty.Context', u'logviewer.appender.name': u'A1', u'nimbus.host': u'localhost', u'ui.port': 8080, u'supervisor.slots.ports': [6700, 6701, 6702, 6703], u'nimbus.file.copy.expiration.secs': 600, u'supervisor.monitor.frequency.secs': 3, u'ui.childopts': u'-Xmx768m', u'transactional.zookeeper.servers': None, u'zmq.linger.millis': 5000, u'topology.error.throttle.interval.secs': 10, u'topology.worker.shared.thread.pool.size': 4, u'topology.executor.receive.buffer.size': 1024, u'topology.spout.wait.strategy': u'backtype.storm.spout.SleepSpoutWaitStrategy', u'task.heartbeat.frequency.secs': 3, u'topology.transfer.buffer.size': 1024, u'storm.zookeeper.session.timeout': 20000, u'storm.local.mode.zmq': False, u'topology.stats.sample.rate': 0.05, u'topology.fall.back.on.java.serialization': True, u'supervisor.childopts': u'-Xmx256m', u'topology.enable.message.timeouts': True, u'storm.messaging.netty.max_wait_ms': 1000, u'nimbus.topology.validator': u'backtype.storm.nimbus.DefaultTopologyValidator', u'nimbus.supervisor.timeout.secs': 60, u'topology.disruptor.wait.strategy': u'com.lmax.disruptor.BlockingWaitStrategy', u'storm.messaging.netty.buffer_size': 5242880, u'drpc.port': 3772, u'topology.kryo.factory': u'backtype.storm.serialization.DefaultKryoFactory', u'storm.zookeeper.retry.interval': 1000, u'storm.messaging.netty.max_retries': 300, u'topology.tick.tuple.freq.secs': 30, u'supervisor.enable': True, u'nimbus.task.launch.secs': 120, u'task.refresh.poll.secs': 10, u'topology.message.timeout.secs': 30, u'oauth.acess_token_secret': u'IiNOTfgE3tEZvW2HDQhRKPMoOLU43NXJCXk8maj51SdAT', u'petrel.user': u'root', u'nimbus.inbox.jar.expiration.secs': 3600, u'topology.state.synchronization.timeout.secs': 60, u'topology.name': u'test', u'supervisor.worker.timeout.secs': 30, u'topology.trident.batch.emit.interval.millis': 500, u'topology.builtin.metrics.bucket.size.secs': 60, u'storm.thrift.transport': u'backtype.storm.security.auth.SimpleTransportPlugin', u'logviewer.port': 8000, u'oauth.consumer_key': u'eaFmBSxUveRJfmyZYeabti9Q9', u'topology.kryo.decorators': [], u'topology.debug': False}, u'context': {u'task->component': {u'1': u'CountThreeWords', u'3': u'CountWord', u'2': u'CountTwoWords', u'5': u'ThreeWordDivider', u'4': u'KafkaConsumer', u'7': u'WordDivider', u'6': u'TwoWordDivider', u'8': u'__acker'}, u'taskid': 4}}
[2016-05-11 17:47:50,918][storm][INFO]Task sent pid to Storm
[2016-05-11 17:47:51,069][kafka.client][INFO]Broker version identifed as 0.9
[2016-05-11 17:47:51,070][kafka.consumer.subscription_state][INFO]Updating subscribed topics to: ['instanttopic']
[2016-05-11 17:47:51,148][kafka.cluster][INFO]Group coordinator for kafka-python-default-group is BrokerMetadata(nodeId=0, host=u'pipe-X550CC', port=9092)
[2016-05-11 17:47:53,900][kafka.coordinator][INFO]Joined group 'kafka-python-default-group' (generation 42) with member_id kafka-python-1.0.2-fc4711c7-a7c4-4122-a46a-1a3e1b57594c
[2016-05-11 17:47:53,901][kafka.coordinator][INFO]Elected group leader -- performing partition assignments using range
[2016-05-11 17:47:53,901][kafka.coordinator.assignors.range][WARNING]No partition metadata for topic goodtopic
[2016-05-11 17:47:54,040][kafka.coordinator][INFO]Joined group 'kafka-python-default-group' (generation 42) with member_id kafka-python-1.0.2-fc4711c7-a7c4-4122-a46a-1a3e1b57594c
[2016-05-11 17:47:54,040][kafka.coordinator][INFO]Elected group leader -- performing partition assignments using range
[2016-05-11 17:47:54,083][kafka.consumer.subscription_state][INFO]Updated partition assignment: [TopicPartition(topic=u'instanttopic', partition=0)]
[2016-05-11 17:47:57,177][kafka.coordinator][INFO]Heartbeat successful
[2016-05-11 17:48:00,194][kafka.coordinator][INFO]Heartbeat successful
[2016-05-11 17:48:03,209][kafka.coordinator][INFO]Heartbeat successful
[2016-05-11 17:48:06,261][kafka.coordinator][INFO]Heartbeat successful
[2016-05-11 17:48:09,277][kafka.coordinator][INFO]Heartbeat successful
[2016-05-11 17:48:12,290][kafka.coordinator][INFO]Heartbeat successful
[2016-05-11 17:48:15,347][kafka.coordinator][INFO]Heartbeat successful
[2016-05-11 17:48:18,368][kafka.coordinator][INFO]Heartbeat successful
[2016-05-11 17:48:21,388][kafka.coordinator][INFO]Heartbeat successful
[2016-05-11 17:48:24,407][kafka.coordinator][INFO]Heartbeat successful
[2016-05-11 17:48:27,465][kafka.coordinator][INFO]Heartbeat successful
[2016-05-11 17:48:30,483][kafka.coordinator][INFO]Heartbeat successful
[2016-05-11 17:48:33,503][kafka.coordinator][INFO]Heartbeat successful
[2016-05-11 17:48:36,564][kafka.coordinator][INFO]Heartbeat successful
[2016-05-11 17:48:39,581][kafka.coordinator][INFO]Heartbeat successful
[2016-05-11 17:48:42,099][kafka.coordinator][INFO]Heartbeat successful
[2016-05-11 17:48:45,157][kafka.coordinator][INFO]Heartbeat successful
[2016-05-11 17:48:48,173][kafka.coordinator][INFO]Heartbeat successful
[2016-05-11 17:48:51,233][kafka.coordinator][INFO]Heartbeat successful
[2016-05-11 17:48:54,263][kafka.coordinator][INFO]Heartbeat successful
[2016-05-11 17:48:57,288][kafka.coordinator][INFO]Heartbeat successful
[2016-05-11 17:49:00,350][kafka.coordinator][INFO]Heartbeat successful
[2016-05-11 17:49:03,367][kafka.coordinator][INFO]Heartbeat successful
[2016-05-11 17:49:06,392][kafka.coordinator][INFO]Heartbeat successful
[2016-05-11 17:49:09,412][kafka.coordinator][INFO]Heartbeat successful
[2016-05-11 17:49:12,476][kafka.coordinator][INFO]Heartbeat successful
[2016-05-11 17:49:15,497][kafka.coordinator][INFO]Heartbeat successful
[2016-05-11 17:49:18,524][kafka.coordinator][INFO]Heartbeat successful
[2016-05-11 17:49:21,544][kafka.coordinator][INFO]Heartbeat successful
[2016-05-11 17:49:24,564][kafka.coordinator][INFO]Heartbeat successful
[2016-05-11 17:49:27,125][kafka.coordinator][INFO]Heartbeat successful
[2016-05-11 17:49:30,187][kafka.coordinator][INFO]Heartbeat successful
[2016-05-11 17:49:33,216][kafka.coordinator][INFO]Heartbeat successful
[2016-05-11 17:49:36,276][kafka.coordinator][INFO]Heartbeat successful
[2016-05-11 17:49:39,297][kafka.coordinator][INFO]Heartbeat successful
[2016-05-11 17:49:42,322][kafka.coordinator][INFO]Heartbeat successful
[2016-05-11 17:49:45,340][kafka.coordinator][INFO]Heartbeat successful
[2016-05-11 17:49:48,397][kafka.coordinator][INFO]Heartbeat successful
[2016-05-11 17:49:51,417][kafka.coordinator][INFO]Heartbeat successful
[2016-05-11 17:49:54,438][kafka.coordinator][INFO]Heartbeat successful
[2016-05-11 17:49:57,502][kafka.coordinator][INFO]Heartbeat successful
[2016-05-11 17:50:00,522][kafka.coordinator][INFO]Heartbeat successful
[2016-05-11 17:50:03,545][kafka.coordinator][INFO]Heartbeat successful
[2016-05-11 17:50:06,604][kafka.coordinator][INFO]Heartbeat successful
[2016-05-11 17:50:09,120][kafka.coordinator][INFO]Heartbeat successful
[2016-05-11 17:50:12,179][kafka.coordinator][INFO]Heartbeat successful
[2016-05-11 17:50:15,199][kafka.coordinator][INFO]Heartbeat successful
[2016-05-11 17:50:18,259][kafka.coordinator][INFO]Heartbeat successful
[2016-05-11 17:50:21,283][kafka.coordinator][INFO]Heartbeat successful
[2016-05-11 17:50:24,308][kafka.coordinator][INFO]Heartbeat successful
[2016-05-11 17:50:27,368][kafka.coordinator][INFO]Heartbeat successful
[2016-05-11 17:50:30,381][kafka.coordinator][INFO]Heartbeat successful
[2016-05-11 17:50:33,402][kafka.coordinator][INFO]Heartbeat successful
[2016-05-11 17:50:36,456][kafka.coordinator][INFO]Heartbeat successful
[2016-05-11 17:50:39,467][kafka.coordinator][INFO]Heartbeat successful
[2016-05-11 17:50:42,482][kafka.coordinator][INFO]Heartbeat successful
[2016-05-11 17:50:45,494][kafka.coordinator][INFO]Heartbeat successful
[2016-05-11 17:50:48,549][kafka.coordinator][INFO]Heartbeat successful
[2016-05-11 17:50:51,564][kafka.coordinator][INFO]Heartbeat successful
[2016-05-11 17:50:54,577][kafka.coordinator][WARNING]Heartbeat: group is rebalancing; this consumer needs to re-join
[2016-05-11 17:50:54,578][kafka.coordinator][WARNING]Heartbeat failed; retrying
[2016-05-11 17:50:54,678][kafka.coordinator][INFO]Skipping heartbeat: no auto-assignment or waiting on rebalance
[2016-05-11 17:50:55,082][kafka.coordinator][INFO]Joined group 'kafka-python-default-group' (generation 43) with member_id kafka-python-1.0.2-fc4711c7-a7c4-4122-a46a-1a3e1b57594c
[2016-05-11 17:50:55,083][kafka.coordinator][INFO]Elected group leader -- performing partition assignments using range
[2016-05-11 17:50:55,125][kafka.consumer.subscription_state][INFO]Updated partition assignment: [TopicPartition(topic=u'instanttopic', partition=0)]
[2016-05-11 17:50:58,215][kafka.coordinator][INFO]Heartbeat successful
[2016-05-11 17:51:01,228][kafka.coordinator][INFO]Heartbeat successful
[2016-05-11 17:51:04,244][kafka.coordinator][INFO]Heartbeat successful
[2016-05-11 17:51:07,297][kafka.coordinator][INFO]Heartbeat successful
[2016-05-11 17:51:10,315][kafka.coordinator][INFO]Heartbeat successful
[2016-05-11 17:51:13,329][kafka.coordinator][INFO]Heartbeat successful
[2016-05-11 17:51:16,386][kafka.coordinator][INFO]Heartbeat successful
[2016-05-11 17:51:19,404][kafka.coordinator][INFO]Heartbeat successful
[2016-05-11 17:51:22,419][kafka.coordinator][INFO]Heartbeat successful
[2016-05-11 17:51:25,433][kafka.coordinator][INFO]Heartbeat successful
[2016-05-11 17:51:28,493][kafka.coordinator][INFO]Heartbeat successful
[2016-05-11 17:51:31,336][kafka.coordinator][INFO]Heartbeat successful
[2016-05-11 17:51:34,355][kafka.coordinator][INFO]Heartbeat successful
[2016-05-11 17:51:37,414][kafka.coordinator][INFO]Heartbeat successful
[2016-05-11 17:51:40,432][kafka.coordinator][INFO]Heartbeat successful
[2016-05-11 17:51:43,459][kafka.coordinator][INFO]Heartbeat successful
[2016-05-11 17:51:46,510][kafka.coordinator][INFO]Heartbeat successful
[2016-05-11 17:51:49,522][kafka.coordinator][INFO]Heartbeat successful
[2016-05-11 17:51:52,536][kafka.coordinator][INFO]Heartbeat successful
[2016-05-11 17:51:55,550][kafka.coordinator][INFO]Heartbeat successful
[2016-05-11 17:51:58,608][kafka.coordinator][INFO]Heartbeat successful
[2016-05-11 17:52:01,628][kafka.coordinator][INFO]Heartbeat successful
[2016-05-11 17:52:04,152][kafka.coordinator][INFO]Heartbeat successful
[2016-05-11 17:52:07,210][kafka.coordinator][INFO]Heartbeat successful
[2016-05-11 17:52:10,233][kafka.coordinator][INFO]Heartbeat successful
[2016-05-11 17:52:13,291][kafka.coordinator][INFO]Heartbeat successful
[2016-05-11 17:52:16,307][kafka.coordinator][INFO]Heartbeat successful
[2016-05-11 17:52:19,322][kafka.coordinator][INFO]Heartbeat successful
[2016-05-11 17:52:22,380][kafka.coordinator][INFO]Heartbeat successful
[2016-05-11 17:52:25,396][kafka.coordinator][INFO]Heartbeat successful
[2016-05-11 17:52:28,415][kafka.coordinator][INFO]Heartbeat successful
[2016-05-11 17:52:31,436][kafka.coordinator][INFO]Heartbeat successful
[2016-05-11 17:52:34,491][kafka.coordinator][INFO]Heartbeat successful
[2016-05-11 17:52:37,507][kafka.coordinator][INFO]Heartbeat successful
[2016-05-11 17:52:40,525][kafka.coordinator][INFO]Heartbeat successful
[2016-05-11 17:52:43,585][kafka.coordinator][INFO]Heartbeat successful
[2016-05-11 17:52:46,599][kafka.coordinator][INFO]Heartbeat successful
[2016-05-11 17:52:49,618][kafka.coordinator][INFO]Heartbeat successful
[2016-05-11 17:52:52,172][kafka.coordinator][INFO]Heartbeat successful
[2016-05-11 17:52:55,233][kafka.coordinator][INFO]Heartbeat successful
[2016-05-11 17:52:58,249][kafka.coordinator][INFO]Heartbeat successful
[2016-05-11 17:53:01,269][kafka.coordinator][INFO]Heartbeat successful
[2016-05-11 17:53:04,331][kafka.coordinator][INFO]Heartbeat successful
[2016-05-11 17:53:07,353][kafka.coordinator][INFO]Heartbeat successful
[2016-05-11 17:53:10,374][kafka.coordinator][INFO]Heartbeat successful
