Beginning task setup

/usr/bin/flock
Using existing venv: /tmp/petrel-test-4-1462969332/venv
Task setup took 3 seconds
Launching: python -m petrel.run kafkaconsumer /home/pipe/twitterintel/twitterintel/topology/TopologyTweetTransformationSPAM/petrel18093_kafkaconsumer.log
/usr/local/lib/python2.7/dist-packages/petrel-0.9.4.0.3-py2.7.egg/petrel/run.py invoked with the following arguments: ['kafkaconsumer', '/home/pipe/twitterintel/twitterintel/topology/TopologyTweetTransformationSPAM/petrel18093_kafkaconsumer.log']
python version: 2.7.11
user=root
PATH=/tmp/petrel-test-4-1462969332/venv/bin:/root/SimpleScalar/simplesim-3.0:/root/SimpleScalar/bin:/root/SimpleScalar/gcc-2.6.3:/root/SimpleScalar/bin:/usr/local/sbin:/usr/local/bin:/usr/sbin:/usr/bin:/sbin:/bin:/usr/games:/usr/local/games:/home/pipe/Downloads/zookeeper-3.4.8/bin:/home/pipe/Downloads/apache-storm-0.9.4/bin
LD_LIBRARY_PATH=storm-local/supervisor/stormdist/test-4-1462969332/resources/Linux-amd64:storm-local/supervisor/stormdist/test-4-1462969332/resources:/usr/local/lib:/opt/local/lib:/usr/lib
PYTHON_EGG_CACHE=/tmp/petrel-test-4-1462969332/egg_cache
[2016-05-12 17:07:23,000][storm][INFO]Tuple profiling enabled. Will log tuple processing times.
[2016-05-12 17:07:23,344][storm][INFO]Task received setupInfo from Storm: {u'pidDir': u'/home/pipe/storm-local/workers/b5dda0bd-fcad-4500-b631-cd8066a1d136/pids', u'conf': {u'oauth.acess_token': u' 702208758362087425-HZiyl1x7Bh98cQa1WLBDYylyu10Bpl7', u'topology.tuple.serializer': u'backtype.storm.serialization.types.ListDelegateSerializer', u'topology.workers': 1, u'drpc.worker.threads': 64, u'storm.messaging.netty.client_worker_threads': 1, u'supervisor.heartbeat.frequency.secs': 5, u'topology.executor.send.buffer.size': 1024, u'drpc.childopts': u'-Xmx768m', u'nimbus.thrift.port': 6627, u'storm.zookeeper.retry.intervalceiling.millis': 30000, u'storm.local.dir': u'storm-local', u'topology.receiver.buffer.size': 8, u'storm.zookeeper.servers': [u'localhost'], u'oauth.consumer_secret': u'ADf76fi3O1lKMzBxWnjqf93l3GHv28uar3bkblkvyBrAyoA23i', u'transactional.zookeeper.root': u'/transactional', u'drpc.request.timeout.secs': 600, u'topology.skip.missing.kryo.registrations': False, u'worker.heartbeat.frequency.secs': 1, u'zmq.hwm': 0, u'storm.zookeeper.connection.timeout': 15000, u'java.library.path': u'/usr/local/lib:/opt/local/lib:/usr/lib', u'topology.max.error.report.per.interval': 5, u'storm.messaging.netty.server_worker_threads': 1, u'storm.id': u'test-4-1462969332', u'supervisor.worker.start.timeout.secs': 120, u'zmq.threads': 1, u'topology.acker.executors': None, u'storm.messaging.netty.flush.check.interval.ms': 10, u'storm.messaging.netty.transfer.batch.size': 262144, u'topology.max.task.parallelism': None, u'topology.environment': None, u'storm.zookeeper.port': 2181, u'nimbus.childopts': u'-Xmx1024m', u'topology.classpath': None, u'worker.childopts': u'-Xmx768m', u'drpc.queue.size': 128, u'topology.multilang.serializer': u'backtype.storm.multilang.JsonSerializer', u'storm.zookeeper.retry.times': 5, u'nimbus.monitor.freq.secs': 10, u'storm.cluster.mode': u'distributed', u'dev.zookeeper.path': u'/tmp/dev-storm-zookeeper', u'drpc.invocations.port': 3773, u'topology.tasks': None, u'storm.zookeeper.root': u'/storm', u'logviewer.childopts': u'-Xmx128m', u'storm.meta.serialization.delegate': u'backtype.storm.serialization.DefaultSerializationDelegate', u'transactional.zookeeper.port': None, u'topology.worker.receiver.thread.count': 1, u'topology.worker.childopts': None, u'topology.max.spout.pending': None, u'topology.kryo.register': None, u'petrel.host': u'pipe-X550CC', u'nimbus.cleanup.inbox.freq.secs': 600, u'storm.messaging.netty.min_wait_ms': 100, u'nimbus.task.timeout.secs': 30, u'nimbus.thrift.max_buffer_size': 1048576, u'topology.sleep.spout.wait.strategy.time.ms': 1, u'nimbus.reassign': True, u'storm.messaging.transport': u'backtype.storm.messaging.netty.Context', u'logviewer.appender.name': u'A1', u'nimbus.host': u'localhost', u'ui.port': 8080, u'supervisor.slots.ports': [6700, 6701, 6702, 6703], u'nimbus.file.copy.expiration.secs': 600, u'supervisor.monitor.frequency.secs': 3, u'ui.childopts': u'-Xmx768m', u'transactional.zookeeper.servers': None, u'zmq.linger.millis': 5000, u'topology.error.throttle.interval.secs': 10, u'topology.worker.shared.thread.pool.size': 4, u'topology.executor.receive.buffer.size': 1024, u'topology.spout.wait.strategy': u'backtype.storm.spout.SleepSpoutWaitStrategy', u'task.heartbeat.frequency.secs': 3, u'topology.transfer.buffer.size': 1024, u'storm.zookeeper.session.timeout': 20000, u'storm.local.mode.zmq': False, u'topology.stats.sample.rate': 0.05, u'topology.fall.back.on.java.serialization': True, u'supervisor.childopts': u'-Xmx256m', u'topology.enable.message.timeouts': True, u'storm.messaging.netty.max_wait_ms': 1000, u'nimbus.topology.validator': u'backtype.storm.nimbus.DefaultTopologyValidator', u'nimbus.supervisor.timeout.secs': 60, u'topology.disruptor.wait.strategy': u'com.lmax.disruptor.BlockingWaitStrategy', u'storm.messaging.netty.buffer_size': 5242880, u'drpc.port': 3772, u'topology.kryo.factory': u'backtype.storm.serialization.DefaultKryoFactory', u'storm.zookeeper.retry.interval': 1000, u'storm.messaging.netty.max_retries': 300, u'topology.tick.tuple.freq.secs': 30, u'supervisor.enable': True, u'nimbus.task.launch.secs': 120, u'task.refresh.poll.secs': 10, u'topology.message.timeout.secs': 30, u'oauth.acess_token_secret': u'IiNOTfgE3tEZvW2HDQhRKPMoOLU43NXJCXk8maj51SdAT', u'petrel.user': u'root', u'nimbus.inbox.jar.expiration.secs': 3600, u'topology.state.synchronization.timeout.secs': 60, u'topology.name': u'test', u'supervisor.worker.timeout.secs': 30, u'topology.trident.batch.emit.interval.millis': 500, u'topology.builtin.metrics.bucket.size.secs': 60, u'storm.thrift.transport': u'backtype.storm.security.auth.SimpleTransportPlugin', u'logviewer.port': 8000, u'oauth.consumer_key': u'eaFmBSxUveRJfmyZYeabti9Q9', u'topology.kryo.decorators': [], u'topology.debug': False}, u'context': {u'task->component': {u'1': u'CountThreeWords', u'3': u'CountWord', u'2': u'CountTwoWords', u'5': u'ThreeWordDivider', u'4': u'KafkaConsumer', u'7': u'WordDivider', u'6': u'TwoWordDivider', u'8': u'__acker'}, u'taskid': 4}}
[2016-05-12 17:07:23,356][storm][INFO]Task sent pid to Storm
[2016-05-12 17:07:23,659][kafka.client][INFO]Broker version identifed as 0.9
[2016-05-12 17:07:23,660][kafka.consumer.subscription_state][INFO]Updating subscribed topics to: ['instanttopic']
[2016-05-12 17:07:23,742][kafka.cluster][INFO]Group coordinator for kafka-python-default-group is BrokerMetadata(nodeId=0, host=u'pipe-X550CC', port=9092)
[2016-05-12 17:07:26,145][kafka.coordinator][INFO]Joined group 'kafka-python-default-group' (generation 2) with member_id kafka-python-1.0.2-e48fefd6-3d43-4549-9e96-dc7d8e3877e9
[2016-05-12 17:07:27,767][kafka.consumer.subscription_state][INFO]Updated partition assignment: [TopicPartition(topic=u'instanttopic', partition=0)]
[2016-05-12 17:07:30,877][kafka.coordinator][INFO]Heartbeat successful
[2016-05-12 17:07:33,885][kafka.coordinator][INFO]Heartbeat successful
[2016-05-12 17:07:36,948][kafka.coordinator][INFO]Heartbeat successful
[2016-05-12 17:07:39,968][kafka.coordinator][INFO]Heartbeat successful
[2016-05-12 17:07:43,015][kafka.coordinator][INFO]Heartbeat successful
[2016-05-12 17:07:46,040][kafka.coordinator][INFO]Heartbeat successful
[2016-05-12 17:07:49,106][kafka.coordinator][INFO]Heartbeat successful
[2016-05-12 17:07:52,131][kafka.coordinator][INFO]Heartbeat successful
[2016-05-12 17:07:55,149][kafka.coordinator][INFO]Heartbeat successful
[2016-05-12 17:07:58,170][kafka.coordinator][INFO]Heartbeat successful
[2016-05-12 17:08:01,239][kafka.coordinator][INFO]Heartbeat successful
[2016-05-12 17:08:04,320][kafka.coordinator][INFO]Heartbeat successful
[2016-05-12 17:08:06,966][kafka.coordinator][INFO]Heartbeat successful
[2016-05-12 17:08:09,992][kafka.coordinator][INFO]Heartbeat successful
[2016-05-12 17:08:13,013][kafka.coordinator][INFO]Heartbeat successful
[2016-05-12 17:08:16,224][kafka.coordinator][INFO]Heartbeat successful
[2016-05-12 17:08:19,262][kafka.coordinator][INFO]Heartbeat successful
[2016-05-12 17:08:21,899][kafka.coordinator][INFO]Heartbeat successful
[2016-05-12 17:08:25,051][kafka.coordinator][INFO]Heartbeat successful
[2016-05-12 17:08:28,078][kafka.coordinator][INFO]Heartbeat successful
[2016-05-12 17:08:31,105][kafka.coordinator][INFO]Heartbeat successful
[2016-05-12 17:08:34,142][kafka.coordinator][INFO]Heartbeat successful
[2016-05-12 17:08:37,168][kafka.coordinator][INFO]Heartbeat successful
[2016-05-12 17:08:40,230][kafka.coordinator][INFO]Heartbeat successful
[2016-05-12 17:08:43,247][kafka.coordinator][INFO]Heartbeat successful
[2016-05-12 17:08:46,267][kafka.coordinator][INFO]Heartbeat successful
[2016-05-12 17:08:48,839][kafka.coordinator][INFO]Heartbeat successful
[2016-05-12 17:08:51,886][kafka.coordinator][INFO]Heartbeat successful
[2016-05-12 17:08:54,936][kafka.coordinator][INFO]Heartbeat successful
[2016-05-12 17:08:57,986][kafka.coordinator][INFO]Heartbeat successful
[2016-05-12 17:09:01,017][kafka.coordinator][INFO]Heartbeat successful
[2016-05-12 17:09:03,859][kafka.coordinator][INFO]Heartbeat successful
[2016-05-12 17:09:06,922][kafka.coordinator][INFO]Heartbeat successful
[2016-05-12 17:09:09,941][kafka.coordinator][INFO]Heartbeat successful
[2016-05-12 17:09:13,006][kafka.coordinator][INFO]Heartbeat successful
[2016-05-12 17:09:16,085][kafka.coordinator][INFO]Heartbeat successful
[2016-05-12 17:09:19,106][kafka.coordinator][INFO]Heartbeat successful
[2016-05-12 17:09:22,122][kafka.coordinator][INFO]Heartbeat successful
[2016-05-12 17:09:25,144][kafka.coordinator][INFO]Heartbeat successful
[2016-05-12 17:09:28,206][kafka.coordinator][INFO]Heartbeat successful
[2016-05-12 17:09:31,222][kafka.coordinator][INFO]Heartbeat successful
[2016-05-12 17:09:34,245][kafka.coordinator][INFO]Heartbeat successful
[2016-05-12 17:09:36,806][kafka.coordinator][INFO]Heartbeat successful
[2016-05-12 17:09:39,861][kafka.coordinator][INFO]Heartbeat successful
[2016-05-12 17:09:42,881][kafka.coordinator][INFO]Heartbeat successful
[2016-05-12 17:09:45,897][kafka.coordinator][INFO]Heartbeat successful
[2016-05-12 17:09:48,953][kafka.coordinator][INFO]Heartbeat successful
[2016-05-12 17:09:51,969][kafka.coordinator][INFO]Heartbeat successful
[2016-05-12 17:09:54,991][kafka.coordinator][INFO]Heartbeat successful
[2016-05-12 17:09:58,050][kafka.coordinator][INFO]Heartbeat successful
[2016-05-12 17:10:01,068][kafka.coordinator][INFO]Heartbeat successful
[2016-05-12 17:10:04,091][kafka.coordinator][INFO]Heartbeat successful
[2016-05-12 17:10:07,153][kafka.coordinator][INFO]Heartbeat successful
[2016-05-12 17:10:10,165][kafka.coordinator][INFO]Heartbeat successful
[2016-05-12 17:10:13,184][kafka.coordinator][INFO]Heartbeat successful
[2016-05-12 17:10:16,195][kafka.coordinator][INFO]Heartbeat successful
[2016-05-12 17:10:19,252][kafka.coordinator][INFO]Heartbeat successful
[2016-05-12 17:10:22,270][kafka.coordinator][INFO]Heartbeat successful
[2016-05-12 17:10:25,287][kafka.coordinator][INFO]Heartbeat successful
[2016-05-12 17:10:27,843][kafka.coordinator][INFO]Heartbeat successful
[2016-05-12 17:10:30,862][kafka.coordinator][INFO]Heartbeat successful
[2016-05-12 17:10:33,877][kafka.coordinator][INFO]Heartbeat successful
[2016-05-12 17:10:36,937][kafka.coordinator][INFO]Heartbeat successful
[2016-05-12 17:10:39,954][kafka.coordinator][INFO]Heartbeat successful
[2016-05-12 17:10:42,970][kafka.coordinator][INFO]Heartbeat successful
[2016-05-12 17:10:45,989][kafka.coordinator][INFO]Heartbeat successful
[2016-05-12 17:10:49,045][kafka.coordinator][INFO]Heartbeat successful
[2016-05-12 17:10:52,067][kafka.coordinator][INFO]Heartbeat successful
[2016-05-12 17:10:55,088][kafka.coordinator][INFO]Heartbeat successful
[2016-05-12 17:10:58,146][kafka.coordinator][INFO]Heartbeat successful
[2016-05-12 17:11:01,166][kafka.coordinator][INFO]Heartbeat successful
[2016-05-12 17:11:04,185][kafka.coordinator][INFO]Heartbeat successful
[2016-05-12 17:11:07,249][kafka.coordinator][INFO]Heartbeat successful
[2016-05-12 17:11:10,267][kafka.coordinator][INFO]Heartbeat successful
[2016-05-12 17:11:13,284][kafka.coordinator][INFO]Heartbeat successful
[2016-05-12 17:11:16,305][kafka.coordinator][INFO]Heartbeat successful
[2016-05-12 17:11:18,861][kafka.coordinator][INFO]Heartbeat successful
[2016-05-12 17:11:21,878][kafka.coordinator][INFO]Heartbeat successful
[2016-05-12 17:11:24,950][kafka.coordinator][INFO]Heartbeat successful
[2016-05-12 17:11:27,969][kafka.coordinator][INFO]Heartbeat successful
[2016-05-12 17:11:30,991][kafka.coordinator][INFO]Heartbeat successful
[2016-05-12 17:11:34,051][kafka.coordinator][INFO]Heartbeat successful
[2016-05-12 17:11:37,072][kafka.coordinator][INFO]Heartbeat successful
[2016-05-12 17:11:40,088][kafka.coordinator][INFO]Heartbeat successful
[2016-05-12 17:11:43,143][kafka.coordinator][INFO]Heartbeat successful
[2016-05-12 17:11:46,160][kafka.coordinator][INFO]Heartbeat successful
[2016-05-12 17:11:49,179][kafka.coordinator][INFO]Heartbeat successful
[2016-05-12 17:11:52,205][kafka.coordinator][INFO]Heartbeat successful
[2016-05-12 17:11:55,266][kafka.coordinator][INFO]Heartbeat successful
[2016-05-12 17:11:58,290][kafka.coordinator][INFO]Heartbeat successful
[2016-05-12 17:12:01,314][kafka.coordinator][INFO]Heartbeat successful
[2016-05-12 17:12:03,841][kafka.coordinator][INFO]Heartbeat successful
[2016-05-12 17:12:06,904][kafka.coordinator][INFO]Heartbeat successful
[2016-05-12 17:12:09,925][kafka.coordinator][INFO]Heartbeat successful
[2016-05-12 17:12:12,987][kafka.coordinator][INFO]Heartbeat successful
[2016-05-12 17:12:16,007][kafka.coordinator][INFO]Heartbeat successful
[2016-05-12 17:12:19,027][kafka.coordinator][INFO]Heartbeat successful
[2016-05-12 17:12:22,051][kafka.coordinator][INFO]Heartbeat successful
[2016-05-12 17:12:25,120][kafka.coordinator][INFO]Heartbeat successful
[2016-05-12 17:12:28,144][kafka.coordinator][INFO]Heartbeat successful
