Beginning task setup

/usr/bin/flock
Using existing venv: /tmp/petrel-test-4-1462969332/venv
Task setup took 0 seconds
Launching: python -m petrel.run kafkaconsumer /home/pipe/twitterintel/twitterintel/topology/TopologyTweetTransformationSPAM/petrel22321_kafkaconsumer.log
/usr/local/lib/python2.7/dist-packages/petrel-0.9.4.0.3-py2.7.egg/petrel/run.py invoked with the following arguments: ['kafkaconsumer', '/home/pipe/twitterintel/twitterintel/topology/TopologyTweetTransformationSPAM/petrel22321_kafkaconsumer.log']
python version: 2.7.11
user=root
PATH=/tmp/petrel-test-4-1462969332/venv/bin:/root/SimpleScalar/simplesim-3.0:/root/SimpleScalar/bin:/root/SimpleScalar/gcc-2.6.3:/root/SimpleScalar/bin:/usr/local/sbin:/usr/local/bin:/usr/sbin:/usr/bin:/sbin:/bin:/usr/games:/usr/local/games:/home/pipe/Downloads/zookeeper-3.4.8/bin:/home/pipe/Downloads/apache-storm-0.9.4/bin
LD_LIBRARY_PATH=storm-local/supervisor/stormdist/test-4-1462969332/resources/Linux-amd64:storm-local/supervisor/stormdist/test-4-1462969332/resources:/usr/local/lib:/opt/local/lib:/usr/lib
PYTHON_EGG_CACHE=/tmp/petrel-test-4-1462969332/egg_cache
[2016-05-12 17:25:28,090][storm][INFO]Tuple profiling enabled. Will log tuple processing times.
[2016-05-12 17:25:41,049][storm][INFO]Task received setupInfo from Storm: {u'pidDir': u'/home/pipe/storm-local/workers/9e74448c-81b1-4ee1-bf29-26c0eeb35d1f/pids', u'conf': {u'oauth.acess_token': u' 702208758362087425-HZiyl1x7Bh98cQa1WLBDYylyu10Bpl7', u'topology.tuple.serializer': u'backtype.storm.serialization.types.ListDelegateSerializer', u'topology.workers': 1, u'drpc.worker.threads': 64, u'storm.messaging.netty.client_worker_threads': 1, u'supervisor.heartbeat.frequency.secs': 5, u'topology.executor.send.buffer.size': 1024, u'drpc.childopts': u'-Xmx768m', u'nimbus.thrift.port': 6627, u'storm.zookeeper.retry.intervalceiling.millis': 30000, u'storm.local.dir': u'storm-local', u'topology.receiver.buffer.size': 8, u'storm.zookeeper.servers': [u'localhost'], u'oauth.consumer_secret': u'ADf76fi3O1lKMzBxWnjqf93l3GHv28uar3bkblkvyBrAyoA23i', u'transactional.zookeeper.root': u'/transactional', u'drpc.request.timeout.secs': 600, u'topology.skip.missing.kryo.registrations': False, u'worker.heartbeat.frequency.secs': 1, u'zmq.hwm': 0, u'storm.zookeeper.connection.timeout': 15000, u'java.library.path': u'/usr/local/lib:/opt/local/lib:/usr/lib', u'topology.max.error.report.per.interval': 5, u'storm.messaging.netty.server_worker_threads': 1, u'storm.id': u'test-4-1462969332', u'supervisor.worker.start.timeout.secs': 120, u'zmq.threads': 1, u'topology.acker.executors': None, u'storm.messaging.netty.flush.check.interval.ms': 10, u'storm.messaging.netty.transfer.batch.size': 262144, u'topology.max.task.parallelism': None, u'topology.environment': None, u'storm.zookeeper.port': 2181, u'nimbus.childopts': u'-Xmx1024m', u'topology.classpath': None, u'worker.childopts': u'-Xmx768m', u'drpc.queue.size': 128, u'topology.multilang.serializer': u'backtype.storm.multilang.JsonSerializer', u'storm.zookeeper.retry.times': 5, u'nimbus.monitor.freq.secs': 10, u'storm.cluster.mode': u'distributed', u'dev.zookeeper.path': u'/tmp/dev-storm-zookeeper', u'drpc.invocations.port': 3773, u'topology.tasks': None, u'storm.zookeeper.root': u'/storm', u'logviewer.childopts': u'-Xmx128m', u'storm.meta.serialization.delegate': u'backtype.storm.serialization.DefaultSerializationDelegate', u'transactional.zookeeper.port': None, u'topology.worker.receiver.thread.count': 1, u'topology.worker.childopts': None, u'topology.max.spout.pending': None, u'topology.kryo.register': None, u'petrel.host': u'pipe-X550CC', u'nimbus.cleanup.inbox.freq.secs': 600, u'storm.messaging.netty.min_wait_ms': 100, u'nimbus.task.timeout.secs': 30, u'nimbus.thrift.max_buffer_size': 1048576, u'topology.sleep.spout.wait.strategy.time.ms': 1, u'nimbus.reassign': True, u'storm.messaging.transport': u'backtype.storm.messaging.netty.Context', u'logviewer.appender.name': u'A1', u'nimbus.host': u'localhost', u'ui.port': 8080, u'supervisor.slots.ports': [6700, 6701, 6702, 6703], u'nimbus.file.copy.expiration.secs': 600, u'supervisor.monitor.frequency.secs': 3, u'ui.childopts': u'-Xmx768m', u'transactional.zookeeper.servers': None, u'zmq.linger.millis': 5000, u'topology.error.throttle.interval.secs': 10, u'topology.worker.shared.thread.pool.size': 4, u'topology.executor.receive.buffer.size': 1024, u'topology.spout.wait.strategy': u'backtype.storm.spout.SleepSpoutWaitStrategy', u'task.heartbeat.frequency.secs': 3, u'topology.transfer.buffer.size': 1024, u'storm.zookeeper.session.timeout': 20000, u'storm.local.mode.zmq': False, u'topology.stats.sample.rate': 0.05, u'topology.fall.back.on.java.serialization': True, u'supervisor.childopts': u'-Xmx256m', u'topology.enable.message.timeouts': True, u'storm.messaging.netty.max_wait_ms': 1000, u'nimbus.topology.validator': u'backtype.storm.nimbus.DefaultTopologyValidator', u'nimbus.supervisor.timeout.secs': 60, u'topology.disruptor.wait.strategy': u'com.lmax.disruptor.BlockingWaitStrategy', u'storm.messaging.netty.buffer_size': 5242880, u'drpc.port': 3772, u'topology.kryo.factory': u'backtype.storm.serialization.DefaultKryoFactory', u'storm.zookeeper.retry.interval': 1000, u'storm.messaging.netty.max_retries': 300, u'topology.tick.tuple.freq.secs': 30, u'supervisor.enable': True, u'nimbus.task.launch.secs': 120, u'task.refresh.poll.secs': 10, u'topology.message.timeout.secs': 30, u'oauth.acess_token_secret': u'IiNOTfgE3tEZvW2HDQhRKPMoOLU43NXJCXk8maj51SdAT', u'petrel.user': u'root', u'nimbus.inbox.jar.expiration.secs': 3600, u'topology.state.synchronization.timeout.secs': 60, u'topology.name': u'test', u'supervisor.worker.timeout.secs': 30, u'topology.trident.batch.emit.interval.millis': 500, u'topology.builtin.metrics.bucket.size.secs': 60, u'storm.thrift.transport': u'backtype.storm.security.auth.SimpleTransportPlugin', u'logviewer.port': 8000, u'oauth.consumer_key': u'eaFmBSxUveRJfmyZYeabti9Q9', u'topology.kryo.decorators': [], u'topology.debug': False}, u'context': {u'task->component': {u'1': u'CountThreeWords', u'3': u'CountWord', u'2': u'CountTwoWords', u'5': u'ThreeWordDivider', u'4': u'KafkaConsumer', u'7': u'WordDivider', u'6': u'TwoWordDivider', u'8': u'__acker'}, u'taskid': 4}}
[2016-05-12 17:25:41,050][storm][INFO]Task sent pid to Storm
[2016-05-12 17:25:41,223][kafka.client][INFO]Broker version identifed as 0.9
[2016-05-12 17:25:41,225][kafka.consumer.subscription_state][INFO]Updating subscribed topics to: ['instanttopic']
[2016-05-12 17:25:41,308][kafka.cluster][INFO]Group coordinator for kafka-python-default-group is BrokerMetadata(nodeId=0, host=u'pipe-X550CC', port=9092)
[2016-05-12 17:25:41,348][kafka.coordinator][INFO]Joined group 'kafka-python-default-group' (generation 1) with member_id kafka-python-1.0.2-27d6095d-a0e8-4806-a063-37ea0349ceaf
[2016-05-12 17:25:41,348][kafka.coordinator][INFO]Elected group leader -- performing partition assignments using range
[2016-05-12 17:25:41,386][kafka.coordinator][INFO]SyncGroup for group kafka-python-default-group failed due to coordinator rebalance, rejoining the group
[2016-05-12 17:25:41,430][kafka.coordinator][INFO]Joined group 'kafka-python-default-group' (generation 2) with member_id kafka-python-1.0.2-27d6095d-a0e8-4806-a063-37ea0349ceaf
[2016-05-12 17:25:41,430][kafka.coordinator][INFO]Elected group leader -- performing partition assignments using range
[2016-05-12 17:25:41,431][kafka.coordinator.assignors.range][WARNING]No partition metadata for topic goodtopic
[2016-05-12 17:25:41,616][kafka.coordinator][INFO]Joined group 'kafka-python-default-group' (generation 2) with member_id kafka-python-1.0.2-27d6095d-a0e8-4806-a063-37ea0349ceaf
[2016-05-12 17:25:41,616][kafka.coordinator][INFO]Elected group leader -- performing partition assignments using range
[2016-05-12 17:25:41,660][kafka.consumer.subscription_state][INFO]Updated partition assignment: [TopicPartition(topic=u'instanttopic', partition=0)]
[2016-05-12 17:25:44,760][kafka.coordinator][INFO]Heartbeat successful
[2016-05-12 17:25:47,779][kafka.coordinator][INFO]Heartbeat successful
[2016-05-12 17:25:50,798][kafka.coordinator][INFO]Heartbeat successful
[2016-05-12 17:25:53,850][kafka.coordinator][INFO]Heartbeat successful
[2016-05-12 17:25:56,861][kafka.coordinator][INFO]Heartbeat successful
[2016-05-12 17:25:59,872][kafka.coordinator][INFO]Heartbeat successful
[2016-05-12 17:26:02,921][kafka.coordinator][INFO]Heartbeat successful
[2016-05-12 17:26:05,937][kafka.coordinator][INFO]Heartbeat successful
[2016-05-12 17:26:08,955][kafka.coordinator][INFO]Heartbeat successful
[2016-05-12 17:26:11,971][kafka.coordinator][INFO]Heartbeat successful
[2016-05-12 17:26:15,034][kafka.coordinator][INFO]Heartbeat successful
[2016-05-12 17:26:18,054][kafka.coordinator][INFO]Heartbeat successful
[2016-05-12 17:26:21,078][kafka.coordinator][INFO]Heartbeat successful
[2016-05-12 17:26:24,141][kafka.coordinator][INFO]Heartbeat successful
[2016-05-12 17:26:27,179][kafka.coordinator][INFO]Heartbeat successful
[2016-05-12 17:26:29,690][kafka.coordinator][INFO]Heartbeat successful
[2016-05-12 17:26:32,740][kafka.coordinator][INFO]Heartbeat successful
[2016-05-12 17:26:35,761][kafka.coordinator][INFO]Heartbeat successful
[2016-05-12 17:26:38,812][kafka.coordinator][INFO]Heartbeat successful
[2016-05-12 17:26:41,824][kafka.coordinator][INFO]Heartbeat successful
[2016-05-12 17:26:44,841][kafka.coordinator][INFO]Heartbeat successful
[2016-05-12 17:26:47,902][kafka.coordinator][INFO]Heartbeat successful
[2016-05-12 17:26:50,925][kafka.coordinator][INFO]Heartbeat successful
[2016-05-12 17:26:53,946][kafka.coordinator][INFO]Heartbeat successful
[2016-05-12 17:26:56,968][kafka.coordinator][INFO]Heartbeat successful
[2016-05-12 17:27:00,035][kafka.coordinator][INFO]Heartbeat successful
[2016-05-12 17:27:03,053][kafka.coordinator][INFO]Heartbeat successful
[2016-05-12 17:27:06,075][kafka.coordinator][INFO]Heartbeat successful
[2016-05-12 17:27:09,140][kafka.coordinator][INFO]Heartbeat successful
[2016-05-12 17:27:12,171][kafka.coordinator][INFO]Heartbeat successful
[2016-05-12 17:27:14,691][kafka.coordinator][INFO]Heartbeat successful
[2016-05-12 17:27:17,754][kafka.coordinator][INFO]Heartbeat successful
[2016-05-12 17:27:20,772][kafka.coordinator][INFO]Heartbeat successful
[2016-05-12 17:27:23,831][kafka.coordinator][INFO]Heartbeat successful
[2016-05-12 17:27:26,853][kafka.coordinator][INFO]Heartbeat successful
[2016-05-12 17:27:29,877][kafka.coordinator][INFO]Heartbeat successful
[2016-05-12 17:27:32,902][kafka.coordinator][INFO]Heartbeat successful
[2016-05-12 17:27:35,958][kafka.coordinator][INFO]Heartbeat successful
[2016-05-12 17:27:38,979][kafka.coordinator][INFO]Heartbeat successful
[2016-05-12 17:27:41,996][kafka.coordinator][INFO]Heartbeat successful
[2016-05-12 17:27:45,053][kafka.coordinator][INFO]Heartbeat successful
[2016-05-12 17:27:48,073][kafka.coordinator][INFO]Heartbeat successful
[2016-05-12 17:27:51,091][kafka.coordinator][INFO]Heartbeat successful
[2016-05-12 17:27:54,149][kafka.coordinator][INFO]Heartbeat successful
[2016-05-12 17:27:57,165][kafka.coordinator][INFO]Heartbeat successful
[2016-05-12 17:28:00,180][kafka.coordinator][INFO]Heartbeat successful
[2016-05-12 17:28:02,699][kafka.coordinator][INFO]Heartbeat successful
[2016-05-12 17:28:05,753][kafka.coordinator][INFO]Heartbeat successful
[2016-05-12 17:28:08,809][kafka.coordinator][INFO]Heartbeat successful
[2016-05-12 17:28:11,824][kafka.coordinator][INFO]Heartbeat successful
[2016-05-12 17:28:14,842][kafka.coordinator][INFO]Heartbeat successful
[2016-05-12 17:28:17,857][kafka.coordinator][INFO]Heartbeat successful
[2016-05-12 17:28:20,918][kafka.coordinator][INFO]Heartbeat successful
[2016-05-12 17:28:23,935][kafka.coordinator][INFO]Heartbeat successful
[2016-05-12 17:28:26,954][kafka.coordinator][INFO]Heartbeat successful
[2016-05-12 17:28:30,009][kafka.coordinator][INFO]Heartbeat successful
[2016-05-12 17:28:33,025][kafka.coordinator][INFO]Heartbeat successful
[2016-05-12 17:28:36,045][kafka.coordinator][INFO]Heartbeat successful
[2016-05-12 17:28:39,104][kafka.coordinator][INFO]Heartbeat successful
[2016-05-12 17:28:42,114][kafka.coordinator][INFO]Heartbeat successful
[2016-05-12 17:28:45,136][kafka.coordinator][INFO]Heartbeat successful
[2016-05-12 17:28:48,155][kafka.coordinator][INFO]Heartbeat successful
[2016-05-12 17:28:50,712][kafka.coordinator][INFO]Heartbeat successful
[2016-05-12 17:28:54,270][kafka.coordinator][INFO]Heartbeat successful
[2016-05-12 17:28:56,783][kafka.coordinator][INFO]Heartbeat successful
[2016-05-12 17:28:59,841][kafka.coordinator][INFO]Heartbeat successful
[2016-05-12 17:29:02,864][kafka.coordinator][INFO]Heartbeat successful
[2016-05-12 17:29:05,880][kafka.coordinator][INFO]Heartbeat successful
[2016-05-12 17:29:08,896][kafka.coordinator][INFO]Heartbeat successful
[2016-05-12 17:29:11,951][kafka.coordinator][INFO]Heartbeat successful
[2016-05-12 17:29:14,976][kafka.coordinator][INFO]Heartbeat successful
[2016-05-12 17:29:17,997][kafka.coordinator][INFO]Heartbeat successful
[2016-05-12 17:29:21,056][kafka.coordinator][INFO]Heartbeat successful
[2016-05-12 17:29:24,071][kafka.coordinator][INFO]Heartbeat successful
[2016-05-12 17:29:27,095][kafka.coordinator][INFO]Heartbeat successful
[2016-05-12 17:29:30,162][kafka.coordinator][INFO]Heartbeat successful
[2016-05-12 17:29:33,184][kafka.coordinator][INFO]Heartbeat successful
[2016-05-12 17:29:36,201][kafka.coordinator][INFO]Heartbeat successful
[2016-05-12 17:29:38,715][kafka.coordinator][INFO]Heartbeat successful
[2016-05-12 17:29:41,770][kafka.coordinator][INFO]Heartbeat successful
[2016-05-12 17:29:44,785][kafka.coordinator][INFO]Heartbeat successful
[2016-05-12 17:29:47,841][kafka.coordinator][INFO]Heartbeat successful
[2016-05-12 17:29:50,927][kafka.coordinator][INFO]Heartbeat successful
[2016-05-12 17:29:53,946][kafka.coordinator][INFO]Heartbeat successful
[2016-05-12 17:29:57,004][kafka.coordinator][INFO]Heartbeat successful
[2016-05-12 17:30:00,021][kafka.coordinator][INFO]Heartbeat successful
[2016-05-12 17:30:03,036][kafka.coordinator][INFO]Heartbeat successful
[2016-05-12 17:30:06,094][kafka.coordinator][INFO]Heartbeat successful
[2016-05-12 17:30:09,114][kafka.coordinator][INFO]Heartbeat successful
[2016-05-12 17:30:12,138][kafka.coordinator][INFO]Heartbeat successful
[2016-05-12 17:30:15,161][kafka.coordinator][INFO]Heartbeat successful
[2016-05-12 17:30:17,718][kafka.coordinator][INFO]Heartbeat successful
[2016-05-12 17:30:20,775][kafka.coordinator][INFO]Heartbeat successful
[2016-05-12 17:30:23,793][kafka.coordinator][INFO]Heartbeat successful
[2016-05-12 17:30:26,848][kafka.coordinator][INFO]Heartbeat successful
[2016-05-12 17:30:29,861][kafka.coordinator][INFO]Heartbeat successful
[2016-05-12 17:30:32,877][kafka.coordinator][INFO]Heartbeat successful
[2016-05-12 17:30:35,927][kafka.coordinator][INFO]Heartbeat successful
[2016-05-12 17:30:38,943][kafka.coordinator][INFO]Heartbeat successful
[2016-05-12 17:30:41,720][kafka.coordinator][WARNING]Coordinator unknown during heartbeat -- will retry
[2016-05-12 17:30:41,720][kafka.coordinator][WARNING]Heartbeat failed; retrying
[2016-05-12 17:30:41,820][kafka.coordinator][WARNING]Coordinator unknown during heartbeat -- will retry
[2016-05-12 17:30:41,821][kafka.coordinator][WARNING]Heartbeat failed; retrying
[2016-05-12 17:30:41,921][kafka.coordinator][WARNING]Coordinator unknown during heartbeat -- will retry
[2016-05-12 17:30:41,922][kafka.coordinator][WARNING]Heartbeat failed; retrying
[2016-05-12 17:30:42,023][kafka.coordinator][INFO]Heartbeat successful
[2016-05-12 17:30:45,076][kafka.coordinator][INFO]Heartbeat successful
[2016-05-12 17:30:48,093][kafka.coordinator][INFO]Heartbeat successful
[2016-05-12 17:30:51,146][kafka.coordinator][INFO]Heartbeat successful
