Beginning task setup

/usr/bin/flock
Using existing venv: /tmp/petrel-test-4-1462969332/venv
Task setup took 0 seconds
Launching: python -m petrel.run kafkaconsumer /home/pipe/twitterintel/twitterintel/topology/TopologyTweetTransformationSPAM/petrel28283_kafkaconsumer.log
/usr/local/lib/python2.7/dist-packages/petrel-0.9.4.0.3-py2.7.egg/petrel/run.py invoked with the following arguments: ['kafkaconsumer', '/home/pipe/twitterintel/twitterintel/topology/TopologyTweetTransformationSPAM/petrel28283_kafkaconsumer.log']
python version: 2.7.11
user=root
PATH=/tmp/petrel-test-4-1462969332/venv/bin:/root/SimpleScalar/simplesim-3.0:/root/SimpleScalar/bin:/root/SimpleScalar/gcc-2.6.3:/root/SimpleScalar/bin:/usr/local/sbin:/usr/local/bin:/usr/sbin:/usr/bin:/sbin:/bin:/usr/games:/usr/local/games:/home/pipe/Downloads/zookeeper-3.4.8/bin:/home/pipe/Downloads/apache-storm-0.9.4/bin
LD_LIBRARY_PATH=storm-local/supervisor/stormdist/test-4-1462969332/resources/Linux-amd64:storm-local/supervisor/stormdist/test-4-1462969332/resources:/usr/local/lib:/opt/local/lib:/usr/lib
PYTHON_EGG_CACHE=/tmp/petrel-test-4-1462969332/egg_cache
[2016-05-11 18:11:07,570][storm][INFO]Tuple profiling enabled. Will log tuple processing times.
[2016-05-11 18:11:07,801][storm][INFO]Task received setupInfo from Storm: {u'pidDir': u'/home/pipe/storm-local/workers/04894601-e11c-4cbe-adc7-91f78d5b8b4d/pids', u'conf': {u'oauth.acess_token': u' 702208758362087425-HZiyl1x7Bh98cQa1WLBDYylyu10Bpl7', u'topology.tuple.serializer': u'backtype.storm.serialization.types.ListDelegateSerializer', u'topology.workers': 1, u'drpc.worker.threads': 64, u'storm.messaging.netty.client_worker_threads': 1, u'supervisor.heartbeat.frequency.secs': 5, u'topology.executor.send.buffer.size': 1024, u'drpc.childopts': u'-Xmx768m', u'nimbus.thrift.port': 6627, u'storm.zookeeper.retry.intervalceiling.millis': 30000, u'storm.local.dir': u'storm-local', u'topology.receiver.buffer.size': 8, u'storm.zookeeper.servers': [u'localhost'], u'oauth.consumer_secret': u'ADf76fi3O1lKMzBxWnjqf93l3GHv28uar3bkblkvyBrAyoA23i', u'transactional.zookeeper.root': u'/transactional', u'drpc.request.timeout.secs': 600, u'topology.skip.missing.kryo.registrations': False, u'worker.heartbeat.frequency.secs': 1, u'zmq.hwm': 0, u'storm.zookeeper.connection.timeout': 15000, u'java.library.path': u'/usr/local/lib:/opt/local/lib:/usr/lib', u'topology.max.error.report.per.interval': 5, u'storm.messaging.netty.server_worker_threads': 1, u'storm.id': u'test-4-1462969332', u'supervisor.worker.start.timeout.secs': 120, u'zmq.threads': 1, u'topology.acker.executors': None, u'storm.messaging.netty.flush.check.interval.ms': 10, u'storm.messaging.netty.transfer.batch.size': 262144, u'topology.max.task.parallelism': None, u'topology.environment': None, u'storm.zookeeper.port': 2181, u'nimbus.childopts': u'-Xmx1024m', u'topology.classpath': None, u'worker.childopts': u'-Xmx768m', u'drpc.queue.size': 128, u'topology.multilang.serializer': u'backtype.storm.multilang.JsonSerializer', u'storm.zookeeper.retry.times': 5, u'nimbus.monitor.freq.secs': 10, u'storm.cluster.mode': u'distributed', u'dev.zookeeper.path': u'/tmp/dev-storm-zookeeper', u'drpc.invocations.port': 3773, u'topology.tasks': None, u'storm.zookeeper.root': u'/storm', u'logviewer.childopts': u'-Xmx128m', u'storm.meta.serialization.delegate': u'backtype.storm.serialization.DefaultSerializationDelegate', u'transactional.zookeeper.port': None, u'topology.worker.receiver.thread.count': 1, u'topology.worker.childopts': None, u'topology.max.spout.pending': None, u'topology.kryo.register': None, u'petrel.host': u'pipe-X550CC', u'nimbus.cleanup.inbox.freq.secs': 600, u'storm.messaging.netty.min_wait_ms': 100, u'nimbus.task.timeout.secs': 30, u'nimbus.thrift.max_buffer_size': 1048576, u'topology.sleep.spout.wait.strategy.time.ms': 1, u'nimbus.reassign': True, u'storm.messaging.transport': u'backtype.storm.messaging.netty.Context', u'logviewer.appender.name': u'A1', u'nimbus.host': u'localhost', u'ui.port': 8080, u'supervisor.slots.ports': [6700, 6701, 6702, 6703], u'nimbus.file.copy.expiration.secs': 600, u'supervisor.monitor.frequency.secs': 3, u'ui.childopts': u'-Xmx768m', u'transactional.zookeeper.servers': None, u'zmq.linger.millis': 5000, u'topology.error.throttle.interval.secs': 10, u'topology.worker.shared.thread.pool.size': 4, u'topology.executor.receive.buffer.size': 1024, u'topology.spout.wait.strategy': u'backtype.storm.spout.SleepSpoutWaitStrategy', u'task.heartbeat.frequency.secs': 3, u'topology.transfer.buffer.size': 1024, u'storm.zookeeper.session.timeout': 20000, u'storm.local.mode.zmq': False, u'topology.stats.sample.rate': 0.05, u'topology.fall.back.on.java.serialization': True, u'supervisor.childopts': u'-Xmx256m', u'topology.enable.message.timeouts': True, u'storm.messaging.netty.max_wait_ms': 1000, u'nimbus.topology.validator': u'backtype.storm.nimbus.DefaultTopologyValidator', u'nimbus.supervisor.timeout.secs': 60, u'topology.disruptor.wait.strategy': u'com.lmax.disruptor.BlockingWaitStrategy', u'storm.messaging.netty.buffer_size': 5242880, u'drpc.port': 3772, u'topology.kryo.factory': u'backtype.storm.serialization.DefaultKryoFactory', u'storm.zookeeper.retry.interval': 1000, u'storm.messaging.netty.max_retries': 300, u'topology.tick.tuple.freq.secs': 30, u'supervisor.enable': True, u'nimbus.task.launch.secs': 120, u'task.refresh.poll.secs': 10, u'topology.message.timeout.secs': 30, u'oauth.acess_token_secret': u'IiNOTfgE3tEZvW2HDQhRKPMoOLU43NXJCXk8maj51SdAT', u'petrel.user': u'root', u'nimbus.inbox.jar.expiration.secs': 3600, u'topology.state.synchronization.timeout.secs': 60, u'topology.name': u'test', u'supervisor.worker.timeout.secs': 30, u'topology.trident.batch.emit.interval.millis': 500, u'topology.builtin.metrics.bucket.size.secs': 60, u'storm.thrift.transport': u'backtype.storm.security.auth.SimpleTransportPlugin', u'logviewer.port': 8000, u'oauth.consumer_key': u'eaFmBSxUveRJfmyZYeabti9Q9', u'topology.kryo.decorators': [], u'topology.debug': False}, u'context': {u'task->component': {u'1': u'CountThreeWords', u'3': u'CountWord', u'2': u'CountTwoWords', u'5': u'ThreeWordDivider', u'4': u'KafkaConsumer', u'7': u'WordDivider', u'6': u'TwoWordDivider', u'8': u'__acker'}, u'taskid': 4}}
[2016-05-11 18:11:07,805][storm][INFO]Task sent pid to Storm
[2016-05-11 18:11:07,959][kafka.client][INFO]Broker version identifed as 0.9
[2016-05-11 18:11:07,962][kafka.consumer.subscription_state][INFO]Updating subscribed topics to: ['instanttopic']
[2016-05-11 18:11:08,044][kafka.cluster][INFO]Group coordinator for kafka-python-default-group is BrokerMetadata(nodeId=0, host=u'pipe-X550CC', port=9092)
[2016-05-11 18:11:10,355][kafka.coordinator][INFO]Joined group 'kafka-python-default-group' (generation 52) with member_id kafka-python-1.0.2-5e1629af-6d0e-4be1-af9b-ec5667c4c8b1
[2016-05-11 18:11:10,355][kafka.coordinator][INFO]Elected group leader -- performing partition assignments using range
[2016-05-11 18:11:10,355][kafka.coordinator.assignors.range][WARNING]No partition metadata for topic goodtopic
[2016-05-11 18:11:10,495][kafka.coordinator][INFO]Joined group 'kafka-python-default-group' (generation 52) with member_id kafka-python-1.0.2-5e1629af-6d0e-4be1-af9b-ec5667c4c8b1
[2016-05-11 18:11:10,495][kafka.coordinator][INFO]Elected group leader -- performing partition assignments using range
[2016-05-11 18:11:10,537][kafka.consumer.subscription_state][INFO]Updated partition assignment: [TopicPartition(topic=u'instanttopic', partition=0)]
[2016-05-11 18:11:13,637][kafka.coordinator][INFO]Heartbeat successful
[2016-05-11 18:11:16,663][kafka.coordinator][INFO]Heartbeat successful
[2016-05-11 18:11:19,687][kafka.coordinator][INFO]Heartbeat successful
[2016-05-11 18:11:22,750][kafka.coordinator][INFO]Heartbeat successful
[2016-05-11 18:11:25,770][kafka.coordinator][INFO]Heartbeat successful
[2016-05-11 18:11:28,793][kafka.coordinator][INFO]Heartbeat successful
[2016-05-11 18:11:31,851][kafka.coordinator][INFO]Heartbeat successful
[2016-05-11 18:11:34,875][kafka.coordinator][INFO]Heartbeat successful
[2016-05-11 18:11:37,895][kafka.coordinator][INFO]Heartbeat successful
[2016-05-11 18:11:40,907][kafka.coordinator][INFO]Heartbeat successful
[2016-05-11 18:11:43,959][kafka.coordinator][INFO]Heartbeat successful
[2016-05-11 18:11:46,982][kafka.coordinator][INFO]Heartbeat successful
[2016-05-11 18:11:49,999][kafka.coordinator][INFO]Heartbeat successful
[2016-05-11 18:11:52,557][kafka.coordinator][INFO]Heartbeat successful
[2016-05-11 18:11:55,619][kafka.coordinator][INFO]Heartbeat successful
[2016-05-11 18:11:58,640][kafka.coordinator][INFO]Heartbeat successful
[2016-05-11 18:12:01,702][kafka.coordinator][INFO]Heartbeat successful
[2016-05-11 18:12:04,722][kafka.coordinator][INFO]Heartbeat successful
[2016-05-11 18:12:07,746][kafka.coordinator][INFO]Heartbeat successful
[2016-05-11 18:12:10,764][kafka.coordinator][INFO]Heartbeat successful
[2016-05-11 18:12:13,822][kafka.coordinator][INFO]Heartbeat successful
[2016-05-11 18:12:16,845][kafka.coordinator][INFO]Heartbeat successful
[2016-05-11 18:12:19,867][kafka.coordinator][INFO]Heartbeat successful
[2016-05-11 18:12:22,928][kafka.coordinator][INFO]Heartbeat successful
[2016-05-11 18:12:25,951][kafka.coordinator][INFO]Heartbeat successful
[2016-05-11 18:12:28,973][kafka.coordinator][INFO]Heartbeat successful
[2016-05-11 18:12:32,030][kafka.coordinator][INFO]Heartbeat successful
[2016-05-11 18:12:35,046][kafka.coordinator][INFO]Heartbeat successful
[2016-05-11 18:12:37,560][kafka.coordinator][INFO]Heartbeat successful
[2016-05-11 18:12:40,618][kafka.coordinator][INFO]Heartbeat successful
[2016-05-11 18:12:43,636][kafka.coordinator][INFO]Heartbeat successful
[2016-05-11 18:12:46,657][kafka.coordinator][INFO]Heartbeat successful
[2016-05-11 18:12:49,717][kafka.coordinator][INFO]Heartbeat successful
[2016-05-11 18:12:52,740][kafka.coordinator][INFO]Heartbeat successful
[2016-05-11 18:12:55,763][kafka.coordinator][INFO]Heartbeat successful
[2016-05-11 18:12:58,829][kafka.coordinator][INFO]Heartbeat successful
[2016-05-11 18:13:01,851][kafka.coordinator][INFO]Heartbeat successful
[2016-05-11 18:13:04,874][kafka.coordinator][INFO]Heartbeat successful
[2016-05-11 18:13:07,932][kafka.coordinator][INFO]Heartbeat successful
[2016-05-11 18:13:10,950][kafka.coordinator][INFO]Heartbeat successful
[2016-05-11 18:13:13,969][kafka.coordinator][INFO]Heartbeat successful
[2016-05-11 18:13:16,994][kafka.coordinator][INFO]Heartbeat successful
[2016-05-11 18:13:20,054][kafka.coordinator][INFO]Heartbeat successful
[2016-05-11 18:13:22,573][kafka.coordinator][INFO]Heartbeat successful
[2016-05-11 18:13:25,633][kafka.coordinator][INFO]Heartbeat successful
[2016-05-11 18:13:28,663][kafka.coordinator][INFO]Heartbeat successful
[2016-05-11 18:13:31,686][kafka.coordinator][INFO]Heartbeat successful
[2016-05-11 18:13:34,712][kafka.coordinator][INFO]Heartbeat successful
[2016-05-11 18:13:37,779][kafka.coordinator][INFO]Heartbeat successful
[2016-05-11 18:13:40,799][kafka.coordinator][INFO]Heartbeat successful
[2016-05-11 18:13:43,823][kafka.coordinator][INFO]Heartbeat successful
[2016-05-11 18:13:46,845][kafka.coordinator][INFO]Heartbeat successful
[2016-05-11 18:13:49,906][kafka.coordinator][INFO]Heartbeat successful
[2016-05-11 18:13:52,926][kafka.coordinator][INFO]Heartbeat successful
[2016-05-11 18:13:55,949][kafka.coordinator][INFO]Heartbeat successful
[2016-05-11 18:13:59,015][kafka.coordinator][INFO]Heartbeat successful
[2016-05-11 18:14:02,031][kafka.coordinator][INFO]Heartbeat successful
[2016-05-11 18:14:05,048][kafka.coordinator][INFO]Heartbeat successful
[2016-05-11 18:14:08,100][kafka.coordinator][INFO]Heartbeat successful
[2016-05-11 18:14:10,616][kafka.coordinator][INFO]Heartbeat successful
[2016-05-11 18:14:13,671][kafka.coordinator][INFO]Heartbeat successful
[2016-05-11 18:14:16,683][kafka.coordinator][INFO]Heartbeat successful
[2016-05-11 18:14:19,737][kafka.coordinator][INFO]Heartbeat successful
[2016-05-11 18:14:22,751][kafka.coordinator][INFO]Heartbeat successful
[2016-05-11 18:14:25,767][kafka.coordinator][WARNING]Heartbeat: group is rebalancing; this consumer needs to re-join
[2016-05-11 18:14:25,768][kafka.coordinator][WARNING]Heartbeat failed; retrying
[2016-05-11 18:14:25,868][kafka.coordinator][INFO]Skipping heartbeat: no auto-assignment or waiting on rebalance
[2016-05-11 18:14:26,275][kafka.coordinator][INFO]Joined group 'kafka-python-default-group' (generation 53) with member_id kafka-python-1.0.2-5e1629af-6d0e-4be1-af9b-ec5667c4c8b1
[2016-05-11 18:14:26,275][kafka.coordinator][INFO]Elected group leader -- performing partition assignments using range
[2016-05-11 18:14:26,316][kafka.consumer.subscription_state][INFO]Updated partition assignment: [TopicPartition(topic=u'instanttopic', partition=0)]
[2016-05-11 18:14:29,412][kafka.coordinator][INFO]Heartbeat successful
[2016-05-11 18:14:32,435][kafka.coordinator][INFO]Heartbeat successful
[2016-05-11 18:14:35,455][kafka.coordinator][INFO]Heartbeat successful
[2016-05-11 18:14:38,515][kafka.coordinator][INFO]Heartbeat successful
[2016-05-11 18:14:41,535][kafka.coordinator][INFO]Heartbeat successful
[2016-05-11 18:14:44,556][kafka.coordinator][INFO]Heartbeat successful
[2016-05-11 18:14:47,616][kafka.coordinator][INFO]Heartbeat successful
[2016-05-11 18:14:50,638][kafka.coordinator][INFO]Heartbeat successful
[2016-05-11 18:14:53,660][kafka.coordinator][INFO]Heartbeat successful
[2016-05-11 18:14:56,677][kafka.coordinator][INFO]Heartbeat successful
[2016-05-11 18:14:59,740][kafka.coordinator][INFO]Heartbeat successful
[2016-05-11 18:15:02,755][kafka.coordinator][INFO]Heartbeat successful
[2016-05-11 18:15:05,772][kafka.coordinator][INFO]Heartbeat successful
[2016-05-11 18:15:08,329][kafka.coordinator][INFO]Heartbeat successful
[2016-05-11 18:15:11,382][kafka.coordinator][INFO]Heartbeat successful
[2016-05-11 18:15:14,400][kafka.coordinator][INFO]Heartbeat successful
[2016-05-11 18:15:17,457][kafka.coordinator][INFO]Heartbeat successful
[2016-05-11 18:15:20,478][kafka.coordinator][INFO]Heartbeat successful
[2016-05-11 18:15:23,502][kafka.coordinator][INFO]Heartbeat successful
[2016-05-11 18:15:26,858][kafka.coordinator][INFO]Heartbeat successful
[2016-05-11 18:15:29,379][kafka.coordinator][INFO]Heartbeat successful
[2016-05-11 18:15:32,402][kafka.coordinator][INFO]Heartbeat successful
[2016-05-11 18:15:35,460][kafka.coordinator][INFO]Heartbeat successful
[2016-05-11 18:15:38,488][kafka.coordinator][INFO]Heartbeat successful
[2016-05-11 18:15:41,512][kafka.coordinator][INFO]Heartbeat successful
[2016-05-11 18:15:44,535][kafka.coordinator][INFO]Heartbeat successful
[2016-05-11 18:15:47,549][kafka.coordinator][INFO]Heartbeat successful
[2016-05-11 18:15:50,819][kafka.coordinator][INFO]Heartbeat successful
[2016-05-11 18:15:53,451][kafka.coordinator][INFO]Heartbeat successful
[2016-05-11 18:15:56,573][kafka.coordinator][INFO]Heartbeat successful
[2016-05-11 18:15:59,343][kafka.coordinator][INFO]Heartbeat successful
[2016-05-11 18:16:02,555][kafka.coordinator][INFO]Heartbeat successful
[2016-05-11 18:16:05,401][kafka.coordinator][INFO]Heartbeat successful
[2016-05-11 18:16:08,447][kafka.coordinator][INFO]Heartbeat successful
[2016-05-11 18:16:11,523][kafka.coordinator][INFO]Heartbeat successful
[2016-05-11 18:16:14,549][kafka.coordinator][INFO]Heartbeat successful
[2016-05-11 18:16:17,571][kafka.coordinator][INFO]Heartbeat successful
[2016-05-11 18:16:20,634][kafka.coordinator][INFO]Heartbeat successful
[2016-05-11 18:16:23,656][kafka.coordinator][INFO]Heartbeat successful
[2016-05-11 18:16:26,684][kafka.coordinator][INFO]Heartbeat successful
[2016-05-11 18:16:29,747][kafka.coordinator][INFO]Heartbeat successful
[2016-05-11 18:16:32,766][kafka.coordinator][INFO]Heartbeat successful
