Beginning task setup

/usr/bin/flock
Using existing venv: /tmp/petrel-test-4-1462969332/venv
Task setup took 0 seconds
Launching: python -m petrel.run kafkaconsumer /home/pipe/twitterintel/twitterintel/topology/TopologyTweetTransformationSPAM/petrel30168_kafkaconsumer.log
/usr/local/lib/python2.7/dist-packages/petrel-0.9.4.0.3-py2.7.egg/petrel/run.py invoked with the following arguments: ['kafkaconsumer', '/home/pipe/twitterintel/twitterintel/topology/TopologyTweetTransformationSPAM/petrel30168_kafkaconsumer.log']
python version: 2.7.11
user=root
PATH=/tmp/petrel-test-4-1462969332/venv/bin:/root/SimpleScalar/simplesim-3.0:/root/SimpleScalar/bin:/root/SimpleScalar/gcc-2.6.3:/root/SimpleScalar/bin:/usr/local/sbin:/usr/local/bin:/usr/sbin:/usr/bin:/sbin:/bin:/usr/games:/usr/local/games:/home/pipe/Downloads/zookeeper-3.4.8/bin:/home/pipe/Downloads/apache-storm-0.9.4/bin
LD_LIBRARY_PATH=storm-local/supervisor/stormdist/test-4-1462969332/resources/Linux-amd64:storm-local/supervisor/stormdist/test-4-1462969332/resources:/usr/local/lib:/opt/local/lib:/usr/lib
PYTHON_EGG_CACHE=/tmp/petrel-test-4-1462969332/egg_cache
[2016-05-11 18:22:55,262][storm][INFO]Tuple profiling enabled. Will log tuple processing times.
[2016-05-11 18:22:55,327][storm][INFO]Task received setupInfo from Storm: {u'pidDir': u'/home/pipe/storm-local/workers/0c1296c9-fa23-48ff-83da-8e9b5bba5aee/pids', u'conf': {u'oauth.acess_token': u' 702208758362087425-HZiyl1x7Bh98cQa1WLBDYylyu10Bpl7', u'topology.tuple.serializer': u'backtype.storm.serialization.types.ListDelegateSerializer', u'topology.workers': 1, u'drpc.worker.threads': 64, u'storm.messaging.netty.client_worker_threads': 1, u'supervisor.heartbeat.frequency.secs': 5, u'topology.executor.send.buffer.size': 1024, u'drpc.childopts': u'-Xmx768m', u'nimbus.thrift.port': 6627, u'storm.zookeeper.retry.intervalceiling.millis': 30000, u'storm.local.dir': u'storm-local', u'topology.receiver.buffer.size': 8, u'storm.zookeeper.servers': [u'localhost'], u'oauth.consumer_secret': u'ADf76fi3O1lKMzBxWnjqf93l3GHv28uar3bkblkvyBrAyoA23i', u'transactional.zookeeper.root': u'/transactional', u'drpc.request.timeout.secs': 600, u'topology.skip.missing.kryo.registrations': False, u'worker.heartbeat.frequency.secs': 1, u'zmq.hwm': 0, u'storm.zookeeper.connection.timeout': 15000, u'java.library.path': u'/usr/local/lib:/opt/local/lib:/usr/lib', u'topology.max.error.report.per.interval': 5, u'storm.messaging.netty.server_worker_threads': 1, u'storm.id': u'test-4-1462969332', u'supervisor.worker.start.timeout.secs': 120, u'zmq.threads': 1, u'topology.acker.executors': None, u'storm.messaging.netty.flush.check.interval.ms': 10, u'storm.messaging.netty.transfer.batch.size': 262144, u'topology.max.task.parallelism': None, u'topology.environment': None, u'storm.zookeeper.port': 2181, u'nimbus.childopts': u'-Xmx1024m', u'topology.classpath': None, u'worker.childopts': u'-Xmx768m', u'drpc.queue.size': 128, u'topology.multilang.serializer': u'backtype.storm.multilang.JsonSerializer', u'storm.zookeeper.retry.times': 5, u'nimbus.monitor.freq.secs': 10, u'storm.cluster.mode': u'distributed', u'dev.zookeeper.path': u'/tmp/dev-storm-zookeeper', u'drpc.invocations.port': 3773, u'topology.tasks': None, u'storm.zookeeper.root': u'/storm', u'logviewer.childopts': u'-Xmx128m', u'storm.meta.serialization.delegate': u'backtype.storm.serialization.DefaultSerializationDelegate', u'transactional.zookeeper.port': None, u'topology.worker.receiver.thread.count': 1, u'topology.worker.childopts': None, u'topology.max.spout.pending': None, u'topology.kryo.register': None, u'petrel.host': u'pipe-X550CC', u'nimbus.cleanup.inbox.freq.secs': 600, u'storm.messaging.netty.min_wait_ms': 100, u'nimbus.task.timeout.secs': 30, u'nimbus.thrift.max_buffer_size': 1048576, u'topology.sleep.spout.wait.strategy.time.ms': 1, u'nimbus.reassign': True, u'storm.messaging.transport': u'backtype.storm.messaging.netty.Context', u'logviewer.appender.name': u'A1', u'nimbus.host': u'localhost', u'ui.port': 8080, u'supervisor.slots.ports': [6700, 6701, 6702, 6703], u'nimbus.file.copy.expiration.secs': 600, u'supervisor.monitor.frequency.secs': 3, u'ui.childopts': u'-Xmx768m', u'transactional.zookeeper.servers': None, u'zmq.linger.millis': 5000, u'topology.error.throttle.interval.secs': 10, u'topology.worker.shared.thread.pool.size': 4, u'topology.executor.receive.buffer.size': 1024, u'topology.spout.wait.strategy': u'backtype.storm.spout.SleepSpoutWaitStrategy', u'task.heartbeat.frequency.secs': 3, u'topology.transfer.buffer.size': 1024, u'storm.zookeeper.session.timeout': 20000, u'storm.local.mode.zmq': False, u'topology.stats.sample.rate': 0.05, u'topology.fall.back.on.java.serialization': True, u'supervisor.childopts': u'-Xmx256m', u'topology.enable.message.timeouts': True, u'storm.messaging.netty.max_wait_ms': 1000, u'nimbus.topology.validator': u'backtype.storm.nimbus.DefaultTopologyValidator', u'nimbus.supervisor.timeout.secs': 60, u'topology.disruptor.wait.strategy': u'com.lmax.disruptor.BlockingWaitStrategy', u'storm.messaging.netty.buffer_size': 5242880, u'drpc.port': 3772, u'topology.kryo.factory': u'backtype.storm.serialization.DefaultKryoFactory', u'storm.zookeeper.retry.interval': 1000, u'storm.messaging.netty.max_retries': 300, u'topology.tick.tuple.freq.secs': 30, u'supervisor.enable': True, u'nimbus.task.launch.secs': 120, u'task.refresh.poll.secs': 10, u'topology.message.timeout.secs': 30, u'oauth.acess_token_secret': u'IiNOTfgE3tEZvW2HDQhRKPMoOLU43NXJCXk8maj51SdAT', u'petrel.user': u'root', u'nimbus.inbox.jar.expiration.secs': 3600, u'topology.state.synchronization.timeout.secs': 60, u'topology.name': u'test', u'supervisor.worker.timeout.secs': 30, u'topology.trident.batch.emit.interval.millis': 500, u'topology.builtin.metrics.bucket.size.secs': 60, u'storm.thrift.transport': u'backtype.storm.security.auth.SimpleTransportPlugin', u'logviewer.port': 8000, u'oauth.consumer_key': u'eaFmBSxUveRJfmyZYeabti9Q9', u'topology.kryo.decorators': [], u'topology.debug': False}, u'context': {u'task->component': {u'1': u'CountThreeWords', u'3': u'CountWord', u'2': u'CountTwoWords', u'5': u'ThreeWordDivider', u'4': u'KafkaConsumer', u'7': u'WordDivider', u'6': u'TwoWordDivider', u'8': u'__acker'}, u'taskid': 4}}
[2016-05-11 18:22:55,327][storm][INFO]Task sent pid to Storm
[2016-05-11 18:22:55,482][kafka.client][INFO]Broker version identifed as 0.9
[2016-05-11 18:22:55,485][kafka.consumer.subscription_state][INFO]Updating subscribed topics to: ['instanttopic']
[2016-05-11 18:22:55,567][kafka.cluster][INFO]Group coordinator for kafka-python-default-group is BrokerMetadata(nodeId=0, host=u'pipe-X550CC', port=9092)
[2016-05-11 18:22:56,228][kafka.coordinator][INFO]Joined group 'kafka-python-default-group' (generation 57) with member_id kafka-python-1.0.2-5e5640c0-136e-4886-ad6b-27d7de4e51ff
[2016-05-11 18:22:56,453][kafka.consumer.subscription_state][INFO]Updated partition assignment: [TopicPartition(topic=u'instanttopic', partition=0)]
[2016-05-11 18:22:59,514][kafka.coordinator][INFO]Heartbeat successful
[2016-05-11 18:23:02,537][kafka.coordinator][INFO]Heartbeat successful
[2016-05-11 18:23:05,553][kafka.coordinator][INFO]Heartbeat successful
[2016-05-11 18:23:08,612][kafka.coordinator][INFO]Heartbeat successful
[2016-05-11 18:23:11,629][kafka.coordinator][INFO]Heartbeat successful
[2016-05-11 18:23:14,648][kafka.coordinator][INFO]Heartbeat successful
[2016-05-11 18:23:17,709][kafka.coordinator][INFO]Heartbeat successful
[2016-05-11 18:23:20,729][kafka.coordinator][INFO]Heartbeat successful
[2016-05-11 18:23:23,750][kafka.coordinator][INFO]Heartbeat successful
[2016-05-11 18:23:26,765][kafka.coordinator][INFO]Heartbeat successful
[2016-05-11 18:23:29,819][kafka.coordinator][INFO]Heartbeat successful
[2016-05-11 18:23:32,835][kafka.coordinator][INFO]Heartbeat successful
[2016-05-11 18:23:35,850][kafka.coordinator][INFO]Heartbeat successful
[2016-05-11 18:23:38,902][kafka.coordinator][INFO]Heartbeat successful
[2016-05-11 18:23:41,920][kafka.coordinator][INFO]Heartbeat successful
[2016-05-11 18:23:44,937][kafka.coordinator][INFO]Heartbeat successful
[2016-05-11 18:23:47,488][kafka.coordinator][INFO]Heartbeat successful
[2016-05-11 18:23:50,543][kafka.coordinator][INFO]Heartbeat successful
[2016-05-11 18:23:53,559][kafka.coordinator][INFO]Heartbeat successful
[2016-05-11 18:23:56,573][kafka.coordinator][INFO]Heartbeat successful
[2016-05-11 18:23:59,626][kafka.coordinator][INFO]Heartbeat successful
[2016-05-11 18:24:02,646][kafka.coordinator][INFO]Heartbeat successful
[2016-05-11 18:24:05,660][kafka.coordinator][INFO]Heartbeat successful
[2016-05-11 18:24:08,718][kafka.coordinator][INFO]Heartbeat successful
[2016-05-11 18:24:11,730][kafka.coordinator][INFO]Heartbeat successful
[2016-05-11 18:24:14,751][kafka.coordinator][INFO]Heartbeat successful
[2016-05-11 18:24:17,806][kafka.coordinator][INFO]Heartbeat successful
[2016-05-11 18:24:20,824][kafka.coordinator][INFO]Heartbeat successful
[2016-05-11 18:24:23,842][kafka.coordinator][INFO]Heartbeat successful
[2016-05-11 18:24:26,861][kafka.coordinator][INFO]Heartbeat successful
[2016-05-11 18:24:29,916][kafka.coordinator][INFO]Heartbeat successful
[2016-05-11 18:24:32,932][kafka.coordinator][INFO]Heartbeat successful
[2016-05-11 18:24:35,946][kafka.coordinator][INFO]Heartbeat successful
[2016-05-11 18:24:38,499][kafka.coordinator][INFO]Heartbeat successful
[2016-05-11 18:24:41,561][kafka.coordinator][INFO]Heartbeat successful
[2016-05-11 18:24:44,578][kafka.coordinator][INFO]Heartbeat successful
[2016-05-11 18:24:47,593][kafka.coordinator][INFO]Heartbeat successful
[2016-05-11 18:24:50,645][kafka.coordinator][INFO]Heartbeat successful
[2016-05-11 18:24:53,658][kafka.coordinator][INFO]Heartbeat successful
[2016-05-11 18:24:56,672][kafka.coordinator][INFO]Heartbeat successful
[2016-05-11 18:24:59,726][kafka.coordinator][INFO]Heartbeat successful
[2016-05-11 18:25:02,742][kafka.coordinator][INFO]Heartbeat successful
[2016-05-11 18:25:05,759][kafka.coordinator][INFO]Heartbeat successful
[2016-05-11 18:25:08,815][kafka.coordinator][INFO]Heartbeat successful
[2016-05-11 18:25:11,833][kafka.coordinator][INFO]Heartbeat successful
[2016-05-11 18:25:14,848][kafka.coordinator][INFO]Heartbeat successful
[2016-05-11 18:25:17,864][kafka.coordinator][INFO]Heartbeat successful
[2016-05-11 18:25:20,914][kafka.coordinator][INFO]Heartbeat successful
[2016-05-11 18:25:23,924][kafka.coordinator][INFO]Heartbeat successful
[2016-05-11 18:25:26,935][kafka.coordinator][INFO]Heartbeat successful
[2016-05-11 18:25:29,486][kafka.coordinator][INFO]Heartbeat successful
[2016-05-11 18:25:32,538][kafka.coordinator][INFO]Heartbeat successful
[2016-05-11 18:25:35,555][kafka.coordinator][INFO]Heartbeat successful
[2016-05-11 18:25:38,608][kafka.coordinator][INFO]Heartbeat successful
[2016-05-11 18:25:41,622][kafka.coordinator][INFO]Heartbeat successful
[2016-05-11 18:25:44,634][kafka.coordinator][INFO]Heartbeat successful
[2016-05-11 18:25:47,649][kafka.coordinator][INFO]Heartbeat successful
[2016-05-11 18:25:50,723][kafka.coordinator][INFO]Heartbeat successful
[2016-05-11 18:25:53,741][kafka.coordinator][INFO]Heartbeat successful
[2016-05-11 18:25:56,758][kafka.coordinator][INFO]Heartbeat successful
[2016-05-11 18:25:59,811][kafka.coordinator][WARNING]Heartbeat: group is rebalancing; this consumer needs to re-join
[2016-05-11 18:25:59,811][kafka.coordinator][WARNING]Heartbeat failed; retrying
[2016-05-11 18:25:59,912][kafka.coordinator][INFO]Skipping heartbeat: no auto-assignment or waiting on rebalance
[2016-05-11 18:26:08,612][kafka.coordinator][INFO]Joined group 'kafka-python-default-group' (generation 58) with member_id kafka-python-1.0.2-5e5640c0-136e-4886-ad6b-27d7de4e51ff
[2016-05-11 18:26:08,798][kafka.consumer.subscription_state][INFO]Updated partition assignment: [TopicPartition(topic=u'instanttopic', partition=0)]
[2016-05-11 18:26:11,854][kafka.coordinator][INFO]Heartbeat successful
[2016-05-11 18:26:14,875][kafka.coordinator][INFO]Heartbeat successful
[2016-05-11 18:26:17,888][kafka.coordinator][INFO]Heartbeat successful
[2016-05-11 18:26:20,941][kafka.coordinator][INFO]Heartbeat successful
[2016-05-11 18:26:23,956][kafka.coordinator][INFO]Heartbeat successful
[2016-05-11 18:26:26,978][kafka.coordinator][INFO]Heartbeat successful
[2016-05-11 18:26:30,035][kafka.coordinator][INFO]Heartbeat successful
[2016-05-11 18:26:33,051][kafka.coordinator][INFO]Heartbeat successful
[2016-05-11 18:26:36,167][kafka.coordinator][INFO]Heartbeat successful
[2016-05-11 18:26:38,881][kafka.coordinator][INFO]Heartbeat successful
[2016-05-11 18:26:42,259][kafka.coordinator][INFO]Heartbeat successful
[2016-05-11 18:26:44,851][kafka.coordinator][INFO]Heartbeat successful
[2016-05-11 18:26:47,903][kafka.coordinator][INFO]Heartbeat successful
[2016-05-11 18:26:50,982][kafka.coordinator][INFO]Heartbeat successful
[2016-05-11 18:26:53,998][kafka.coordinator][INFO]Heartbeat successful
[2016-05-11 18:26:57,049][kafka.coordinator][INFO]Heartbeat successful
[2016-05-11 18:27:00,065][kafka.coordinator][INFO]Heartbeat successful
[2016-05-11 18:27:03,129][kafka.coordinator][INFO]Heartbeat successful
[2016-05-11 18:27:06,145][kafka.coordinator][INFO]Heartbeat successful
[2016-05-11 18:27:09,166][kafka.coordinator][INFO]Heartbeat successful
[2016-05-11 18:27:12,221][kafka.coordinator][INFO]Heartbeat successful
[2016-05-11 18:27:15,239][kafka.coordinator][INFO]Heartbeat successful
[2016-05-11 18:27:18,256][kafka.coordinator][INFO]Heartbeat successful
[2016-05-11 18:27:21,305][kafka.coordinator][INFO]Heartbeat successful
[2016-05-11 18:27:23,821][kafka.coordinator][INFO]Heartbeat successful
[2016-05-11 18:27:26,881][kafka.coordinator][INFO]Heartbeat successful
[2016-05-11 18:27:29,904][kafka.coordinator][INFO]Heartbeat successful
[2016-05-11 18:27:32,962][kafka.coordinator][INFO]Heartbeat successful
[2016-05-11 18:27:35,981][kafka.coordinator][INFO]Heartbeat successful
[2016-05-11 18:27:38,995][kafka.coordinator][INFO]Heartbeat successful
[2016-05-11 18:27:42,058][kafka.coordinator][INFO]Heartbeat successful
[2016-05-11 18:27:45,076][kafka.coordinator][INFO]Heartbeat successful
[2016-05-11 18:27:48,089][kafka.coordinator][INFO]Heartbeat successful
[2016-05-11 18:27:51,145][kafka.coordinator][INFO]Heartbeat successful
[2016-05-11 18:27:54,161][kafka.coordinator][INFO]Heartbeat successful
[2016-05-11 18:27:57,178][kafka.coordinator][INFO]Heartbeat successful
[2016-05-11 18:28:00,196][kafka.coordinator][INFO]Heartbeat successful
[2016-05-11 18:28:03,252][kafka.coordinator][INFO]Heartbeat successful
[2016-05-11 18:28:06,269][kafka.coordinator][INFO]Heartbeat successful
[2016-05-11 18:28:09,288][kafka.coordinator][INFO]Heartbeat successful
[2016-05-11 18:28:11,846][kafka.coordinator][INFO]Heartbeat successful
[2016-05-11 18:28:14,899][kafka.coordinator][INFO]Heartbeat successful
[2016-05-11 18:28:17,918][kafka.coordinator][INFO]Heartbeat successful
[2016-05-11 18:28:20,935][kafka.coordinator][INFO]Heartbeat successful
