Beginning task setup

/usr/bin/flock
Using existing venv: /tmp/petrel-test-4-1462969332/venv
Task setup took 0 seconds
Launching: python -m petrel.run kafkaconsumer /home/pipe/twitterintel/twitterintel/topology/TopologyTweetTransformationSPAM/petrel2702_kafkaconsumer.log
/usr/local/lib/python2.7/dist-packages/petrel-0.9.4.0.3-py2.7.egg/petrel/run.py invoked with the following arguments: ['kafkaconsumer', '/home/pipe/twitterintel/twitterintel/topology/TopologyTweetTransformationSPAM/petrel2702_kafkaconsumer.log']
python version: 2.7.11
user=root
PATH=/tmp/petrel-test-4-1462969332/venv/bin:/root/SimpleScalar/simplesim-3.0:/root/SimpleScalar/bin:/root/SimpleScalar/gcc-2.6.3:/root/SimpleScalar/bin:/usr/local/sbin:/usr/local/bin:/usr/sbin:/usr/bin:/sbin:/bin:/usr/games:/usr/local/games:/home/pipe/Downloads/zookeeper-3.4.8/bin:/home/pipe/Downloads/apache-storm-0.9.4/bin
LD_LIBRARY_PATH=storm-local/supervisor/stormdist/test-4-1462969332/resources/Linux-amd64:storm-local/supervisor/stormdist/test-4-1462969332/resources:/usr/local/lib:/opt/local/lib:/usr/lib
PYTHON_EGG_CACHE=/tmp/petrel-test-4-1462969332/egg_cache
[2016-05-11 18:46:28,973][storm][INFO]Tuple profiling enabled. Will log tuple processing times.
[2016-05-11 18:46:29,166][storm][INFO]Task received setupInfo from Storm: {u'pidDir': u'/home/pipe/storm-local/workers/23a76bdb-8d31-4517-910d-3a53d1ae1561/pids', u'conf': {u'oauth.acess_token': u' 702208758362087425-HZiyl1x7Bh98cQa1WLBDYylyu10Bpl7', u'topology.tuple.serializer': u'backtype.storm.serialization.types.ListDelegateSerializer', u'topology.workers': 1, u'drpc.worker.threads': 64, u'storm.messaging.netty.client_worker_threads': 1, u'supervisor.heartbeat.frequency.secs': 5, u'topology.executor.send.buffer.size': 1024, u'drpc.childopts': u'-Xmx768m', u'nimbus.thrift.port': 6627, u'storm.zookeeper.retry.intervalceiling.millis': 30000, u'storm.local.dir': u'storm-local', u'topology.receiver.buffer.size': 8, u'storm.zookeeper.servers': [u'localhost'], u'oauth.consumer_secret': u'ADf76fi3O1lKMzBxWnjqf93l3GHv28uar3bkblkvyBrAyoA23i', u'transactional.zookeeper.root': u'/transactional', u'drpc.request.timeout.secs': 600, u'topology.skip.missing.kryo.registrations': False, u'worker.heartbeat.frequency.secs': 1, u'zmq.hwm': 0, u'storm.zookeeper.connection.timeout': 15000, u'java.library.path': u'/usr/local/lib:/opt/local/lib:/usr/lib', u'topology.max.error.report.per.interval': 5, u'storm.messaging.netty.server_worker_threads': 1, u'storm.id': u'test-4-1462969332', u'supervisor.worker.start.timeout.secs': 120, u'zmq.threads': 1, u'topology.acker.executors': None, u'storm.messaging.netty.flush.check.interval.ms': 10, u'storm.messaging.netty.transfer.batch.size': 262144, u'topology.max.task.parallelism': None, u'topology.environment': None, u'storm.zookeeper.port': 2181, u'nimbus.childopts': u'-Xmx1024m', u'topology.classpath': None, u'worker.childopts': u'-Xmx768m', u'drpc.queue.size': 128, u'topology.multilang.serializer': u'backtype.storm.multilang.JsonSerializer', u'storm.zookeeper.retry.times': 5, u'nimbus.monitor.freq.secs': 10, u'storm.cluster.mode': u'distributed', u'dev.zookeeper.path': u'/tmp/dev-storm-zookeeper', u'drpc.invocations.port': 3773, u'topology.tasks': None, u'storm.zookeeper.root': u'/storm', u'logviewer.childopts': u'-Xmx128m', u'storm.meta.serialization.delegate': u'backtype.storm.serialization.DefaultSerializationDelegate', u'transactional.zookeeper.port': None, u'topology.worker.receiver.thread.count': 1, u'topology.worker.childopts': None, u'topology.max.spout.pending': None, u'topology.kryo.register': None, u'petrel.host': u'pipe-X550CC', u'nimbus.cleanup.inbox.freq.secs': 600, u'storm.messaging.netty.min_wait_ms': 100, u'nimbus.task.timeout.secs': 30, u'nimbus.thrift.max_buffer_size': 1048576, u'topology.sleep.spout.wait.strategy.time.ms': 1, u'nimbus.reassign': True, u'storm.messaging.transport': u'backtype.storm.messaging.netty.Context', u'logviewer.appender.name': u'A1', u'nimbus.host': u'localhost', u'ui.port': 8080, u'supervisor.slots.ports': [6700, 6701, 6702, 6703], u'nimbus.file.copy.expiration.secs': 600, u'supervisor.monitor.frequency.secs': 3, u'ui.childopts': u'-Xmx768m', u'transactional.zookeeper.servers': None, u'zmq.linger.millis': 5000, u'topology.error.throttle.interval.secs': 10, u'topology.worker.shared.thread.pool.size': 4, u'topology.executor.receive.buffer.size': 1024, u'topology.spout.wait.strategy': u'backtype.storm.spout.SleepSpoutWaitStrategy', u'task.heartbeat.frequency.secs': 3, u'topology.transfer.buffer.size': 1024, u'storm.zookeeper.session.timeout': 20000, u'storm.local.mode.zmq': False, u'topology.stats.sample.rate': 0.05, u'topology.fall.back.on.java.serialization': True, u'supervisor.childopts': u'-Xmx256m', u'topology.enable.message.timeouts': True, u'storm.messaging.netty.max_wait_ms': 1000, u'nimbus.topology.validator': u'backtype.storm.nimbus.DefaultTopologyValidator', u'nimbus.supervisor.timeout.secs': 60, u'topology.disruptor.wait.strategy': u'com.lmax.disruptor.BlockingWaitStrategy', u'storm.messaging.netty.buffer_size': 5242880, u'drpc.port': 3772, u'topology.kryo.factory': u'backtype.storm.serialization.DefaultKryoFactory', u'storm.zookeeper.retry.interval': 1000, u'storm.messaging.netty.max_retries': 300, u'topology.tick.tuple.freq.secs': 30, u'supervisor.enable': True, u'nimbus.task.launch.secs': 120, u'task.refresh.poll.secs': 10, u'topology.message.timeout.secs': 30, u'oauth.acess_token_secret': u'IiNOTfgE3tEZvW2HDQhRKPMoOLU43NXJCXk8maj51SdAT', u'petrel.user': u'root', u'nimbus.inbox.jar.expiration.secs': 3600, u'topology.state.synchronization.timeout.secs': 60, u'topology.name': u'test', u'supervisor.worker.timeout.secs': 30, u'topology.trident.batch.emit.interval.millis': 500, u'topology.builtin.metrics.bucket.size.secs': 60, u'storm.thrift.transport': u'backtype.storm.security.auth.SimpleTransportPlugin', u'logviewer.port': 8000, u'oauth.consumer_key': u'eaFmBSxUveRJfmyZYeabti9Q9', u'topology.kryo.decorators': [], u'topology.debug': False}, u'context': {u'task->component': {u'1': u'CountThreeWords', u'3': u'CountWord', u'2': u'CountTwoWords', u'5': u'ThreeWordDivider', u'4': u'KafkaConsumer', u'7': u'WordDivider', u'6': u'TwoWordDivider', u'8': u'__acker'}, u'taskid': 4}}
[2016-05-11 18:46:29,173][storm][INFO]Task sent pid to Storm
[2016-05-11 18:46:29,326][kafka.client][INFO]Broker version identifed as 0.9
[2016-05-11 18:46:29,328][kafka.consumer.subscription_state][INFO]Updating subscribed topics to: ['instanttopic']
[2016-05-11 18:46:29,407][kafka.cluster][INFO]Group coordinator for kafka-python-default-group is BrokerMetadata(nodeId=0, host=u'pipe-X550CC', port=9092)
[2016-05-11 18:46:32,777][kafka.coordinator][INFO]Joined group 'kafka-python-default-group' (generation 66) with member_id kafka-python-1.0.2-21c18e7b-8868-42f6-bc6a-2d6073b22937
[2016-05-11 18:46:32,795][kafka.consumer.subscription_state][INFO]Updated partition assignment: [TopicPartition(topic=u'instanttopic', partition=0)]
[2016-05-11 18:46:35,887][kafka.coordinator][INFO]Heartbeat successful
[2016-05-11 18:46:38,900][kafka.coordinator][INFO]Heartbeat successful
[2016-05-11 18:46:41,918][kafka.coordinator][INFO]Heartbeat successful
[2016-05-11 18:46:44,976][kafka.coordinator][INFO]Heartbeat successful
[2016-05-11 18:46:47,995][kafka.coordinator][INFO]Heartbeat successful
[2016-05-11 18:46:51,022][kafka.coordinator][INFO]Heartbeat successful
[2016-05-11 18:46:54,087][kafka.coordinator][INFO]Heartbeat successful
[2016-05-11 18:46:57,101][kafka.coordinator][INFO]Heartbeat successful
[2016-05-11 18:47:00,118][kafka.coordinator][INFO]Heartbeat successful
[2016-05-11 18:47:03,136][kafka.coordinator][INFO]Heartbeat successful
[2016-05-11 18:47:06,233][kafka.coordinator][INFO]Heartbeat successful
[2016-05-11 18:47:08,923][kafka.coordinator][INFO]Heartbeat successful
[2016-05-11 18:47:12,100][kafka.coordinator][INFO]Heartbeat successful
[2016-05-11 18:47:14,864][kafka.coordinator][INFO]Heartbeat successful
[2016-05-11 18:47:18,099][kafka.coordinator][INFO]Heartbeat successful
[2016-05-11 18:47:21,176][kafka.coordinator][INFO]Heartbeat successful
[2016-05-11 18:47:24,191][kafka.coordinator][INFO]Heartbeat successful
[2016-05-11 18:47:27,215][kafka.coordinator][INFO]Heartbeat successful
[2016-05-11 18:47:30,270][kafka.coordinator][INFO]Heartbeat successful
[2016-05-11 18:47:33,280][kafka.coordinator][INFO]Heartbeat successful
[2016-05-11 18:47:36,300][kafka.coordinator][INFO]Heartbeat successful
[2016-05-11 18:47:38,816][kafka.coordinator][INFO]Heartbeat successful
[2016-05-11 18:47:41,872][kafka.coordinator][INFO]Heartbeat successful
[2016-05-11 18:47:44,925][kafka.coordinator][INFO]Heartbeat successful
[2016-05-11 18:47:47,941][kafka.coordinator][INFO]Heartbeat successful
[2016-05-11 18:47:50,960][kafka.coordinator][INFO]Heartbeat successful
[2016-05-11 18:47:53,979][kafka.coordinator][INFO]Heartbeat successful
[2016-05-11 18:47:57,031][kafka.coordinator][INFO]Heartbeat successful
[2016-05-11 18:48:00,077][kafka.coordinator][INFO]Heartbeat successful
[2016-05-11 18:48:03,091][kafka.coordinator][INFO]Heartbeat successful
[2016-05-11 18:48:06,147][kafka.coordinator][INFO]Heartbeat successful
[2016-05-11 18:48:09,161][kafka.coordinator][INFO]Heartbeat successful
[2016-05-11 18:48:12,178][kafka.coordinator][INFO]Heartbeat successful
[2016-05-11 18:48:15,232][kafka.coordinator][INFO]Heartbeat successful
[2016-05-11 18:48:18,249][kafka.coordinator][INFO]Heartbeat successful
[2016-05-11 18:48:21,266][kafka.coordinator][INFO]Heartbeat successful
[2016-05-11 18:48:24,281][kafka.coordinator][INFO]Heartbeat successful
[2016-05-11 18:48:26,828][kafka.coordinator][INFO]Heartbeat successful
[2016-05-11 18:48:29,884][kafka.coordinator][INFO]Heartbeat successful
[2016-05-11 18:48:32,902][kafka.coordinator][INFO]Heartbeat successful
[2016-05-11 18:48:35,967][kafka.coordinator][INFO]Heartbeat successful
[2016-05-11 18:48:38,986][kafka.coordinator][INFO]Heartbeat successful
[2016-05-11 18:48:42,003][kafka.coordinator][INFO]Heartbeat successful
[2016-05-11 18:48:45,019][kafka.coordinator][INFO]Heartbeat successful
[2016-05-11 18:48:48,074][kafka.coordinator][INFO]Heartbeat successful
[2016-05-11 18:48:51,103][kafka.coordinator][INFO]Heartbeat successful
[2016-05-11 18:48:54,121][kafka.coordinator][INFO]Heartbeat successful
[2016-05-11 18:48:57,173][kafka.coordinator][INFO]Heartbeat successful
[2016-05-11 18:49:00,186][kafka.coordinator][INFO]Heartbeat successful
[2016-05-11 18:49:03,199][kafka.coordinator][INFO]Heartbeat successful
[2016-05-11 18:49:06,252][kafka.coordinator][INFO]Heartbeat successful
[2016-05-11 18:49:09,278][kafka.coordinator][INFO]Heartbeat successful
[2016-05-11 18:49:12,299][kafka.coordinator][INFO]Heartbeat successful
[2016-05-11 18:49:15,315][kafka.coordinator][INFO]Heartbeat successful
[2016-05-11 18:49:17,868][kafka.coordinator][INFO]Heartbeat successful
[2016-05-11 18:49:20,887][kafka.coordinator][WARNING]Heartbeat: group is rebalancing; this consumer needs to re-join
[2016-05-11 18:49:20,887][kafka.coordinator][WARNING]Heartbeat failed; retrying
[2016-05-11 18:49:20,988][kafka.coordinator][INFO]Skipping heartbeat: no auto-assignment or waiting on rebalance
[2016-05-11 18:49:21,396][kafka.coordinator][INFO]Joined group 'kafka-python-default-group' (generation 67) with member_id kafka-python-1.0.2-21c18e7b-8868-42f6-bc6a-2d6073b22937
[2016-05-11 18:49:21,397][kafka.coordinator][INFO]Elected group leader -- performing partition assignments using range
[2016-05-11 18:49:21,398][kafka.coordinator.assignors.range][WARNING]No partition metadata for topic goodtopic
[2016-05-11 18:49:21,579][kafka.coordinator][INFO]Joined group 'kafka-python-default-group' (generation 67) with member_id kafka-python-1.0.2-21c18e7b-8868-42f6-bc6a-2d6073b22937
[2016-05-11 18:49:21,580][kafka.coordinator][INFO]Elected group leader -- performing partition assignments using range
[2016-05-11 18:49:21,620][kafka.consumer.subscription_state][INFO]Updated partition assignment: [TopicPartition(topic=u'instanttopic', partition=0)]
[2016-05-11 18:49:24,717][kafka.coordinator][INFO]Heartbeat successful
[2016-05-11 18:49:27,728][kafka.coordinator][INFO]Heartbeat successful
[2016-05-11 18:49:30,743][kafka.coordinator][INFO]Heartbeat successful
[2016-05-11 18:49:33,798][kafka.coordinator][INFO]Heartbeat successful
[2016-05-11 18:49:36,817][kafka.coordinator][INFO]Heartbeat successful
[2016-05-11 18:49:39,835][kafka.coordinator][INFO]Heartbeat successful
[2016-05-11 18:49:42,890][kafka.coordinator][INFO]Heartbeat successful
[2016-05-11 18:49:45,909][kafka.coordinator][INFO]Heartbeat successful
[2016-05-11 18:49:48,924][kafka.coordinator][INFO]Heartbeat successful
[2016-05-11 18:49:51,939][kafka.coordinator][INFO]Heartbeat successful
[2016-05-11 18:49:54,993][kafka.coordinator][INFO]Heartbeat successful
[2016-05-11 18:49:58,008][kafka.coordinator][INFO]Heartbeat successful
[2016-05-11 18:50:01,025][kafka.coordinator][INFO]Heartbeat successful
[2016-05-11 18:50:04,077][kafka.coordinator][INFO]Heartbeat successful
[2016-05-11 18:50:07,101][kafka.coordinator][INFO]Heartbeat successful
[2016-05-11 18:50:10,115][kafka.coordinator][INFO]Heartbeat successful
[2016-05-11 18:50:12,668][kafka.coordinator][INFO]Heartbeat successful
[2016-05-11 18:50:15,724][kafka.coordinator][INFO]Heartbeat successful
[2016-05-11 18:50:18,741][kafka.coordinator][INFO]Heartbeat successful
[2016-05-11 18:50:21,757][kafka.coordinator][INFO]Heartbeat successful
[2016-05-11 18:50:24,810][kafka.coordinator][INFO]Heartbeat successful
[2016-05-11 18:50:27,828][kafka.coordinator][INFO]Heartbeat successful
[2016-05-11 18:50:30,848][kafka.coordinator][INFO]Heartbeat successful
[2016-05-11 18:50:33,906][kafka.coordinator][INFO]Heartbeat successful
[2016-05-11 18:50:36,922][kafka.coordinator][INFO]Heartbeat successful
[2016-05-11 18:50:39,935][kafka.coordinator][INFO]Heartbeat successful
[2016-05-11 18:50:42,989][kafka.coordinator][INFO]Heartbeat successful
[2016-05-11 18:50:46,007][kafka.coordinator][INFO]Heartbeat successful
[2016-05-11 18:50:49,022][kafka.coordinator][INFO]Heartbeat successful
[2016-05-11 18:50:52,038][kafka.coordinator][INFO]Heartbeat successful
[2016-05-11 18:50:55,098][kafka.coordinator][INFO]Heartbeat successful
[2016-05-11 18:50:58,118][kafka.coordinator][INFO]Heartbeat successful
[2016-05-11 18:51:01,137][kafka.coordinator][INFO]Heartbeat successful
[2016-05-11 18:51:03,693][kafka.coordinator][INFO]Heartbeat successful
[2016-05-11 18:51:06,709][kafka.coordinator][INFO]Heartbeat successful
[2016-05-11 18:51:09,724][kafka.coordinator][INFO]Heartbeat successful
[2016-05-11 18:51:12,741][kafka.coordinator][INFO]Heartbeat successful
[2016-05-11 18:51:15,792][kafka.coordinator][INFO]Heartbeat successful
[2016-05-11 18:51:18,805][kafka.coordinator][INFO]Heartbeat successful
[2016-05-11 18:51:21,821][kafka.coordinator][INFO]Heartbeat successful
[2016-05-11 18:51:24,881][kafka.coordinator][INFO]Heartbeat successful
[2016-05-11 18:51:27,906][kafka.coordinator][INFO]Heartbeat successful
[2016-05-11 18:51:30,926][kafka.coordinator][INFO]Heartbeat successful
[2016-05-11 18:51:33,984][kafka.coordinator][INFO]Heartbeat successful
[2016-05-11 18:51:37,004][kafka.coordinator][INFO]Heartbeat successful
[2016-05-11 18:51:39,911][kafka.coordinator][INFO]Heartbeat successful
[2016-05-11 18:51:42,927][kafka.coordinator][INFO]Heartbeat successful
[2016-05-11 18:51:45,983][kafka.coordinator][INFO]Heartbeat successful
[2016-05-11 18:51:48,997][kafka.coordinator][INFO]Heartbeat successful
[2016-05-11 18:51:52,013][kafka.coordinator][INFO]Heartbeat successful
