Beginning task setup

/usr/bin/flock
Using existing venv: /tmp/petrel-good-5-1462980106/venv
Task setup took 21 seconds
Launching: python -m petrel.run kafkaconsumer /home/pipe/twitterintel/twitterintel/topology/TopologyTweetTransformationGOOD/petrel4721_kafkaconsumer.log
/usr/local/lib/python2.7/dist-packages/petrel-0.9.4.0.3-py2.7.egg/petrel/run.py invoked with the following arguments: ['kafkaconsumer', '/home/pipe/twitterintel/twitterintel/topology/TopologyTweetTransformationGOOD/petrel4721_kafkaconsumer.log']
python version: 2.7.11
user=root
PATH=/tmp/petrel-good-5-1462980106/venv/bin:/root/SimpleScalar/simplesim-3.0:/root/SimpleScalar/bin:/root/SimpleScalar/gcc-2.6.3:/root/SimpleScalar/bin:/usr/local/sbin:/usr/local/bin:/usr/sbin:/usr/bin:/sbin:/bin:/usr/games:/usr/local/games:/home/pipe/Downloads/zookeeper-3.4.8/bin:/home/pipe/Downloads/apache-storm-0.9.4/bin
LD_LIBRARY_PATH=storm-local/supervisor/stormdist/good-5-1462980106/resources/Linux-amd64:storm-local/supervisor/stormdist/good-5-1462980106/resources:/usr/local/lib:/opt/local/lib:/usr/lib
PYTHON_EGG_CACHE=/tmp/petrel-good-5-1462980106/egg_cache
[2016-05-11 16:22:32,193][storm][INFO]Tuple profiling enabled. Will log tuple processing times.
[2016-05-11 16:22:32,673][storm][INFO]Task received setupInfo from Storm: {u'pidDir': u'/home/pipe/storm-local/workers/aeb1c4cc-fb97-4238-9640-940a7c97a222/pids', u'conf': {u'oauth.acess_token': u' 702208758362087425-HZiyl1x7Bh98cQa1WLBDYylyu10Bpl7', u'topology.tuple.serializer': u'backtype.storm.serialization.types.ListDelegateSerializer', u'topology.workers': 1, u'drpc.worker.threads': 64, u'storm.messaging.netty.client_worker_threads': 1, u'supervisor.heartbeat.frequency.secs': 5, u'topology.executor.send.buffer.size': 1024, u'drpc.childopts': u'-Xmx768m', u'nimbus.thrift.port': 6627, u'storm.zookeeper.retry.intervalceiling.millis': 30000, u'storm.local.dir': u'storm-local', u'topology.receiver.buffer.size': 8, u'storm.zookeeper.servers': [u'localhost'], u'oauth.consumer_secret': u'ADf76fi3O1lKMzBxWnjqf93l3GHv28uar3bkblkvyBrAyoA23i', u'transactional.zookeeper.root': u'/transactional', u'drpc.request.timeout.secs': 600, u'topology.skip.missing.kryo.registrations': False, u'worker.heartbeat.frequency.secs': 1, u'zmq.hwm': 0, u'storm.zookeeper.connection.timeout': 15000, u'java.library.path': u'/usr/local/lib:/opt/local/lib:/usr/lib', u'topology.max.error.report.per.interval': 5, u'storm.messaging.netty.server_worker_threads': 1, u'storm.id': u'good-5-1462980106', u'supervisor.worker.start.timeout.secs': 120, u'zmq.threads': 1, u'topology.acker.executors': None, u'storm.messaging.netty.flush.check.interval.ms': 10, u'storm.messaging.netty.transfer.batch.size': 262144, u'topology.max.task.parallelism': None, u'topology.environment': None, u'storm.zookeeper.port': 2181, u'nimbus.childopts': u'-Xmx1024m', u'topology.classpath': None, u'worker.childopts': u'-Xmx768m', u'drpc.queue.size': 128, u'topology.multilang.serializer': u'backtype.storm.multilang.JsonSerializer', u'storm.zookeeper.retry.times': 5, u'nimbus.monitor.freq.secs': 10, u'storm.cluster.mode': u'distributed', u'dev.zookeeper.path': u'/tmp/dev-storm-zookeeper', u'drpc.invocations.port': 3773, u'topology.tasks': None, u'storm.zookeeper.root': u'/storm', u'logviewer.childopts': u'-Xmx128m', u'storm.meta.serialization.delegate': u'backtype.storm.serialization.DefaultSerializationDelegate', u'transactional.zookeeper.port': None, u'topology.worker.receiver.thread.count': 1, u'topology.worker.childopts': None, u'topology.max.spout.pending': None, u'topology.kryo.register': None, u'petrel.host': u'pipe-X550CC', u'nimbus.cleanup.inbox.freq.secs': 600, u'storm.messaging.netty.min_wait_ms': 100, u'nimbus.task.timeout.secs': 30, u'nimbus.thrift.max_buffer_size': 1048576, u'topology.sleep.spout.wait.strategy.time.ms': 1, u'nimbus.reassign': True, u'storm.messaging.transport': u'backtype.storm.messaging.netty.Context', u'logviewer.appender.name': u'A1', u'nimbus.host': u'localhost', u'ui.port': 8080, u'supervisor.slots.ports': [6700, 6701, 6702, 6703], u'nimbus.file.copy.expiration.secs': 600, u'supervisor.monitor.frequency.secs': 3, u'ui.childopts': u'-Xmx768m', u'transactional.zookeeper.servers': None, u'zmq.linger.millis': 5000, u'topology.error.throttle.interval.secs': 10, u'topology.worker.shared.thread.pool.size': 4, u'topology.executor.receive.buffer.size': 1024, u'topology.spout.wait.strategy': u'backtype.storm.spout.SleepSpoutWaitStrategy', u'task.heartbeat.frequency.secs': 3, u'topology.transfer.buffer.size': 1024, u'storm.zookeeper.session.timeout': 20000, u'storm.local.mode.zmq': False, u'topology.stats.sample.rate': 0.05, u'topology.fall.back.on.java.serialization': True, u'supervisor.childopts': u'-Xmx256m', u'topology.enable.message.timeouts': True, u'storm.messaging.netty.max_wait_ms': 1000, u'nimbus.topology.validator': u'backtype.storm.nimbus.DefaultTopologyValidator', u'nimbus.supervisor.timeout.secs': 60, u'topology.disruptor.wait.strategy': u'com.lmax.disruptor.BlockingWaitStrategy', u'storm.messaging.netty.buffer_size': 5242880, u'drpc.port': 3772, u'topology.kryo.factory': u'backtype.storm.serialization.DefaultKryoFactory', u'storm.zookeeper.retry.interval': 1000, u'storm.messaging.netty.max_retries': 300, u'topology.tick.tuple.freq.secs': 30, u'supervisor.enable': True, u'nimbus.task.launch.secs': 120, u'task.refresh.poll.secs': 10, u'topology.message.timeout.secs': 30, u'oauth.acess_token_secret': u'IiNOTfgE3tEZvW2HDQhRKPMoOLU43NXJCXk8maj51SdAT', u'petrel.user': u'root', u'nimbus.inbox.jar.expiration.secs': 3600, u'topology.state.synchronization.timeout.secs': 60, u'topology.name': u'good', u'supervisor.worker.timeout.secs': 30, u'topology.trident.batch.emit.interval.millis': 500, u'topology.builtin.metrics.bucket.size.secs': 60, u'storm.thrift.transport': u'backtype.storm.security.auth.SimpleTransportPlugin', u'logviewer.port': 8000, u'oauth.consumer_key': u'eaFmBSxUveRJfmyZYeabti9Q9', u'topology.kryo.decorators': [], u'topology.debug': False}, u'context': {u'task->component': {u'1': u'CountThreeWords', u'3': u'CountWord', u'2': u'CountTwoWords', u'5': u'ThreeWordDivider', u'4': u'KafkaConsumer', u'7': u'WordDivider', u'6': u'TwoWordDivider', u'8': u'__acker'}, u'taskid': 4}}
[2016-05-11 16:22:32,704][storm][INFO]Task sent pid to Storm
[2016-05-11 16:22:32,866][kafka.client][INFO]Broker version identifed as 0.9
[2016-05-11 16:22:32,897][kafka.consumer.subscription_state][INFO]Updating subscribed topics to: ['goodtopic']
[2016-05-11 16:22:32,976][kafka.cluster][INFO]Group coordinator for kafka-python-default-group is BrokerMetadata(nodeId=0, host=u'pipe-X550CC', port=9092)
[2016-05-11 16:22:34,911][kafka.coordinator][INFO]Joined group 'kafka-python-default-group' (generation 2) with member_id kafka-python-1.0.2-e9efabd7-6f03-4cd1-958b-b399afb7367f
[2016-05-11 16:22:35,094][kafka.consumer.subscription_state][INFO]Updated partition assignment: [TopicPartition(topic=u'goodtopic', partition=0)]
[2016-05-11 16:22:38,282][kafka.coordinator][INFO]Heartbeat successful
[2016-05-11 16:22:41,296][kafka.coordinator][INFO]Heartbeat successful
[2016-05-11 16:22:44,312][kafka.coordinator][INFO]Heartbeat successful
[2016-05-11 16:22:47,373][kafka.coordinator][INFO]Heartbeat successful
[2016-05-11 16:22:50,331][kafka.coordinator][INFO]Heartbeat successful
[2016-05-11 16:22:53,390][kafka.coordinator][INFO]Heartbeat successful
[2016-05-11 16:22:56,407][kafka.coordinator][INFO]Heartbeat successful
[2016-05-11 16:22:59,223][kafka.coordinator][INFO]Heartbeat successful
[2016-05-11 16:23:02,239][kafka.coordinator][INFO]Heartbeat successful
[2016-05-11 16:23:05,256][kafka.coordinator][INFO]Heartbeat successful
[2016-05-11 16:23:08,315][kafka.coordinator][INFO]Heartbeat successful
[2016-05-11 16:23:11,335][kafka.coordinator][INFO]Heartbeat successful
[2016-05-11 16:23:14,347][kafka.coordinator][INFO]Heartbeat successful
[2016-05-11 16:23:17,398][kafka.coordinator][INFO]Heartbeat successful
[2016-05-11 16:23:20,414][kafka.coordinator][INFO]Heartbeat successful
[2016-05-11 16:23:23,432][kafka.coordinator][INFO]Heartbeat successful
[2016-05-11 16:23:26,491][kafka.coordinator][INFO]Heartbeat successful
[2016-05-11 16:23:29,513][kafka.coordinator][INFO]Heartbeat successful
[2016-05-11 16:23:32,534][kafka.coordinator][INFO]Heartbeat successful
[2016-05-11 16:23:35,551][kafka.coordinator][INFO]Heartbeat successful
[2016-05-11 16:23:38,108][kafka.coordinator][INFO]Heartbeat successful
[2016-05-11 16:23:41,172][kafka.coordinator][INFO]Heartbeat successful
[2016-05-11 16:23:44,195][kafka.coordinator][INFO]Heartbeat successful
[2016-05-11 16:23:47,256][kafka.coordinator][INFO]Heartbeat successful
[2016-05-11 16:23:50,281][kafka.coordinator][INFO]Heartbeat successful
[2016-05-11 16:23:53,302][kafka.coordinator][INFO]Heartbeat successful
[2016-05-11 16:23:56,322][kafka.coordinator][INFO]Heartbeat successful
[2016-05-11 16:23:59,382][kafka.coordinator][INFO]Heartbeat successful
[2016-05-11 16:24:02,401][kafka.coordinator][INFO]Heartbeat successful
[2016-05-11 16:24:05,419][kafka.coordinator][INFO]Heartbeat successful
[2016-05-11 16:24:08,482][kafka.coordinator][INFO]Heartbeat successful
[2016-05-11 16:24:11,497][kafka.coordinator][INFO]Heartbeat successful
[2016-05-11 16:24:14,151][kafka.coordinator][INFO]Heartbeat successful
[2016-05-11 16:24:17,207][kafka.coordinator][INFO]Heartbeat successful
[2016-05-11 16:24:20,219][kafka.coordinator][INFO]Heartbeat successful
[2016-05-11 16:24:23,272][kafka.coordinator][INFO]Heartbeat successful
[2016-05-11 16:24:26,291][kafka.coordinator][INFO]Heartbeat successful
[2016-05-11 16:24:29,311][kafka.coordinator][INFO]Heartbeat successful
[2016-05-11 16:24:32,371][kafka.coordinator][INFO]Heartbeat successful
[2016-05-11 16:24:35,387][kafka.coordinator][INFO]Heartbeat successful
[2016-05-11 16:24:38,412][kafka.coordinator][INFO]Heartbeat successful
[2016-05-11 16:24:41,432][kafka.coordinator][INFO]Heartbeat successful
[2016-05-11 16:24:44,492][kafka.coordinator][INFO]Heartbeat successful
[2016-05-11 16:24:47,614][kafka.coordinator][INFO]Heartbeat successful
[2016-05-11 16:24:50,130][kafka.coordinator][INFO]Heartbeat successful
[2016-05-11 16:24:53,192][kafka.coordinator][INFO]Heartbeat successful
[2016-05-11 16:24:56,205][kafka.coordinator][INFO]Heartbeat successful
[2016-05-11 16:24:59,261][kafka.coordinator][INFO]Heartbeat successful
[2016-05-11 16:25:02,278][kafka.coordinator][INFO]Heartbeat successful
[2016-05-11 16:25:05,292][kafka.coordinator][INFO]Heartbeat successful
[2016-05-11 16:25:08,350][kafka.coordinator][INFO]Heartbeat successful
[2016-05-11 16:25:11,377][kafka.coordinator][INFO]Heartbeat successful
[2016-05-11 16:25:14,399][kafka.coordinator][INFO]Heartbeat successful
[2016-05-11 16:25:17,414][kafka.coordinator][WARNING]Heartbeat: group is rebalancing; this consumer needs to re-join
[2016-05-11 16:25:17,414][kafka.coordinator][WARNING]Heartbeat failed; retrying
[2016-05-11 16:25:17,416][kafka.coordinator.consumer][WARNING]Skipping auto-commit reschedule -- it is disabled
[2016-05-11 16:25:17,515][kafka.coordinator][INFO]Skipping heartbeat: no auto-assignment or waiting on rebalance
[2016-05-11 16:25:20,485][kafka.coordinator][INFO]Joined group 'kafka-python-default-group' (generation 3) with member_id kafka-python-1.0.2-e9efabd7-6f03-4cd1-958b-b399afb7367f
[2016-05-11 16:25:20,667][kafka.consumer.subscription_state][INFO]Updated partition assignment: [TopicPartition(topic=u'goodtopic', partition=0)]
[2016-05-11 16:25:23,723][kafka.coordinator][INFO]Heartbeat successful
[2016-05-11 16:25:26,743][kafka.coordinator][INFO]Heartbeat successful
[2016-05-11 16:25:29,760][kafka.coordinator][INFO]Heartbeat successful
[2016-05-11 16:25:32,820][kafka.coordinator][INFO]Heartbeat successful
[2016-05-11 16:25:35,837][kafka.coordinator][INFO]Heartbeat successful
[2016-05-11 16:25:39,007][kafka.coordinator][INFO]Heartbeat successful
[2016-05-11 16:25:42,028][kafka.coordinator][INFO]Heartbeat successful
[2016-05-11 16:25:45,049][kafka.coordinator][INFO]Heartbeat successful
[2016-05-11 16:25:48,111][kafka.coordinator][INFO]Heartbeat successful
[2016-05-11 16:25:51,131][kafka.coordinator][INFO]Heartbeat successful
[2016-05-11 16:25:54,148][kafka.coordinator][INFO]Heartbeat successful
[2016-05-11 16:25:57,170][kafka.coordinator][INFO]Heartbeat successful
[2016-05-11 16:25:59,726][kafka.coordinator][INFO]Heartbeat successful
[2016-05-11 16:26:02,742][kafka.coordinator][INFO]Heartbeat successful
[2016-05-11 16:26:05,755][kafka.coordinator][INFO]Heartbeat successful
[2016-05-11 16:26:08,810][kafka.coordinator][INFO]Heartbeat successful
[2016-05-11 16:26:11,895][kafka.coordinator][INFO]Heartbeat successful
[2016-05-11 16:26:14,916][kafka.coordinator][INFO]Heartbeat successful
[2016-05-11 16:26:17,973][kafka.coordinator][INFO]Heartbeat successful
[2016-05-11 16:26:20,986][kafka.coordinator][INFO]Heartbeat successful
[2016-05-11 16:26:24,000][kafka.coordinator][INFO]Heartbeat successful
[2016-05-11 16:26:27,016][kafka.coordinator][INFO]Heartbeat successful
[2016-05-11 16:26:30,079][kafka.coordinator][INFO]Heartbeat successful
[2016-05-11 16:26:33,092][kafka.coordinator][INFO]Heartbeat successful
[2016-05-11 16:26:36,106][kafka.coordinator][INFO]Heartbeat successful
[2016-05-11 16:26:39,169][kafka.coordinator][INFO]Heartbeat successful
[2016-05-11 16:26:41,687][kafka.coordinator][INFO]Heartbeat successful
[2016-05-11 16:26:44,742][kafka.coordinator][INFO]Heartbeat successful
[2016-05-11 16:26:47,763][kafka.coordinator][INFO]Heartbeat successful
[2016-05-11 16:26:50,818][kafka.coordinator][INFO]Heartbeat successful
[2016-05-11 16:26:53,835][kafka.coordinator][INFO]Heartbeat successful
[2016-05-11 16:26:56,849][kafka.coordinator][INFO]Heartbeat successful
[2016-05-11 16:26:59,909][kafka.coordinator][INFO]Heartbeat successful
[2016-05-11 16:27:02,932][kafka.coordinator][INFO]Heartbeat successful
[2016-05-11 16:27:05,950][kafka.coordinator][INFO]Heartbeat successful
[2016-05-11 16:27:09,005][kafka.coordinator][INFO]Heartbeat successful
[2016-05-11 16:27:12,018][kafka.coordinator][INFO]Heartbeat successful
[2016-05-11 16:27:15,043][kafka.coordinator][INFO]Heartbeat successful
[2016-05-11 16:27:18,063][kafka.coordinator][INFO]Heartbeat successful
[2016-05-11 16:27:21,122][kafka.coordinator][INFO]Heartbeat successful
[2016-05-11 16:27:24,142][kafka.coordinator][INFO]Heartbeat successful
[2016-05-11 16:27:27,160][kafka.coordinator][INFO]Heartbeat successful
[2016-05-11 16:27:29,730][kafka.coordinator][INFO]Heartbeat successful
[2016-05-11 16:27:32,788][kafka.coordinator][INFO]Heartbeat successful
[2016-05-11 16:27:35,804][kafka.coordinator][INFO]Heartbeat successful
[2016-05-11 16:27:38,821][kafka.coordinator][INFO]Heartbeat successful
