Task setup took 8 seconds
Launching: python -m petrel.run kafkaconsumer /home/pipe/twitterintel/twitterintel/topology/TopologyTweetTransformationBAD/petrel9245_kafkaconsumer.log
/usr/local/lib/python2.7/dist-packages/petrel-0.9.4.0.3-py2.7.egg/petrel/run.py invoked with the following arguments: ['kafkaconsumer', '/home/pipe/twitterintel/twitterintel/topology/TopologyTweetTransformationBAD/petrel9245_kafkaconsumer.log']
python version: 2.7.11
user=root
PATH=/tmp/petrel-bad-9-1463485631/venv/bin:/root/SimpleScalar/simplesim-3.0:/root/SimpleScalar/bin:/root/SimpleScalar/gcc-2.6.3:/root/SimpleScalar/bin:/usr/local/sbin:/usr/local/bin:/usr/sbin:/usr/bin:/sbin:/bin:/usr/games:/usr/local/games:/home/pipe/Downloads/zookeeper-3.4.8/bin:/home/pipe/Downloads/apache-storm-0.9.4/bin
LD_LIBRARY_PATH=storm-local/supervisor/stormdist/bad-9-1463485631/resources/Linux-amd64:storm-local/supervisor/stormdist/bad-9-1463485631/resources:/usr/local/lib:/opt/local/lib:/usr/lib
PYTHON_EGG_CACHE=/tmp/petrel-bad-9-1463485631/egg_cache
[2016-05-17 12:47:36,149][storm][INFO]Tuple profiling enabled. Will log tuple processing times.
[2016-05-17 12:47:36,376][storm][INFO]Task received setupInfo from Storm: {u'pidDir': u'/home/pipe/storm-local/workers/b999278f-0373-49a1-8a2f-5de65dd63567/pids', u'conf': {u'oauth.acess_token': u' 702208758362087425-HZiyl1x7Bh98cQa1WLBDYylyu10Bpl7', u'topology.tuple.serializer': u'backtype.storm.serialization.types.ListDelegateSerializer', u'topology.workers': 1, u'drpc.worker.threads': 64, u'storm.messaging.netty.client_worker_threads': 1, u'supervisor.heartbeat.frequency.secs': 5, u'topology.executor.send.buffer.size': 1024, u'drpc.childopts': u'-Xmx768m', u'nimbus.thrift.port': 6627, u'storm.zookeeper.retry.intervalceiling.millis': 30000, u'storm.local.dir': u'storm-local', u'topology.receiver.buffer.size': 8, u'storm.zookeeper.servers': [u'localhost'], u'oauth.consumer_secret': u'ADf76fi3O1lKMzBxWnjqf93l3GHv28uar3bkblkvyBrAyoA23i', u'transactional.zookeeper.root': u'/transactional', u'drpc.request.timeout.secs': 600, u'topology.skip.missing.kryo.registrations': False, u'worker.heartbeat.frequency.secs': 1, u'zmq.hwm': 0, u'storm.zookeeper.connection.timeout': 15000, u'java.library.path': u'/usr/local/lib:/opt/local/lib:/usr/lib', u'topology.max.error.report.per.interval': 5, u'storm.messaging.netty.server_worker_threads': 1, u'storm.id': u'bad-9-1463485631', u'supervisor.worker.start.timeout.secs': 120, u'zmq.threads': 1, u'topology.acker.executors': None, u'storm.messaging.netty.flush.check.interval.ms': 10, u'storm.messaging.netty.transfer.batch.size': 262144, u'topology.max.task.parallelism': None, u'topology.environment': None, u'storm.zookeeper.port': 2181, u'nimbus.childopts': u'-Xmx1024m', u'topology.classpath': None, u'worker.childopts': u'-Xmx768m', u'drpc.queue.size': 128, u'topology.multilang.serializer': u'backtype.storm.multilang.JsonSerializer', u'storm.zookeeper.retry.times': 5, u'nimbus.monitor.freq.secs': 10, u'storm.cluster.mode': u'distributed', u'dev.zookeeper.path': u'/tmp/dev-storm-zookeeper', u'drpc.invocations.port': 3773, u'topology.tasks': None, u'storm.zookeeper.root': u'/storm', u'logviewer.childopts': u'-Xmx128m', u'storm.meta.serialization.delegate': u'backtype.storm.serialization.DefaultSerializationDelegate', u'transactional.zookeeper.port': None, u'topology.worker.receiver.thread.count': 1, u'topology.worker.childopts': None, u'topology.max.spout.pending': None, u'topology.kryo.register': None, u'petrel.host': u'pipe-X550CC', u'nimbus.cleanup.inbox.freq.secs': 600, u'storm.messaging.netty.min_wait_ms': 100, u'nimbus.task.timeout.secs': 30, u'nimbus.thrift.max_buffer_size': 1048576, u'topology.sleep.spout.wait.strategy.time.ms': 1, u'nimbus.reassign': True, u'storm.messaging.transport': u'backtype.storm.messaging.netty.Context', u'logviewer.appender.name': u'A1', u'nimbus.host': u'localhost', u'ui.port': 8080, u'supervisor.slots.ports': [6700, 6701, 6702, 6703], u'nimbus.file.copy.expiration.secs': 600, u'supervisor.monitor.frequency.secs': 3, u'ui.childopts': u'-Xmx768m', u'transactional.zookeeper.servers': None, u'zmq.linger.millis': 5000, u'topology.error.throttle.interval.secs': 10, u'topology.worker.shared.thread.pool.size': 4, u'topology.executor.receive.buffer.size': 1024, u'topology.spout.wait.strategy': u'backtype.storm.spout.SleepSpoutWaitStrategy', u'task.heartbeat.frequency.secs': 3, u'topology.transfer.buffer.size': 1024, u'storm.zookeeper.session.timeout': 20000, u'storm.local.mode.zmq': False, u'topology.stats.sample.rate': 0.05, u'topology.fall.back.on.java.serialization': True, u'supervisor.childopts': u'-Xmx256m', u'topology.enable.message.timeouts': True, u'storm.messaging.netty.max_wait_ms': 1000, u'nimbus.topology.validator': u'backtype.storm.nimbus.DefaultTopologyValidator', u'nimbus.supervisor.timeout.secs': 60, u'topology.disruptor.wait.strategy': u'com.lmax.disruptor.BlockingWaitStrategy', u'storm.messaging.netty.buffer_size': 5242880, u'drpc.port': 3772, u'topology.kryo.factory': u'backtype.storm.serialization.DefaultKryoFactory', u'storm.zookeeper.retry.interval': 1000, u'storm.messaging.netty.max_retries': 300, u'topology.tick.tuple.freq.secs': 30, u'supervisor.enable': True, u'nimbus.task.launch.secs': 120, u'task.refresh.poll.secs': 10, u'topology.message.timeout.secs': 30, u'oauth.acess_token_secret': u'IiNOTfgE3tEZvW2HDQhRKPMoOLU43NXJCXk8maj51SdAT', u'petrel.user': u'root', u'nimbus.inbox.jar.expiration.secs': 3600, u'topology.state.synchronization.timeout.secs': 60, u'topology.name': u'bad', u'supervisor.worker.timeout.secs': 30, u'topology.trident.batch.emit.interval.millis': 500, u'topology.builtin.metrics.bucket.size.secs': 60, u'storm.thrift.transport': u'backtype.storm.security.auth.SimpleTransportPlugin', u'logviewer.port': 8000, u'oauth.consumer_key': u'eaFmBSxUveRJfmyZYeabti9Q9', u'topology.kryo.decorators': [], u'topology.debug': False}, u'context': {u'task->component': {u'1': u'CountThreeWords', u'3': u'CountWord', u'2': u'CountTwoWords', u'5': u'ThreeWordDivider', u'4': u'KafkaConsumer', u'7': u'WordDivider', u'6': u'TwoWordDivider', u'8': u'__acker'}, u'taskid': 4}}
[2016-05-17 12:47:36,377][storm][INFO]Task sent pid to Storm
[2016-05-17 12:47:36,544][kafka.client][INFO]Broker version identifed as 0.9
[2016-05-17 12:47:36,558][kafka.consumer.subscription_state][INFO]Updating subscribed topics to: ['badtopic']
[2016-05-17 12:47:36,640][kafka.cluster][INFO]Group coordinator for kafka-python-default-group is BrokerMetadata(nodeId=0, host=u'pipe-X550CC', port=9092)
[2016-05-17 12:47:38,316][kafka.coordinator][INFO]Joined group 'kafka-python-default-group' (generation 18) with member_id kafka-python-1.0.2-71dfbcab-ec8a-496f-bc0f-0be1dbe59079
[2016-05-17 12:47:38,541][kafka.consumer.subscription_state][INFO]Updated partition assignment: [TopicPartition(topic=u'badtopic', partition=0)]
[2016-05-17 12:47:41,593][kafka.coordinator][INFO]Heartbeat successful
[2016-05-17 12:47:44,604][kafka.coordinator][INFO]Heartbeat successful
[2016-05-17 12:47:47,616][kafka.coordinator][INFO]Heartbeat successful
[2016-05-17 12:47:50,671][kafka.coordinator][INFO]Heartbeat successful
[2016-05-17 12:47:53,682][kafka.coordinator][INFO]Heartbeat successful
[2016-05-17 12:47:56,696][kafka.coordinator][INFO]Heartbeat successful
[2016-05-17 12:48:00,001][kafka.coordinator][INFO]Heartbeat successful
[2016-05-17 12:48:03,020][kafka.coordinator][INFO]Heartbeat successful
[2016-05-17 12:48:05,575][kafka.coordinator][INFO]Heartbeat successful
[2016-05-17 12:48:08,630][kafka.coordinator][INFO]Heartbeat successful
[2016-05-17 12:48:11,647][kafka.coordinator][INFO]Heartbeat successful
[2016-05-17 12:48:14,702][kafka.coordinator][INFO]Heartbeat successful
[2016-05-17 12:48:17,715][kafka.coordinator][INFO]Heartbeat successful
[2016-05-17 12:48:20,728][kafka.coordinator][INFO]Heartbeat successful
[2016-05-17 12:48:23,746][kafka.coordinator][INFO]Heartbeat successful
[2016-05-17 12:48:26,801][kafka.coordinator][INFO]Heartbeat successful
[2016-05-17 12:48:29,681][kafka.coordinator][INFO]Heartbeat successful
[2016-05-17 12:48:32,693][kafka.coordinator][INFO]Heartbeat successful
[2016-05-17 12:48:35,752][kafka.coordinator][INFO]Heartbeat successful
[2016-05-17 12:48:38,771][kafka.coordinator][INFO]Heartbeat successful
[2016-05-17 12:48:41,789][kafka.coordinator][INFO]Heartbeat successful
[2016-05-17 12:48:44,804][kafka.coordinator][INFO]Heartbeat successful
[2016-05-17 12:48:47,861][kafka.coordinator][INFO]Heartbeat successful
[2016-05-17 12:48:50,879][kafka.coordinator][INFO]Heartbeat successful
[2016-05-17 12:48:53,893][kafka.coordinator][INFO]Heartbeat successful
[2016-05-17 12:48:56,946][kafka.coordinator][INFO]Heartbeat successful
[2016-05-17 12:48:59,958][kafka.coordinator][INFO]Heartbeat successful
[2016-05-17 12:49:02,972][kafka.coordinator][INFO]Heartbeat successful
[2016-05-17 12:49:06,023][kafka.coordinator][INFO]Heartbeat successful
[2016-05-17 12:49:09,038][kafka.coordinator][INFO]Heartbeat successful
[2016-05-17 12:49:12,052][kafka.coordinator][INFO]Heartbeat successful
[2016-05-17 12:49:14,563][kafka.coordinator][INFO]Heartbeat successful
[2016-05-17 12:49:17,618][kafka.coordinator][INFO]Heartbeat successful
[2016-05-17 12:49:20,667][kafka.coordinator][INFO]Heartbeat successful
[2016-05-17 12:49:23,683][kafka.coordinator][INFO]Heartbeat successful
[2016-05-17 12:49:26,698][kafka.coordinator][INFO]Heartbeat successful
[2016-05-17 12:49:29,715][kafka.coordinator][INFO]Heartbeat successful
[2016-05-17 12:49:32,768][kafka.coordinator][INFO]Heartbeat successful
[2016-05-17 12:49:35,787][kafka.coordinator][INFO]Heartbeat successful
[2016-05-17 12:49:38,802][kafka.coordinator][INFO]Heartbeat successful
[2016-05-17 12:49:41,862][kafka.coordinator][INFO]Heartbeat successful
[2016-05-17 12:49:44,882][kafka.coordinator][INFO]Heartbeat successful
[2016-05-17 12:49:47,893][kafka.coordinator][INFO]Heartbeat successful
[2016-05-17 12:49:50,946][kafka.coordinator][INFO]Heartbeat successful
[2016-05-17 12:49:53,958][kafka.coordinator][INFO]Heartbeat successful
[2016-05-17 12:49:56,971][kafka.coordinator][INFO]Heartbeat successful
[2016-05-17 12:49:59,980][kafka.coordinator][INFO]Heartbeat successful
[2016-05-17 12:50:03,031][kafka.coordinator][INFO]Heartbeat successful
[2016-05-17 12:50:05,855][kafka.coordinator][INFO]Heartbeat successful
[2016-05-17 12:50:08,745][kafka.coordinator][INFO]Heartbeat successful
[2016-05-17 12:50:12,414][kafka.coordinator][INFO]Heartbeat successful
[2016-05-17 12:50:14,600][kafka.coordinator][INFO]Heartbeat successful
[2016-05-17 12:50:17,650][kafka.coordinator][INFO]Heartbeat successful
[2016-05-17 12:50:20,664][kafka.coordinator][INFO]Heartbeat successful
[2016-05-17 12:50:23,719][kafka.coordinator][INFO]Heartbeat successful
[2016-05-17 12:50:26,731][kafka.coordinator][INFO]Heartbeat successful
[2016-05-17 12:50:29,744][kafka.coordinator][INFO]Heartbeat successful
[2016-05-17 12:50:32,797][kafka.coordinator][INFO]Heartbeat successful
[2016-05-17 12:50:35,810][kafka.coordinator][INFO]Heartbeat successful
[2016-05-17 12:50:38,827][kafka.coordinator][INFO]Heartbeat successful
[2016-05-17 12:50:41,884][kafka.coordinator][INFO]Heartbeat successful
[2016-05-17 12:50:44,897][kafka.coordinator][INFO]Heartbeat successful
[2016-05-17 12:50:47,914][kafka.coordinator][INFO]Heartbeat successful
[2016-05-17 12:50:50,927][kafka.coordinator][INFO]Heartbeat successful
[2016-05-17 12:50:53,980][kafka.coordinator][INFO]Heartbeat successful
[2016-05-17 12:50:56,995][kafka.coordinator][INFO]Heartbeat successful
[2016-05-17 12:51:00,011][kafka.coordinator][INFO]Heartbeat successful
[2016-05-17 12:51:03,065][kafka.coordinator][INFO]Heartbeat successful
[2016-05-17 12:51:06,076][kafka.coordinator][INFO]Heartbeat successful
[2016-05-17 12:51:08,592][kafka.coordinator][INFO]Heartbeat successful
[2016-05-17 12:51:11,641][kafka.coordinator][INFO]Heartbeat successful
[2016-05-17 12:51:14,657][kafka.coordinator][INFO]Heartbeat successful
[2016-05-17 12:51:17,714][kafka.coordinator][INFO]Heartbeat successful
[2016-05-17 12:51:20,728][kafka.coordinator][INFO]Heartbeat successful
[2016-05-17 12:51:23,746][kafka.coordinator][INFO]Heartbeat successful
[2016-05-17 12:51:26,764][kafka.coordinator][INFO]Heartbeat successful
[2016-05-17 12:51:29,817][kafka.coordinator][INFO]Heartbeat successful
[2016-05-17 12:51:32,830][kafka.coordinator][INFO]Heartbeat successful
[2016-05-17 12:51:35,849][kafka.coordinator][INFO]Heartbeat successful
[2016-05-17 12:51:38,903][kafka.coordinator][INFO]Heartbeat successful
[2016-05-17 12:51:41,915][kafka.coordinator][INFO]Heartbeat successful
[2016-05-17 12:51:44,934][kafka.coordinator][INFO]Heartbeat successful
[2016-05-17 12:51:47,986][kafka.coordinator][INFO]Heartbeat successful
[2016-05-17 12:51:50,997][kafka.coordinator][INFO]Heartbeat successful
[2016-05-17 12:51:54,015][kafka.coordinator][INFO]Heartbeat successful
[2016-05-17 12:51:57,036][kafka.coordinator][INFO]Heartbeat successful
[2016-05-17 12:51:59,742][kafka.coordinator][INFO]Heartbeat successful
[2016-05-17 12:52:02,757][kafka.coordinator][WARNING]Heartbeat: group is rebalancing; this consumer needs to re-join
[2016-05-17 12:52:02,758][kafka.coordinator][WARNING]Heartbeat failed; retrying
[2016-05-17 12:52:02,858][kafka.coordinator][INFO]Skipping heartbeat: no auto-assignment or waiting on rebalance
[2016-05-17 12:52:03,266][kafka.coordinator][INFO]Joined group 'kafka-python-default-group' (generation 19) with member_id kafka-python-1.0.2-71dfbcab-ec8a-496f-bc0f-0be1dbe59079
[2016-05-17 12:52:03,266][kafka.coordinator][INFO]Elected group leader -- performing partition assignments using range
[2016-05-17 12:52:03,308][kafka.consumer.subscription_state][INFO]Updated partition assignment: [TopicPartition(topic=u'badtopic', partition=0)]
[2016-05-17 12:52:06,400][kafka.coordinator][INFO]Heartbeat successful
[2016-05-17 12:52:09,820][kafka.coordinator][INFO]Heartbeat successful
[2016-05-17 12:52:12,333][kafka.coordinator][INFO]Heartbeat successful
[2016-05-17 12:52:15,381][kafka.coordinator][INFO]Heartbeat successful
[2016-05-17 12:52:18,390][kafka.coordinator][INFO]Heartbeat successful
[2016-05-17 12:52:21,443][kafka.coordinator][WARNING]Heartbeat: group is rebalancing; this consumer needs to re-join
[2016-05-17 12:52:21,443][kafka.coordinator][WARNING]Heartbeat failed; retrying
[2016-05-17 12:52:21,543][kafka.coordinator][INFO]Skipping heartbeat: no auto-assignment or waiting on rebalance
[2016-05-17 12:52:21,949][kafka.coordinator][INFO]Joined group 'kafka-python-default-group' (generation 20) with member_id kafka-python-1.0.2-71dfbcab-ec8a-496f-bc0f-0be1dbe59079
[2016-05-17 12:52:21,949][kafka.coordinator][INFO]Elected group leader -- performing partition assignments using range
[2016-05-17 12:52:21,950][kafka.coordinator.assignors.range][WARNING]No partition metadata for topic goodtopic
[2016-05-17 12:52:22,171][kafka.coordinator][INFO]Joined group 'kafka-python-default-group' (generation 20) with member_id kafka-python-1.0.2-71dfbcab-ec8a-496f-bc0f-0be1dbe59079
[2016-05-17 12:52:22,172][kafka.coordinator][INFO]Elected group leader -- performing partition assignments using range
[2016-05-17 12:52:22,211][kafka.consumer.subscription_state][INFO]Updated partition assignment: [TopicPartition(topic=u'badtopic', partition=0)]
[2016-05-17 12:52:25,305][kafka.coordinator][INFO]Heartbeat successful
[2016-05-17 12:52:28,321][kafka.coordinator][INFO]Heartbeat successful
[2016-05-17 12:52:31,331][kafka.coordinator][INFO]Heartbeat successful
[2016-05-17 12:52:34,384][kafka.coordinator][INFO]Heartbeat successful
[2016-05-17 12:52:37,394][kafka.coordinator][INFO]Heartbeat successful
[2016-05-17 12:52:40,411][kafka.coordinator][INFO]Heartbeat successful
[2016-05-17 12:52:43,460][kafka.coordinator][INFO]Heartbeat successful
[2016-05-17 12:52:46,472][kafka.coordinator][INFO]Heartbeat successful
[2016-05-17 12:52:49,486][kafka.coordinator][INFO]Heartbeat successful
[2016-05-17 12:52:52,504][kafka.coordinator][INFO]Heartbeat successful
[2016-05-17 12:52:55,554][kafka.coordinator][INFO]Heartbeat successful
[2016-05-17 12:52:58,563][kafka.coordinator][INFO]Heartbeat successful
[2016-05-17 12:53:01,575][kafka.coordinator][INFO]Heartbeat successful
[2016-05-17 12:53:04,627][kafka.coordinator][INFO]Heartbeat successful
[2016-05-17 12:53:07,642][kafka.coordinator][INFO]Heartbeat successful
[2016-05-17 12:53:10,660][kafka.coordinator][INFO]Heartbeat successful
[2016-05-17 12:53:13,711][kafka.coordinator][INFO]Heartbeat successful
[2016-05-17 12:53:16,225][kafka.coordinator][INFO]Heartbeat successful
[2016-05-17 12:53:19,278][kafka.coordinator][INFO]Heartbeat successful
[2016-05-17 12:53:22,291][kafka.coordinator][INFO]Heartbeat successful
[2016-05-17 12:53:25,416][kafka.coordinator][INFO]Heartbeat successful
[2016-05-17 12:53:28,430][kafka.coordinator][INFO]Heartbeat successful
[2016-05-17 12:53:31,446][kafka.coordinator][INFO]Heartbeat successful
[2016-05-17 12:53:34,502][kafka.coordinator][INFO]Heartbeat successful
[2016-05-17 12:53:37,515][kafka.coordinator][INFO]Heartbeat successful
[2016-05-17 12:53:40,529][kafka.coordinator][INFO]Heartbeat successful
[2016-05-17 12:53:43,583][kafka.coordinator][INFO]Heartbeat successful
[2016-05-17 12:53:46,598][kafka.coordinator][INFO]Heartbeat successful
[2016-05-17 12:53:49,612][kafka.coordinator][INFO]Heartbeat successful
[2016-05-17 12:53:52,626][kafka.coordinator][INFO]Heartbeat successful
[2016-05-17 12:53:55,673][kafka.coordinator][INFO]Heartbeat successful
[2016-05-17 12:53:58,690][kafka.coordinator][INFO]Heartbeat successful
[2016-05-17 12:54:01,707][kafka.coordinator][INFO]Heartbeat successful
[2016-05-17 12:54:04,258][kafka.coordinator][INFO]Heartbeat successful
[2016-05-17 12:54:07,310][kafka.coordinator][INFO]Heartbeat successful
[2016-05-17 12:54:10,323][kafka.coordinator][INFO]Heartbeat successful
[2016-05-17 12:54:13,339][kafka.coordinator][INFO]Heartbeat successful
[2016-05-17 12:54:16,387][kafka.coordinator][INFO]Heartbeat successful
[2016-05-17 12:54:19,406][kafka.coordinator][INFO]Heartbeat successful
[2016-05-17 12:54:22,417][kafka.coordinator][INFO]Heartbeat successful
[2016-05-17 12:54:25,468][kafka.coordinator][INFO]Heartbeat successful
[2016-05-17 12:54:28,484][kafka.coordinator][INFO]Heartbeat successful
[2016-05-17 12:54:31,497][kafka.coordinator][INFO]Heartbeat successful
[2016-05-17 12:54:34,552][kafka.coordinator][INFO]Heartbeat successful
[2016-05-17 12:54:37,566][kafka.coordinator][INFO]Heartbeat successful
[2016-05-17 12:54:40,581][kafka.coordinator][INFO]Heartbeat successful
[2016-05-17 12:54:43,591][kafka.coordinator][INFO]Heartbeat successful
[2016-05-17 12:54:46,652][kafka.coordinator][INFO]Heartbeat successful
[2016-05-17 12:54:49,669][kafka.coordinator][INFO]Heartbeat successful
[2016-05-17 12:54:52,682][kafka.coordinator][INFO]Heartbeat successful
[2016-05-17 12:54:55,734][kafka.coordinator][INFO]Heartbeat successful
[2016-05-17 12:54:58,247][kafka.coordinator][INFO]Heartbeat successful
[2016-05-17 12:55:01,299][kafka.coordinator][INFO]Heartbeat successful
[2016-05-17 12:55:04,351][kafka.coordinator][INFO]Heartbeat successful
[2016-05-17 12:55:07,364][kafka.coordinator][INFO]Heartbeat successful
[2016-05-17 12:55:10,380][kafka.coordinator][INFO]Heartbeat successful
[2016-05-17 12:55:13,395][kafka.coordinator][INFO]Heartbeat successful
[2016-05-17 12:55:16,453][kafka.coordinator][INFO]Heartbeat successful
[2016-05-17 12:55:19,467][kafka.coordinator][INFO]Heartbeat successful
[2016-05-17 12:55:22,486][kafka.coordinator][INFO]Heartbeat successful
[2016-05-17 12:55:25,541][kafka.coordinator][INFO]Heartbeat successful
[2016-05-17 12:55:28,555][kafka.coordinator][INFO]Heartbeat successful
[2016-05-17 12:55:31,568][kafka.coordinator][INFO]Heartbeat successful
[2016-05-17 12:55:34,621][kafka.coordinator][INFO]Heartbeat successful
