Beginning task setup

/usr/bin/flock
Using existing venv: /tmp/petrel-bad-3-1462553014/venv
Task setup took 16 seconds
Launching: python -m petrel.run kafkaconsumer /home/pipe/twitterintel/topology/TopologyTweetTransformationBAD/petrel1338_kafkaconsumer.log
/usr/local/lib/python2.7/dist-packages/petrel-0.9.4.0.3-py2.7.egg/petrel/run.py invoked with the following arguments: ['kafkaconsumer', '/home/pipe/twitterintel/topology/TopologyTweetTransformationBAD/petrel1338_kafkaconsumer.log']
python version: 2.7.11
user=root
PATH=/tmp/petrel-bad-3-1462553014/venv/bin:/root/SimpleScalar/simplesim-3.0:/root/SimpleScalar/bin:/root/SimpleScalar/gcc-2.6.3:/root/SimpleScalar/bin:/usr/local/sbin:/usr/local/bin:/usr/sbin:/usr/bin:/sbin:/bin:/usr/games:/usr/local/games:/home/pipe/Downloads/zookeeper-3.4.8/bin:/home/pipe/Downloads/apache-storm-0.9.4/bin
LD_LIBRARY_PATH=storm-local/supervisor/stormdist/bad-3-1462553014/resources/Linux-amd64:storm-local/supervisor/stormdist/bad-3-1462553014/resources:/usr/local/lib:/opt/local/lib:/usr/lib
PYTHON_EGG_CACHE=/tmp/petrel-bad-3-1462553014/egg_cache
[2016-05-06 17:44:34,325][storm][INFO]Tuple profiling enabled. Will log tuple processing times.
[2016-05-06 17:44:40,316][storm][INFO]Task received setupInfo from Storm: {u'pidDir': u'/home/pipe/storm-local/workers/dad8a3f8-6844-4b16-8d05-bd3514446dd3/pids', u'conf': {u'oauth.acess_token': u' 702208758362087425-HZiyl1x7Bh98cQa1WLBDYylyu10Bpl7', u'topology.tuple.serializer': u'backtype.storm.serialization.types.ListDelegateSerializer', u'topology.workers': 1, u'drpc.worker.threads': 64, u'storm.messaging.netty.client_worker_threads': 1, u'supervisor.heartbeat.frequency.secs': 5, u'topology.executor.send.buffer.size': 1024, u'drpc.childopts': u'-Xmx768m', u'nimbus.thrift.port': 6627, u'storm.zookeeper.retry.intervalceiling.millis': 30000, u'storm.local.dir': u'storm-local', u'topology.receiver.buffer.size': 8, u'storm.zookeeper.servers': [u'localhost'], u'oauth.consumer_secret': u'ADf76fi3O1lKMzBxWnjqf93l3GHv28uar3bkblkvyBrAyoA23i', u'transactional.zookeeper.root': u'/transactional', u'drpc.request.timeout.secs': 600, u'topology.skip.missing.kryo.registrations': False, u'worker.heartbeat.frequency.secs': 1, u'zmq.hwm': 0, u'storm.zookeeper.connection.timeout': 15000, u'java.library.path': u'/usr/local/lib:/opt/local/lib:/usr/lib', u'topology.max.error.report.per.interval': 5, u'storm.messaging.netty.server_worker_threads': 1, u'storm.id': u'bad-3-1462553014', u'supervisor.worker.start.timeout.secs': 120, u'zmq.threads': 1, u'topology.acker.executors': None, u'storm.messaging.netty.flush.check.interval.ms': 10, u'storm.messaging.netty.transfer.batch.size': 262144, u'topology.max.task.parallelism': None, u'topology.environment': None, u'storm.zookeeper.port': 2181, u'nimbus.childopts': u'-Xmx1024m', u'topology.classpath': None, u'worker.childopts': u'-Xmx768m', u'drpc.queue.size': 128, u'topology.multilang.serializer': u'backtype.storm.multilang.JsonSerializer', u'storm.zookeeper.retry.times': 5, u'nimbus.monitor.freq.secs': 10, u'storm.cluster.mode': u'distributed', u'dev.zookeeper.path': u'/tmp/dev-storm-zookeeper', u'drpc.invocations.port': 3773, u'topology.tasks': None, u'storm.zookeeper.root': u'/storm', u'logviewer.childopts': u'-Xmx128m', u'storm.meta.serialization.delegate': u'backtype.storm.serialization.DefaultSerializationDelegate', u'transactional.zookeeper.port': None, u'topology.worker.receiver.thread.count': 1, u'topology.worker.childopts': None, u'topology.max.spout.pending': None, u'topology.kryo.register': None, u'petrel.host': u'pipe-X550CC', u'nimbus.cleanup.inbox.freq.secs': 600, u'storm.messaging.netty.min_wait_ms': 100, u'nimbus.task.timeout.secs': 30, u'nimbus.thrift.max_buffer_size': 1048576, u'topology.sleep.spout.wait.strategy.time.ms': 1, u'nimbus.reassign': True, u'storm.messaging.transport': u'backtype.storm.messaging.netty.Context', u'logviewer.appender.name': u'A1', u'nimbus.host': u'localhost', u'ui.port': 8080, u'supervisor.slots.ports': [6700, 6701, 6702, 6703], u'nimbus.file.copy.expiration.secs': 600, u'supervisor.monitor.frequency.secs': 3, u'ui.childopts': u'-Xmx768m', u'transactional.zookeeper.servers': None, u'zmq.linger.millis': 5000, u'topology.error.throttle.interval.secs': 10, u'topology.worker.shared.thread.pool.size': 4, u'topology.executor.receive.buffer.size': 1024, u'topology.spout.wait.strategy': u'backtype.storm.spout.SleepSpoutWaitStrategy', u'task.heartbeat.frequency.secs': 3, u'topology.transfer.buffer.size': 1024, u'storm.zookeeper.session.timeout': 20000, u'storm.local.mode.zmq': False, u'topology.stats.sample.rate': 0.05, u'topology.fall.back.on.java.serialization': True, u'supervisor.childopts': u'-Xmx256m', u'topology.enable.message.timeouts': True, u'storm.messaging.netty.max_wait_ms': 1000, u'nimbus.topology.validator': u'backtype.storm.nimbus.DefaultTopologyValidator', u'nimbus.supervisor.timeout.secs': 60, u'topology.disruptor.wait.strategy': u'com.lmax.disruptor.BlockingWaitStrategy', u'storm.messaging.netty.buffer_size': 5242880, u'drpc.port': 3772, u'topology.kryo.factory': u'backtype.storm.serialization.DefaultKryoFactory', u'storm.zookeeper.retry.interval': 1000, u'storm.messaging.netty.max_retries': 300, u'topology.tick.tuple.freq.secs': 30, u'supervisor.enable': True, u'nimbus.task.launch.secs': 120, u'task.refresh.poll.secs': 10, u'topology.message.timeout.secs': 30, u'oauth.acess_token_secret': u'IiNOTfgE3tEZvW2HDQhRKPMoOLU43NXJCXk8maj51SdAT', u'petrel.user': u'root', u'nimbus.inbox.jar.expiration.secs': 3600, u'topology.state.synchronization.timeout.secs': 60, u'topology.name': u'bad', u'supervisor.worker.timeout.secs': 30, u'topology.trident.batch.emit.interval.millis': 500, u'topology.builtin.metrics.bucket.size.secs': 60, u'storm.thrift.transport': u'backtype.storm.security.auth.SimpleTransportPlugin', u'logviewer.port': 8000, u'oauth.consumer_key': u'eaFmBSxUveRJfmyZYeabti9Q9', u'topology.kryo.decorators': [], u'topology.debug': False}, u'context': {u'task->component': {u'1': u'CountThreeWords', u'3': u'CountWord', u'2': u'CountTwoWords', u'5': u'ThreeWordDivider', u'4': u'KafkaConsumer', u'7': u'WordDivider', u'6': u'TwoWordDivider', u'8': u'__acker'}, u'taskid': 4}}
[2016-05-06 17:44:40,359][storm][INFO]Task sent pid to Storm
[2016-05-06 17:44:41,295][kafka.client][INFO]Broker version identifed as 0.9
[2016-05-06 17:44:41,297][kafka.consumer.subscription_state][INFO]Updating subscribed topics to: ['badtopic']
[2016-05-06 17:44:41,377][kafka.cluster][INFO]Group coordinator for kafka-python-default-group is BrokerMetadata(nodeId=0, host=u'pipe-X550CC', port=9092)
[2016-05-06 17:44:41,654][kafka.coordinator][INFO]Joined group 'kafka-python-default-group' (generation 1) with member_id kafka-python-1.0.2-ffb793ff-2949-4044-bfe2-4a5d5785f16b
[2016-05-06 17:44:41,654][kafka.coordinator][INFO]Elected group leader -- performing partition assignments using range
[2016-05-06 17:44:42,255][kafka.consumer.subscription_state][INFO]Updated partition assignment: [TopicPartition(topic=u'badtopic', partition=0)]
[2016-05-06 17:44:45,306][kafka.coordinator][INFO]Heartbeat successful
[2016-05-06 17:44:48,317][kafka.coordinator][INFO]Heartbeat successful
[2016-05-06 17:44:51,328][kafka.coordinator][WARNING]Heartbeat: group is rebalancing; this consumer needs to re-join
[2016-05-06 17:44:51,328][kafka.coordinator][WARNING]Heartbeat failed; retrying
[2016-05-06 17:44:51,428][kafka.coordinator][INFO]Skipping heartbeat: no auto-assignment or waiting on rebalance
[2016-05-06 17:44:51,834][kafka.coordinator][INFO]Joined group 'kafka-python-default-group' (generation 2) with member_id kafka-python-1.0.2-ffb793ff-2949-4044-bfe2-4a5d5785f16b
[2016-05-06 17:44:51,834][kafka.coordinator][INFO]Elected group leader -- performing partition assignments using range
[2016-05-06 17:44:51,835][kafka.coordinator.assignors.range][WARNING]No partition metadata for topic goodtopic
[2016-05-06 17:44:52,017][kafka.coordinator][INFO]Joined group 'kafka-python-default-group' (generation 2) with member_id kafka-python-1.0.2-ffb793ff-2949-4044-bfe2-4a5d5785f16b
[2016-05-06 17:44:52,017][kafka.coordinator][INFO]Elected group leader -- performing partition assignments using range
[2016-05-06 17:44:52,058][kafka.consumer.subscription_state][INFO]Updated partition assignment: [TopicPartition(topic=u'badtopic', partition=0)]
[2016-05-06 17:44:55,146][kafka.coordinator][INFO]Heartbeat successful
[2016-05-06 17:44:58,158][kafka.coordinator][INFO]Heartbeat successful
[2016-05-06 17:45:01,170][kafka.coordinator][INFO]Heartbeat successful
[2016-05-06 17:45:04,223][kafka.coordinator][INFO]Heartbeat successful
[2016-05-06 17:45:07,236][kafka.coordinator][INFO]Heartbeat successful
[2016-05-06 17:45:10,248][kafka.coordinator][INFO]Heartbeat successful
[2016-05-06 17:45:13,299][kafka.coordinator][INFO]Heartbeat successful
[2016-05-06 17:45:16,311][kafka.coordinator][INFO]Heartbeat successful
[2016-05-06 17:45:19,322][kafka.coordinator][INFO]Heartbeat successful
[2016-05-06 17:45:22,333][kafka.coordinator][INFO]Heartbeat successful
[2016-05-06 17:45:25,387][kafka.coordinator][INFO]Heartbeat successful
[2016-05-06 17:45:28,400][kafka.coordinator][INFO]Heartbeat successful
[2016-05-06 17:45:31,964][kafka.coordinator][INFO]Heartbeat successful
[2016-05-06 17:45:34,481][kafka.coordinator][INFO]Heartbeat successful
[2016-05-06 17:45:37,495][kafka.coordinator][INFO]Heartbeat successful
[2016-05-06 17:45:40,550][kafka.coordinator][INFO]Heartbeat successful
[2016-05-06 17:45:43,562][kafka.coordinator][INFO]Heartbeat successful
[2016-05-06 17:45:46,070][kafka.coordinator][INFO]Heartbeat successful
[2016-05-06 17:45:49,119][kafka.coordinator][INFO]Heartbeat successful
[2016-05-06 17:45:52,107][kafka.coordinator][INFO]Heartbeat successful
[2016-05-06 17:45:55,240][kafka.coordinator][INFO]Heartbeat successful
[2016-05-06 17:45:58,294][kafka.coordinator][INFO]Heartbeat successful
[2016-05-06 17:46:01,310][kafka.coordinator][INFO]Heartbeat successful
[2016-05-06 17:46:04,332][kafka.coordinator][INFO]Heartbeat successful
[2016-05-06 17:46:07,348][kafka.coordinator][INFO]Heartbeat successful
[2016-05-06 17:46:10,465][kafka.coordinator][INFO]Heartbeat successful
[2016-05-06 17:46:13,485][kafka.coordinator][INFO]Heartbeat successful
[2016-05-06 17:46:16,501][kafka.coordinator][INFO]Heartbeat successful
[2016-05-06 17:46:19,561][kafka.coordinator][INFO]Heartbeat successful
[2016-05-06 17:46:22,080][kafka.coordinator][INFO]Heartbeat successful
[2016-05-06 17:46:25,165][kafka.coordinator][INFO]Heartbeat successful
[2016-05-06 17:46:28,180][kafka.coordinator][INFO]Heartbeat successful
[2016-05-06 17:46:31,201][kafka.coordinator][INFO]Heartbeat successful
[2016-05-06 17:46:34,252][kafka.coordinator][INFO]Heartbeat successful
[2016-05-06 17:46:37,264][kafka.coordinator][INFO]Heartbeat successful
[2016-05-06 17:46:40,275][kafka.coordinator][INFO]Heartbeat successful
[2016-05-06 17:46:43,288][kafka.coordinator][INFO]Heartbeat successful
[2016-05-06 17:46:46,341][kafka.coordinator][INFO]Heartbeat successful
[2016-05-06 17:46:49,354][kafka.coordinator][INFO]Heartbeat successful
[2016-05-06 17:46:52,366][kafka.coordinator][INFO]Heartbeat successful
[2016-05-06 17:46:55,419][kafka.coordinator][INFO]Heartbeat successful
[2016-05-06 17:46:58,437][kafka.coordinator][INFO]Heartbeat successful
[2016-05-06 17:47:01,454][kafka.coordinator][INFO]Heartbeat successful
[2016-05-06 17:47:04,505][kafka.coordinator][INFO]Heartbeat successful
[2016-05-06 17:47:07,526][kafka.coordinator][INFO]Heartbeat successful
[2016-05-06 17:47:10,539][kafka.coordinator][INFO]Heartbeat successful
[2016-05-06 17:47:13,549][kafka.coordinator][INFO]Heartbeat successful
[2016-05-06 17:47:16,095][kafka.coordinator][INFO]Heartbeat successful
[2016-05-06 17:47:19,145][kafka.coordinator][INFO]Heartbeat successful
[2016-05-06 17:47:22,161][kafka.coordinator][INFO]Heartbeat successful
[2016-05-06 17:47:25,220][kafka.coordinator][INFO]Heartbeat successful
[2016-05-06 17:47:28,231][kafka.coordinator][INFO]Heartbeat successful
[2016-05-06 17:47:31,248][kafka.coordinator][INFO]Heartbeat successful
[2016-05-06 17:47:34,303][kafka.coordinator][INFO]Heartbeat successful
[2016-05-06 17:47:37,324][kafka.coordinator][INFO]Heartbeat successful
[2016-05-06 17:47:40,344][kafka.coordinator][INFO]Heartbeat successful
[2016-05-06 17:47:43,365][kafka.coordinator][INFO]Heartbeat successful
[2016-05-06 17:47:46,419][kafka.coordinator][INFO]Heartbeat successful
[2016-05-06 17:47:49,433][kafka.coordinator][INFO]Heartbeat successful
[2016-05-06 17:47:52,453][kafka.coordinator][INFO]Heartbeat successful
[2016-05-06 17:47:55,512][kafka.coordinator][INFO]Heartbeat successful
[2016-05-06 17:47:58,527][kafka.coordinator][INFO]Heartbeat successful
[2016-05-06 17:48:01,544][kafka.coordinator][INFO]Heartbeat successful
[2016-05-06 17:48:04,598][kafka.coordinator][INFO]Heartbeat successful
[2016-05-06 17:48:07,112][kafka.coordinator][INFO]Heartbeat successful
[2016-05-06 17:48:10,172][kafka.coordinator][INFO]Heartbeat successful
[2016-05-06 17:48:13,189][kafka.coordinator][INFO]Heartbeat successful
[2016-05-06 17:48:16,245][kafka.coordinator][INFO]Heartbeat successful
[2016-05-06 17:48:19,259][kafka.coordinator][INFO]Heartbeat successful
[2016-05-06 17:48:22,278][kafka.coordinator][INFO]Heartbeat successful
[2016-05-06 17:48:25,337][kafka.coordinator][INFO]Heartbeat successful
[2016-05-06 17:48:28,351][kafka.coordinator][INFO]Heartbeat successful
[2016-05-06 17:48:31,370][kafka.coordinator][INFO]Heartbeat successful
[2016-05-06 17:48:34,386][kafka.coordinator][INFO]Heartbeat successful
[2016-05-06 17:48:37,438][kafka.coordinator][INFO]Heartbeat successful
[2016-05-06 17:48:40,456][kafka.coordinator][INFO]Heartbeat successful
[2016-05-06 17:48:43,471][kafka.coordinator][INFO]Heartbeat successful
[2016-05-06 17:48:46,527][kafka.coordinator][INFO]Heartbeat successful
[2016-05-06 17:48:49,544][kafka.coordinator][INFO]Heartbeat successful
[2016-05-06 17:48:52,559][kafka.coordinator][INFO]Heartbeat successful
[2016-05-06 17:48:55,115][kafka.coordinator][INFO]Heartbeat successful
[2016-05-06 17:48:58,172][kafka.coordinator][INFO]Heartbeat successful
[2016-05-06 17:49:01,192][kafka.coordinator][INFO]Heartbeat successful
[2016-05-06 17:49:04,207][kafka.coordinator][INFO]Heartbeat successful
[2016-05-06 17:49:07,264][kafka.coordinator][INFO]Heartbeat successful
[2016-05-06 17:49:10,281][kafka.coordinator][INFO]Heartbeat successful
[2016-05-06 17:49:13,297][kafka.coordinator][INFO]Heartbeat successful
[2016-05-06 17:49:16,357][kafka.coordinator][INFO]Heartbeat successful
[2016-05-06 17:49:19,717][kafka.coordinator][INFO]Heartbeat successful
[2016-05-06 17:49:22,230][kafka.coordinator][INFO]Heartbeat successful
[2016-05-06 17:49:25,245][kafka.coordinator][INFO]Heartbeat successful
[2016-05-06 17:49:28,333][kafka.coordinator][INFO]Heartbeat successful
[2016-05-06 17:49:31,349][kafka.coordinator][INFO]Heartbeat successful
[2016-05-06 17:49:34,360][kafka.coordinator][INFO]Heartbeat successful
[2016-05-06 17:49:37,411][kafka.coordinator][INFO]Heartbeat successful
[2016-05-06 17:49:40,424][kafka.coordinator][INFO]Heartbeat successful
[2016-05-06 17:49:43,439][kafka.coordinator][INFO]Heartbeat successful
[2016-05-06 17:49:46,487][kafka.coordinator][INFO]Heartbeat successful
[2016-05-06 17:49:49,498][kafka.coordinator][INFO]Heartbeat successful
[2016-05-06 17:49:52,550][kafka.coordinator][INFO]Heartbeat successful
[2016-05-06 17:49:55,560][kafka.coordinator][INFO]Heartbeat successful
[2016-05-06 17:49:58,570][kafka.coordinator][WARNING]Heartbeat: group is rebalancing; this consumer needs to re-join
[2016-05-06 17:49:58,570][kafka.coordinator][WARNING]Heartbeat failed; retrying
[2016-05-06 17:49:58,670][kafka.coordinator][INFO]Skipping heartbeat: no auto-assignment or waiting on rebalance
[2016-05-06 17:50:01,351][kafka.coordinator][INFO]Joined group 'kafka-python-default-group' (generation 3) with member_id kafka-python-1.0.2-ffb793ff-2949-4044-bfe2-4a5d5785f16b
[2016-05-06 17:50:01,351][kafka.coordinator][INFO]Elected group leader -- performing partition assignments using range
[2016-05-06 17:50:01,355][kafka.consumer.subscription_state][INFO]Updated partition assignment: [TopicPartition(topic=u'badtopic', partition=0)]
[2016-05-06 17:50:04,449][kafka.coordinator][INFO]Heartbeat successful
[2016-05-06 17:50:07,467][kafka.coordinator][INFO]Heartbeat successful
[2016-05-06 17:50:10,484][kafka.coordinator][INFO]Heartbeat successful
[2016-05-06 17:50:13,537][kafka.coordinator][INFO]Heartbeat successful
[2016-05-06 17:50:16,551][kafka.coordinator][INFO]Heartbeat successful
[2016-05-06 17:50:19,564][kafka.coordinator][INFO]Heartbeat successful
[2016-05-06 17:50:22,621][kafka.coordinator][INFO]Heartbeat successful
[2016-05-06 17:50:25,636][kafka.coordinator][INFO]Heartbeat successful
[2016-05-06 17:50:28,659][kafka.coordinator][INFO]Heartbeat successful
[2016-05-06 17:50:31,670][kafka.coordinator][INFO]Heartbeat successful
[2016-05-06 17:50:34,770][kafka.coordinator][INFO]Heartbeat successful
[2016-05-06 17:50:37,784][kafka.coordinator][INFO]Heartbeat successful
[2016-05-06 17:50:40,798][kafka.coordinator][INFO]Heartbeat successful
[2016-05-06 17:50:43,851][kafka.coordinator][INFO]Heartbeat successful
[2016-05-06 17:50:46,864][kafka.coordinator][INFO]Heartbeat successful
[2016-05-06 17:50:49,373][kafka.coordinator][INFO]Heartbeat successful
[2016-05-06 17:50:52,429][kafka.coordinator][INFO]Heartbeat successful
[2016-05-06 17:50:55,443][kafka.coordinator][INFO]Heartbeat successful
[2016-05-06 17:50:58,500][kafka.coordinator][INFO]Heartbeat successful
[2016-05-06 17:51:01,515][kafka.coordinator][INFO]Heartbeat successful
[2016-05-06 17:51:04,533][kafka.coordinator][INFO]Heartbeat successful
[2016-05-06 17:51:07,590][kafka.coordinator][INFO]Heartbeat successful
[2016-05-06 17:51:10,603][kafka.coordinator][INFO]Heartbeat successful
[2016-05-06 17:51:13,621][kafka.coordinator][INFO]Heartbeat successful
[2016-05-06 17:51:16,638][kafka.coordinator][INFO]Heartbeat successful
[2016-05-06 17:51:19,695][kafka.coordinator][INFO]Heartbeat successful
[2016-05-06 17:51:22,710][kafka.coordinator][INFO]Heartbeat successful
[2016-05-06 17:51:25,724][kafka.coordinator][INFO]Heartbeat successful
[2016-05-06 17:51:28,783][kafka.coordinator][INFO]Heartbeat successful
[2016-05-06 17:51:31,801][kafka.coordinator][INFO]Heartbeat successful
[2016-05-06 17:51:34,815][kafka.coordinator][INFO]Heartbeat successful
[2016-05-06 17:51:37,876][kafka.coordinator][INFO]Heartbeat successful
[2016-05-06 17:51:40,389][kafka.coordinator][INFO]Heartbeat successful
[2016-05-06 17:51:43,450][kafka.coordinator][INFO]Heartbeat successful
[2016-05-06 17:51:46,468][kafka.coordinator][INFO]Heartbeat successful
[2016-05-06 17:51:49,522][kafka.coordinator][INFO]Heartbeat successful
[2016-05-06 17:51:52,547][kafka.coordinator][INFO]Heartbeat successful
[2016-05-06 17:51:55,565][kafka.coordinator][INFO]Heartbeat successful
[2016-05-06 17:51:58,615][kafka.coordinator][INFO]Heartbeat successful
[2016-05-06 17:52:01,630][kafka.coordinator][INFO]Heartbeat successful
[2016-05-06 17:52:04,642][kafka.coordinator][INFO]Heartbeat successful
[2016-05-06 17:52:07,653][kafka.coordinator][INFO]Heartbeat successful
[2016-05-06 17:52:10,705][kafka.coordinator][INFO]Heartbeat successful
[2016-05-06 17:52:13,721][kafka.coordinator][INFO]Heartbeat successful
[2016-05-06 17:52:16,737][kafka.coordinator][INFO]Heartbeat successful
[2016-05-06 17:52:19,795][kafka.coordinator][INFO]Heartbeat successful
[2016-05-06 17:52:22,817][kafka.coordinator][INFO]Heartbeat successful
[2016-05-06 17:52:25,840][kafka.coordinator][INFO]Heartbeat successful
[2016-05-06 17:52:28,395][kafka.coordinator][INFO]Heartbeat successful
[2016-05-06 17:52:31,448][kafka.coordinator][INFO]Heartbeat successful
[2016-05-06 17:52:34,464][kafka.coordinator][INFO]Heartbeat successful
[2016-05-06 17:52:37,478][kafka.coordinator][INFO]Heartbeat successful
[2016-05-06 17:52:40,532][kafka.coordinator][INFO]Heartbeat successful
[2016-05-06 17:52:43,552][kafka.coordinator][INFO]Heartbeat successful
[2016-05-06 17:52:46,571][kafka.coordinator][INFO]Heartbeat successful
[2016-05-06 17:52:49,627][kafka.coordinator][INFO]Heartbeat successful
[2016-05-06 17:52:52,645][kafka.coordinator][INFO]Heartbeat successful
[2016-05-06 17:52:55,659][kafka.coordinator][INFO]Heartbeat successful
[2016-05-06 17:52:58,714][kafka.coordinator][INFO]Heartbeat successful
[2016-05-06 17:53:01,728][kafka.coordinator][INFO]Heartbeat successful
[2016-05-06 17:53:04,745][kafka.coordinator][INFO]Heartbeat successful
[2016-05-06 17:53:07,765][kafka.coordinator][INFO]Heartbeat successful
[2016-05-06 17:53:10,821][kafka.coordinator][INFO]Heartbeat successful
[2016-05-06 17:53:13,839][kafka.coordinator][INFO]Heartbeat successful
[2016-05-06 17:53:16,856][kafka.coordinator][INFO]Heartbeat successful
[2016-05-06 17:53:19,410][kafka.coordinator][INFO]Heartbeat successful
[2016-05-06 17:53:22,463][kafka.coordinator][INFO]Heartbeat successful
[2016-05-06 17:53:25,478][kafka.coordinator][INFO]Heartbeat successful
[2016-05-06 17:53:28,497][kafka.coordinator][INFO]Heartbeat successful
[2016-05-06 17:53:31,556][kafka.coordinator][INFO]Heartbeat successful
[2016-05-06 17:53:34,573][kafka.coordinator][INFO]Heartbeat successful
[2016-05-06 17:53:37,587][kafka.coordinator][INFO]Heartbeat successful
[2016-05-06 17:53:40,638][kafka.coordinator][INFO]Heartbeat successful
[2016-05-06 17:53:43,657][kafka.coordinator][INFO]Heartbeat successful
[2016-05-06 17:53:46,680][kafka.coordinator][INFO]Heartbeat successful
[2016-05-06 17:53:49,734][kafka.coordinator][INFO]Heartbeat successful
[2016-05-06 17:53:52,750][kafka.coordinator][INFO]Heartbeat successful
[2016-05-06 17:53:55,765][kafka.coordinator][INFO]Heartbeat successful
[2016-05-06 17:53:58,781][kafka.coordinator][INFO]Heartbeat successful
[2016-05-06 17:54:01,831][kafka.coordinator][INFO]Heartbeat successful
[2016-05-06 17:54:04,843][kafka.coordinator][INFO]Heartbeat successful
[2016-05-06 17:54:07,855][kafka.coordinator][INFO]Heartbeat successful
[2016-05-06 17:54:10,906][kafka.coordinator][INFO]Heartbeat successful
[2016-05-06 17:54:13,418][kafka.coordinator][INFO]Heartbeat successful
[2016-05-06 17:54:16,473][kafka.coordinator][INFO]Heartbeat successful
[2016-05-06 17:54:19,525][kafka.coordinator][INFO]Heartbeat successful
[2016-05-06 17:54:22,542][kafka.coordinator][INFO]Heartbeat successful
[2016-05-06 17:54:25,557][kafka.coordinator][INFO]Heartbeat successful
[2016-05-06 17:54:28,571][kafka.coordinator][INFO]Heartbeat successful
[2016-05-06 17:54:31,626][kafka.coordinator][INFO]Heartbeat successful
[2016-05-06 17:54:34,648][kafka.coordinator][INFO]Heartbeat successful
[2016-05-06 17:54:37,669][kafka.coordinator][INFO]Heartbeat successful
[2016-05-06 17:54:40,728][kafka.coordinator][INFO]Heartbeat successful
[2016-05-06 17:54:43,741][kafka.coordinator][INFO]Heartbeat successful
[2016-05-06 17:54:46,756][kafka.coordinator][INFO]Heartbeat successful
[2016-05-06 17:54:49,805][kafka.coordinator][INFO]Heartbeat successful
[2016-05-06 17:54:52,816][kafka.coordinator][INFO]Heartbeat successful
[2016-05-06 17:54:55,830][kafka.coordinator][INFO]Heartbeat successful
[2016-05-06 17:54:58,840][kafka.coordinator][INFO]Heartbeat successful
[2016-05-06 17:55:01,886][kafka.coordinator][INFO]Heartbeat successful
[2016-05-06 17:55:04,899][kafka.coordinator][INFO]Heartbeat successful
[2016-05-06 17:55:07,911][kafka.coordinator][INFO]Heartbeat successful
[2016-05-06 17:55:10,459][kafka.coordinator][INFO]Heartbeat successful
[2016-05-06 17:55:13,513][kafka.coordinator][INFO]Heartbeat successful
[2016-05-06 17:55:16,525][kafka.coordinator][INFO]Heartbeat successful
[2016-05-06 17:55:19,534][kafka.coordinator][INFO]Heartbeat successful
[2016-05-06 17:55:22,583][kafka.coordinator][INFO]Heartbeat successful
[2016-05-06 17:55:25,597][kafka.coordinator][INFO]Heartbeat successful
[2016-05-06 17:55:28,611][kafka.coordinator][INFO]Heartbeat successful
[2016-05-06 17:55:31,661][kafka.coordinator][INFO]Heartbeat successful
[2016-05-06 17:55:34,673][kafka.coordinator][INFO]Heartbeat successful
[2016-05-06 17:55:37,686][kafka.coordinator][INFO]Heartbeat successful
[2016-05-06 17:55:40,740][kafka.coordinator][INFO]Heartbeat successful
[2016-05-06 17:55:43,751][kafka.coordinator][INFO]Heartbeat successful
[2016-05-06 17:55:46,768][kafka.coordinator][INFO]Heartbeat successful
[2016-05-06 17:55:49,794][kafka.coordinator][INFO]Heartbeat successful
[2016-05-06 17:55:52,841][kafka.coordinator][WARNING]Heartbeat: group is rebalancing; this consumer needs to re-join
[2016-05-06 17:55:52,841][kafka.coordinator][WARNING]Heartbeat failed; retrying
[2016-05-06 17:55:52,942][kafka.coordinator][INFO]Skipping heartbeat: no auto-assignment or waiting on rebalance
[2016-05-06 17:55:56,201][kafka.coordinator][INFO]Joined group 'kafka-python-default-group' (generation 4) with member_id kafka-python-1.0.2-ffb793ff-2949-4044-bfe2-4a5d5785f16b
[2016-05-06 17:55:56,201][kafka.coordinator][INFO]Elected group leader -- performing partition assignments using range
[2016-05-06 17:55:56,204][kafka.consumer.subscription_state][INFO]Updated partition assignment: [TopicPartition(topic=u'badtopic', partition=0)]
[2016-05-06 17:55:59,294][kafka.coordinator][INFO]Heartbeat successful
[2016-05-06 17:56:02,305][kafka.coordinator][INFO]Heartbeat successful
[2016-05-06 17:56:05,314][kafka.coordinator][INFO]Heartbeat successful
[2016-05-06 17:56:08,368][kafka.coordinator][INFO]Heartbeat successful
[2016-05-06 17:56:11,380][kafka.coordinator][INFO]Heartbeat successful
[2016-05-06 17:56:14,394][kafka.coordinator][INFO]Heartbeat successful
[2016-05-06 17:56:17,446][kafka.coordinator][INFO]Heartbeat successful
[2016-05-06 17:56:20,460][kafka.coordinator][INFO]Heartbeat successful
[2016-05-06 17:56:23,483][kafka.coordinator][INFO]Heartbeat successful
[2016-05-06 17:56:26,498][kafka.coordinator][INFO]Heartbeat successful
[2016-05-06 17:56:29,555][kafka.coordinator][INFO]Heartbeat successful
[2016-05-06 17:56:32,565][kafka.coordinator][INFO]Heartbeat successful
[2016-05-06 17:56:35,581][kafka.coordinator][INFO]Heartbeat successful
[2016-05-06 17:56:38,634][kafka.coordinator][INFO]Heartbeat successful
[2016-05-06 17:56:41,644][kafka.coordinator][INFO]Heartbeat successful
[2016-05-06 17:56:44,659][kafka.coordinator][INFO]Heartbeat successful
[2016-05-06 17:56:47,713][kafka.coordinator][INFO]Heartbeat successful
[2016-05-06 17:56:50,228][kafka.coordinator][INFO]Heartbeat successful
[2016-05-06 17:56:53,282][kafka.coordinator][INFO]Heartbeat successful
[2016-05-06 17:56:56,292][kafka.coordinator][INFO]Heartbeat successful
[2016-05-06 17:56:59,342][kafka.coordinator][INFO]Heartbeat successful
[2016-05-06 17:57:02,355][kafka.coordinator][INFO]Heartbeat successful
[2016-05-06 17:57:05,372][kafka.coordinator][INFO]Heartbeat successful
[2016-05-06 17:57:08,422][kafka.coordinator][INFO]Heartbeat successful
[2016-05-06 17:57:11,436][kafka.coordinator][INFO]Heartbeat successful
[2016-05-06 17:57:14,453][kafka.coordinator][INFO]Heartbeat successful
[2016-05-06 17:57:17,505][kafka.coordinator][INFO]Heartbeat successful
[2016-05-06 17:57:20,519][kafka.coordinator][INFO]Heartbeat successful
[2016-05-06 17:57:23,533][kafka.coordinator][INFO]Heartbeat successful
[2016-05-06 17:57:26,549][kafka.coordinator][INFO]Heartbeat successful
[2016-05-06 17:57:29,602][kafka.coordinator][INFO]Heartbeat successful
[2016-05-06 17:57:32,616][kafka.coordinator][INFO]Heartbeat successful
[2016-05-06 17:57:35,632][kafka.coordinator][INFO]Heartbeat successful
[2016-05-06 17:57:38,680][kafka.coordinator][INFO]Heartbeat successful
[2016-05-06 17:57:41,694][kafka.coordinator][INFO]Heartbeat successful
[2016-05-06 17:57:44,712][kafka.coordinator][INFO]Heartbeat successful
[2016-05-06 17:57:47,264][kafka.coordinator][INFO]Heartbeat successful
[2016-05-06 17:57:50,316][kafka.coordinator][INFO]Heartbeat successful
[2016-05-06 17:57:53,329][kafka.coordinator][INFO]Heartbeat successful
[2016-05-06 17:57:56,344][kafka.coordinator][INFO]Heartbeat successful
[2016-05-06 17:57:59,397][kafka.coordinator][INFO]Heartbeat successful
[2016-05-06 17:58:02,412][kafka.coordinator][INFO]Heartbeat successful
[2016-05-06 17:58:05,422][kafka.coordinator][INFO]Heartbeat successful
[2016-05-06 17:58:08,472][kafka.coordinator][INFO]Heartbeat successful
[2016-05-06 17:58:11,481][kafka.coordinator][INFO]Heartbeat successful
[2016-05-06 17:58:14,496][kafka.coordinator][INFO]Heartbeat successful
[2016-05-06 17:58:17,510][kafka.coordinator][INFO]Heartbeat successful
[2016-05-06 17:58:20,564][kafka.coordinator][INFO]Heartbeat successful
[2016-05-06 17:58:23,581][kafka.coordinator][INFO]Heartbeat successful
[2016-05-06 17:58:26,595][kafka.coordinator][INFO]Heartbeat successful
[2016-05-06 17:58:29,649][kafka.coordinator][INFO]Heartbeat successful
[2016-05-06 17:58:32,662][kafka.coordinator][INFO]Heartbeat successful
[2016-05-06 17:58:35,675][kafka.coordinator][INFO]Heartbeat successful
[2016-05-06 17:58:38,727][kafka.coordinator][INFO]Heartbeat successful
[2016-05-06 17:58:41,237][kafka.coordinator][INFO]Heartbeat successful
[2016-05-06 17:58:44,289][kafka.coordinator][INFO]Heartbeat successful
[2016-05-06 17:58:47,302][kafka.coordinator][INFO]Heartbeat successful
[2016-05-06 17:58:50,355][kafka.coordinator][INFO]Heartbeat successful
[2016-05-06 17:58:53,370][kafka.coordinator][INFO]Heartbeat successful
[2016-05-06 17:58:56,385][kafka.coordinator][INFO]Heartbeat successful
[2016-05-06 17:58:59,441][kafka.coordinator][INFO]Heartbeat successful
[2016-05-06 17:59:02,457][kafka.coordinator][INFO]Heartbeat successful
[2016-05-06 17:59:05,477][kafka.coordinator][INFO]Heartbeat successful
[2016-05-06 17:59:08,535][kafka.coordinator][INFO]Heartbeat successful
[2016-05-06 17:59:11,553][kafka.coordinator][INFO]Heartbeat successful
[2016-05-06 17:59:14,565][kafka.coordinator][INFO]Heartbeat successful
[2016-05-06 17:59:17,581][kafka.coordinator][INFO]Heartbeat successful
[2016-05-06 17:59:20,637][kafka.coordinator][INFO]Heartbeat successful
[2016-05-06 17:59:23,656][kafka.coordinator][INFO]Heartbeat successful
[2016-05-06 17:59:26,672][kafka.coordinator][INFO]Heartbeat successful
[2016-05-06 17:59:29,727][kafka.coordinator][INFO]Heartbeat successful
[2016-05-06 17:59:32,737][kafka.coordinator][INFO]Heartbeat successful
[2016-05-06 17:59:35,253][kafka.coordinator][INFO]Heartbeat successful
[2016-05-06 17:59:38,305][kafka.coordinator][INFO]Heartbeat successful
[2016-05-06 17:59:41,320][kafka.coordinator][INFO]Heartbeat successful
[2016-05-06 17:59:44,377][kafka.coordinator][INFO]Heartbeat successful
[2016-05-06 17:59:47,391][kafka.coordinator][INFO]Heartbeat successful
[2016-05-06 17:59:50,410][kafka.coordinator][INFO]Heartbeat successful
[2016-05-06 17:59:53,424][kafka.coordinator][INFO]Heartbeat successful
[2016-05-06 17:59:56,477][kafka.coordinator][INFO]Heartbeat successful
[2016-05-06 17:59:59,490][kafka.coordinator][INFO]Heartbeat successful
[2016-05-06 18:00:02,501][kafka.coordinator][INFO]Heartbeat successful
[2016-05-06 18:00:05,551][kafka.coordinator][INFO]Heartbeat successful
[2016-05-06 18:00:08,563][kafka.coordinator][INFO]Heartbeat successful
[2016-05-06 18:00:11,577][kafka.coordinator][INFO]Heartbeat successful
[2016-05-06 18:00:14,632][kafka.coordinator][INFO]Heartbeat successful
[2016-05-06 18:00:17,647][kafka.coordinator][INFO]Heartbeat successful
[2016-05-06 18:00:20,666][kafka.coordinator][INFO]Heartbeat successful
[2016-05-06 18:00:23,683][kafka.coordinator][INFO]Heartbeat successful
[2016-05-06 18:00:26,738][kafka.coordinator][INFO]Heartbeat successful
[2016-05-06 18:00:29,754][kafka.coordinator][INFO]Heartbeat successful
[2016-05-06 18:00:32,265][kafka.coordinator][INFO]Heartbeat successful
[2016-05-06 18:00:35,318][kafka.coordinator][INFO]Heartbeat successful
[2016-05-06 18:00:38,331][kafka.coordinator][INFO]Heartbeat successful
[2016-05-06 18:00:41,384][kafka.coordinator][INFO]Heartbeat successful
[2016-05-06 18:00:44,396][kafka.coordinator][INFO]Heartbeat successful
[2016-05-06 18:00:47,411][kafka.coordinator][INFO]Heartbeat successful
[2016-05-06 18:00:50,468][kafka.coordinator][INFO]Heartbeat successful
[2016-05-06 18:00:53,482][kafka.coordinator][INFO]Heartbeat successful
[2016-05-06 18:00:56,501][kafka.coordinator][INFO]Heartbeat successful
[2016-05-06 18:00:59,559][kafka.coordinator][INFO]Heartbeat successful
[2016-05-06 18:01:02,579][kafka.coordinator][INFO]Heartbeat successful
[2016-05-06 18:01:05,599][kafka.coordinator][INFO]Heartbeat successful
[2016-05-06 18:01:08,620][kafka.coordinator][INFO]Heartbeat successful
[2016-05-06 18:01:11,675][kafka.coordinator][INFO]Heartbeat successful
[2016-05-06 18:01:14,695][kafka.coordinator][INFO]Heartbeat successful
[2016-05-06 18:01:17,706][kafka.coordinator][INFO]Heartbeat successful
[2016-05-06 18:01:20,757][kafka.coordinator][INFO]Heartbeat successful
[2016-05-06 18:01:23,768][kafka.coordinator][INFO]Heartbeat successful
[2016-05-06 18:01:26,279][kafka.coordinator][INFO]Heartbeat successful
[2016-05-06 18:01:29,325][kafka.coordinator][INFO]Heartbeat successful
[2016-05-06 18:01:32,335][kafka.coordinator][INFO]Heartbeat successful
[2016-05-06 18:01:35,383][kafka.coordinator][INFO]Heartbeat successful
[2016-05-06 18:01:38,398][kafka.coordinator][INFO]Heartbeat successful
[2016-05-06 18:01:41,410][kafka.coordinator][INFO]Heartbeat successful
[2016-05-06 18:01:44,420][kafka.coordinator][WARNING]Heartbeat: group is rebalancing; this consumer needs to re-join
[2016-05-06 18:01:44,421][kafka.coordinator][WARNING]Heartbeat failed; retrying
[2016-05-06 18:01:44,422][kafka.coordinator.consumer][WARNING]Skipping auto-commit reschedule -- it is disabled
[2016-05-06 18:01:44,521][kafka.coordinator][INFO]Skipping heartbeat: no auto-assignment or waiting on rebalance
[2016-05-06 18:01:44,698][kafka.coordinator][INFO]Joined group 'kafka-python-default-group' (generation 5) with member_id kafka-python-1.0.2-ffb793ff-2949-4044-bfe2-4a5d5785f16b
[2016-05-06 18:01:44,698][kafka.coordinator][INFO]Elected group leader -- performing partition assignments using range
[2016-05-06 18:01:44,701][kafka.consumer.subscription_state][INFO]Updated partition assignment: [TopicPartition(topic=u'badtopic', partition=0)]
[2016-05-06 18:01:47,794][kafka.coordinator][INFO]Heartbeat successful
[2016-05-06 18:01:50,814][kafka.coordinator][INFO]Heartbeat successful
[2016-05-06 18:01:53,829][kafka.coordinator][INFO]Heartbeat successful
[2016-05-06 18:01:56,882][kafka.coordinator][INFO]Heartbeat successful
[2016-05-06 18:01:59,897][kafka.coordinator][INFO]Heartbeat successful
[2016-05-06 18:02:02,913][kafka.coordinator][INFO]Heartbeat successful
[2016-05-06 18:02:05,968][kafka.coordinator][INFO]Heartbeat successful
[2016-05-06 18:02:08,985][kafka.coordinator][INFO]Heartbeat successful
[2016-05-06 18:02:12,002][kafka.coordinator][INFO]Heartbeat successful
[2016-05-06 18:02:15,015][kafka.coordinator][INFO]Heartbeat successful
[2016-05-06 18:02:18,067][kafka.coordinator][INFO]Heartbeat successful
[2016-05-06 18:02:21,083][kafka.coordinator][INFO]Heartbeat successful
[2016-05-06 18:02:24,096][kafka.coordinator][INFO]Heartbeat successful
[2016-05-06 18:02:27,156][kafka.coordinator][INFO]Heartbeat successful
[2016-05-06 18:02:30,173][kafka.coordinator][INFO]Heartbeat successful
[2016-05-06 18:02:33,188][kafka.coordinator][INFO]Heartbeat successful
[2016-05-06 18:02:35,737][kafka.coordinator][INFO]Heartbeat successful
[2016-05-06 18:02:38,792][kafka.coordinator][INFO]Heartbeat successful
[2016-05-06 18:02:41,808][kafka.coordinator][INFO]Heartbeat successful
[2016-05-06 18:02:44,825][kafka.coordinator][INFO]Heartbeat successful
[2016-05-06 18:02:47,879][kafka.coordinator][INFO]Heartbeat successful
[2016-05-06 18:02:50,897][kafka.coordinator][INFO]Heartbeat successful
[2016-05-06 18:02:53,916][kafka.coordinator][INFO]Heartbeat successful
[2016-05-06 18:02:56,973][kafka.coordinator][INFO]Heartbeat successful
[2016-05-06 18:02:59,986][kafka.coordinator][INFO]Heartbeat successful
[2016-05-06 18:03:03,000][kafka.coordinator][INFO]Heartbeat successful
[2016-05-06 18:03:06,055][kafka.coordinator][INFO]Heartbeat successful
[2016-05-06 18:03:09,070][kafka.coordinator][INFO]Heartbeat successful
[2016-05-06 18:03:12,085][kafka.coordinator][INFO]Heartbeat successful
[2016-05-06 18:03:15,102][kafka.coordinator][INFO]Heartbeat successful
[2016-05-06 18:03:18,156][kafka.coordinator][INFO]Heartbeat successful
[2016-05-06 18:03:21,174][kafka.coordinator][INFO]Heartbeat successful
[2016-05-06 18:03:24,188][kafka.coordinator][INFO]Heartbeat successful
[2016-05-06 18:03:26,742][kafka.coordinator][INFO]Heartbeat successful
[2016-05-06 18:03:29,792][kafka.coordinator][INFO]Heartbeat successful
[2016-05-06 18:03:32,809][kafka.coordinator][INFO]Heartbeat successful
[2016-05-06 18:03:35,829][kafka.coordinator][INFO]Heartbeat successful
[2016-05-06 18:03:38,886][kafka.coordinator][INFO]Heartbeat successful
[2016-05-06 18:03:41,900][kafka.coordinator][INFO]Heartbeat successful
[2016-05-06 18:03:44,915][kafka.coordinator][INFO]Heartbeat successful
[2016-05-06 18:03:47,974][kafka.coordinator][INFO]Heartbeat successful
[2016-05-06 18:03:50,992][kafka.coordinator][INFO]Heartbeat successful
[2016-05-06 18:03:54,005][kafka.coordinator][INFO]Heartbeat successful
[2016-05-06 18:03:57,056][kafka.coordinator][INFO]Heartbeat successful
[2016-05-06 18:04:00,067][kafka.coordinator][INFO]Heartbeat successful
[2016-05-06 18:04:02,691][petrel.run][ERROR]E_RUNFAILED_kafkaconsumer_pipe-X550CC_1338_KeyboardInterrupt
[2016-05-06 18:04:02,691][storm][ERROR]Sent failure message ("E_RUNFAILED_kafkaconsumer_pipe-X550CC_1338_KeyboardInterrupt") to Storm
Exception occurred in kafkaconsumer. Worker exiting.
Traceback (most recent call last):
  File "/usr/local/lib/python2.7/dist-packages/petrel-0.9.4.0.3-py2.7.egg/petrel/run.py", line 100, in main
    getattr(module, 'run')()
  File "/home/pipe/storm-local/supervisor/stormdist/bad-3-1462553014/resources/kafkaconsumer.py", line 47, in run
    KafkaConsumerSpout().run()
  File "/usr/local/lib/python2.7/dist-packages/petrel-0.9.4.0.3-py2.7.egg/petrel/storm.py", line 421, in run
    self.nextTuple()
  File "/home/pipe/storm-local/supervisor/stormdist/bad-3-1462553014/resources/kafkaconsumer.py", line 34, in nextTuple
    for message in self.consumer:
  File "/usr/local/lib/python2.7/dist-packages/six.py", line 558, in next
    return type(self).__next__(self)
  File "/usr/local/lib/python2.7/dist-packages/kafka/consumer/group.py", line 797, in __next__
    return next(self._iterator)
  File "/usr/local/lib/python2.7/dist-packages/kafka/consumer/group.py", line 737, in _message_generator
    self._client.poll(poll_ms)
  File "/usr/local/lib/python2.7/dist-packages/kafka/client_async.py", line 367, in poll
    responses.extend(self._poll(timeout, sleep=sleep))
  File "/usr/local/lib/python2.7/dist-packages/kafka/client_async.py", line 402, in _poll
    ready, _, _ = select.select(fds, [], [], timeout)
KeyboardInterrupt
