Beginning task setup

/usr/bin/flock
Using existing venv: /tmp/petrel-good-5-1463752987/venv
Task setup took 11 seconds
Launching: python -m petrel.run twowordcount /home/pipe/twitterintel/twitterintel/topology/TopologyTweetTransformationGOOD/petrel687_twowordcount.log
/usr/local/lib/python2.7/dist-packages/petrel-0.9.4.0.3-py2.7.egg/petrel/run.py invoked with the following arguments: ['twowordcount', '/home/pipe/twitterintel/twitterintel/topology/TopologyTweetTransformationGOOD/petrel687_twowordcount.log']
python version: 2.7.11
user=root
PATH=/tmp/petrel-good-5-1463752987/venv/bin:/root/SimpleScalar/simplesim-3.0:/root/SimpleScalar/bin:/root/SimpleScalar/gcc-2.6.3:/root/SimpleScalar/bin:/usr/local/sbin:/usr/local/bin:/usr/sbin:/usr/bin:/sbin:/bin:/usr/games:/usr/local/games:/home/pipe/Downloads/zookeeper-3.4.8/bin:/home/pipe/Downloads/apache-storm-0.9.4/bin
LD_LIBRARY_PATH=storm-local/supervisor/stormdist/good-5-1463752987/resources/Linux-amd64:storm-local/supervisor/stormdist/good-5-1463752987/resources:/usr/local/lib:/opt/local/lib:/usr/lib
PYTHON_EGG_CACHE=/tmp/petrel-good-5-1463752987/egg_cache
[2016-05-20 15:03:54,781][storm][INFO]Tuple profiling enabled. Will log tuple processing times.
[2016-05-20 15:04:04,475][storm][INFO]Task received setupInfo from Storm: {u'pidDir': u'/home/pipe/storm-local/workers/cb2925a2-898f-4639-afdf-c05b550c3748/pids', u'conf': {u'oauth.acess_token': u' 702208758362087425-HZiyl1x7Bh98cQa1WLBDYylyu10Bpl7', u'topology.tuple.serializer': u'backtype.storm.serialization.types.ListDelegateSerializer', u'topology.workers': 1, u'drpc.worker.threads': 64, u'storm.messaging.netty.client_worker_threads': 1, u'supervisor.heartbeat.frequency.secs': 5, u'topology.executor.send.buffer.size': 1024, u'drpc.childopts': u'-Xmx768m', u'nimbus.thrift.port': 6627, u'storm.zookeeper.retry.intervalceiling.millis': 30000, u'storm.local.dir': u'storm-local', u'topology.receiver.buffer.size': 8, u'storm.zookeeper.servers': [u'localhost'], u'oauth.consumer_secret': u'ADf76fi3O1lKMzBxWnjqf93l3GHv28uar3bkblkvyBrAyoA23i', u'transactional.zookeeper.root': u'/transactional', u'drpc.request.timeout.secs': 600, u'topology.skip.missing.kryo.registrations': False, u'worker.heartbeat.frequency.secs': 1, u'zmq.hwm': 0, u'storm.zookeeper.connection.timeout': 15000, u'java.library.path': u'/usr/local/lib:/opt/local/lib:/usr/lib', u'topology.max.error.report.per.interval': 5, u'storm.messaging.netty.server_worker_threads': 1, u'storm.id': u'good-5-1463752987', u'supervisor.worker.start.timeout.secs': 120, u'zmq.threads': 1, u'topology.acker.executors': None, u'storm.messaging.netty.flush.check.interval.ms': 10, u'storm.messaging.netty.transfer.batch.size': 262144, u'topology.max.task.parallelism': None, u'topology.environment': None, u'storm.zookeeper.port': 2181, u'nimbus.childopts': u'-Xmx1024m', u'topology.classpath': None, u'worker.childopts': u'-Xmx768m', u'drpc.queue.size': 128, u'topology.multilang.serializer': u'backtype.storm.multilang.JsonSerializer', u'storm.zookeeper.retry.times': 5, u'nimbus.monitor.freq.secs': 10, u'storm.cluster.mode': u'distributed', u'dev.zookeeper.path': u'/tmp/dev-storm-zookeeper', u'drpc.invocations.port': 3773, u'topology.tasks': None, u'storm.zookeeper.root': u'/storm', u'logviewer.childopts': u'-Xmx128m', u'storm.meta.serialization.delegate': u'backtype.storm.serialization.DefaultSerializationDelegate', u'transactional.zookeeper.port': None, u'topology.worker.receiver.thread.count': 1, u'topology.worker.childopts': None, u'topology.max.spout.pending': None, u'topology.kryo.register': None, u'petrel.host': u'pipe-X550CC', u'nimbus.cleanup.inbox.freq.secs': 600, u'storm.messaging.netty.min_wait_ms': 100, u'nimbus.task.timeout.secs': 30, u'nimbus.thrift.max_buffer_size': 1048576, u'topology.sleep.spout.wait.strategy.time.ms': 1, u'nimbus.reassign': True, u'storm.messaging.transport': u'backtype.storm.messaging.netty.Context', u'logviewer.appender.name': u'A1', u'nimbus.host': u'localhost', u'ui.port': 8080, u'supervisor.slots.ports': [6700, 6701, 6702, 6703], u'nimbus.file.copy.expiration.secs': 600, u'supervisor.monitor.frequency.secs': 3, u'ui.childopts': u'-Xmx768m', u'transactional.zookeeper.servers': None, u'zmq.linger.millis': 5000, u'topology.error.throttle.interval.secs': 10, u'topology.worker.shared.thread.pool.size': 4, u'topology.executor.receive.buffer.size': 1024, u'topology.spout.wait.strategy': u'backtype.storm.spout.SleepSpoutWaitStrategy', u'task.heartbeat.frequency.secs': 3, u'topology.transfer.buffer.size': 1024, u'storm.zookeeper.session.timeout': 20000, u'storm.local.mode.zmq': False, u'topology.stats.sample.rate': 0.05, u'topology.fall.back.on.java.serialization': True, u'supervisor.childopts': u'-Xmx256m', u'topology.enable.message.timeouts': True, u'storm.messaging.netty.max_wait_ms': 1000, u'nimbus.topology.validator': u'backtype.storm.nimbus.DefaultTopologyValidator', u'nimbus.supervisor.timeout.secs': 60, u'topology.disruptor.wait.strategy': u'com.lmax.disruptor.BlockingWaitStrategy', u'storm.messaging.netty.buffer_size': 5242880, u'drpc.port': 3772, u'topology.kryo.factory': u'backtype.storm.serialization.DefaultKryoFactory', u'storm.zookeeper.retry.interval': 1000, u'storm.messaging.netty.max_retries': 300, u'topology.tick.tuple.freq.secs': None, u'supervisor.enable': True, u'nimbus.task.launch.secs': 120, u'task.refresh.poll.secs': 10, u'topology.message.timeout.secs': 30, u'oauth.acess_token_secret': u'IiNOTfgE3tEZvW2HDQhRKPMoOLU43NXJCXk8maj51SdAT', u'petrel.user': u'root', u'nimbus.inbox.jar.expiration.secs': 3600, u'topology.state.synchronization.timeout.secs': 60, u'topology.name': u'good', u'supervisor.worker.timeout.secs': 30, u'topology.trident.batch.emit.interval.millis': 500, u'topology.builtin.metrics.bucket.size.secs': 60, u'storm.thrift.transport': u'backtype.storm.security.auth.SimpleTransportPlugin', u'logviewer.port': 8000, u'oauth.consumer_key': u'eaFmBSxUveRJfmyZYeabti9Q9', u'topology.kryo.decorators': [], u'topology.debug': False}, u'context': {u'task->component': {u'1': u'CountThreeWords', u'3': u'CountWord', u'2': u'CountTwoWords', u'5': u'ThreeWordDivider', u'4': u'KafkaConsumer', u'7': u'WordDivider', u'6': u'TwoWordDivider', u'8': u'__acker'}, u'taskid': 2}}
[2016-05-20 15:04:04,508][storm][INFO]Task sent pid to Storm
[2016-05-20 15:04:13,908][storm][DEBUG]BasicBolt profile: total_num_tuples=1, num_tuples=1, avg_read_time=0.840875 (78.4%), avg_process_time=0.231784 (21.6%), avg_ack_time=0.000053 (0.0%)
[2016-05-20 15:18:52,120][storm][DEBUG]BasicBolt profile: total_num_tuples=35, num_tuples=34, avg_read_time=0.016993 (41.3%), avg_process_time=0.024027 (58.4%), avg_ack_time=0.000103 (0.3%)
[2016-05-20 15:23:17,579][storm][DEBUG]BasicBolt profile: total_num_tuples=54, num_tuples=19, avg_read_time=0.028137 (61.0%), avg_process_time=0.017812 (38.6%), avg_ack_time=0.000209 (0.5%)
[2016-05-20 16:04:55,136][storm][DEBUG]BasicBolt profile: total_num_tuples=104, num_tuples=50, avg_read_time=0.003877 (69.7%), avg_process_time=0.001592 (28.6%), avg_ack_time=0.000095 (1.7%)
[2016-05-20 16:05:26,422][storm][DEBUG]BasicBolt profile: total_num_tuples=397, num_tuples=293, avg_read_time=0.000874 (17.6%), avg_process_time=0.003858 (77.8%), avg_ack_time=0.000226 (4.6%)
[2016-05-20 16:05:58,076][storm][DEBUG]BasicBolt profile: total_num_tuples=662, num_tuples=265, avg_read_time=0.002745 (67.8%), avg_process_time=0.001234 (30.5%), avg_ack_time=0.000067 (1.7%)
[2016-05-20 16:54:13,919][storm][DEBUG]BasicBolt profile: total_num_tuples=731, num_tuples=69, avg_read_time=0.014332 (65.9%), avg_process_time=0.007051 (32.4%), avg_ack_time=0.000350 (1.6%)
[2016-05-20 16:55:11,402][storm][DEBUG]BasicBolt profile: total_num_tuples=760, num_tuples=29, avg_read_time=0.012559 (47.5%), avg_process_time=0.013837 (52.3%), avg_ack_time=0.000052 (0.2%)
[2016-05-20 17:04:29,636][storm][DEBUG]BasicBolt profile: total_num_tuples=983, num_tuples=223, avg_read_time=0.001101 (42.9%), avg_process_time=0.001410 (54.9%), avg_ack_time=0.000056 (2.2%)
[2016-05-20 17:05:27,210][storm][DEBUG]BasicBolt profile: total_num_tuples=991, num_tuples=8, avg_read_time=0.070051 (99.0%), avg_process_time=0.000707 (1.0%), avg_ack_time=0.000027 (0.0%)
[2016-05-20 17:05:29,055][storm][DEBUG]BasicBolt profile: total_num_tuples=997, num_tuples=6, avg_read_time=0.140749 (99.0%), avg_process_time=0.001383 (1.0%), avg_ack_time=0.000080 (0.1%)
[2016-05-20 17:06:49,405][storm][DEBUG]BasicBolt profile: total_num_tuples=1013, num_tuples=16, avg_read_time=0.020757 (84.1%), avg_process_time=0.003855 (15.6%), avg_ack_time=0.000060 (0.2%)
[2016-05-20 17:11:32,137][storm][DEBUG]BasicBolt profile: total_num_tuples=1035, num_tuples=22, avg_read_time=0.022573 (73.2%), avg_process_time=0.008225 (26.7%), avg_ack_time=0.000027 (0.1%)
[2016-05-20 17:11:39,037][storm][DEBUG]BasicBolt profile: total_num_tuples=1208, num_tuples=173, avg_read_time=0.004201 (72.2%), avg_process_time=0.001583 (27.2%), avg_ack_time=0.000032 (0.6%)
[2016-05-20 17:12:32,595][storm][DEBUG]BasicBolt profile: total_num_tuples=1229, num_tuples=21, avg_read_time=0.022857 (85.8%), avg_process_time=0.003745 (14.1%), avg_ack_time=0.000050 (0.2%)
[2016-05-20 17:29:59,546][storm][DEBUG]BasicBolt profile: total_num_tuples=1236, num_tuples=7, avg_read_time=0.048421 (48.0%), avg_process_time=0.052249 (51.7%), avg_ack_time=0.000307 (0.3%)
[2016-05-20 17:37:18,052][storm][DEBUG]BasicBolt profile: total_num_tuples=1394, num_tuples=158, avg_read_time=0.002868 (50.8%), avg_process_time=0.002661 (47.1%), avg_ack_time=0.000122 (2.2%)
[2016-05-20 17:37:19,052][storm][DEBUG]BasicBolt profile: total_num_tuples=1509, num_tuples=115, avg_read_time=0.000060 (0.7%), avg_process_time=0.008425 (97.2%), avg_ack_time=0.000181 (2.1%)
[2016-05-20 17:45:49,478][storm][DEBUG]BasicBolt profile: total_num_tuples=1679, num_tuples=170, avg_read_time=0.000572 (8.9%), avg_process_time=0.005511 (86.0%), avg_ack_time=0.000324 (5.1%)
[2016-05-20 17:45:50,517][storm][DEBUG]BasicBolt profile: total_num_tuples=1876, num_tuples=197, avg_read_time=0.000110 (2.2%), avg_process_time=0.004659 (91.9%), avg_ack_time=0.000302 (6.0%)
[2016-05-20 17:46:09,387][storm][DEBUG]BasicBolt profile: total_num_tuples=2039, num_tuples=163, avg_read_time=0.000663 (18.8%), avg_process_time=0.002624 (74.4%), avg_ack_time=0.000240 (6.8%)
[2016-05-20 17:46:16,040][storm][DEBUG]BasicBolt profile: total_num_tuples=2044, num_tuples=5, avg_read_time=0.130327 (99.6%), avg_process_time=0.000517 (0.4%), avg_ack_time=0.000030 (0.0%)
[2016-05-20 17:46:20,284][storm][DEBUG]BasicBolt profile: total_num_tuples=2051, num_tuples=7, avg_read_time=0.034770 (97.3%), avg_process_time=0.000897 (2.5%), avg_ack_time=0.000073 (0.2%)
[2016-05-20 17:46:29,489][storm][DEBUG]BasicBolt profile: total_num_tuples=2073, num_tuples=22, avg_read_time=0.054422 (94.0%), avg_process_time=0.003412 (5.9%), avg_ack_time=0.000033 (0.1%)
[2016-05-20 17:46:35,554][storm][DEBUG]BasicBolt profile: total_num_tuples=2085, num_tuples=12, avg_read_time=0.088188 (99.1%), avg_process_time=0.000774 (0.9%), avg_ack_time=0.000043 (0.0%)
[2016-05-20 17:46:39,088][storm][DEBUG]BasicBolt profile: total_num_tuples=2091, num_tuples=6, avg_read_time=0.088945 (98.9%), avg_process_time=0.000907 (1.0%), avg_ack_time=0.000045 (0.1%)
[2016-05-20 17:46:47,399][storm][DEBUG]BasicBolt profile: total_num_tuples=2097, num_tuples=6, avg_read_time=0.044795 (84.9%), avg_process_time=0.007938 (15.0%), avg_ack_time=0.000052 (0.1%)
[2016-05-20 17:46:49,783][storm][DEBUG]BasicBolt profile: total_num_tuples=2106, num_tuples=9, avg_read_time=0.047371 (98.0%), avg_process_time=0.000899 (1.9%), avg_ack_time=0.000050 (0.1%)
[2016-05-20 17:46:55,632][storm][DEBUG]BasicBolt profile: total_num_tuples=2109, num_tuples=3, avg_read_time=0.282461 (99.7%), avg_process_time=0.000756 (0.3%), avg_ack_time=0.000030 (0.0%)
[2016-05-20 17:47:01,392][storm][DEBUG]BasicBolt profile: total_num_tuples=2118, num_tuples=9, avg_read_time=0.084472 (99.3%), avg_process_time=0.000575 (0.7%), avg_ack_time=0.000029 (0.0%)
[2016-05-20 17:47:15,218][storm][DEBUG]BasicBolt profile: total_num_tuples=2122, num_tuples=4, avg_read_time=0.206003 (99.6%), avg_process_time=0.000852 (0.4%), avg_ack_time=0.000039 (0.0%)
[2016-05-20 17:47:16,671][storm][DEBUG]BasicBolt profile: total_num_tuples=2137, num_tuples=15, avg_read_time=0.030190 (84.9%), avg_process_time=0.005281 (14.9%), avg_ack_time=0.000068 (0.2%)
[2016-05-20 17:47:25,753][storm][DEBUG]BasicBolt profile: total_num_tuples=2153, num_tuples=16, avg_read_time=0.004116 (76.7%), avg_process_time=0.000948 (17.7%), avg_ack_time=0.000301 (5.6%)
[2016-05-20 17:47:38,139][storm][DEBUG]BasicBolt profile: total_num_tuples=2155, num_tuples=2, avg_read_time=0.192337 (99.5%), avg_process_time=0.000903 (0.5%), avg_ack_time=0.000038 (0.0%)
[2016-05-20 18:00:20,695][storm][DEBUG]BasicBolt profile: total_num_tuples=2160, num_tuples=5, avg_read_time=0.012302 (14.3%), avg_process_time=0.073750 (85.7%), avg_ack_time=0.000036 (0.0%)
[2016-05-20 18:04:39,082][storm][DEBUG]BasicBolt profile: total_num_tuples=2252, num_tuples=92, avg_read_time=0.005121 (71.7%), avg_process_time=0.001966 (27.5%), avg_ack_time=0.000055 (0.8%)
[2016-05-20 18:11:01,283][storm][DEBUG]BasicBolt profile: total_num_tuples=2417, num_tuples=165, avg_read_time=0.005106 (67.2%), avg_process_time=0.002422 (31.9%), avg_ack_time=0.000069 (0.9%)
[2016-05-20 18:23:01,819][storm][DEBUG]BasicBolt profile: total_num_tuples=2737, num_tuples=320, avg_read_time=0.002366 (43.5%), avg_process_time=0.003017 (55.5%), avg_ack_time=0.000056 (1.0%)
[2016-05-20 18:28:13,226][storm][DEBUG]BasicBolt profile: total_num_tuples=2874, num_tuples=137, avg_read_time=0.004893 (71.4%), avg_process_time=0.001870 (27.3%), avg_ack_time=0.000086 (1.3%)
[2016-05-20 18:28:14,266][storm][DEBUG]BasicBolt profile: total_num_tuples=3022, num_tuples=148, avg_read_time=0.000104 (1.5%), avg_process_time=0.006137 (88.0%), avg_ack_time=0.000730 (10.5%)
[2016-05-20 18:28:44,132][storm][DEBUG]BasicBolt profile: total_num_tuples=3165, num_tuples=143, avg_read_time=0.003579 (45.5%), avg_process_time=0.003843 (48.9%), avg_ack_time=0.000440 (5.6%)
[2016-05-20 18:30:54,381][storm][DEBUG]BasicBolt profile: total_num_tuples=3406, num_tuples=241, avg_read_time=0.000535 (16.1%), avg_process_time=0.002714 (81.5%), avg_ack_time=0.000080 (2.4%)
[2016-05-20 18:31:09,398][storm][DEBUG]BasicBolt profile: total_num_tuples=3658, num_tuples=252, avg_read_time=0.003813 (44.0%), avg_process_time=0.004811 (55.6%), avg_ack_time=0.000035 (0.4%)
[2016-05-20 18:31:10,399][storm][DEBUG]BasicBolt profile: total_num_tuples=3826, num_tuples=168, avg_read_time=0.000086 (1.4%), avg_process_time=0.005770 (96.9%), avg_ack_time=0.000098 (1.6%)
[2016-05-20 18:31:21,418][storm][DEBUG]BasicBolt profile: total_num_tuples=3929, num_tuples=103, avg_read_time=0.000411 (10.1%), avg_process_time=0.003622 (88.7%), avg_ack_time=0.000052 (1.3%)
[2016-05-20 18:31:58,309][storm][DEBUG]BasicBolt profile: total_num_tuples=4153, num_tuples=224, avg_read_time=0.000851 (18.2%), avg_process_time=0.003729 (79.9%), avg_ack_time=0.000085 (1.8%)
[2016-05-20 18:31:59,310][storm][DEBUG]BasicBolt profile: total_num_tuples=4399, num_tuples=246, avg_read_time=0.000069 (1.7%), avg_process_time=0.003843 (94.7%), avg_ack_time=0.000146 (3.6%)
[2016-05-20 18:32:27,510][storm][DEBUG]BasicBolt profile: total_num_tuples=4466, num_tuples=67, avg_read_time=0.003074 (30.3%), avg_process_time=0.007017 (69.1%), avg_ack_time=0.000062 (0.6%)
[2016-05-20 18:35:04,617][storm][DEBUG]BasicBolt profile: total_num_tuples=4637, num_tuples=171, avg_read_time=0.005806 (71.6%), avg_process_time=0.002264 (27.9%), avg_ack_time=0.000037 (0.5%)
[2016-05-20 18:36:32,640][storm][DEBUG]BasicBolt profile: total_num_tuples=4881, num_tuples=244, avg_read_time=0.003391 (76.3%), avg_process_time=0.001021 (23.0%), avg_ack_time=0.000032 (0.7%)
[2016-05-20 18:36:33,643][storm][DEBUG]BasicBolt profile: total_num_tuples=5015, num_tuples=134, avg_read_time=0.000058 (0.8%), avg_process_time=0.007337 (98.2%), avg_ack_time=0.000080 (1.1%)
[2016-05-20 18:36:54,052][storm][DEBUG]BasicBolt profile: total_num_tuples=5065, num_tuples=50, avg_read_time=0.009266 (48.3%), avg_process_time=0.008909 (46.4%), avg_ack_time=0.001015 (5.3%)
[2016-05-20 18:38:51,535][storm][DEBUG]BasicBolt profile: total_num_tuples=5207, num_tuples=142, avg_read_time=0.003303 (68.5%), avg_process_time=0.001479 (30.7%), avg_ack_time=0.000037 (0.8%)
[2016-05-20 18:40:27,587][storm][DEBUG]BasicBolt profile: total_num_tuples=5219, num_tuples=12, avg_read_time=0.002605 (24.3%), avg_process_time=0.008072 (75.2%), avg_ack_time=0.000061 (0.6%)
[2016-05-20 18:40:39,889][storm][DEBUG]BasicBolt profile: total_num_tuples=5231, num_tuples=12, avg_read_time=0.017568 (55.2%), avg_process_time=0.014220 (44.7%), avg_ack_time=0.000054 (0.2%)
[2016-05-20 18:40:41,048][storm][DEBUG]BasicBolt profile: total_num_tuples=5235, num_tuples=4, avg_read_time=0.042431 (14.6%), avg_process_time=0.247189 (85.3%), avg_ack_time=0.000058 (0.0%)
[2016-05-20 18:40:52,206][storm][DEBUG]BasicBolt profile: total_num_tuples=5252, num_tuples=17, avg_read_time=0.018407 (67.1%), avg_process_time=0.008792 (32.0%), avg_ack_time=0.000249 (0.9%)
[2016-05-20 18:42:47,378][storm][DEBUG]BasicBolt profile: total_num_tuples=5263, num_tuples=11, avg_read_time=0.009864 (38.3%), avg_process_time=0.015822 (61.5%), avg_ack_time=0.000057 (0.2%)
[2016-05-20 18:48:17,280][storm][DEBUG]BasicBolt profile: total_num_tuples=5273, num_tuples=10, avg_read_time=0.077127 (72.6%), avg_process_time=0.029021 (27.3%), avg_ack_time=0.000096 (0.1%)
[2016-05-20 18:55:43,997][storm][DEBUG]BasicBolt profile: total_num_tuples=5293, num_tuples=20, avg_read_time=0.026566 (72.1%), avg_process_time=0.010211 (27.7%), avg_ack_time=0.000077 (0.2%)
[2016-05-20 18:55:54,708][storm][DEBUG]BasicBolt profile: total_num_tuples=5373, num_tuples=80, avg_read_time=0.010805 (93.8%), avg_process_time=0.000634 (5.5%), avg_ack_time=0.000077 (0.7%)
[2016-05-20 18:55:55,795][storm][DEBUG]BasicBolt profile: total_num_tuples=5523, num_tuples=150, avg_read_time=0.005162 (71.3%), avg_process_time=0.002013 (27.8%), avg_ack_time=0.000067 (0.9%)
[2016-05-20 18:55:56,802][storm][DEBUG]BasicBolt profile: total_num_tuples=5613, num_tuples=90, avg_read_time=0.008525 (76.2%), avg_process_time=0.002594 (23.2%), avg_ack_time=0.000068 (0.6%)
[2016-05-20 18:55:57,954][storm][DEBUG]BasicBolt profile: total_num_tuples=5691, num_tuples=78, avg_read_time=0.013981 (94.7%), avg_process_time=0.000746 (5.1%), avg_ack_time=0.000034 (0.2%)
[2016-05-20 18:55:59,019][storm][DEBUG]BasicBolt profile: total_num_tuples=5717, num_tuples=26, avg_read_time=0.038043 (92.9%), avg_process_time=0.002819 (6.9%), avg_ack_time=0.000084 (0.2%)
[2016-05-20 18:56:00,020][storm][DEBUG]BasicBolt profile: total_num_tuples=5857, num_tuples=140, avg_read_time=0.005823 (81.6%), avg_process_time=0.001277 (17.9%), avg_ack_time=0.000040 (0.6%)
[2016-05-20 18:56:01,052][storm][DEBUG]BasicBolt profile: total_num_tuples=5925, num_tuples=68, avg_read_time=0.014242 (93.9%), avg_process_time=0.000884 (5.8%), avg_ack_time=0.000043 (0.3%)
[2016-05-20 18:57:21,845][storm][DEBUG]BasicBolt profile: total_num_tuples=6018, num_tuples=93, avg_read_time=0.007509 (88.8%), avg_process_time=0.000907 (10.7%), avg_ack_time=0.000036 (0.4%)
[2016-05-20 18:58:02,417][storm][DEBUG]BasicBolt profile: total_num_tuples=6029, num_tuples=11, avg_read_time=0.051496 (98.9%), avg_process_time=0.000519 (1.0%), avg_ack_time=0.000054 (0.1%)
[2016-05-20 19:44:35,447][storm][DEBUG]BasicBolt profile: total_num_tuples=6051, num_tuples=22, avg_read_time=0.037373 (26.2%), avg_process_time=0.104142 (73.0%), avg_ack_time=0.001225 (0.9%)
[2016-05-20 19:44:37,177][storm][DEBUG]BasicBolt profile: total_num_tuples=6427, num_tuples=376, avg_read_time=0.000203 (7.6%), avg_process_time=0.002228 (83.9%), avg_ack_time=0.000226 (8.5%)
[2016-05-20 19:46:35,050][storm][DEBUG]BasicBolt profile: total_num_tuples=6535, num_tuples=108, avg_read_time=0.000266 (29.6%), avg_process_time=0.000610 (67.9%), avg_ack_time=0.000023 (2.5%)
[2016-05-20 19:46:36,245][storm][DEBUG]BasicBolt profile: total_num_tuples=6616, num_tuples=81, avg_read_time=0.000408 (3.3%), avg_process_time=0.011608 (93.6%), avg_ack_time=0.000388 (3.1%)
[2016-05-20 19:46:37,556][storm][DEBUG]BasicBolt profile: total_num_tuples=6722, num_tuples=106, avg_read_time=0.000748 (19.9%), avg_process_time=0.002967 (78.9%), avg_ack_time=0.000045 (1.2%)
[2016-05-20 19:46:40,600][storm][DEBUG]BasicBolt profile: total_num_tuples=6725, num_tuples=3, avg_read_time=0.237193 (23.4%), avg_process_time=0.777257 (76.6%), avg_ack_time=0.000054 (0.0%)
[2016-05-20 19:46:41,646][storm][DEBUG]BasicBolt profile: total_num_tuples=6949, num_tuples=224, avg_read_time=0.001221 (26.2%), avg_process_time=0.003382 (72.5%), avg_ack_time=0.000059 (1.3%)
[2016-05-20 19:46:42,715][storm][DEBUG]BasicBolt profile: total_num_tuples=6972, num_tuples=23, avg_read_time=0.039505 (85.0%), avg_process_time=0.006926 (14.9%), avg_ack_time=0.000043 (0.1%)
[2016-05-20 19:46:43,722][storm][DEBUG]BasicBolt profile: total_num_tuples=7462, num_tuples=490, avg_read_time=0.000204 (9.9%), avg_process_time=0.001803 (87.9%), avg_ack_time=0.000044 (2.2%)
[2016-05-20 19:47:12,413][storm][DEBUG]BasicBolt profile: total_num_tuples=7503, num_tuples=41, avg_read_time=0.015696 (88.6%), avg_process_time=0.001968 (11.1%), avg_ack_time=0.000047 (0.3%)
[2016-05-20 19:47:13,852][storm][DEBUG]BasicBolt profile: total_num_tuples=7670, num_tuples=167, avg_read_time=0.000117 (1.4%), avg_process_time=0.008094 (94.2%), avg_ack_time=0.000382 (4.4%)
[2016-05-20 19:47:14,918][storm][DEBUG]BasicBolt profile: total_num_tuples=7917, num_tuples=247, avg_read_time=0.000060 (1.4%), avg_process_time=0.004127 (95.9%), avg_ack_time=0.000117 (2.7%)
[2016-05-20 19:47:15,963][storm][DEBUG]BasicBolt profile: total_num_tuples=8571, num_tuples=654, avg_read_time=0.000045 (2.8%), avg_process_time=0.001509 (94.7%), avg_ack_time=0.000039 (2.4%)
[2016-05-20 19:49:06,940][storm][DEBUG]BasicBolt profile: total_num_tuples=9224, num_tuples=653, avg_read_time=0.001232 (53.0%), avg_process_time=0.001064 (45.8%), avg_ack_time=0.000030 (1.3%)
[2016-05-20 19:49:07,943][storm][DEBUG]BasicBolt profile: total_num_tuples=9382, num_tuples=158, avg_read_time=0.000132 (2.1%), avg_process_time=0.005723 (90.2%), avg_ack_time=0.000487 (7.7%)
[2016-05-20 19:49:08,944][storm][DEBUG]BasicBolt profile: total_num_tuples=9557, num_tuples=175, avg_read_time=0.000077 (1.4%), avg_process_time=0.005389 (94.5%), avg_ack_time=0.000239 (4.2%)
[2016-05-20 19:49:10,005][storm][DEBUG]BasicBolt profile: total_num_tuples=9723, num_tuples=166, avg_read_time=0.000110 (1.7%), avg_process_time=0.006008 (94.6%), avg_ack_time=0.000230 (3.6%)
[2016-05-20 19:49:11,007][storm][DEBUG]BasicBolt profile: total_num_tuples=10241, num_tuples=518, avg_read_time=0.000047 (2.4%), avg_process_time=0.001822 (94.5%), avg_ack_time=0.000058 (3.0%)
[2016-05-20 19:49:12,475][storm][DEBUG]BasicBolt profile: total_num_tuples=10745, num_tuples=504, avg_read_time=0.000049 (1.7%), avg_process_time=0.002819 (97.0%), avg_ack_time=0.000039 (1.4%)
[2016-05-20 19:49:13,609][storm][DEBUG]BasicBolt profile: total_num_tuples=11037, num_tuples=292, avg_read_time=0.000046 (1.2%), avg_process_time=0.003799 (97.9%), avg_ack_time=0.000035 (0.9%)
[2016-05-20 19:49:29,131][storm][DEBUG]BasicBolt profile: total_num_tuples=11338, num_tuples=301, avg_read_time=0.000038 (0.4%), avg_process_time=0.010306 (99.4%), avg_ack_time=0.000027 (0.3%)
[2016-05-20 19:49:31,064][storm][DEBUG]BasicBolt profile: total_num_tuples=11339, num_tuples=1, avg_read_time=0.000077 (0.0%), avg_process_time=1.932480 (100.0%), avg_ack_time=0.000084 (0.0%)
[2016-05-20 19:49:32,065][storm][DEBUG]BasicBolt profile: total_num_tuples=11584, num_tuples=245, avg_read_time=0.000049 (1.2%), avg_process_time=0.003981 (97.5%), avg_ack_time=0.000052 (1.3%)
[2016-05-20 19:49:33,066][storm][DEBUG]BasicBolt profile: total_num_tuples=11958, num_tuples=374, avg_read_time=0.000042 (1.6%), avg_process_time=0.002593 (97.1%), avg_ack_time=0.000035 (1.3%)
[2016-05-20 19:49:34,066][storm][DEBUG]BasicBolt profile: total_num_tuples=12784, num_tuples=826, avg_read_time=0.000045 (3.7%), avg_process_time=0.001121 (92.9%), avg_ack_time=0.000041 (3.4%)
[2016-05-20 19:49:38,334][storm][DEBUG]BasicBolt profile: total_num_tuples=12881, num_tuples=97, avg_read_time=0.009379 (89.9%), avg_process_time=0.001021 (9.8%), avg_ack_time=0.000027 (0.3%)
[2016-05-20 19:58:19,113][storm][DEBUG]BasicBolt profile: total_num_tuples=12894, num_tuples=13, avg_read_time=0.057016 (43.7%), avg_process_time=0.073498 (56.3%), avg_ack_time=0.000030 (0.0%)
[2016-05-20 19:59:38,174][storm][DEBUG]BasicBolt profile: total_num_tuples=12917, num_tuples=23, avg_read_time=0.030013 (71.8%), avg_process_time=0.011730 (28.1%), avg_ack_time=0.000048 (0.1%)
[2016-05-20 20:04:05,481][storm][DEBUG]BasicBolt profile: total_num_tuples=12953, num_tuples=36, avg_read_time=0.023045 (65.3%), avg_process_time=0.012232 (34.6%), avg_ack_time=0.000039 (0.1%)
[2016-05-20 20:04:23,325][storm][DEBUG]BasicBolt profile: total_num_tuples=12972, num_tuples=19, avg_read_time=0.002926 (84.4%), avg_process_time=0.000503 (14.5%), avg_ack_time=0.000040 (1.1%)
[2016-05-20 20:04:25,305][storm][DEBUG]BasicBolt profile: total_num_tuples=12991, num_tuples=19, avg_read_time=0.051316 (88.1%), avg_process_time=0.006858 (11.8%), avg_ack_time=0.000046 (0.1%)
[2016-05-20 20:04:26,446][storm][DEBUG]BasicBolt profile: total_num_tuples=13006, num_tuples=15, avg_read_time=0.075003 (98.6%), avg_process_time=0.000981 (1.3%), avg_ack_time=0.000065 (0.1%)
[2016-05-20 20:04:28,117][storm][DEBUG]BasicBolt profile: total_num_tuples=13036, num_tuples=30, avg_read_time=0.053366 (95.8%), avg_process_time=0.002277 (4.1%), avg_ack_time=0.000040 (0.1%)
[2016-05-20 20:04:29,854][storm][DEBUG]BasicBolt profile: total_num_tuples=13042, num_tuples=6, avg_read_time=0.122888 (99.4%), avg_process_time=0.000688 (0.6%), avg_ack_time=0.000059 (0.0%)
[2016-05-20 20:04:31,022][storm][DEBUG]BasicBolt profile: total_num_tuples=13048, num_tuples=6, avg_read_time=0.016161 (57.3%), avg_process_time=0.012015 (42.6%), avg_ack_time=0.000039 (0.1%)
[2016-05-20 20:04:32,191][storm][DEBUG]BasicBolt profile: total_num_tuples=13061, num_tuples=13, avg_read_time=0.018269 (96.2%), avg_process_time=0.000662 (3.5%), avg_ack_time=0.000057 (0.3%)
[2016-05-20 20:04:37,254][storm][DEBUG]BasicBolt profile: total_num_tuples=13088, num_tuples=27, avg_read_time=0.038466 (96.4%), avg_process_time=0.001352 (3.4%), avg_ack_time=0.000085 (0.2%)
[2016-05-20 20:04:38,309][storm][DEBUG]BasicBolt profile: total_num_tuples=13128, num_tuples=40, avg_read_time=0.022855 (86.7%), avg_process_time=0.003392 (12.9%), avg_ack_time=0.000104 (0.4%)
[2016-05-20 20:04:39,463][storm][DEBUG]BasicBolt profile: total_num_tuples=13149, num_tuples=21, avg_read_time=0.052875 (96.2%), avg_process_time=0.002003 (3.6%), avg_ack_time=0.000088 (0.2%)
[2016-05-20 20:04:41,877][storm][DEBUG]BasicBolt profile: total_num_tuples=13172, num_tuples=23, avg_read_time=0.059209 (95.6%), avg_process_time=0.002590 (4.2%), avg_ack_time=0.000104 (0.2%)
[2016-05-20 20:04:42,952][storm][DEBUG]BasicBolt profile: total_num_tuples=13181, num_tuples=9, avg_read_time=0.008272 (89.3%), avg_process_time=0.000950 (10.3%), avg_ack_time=0.000037 (0.4%)
[2016-05-20 20:04:44,185][storm][DEBUG]BasicBolt profile: total_num_tuples=13197, num_tuples=16, avg_read_time=0.067702 (87.9%), avg_process_time=0.009298 (12.1%), avg_ack_time=0.000051 (0.1%)
[2016-05-20 20:04:49,739][storm][DEBUG]BasicBolt profile: total_num_tuples=13221, num_tuples=24, avg_read_time=0.017273 (72.7%), avg_process_time=0.006389 (26.9%), avg_ack_time=0.000092 (0.4%)
[2016-05-20 20:04:50,764][storm][DEBUG]BasicBolt profile: total_num_tuples=13247, num_tuples=26, avg_read_time=0.033479 (85.0%), avg_process_time=0.005833 (14.8%), avg_ack_time=0.000073 (0.2%)
[2016-05-20 20:04:51,790][storm][DEBUG]BasicBolt profile: total_num_tuples=13280, num_tuples=33, avg_read_time=0.027007 (86.9%), avg_process_time=0.003988 (12.8%), avg_ack_time=0.000098 (0.3%)
[2016-05-20 20:04:53,695][storm][DEBUG]BasicBolt profile: total_num_tuples=13314, num_tuples=34, avg_read_time=0.021666 (75.9%), avg_process_time=0.006786 (23.8%), avg_ack_time=0.000094 (0.3%)
[2016-05-20 20:04:55,005][storm][DEBUG]BasicBolt profile: total_num_tuples=13332, num_tuples=18, avg_read_time=0.071646 (98.5%), avg_process_time=0.001083 (1.5%), avg_ack_time=0.000039 (0.1%)
[2016-05-20 20:04:56,195][storm][DEBUG]BasicBolt profile: total_num_tuples=13359, num_tuples=27, avg_read_time=0.043124 (97.9%), avg_process_time=0.000912 (2.1%), avg_ack_time=0.000034 (0.1%)
[2016-05-20 20:04:57,462][storm][DEBUG]BasicBolt profile: total_num_tuples=13377, num_tuples=18, avg_read_time=0.065035 (94.3%), avg_process_time=0.003878 (5.6%), avg_ack_time=0.000045 (0.1%)
[2016-05-20 20:04:58,546][storm][DEBUG]BasicBolt profile: total_num_tuples=13410, num_tuples=33, avg_read_time=0.031556 (96.2%), avg_process_time=0.001193 (3.6%), avg_ack_time=0.000065 (0.2%)
[2016-05-20 20:04:59,830][storm][DEBUG]BasicBolt profile: total_num_tuples=13416, num_tuples=6, avg_read_time=0.047604 (97.6%), avg_process_time=0.001111 (2.3%), avg_ack_time=0.000041 (0.1%)
[2016-05-20 20:05:03,266][storm][DEBUG]BasicBolt profile: total_num_tuples=13445, num_tuples=29, avg_read_time=0.049185 (98.9%), avg_process_time=0.000520 (1.0%), avg_ack_time=0.000026 (0.1%)
[2016-05-20 20:05:04,953][storm][DEBUG]BasicBolt profile: total_num_tuples=13456, num_tuples=11, avg_read_time=0.062335 (99.0%), avg_process_time=0.000604 (1.0%), avg_ack_time=0.000048 (0.1%)
[2016-05-20 20:05:06,018][storm][DEBUG]BasicBolt profile: total_num_tuples=13488, num_tuples=32, avg_read_time=0.032570 (97.9%), avg_process_time=0.000659 (2.0%), avg_ack_time=0.000045 (0.1%)
[2016-05-20 20:05:07,021][storm][DEBUG]BasicBolt profile: total_num_tuples=13504, num_tuples=16, avg_read_time=0.061519 (98.2%), avg_process_time=0.001098 (1.8%), avg_ack_time=0.000044 (0.1%)
[2016-05-20 20:06:40,632][storm][DEBUG]BasicBolt profile: total_num_tuples=13516, num_tuples=12, avg_read_time=0.032182 (63.7%), avg_process_time=0.018299 (36.2%), avg_ack_time=0.000075 (0.1%)
[2016-05-20 20:07:01,480][storm][DEBUG]BasicBolt profile: total_num_tuples=13585, num_tuples=69, avg_read_time=0.000560 (22.9%), avg_process_time=0.001808 (73.9%), avg_ack_time=0.000078 (3.2%)
[2016-05-20 20:07:02,549][storm][DEBUG]BasicBolt profile: total_num_tuples=13709, num_tuples=124, avg_read_time=0.007181 (83.3%), avg_process_time=0.001301 (15.1%), avg_ack_time=0.000135 (1.6%)
[2016-05-20 20:08:25,091][storm][DEBUG]BasicBolt profile: total_num_tuples=13725, num_tuples=16, avg_read_time=0.032641 (97.5%), avg_process_time=0.000813 (2.4%), avg_ack_time=0.000038 (0.1%)
[2016-05-20 20:08:36,064][storm][DEBUG]BasicBolt profile: total_num_tuples=13808, num_tuples=83, avg_read_time=0.010902 (85.1%), avg_process_time=0.001695 (13.2%), avg_ack_time=0.000213 (1.7%)
[2016-05-20 20:09:36,557][storm][DEBUG]BasicBolt profile: total_num_tuples=13882, num_tuples=74, avg_read_time=0.018705 (92.6%), avg_process_time=0.001387 (6.9%), avg_ack_time=0.000119 (0.6%)
[2016-05-20 20:09:48,293][storm][DEBUG]BasicBolt profile: total_num_tuples=13914, num_tuples=32, avg_read_time=0.022727 (96.9%), avg_process_time=0.000687 (2.9%), avg_ack_time=0.000048 (0.2%)
