Beginning task setup

/usr/bin/flock
Using existing venv: /tmp/petrel-good-5-1462980106/venv
Task setup took 0 seconds
Launching: python -m petrel.run kafkaconsumer /home/pipe/twitterintel/twitterintel/topology/TopologyTweetTransformationGOOD/petrel14513_kafkaconsumer.log
/usr/local/lib/python2.7/dist-packages/petrel-0.9.4.0.3-py2.7.egg/petrel/run.py invoked with the following arguments: ['kafkaconsumer', '/home/pipe/twitterintel/twitterintel/topology/TopologyTweetTransformationGOOD/petrel14513_kafkaconsumer.log']
python version: 2.7.11
user=root
PATH=/tmp/petrel-good-5-1462980106/venv/bin:/root/SimpleScalar/simplesim-3.0:/root/SimpleScalar/bin:/root/SimpleScalar/gcc-2.6.3:/root/SimpleScalar/bin:/usr/local/sbin:/usr/local/bin:/usr/sbin:/usr/bin:/sbin:/bin:/usr/games:/usr/local/games:/home/pipe/Downloads/zookeeper-3.4.8/bin:/home/pipe/Downloads/apache-storm-0.9.4/bin
LD_LIBRARY_PATH=storm-local/supervisor/stormdist/good-5-1462980106/resources/Linux-amd64:storm-local/supervisor/stormdist/good-5-1462980106/resources:/usr/local/lib:/opt/local/lib:/usr/lib
PYTHON_EGG_CACHE=/tmp/petrel-good-5-1462980106/egg_cache
[2016-05-11 17:03:38,736][storm][INFO]Tuple profiling enabled. Will log tuple processing times.
[2016-05-11 17:03:44,211][storm][INFO]Task received setupInfo from Storm: {u'pidDir': u'/home/pipe/storm-local/workers/db1c9aab-42dd-4eec-afc1-e354fe9aa412/pids', u'conf': {u'oauth.acess_token': u' 702208758362087425-HZiyl1x7Bh98cQa1WLBDYylyu10Bpl7', u'topology.tuple.serializer': u'backtype.storm.serialization.types.ListDelegateSerializer', u'topology.workers': 1, u'drpc.worker.threads': 64, u'storm.messaging.netty.client_worker_threads': 1, u'supervisor.heartbeat.frequency.secs': 5, u'topology.executor.send.buffer.size': 1024, u'drpc.childopts': u'-Xmx768m', u'nimbus.thrift.port': 6627, u'storm.zookeeper.retry.intervalceiling.millis': 30000, u'storm.local.dir': u'storm-local', u'topology.receiver.buffer.size': 8, u'storm.zookeeper.servers': [u'localhost'], u'oauth.consumer_secret': u'ADf76fi3O1lKMzBxWnjqf93l3GHv28uar3bkblkvyBrAyoA23i', u'transactional.zookeeper.root': u'/transactional', u'drpc.request.timeout.secs': 600, u'topology.skip.missing.kryo.registrations': False, u'worker.heartbeat.frequency.secs': 1, u'zmq.hwm': 0, u'storm.zookeeper.connection.timeout': 15000, u'java.library.path': u'/usr/local/lib:/opt/local/lib:/usr/lib', u'topology.max.error.report.per.interval': 5, u'storm.messaging.netty.server_worker_threads': 1, u'storm.id': u'good-5-1462980106', u'supervisor.worker.start.timeout.secs': 120, u'zmq.threads': 1, u'topology.acker.executors': None, u'storm.messaging.netty.flush.check.interval.ms': 10, u'storm.messaging.netty.transfer.batch.size': 262144, u'topology.max.task.parallelism': None, u'topology.environment': None, u'storm.zookeeper.port': 2181, u'nimbus.childopts': u'-Xmx1024m', u'topology.classpath': None, u'worker.childopts': u'-Xmx768m', u'drpc.queue.size': 128, u'topology.multilang.serializer': u'backtype.storm.multilang.JsonSerializer', u'storm.zookeeper.retry.times': 5, u'nimbus.monitor.freq.secs': 10, u'storm.cluster.mode': u'distributed', u'dev.zookeeper.path': u'/tmp/dev-storm-zookeeper', u'drpc.invocations.port': 3773, u'topology.tasks': None, u'storm.zookeeper.root': u'/storm', u'logviewer.childopts': u'-Xmx128m', u'storm.meta.serialization.delegate': u'backtype.storm.serialization.DefaultSerializationDelegate', u'transactional.zookeeper.port': None, u'topology.worker.receiver.thread.count': 1, u'topology.worker.childopts': None, u'topology.max.spout.pending': None, u'topology.kryo.register': None, u'petrel.host': u'pipe-X550CC', u'nimbus.cleanup.inbox.freq.secs': 600, u'storm.messaging.netty.min_wait_ms': 100, u'nimbus.task.timeout.secs': 30, u'nimbus.thrift.max_buffer_size': 1048576, u'topology.sleep.spout.wait.strategy.time.ms': 1, u'nimbus.reassign': True, u'storm.messaging.transport': u'backtype.storm.messaging.netty.Context', u'logviewer.appender.name': u'A1', u'nimbus.host': u'localhost', u'ui.port': 8080, u'supervisor.slots.ports': [6700, 6701, 6702, 6703], u'nimbus.file.copy.expiration.secs': 600, u'supervisor.monitor.frequency.secs': 3, u'ui.childopts': u'-Xmx768m', u'transactional.zookeeper.servers': None, u'zmq.linger.millis': 5000, u'topology.error.throttle.interval.secs': 10, u'topology.worker.shared.thread.pool.size': 4, u'topology.executor.receive.buffer.size': 1024, u'topology.spout.wait.strategy': u'backtype.storm.spout.SleepSpoutWaitStrategy', u'task.heartbeat.frequency.secs': 3, u'topology.transfer.buffer.size': 1024, u'storm.zookeeper.session.timeout': 20000, u'storm.local.mode.zmq': False, u'topology.stats.sample.rate': 0.05, u'topology.fall.back.on.java.serialization': True, u'supervisor.childopts': u'-Xmx256m', u'topology.enable.message.timeouts': True, u'storm.messaging.netty.max_wait_ms': 1000, u'nimbus.topology.validator': u'backtype.storm.nimbus.DefaultTopologyValidator', u'nimbus.supervisor.timeout.secs': 60, u'topology.disruptor.wait.strategy': u'com.lmax.disruptor.BlockingWaitStrategy', u'storm.messaging.netty.buffer_size': 5242880, u'drpc.port': 3772, u'topology.kryo.factory': u'backtype.storm.serialization.DefaultKryoFactory', u'storm.zookeeper.retry.interval': 1000, u'storm.messaging.netty.max_retries': 300, u'topology.tick.tuple.freq.secs': 30, u'supervisor.enable': True, u'nimbus.task.launch.secs': 120, u'task.refresh.poll.secs': 10, u'topology.message.timeout.secs': 30, u'oauth.acess_token_secret': u'IiNOTfgE3tEZvW2HDQhRKPMoOLU43NXJCXk8maj51SdAT', u'petrel.user': u'root', u'nimbus.inbox.jar.expiration.secs': 3600, u'topology.state.synchronization.timeout.secs': 60, u'topology.name': u'good', u'supervisor.worker.timeout.secs': 30, u'topology.trident.batch.emit.interval.millis': 500, u'topology.builtin.metrics.bucket.size.secs': 60, u'storm.thrift.transport': u'backtype.storm.security.auth.SimpleTransportPlugin', u'logviewer.port': 8000, u'oauth.consumer_key': u'eaFmBSxUveRJfmyZYeabti9Q9', u'topology.kryo.decorators': [], u'topology.debug': False}, u'context': {u'task->component': {u'1': u'CountThreeWords', u'3': u'CountWord', u'2': u'CountTwoWords', u'5': u'ThreeWordDivider', u'4': u'KafkaConsumer', u'7': u'WordDivider', u'6': u'TwoWordDivider', u'8': u'__acker'}, u'taskid': 4}}
[2016-05-11 17:03:44,212][storm][INFO]Task sent pid to Storm
[2016-05-11 17:03:44,509][kafka.client][INFO]Broker version identifed as 0.9
[2016-05-11 17:03:44,511][kafka.consumer.subscription_state][INFO]Updating subscribed topics to: ['goodtopic']
[2016-05-11 17:03:45,104][kafka.cluster][INFO]Group coordinator for kafka-python-default-group is BrokerMetadata(nodeId=0, host=u'pipe-X550CC', port=9092)
[2016-05-11 17:03:45,750][kafka.coordinator][INFO]Joined group 'kafka-python-default-group' (generation 20) with member_id kafka-python-1.0.2-582a99dc-5056-4411-aa86-9a0b819bca7f
[2016-05-11 17:03:45,975][kafka.consumer.subscription_state][INFO]Updated partition assignment: [TopicPartition(topic=u'goodtopic', partition=0)]
[2016-05-11 17:03:49,029][kafka.coordinator][INFO]Heartbeat successful
[2016-05-11 17:03:52,044][kafka.coordinator][INFO]Heartbeat successful
[2016-05-11 17:03:55,055][kafka.coordinator][INFO]Heartbeat successful
[2016-05-11 17:03:58,117][kafka.coordinator][INFO]Heartbeat successful
[2016-05-11 17:04:01,134][kafka.coordinator][INFO]Heartbeat successful
[2016-05-11 17:04:04,149][kafka.coordinator][INFO]Heartbeat successful
[2016-05-11 17:04:07,200][kafka.coordinator][INFO]Heartbeat successful
[2016-05-11 17:04:10,218][kafka.coordinator][INFO]Heartbeat successful
[2016-05-11 17:04:13,236][kafka.coordinator][INFO]Heartbeat successful
[2016-05-11 17:04:16,255][kafka.coordinator][INFO]Heartbeat successful
[2016-05-11 17:04:19,314][kafka.coordinator][INFO]Heartbeat successful
[2016-05-11 17:04:22,334][kafka.coordinator][INFO]Heartbeat successful
[2016-05-11 17:04:25,350][kafka.coordinator][INFO]Heartbeat successful
[2016-05-11 17:04:28,408][kafka.coordinator][INFO]Heartbeat successful
[2016-05-11 17:04:31,429][kafka.coordinator][INFO]Heartbeat successful
[2016-05-11 17:04:34,451][kafka.coordinator][INFO]Heartbeat successful
[2016-05-11 17:04:37,007][kafka.coordinator][INFO]Heartbeat successful
[2016-05-11 17:04:40,063][kafka.coordinator][INFO]Heartbeat successful
[2016-05-11 17:04:43,077][kafka.coordinator][INFO]Heartbeat successful
[2016-05-11 17:04:46,089][kafka.coordinator][INFO]Heartbeat successful
[2016-05-11 17:04:49,143][kafka.coordinator][INFO]Heartbeat successful
[2016-05-11 17:04:52,158][kafka.coordinator][INFO]Heartbeat successful
[2016-05-11 17:04:55,175][kafka.coordinator][INFO]Heartbeat successful
[2016-05-11 17:04:58,235][kafka.coordinator][INFO]Heartbeat successful
[2016-05-11 17:05:01,258][kafka.coordinator][INFO]Heartbeat successful
[2016-05-11 17:05:04,284][kafka.coordinator][INFO]Heartbeat successful
[2016-05-11 17:05:07,349][kafka.coordinator][INFO]Heartbeat successful
[2016-05-11 17:05:10,367][kafka.coordinator][INFO]Heartbeat successful
[2016-05-11 17:05:13,961][kafka.coordinator][INFO]Heartbeat successful
[2016-05-11 17:05:16,478][kafka.coordinator][INFO]Heartbeat successful
[2016-05-11 17:05:18,999][kafka.coordinator][INFO]Heartbeat successful
[2016-05-11 17:05:22,061][kafka.coordinator][INFO]Heartbeat successful
[2016-05-11 17:05:25,084][kafka.coordinator][INFO]Heartbeat successful
[2016-05-11 17:05:28,100][kafka.coordinator][INFO]Heartbeat successful
[2016-05-11 17:05:31,159][kafka.coordinator][INFO]Heartbeat successful
[2016-05-11 17:05:34,180][kafka.coordinator][INFO]Heartbeat successful
[2016-05-11 17:05:37,202][kafka.coordinator][INFO]Heartbeat successful
[2016-05-11 17:05:40,257][kafka.coordinator][INFO]Heartbeat successful
[2016-05-11 17:05:43,497][kafka.coordinator][INFO]Heartbeat successful
[2016-05-11 17:05:46,155][kafka.coordinator][INFO]Heartbeat successful
[2016-05-11 17:05:49,465][kafka.coordinator][INFO]Heartbeat successful
[2016-05-11 17:05:52,025][kafka.coordinator][INFO]Heartbeat successful
[2016-05-11 17:05:55,077][kafka.coordinator][INFO]Heartbeat successful
[2016-05-11 17:05:58,092][kafka.coordinator][INFO]Heartbeat successful
[2016-05-11 17:06:01,153][kafka.coordinator][INFO]Heartbeat successful
[2016-05-11 17:06:04,173][kafka.coordinator][INFO]Heartbeat successful
[2016-05-11 17:06:07,190][kafka.coordinator][INFO]Heartbeat successful
[2016-05-11 17:06:10,202][kafka.coordinator][INFO]Heartbeat successful
[2016-05-11 17:06:13,255][kafka.coordinator][INFO]Heartbeat successful
[2016-05-11 17:06:16,267][kafka.coordinator][INFO]Heartbeat successful
[2016-05-11 17:06:19,286][kafka.coordinator][INFO]Heartbeat successful
[2016-05-11 17:06:22,335][kafka.coordinator][INFO]Heartbeat successful
[2016-05-11 17:06:25,356][kafka.coordinator][INFO]Heartbeat successful
[2016-05-11 17:06:28,373][kafka.coordinator][INFO]Heartbeat successful
[2016-05-11 17:06:31,484][kafka.coordinator][INFO]Heartbeat successful
[2016-05-11 17:06:34,500][kafka.coordinator][WARNING]Heartbeat: group is rebalancing; this consumer needs to re-join
[2016-05-11 17:06:34,500][kafka.coordinator][WARNING]Heartbeat failed; retrying
[2016-05-11 17:06:34,601][kafka.coordinator][INFO]Skipping heartbeat: no auto-assignment or waiting on rebalance
[2016-05-11 17:06:35,006][kafka.coordinator][INFO]Joined group 'kafka-python-default-group' (generation 21) with member_id kafka-python-1.0.2-582a99dc-5056-4411-aa86-9a0b819bca7f
[2016-05-11 17:06:35,007][kafka.coordinator][INFO]Elected group leader -- performing partition assignments using range
[2016-05-11 17:06:35,048][kafka.consumer.subscription_state][INFO]Updated partition assignment: [TopicPartition(topic=u'goodtopic', partition=0)]
[2016-05-11 17:06:38,159][kafka.coordinator][INFO]Heartbeat successful
[2016-05-11 17:06:41,186][kafka.coordinator][INFO]Heartbeat successful
[2016-05-11 17:06:44,547][kafka.coordinator][INFO]Heartbeat successful
[2016-05-11 17:06:47,065][kafka.coordinator][INFO]Heartbeat successful
[2016-05-11 17:06:50,123][kafka.coordinator][INFO]Heartbeat successful
[2016-05-11 17:06:53,138][kafka.coordinator][INFO]Heartbeat successful
[2016-05-11 17:06:56,193][kafka.coordinator][INFO]Heartbeat successful
[2016-05-11 17:06:59,205][kafka.coordinator][INFO]Heartbeat successful
[2016-05-11 17:07:02,220][kafka.coordinator][INFO]Heartbeat successful
[2016-05-11 17:07:05,236][kafka.coordinator][INFO]Heartbeat successful
[2016-05-11 17:07:08,288][kafka.coordinator][WARNING]Heartbeat: group is rebalancing; this consumer needs to re-join
[2016-05-11 17:07:08,288][kafka.coordinator][WARNING]Heartbeat failed; retrying
[2016-05-11 17:07:08,389][kafka.coordinator][INFO]Skipping heartbeat: no auto-assignment or waiting on rebalance
[2016-05-11 17:07:08,793][kafka.coordinator][INFO]Joined group 'kafka-python-default-group' (generation 22) with member_id kafka-python-1.0.2-582a99dc-5056-4411-aa86-9a0b819bca7f
[2016-05-11 17:07:08,793][kafka.coordinator][INFO]Elected group leader -- performing partition assignments using range
[2016-05-11 17:07:08,793][kafka.coordinator.assignors.range][WARNING]No partition metadata for topic instanttopic
[2016-05-11 17:07:09,353][kafka.coordinator][INFO]Joined group 'kafka-python-default-group' (generation 22) with member_id kafka-python-1.0.2-582a99dc-5056-4411-aa86-9a0b819bca7f
[2016-05-11 17:07:09,353][kafka.coordinator][INFO]Elected group leader -- performing partition assignments using range
[2016-05-11 17:07:09,473][kafka.consumer.subscription_state][INFO]Updated partition assignment: [TopicPartition(topic=u'goodtopic', partition=0)]
[2016-05-11 17:07:12,530][kafka.coordinator][INFO]Heartbeat successful
[2016-05-11 17:07:15,548][kafka.coordinator][INFO]Heartbeat successful
[2016-05-11 17:07:18,575][kafka.coordinator][INFO]Heartbeat successful
[2016-05-11 17:07:21,595][kafka.coordinator][INFO]Heartbeat successful
[2016-05-11 17:07:24,612][kafka.coordinator][INFO]Heartbeat successful
[2016-05-11 17:07:27,666][kafka.coordinator][INFO]Heartbeat successful
[2016-05-11 17:07:30,692][kafka.coordinator][INFO]Heartbeat successful
[2016-05-11 17:07:33,717][kafka.coordinator][INFO]Heartbeat successful
[2016-05-11 17:07:36,738][kafka.coordinator][INFO]Heartbeat successful
[2016-05-11 17:07:39,757][kafka.coordinator][INFO]Heartbeat successful
[2016-05-11 17:07:42,812][kafka.coordinator][INFO]Heartbeat successful
[2016-05-11 17:07:45,824][kafka.coordinator][INFO]Heartbeat successful
[2016-05-11 17:07:48,832][kafka.coordinator][INFO]Heartbeat successful
[2016-05-11 17:07:51,886][kafka.coordinator][INFO]Heartbeat successful
[2016-05-11 17:07:54,900][kafka.coordinator][INFO]Heartbeat successful
[2016-05-11 17:07:57,916][kafka.coordinator][INFO]Heartbeat successful
[2016-05-11 17:08:00,970][kafka.coordinator][INFO]Heartbeat successful
[2016-05-11 17:08:03,986][kafka.coordinator][INFO]Heartbeat successful
[2016-05-11 17:08:06,495][kafka.coordinator][INFO]Heartbeat successful
[2016-05-11 17:08:09,552][kafka.coordinator][INFO]Heartbeat successful
[2016-05-11 17:08:12,577][kafka.coordinator][INFO]Heartbeat successful
[2016-05-11 17:08:15,634][kafka.coordinator][INFO]Heartbeat successful
[2016-05-11 17:08:18,654][kafka.coordinator][INFO]Heartbeat successful
[2016-05-11 17:08:21,675][kafka.coordinator][INFO]Heartbeat successful
[2016-05-11 17:08:24,690][kafka.coordinator][INFO]Heartbeat successful
[2016-05-11 17:08:27,750][kafka.coordinator][INFO]Heartbeat successful
[2016-05-11 17:08:30,770][kafka.coordinator][INFO]Heartbeat successful
[2016-05-11 17:08:33,792][kafka.coordinator][INFO]Heartbeat successful
[2016-05-11 17:08:36,852][kafka.coordinator][INFO]Heartbeat successful
[2016-05-11 17:08:39,873][kafka.coordinator][INFO]Heartbeat successful
[2016-05-11 17:08:42,897][kafka.coordinator][INFO]Heartbeat successful
[2016-05-11 17:08:45,955][kafka.coordinator][INFO]Heartbeat successful
[2016-05-11 17:08:48,975][kafka.coordinator][INFO]Heartbeat successful
[2016-05-11 17:08:51,498][kafka.coordinator][INFO]Heartbeat successful
[2016-05-11 17:08:54,553][kafka.coordinator][INFO]Heartbeat successful
[2016-05-11 17:08:57,570][kafka.coordinator][INFO]Heartbeat successful
[2016-05-11 17:09:00,583][kafka.coordinator][INFO]Heartbeat successful
