Beginning task setup

/usr/bin/flock
Using existing venv: /tmp/petrel-good-5-1462980106/venv
Task setup took 0 seconds
Launching: python -m petrel.run kafkaconsumer /home/pipe/twitterintel/twitterintel/topology/TopologyTweetTransformationGOOD/petrel30912_kafkaconsumer.log
/usr/local/lib/python2.7/dist-packages/petrel-0.9.4.0.3-py2.7.egg/petrel/run.py invoked with the following arguments: ['kafkaconsumer', '/home/pipe/twitterintel/twitterintel/topology/TopologyTweetTransformationGOOD/petrel30912_kafkaconsumer.log']
python version: 2.7.11
user=root
PATH=/tmp/petrel-good-5-1462980106/venv/bin:/root/SimpleScalar/simplesim-3.0:/root/SimpleScalar/bin:/root/SimpleScalar/gcc-2.6.3:/root/SimpleScalar/bin:/usr/local/sbin:/usr/local/bin:/usr/sbin:/usr/bin:/sbin:/bin:/usr/games:/usr/local/games:/home/pipe/Downloads/zookeeper-3.4.8/bin:/home/pipe/Downloads/apache-storm-0.9.4/bin
LD_LIBRARY_PATH=storm-local/supervisor/stormdist/good-5-1462980106/resources/Linux-amd64:storm-local/supervisor/stormdist/good-5-1462980106/resources:/usr/local/lib:/opt/local/lib:/usr/lib
PYTHON_EGG_CACHE=/tmp/petrel-good-5-1462980106/egg_cache
[2016-05-11 18:25:58,788][storm][INFO]Tuple profiling enabled. Will log tuple processing times.
[2016-05-11 18:25:59,221][storm][INFO]Task received setupInfo from Storm: {u'pidDir': u'/home/pipe/storm-local/workers/a2b0bc62-8c14-46b6-8103-68b8a9345e60/pids', u'conf': {u'oauth.acess_token': u' 702208758362087425-HZiyl1x7Bh98cQa1WLBDYylyu10Bpl7', u'topology.tuple.serializer': u'backtype.storm.serialization.types.ListDelegateSerializer', u'topology.workers': 1, u'drpc.worker.threads': 64, u'storm.messaging.netty.client_worker_threads': 1, u'supervisor.heartbeat.frequency.secs': 5, u'topology.executor.send.buffer.size': 1024, u'drpc.childopts': u'-Xmx768m', u'nimbus.thrift.port': 6627, u'storm.zookeeper.retry.intervalceiling.millis': 30000, u'storm.local.dir': u'storm-local', u'topology.receiver.buffer.size': 8, u'storm.zookeeper.servers': [u'localhost'], u'oauth.consumer_secret': u'ADf76fi3O1lKMzBxWnjqf93l3GHv28uar3bkblkvyBrAyoA23i', u'transactional.zookeeper.root': u'/transactional', u'drpc.request.timeout.secs': 600, u'topology.skip.missing.kryo.registrations': False, u'worker.heartbeat.frequency.secs': 1, u'zmq.hwm': 0, u'storm.zookeeper.connection.timeout': 15000, u'java.library.path': u'/usr/local/lib:/opt/local/lib:/usr/lib', u'topology.max.error.report.per.interval': 5, u'storm.messaging.netty.server_worker_threads': 1, u'storm.id': u'good-5-1462980106', u'supervisor.worker.start.timeout.secs': 120, u'zmq.threads': 1, u'topology.acker.executors': None, u'storm.messaging.netty.flush.check.interval.ms': 10, u'storm.messaging.netty.transfer.batch.size': 262144, u'topology.max.task.parallelism': None, u'topology.environment': None, u'storm.zookeeper.port': 2181, u'nimbus.childopts': u'-Xmx1024m', u'topology.classpath': None, u'worker.childopts': u'-Xmx768m', u'drpc.queue.size': 128, u'topology.multilang.serializer': u'backtype.storm.multilang.JsonSerializer', u'storm.zookeeper.retry.times': 5, u'nimbus.monitor.freq.secs': 10, u'storm.cluster.mode': u'distributed', u'dev.zookeeper.path': u'/tmp/dev-storm-zookeeper', u'drpc.invocations.port': 3773, u'topology.tasks': None, u'storm.zookeeper.root': u'/storm', u'logviewer.childopts': u'-Xmx128m', u'storm.meta.serialization.delegate': u'backtype.storm.serialization.DefaultSerializationDelegate', u'transactional.zookeeper.port': None, u'topology.worker.receiver.thread.count': 1, u'topology.worker.childopts': None, u'topology.max.spout.pending': None, u'topology.kryo.register': None, u'petrel.host': u'pipe-X550CC', u'nimbus.cleanup.inbox.freq.secs': 600, u'storm.messaging.netty.min_wait_ms': 100, u'nimbus.task.timeout.secs': 30, u'nimbus.thrift.max_buffer_size': 1048576, u'topology.sleep.spout.wait.strategy.time.ms': 1, u'nimbus.reassign': True, u'storm.messaging.transport': u'backtype.storm.messaging.netty.Context', u'logviewer.appender.name': u'A1', u'nimbus.host': u'localhost', u'ui.port': 8080, u'supervisor.slots.ports': [6700, 6701, 6702, 6703], u'nimbus.file.copy.expiration.secs': 600, u'supervisor.monitor.frequency.secs': 3, u'ui.childopts': u'-Xmx768m', u'transactional.zookeeper.servers': None, u'zmq.linger.millis': 5000, u'topology.error.throttle.interval.secs': 10, u'topology.worker.shared.thread.pool.size': 4, u'topology.executor.receive.buffer.size': 1024, u'topology.spout.wait.strategy': u'backtype.storm.spout.SleepSpoutWaitStrategy', u'task.heartbeat.frequency.secs': 3, u'topology.transfer.buffer.size': 1024, u'storm.zookeeper.session.timeout': 20000, u'storm.local.mode.zmq': False, u'topology.stats.sample.rate': 0.05, u'topology.fall.back.on.java.serialization': True, u'supervisor.childopts': u'-Xmx256m', u'topology.enable.message.timeouts': True, u'storm.messaging.netty.max_wait_ms': 1000, u'nimbus.topology.validator': u'backtype.storm.nimbus.DefaultTopologyValidator', u'nimbus.supervisor.timeout.secs': 60, u'topology.disruptor.wait.strategy': u'com.lmax.disruptor.BlockingWaitStrategy', u'storm.messaging.netty.buffer_size': 5242880, u'drpc.port': 3772, u'topology.kryo.factory': u'backtype.storm.serialization.DefaultKryoFactory', u'storm.zookeeper.retry.interval': 1000, u'storm.messaging.netty.max_retries': 300, u'topology.tick.tuple.freq.secs': 30, u'supervisor.enable': True, u'nimbus.task.launch.secs': 120, u'task.refresh.poll.secs': 10, u'topology.message.timeout.secs': 30, u'oauth.acess_token_secret': u'IiNOTfgE3tEZvW2HDQhRKPMoOLU43NXJCXk8maj51SdAT', u'petrel.user': u'root', u'nimbus.inbox.jar.expiration.secs': 3600, u'topology.state.synchronization.timeout.secs': 60, u'topology.name': u'good', u'supervisor.worker.timeout.secs': 30, u'topology.trident.batch.emit.interval.millis': 500, u'topology.builtin.metrics.bucket.size.secs': 60, u'storm.thrift.transport': u'backtype.storm.security.auth.SimpleTransportPlugin', u'logviewer.port': 8000, u'oauth.consumer_key': u'eaFmBSxUveRJfmyZYeabti9Q9', u'topology.kryo.decorators': [], u'topology.debug': False}, u'context': {u'task->component': {u'1': u'CountThreeWords', u'3': u'CountWord', u'2': u'CountTwoWords', u'5': u'ThreeWordDivider', u'4': u'KafkaConsumer', u'7': u'WordDivider', u'6': u'TwoWordDivider', u'8': u'__acker'}, u'taskid': 4}}
[2016-05-11 18:25:59,248][storm][INFO]Task sent pid to Storm
[2016-05-11 18:25:59,404][kafka.client][INFO]Broker version identifed as 0.9
[2016-05-11 18:25:59,420][kafka.consumer.subscription_state][INFO]Updating subscribed topics to: ['goodtopic']
[2016-05-11 18:25:59,499][kafka.cluster][INFO]Group coordinator for kafka-python-default-group is BrokerMetadata(nodeId=0, host=u'pipe-X550CC', port=9092)
[2016-05-11 18:26:08,610][kafka.coordinator][INFO]Joined group 'kafka-python-default-group' (generation 58) with member_id kafka-python-1.0.2-7decf6ce-7fc9-407f-8143-235d3e0962b8
[2016-05-11 18:26:08,611][kafka.coordinator][INFO]Elected group leader -- performing partition assignments using range
[2016-05-11 18:26:08,611][kafka.coordinator.assignors.range][WARNING]No partition metadata for topic instanttopic
[2016-05-11 18:26:08,755][kafka.coordinator][INFO]Joined group 'kafka-python-default-group' (generation 58) with member_id kafka-python-1.0.2-7decf6ce-7fc9-407f-8143-235d3e0962b8
[2016-05-11 18:26:08,756][kafka.coordinator][INFO]Elected group leader -- performing partition assignments using range
[2016-05-11 18:26:08,798][kafka.consumer.subscription_state][INFO]Updated partition assignment: [TopicPartition(topic=u'goodtopic', partition=0)]
[2016-05-11 18:26:11,893][kafka.coordinator][INFO]Heartbeat successful
[2016-05-11 18:26:14,911][kafka.coordinator][INFO]Heartbeat successful
[2016-05-11 18:26:17,929][kafka.coordinator][INFO]Heartbeat successful
[2016-05-11 18:26:20,984][kafka.coordinator][INFO]Heartbeat successful
[2016-05-11 18:26:24,000][kafka.coordinator][INFO]Heartbeat successful
[2016-05-11 18:26:27,018][kafka.coordinator][INFO]Heartbeat successful
[2016-05-11 18:26:30,071][kafka.coordinator][INFO]Heartbeat successful
[2016-05-11 18:26:33,085][kafka.coordinator][INFO]Heartbeat successful
[2016-05-11 18:26:36,369][kafka.coordinator][INFO]Heartbeat successful
[2016-05-11 18:26:39,004][kafka.coordinator][INFO]Heartbeat successful
[2016-05-11 18:26:42,270][kafka.coordinator][INFO]Heartbeat successful
[2016-05-11 18:26:44,886][kafka.coordinator][INFO]Heartbeat successful
[2016-05-11 18:26:47,903][kafka.coordinator][INFO]Heartbeat successful
[2016-05-11 18:26:50,982][kafka.coordinator][INFO]Heartbeat successful
[2016-05-11 18:26:53,998][kafka.coordinator][INFO]Heartbeat successful
[2016-05-11 18:26:57,050][kafka.coordinator][INFO]Heartbeat successful
[2016-05-11 18:27:00,065][kafka.coordinator][INFO]Heartbeat successful
[2016-05-11 18:27:03,079][kafka.coordinator][INFO]Heartbeat successful
[2016-05-11 18:27:06,136][kafka.coordinator][INFO]Heartbeat successful
[2016-05-11 18:27:09,157][kafka.coordinator][INFO]Heartbeat successful
[2016-05-11 18:27:12,180][kafka.coordinator][INFO]Heartbeat successful
[2016-05-11 18:27:15,199][kafka.coordinator][INFO]Heartbeat successful
[2016-05-11 18:27:18,254][kafka.coordinator][INFO]Heartbeat successful
[2016-05-11 18:27:21,268][kafka.coordinator][INFO]Heartbeat successful
[2016-05-11 18:27:24,285][kafka.coordinator][INFO]Heartbeat successful
[2016-05-11 18:27:26,842][kafka.coordinator][INFO]Heartbeat successful
[2016-05-11 18:27:29,904][kafka.coordinator][INFO]Heartbeat successful
[2016-05-11 18:27:32,928][kafka.coordinator][INFO]Heartbeat successful
[2016-05-11 18:27:35,988][kafka.coordinator][INFO]Heartbeat successful
[2016-05-11 18:27:39,001][kafka.coordinator][INFO]Heartbeat successful
[2016-05-11 18:27:42,020][kafka.coordinator][INFO]Heartbeat successful
[2016-05-11 18:27:45,041][kafka.coordinator][INFO]Heartbeat successful
[2016-05-11 18:27:48,092][kafka.coordinator][INFO]Heartbeat successful
[2016-05-11 18:27:51,107][kafka.coordinator][INFO]Heartbeat successful
[2016-05-11 18:27:54,121][kafka.coordinator][INFO]Heartbeat successful
[2016-05-11 18:27:57,173][kafka.coordinator][INFO]Heartbeat successful
[2016-05-11 18:28:00,195][kafka.coordinator][INFO]Heartbeat successful
[2016-05-11 18:28:03,211][kafka.coordinator][INFO]Heartbeat successful
[2016-05-11 18:28:06,269][kafka.coordinator][INFO]Heartbeat successful
[2016-05-11 18:28:09,287][kafka.coordinator][INFO]Heartbeat successful
[2016-05-11 18:28:12,312][kafka.coordinator][INFO]Heartbeat successful
[2016-05-11 18:28:14,824][kafka.coordinator][INFO]Heartbeat successful
[2016-05-11 18:28:17,877][kafka.coordinator][INFO]Heartbeat successful
[2016-05-11 18:28:20,891][kafka.coordinator][INFO]Heartbeat successful
[2016-05-11 18:28:23,948][kafka.coordinator][INFO]Heartbeat successful
[2016-05-11 18:28:26,960][kafka.coordinator][INFO]Heartbeat successful
[2016-05-11 18:28:29,972][kafka.coordinator][INFO]Heartbeat successful
[2016-05-11 18:28:33,026][kafka.coordinator][INFO]Heartbeat successful
[2016-05-11 18:28:36,041][kafka.coordinator][INFO]Heartbeat successful
[2016-05-11 18:28:39,055][kafka.coordinator][INFO]Heartbeat successful
[2016-05-11 18:28:42,108][kafka.coordinator][INFO]Heartbeat successful
[2016-05-11 18:28:45,125][kafka.coordinator][INFO]Heartbeat successful
[2016-05-11 18:28:48,147][kafka.coordinator][INFO]Heartbeat successful
[2016-05-11 18:28:51,166][kafka.coordinator][WARNING]Heartbeat: group is rebalancing; this consumer needs to re-join
[2016-05-11 18:28:51,167][kafka.coordinator][WARNING]Heartbeat failed; retrying
[2016-05-11 18:28:51,270][kafka.coordinator][INFO]Skipping heartbeat: no auto-assignment or waiting on rebalance
[2016-05-11 18:28:51,717][kafka.coordinator][INFO]Joined group 'kafka-python-default-group' (generation 59) with member_id kafka-python-1.0.2-7decf6ce-7fc9-407f-8143-235d3e0962b8
[2016-05-11 18:28:51,717][kafka.coordinator][INFO]Elected group leader -- performing partition assignments using range
[2016-05-11 18:28:51,760][kafka.consumer.subscription_state][INFO]Updated partition assignment: [TopicPartition(topic=u'goodtopic', partition=0)]
[2016-05-11 18:28:54,852][kafka.coordinator][WARNING]Heartbeat: group is rebalancing; this consumer needs to re-join
[2016-05-11 18:28:54,852][kafka.coordinator][WARNING]Heartbeat failed; retrying
[2016-05-11 18:28:54,953][kafka.coordinator][INFO]Skipping heartbeat: no auto-assignment or waiting on rebalance
[2016-05-11 18:28:55,358][kafka.coordinator][INFO]Joined group 'kafka-python-default-group' (generation 60) with member_id kafka-python-1.0.2-7decf6ce-7fc9-407f-8143-235d3e0962b8
[2016-05-11 18:28:55,358][kafka.coordinator][INFO]Elected group leader -- performing partition assignments using range
[2016-05-11 18:28:55,539][kafka.coordinator][INFO]Joined group 'kafka-python-default-group' (generation 60) with member_id kafka-python-1.0.2-7decf6ce-7fc9-407f-8143-235d3e0962b8
[2016-05-11 18:28:55,539][kafka.coordinator][INFO]Elected group leader -- performing partition assignments using range
[2016-05-11 18:28:55,580][kafka.consumer.subscription_state][INFO]Updated partition assignment: [TopicPartition(topic=u'goodtopic', partition=0)]
[2016-05-11 18:28:58,671][kafka.coordinator][INFO]Heartbeat successful
[2016-05-11 18:29:01,688][kafka.coordinator][INFO]Heartbeat successful
[2016-05-11 18:29:04,700][kafka.coordinator][INFO]Heartbeat successful
[2016-05-11 18:29:07,758][kafka.coordinator][INFO]Heartbeat successful
[2016-05-11 18:29:10,771][kafka.coordinator][INFO]Heartbeat successful
[2016-05-11 18:29:13,785][kafka.coordinator][INFO]Heartbeat successful
[2016-05-11 18:29:16,837][kafka.coordinator][INFO]Heartbeat successful
[2016-05-11 18:29:19,853][kafka.coordinator][INFO]Heartbeat successful
[2016-05-11 18:29:22,865][kafka.coordinator][INFO]Heartbeat successful
[2016-05-11 18:29:25,879][kafka.coordinator][INFO]Heartbeat successful
[2016-05-11 18:29:28,932][kafka.coordinator][INFO]Heartbeat successful
[2016-05-11 18:29:31,949][kafka.coordinator][INFO]Heartbeat successful
[2016-05-11 18:29:34,962][kafka.coordinator][INFO]Heartbeat successful
[2016-05-11 18:29:38,020][kafka.coordinator][INFO]Heartbeat successful
[2016-05-11 18:29:41,038][kafka.coordinator][INFO]Heartbeat successful
[2016-05-11 18:29:44,060][kafka.coordinator][INFO]Heartbeat successful
[2016-05-11 18:29:46,612][kafka.coordinator][INFO]Heartbeat successful
[2016-05-11 18:29:49,664][kafka.coordinator][INFO]Heartbeat successful
[2016-05-11 18:29:52,677][kafka.coordinator][INFO]Heartbeat successful
[2016-05-11 18:29:55,690][kafka.coordinator][INFO]Heartbeat successful
[2016-05-11 18:29:58,756][kafka.coordinator][INFO]Heartbeat successful
[2016-05-11 18:30:01,781][kafka.coordinator][INFO]Heartbeat successful
[2016-05-11 18:30:04,798][kafka.coordinator][INFO]Heartbeat successful
[2016-05-11 18:30:07,856][kafka.coordinator][INFO]Heartbeat successful
[2016-05-11 18:30:10,873][kafka.coordinator][INFO]Heartbeat successful
[2016-05-11 18:30:13,890][kafka.coordinator][INFO]Heartbeat successful
[2016-05-11 18:30:16,945][kafka.coordinator][INFO]Heartbeat successful
[2016-05-11 18:30:19,965][kafka.coordinator][INFO]Heartbeat successful
[2016-05-11 18:30:22,980][kafka.coordinator][INFO]Heartbeat successful
[2016-05-11 18:30:25,994][kafka.coordinator][INFO]Heartbeat successful
[2016-05-11 18:30:29,051][kafka.coordinator][INFO]Heartbeat successful
[2016-05-11 18:30:32,070][kafka.coordinator][INFO]Heartbeat successful
[2016-05-11 18:30:35,089][kafka.coordinator][INFO]Heartbeat successful
[2016-05-11 18:30:37,645][kafka.coordinator][INFO]Heartbeat successful
[2016-05-11 18:30:40,665][kafka.coordinator][INFO]Heartbeat successful
[2016-05-11 18:30:43,683][kafka.coordinator][INFO]Heartbeat successful
[2016-05-11 18:30:46,703][kafka.coordinator][INFO]Heartbeat successful
[2016-05-11 18:30:49,798][kafka.coordinator][INFO]Heartbeat successful
[2016-05-11 18:30:52,816][kafka.coordinator][INFO]Heartbeat successful
[2016-05-11 18:30:55,835][kafka.coordinator][INFO]Heartbeat successful
[2016-05-11 18:30:58,899][kafka.coordinator][INFO]Heartbeat successful
[2016-05-11 18:31:01,926][kafka.coordinator][INFO]Heartbeat successful
[2016-05-11 18:31:04,954][kafka.coordinator][INFO]Heartbeat successful
[2016-05-11 18:31:08,015][kafka.coordinator][INFO]Heartbeat successful
[2016-05-11 18:31:11,032][kafka.coordinator][INFO]Heartbeat successful
[2016-05-11 18:31:14,056][kafka.coordinator][INFO]Heartbeat successful
[2016-05-11 18:31:17,074][kafka.coordinator][INFO]Heartbeat successful
[2016-05-11 18:31:19,627][kafka.coordinator][INFO]Heartbeat successful
[2016-05-11 18:31:22,709][kafka.coordinator][INFO]Heartbeat successful
