Beginning task setup

/usr/bin/flock
Using existing venv: /tmp/petrel-good-5-1462980106/venv
Task setup took 0 seconds
Launching: python -m petrel.run kafkaconsumer /home/pipe/twitterintel/twitterintel/topology/TopologyTweetTransformationGOOD/petrel25333_kafkaconsumer.log
/usr/local/lib/python2.7/dist-packages/petrel-0.9.4.0.3-py2.7.egg/petrel/run.py invoked with the following arguments: ['kafkaconsumer', '/home/pipe/twitterintel/twitterintel/topology/TopologyTweetTransformationGOOD/petrel25333_kafkaconsumer.log']
python version: 2.7.11
user=root
PATH=/tmp/petrel-good-5-1462980106/venv/bin:/root/SimpleScalar/simplesim-3.0:/root/SimpleScalar/bin:/root/SimpleScalar/gcc-2.6.3:/root/SimpleScalar/bin:/usr/local/sbin:/usr/local/bin:/usr/sbin:/usr/bin:/sbin:/bin:/usr/games:/usr/local/games:/home/pipe/Downloads/zookeeper-3.4.8/bin:/home/pipe/Downloads/apache-storm-0.9.4/bin
LD_LIBRARY_PATH=storm-local/supervisor/stormdist/good-5-1462980106/resources/Linux-amd64:storm-local/supervisor/stormdist/good-5-1462980106/resources:/usr/local/lib:/opt/local/lib:/usr/lib
PYTHON_EGG_CACHE=/tmp/petrel-good-5-1462980106/egg_cache
[2016-05-11 17:56:41,910][storm][INFO]Tuple profiling enabled. Will log tuple processing times.
[2016-05-11 17:56:42,166][storm][INFO]Task received setupInfo from Storm: {u'pidDir': u'/home/pipe/storm-local/workers/392f444f-185a-4068-ab9f-e4bf66b49e99/pids', u'conf': {u'oauth.acess_token': u' 702208758362087425-HZiyl1x7Bh98cQa1WLBDYylyu10Bpl7', u'topology.tuple.serializer': u'backtype.storm.serialization.types.ListDelegateSerializer', u'topology.workers': 1, u'drpc.worker.threads': 64, u'storm.messaging.netty.client_worker_threads': 1, u'supervisor.heartbeat.frequency.secs': 5, u'topology.executor.send.buffer.size': 1024, u'drpc.childopts': u'-Xmx768m', u'nimbus.thrift.port': 6627, u'storm.zookeeper.retry.intervalceiling.millis': 30000, u'storm.local.dir': u'storm-local', u'topology.receiver.buffer.size': 8, u'storm.zookeeper.servers': [u'localhost'], u'oauth.consumer_secret': u'ADf76fi3O1lKMzBxWnjqf93l3GHv28uar3bkblkvyBrAyoA23i', u'transactional.zookeeper.root': u'/transactional', u'drpc.request.timeout.secs': 600, u'topology.skip.missing.kryo.registrations': False, u'worker.heartbeat.frequency.secs': 1, u'zmq.hwm': 0, u'storm.zookeeper.connection.timeout': 15000, u'java.library.path': u'/usr/local/lib:/opt/local/lib:/usr/lib', u'topology.max.error.report.per.interval': 5, u'storm.messaging.netty.server_worker_threads': 1, u'storm.id': u'good-5-1462980106', u'supervisor.worker.start.timeout.secs': 120, u'zmq.threads': 1, u'topology.acker.executors': None, u'storm.messaging.netty.flush.check.interval.ms': 10, u'storm.messaging.netty.transfer.batch.size': 262144, u'topology.max.task.parallelism': None, u'topology.environment': None, u'storm.zookeeper.port': 2181, u'nimbus.childopts': u'-Xmx1024m', u'topology.classpath': None, u'worker.childopts': u'-Xmx768m', u'drpc.queue.size': 128, u'topology.multilang.serializer': u'backtype.storm.multilang.JsonSerializer', u'storm.zookeeper.retry.times': 5, u'nimbus.monitor.freq.secs': 10, u'storm.cluster.mode': u'distributed', u'dev.zookeeper.path': u'/tmp/dev-storm-zookeeper', u'drpc.invocations.port': 3773, u'topology.tasks': None, u'storm.zookeeper.root': u'/storm', u'logviewer.childopts': u'-Xmx128m', u'storm.meta.serialization.delegate': u'backtype.storm.serialization.DefaultSerializationDelegate', u'transactional.zookeeper.port': None, u'topology.worker.receiver.thread.count': 1, u'topology.worker.childopts': None, u'topology.max.spout.pending': None, u'topology.kryo.register': None, u'petrel.host': u'pipe-X550CC', u'nimbus.cleanup.inbox.freq.secs': 600, u'storm.messaging.netty.min_wait_ms': 100, u'nimbus.task.timeout.secs': 30, u'nimbus.thrift.max_buffer_size': 1048576, u'topology.sleep.spout.wait.strategy.time.ms': 1, u'nimbus.reassign': True, u'storm.messaging.transport': u'backtype.storm.messaging.netty.Context', u'logviewer.appender.name': u'A1', u'nimbus.host': u'localhost', u'ui.port': 8080, u'supervisor.slots.ports': [6700, 6701, 6702, 6703], u'nimbus.file.copy.expiration.secs': 600, u'supervisor.monitor.frequency.secs': 3, u'ui.childopts': u'-Xmx768m', u'transactional.zookeeper.servers': None, u'zmq.linger.millis': 5000, u'topology.error.throttle.interval.secs': 10, u'topology.worker.shared.thread.pool.size': 4, u'topology.executor.receive.buffer.size': 1024, u'topology.spout.wait.strategy': u'backtype.storm.spout.SleepSpoutWaitStrategy', u'task.heartbeat.frequency.secs': 3, u'topology.transfer.buffer.size': 1024, u'storm.zookeeper.session.timeout': 20000, u'storm.local.mode.zmq': False, u'topology.stats.sample.rate': 0.05, u'topology.fall.back.on.java.serialization': True, u'supervisor.childopts': u'-Xmx256m', u'topology.enable.message.timeouts': True, u'storm.messaging.netty.max_wait_ms': 1000, u'nimbus.topology.validator': u'backtype.storm.nimbus.DefaultTopologyValidator', u'nimbus.supervisor.timeout.secs': 60, u'topology.disruptor.wait.strategy': u'com.lmax.disruptor.BlockingWaitStrategy', u'storm.messaging.netty.buffer_size': 5242880, u'drpc.port': 3772, u'topology.kryo.factory': u'backtype.storm.serialization.DefaultKryoFactory', u'storm.zookeeper.retry.interval': 1000, u'storm.messaging.netty.max_retries': 300, u'topology.tick.tuple.freq.secs': 30, u'supervisor.enable': True, u'nimbus.task.launch.secs': 120, u'task.refresh.poll.secs': 10, u'topology.message.timeout.secs': 30, u'oauth.acess_token_secret': u'IiNOTfgE3tEZvW2HDQhRKPMoOLU43NXJCXk8maj51SdAT', u'petrel.user': u'root', u'nimbus.inbox.jar.expiration.secs': 3600, u'topology.state.synchronization.timeout.secs': 60, u'topology.name': u'good', u'supervisor.worker.timeout.secs': 30, u'topology.trident.batch.emit.interval.millis': 500, u'topology.builtin.metrics.bucket.size.secs': 60, u'storm.thrift.transport': u'backtype.storm.security.auth.SimpleTransportPlugin', u'logviewer.port': 8000, u'oauth.consumer_key': u'eaFmBSxUveRJfmyZYeabti9Q9', u'topology.kryo.decorators': [], u'topology.debug': False}, u'context': {u'task->component': {u'1': u'CountThreeWords', u'3': u'CountWord', u'2': u'CountTwoWords', u'5': u'ThreeWordDivider', u'4': u'KafkaConsumer', u'7': u'WordDivider', u'6': u'TwoWordDivider', u'8': u'__acker'}, u'taskid': 4}}
[2016-05-11 17:56:42,171][storm][INFO]Task sent pid to Storm
[2016-05-11 17:56:42,321][kafka.client][INFO]Broker version identifed as 0.9
[2016-05-11 17:56:42,331][kafka.consumer.subscription_state][INFO]Updating subscribed topics to: ['goodtopic']
[2016-05-11 17:56:42,413][kafka.cluster][INFO]Group coordinator for kafka-python-default-group is BrokerMetadata(nodeId=0, host=u'pipe-X550CC', port=9092)
[2016-05-11 17:56:49,705][kafka.coordinator][INFO]Joined group 'kafka-python-default-group' (generation 45) with member_id kafka-python-1.0.2-5648c681-e04e-4bf5-ade3-2d592883e614
[2016-05-11 17:56:49,713][kafka.consumer.subscription_state][INFO]Updated partition assignment: [TopicPartition(topic=u'goodtopic', partition=0)]
[2016-05-11 17:56:52,806][kafka.coordinator][INFO]Heartbeat successful
[2016-05-11 17:56:55,827][kafka.coordinator][INFO]Heartbeat successful
[2016-05-11 17:56:58,845][kafka.coordinator][INFO]Heartbeat successful
[2016-05-11 17:57:01,906][kafka.coordinator][INFO]Heartbeat successful
[2016-05-11 17:57:04,921][kafka.coordinator][INFO]Heartbeat successful
[2016-05-11 17:57:07,940][kafka.coordinator][INFO]Heartbeat successful
[2016-05-11 17:57:10,993][kafka.coordinator][INFO]Heartbeat successful
[2016-05-11 17:57:14,011][kafka.coordinator][INFO]Heartbeat successful
[2016-05-11 17:57:17,032][kafka.coordinator][INFO]Heartbeat successful
[2016-05-11 17:57:20,045][kafka.coordinator][INFO]Heartbeat successful
[2016-05-11 17:57:23,097][kafka.coordinator][INFO]Heartbeat successful
[2016-05-11 17:57:26,109][kafka.coordinator][INFO]Heartbeat successful
[2016-05-11 17:57:29,126][kafka.coordinator][INFO]Heartbeat successful
[2016-05-11 17:57:32,182][kafka.coordinator][INFO]Heartbeat successful
[2016-05-11 17:57:35,201][kafka.coordinator][INFO]Heartbeat successful
[2016-05-11 17:57:38,225][kafka.coordinator][INFO]Heartbeat successful
[2016-05-11 17:57:40,778][kafka.coordinator][INFO]Heartbeat successful
[2016-05-11 17:57:43,795][kafka.coordinator][INFO]Heartbeat successful
[2016-05-11 17:57:46,817][kafka.coordinator][INFO]Heartbeat successful
[2016-05-11 17:57:49,833][kafka.coordinator][INFO]Heartbeat successful
[2016-05-11 17:57:52,888][kafka.coordinator][INFO]Heartbeat successful
[2016-05-11 17:57:55,915][kafka.coordinator][INFO]Heartbeat successful
[2016-05-11 17:57:58,934][kafka.coordinator][INFO]Heartbeat successful
[2016-05-11 17:58:01,990][kafka.coordinator][INFO]Heartbeat successful
[2016-05-11 17:58:05,007][kafka.coordinator][INFO]Heartbeat successful
[2016-05-11 17:58:08,032][kafka.coordinator][INFO]Heartbeat successful
[2016-05-11 17:58:11,097][kafka.coordinator][INFO]Heartbeat successful
[2016-05-11 17:58:14,116][kafka.coordinator][INFO]Heartbeat successful
[2016-05-11 17:58:17,140][kafka.coordinator][INFO]Heartbeat successful
[2016-05-11 17:58:20,159][kafka.coordinator][INFO]Heartbeat successful
[2016-05-11 17:58:23,227][kafka.coordinator][INFO]Heartbeat successful
[2016-05-11 17:58:25,745][kafka.coordinator][INFO]Heartbeat successful
[2016-05-11 17:58:28,805][kafka.coordinator][INFO]Heartbeat successful
[2016-05-11 17:58:31,848][kafka.coordinator][INFO]Heartbeat successful
[2016-05-11 17:58:34,864][kafka.coordinator][INFO]Heartbeat successful
[2016-05-11 17:58:37,884][kafka.coordinator][INFO]Heartbeat successful
[2016-05-11 17:58:40,905][kafka.coordinator][INFO]Heartbeat successful
[2016-05-11 17:58:43,965][kafka.coordinator][INFO]Heartbeat successful
[2016-05-11 17:58:46,978][kafka.coordinator][INFO]Heartbeat successful
[2016-05-11 17:58:49,993][kafka.coordinator][INFO]Heartbeat successful
[2016-05-11 17:58:53,055][kafka.coordinator][INFO]Heartbeat successful
[2016-05-11 17:58:56,071][kafka.coordinator][INFO]Heartbeat successful
[2016-05-11 17:58:59,088][kafka.coordinator][INFO]Heartbeat successful
[2016-05-11 17:59:02,144][kafka.coordinator][INFO]Heartbeat successful
[2016-05-11 17:59:05,161][kafka.coordinator][INFO]Heartbeat successful
[2016-05-11 17:59:08,180][kafka.coordinator][INFO]Heartbeat successful
[2016-05-11 17:59:11,193][kafka.coordinator][INFO]Heartbeat successful
[2016-05-11 17:59:13,757][kafka.coordinator][INFO]Heartbeat successful
[2016-05-11 17:59:16,808][kafka.coordinator][WARNING]Heartbeat: group is rebalancing; this consumer needs to re-join
[2016-05-11 17:59:16,809][kafka.coordinator][WARNING]Heartbeat failed; retrying
[2016-05-11 17:59:16,909][kafka.coordinator][INFO]Skipping heartbeat: no auto-assignment or waiting on rebalance
[2016-05-11 17:59:23,075][kafka.coordinator][INFO]Joined group 'kafka-python-default-group' (generation 46) with member_id kafka-python-1.0.2-5648c681-e04e-4bf5-ade3-2d592883e614
[2016-05-11 17:59:23,075][kafka.coordinator][INFO]Elected group leader -- performing partition assignments using range
[2016-05-11 17:59:23,076][kafka.coordinator.assignors.range][WARNING]No partition metadata for topic instanttopic
[2016-05-11 17:59:23,217][kafka.coordinator][INFO]Joined group 'kafka-python-default-group' (generation 46) with member_id kafka-python-1.0.2-5648c681-e04e-4bf5-ade3-2d592883e614
[2016-05-11 17:59:23,217][kafka.coordinator][INFO]Elected group leader -- performing partition assignments using range
[2016-05-11 17:59:23,258][kafka.consumer.subscription_state][INFO]Updated partition assignment: [TopicPartition(topic=u'goodtopic', partition=0)]
[2016-05-11 17:59:26,351][kafka.coordinator][INFO]Heartbeat successful
[2016-05-11 17:59:29,371][kafka.coordinator][INFO]Heartbeat successful
[2016-05-11 17:59:32,386][kafka.coordinator][INFO]Heartbeat successful
[2016-05-11 17:59:35,444][kafka.coordinator][INFO]Heartbeat successful
[2016-05-11 17:59:38,460][kafka.coordinator][INFO]Heartbeat successful
[2016-05-11 17:59:41,482][kafka.coordinator][INFO]Heartbeat successful
[2016-05-11 17:59:44,646][kafka.coordinator][INFO]Heartbeat successful
[2016-05-11 17:59:47,664][kafka.coordinator][INFO]Heartbeat successful
[2016-05-11 17:59:50,727][kafka.coordinator][INFO]Heartbeat successful
[2016-05-11 17:59:53,746][kafka.coordinator][INFO]Heartbeat successful
[2016-05-11 17:59:56,762][kafka.coordinator][INFO]Heartbeat successful
[2016-05-11 17:59:59,314][kafka.coordinator][INFO]Heartbeat successful
[2016-05-11 18:00:02,332][kafka.coordinator][INFO]Heartbeat successful
[2016-05-11 18:00:05,376][kafka.coordinator][INFO]Heartbeat successful
[2016-05-11 18:00:08,569][kafka.coordinator][INFO]Heartbeat successful
[2016-05-11 18:00:11,687][kafka.coordinator][INFO]Heartbeat successful
[2016-05-11 18:00:14,392][kafka.coordinator][INFO]Heartbeat successful
[2016-05-11 18:00:17,478][kafka.coordinator][INFO]Heartbeat successful
[2016-05-11 18:00:20,409][kafka.coordinator][INFO]Heartbeat successful
[2016-05-11 18:00:23,691][kafka.coordinator][INFO]Heartbeat successful
[2016-05-11 18:00:26,330][kafka.coordinator][INFO]Heartbeat successful
[2016-05-11 18:00:29,625][kafka.coordinator][INFO]Heartbeat successful
[2016-05-11 18:00:32,652][kafka.coordinator][INFO]Heartbeat successful
[2016-05-11 18:00:35,664][kafka.coordinator][INFO]Heartbeat successful
[2016-05-11 18:00:38,720][kafka.coordinator][INFO]Heartbeat successful
[2016-05-11 18:00:41,741][kafka.coordinator][INFO]Heartbeat successful
[2016-05-11 18:00:44,756][kafka.coordinator][INFO]Heartbeat successful
[2016-05-11 18:00:47,313][kafka.coordinator][INFO]Heartbeat successful
[2016-05-11 18:00:50,330][kafka.coordinator][INFO]Heartbeat successful
[2016-05-11 18:00:53,349][kafka.coordinator][INFO]Heartbeat successful
[2016-05-11 18:00:56,403][kafka.coordinator][INFO]Heartbeat successful
[2016-05-11 18:00:59,421][kafka.coordinator][INFO]Heartbeat successful
[2016-05-11 18:01:02,440][kafka.coordinator][INFO]Heartbeat successful
[2016-05-11 18:01:05,455][kafka.coordinator][INFO]Heartbeat successful
[2016-05-11 18:01:08,515][kafka.coordinator][INFO]Heartbeat successful
[2016-05-11 18:01:11,540][kafka.coordinator][INFO]Heartbeat successful
[2016-05-11 18:01:14,559][kafka.coordinator][INFO]Heartbeat successful
[2016-05-11 18:01:17,612][kafka.coordinator][INFO]Heartbeat successful
[2016-05-11 18:01:20,629][kafka.coordinator][INFO]Heartbeat successful
[2016-05-11 18:01:23,641][kafka.coordinator][INFO]Heartbeat successful
[2016-05-11 18:01:26,699][kafka.coordinator][INFO]Heartbeat successful
[2016-05-11 18:01:29,718][kafka.coordinator][INFO]Heartbeat successful
[2016-05-11 18:01:32,735][kafka.coordinator][INFO]Heartbeat successful
[2016-05-11 18:01:35,755][kafka.coordinator][INFO]Heartbeat successful
[2016-05-11 18:01:38,312][kafka.coordinator][INFO]Heartbeat successful
[2016-05-11 18:01:41,367][kafka.coordinator][INFO]Heartbeat successful
[2016-05-11 18:01:44,385][kafka.coordinator][INFO]Heartbeat successful
[2016-05-11 18:01:47,440][kafka.coordinator][INFO]Heartbeat successful
[2016-05-11 18:01:50,455][kafka.coordinator][INFO]Heartbeat successful
[2016-05-11 18:01:53,476][kafka.coordinator][INFO]Heartbeat successful
