Beginning task setup

/usr/bin/flock
Using existing venv: /tmp/petrel-good-2-1463483423/venv
Task setup took 0 seconds
Launching: python -m petrel.run kafkaconsumer /home/pipe/twitterintel/twitterintel/topology/TopologyTweetTransformationGOOD/petrel5277_kafkaconsumer.log
/usr/local/lib/python2.7/dist-packages/petrel-0.9.4.0.3-py2.7.egg/petrel/run.py invoked with the following arguments: ['kafkaconsumer', '/home/pipe/twitterintel/twitterintel/topology/TopologyTweetTransformationGOOD/petrel5277_kafkaconsumer.log']
python version: 2.7.11
user=root
PATH=/tmp/petrel-good-2-1463483423/venv/bin:/root/SimpleScalar/simplesim-3.0:/root/SimpleScalar/bin:/root/SimpleScalar/gcc-2.6.3:/root/SimpleScalar/bin:/usr/local/sbin:/usr/local/bin:/usr/sbin:/usr/bin:/sbin:/bin:/usr/games:/usr/local/games:/home/pipe/Downloads/zookeeper-3.4.8/bin:/home/pipe/Downloads/apache-storm-0.9.4/bin
LD_LIBRARY_PATH=storm-local/supervisor/stormdist/good-2-1463483423/resources/Linux-amd64:storm-local/supervisor/stormdist/good-2-1463483423/resources:/usr/local/lib:/opt/local/lib:/usr/lib
PYTHON_EGG_CACHE=/tmp/petrel-good-2-1463483423/egg_cache
[2016-05-17 12:34:13,612][storm][INFO]Tuple profiling enabled. Will log tuple processing times.
[2016-05-17 12:34:15,170][storm][INFO]Task received setupInfo from Storm: {u'pidDir': u'/home/pipe/storm-local/workers/90949cd6-f8ff-4ce4-b5e5-f35f5080aeb2/pids', u'conf': {u'oauth.acess_token': u' 702208758362087425-HZiyl1x7Bh98cQa1WLBDYylyu10Bpl7', u'topology.tuple.serializer': u'backtype.storm.serialization.types.ListDelegateSerializer', u'topology.workers': 1, u'drpc.worker.threads': 64, u'storm.messaging.netty.client_worker_threads': 1, u'supervisor.heartbeat.frequency.secs': 5, u'topology.executor.send.buffer.size': 1024, u'drpc.childopts': u'-Xmx768m', u'nimbus.thrift.port': 6627, u'storm.zookeeper.retry.intervalceiling.millis': 30000, u'storm.local.dir': u'storm-local', u'topology.receiver.buffer.size': 8, u'storm.zookeeper.servers': [u'localhost'], u'oauth.consumer_secret': u'ADf76fi3O1lKMzBxWnjqf93l3GHv28uar3bkblkvyBrAyoA23i', u'transactional.zookeeper.root': u'/transactional', u'drpc.request.timeout.secs': 600, u'topology.skip.missing.kryo.registrations': False, u'worker.heartbeat.frequency.secs': 1, u'zmq.hwm': 0, u'storm.zookeeper.connection.timeout': 15000, u'java.library.path': u'/usr/local/lib:/opt/local/lib:/usr/lib', u'topology.max.error.report.per.interval': 5, u'storm.messaging.netty.server_worker_threads': 1, u'storm.id': u'good-2-1463483423', u'supervisor.worker.start.timeout.secs': 120, u'zmq.threads': 1, u'topology.acker.executors': None, u'storm.messaging.netty.flush.check.interval.ms': 10, u'storm.messaging.netty.transfer.batch.size': 262144, u'topology.max.task.parallelism': None, u'topology.environment': None, u'storm.zookeeper.port': 2181, u'nimbus.childopts': u'-Xmx1024m', u'topology.classpath': None, u'worker.childopts': u'-Xmx768m', u'drpc.queue.size': 128, u'topology.multilang.serializer': u'backtype.storm.multilang.JsonSerializer', u'storm.zookeeper.retry.times': 5, u'nimbus.monitor.freq.secs': 10, u'storm.cluster.mode': u'distributed', u'dev.zookeeper.path': u'/tmp/dev-storm-zookeeper', u'drpc.invocations.port': 3773, u'topology.tasks': None, u'storm.zookeeper.root': u'/storm', u'logviewer.childopts': u'-Xmx128m', u'storm.meta.serialization.delegate': u'backtype.storm.serialization.DefaultSerializationDelegate', u'transactional.zookeeper.port': None, u'topology.worker.receiver.thread.count': 1, u'topology.worker.childopts': None, u'topology.max.spout.pending': None, u'topology.kryo.register': None, u'petrel.host': u'pipe-X550CC', u'nimbus.cleanup.inbox.freq.secs': 600, u'storm.messaging.netty.min_wait_ms': 100, u'nimbus.task.timeout.secs': 30, u'nimbus.thrift.max_buffer_size': 1048576, u'topology.sleep.spout.wait.strategy.time.ms': 1, u'nimbus.reassign': True, u'storm.messaging.transport': u'backtype.storm.messaging.netty.Context', u'logviewer.appender.name': u'A1', u'nimbus.host': u'localhost', u'ui.port': 8080, u'supervisor.slots.ports': [6700, 6701, 6702, 6703], u'nimbus.file.copy.expiration.secs': 600, u'supervisor.monitor.frequency.secs': 3, u'ui.childopts': u'-Xmx768m', u'transactional.zookeeper.servers': None, u'zmq.linger.millis': 5000, u'topology.error.throttle.interval.secs': 10, u'topology.worker.shared.thread.pool.size': 4, u'topology.executor.receive.buffer.size': 1024, u'topology.spout.wait.strategy': u'backtype.storm.spout.SleepSpoutWaitStrategy', u'task.heartbeat.frequency.secs': 3, u'topology.transfer.buffer.size': 1024, u'storm.zookeeper.session.timeout': 20000, u'storm.local.mode.zmq': False, u'topology.stats.sample.rate': 0.05, u'topology.fall.back.on.java.serialization': True, u'supervisor.childopts': u'-Xmx256m', u'topology.enable.message.timeouts': True, u'storm.messaging.netty.max_wait_ms': 1000, u'nimbus.topology.validator': u'backtype.storm.nimbus.DefaultTopologyValidator', u'nimbus.supervisor.timeout.secs': 60, u'topology.disruptor.wait.strategy': u'com.lmax.disruptor.BlockingWaitStrategy', u'storm.messaging.netty.buffer_size': 5242880, u'drpc.port': 3772, u'topology.kryo.factory': u'backtype.storm.serialization.DefaultKryoFactory', u'storm.zookeeper.retry.interval': 1000, u'storm.messaging.netty.max_retries': 300, u'topology.tick.tuple.freq.secs': 30, u'supervisor.enable': True, u'nimbus.task.launch.secs': 120, u'task.refresh.poll.secs': 10, u'topology.message.timeout.secs': 30, u'oauth.acess_token_secret': u'IiNOTfgE3tEZvW2HDQhRKPMoOLU43NXJCXk8maj51SdAT', u'petrel.user': u'root', u'nimbus.inbox.jar.expiration.secs': 3600, u'topology.state.synchronization.timeout.secs': 60, u'topology.name': u'good', u'supervisor.worker.timeout.secs': 30, u'topology.trident.batch.emit.interval.millis': 500, u'topology.builtin.metrics.bucket.size.secs': 60, u'storm.thrift.transport': u'backtype.storm.security.auth.SimpleTransportPlugin', u'logviewer.port': 8000, u'oauth.consumer_key': u'eaFmBSxUveRJfmyZYeabti9Q9', u'topology.kryo.decorators': [], u'topology.debug': False}, u'context': {u'task->component': {u'1': u'CountThreeWords', u'3': u'CountWord', u'2': u'CountTwoWords', u'5': u'ThreeWordDivider', u'4': u'KafkaConsumer', u'7': u'WordDivider', u'6': u'TwoWordDivider', u'8': u'__acker'}, u'taskid': 4}}
[2016-05-17 12:34:15,175][storm][INFO]Task sent pid to Storm
[2016-05-17 12:34:15,432][kafka.client][INFO]Broker version identifed as 0.9
[2016-05-17 12:34:15,434][kafka.consumer.subscription_state][INFO]Updating subscribed topics to: ['goodtopic']
[2016-05-17 12:34:15,517][kafka.cluster][INFO]Group coordinator for kafka-python-default-group is BrokerMetadata(nodeId=0, host=u'pipe-X550CC', port=9092)
[2016-05-17 12:34:20,068][kafka.coordinator][INFO]Joined group 'kafka-python-default-group' (generation 6) with member_id kafka-python-1.0.2-7d1ccf0a-6f94-403f-ac36-6bc29fd19397
[2016-05-17 12:34:20,068][kafka.coordinator][INFO]Elected group leader -- performing partition assignments using range
[2016-05-17 12:34:20,069][kafka.coordinator.assignors.range][WARNING]No partition metadata for topic badtopic
[2016-05-17 12:34:20,211][kafka.coordinator][INFO]Joined group 'kafka-python-default-group' (generation 6) with member_id kafka-python-1.0.2-7d1ccf0a-6f94-403f-ac36-6bc29fd19397
[2016-05-17 12:34:20,211][kafka.coordinator][INFO]Elected group leader -- performing partition assignments using range
[2016-05-17 12:34:20,252][kafka.consumer.subscription_state][INFO]Updated partition assignment: [TopicPartition(topic=u'goodtopic', partition=0)]
[2016-05-17 12:34:23,422][kafka.coordinator][INFO]Heartbeat successful
[2016-05-17 12:34:26,491][kafka.coordinator][INFO]Heartbeat successful
[2016-05-17 12:34:29,502][kafka.coordinator][INFO]Heartbeat successful
[2016-05-17 12:34:32,556][kafka.coordinator][INFO]Heartbeat successful
[2016-05-17 12:34:35,571][kafka.coordinator][INFO]Heartbeat successful
[2016-05-17 12:34:38,582][kafka.coordinator][INFO]Heartbeat successful
[2016-05-17 12:34:41,635][kafka.coordinator][INFO]Heartbeat successful
[2016-05-17 12:34:44,652][kafka.coordinator][INFO]Heartbeat successful
[2016-05-17 12:34:47,665][kafka.coordinator][INFO]Heartbeat successful
[2016-05-17 12:34:50,686][kafka.coordinator][INFO]Heartbeat successful
[2016-05-17 12:34:53,737][kafka.coordinator][INFO]Heartbeat successful
[2016-05-17 12:34:56,752][kafka.coordinator][INFO]Heartbeat successful
[2016-05-17 12:34:59,265][kafka.coordinator][INFO]Heartbeat successful
[2016-05-17 12:35:02,317][kafka.coordinator][INFO]Heartbeat successful
[2016-05-17 12:35:05,337][kafka.coordinator][INFO]Heartbeat successful
[2016-05-17 12:35:08,393][kafka.coordinator][INFO]Heartbeat successful
[2016-05-17 12:35:11,422][kafka.coordinator][INFO]Heartbeat successful
[2016-05-17 12:35:14,434][kafka.coordinator][WARNING]Heartbeat: group is rebalancing; this consumer needs to re-join
[2016-05-17 12:35:14,435][kafka.coordinator][WARNING]Heartbeat failed; retrying
[2016-05-17 12:35:14,535][kafka.coordinator][INFO]Skipping heartbeat: no auto-assignment or waiting on rebalance
[2016-05-17 12:35:23,595][kafka.coordinator][INFO]Joined group 'kafka-python-default-group' (generation 7) with member_id kafka-python-1.0.2-7d1ccf0a-6f94-403f-ac36-6bc29fd19397
[2016-05-17 12:35:23,596][kafka.coordinator][INFO]Elected group leader -- performing partition assignments using range
[2016-05-17 12:35:23,599][kafka.consumer.subscription_state][INFO]Updated partition assignment: [TopicPartition(topic=u'goodtopic', partition=0)]
[2016-05-17 12:35:26,702][kafka.coordinator][INFO]Heartbeat successful
[2016-05-17 12:35:29,718][kafka.coordinator][INFO]Heartbeat successful
[2016-05-17 12:35:32,731][kafka.coordinator][INFO]Heartbeat successful
[2016-05-17 12:35:35,783][kafka.coordinator][INFO]Heartbeat successful
[2016-05-17 12:35:38,797][kafka.coordinator][INFO]Heartbeat successful
[2016-05-17 12:35:41,817][kafka.coordinator][INFO]Heartbeat successful
[2016-05-17 12:35:44,875][kafka.coordinator][INFO]Heartbeat successful
[2016-05-17 12:35:47,890][kafka.coordinator][INFO]Heartbeat successful
[2016-05-17 12:35:50,908][kafka.coordinator][INFO]Heartbeat successful
[2016-05-17 12:35:53,925][kafka.coordinator][INFO]Heartbeat successful
[2016-05-17 12:35:56,978][kafka.coordinator][INFO]Heartbeat successful
[2016-05-17 12:35:59,995][kafka.coordinator][INFO]Heartbeat successful
[2016-05-17 12:36:03,007][kafka.coordinator][INFO]Heartbeat successful
[2016-05-17 12:36:06,065][kafka.coordinator][INFO]Heartbeat successful
[2016-05-17 12:36:09,078][kafka.coordinator][INFO]Heartbeat successful
[2016-05-17 12:36:12,094][kafka.coordinator][INFO]Heartbeat successful
[2016-05-17 12:36:14,694][kafka.coordinator][INFO]Heartbeat successful
[2016-05-17 12:36:17,710][kafka.coordinator][INFO]Heartbeat successful
[2016-05-17 12:36:20,728][kafka.coordinator][WARNING]Heartbeat: group is rebalancing; this consumer needs to re-join
[2016-05-17 12:36:20,728][kafka.coordinator][WARNING]Heartbeat failed; retrying
[2016-05-17 12:36:20,828][kafka.coordinator][INFO]Skipping heartbeat: no auto-assignment or waiting on rebalance
[2016-05-17 12:36:21,235][kafka.coordinator][INFO]Joined group 'kafka-python-default-group' (generation 8) with member_id kafka-python-1.0.2-7d1ccf0a-6f94-403f-ac36-6bc29fd19397
[2016-05-17 12:36:21,235][kafka.coordinator][INFO]Elected group leader -- performing partition assignments using range
[2016-05-17 12:36:21,278][kafka.consumer.subscription_state][INFO]Updated partition assignment: [TopicPartition(topic=u'goodtopic', partition=0)]
[2016-05-17 12:36:24,374][kafka.coordinator][INFO]Heartbeat successful
[2016-05-17 12:36:27,424][kafka.coordinator][INFO]Heartbeat successful
[2016-05-17 12:36:30,439][kafka.coordinator][INFO]Heartbeat successful
[2016-05-17 12:36:33,492][kafka.coordinator][INFO]Heartbeat successful
[2016-05-17 12:36:36,504][kafka.coordinator][INFO]Heartbeat successful
[2016-05-17 12:36:39,520][kafka.coordinator][INFO]Heartbeat successful
[2016-05-17 12:36:42,576][kafka.coordinator][INFO]Heartbeat successful
[2016-05-17 12:36:45,593][kafka.coordinator][INFO]Heartbeat successful
[2016-05-17 12:36:48,611][kafka.coordinator][INFO]Heartbeat successful
[2016-05-17 12:36:51,629][kafka.coordinator][INFO]Heartbeat successful
[2016-05-17 12:36:54,687][kafka.coordinator][INFO]Heartbeat successful
[2016-05-17 12:36:57,707][kafka.coordinator][INFO]Heartbeat successful
[2016-05-17 12:37:00,724][kafka.coordinator][INFO]Heartbeat successful
[2016-05-17 12:37:03,781][kafka.coordinator][INFO]Heartbeat successful
[2016-05-17 12:37:06,295][kafka.coordinator][INFO]Heartbeat successful
[2016-05-17 12:37:09,355][kafka.coordinator][INFO]Heartbeat successful
[2016-05-17 12:37:12,414][kafka.coordinator][INFO]Heartbeat successful
[2016-05-17 12:37:15,432][kafka.coordinator][INFO]Heartbeat successful
[2016-05-17 12:37:18,451][kafka.coordinator][INFO]Heartbeat successful
[2016-05-17 12:37:21,471][kafka.coordinator][INFO]Heartbeat successful
[2016-05-17 12:37:24,528][kafka.coordinator][INFO]Heartbeat successful
[2016-05-17 12:37:27,549][kafka.coordinator][INFO]Heartbeat successful
[2016-05-17 12:37:30,569][kafka.coordinator][INFO]Heartbeat successful
[2016-05-17 12:37:33,627][kafka.coordinator][INFO]Heartbeat successful
[2016-05-17 12:37:36,642][kafka.coordinator][INFO]Heartbeat successful
[2016-05-17 12:37:39,665][kafka.coordinator][INFO]Heartbeat successful
[2016-05-17 12:37:42,721][kafka.coordinator][INFO]Heartbeat successful
[2016-05-17 12:37:45,737][kafka.coordinator][INFO]Heartbeat successful
[2016-05-17 12:37:48,755][kafka.coordinator][INFO]Heartbeat successful
[2016-05-17 12:37:51,769][kafka.coordinator][INFO]Heartbeat successful
[2016-05-17 12:37:54,322][kafka.coordinator][INFO]Heartbeat successful
[2016-05-17 12:37:57,379][kafka.coordinator][INFO]Heartbeat successful
[2016-05-17 12:38:00,402][kafka.coordinator][INFO]Heartbeat successful
[2016-05-17 12:38:03,462][kafka.coordinator][INFO]Heartbeat successful
[2016-05-17 12:38:06,475][kafka.coordinator][INFO]Heartbeat successful
[2016-05-17 12:38:09,492][kafka.coordinator][INFO]Heartbeat successful
[2016-05-17 12:38:12,506][kafka.coordinator][INFO]Heartbeat successful
[2016-05-17 12:38:15,564][kafka.coordinator][INFO]Heartbeat successful
[2016-05-17 12:38:18,581][kafka.coordinator][INFO]Heartbeat successful
[2016-05-17 12:38:21,597][kafka.coordinator][INFO]Heartbeat successful
[2016-05-17 12:38:24,653][kafka.coordinator][INFO]Heartbeat successful
[2016-05-17 12:38:27,667][kafka.coordinator][INFO]Heartbeat successful
[2016-05-17 12:38:30,685][kafka.coordinator][INFO]Heartbeat successful
[2016-05-17 12:38:33,743][kafka.coordinator][INFO]Heartbeat successful
[2016-05-17 12:38:36,761][kafka.coordinator][INFO]Heartbeat successful
[2016-05-17 12:38:39,782][kafka.coordinator][INFO]Heartbeat successful
[2016-05-17 12:38:42,798][kafka.coordinator][INFO]Heartbeat successful
[2016-05-17 12:38:45,354][kafka.coordinator][INFO]Heartbeat successful
[2016-05-17 12:38:48,373][kafka.coordinator][INFO]Heartbeat successful
[2016-05-17 12:38:51,389][kafka.coordinator][INFO]Heartbeat successful
[2016-05-17 12:38:54,445][kafka.coordinator][INFO]Heartbeat successful
[2016-05-17 12:38:57,459][kafka.coordinator][INFO]Heartbeat successful
[2016-05-17 12:39:00,474][kafka.coordinator][INFO]Heartbeat successful
[2016-05-17 12:39:03,530][kafka.coordinator][INFO]Heartbeat successful
[2016-05-17 12:39:06,548][kafka.coordinator][INFO]Heartbeat successful
[2016-05-17 12:39:09,568][kafka.coordinator][INFO]Heartbeat successful
[2016-05-17 12:39:12,587][kafka.coordinator][INFO]Heartbeat successful
[2016-05-17 12:39:15,644][kafka.coordinator][INFO]Heartbeat successful
[2016-05-17 12:39:18,664][kafka.coordinator][INFO]Heartbeat successful
[2016-05-17 12:39:20,258][kafka.coordinator][INFO]Joined group 'kafka-python-default-group' (generation 9) with member_id kafka-python-1.0.2-7d1ccf0a-6f94-403f-ac36-6bc29fd19397
[2016-05-17 12:39:20,258][kafka.coordinator][INFO]Elected group leader -- performing partition assignments using range
[2016-05-17 12:39:20,302][kafka.consumer.subscription_state][INFO]Updated partition assignment: [TopicPartition(topic=u'goodtopic', partition=0)]
[2016-05-17 12:39:23,396][kafka.coordinator][INFO]Heartbeat successful
[2016-05-17 12:39:26,409][kafka.coordinator][INFO]Heartbeat successful
[2016-05-17 12:39:29,424][kafka.coordinator][INFO]Heartbeat successful
[2016-05-17 12:39:32,472][kafka.coordinator][INFO]Heartbeat successful
[2016-05-17 12:39:35,489][kafka.coordinator][INFO]Heartbeat successful
[2016-05-17 12:39:38,503][kafka.coordinator][INFO]Heartbeat successful
