Beginning task setup

/usr/bin/flock
Using existing venv: /tmp/petrel-good-5-1462980106/venv
Task setup took 0 seconds
Launching: python -m petrel.run kafkaconsumer /home/pipe/twitterintel/twitterintel/topology/TopologyTweetTransformationGOOD/petrel29652_kafkaconsumer.log
/usr/local/lib/python2.7/dist-packages/petrel-0.9.4.0.3-py2.7.egg/petrel/run.py invoked with the following arguments: ['kafkaconsumer', '/home/pipe/twitterintel/twitterintel/topology/TopologyTweetTransformationGOOD/petrel29652_kafkaconsumer.log']
python version: 2.7.11
user=root
PATH=/tmp/petrel-good-5-1462980106/venv/bin:/root/SimpleScalar/simplesim-3.0:/root/SimpleScalar/bin:/root/SimpleScalar/gcc-2.6.3:/root/SimpleScalar/bin:/usr/local/sbin:/usr/local/bin:/usr/sbin:/usr/bin:/sbin:/bin:/usr/games:/usr/local/games:/home/pipe/Downloads/zookeeper-3.4.8/bin:/home/pipe/Downloads/apache-storm-0.9.4/bin
LD_LIBRARY_PATH=storm-local/supervisor/stormdist/good-5-1462980106/resources/Linux-amd64:storm-local/supervisor/stormdist/good-5-1462980106/resources:/usr/local/lib:/opt/local/lib:/usr/lib
PYTHON_EGG_CACHE=/tmp/petrel-good-5-1462980106/egg_cache
[2016-05-11 18:20:13,414][storm][INFO]Tuple profiling enabled. Will log tuple processing times.
[2016-05-11 18:20:13,683][storm][INFO]Task received setupInfo from Storm: {u'pidDir': u'/home/pipe/storm-local/workers/2641a316-973c-4c79-99bf-8d2c3d9c7cb2/pids', u'conf': {u'oauth.acess_token': u' 702208758362087425-HZiyl1x7Bh98cQa1WLBDYylyu10Bpl7', u'topology.tuple.serializer': u'backtype.storm.serialization.types.ListDelegateSerializer', u'topology.workers': 1, u'drpc.worker.threads': 64, u'storm.messaging.netty.client_worker_threads': 1, u'supervisor.heartbeat.frequency.secs': 5, u'topology.executor.send.buffer.size': 1024, u'drpc.childopts': u'-Xmx768m', u'nimbus.thrift.port': 6627, u'storm.zookeeper.retry.intervalceiling.millis': 30000, u'storm.local.dir': u'storm-local', u'topology.receiver.buffer.size': 8, u'storm.zookeeper.servers': [u'localhost'], u'oauth.consumer_secret': u'ADf76fi3O1lKMzBxWnjqf93l3GHv28uar3bkblkvyBrAyoA23i', u'transactional.zookeeper.root': u'/transactional', u'drpc.request.timeout.secs': 600, u'topology.skip.missing.kryo.registrations': False, u'worker.heartbeat.frequency.secs': 1, u'zmq.hwm': 0, u'storm.zookeeper.connection.timeout': 15000, u'java.library.path': u'/usr/local/lib:/opt/local/lib:/usr/lib', u'topology.max.error.report.per.interval': 5, u'storm.messaging.netty.server_worker_threads': 1, u'storm.id': u'good-5-1462980106', u'supervisor.worker.start.timeout.secs': 120, u'zmq.threads': 1, u'topology.acker.executors': None, u'storm.messaging.netty.flush.check.interval.ms': 10, u'storm.messaging.netty.transfer.batch.size': 262144, u'topology.max.task.parallelism': None, u'topology.environment': None, u'storm.zookeeper.port': 2181, u'nimbus.childopts': u'-Xmx1024m', u'topology.classpath': None, u'worker.childopts': u'-Xmx768m', u'drpc.queue.size': 128, u'topology.multilang.serializer': u'backtype.storm.multilang.JsonSerializer', u'storm.zookeeper.retry.times': 5, u'nimbus.monitor.freq.secs': 10, u'storm.cluster.mode': u'distributed', u'dev.zookeeper.path': u'/tmp/dev-storm-zookeeper', u'drpc.invocations.port': 3773, u'topology.tasks': None, u'storm.zookeeper.root': u'/storm', u'logviewer.childopts': u'-Xmx128m', u'storm.meta.serialization.delegate': u'backtype.storm.serialization.DefaultSerializationDelegate', u'transactional.zookeeper.port': None, u'topology.worker.receiver.thread.count': 1, u'topology.worker.childopts': None, u'topology.max.spout.pending': None, u'topology.kryo.register': None, u'petrel.host': u'pipe-X550CC', u'nimbus.cleanup.inbox.freq.secs': 600, u'storm.messaging.netty.min_wait_ms': 100, u'nimbus.task.timeout.secs': 30, u'nimbus.thrift.max_buffer_size': 1048576, u'topology.sleep.spout.wait.strategy.time.ms': 1, u'nimbus.reassign': True, u'storm.messaging.transport': u'backtype.storm.messaging.netty.Context', u'logviewer.appender.name': u'A1', u'nimbus.host': u'localhost', u'ui.port': 8080, u'supervisor.slots.ports': [6700, 6701, 6702, 6703], u'nimbus.file.copy.expiration.secs': 600, u'supervisor.monitor.frequency.secs': 3, u'ui.childopts': u'-Xmx768m', u'transactional.zookeeper.servers': None, u'zmq.linger.millis': 5000, u'topology.error.throttle.interval.secs': 10, u'topology.worker.shared.thread.pool.size': 4, u'topology.executor.receive.buffer.size': 1024, u'topology.spout.wait.strategy': u'backtype.storm.spout.SleepSpoutWaitStrategy', u'task.heartbeat.frequency.secs': 3, u'topology.transfer.buffer.size': 1024, u'storm.zookeeper.session.timeout': 20000, u'storm.local.mode.zmq': False, u'topology.stats.sample.rate': 0.05, u'topology.fall.back.on.java.serialization': True, u'supervisor.childopts': u'-Xmx256m', u'topology.enable.message.timeouts': True, u'storm.messaging.netty.max_wait_ms': 1000, u'nimbus.topology.validator': u'backtype.storm.nimbus.DefaultTopologyValidator', u'nimbus.supervisor.timeout.secs': 60, u'topology.disruptor.wait.strategy': u'com.lmax.disruptor.BlockingWaitStrategy', u'storm.messaging.netty.buffer_size': 5242880, u'drpc.port': 3772, u'topology.kryo.factory': u'backtype.storm.serialization.DefaultKryoFactory', u'storm.zookeeper.retry.interval': 1000, u'storm.messaging.netty.max_retries': 300, u'topology.tick.tuple.freq.secs': 30, u'supervisor.enable': True, u'nimbus.task.launch.secs': 120, u'task.refresh.poll.secs': 10, u'topology.message.timeout.secs': 30, u'oauth.acess_token_secret': u'IiNOTfgE3tEZvW2HDQhRKPMoOLU43NXJCXk8maj51SdAT', u'petrel.user': u'root', u'nimbus.inbox.jar.expiration.secs': 3600, u'topology.state.synchronization.timeout.secs': 60, u'topology.name': u'good', u'supervisor.worker.timeout.secs': 30, u'topology.trident.batch.emit.interval.millis': 500, u'topology.builtin.metrics.bucket.size.secs': 60, u'storm.thrift.transport': u'backtype.storm.security.auth.SimpleTransportPlugin', u'logviewer.port': 8000, u'oauth.consumer_key': u'eaFmBSxUveRJfmyZYeabti9Q9', u'topology.kryo.decorators': [], u'topology.debug': False}, u'context': {u'task->component': {u'1': u'CountThreeWords', u'3': u'CountWord', u'2': u'CountTwoWords', u'5': u'ThreeWordDivider', u'4': u'KafkaConsumer', u'7': u'WordDivider', u'6': u'TwoWordDivider', u'8': u'__acker'}, u'taskid': 4}}
[2016-05-11 18:20:13,683][storm][INFO]Task sent pid to Storm
[2016-05-11 18:20:13,832][kafka.client][INFO]Broker version identifed as 0.9
[2016-05-11 18:20:13,844][kafka.consumer.subscription_state][INFO]Updating subscribed topics to: ['goodtopic']
[2016-05-11 18:20:13,923][kafka.cluster][INFO]Group coordinator for kafka-python-default-group is BrokerMetadata(nodeId=0, host=u'pipe-X550CC', port=9092)
[2016-05-11 18:20:21,381][kafka.coordinator][INFO]Joined group 'kafka-python-default-group' (generation 55) with member_id kafka-python-1.0.2-6dafebad-e984-48b7-8c59-d29c2b7460d2
[2016-05-11 18:20:21,381][kafka.coordinator][INFO]Elected group leader -- performing partition assignments using range
[2016-05-11 18:20:21,382][kafka.coordinator.assignors.range][WARNING]No partition metadata for topic instanttopic
[2016-05-11 18:20:21,524][kafka.coordinator][INFO]Joined group 'kafka-python-default-group' (generation 55) with member_id kafka-python-1.0.2-6dafebad-e984-48b7-8c59-d29c2b7460d2
[2016-05-11 18:20:21,524][kafka.coordinator][INFO]Elected group leader -- performing partition assignments using range
[2016-05-11 18:20:21,565][kafka.consumer.subscription_state][INFO]Updated partition assignment: [TopicPartition(topic=u'goodtopic', partition=0)]
[2016-05-11 18:20:24,663][kafka.coordinator][INFO]Heartbeat successful
[2016-05-11 18:20:27,679][kafka.coordinator][INFO]Heartbeat successful
[2016-05-11 18:20:30,693][kafka.coordinator][INFO]Heartbeat successful
[2016-05-11 18:20:33,749][kafka.coordinator][INFO]Heartbeat successful
[2016-05-11 18:20:36,765][kafka.coordinator][INFO]Heartbeat successful
[2016-05-11 18:20:39,781][kafka.coordinator][INFO]Heartbeat successful
[2016-05-11 18:20:42,841][kafka.coordinator][INFO]Heartbeat successful
[2016-05-11 18:20:45,876][kafka.coordinator][INFO]Heartbeat successful
[2016-05-11 18:20:48,898][kafka.coordinator][INFO]Heartbeat successful
[2016-05-11 18:20:51,917][kafka.coordinator][INFO]Heartbeat successful
[2016-05-11 18:20:54,969][kafka.coordinator][INFO]Heartbeat successful
[2016-05-11 18:20:57,986][kafka.coordinator][INFO]Heartbeat successful
[2016-05-11 18:21:01,003][kafka.coordinator][INFO]Heartbeat successful
[2016-05-11 18:21:04,059][kafka.coordinator][INFO]Heartbeat successful
[2016-05-11 18:21:07,073][kafka.coordinator][INFO]Heartbeat successful
[2016-05-11 18:21:09,588][kafka.coordinator][INFO]Heartbeat successful
[2016-05-11 18:21:12,660][kafka.coordinator][INFO]Heartbeat successful
[2016-05-11 18:21:15,999][kafka.coordinator][INFO]Heartbeat successful
[2016-05-11 18:21:18,659][kafka.coordinator][INFO]Heartbeat successful
[2016-05-11 18:21:21,921][kafka.coordinator][INFO]Heartbeat successful
[2016-05-11 18:21:24,676][kafka.coordinator][INFO]Heartbeat successful
[2016-05-11 18:21:27,737][kafka.coordinator][INFO]Heartbeat successful
[2016-05-11 18:21:30,760][kafka.coordinator][INFO]Heartbeat successful
[2016-05-11 18:21:33,822][kafka.coordinator][INFO]Heartbeat successful
[2016-05-11 18:21:36,841][kafka.coordinator][INFO]Heartbeat successful
[2016-05-11 18:21:39,862][kafka.coordinator][INFO]Heartbeat successful
[2016-05-11 18:21:42,878][kafka.coordinator][INFO]Heartbeat successful
[2016-05-11 18:21:45,930][kafka.coordinator][INFO]Heartbeat successful
[2016-05-11 18:21:48,950][kafka.coordinator][INFO]Heartbeat successful
[2016-05-11 18:21:51,969][kafka.coordinator][INFO]Heartbeat successful
[2016-05-11 18:21:55,028][kafka.coordinator][INFO]Heartbeat successful
[2016-05-11 18:21:58,047][kafka.coordinator][INFO]Heartbeat successful
[2016-05-11 18:22:01,074][kafka.coordinator][INFO]Heartbeat successful
[2016-05-11 18:22:03,592][kafka.coordinator][INFO]Heartbeat successful
[2016-05-11 18:22:06,649][kafka.coordinator][INFO]Heartbeat successful
[2016-05-11 18:22:09,676][kafka.coordinator][INFO]Heartbeat successful
[2016-05-11 18:22:12,698][kafka.coordinator][INFO]Heartbeat successful
[2016-05-11 18:22:15,723][kafka.coordinator][INFO]Heartbeat successful
[2016-05-11 18:22:18,744][kafka.coordinator][INFO]Heartbeat successful
[2016-05-11 18:22:21,808][kafka.coordinator][INFO]Heartbeat successful
[2016-05-11 18:22:24,831][kafka.coordinator][INFO]Heartbeat successful
[2016-05-11 18:22:27,846][kafka.coordinator][INFO]Heartbeat successful
[2016-05-11 18:22:30,904][kafka.coordinator][INFO]Heartbeat successful
[2016-05-11 18:22:33,920][kafka.coordinator][INFO]Heartbeat successful
[2016-05-11 18:22:36,935][kafka.coordinator][INFO]Heartbeat successful
[2016-05-11 18:22:39,989][kafka.coordinator][INFO]Heartbeat successful
[2016-05-11 18:22:43,001][kafka.coordinator][INFO]Heartbeat successful
[2016-05-11 18:22:46,019][kafka.coordinator][INFO]Heartbeat successful
[2016-05-11 18:22:49,032][kafka.coordinator][INFO]Heartbeat successful
[2016-05-11 18:22:52,081][kafka.coordinator][WARNING]Heartbeat: group is rebalancing; this consumer needs to re-join
[2016-05-11 18:22:52,081][kafka.coordinator][WARNING]Heartbeat failed; retrying
[2016-05-11 18:22:52,182][kafka.coordinator][INFO]Skipping heartbeat: no auto-assignment or waiting on rebalance
[2016-05-11 18:22:52,586][kafka.coordinator][INFO]Joined group 'kafka-python-default-group' (generation 56) with member_id kafka-python-1.0.2-6dafebad-e984-48b7-8c59-d29c2b7460d2
[2016-05-11 18:22:52,587][kafka.coordinator][INFO]Elected group leader -- performing partition assignments using range
[2016-05-11 18:22:52,628][kafka.consumer.subscription_state][INFO]Updated partition assignment: [TopicPartition(topic=u'goodtopic', partition=0)]
[2016-05-11 18:22:55,718][kafka.coordinator][WARNING]Heartbeat: group is rebalancing; this consumer needs to re-join
[2016-05-11 18:22:55,718][kafka.coordinator][WARNING]Heartbeat failed; retrying
[2016-05-11 18:22:55,818][kafka.coordinator][INFO]Skipping heartbeat: no auto-assignment or waiting on rebalance
[2016-05-11 18:22:56,227][kafka.coordinator][INFO]Joined group 'kafka-python-default-group' (generation 57) with member_id kafka-python-1.0.2-6dafebad-e984-48b7-8c59-d29c2b7460d2
[2016-05-11 18:22:56,228][kafka.coordinator][INFO]Elected group leader -- performing partition assignments using range
[2016-05-11 18:22:56,412][kafka.coordinator][INFO]Joined group 'kafka-python-default-group' (generation 57) with member_id kafka-python-1.0.2-6dafebad-e984-48b7-8c59-d29c2b7460d2
[2016-05-11 18:22:56,412][kafka.coordinator][INFO]Elected group leader -- performing partition assignments using range
[2016-05-11 18:22:56,453][kafka.consumer.subscription_state][INFO]Updated partition assignment: [TopicPartition(topic=u'goodtopic', partition=0)]
[2016-05-11 18:22:59,552][kafka.coordinator][INFO]Heartbeat successful
[2016-05-11 18:23:02,574][kafka.coordinator][INFO]Heartbeat successful
[2016-05-11 18:23:05,585][kafka.coordinator][INFO]Heartbeat successful
[2016-05-11 18:23:08,640][kafka.coordinator][INFO]Heartbeat successful
[2016-05-11 18:23:11,657][kafka.coordinator][INFO]Heartbeat successful
[2016-05-11 18:23:14,675][kafka.coordinator][INFO]Heartbeat successful
[2016-05-11 18:23:17,732][kafka.coordinator][INFO]Heartbeat successful
[2016-05-11 18:23:20,748][kafka.coordinator][INFO]Heartbeat successful
[2016-05-11 18:23:23,764][kafka.coordinator][INFO]Heartbeat successful
[2016-05-11 18:23:26,780][kafka.coordinator][INFO]Heartbeat successful
[2016-05-11 18:23:29,835][kafka.coordinator][INFO]Heartbeat successful
[2016-05-11 18:23:32,853][kafka.coordinator][INFO]Heartbeat successful
[2016-05-11 18:23:35,866][kafka.coordinator][INFO]Heartbeat successful
[2016-05-11 18:23:38,918][kafka.coordinator][INFO]Heartbeat successful
[2016-05-11 18:23:41,931][kafka.coordinator][INFO]Heartbeat successful
[2016-05-11 18:23:44,947][kafka.coordinator][INFO]Heartbeat successful
[2016-05-11 18:23:47,501][kafka.coordinator][INFO]Heartbeat successful
[2016-05-11 18:23:50,553][kafka.coordinator][INFO]Heartbeat successful
[2016-05-11 18:23:53,565][kafka.coordinator][INFO]Heartbeat successful
[2016-05-11 18:23:56,576][kafka.coordinator][INFO]Heartbeat successful
[2016-05-11 18:23:59,628][kafka.coordinator][INFO]Heartbeat successful
[2016-05-11 18:24:02,647][kafka.coordinator][INFO]Heartbeat successful
[2016-05-11 18:24:05,659][kafka.coordinator][INFO]Heartbeat successful
[2016-05-11 18:24:08,718][kafka.coordinator][INFO]Heartbeat successful
[2016-05-11 18:24:11,730][kafka.coordinator][INFO]Heartbeat successful
[2016-05-11 18:24:14,751][kafka.coordinator][INFO]Heartbeat successful
[2016-05-11 18:24:17,810][kafka.coordinator][INFO]Heartbeat successful
[2016-05-11 18:24:20,824][kafka.coordinator][INFO]Heartbeat successful
[2016-05-11 18:24:23,839][kafka.coordinator][INFO]Heartbeat successful
[2016-05-11 18:24:26,861][kafka.coordinator][INFO]Heartbeat successful
[2016-05-11 18:24:29,916][kafka.coordinator][INFO]Heartbeat successful
[2016-05-11 18:24:32,931][kafka.coordinator][INFO]Heartbeat successful
[2016-05-11 18:24:35,482][kafka.coordinator][INFO]Heartbeat successful
[2016-05-11 18:24:38,537][kafka.coordinator][INFO]Heartbeat successful
[2016-05-11 18:24:41,560][kafka.coordinator][INFO]Heartbeat successful
[2016-05-11 18:24:44,612][kafka.coordinator][INFO]Heartbeat successful
[2016-05-11 18:24:47,626][kafka.coordinator][INFO]Heartbeat successful
[2016-05-11 18:24:50,640][kafka.coordinator][INFO]Heartbeat successful
[2016-05-11 18:24:53,693][kafka.coordinator][INFO]Heartbeat successful
[2016-05-11 18:24:56,705][kafka.coordinator][INFO]Heartbeat successful
[2016-05-11 18:24:59,720][kafka.coordinator][INFO]Heartbeat successful
[2016-05-11 18:25:02,736][kafka.coordinator][INFO]Heartbeat successful
[2016-05-11 18:25:05,787][kafka.coordinator][INFO]Heartbeat successful
[2016-05-11 18:25:08,800][kafka.coordinator][INFO]Heartbeat successful
[2016-05-11 18:25:11,819][kafka.coordinator][INFO]Heartbeat successful
[2016-05-11 18:25:14,875][kafka.coordinator][INFO]Heartbeat successful
[2016-05-11 18:25:17,891][kafka.coordinator][INFO]Heartbeat successful
[2016-05-11 18:25:20,910][kafka.coordinator][INFO]Heartbeat successful
[2016-05-11 18:25:23,961][kafka.coordinator][INFO]Heartbeat successful
[2016-05-11 18:25:26,973][kafka.coordinator][INFO]Heartbeat successful
[2016-05-11 18:25:29,484][kafka.coordinator][INFO]Heartbeat successful
[2016-05-11 18:25:32,538][kafka.coordinator][INFO]Heartbeat successful
[2016-05-11 18:25:35,556][kafka.coordinator][INFO]Heartbeat successful
[2016-05-11 18:25:38,608][kafka.coordinator][INFO]Heartbeat successful
