Beginning task setup

/usr/bin/flock
Using existing venv: /tmp/petrel-good-2-1463483423/venv
Task setup took 0 seconds
Launching: python -m petrel.run kafkaconsumer /home/pipe/twitterintel/twitterintel/topology/TopologyTweetTransformationGOOD/petrel8798_kafkaconsumer.log
/usr/local/lib/python2.7/dist-packages/petrel-0.9.4.0.3-py2.7.egg/petrel/run.py invoked with the following arguments: ['kafkaconsumer', '/home/pipe/twitterintel/twitterintel/topology/TopologyTweetTransformationGOOD/petrel8798_kafkaconsumer.log']
python version: 2.7.11
user=root
PATH=/tmp/petrel-good-2-1463483423/venv/bin:/root/SimpleScalar/simplesim-3.0:/root/SimpleScalar/bin:/root/SimpleScalar/gcc-2.6.3:/root/SimpleScalar/bin:/usr/local/sbin:/usr/local/bin:/usr/sbin:/usr/bin:/sbin:/bin:/usr/games:/usr/local/games:/home/pipe/Downloads/zookeeper-3.4.8/bin:/home/pipe/Downloads/apache-storm-0.9.4/bin
LD_LIBRARY_PATH=storm-local/supervisor/stormdist/good-2-1463483423/resources/Linux-amd64:storm-local/supervisor/stormdist/good-2-1463483423/resources:/usr/local/lib:/opt/local/lib:/usr/lib
PYTHON_EGG_CACHE=/tmp/petrel-good-2-1463483423/egg_cache
[2016-05-17 12:46:04,893][storm][INFO]Tuple profiling enabled. Will log tuple processing times.
[2016-05-17 12:46:05,274][storm][INFO]Task received setupInfo from Storm: {u'pidDir': u'/home/pipe/storm-local/workers/b79c9fe5-fd6e-44ea-9ace-48068ead9328/pids', u'conf': {u'oauth.acess_token': u' 702208758362087425-HZiyl1x7Bh98cQa1WLBDYylyu10Bpl7', u'topology.tuple.serializer': u'backtype.storm.serialization.types.ListDelegateSerializer', u'topology.workers': 1, u'drpc.worker.threads': 64, u'storm.messaging.netty.client_worker_threads': 1, u'supervisor.heartbeat.frequency.secs': 5, u'topology.executor.send.buffer.size': 1024, u'drpc.childopts': u'-Xmx768m', u'nimbus.thrift.port': 6627, u'storm.zookeeper.retry.intervalceiling.millis': 30000, u'storm.local.dir': u'storm-local', u'topology.receiver.buffer.size': 8, u'storm.zookeeper.servers': [u'localhost'], u'oauth.consumer_secret': u'ADf76fi3O1lKMzBxWnjqf93l3GHv28uar3bkblkvyBrAyoA23i', u'transactional.zookeeper.root': u'/transactional', u'drpc.request.timeout.secs': 600, u'topology.skip.missing.kryo.registrations': False, u'worker.heartbeat.frequency.secs': 1, u'zmq.hwm': 0, u'storm.zookeeper.connection.timeout': 15000, u'java.library.path': u'/usr/local/lib:/opt/local/lib:/usr/lib', u'topology.max.error.report.per.interval': 5, u'storm.messaging.netty.server_worker_threads': 1, u'storm.id': u'good-2-1463483423', u'supervisor.worker.start.timeout.secs': 120, u'zmq.threads': 1, u'topology.acker.executors': None, u'storm.messaging.netty.flush.check.interval.ms': 10, u'storm.messaging.netty.transfer.batch.size': 262144, u'topology.max.task.parallelism': None, u'topology.environment': None, u'storm.zookeeper.port': 2181, u'nimbus.childopts': u'-Xmx1024m', u'topology.classpath': None, u'worker.childopts': u'-Xmx768m', u'drpc.queue.size': 128, u'topology.multilang.serializer': u'backtype.storm.multilang.JsonSerializer', u'storm.zookeeper.retry.times': 5, u'nimbus.monitor.freq.secs': 10, u'storm.cluster.mode': u'distributed', u'dev.zookeeper.path': u'/tmp/dev-storm-zookeeper', u'drpc.invocations.port': 3773, u'topology.tasks': None, u'storm.zookeeper.root': u'/storm', u'logviewer.childopts': u'-Xmx128m', u'storm.meta.serialization.delegate': u'backtype.storm.serialization.DefaultSerializationDelegate', u'transactional.zookeeper.port': None, u'topology.worker.receiver.thread.count': 1, u'topology.worker.childopts': None, u'topology.max.spout.pending': None, u'topology.kryo.register': None, u'petrel.host': u'pipe-X550CC', u'nimbus.cleanup.inbox.freq.secs': 600, u'storm.messaging.netty.min_wait_ms': 100, u'nimbus.task.timeout.secs': 30, u'nimbus.thrift.max_buffer_size': 1048576, u'topology.sleep.spout.wait.strategy.time.ms': 1, u'nimbus.reassign': True, u'storm.messaging.transport': u'backtype.storm.messaging.netty.Context', u'logviewer.appender.name': u'A1', u'nimbus.host': u'localhost', u'ui.port': 8080, u'supervisor.slots.ports': [6700, 6701, 6702, 6703], u'nimbus.file.copy.expiration.secs': 600, u'supervisor.monitor.frequency.secs': 3, u'ui.childopts': u'-Xmx768m', u'transactional.zookeeper.servers': None, u'zmq.linger.millis': 5000, u'topology.error.throttle.interval.secs': 10, u'topology.worker.shared.thread.pool.size': 4, u'topology.executor.receive.buffer.size': 1024, u'topology.spout.wait.strategy': u'backtype.storm.spout.SleepSpoutWaitStrategy', u'task.heartbeat.frequency.secs': 3, u'topology.transfer.buffer.size': 1024, u'storm.zookeeper.session.timeout': 20000, u'storm.local.mode.zmq': False, u'topology.stats.sample.rate': 0.05, u'topology.fall.back.on.java.serialization': True, u'supervisor.childopts': u'-Xmx256m', u'topology.enable.message.timeouts': True, u'storm.messaging.netty.max_wait_ms': 1000, u'nimbus.topology.validator': u'backtype.storm.nimbus.DefaultTopologyValidator', u'nimbus.supervisor.timeout.secs': 60, u'topology.disruptor.wait.strategy': u'com.lmax.disruptor.BlockingWaitStrategy', u'storm.messaging.netty.buffer_size': 5242880, u'drpc.port': 3772, u'topology.kryo.factory': u'backtype.storm.serialization.DefaultKryoFactory', u'storm.zookeeper.retry.interval': 1000, u'storm.messaging.netty.max_retries': 300, u'topology.tick.tuple.freq.secs': 30, u'supervisor.enable': True, u'nimbus.task.launch.secs': 120, u'task.refresh.poll.secs': 10, u'topology.message.timeout.secs': 30, u'oauth.acess_token_secret': u'IiNOTfgE3tEZvW2HDQhRKPMoOLU43NXJCXk8maj51SdAT', u'petrel.user': u'root', u'nimbus.inbox.jar.expiration.secs': 3600, u'topology.state.synchronization.timeout.secs': 60, u'topology.name': u'good', u'supervisor.worker.timeout.secs': 30, u'topology.trident.batch.emit.interval.millis': 500, u'topology.builtin.metrics.bucket.size.secs': 60, u'storm.thrift.transport': u'backtype.storm.security.auth.SimpleTransportPlugin', u'logviewer.port': 8000, u'oauth.consumer_key': u'eaFmBSxUveRJfmyZYeabti9Q9', u'topology.kryo.decorators': [], u'topology.debug': False}, u'context': {u'task->component': {u'1': u'CountThreeWords', u'3': u'CountWord', u'2': u'CountTwoWords', u'5': u'ThreeWordDivider', u'4': u'KafkaConsumer', u'7': u'WordDivider', u'6': u'TwoWordDivider', u'8': u'__acker'}, u'taskid': 4}}
[2016-05-17 12:46:05,294][storm][INFO]Task sent pid to Storm
[2016-05-17 12:46:05,471][kafka.client][INFO]Broker version identifed as 0.9
[2016-05-17 12:46:05,494][kafka.consumer.subscription_state][INFO]Updating subscribed topics to: ['goodtopic']
[2016-05-17 12:46:05,577][kafka.cluster][INFO]Group coordinator for kafka-python-default-group is BrokerMetadata(nodeId=0, host=u'pipe-X550CC', port=9092)
[2016-05-17 12:46:28,548][kafka.coordinator][INFO]Joined group 'kafka-python-default-group' (generation 17) with member_id kafka-python-1.0.2-3d03b3cb-142d-49f4-a998-da05eaf34b90
[2016-05-17 12:46:28,549][kafka.coordinator][INFO]Elected group leader -- performing partition assignments using range
[2016-05-17 12:46:28,552][kafka.consumer.subscription_state][INFO]Updated partition assignment: [TopicPartition(topic=u'goodtopic', partition=0)]
[2016-05-17 12:46:31,645][kafka.coordinator][INFO]Heartbeat successful
[2016-05-17 12:46:34,661][kafka.coordinator][INFO]Heartbeat successful
[2016-05-17 12:46:37,676][kafka.coordinator][INFO]Heartbeat successful
[2016-05-17 12:46:40,737][kafka.coordinator][INFO]Heartbeat successful
[2016-05-17 12:46:43,753][kafka.coordinator][INFO]Heartbeat successful
[2016-05-17 12:46:46,774][kafka.coordinator][INFO]Heartbeat successful
[2016-05-17 12:46:49,826][kafka.coordinator][INFO]Heartbeat successful
[2016-05-17 12:46:52,842][kafka.coordinator][INFO]Heartbeat successful
[2016-05-17 12:46:55,932][kafka.coordinator][INFO]Heartbeat successful
[2016-05-17 12:46:58,947][kafka.coordinator][INFO]Heartbeat successful
[2016-05-17 12:47:01,964][kafka.coordinator][INFO]Heartbeat successful
[2016-05-17 12:47:05,015][kafka.coordinator][INFO]Heartbeat successful
[2016-05-17 12:47:08,033][kafka.coordinator][INFO]Heartbeat successful
[2016-05-17 12:47:11,048][kafka.coordinator][INFO]Heartbeat successful
[2016-05-17 12:47:14,060][kafka.coordinator][INFO]Heartbeat successful
[2016-05-17 12:47:16,612][kafka.coordinator][INFO]Heartbeat successful
[2016-05-17 12:47:19,625][kafka.coordinator][INFO]Heartbeat successful
[2016-05-17 12:47:22,636][kafka.coordinator][INFO]Heartbeat successful
[2016-05-17 12:47:25,692][kafka.coordinator][INFO]Heartbeat successful
[2016-05-17 12:47:28,709][kafka.coordinator][INFO]Heartbeat successful
[2016-05-17 12:47:31,728][kafka.coordinator][INFO]Heartbeat successful
[2016-05-17 12:47:34,784][kafka.coordinator][INFO]Heartbeat successful
[2016-05-17 12:47:37,810][kafka.coordinator][WARNING]Heartbeat: group is rebalancing; this consumer needs to re-join
[2016-05-17 12:47:37,810][kafka.coordinator][WARNING]Heartbeat failed; retrying
[2016-05-17 12:47:37,910][kafka.coordinator][INFO]Skipping heartbeat: no auto-assignment or waiting on rebalance
[2016-05-17 12:47:38,356][kafka.coordinator][INFO]Joined group 'kafka-python-default-group' (generation 18) with member_id kafka-python-1.0.2-3d03b3cb-142d-49f4-a998-da05eaf34b90
[2016-05-17 12:47:38,356][kafka.coordinator][INFO]Elected group leader -- performing partition assignments using range
[2016-05-17 12:47:38,357][kafka.coordinator.assignors.range][WARNING]No partition metadata for topic badtopic
[2016-05-17 12:47:38,499][kafka.coordinator][INFO]Joined group 'kafka-python-default-group' (generation 18) with member_id kafka-python-1.0.2-3d03b3cb-142d-49f4-a998-da05eaf34b90
[2016-05-17 12:47:38,499][kafka.coordinator][INFO]Elected group leader -- performing partition assignments using range
[2016-05-17 12:47:38,541][kafka.consumer.subscription_state][INFO]Updated partition assignment: [TopicPartition(topic=u'goodtopic', partition=0)]
[2016-05-17 12:47:41,629][kafka.coordinator][INFO]Heartbeat successful
[2016-05-17 12:47:44,644][kafka.coordinator][INFO]Heartbeat successful
[2016-05-17 12:47:47,662][kafka.coordinator][INFO]Heartbeat successful
[2016-05-17 12:47:50,718][kafka.coordinator][INFO]Heartbeat successful
[2016-05-17 12:47:53,728][kafka.coordinator][INFO]Heartbeat successful
[2016-05-17 12:47:56,743][kafka.coordinator][INFO]Heartbeat successful
[2016-05-17 12:48:00,001][kafka.coordinator][INFO]Heartbeat successful
[2016-05-17 12:48:03,020][kafka.coordinator][INFO]Heartbeat successful
[2016-05-17 12:48:05,573][kafka.coordinator][INFO]Heartbeat successful
[2016-05-17 12:48:08,626][kafka.coordinator][INFO]Heartbeat successful
[2016-05-17 12:48:11,646][kafka.coordinator][INFO]Heartbeat successful
[2016-05-17 12:48:14,703][kafka.coordinator][INFO]Heartbeat successful
[2016-05-17 12:48:17,718][kafka.coordinator][INFO]Heartbeat successful
[2016-05-17 12:48:20,728][kafka.coordinator][INFO]Heartbeat successful
[2016-05-17 12:48:23,748][kafka.coordinator][INFO]Heartbeat successful
[2016-05-17 12:48:26,801][kafka.coordinator][INFO]Heartbeat successful
[2016-05-17 12:48:29,705][kafka.coordinator][INFO]Heartbeat successful
[2016-05-17 12:48:32,717][kafka.coordinator][INFO]Heartbeat successful
[2016-05-17 12:48:35,767][kafka.coordinator][INFO]Heartbeat successful
[2016-05-17 12:48:38,784][kafka.coordinator][INFO]Heartbeat successful
[2016-05-17 12:48:41,798][kafka.coordinator][INFO]Heartbeat successful
[2016-05-17 12:48:44,814][kafka.coordinator][INFO]Heartbeat successful
[2016-05-17 12:48:47,868][kafka.coordinator][INFO]Heartbeat successful
[2016-05-17 12:48:50,884][kafka.coordinator][INFO]Heartbeat successful
[2016-05-17 12:48:53,899][kafka.coordinator][INFO]Heartbeat successful
[2016-05-17 12:48:56,955][kafka.coordinator][INFO]Heartbeat successful
[2016-05-17 12:48:59,966][kafka.coordinator][INFO]Heartbeat successful
[2016-05-17 12:49:02,983][kafka.coordinator][INFO]Heartbeat successful
[2016-05-17 12:49:06,034][kafka.coordinator][INFO]Heartbeat successful
[2016-05-17 12:49:09,046][kafka.coordinator][INFO]Heartbeat successful
[2016-05-17 12:49:12,057][kafka.coordinator][INFO]Heartbeat successful
[2016-05-17 12:49:14,570][kafka.coordinator][INFO]Heartbeat successful
[2016-05-17 12:49:17,623][kafka.coordinator][INFO]Heartbeat successful
[2016-05-17 12:49:20,673][kafka.coordinator][INFO]Heartbeat successful
[2016-05-17 12:49:23,687][kafka.coordinator][INFO]Heartbeat successful
[2016-05-17 12:49:26,701][kafka.coordinator][INFO]Heartbeat successful
[2016-05-17 12:49:29,714][kafka.coordinator][INFO]Heartbeat successful
[2016-05-17 12:49:32,773][kafka.coordinator][INFO]Heartbeat successful
[2016-05-17 12:49:35,788][kafka.coordinator][INFO]Heartbeat successful
[2016-05-17 12:49:38,801][kafka.coordinator][INFO]Heartbeat successful
[2016-05-17 12:49:41,862][kafka.coordinator][INFO]Heartbeat successful
[2016-05-17 12:49:44,892][kafka.coordinator][INFO]Heartbeat successful
[2016-05-17 12:49:47,904][kafka.coordinator][INFO]Heartbeat successful
[2016-05-17 12:49:50,955][kafka.coordinator][INFO]Heartbeat successful
[2016-05-17 12:49:53,970][kafka.coordinator][INFO]Heartbeat successful
[2016-05-17 12:49:56,982][kafka.coordinator][INFO]Heartbeat successful
[2016-05-17 12:49:59,993][kafka.coordinator][INFO]Heartbeat successful
[2016-05-17 12:50:02,663][kafka.coordinator][INFO]Heartbeat successful
[2016-05-17 12:50:05,657][kafka.coordinator][INFO]Heartbeat successful
[2016-05-17 12:50:08,746][kafka.coordinator][INFO]Heartbeat successful
[2016-05-17 12:50:11,779][kafka.coordinator][INFO]Heartbeat successful
[2016-05-17 12:50:14,745][kafka.coordinator][INFO]Heartbeat successful
[2016-05-17 12:50:17,766][kafka.coordinator][INFO]Heartbeat successful
[2016-05-17 12:50:20,782][kafka.coordinator][INFO]Heartbeat successful
[2016-05-17 12:50:23,834][kafka.coordinator][INFO]Heartbeat successful
[2016-05-17 12:50:26,853][kafka.coordinator][INFO]Heartbeat successful
[2016-05-17 12:50:29,868][kafka.coordinator][INFO]Heartbeat successful
[2016-05-17 12:50:32,921][kafka.coordinator][INFO]Heartbeat successful
[2016-05-17 12:50:35,932][kafka.coordinator][INFO]Heartbeat successful
[2016-05-17 12:50:38,948][kafka.coordinator][INFO]Heartbeat successful
[2016-05-17 12:50:41,997][kafka.coordinator][INFO]Heartbeat successful
[2016-05-17 12:50:45,014][kafka.coordinator][INFO]Heartbeat successful
[2016-05-17 12:50:48,028][kafka.coordinator][INFO]Heartbeat successful
[2016-05-17 12:50:51,040][kafka.coordinator][INFO]Heartbeat successful
[2016-05-17 12:50:54,092][kafka.coordinator][INFO]Heartbeat successful
[2016-05-17 12:50:57,107][kafka.coordinator][INFO]Heartbeat successful
[2016-05-17 12:51:00,120][kafka.coordinator][INFO]Heartbeat successful
[2016-05-17 12:51:02,673][kafka.coordinator][INFO]Heartbeat successful
[2016-05-17 12:51:05,727][kafka.coordinator][INFO]Heartbeat successful
[2016-05-17 12:51:08,740][kafka.coordinator][INFO]Heartbeat successful
[2016-05-17 12:51:11,792][kafka.coordinator][INFO]Heartbeat successful
[2016-05-17 12:51:14,805][kafka.coordinator][INFO]Heartbeat successful
[2016-05-17 12:51:17,823][kafka.coordinator][INFO]Heartbeat successful
[2016-05-17 12:51:20,836][kafka.coordinator][INFO]Heartbeat successful
[2016-05-17 12:51:23,888][kafka.coordinator][INFO]Heartbeat successful
[2016-05-17 12:51:26,904][kafka.coordinator][INFO]Heartbeat successful
[2016-05-17 12:51:29,921][kafka.coordinator][INFO]Heartbeat successful
