Beginning task setup

/usr/bin/flock
Using existing venv: /tmp/petrel-good-5-1462980106/venv
Task setup took 0 seconds
Launching: python -m petrel.run kafkaconsumer /home/pipe/twitterintel/twitterintel/topology/TopologyTweetTransformationGOOD/petrel12928_kafkaconsumer.log
/usr/local/lib/python2.7/dist-packages/petrel-0.9.4.0.3-py2.7.egg/petrel/run.py invoked with the following arguments: ['kafkaconsumer', '/home/pipe/twitterintel/twitterintel/topology/TopologyTweetTransformationGOOD/petrel12928_kafkaconsumer.log']
python version: 2.7.11
user=root
PATH=/tmp/petrel-good-5-1462980106/venv/bin:/root/SimpleScalar/simplesim-3.0:/root/SimpleScalar/bin:/root/SimpleScalar/gcc-2.6.3:/root/SimpleScalar/bin:/usr/local/sbin:/usr/local/bin:/usr/sbin:/usr/bin:/sbin:/bin:/usr/games:/usr/local/games:/home/pipe/Downloads/zookeeper-3.4.8/bin:/home/pipe/Downloads/apache-storm-0.9.4/bin
LD_LIBRARY_PATH=storm-local/supervisor/stormdist/good-5-1462980106/resources/Linux-amd64:storm-local/supervisor/stormdist/good-5-1462980106/resources:/usr/local/lib:/opt/local/lib:/usr/lib
PYTHON_EGG_CACHE=/tmp/petrel-good-5-1462980106/egg_cache
[2016-05-11 16:57:34,709][storm][INFO]Tuple profiling enabled. Will log tuple processing times.
[2016-05-11 16:57:35,326][storm][INFO]Task received setupInfo from Storm: {u'pidDir': u'/home/pipe/storm-local/workers/351d53be-9aea-4064-842b-123f915a4030/pids', u'conf': {u'oauth.acess_token': u' 702208758362087425-HZiyl1x7Bh98cQa1WLBDYylyu10Bpl7', u'topology.tuple.serializer': u'backtype.storm.serialization.types.ListDelegateSerializer', u'topology.workers': 1, u'drpc.worker.threads': 64, u'storm.messaging.netty.client_worker_threads': 1, u'supervisor.heartbeat.frequency.secs': 5, u'topology.executor.send.buffer.size': 1024, u'drpc.childopts': u'-Xmx768m', u'nimbus.thrift.port': 6627, u'storm.zookeeper.retry.intervalceiling.millis': 30000, u'storm.local.dir': u'storm-local', u'topology.receiver.buffer.size': 8, u'storm.zookeeper.servers': [u'localhost'], u'oauth.consumer_secret': u'ADf76fi3O1lKMzBxWnjqf93l3GHv28uar3bkblkvyBrAyoA23i', u'transactional.zookeeper.root': u'/transactional', u'drpc.request.timeout.secs': 600, u'topology.skip.missing.kryo.registrations': False, u'worker.heartbeat.frequency.secs': 1, u'zmq.hwm': 0, u'storm.zookeeper.connection.timeout': 15000, u'java.library.path': u'/usr/local/lib:/opt/local/lib:/usr/lib', u'topology.max.error.report.per.interval': 5, u'storm.messaging.netty.server_worker_threads': 1, u'storm.id': u'good-5-1462980106', u'supervisor.worker.start.timeout.secs': 120, u'zmq.threads': 1, u'topology.acker.executors': None, u'storm.messaging.netty.flush.check.interval.ms': 10, u'storm.messaging.netty.transfer.batch.size': 262144, u'topology.max.task.parallelism': None, u'topology.environment': None, u'storm.zookeeper.port': 2181, u'nimbus.childopts': u'-Xmx1024m', u'topology.classpath': None, u'worker.childopts': u'-Xmx768m', u'drpc.queue.size': 128, u'topology.multilang.serializer': u'backtype.storm.multilang.JsonSerializer', u'storm.zookeeper.retry.times': 5, u'nimbus.monitor.freq.secs': 10, u'storm.cluster.mode': u'distributed', u'dev.zookeeper.path': u'/tmp/dev-storm-zookeeper', u'drpc.invocations.port': 3773, u'topology.tasks': None, u'storm.zookeeper.root': u'/storm', u'logviewer.childopts': u'-Xmx128m', u'storm.meta.serialization.delegate': u'backtype.storm.serialization.DefaultSerializationDelegate', u'transactional.zookeeper.port': None, u'topology.worker.receiver.thread.count': 1, u'topology.worker.childopts': None, u'topology.max.spout.pending': None, u'topology.kryo.register': None, u'petrel.host': u'pipe-X550CC', u'nimbus.cleanup.inbox.freq.secs': 600, u'storm.messaging.netty.min_wait_ms': 100, u'nimbus.task.timeout.secs': 30, u'nimbus.thrift.max_buffer_size': 1048576, u'topology.sleep.spout.wait.strategy.time.ms': 1, u'nimbus.reassign': True, u'storm.messaging.transport': u'backtype.storm.messaging.netty.Context', u'logviewer.appender.name': u'A1', u'nimbus.host': u'localhost', u'ui.port': 8080, u'supervisor.slots.ports': [6700, 6701, 6702, 6703], u'nimbus.file.copy.expiration.secs': 600, u'supervisor.monitor.frequency.secs': 3, u'ui.childopts': u'-Xmx768m', u'transactional.zookeeper.servers': None, u'zmq.linger.millis': 5000, u'topology.error.throttle.interval.secs': 10, u'topology.worker.shared.thread.pool.size': 4, u'topology.executor.receive.buffer.size': 1024, u'topology.spout.wait.strategy': u'backtype.storm.spout.SleepSpoutWaitStrategy', u'task.heartbeat.frequency.secs': 3, u'topology.transfer.buffer.size': 1024, u'storm.zookeeper.session.timeout': 20000, u'storm.local.mode.zmq': False, u'topology.stats.sample.rate': 0.05, u'topology.fall.back.on.java.serialization': True, u'supervisor.childopts': u'-Xmx256m', u'topology.enable.message.timeouts': True, u'storm.messaging.netty.max_wait_ms': 1000, u'nimbus.topology.validator': u'backtype.storm.nimbus.DefaultTopologyValidator', u'nimbus.supervisor.timeout.secs': 60, u'topology.disruptor.wait.strategy': u'com.lmax.disruptor.BlockingWaitStrategy', u'storm.messaging.netty.buffer_size': 5242880, u'drpc.port': 3772, u'topology.kryo.factory': u'backtype.storm.serialization.DefaultKryoFactory', u'storm.zookeeper.retry.interval': 1000, u'storm.messaging.netty.max_retries': 300, u'topology.tick.tuple.freq.secs': 30, u'supervisor.enable': True, u'nimbus.task.launch.secs': 120, u'task.refresh.poll.secs': 10, u'topology.message.timeout.secs': 30, u'oauth.acess_token_secret': u'IiNOTfgE3tEZvW2HDQhRKPMoOLU43NXJCXk8maj51SdAT', u'petrel.user': u'root', u'nimbus.inbox.jar.expiration.secs': 3600, u'topology.state.synchronization.timeout.secs': 60, u'topology.name': u'good', u'supervisor.worker.timeout.secs': 30, u'topology.trident.batch.emit.interval.millis': 500, u'topology.builtin.metrics.bucket.size.secs': 60, u'storm.thrift.transport': u'backtype.storm.security.auth.SimpleTransportPlugin', u'logviewer.port': 8000, u'oauth.consumer_key': u'eaFmBSxUveRJfmyZYeabti9Q9', u'topology.kryo.decorators': [], u'topology.debug': False}, u'context': {u'task->component': {u'1': u'CountThreeWords', u'3': u'CountWord', u'2': u'CountTwoWords', u'5': u'ThreeWordDivider', u'4': u'KafkaConsumer', u'7': u'WordDivider', u'6': u'TwoWordDivider', u'8': u'__acker'}, u'taskid': 4}}
[2016-05-11 16:57:35,372][storm][INFO]Task sent pid to Storm
[2016-05-11 16:57:35,615][kafka.client][INFO]Broker version identifed as 0.9
[2016-05-11 16:57:35,618][kafka.consumer.subscription_state][INFO]Updating subscribed topics to: ['goodtopic']
[2016-05-11 16:57:35,700][kafka.cluster][INFO]Group coordinator for kafka-python-default-group is BrokerMetadata(nodeId=0, host=u'pipe-X550CC', port=9092)
[2016-05-11 16:57:36,517][kafka.coordinator][INFO]Joined group 'kafka-python-default-group' (generation 16) with member_id kafka-python-1.0.2-6dd2bc41-c8cb-4049-9b18-5ef0d91e38a0
[2016-05-11 16:57:36,558][kafka.consumer.subscription_state][INFO]Updated partition assignment: [TopicPartition(topic=u'goodtopic', partition=0)]
[2016-05-11 16:57:39,613][kafka.coordinator][INFO]Heartbeat successful
[2016-05-11 16:57:42,633][kafka.coordinator][INFO]Heartbeat successful
[2016-05-11 16:57:45,652][kafka.coordinator][INFO]Heartbeat successful
[2016-05-11 16:57:48,710][kafka.coordinator][INFO]Heartbeat successful
[2016-05-11 16:57:51,721][kafka.coordinator][INFO]Heartbeat successful
[2016-05-11 16:57:54,738][kafka.coordinator][INFO]Heartbeat successful
[2016-05-11 16:57:57,793][kafka.coordinator][INFO]Heartbeat successful
[2016-05-11 16:58:00,808][kafka.coordinator][INFO]Heartbeat successful
[2016-05-11 16:58:03,829][kafka.coordinator][INFO]Heartbeat successful
[2016-05-11 16:58:06,849][kafka.coordinator][INFO]Heartbeat successful
[2016-05-11 16:58:09,905][kafka.coordinator][INFO]Heartbeat successful
[2016-05-11 16:58:12,943][kafka.coordinator][INFO]Heartbeat successful
[2016-05-11 16:58:15,959][kafka.coordinator][INFO]Heartbeat successful
[2016-05-11 16:58:19,015][kafka.coordinator][INFO]Heartbeat successful
[2016-05-11 16:58:22,029][kafka.coordinator][INFO]Heartbeat successful
[2016-05-11 16:58:25,048][kafka.coordinator][INFO]Heartbeat successful
[2016-05-11 16:58:27,601][kafka.coordinator][INFO]Heartbeat successful
[2016-05-11 16:58:30,654][kafka.coordinator][INFO]Heartbeat successful
[2016-05-11 16:58:33,670][kafka.coordinator][INFO]Heartbeat successful
[2016-05-11 16:58:36,692][kafka.coordinator][INFO]Heartbeat successful
[2016-05-11 16:58:39,749][kafka.coordinator][INFO]Heartbeat successful
[2016-05-11 16:58:42,768][kafka.coordinator][INFO]Heartbeat successful
[2016-05-11 16:58:45,785][kafka.coordinator][INFO]Heartbeat successful
[2016-05-11 16:58:48,841][kafka.coordinator][INFO]Heartbeat successful
[2016-05-11 16:58:51,853][kafka.coordinator][INFO]Heartbeat successful
[2016-05-11 16:58:54,866][kafka.coordinator][INFO]Heartbeat successful
[2016-05-11 16:58:57,932][kafka.coordinator][INFO]Heartbeat successful
[2016-05-11 16:59:00,948][kafka.coordinator][INFO]Heartbeat successful
[2016-05-11 16:59:03,967][kafka.coordinator][INFO]Heartbeat successful
[2016-05-11 16:59:06,983][kafka.coordinator][INFO]Heartbeat successful
[2016-05-11 16:59:10,041][kafka.coordinator][INFO]Heartbeat successful
[2016-05-11 16:59:13,058][kafka.coordinator][INFO]Heartbeat successful
[2016-05-11 16:59:16,072][kafka.coordinator][INFO]Heartbeat successful
[2016-05-11 16:59:18,623][kafka.coordinator][INFO]Heartbeat successful
[2016-05-11 16:59:21,634][kafka.coordinator][INFO]Heartbeat successful
[2016-05-11 16:59:24,648][kafka.coordinator][INFO]Heartbeat successful
[2016-05-11 16:59:27,670][kafka.coordinator][INFO]Heartbeat successful
[2016-05-11 16:59:30,725][kafka.coordinator][INFO]Heartbeat successful
[2016-05-11 16:59:33,737][kafka.coordinator][INFO]Heartbeat successful
[2016-05-11 16:59:36,754][kafka.coordinator][INFO]Heartbeat successful
[2016-05-11 16:59:39,805][kafka.coordinator][INFO]Heartbeat successful
[2016-05-11 16:59:42,820][kafka.coordinator][INFO]Heartbeat successful
[2016-05-11 16:59:45,837][kafka.coordinator][INFO]Heartbeat successful
[2016-05-11 16:59:48,893][kafka.coordinator][INFO]Heartbeat successful
[2016-05-11 16:59:51,911][kafka.coordinator][INFO]Heartbeat successful
[2016-05-11 16:59:54,929][kafka.coordinator][INFO]Heartbeat successful
[2016-05-11 16:59:57,945][kafka.coordinator][INFO]Heartbeat successful
[2016-05-11 17:00:00,998][kafka.coordinator][INFO]Heartbeat successful
[2016-05-11 17:00:04,017][kafka.coordinator][INFO]Heartbeat successful
[2016-05-11 17:00:07,032][kafka.coordinator][INFO]Heartbeat successful
[2016-05-11 17:00:09,587][kafka.coordinator][INFO]Heartbeat successful
[2016-05-11 17:00:12,639][kafka.coordinator][INFO]Heartbeat successful
[2016-05-11 17:00:15,652][kafka.coordinator][INFO]Heartbeat successful
[2016-05-11 17:00:18,706][kafka.coordinator][INFO]Heartbeat successful
[2016-05-11 17:00:21,717][kafka.coordinator][INFO]Heartbeat successful
[2016-05-11 17:00:24,730][kafka.coordinator][INFO]Heartbeat successful
[2016-05-11 17:00:27,745][kafka.coordinator][INFO]Heartbeat successful
[2016-05-11 17:00:30,879][kafka.coordinator][WARNING]Heartbeat: group is rebalancing; this consumer needs to re-join
[2016-05-11 17:00:30,887][kafka.coordinator][WARNING]Heartbeat failed; retrying
[2016-05-11 17:00:30,988][kafka.coordinator][INFO]Skipping heartbeat: no auto-assignment or waiting on rebalance
[2016-05-11 17:00:31,395][kafka.coordinator][INFO]Joined group 'kafka-python-default-group' (generation 17) with member_id kafka-python-1.0.2-6dd2bc41-c8cb-4049-9b18-5ef0d91e38a0
[2016-05-11 17:00:31,396][kafka.coordinator][INFO]Elected group leader -- performing partition assignments using range
[2016-05-11 17:00:31,439][kafka.consumer.subscription_state][INFO]Updated partition assignment: [TopicPartition(topic=u'goodtopic', partition=0)]
[2016-05-11 17:00:34,551][kafka.coordinator][INFO]Heartbeat successful
[2016-05-11 17:00:37,566][kafka.coordinator][INFO]Heartbeat successful
[2016-05-11 17:00:40,577][kafka.coordinator][WARNING]Heartbeat: group is rebalancing; this consumer needs to re-join
[2016-05-11 17:00:40,577][kafka.coordinator][WARNING]Heartbeat failed; retrying
[2016-05-11 17:00:40,677][kafka.coordinator][INFO]Skipping heartbeat: no auto-assignment or waiting on rebalance
[2016-05-11 17:00:41,081][kafka.coordinator][INFO]Joined group 'kafka-python-default-group' (generation 18) with member_id kafka-python-1.0.2-6dd2bc41-c8cb-4049-9b18-5ef0d91e38a0
[2016-05-11 17:00:41,081][kafka.coordinator][INFO]Elected group leader -- performing partition assignments using range
[2016-05-11 17:00:41,081][kafka.coordinator.assignors.range][WARNING]No partition metadata for topic instanttopic
[2016-05-11 17:00:41,260][kafka.coordinator][INFO]Joined group 'kafka-python-default-group' (generation 18) with member_id kafka-python-1.0.2-6dd2bc41-c8cb-4049-9b18-5ef0d91e38a0
[2016-05-11 17:00:41,260][kafka.coordinator][INFO]Elected group leader -- performing partition assignments using range
[2016-05-11 17:00:41,301][kafka.consumer.subscription_state][INFO]Updated partition assignment: [TopicPartition(topic=u'goodtopic', partition=0)]
[2016-05-11 17:00:44,399][kafka.coordinator][INFO]Heartbeat successful
[2016-05-11 17:00:47,418][kafka.coordinator][INFO]Heartbeat successful
[2016-05-11 17:00:50,438][kafka.coordinator][INFO]Heartbeat successful
[2016-05-11 17:00:53,497][kafka.coordinator][INFO]Heartbeat successful
[2016-05-11 17:00:56,517][kafka.coordinator][INFO]Heartbeat successful
[2016-05-11 17:00:59,538][kafka.coordinator][INFO]Heartbeat successful
[2016-05-11 17:01:02,597][kafka.coordinator][INFO]Heartbeat successful
[2016-05-11 17:01:05,617][kafka.coordinator][INFO]Heartbeat successful
[2016-05-11 17:01:08,637][kafka.coordinator][INFO]Heartbeat successful
[2016-05-11 17:01:11,655][kafka.coordinator][INFO]Heartbeat successful
[2016-05-11 17:01:14,709][kafka.coordinator][INFO]Heartbeat successful
[2016-05-11 17:01:17,723][kafka.coordinator][INFO]Heartbeat successful
[2016-05-11 17:01:20,741][kafka.coordinator][INFO]Heartbeat successful
[2016-05-11 17:01:23,798][kafka.coordinator][INFO]Heartbeat successful
[2016-05-11 17:01:26,814][kafka.coordinator][INFO]Heartbeat successful
[2016-05-11 17:01:29,326][kafka.coordinator][INFO]Heartbeat successful
[2016-05-11 17:01:32,382][kafka.coordinator][INFO]Heartbeat successful
[2016-05-11 17:01:35,403][kafka.coordinator][INFO]Heartbeat successful
[2016-05-11 17:01:38,460][kafka.coordinator][INFO]Heartbeat successful
[2016-05-11 17:01:41,477][kafka.coordinator][INFO]Heartbeat successful
[2016-05-11 17:01:44,495][kafka.coordinator][INFO]Heartbeat successful
[2016-05-11 17:01:47,548][kafka.coordinator][INFO]Heartbeat successful
[2016-05-11 17:01:50,564][kafka.coordinator][INFO]Heartbeat successful
[2016-05-11 17:01:53,580][kafka.coordinator][INFO]Heartbeat successful
[2016-05-11 17:01:56,594][kafka.coordinator][INFO]Heartbeat successful
[2016-05-11 17:01:59,653][kafka.coordinator][INFO]Heartbeat successful
[2016-05-11 17:02:02,673][kafka.coordinator][INFO]Heartbeat successful
[2016-05-11 17:02:05,690][kafka.coordinator][INFO]Heartbeat successful
[2016-05-11 17:02:08,746][kafka.coordinator][INFO]Heartbeat successful
[2016-05-11 17:02:11,762][kafka.coordinator][INFO]Heartbeat successful
[2016-05-11 17:02:14,777][kafka.coordinator][INFO]Heartbeat successful
[2016-05-11 17:02:17,830][kafka.coordinator][INFO]Heartbeat successful
[2016-05-11 17:02:20,347][kafka.coordinator][INFO]Heartbeat successful
[2016-05-11 17:02:23,399][kafka.coordinator][INFO]Heartbeat successful
[2016-05-11 17:02:26,419][kafka.coordinator][INFO]Heartbeat successful
[2016-05-11 17:02:29,476][kafka.coordinator][INFO]Heartbeat successful
[2016-05-11 17:02:32,496][kafka.coordinator][INFO]Heartbeat successful
[2016-05-11 17:02:35,514][kafka.coordinator][INFO]Heartbeat successful
[2016-05-11 17:02:38,576][kafka.coordinator][INFO]Heartbeat successful
[2016-05-11 17:02:41,591][kafka.coordinator][INFO]Heartbeat successful
[2016-05-11 17:02:44,609][kafka.coordinator][INFO]Heartbeat successful
[2016-05-11 17:02:47,624][kafka.coordinator][INFO]Heartbeat successful
[2016-05-11 17:02:50,680][kafka.coordinator][INFO]Heartbeat successful
[2016-05-11 17:02:53,693][kafka.coordinator][INFO]Heartbeat successful
[2016-05-11 17:02:56,708][kafka.coordinator][INFO]Heartbeat successful
[2016-05-11 17:02:59,760][kafka.coordinator][INFO]Heartbeat successful
