Beginning task setup

/usr/bin/flock
Using existing venv: /tmp/petrel-good-5-1462980106/venv
Task setup took 0 seconds
Launching: python -m petrel.run kafkaconsumer /home/pipe/twitterintel/twitterintel/topology/TopologyTweetTransformationGOOD/petrel27765_kafkaconsumer.log
/usr/local/lib/python2.7/dist-packages/petrel-0.9.4.0.3-py2.7.egg/petrel/run.py invoked with the following arguments: ['kafkaconsumer', '/home/pipe/twitterintel/twitterintel/topology/TopologyTweetTransformationGOOD/petrel27765_kafkaconsumer.log']
python version: 2.7.11
user=root
PATH=/tmp/petrel-good-5-1462980106/venv/bin:/root/SimpleScalar/simplesim-3.0:/root/SimpleScalar/bin:/root/SimpleScalar/gcc-2.6.3:/root/SimpleScalar/bin:/usr/local/sbin:/usr/local/bin:/usr/sbin:/usr/bin:/sbin:/bin:/usr/games:/usr/local/games:/home/pipe/Downloads/zookeeper-3.4.8/bin:/home/pipe/Downloads/apache-storm-0.9.4/bin
LD_LIBRARY_PATH=storm-local/supervisor/stormdist/good-5-1462980106/resources/Linux-amd64:storm-local/supervisor/stormdist/good-5-1462980106/resources:/usr/local/lib:/opt/local/lib:/usr/lib
PYTHON_EGG_CACHE=/tmp/petrel-good-5-1462980106/egg_cache
[2016-05-11 18:08:31,855][storm][INFO]Tuple profiling enabled. Will log tuple processing times.
[2016-05-11 18:08:32,278][storm][INFO]Task received setupInfo from Storm: {u'pidDir': u'/home/pipe/storm-local/workers/1f2307ad-b708-4f3b-9f5c-6bc9dda6d2b7/pids', u'conf': {u'oauth.acess_token': u' 702208758362087425-HZiyl1x7Bh98cQa1WLBDYylyu10Bpl7', u'topology.tuple.serializer': u'backtype.storm.serialization.types.ListDelegateSerializer', u'topology.workers': 1, u'drpc.worker.threads': 64, u'storm.messaging.netty.client_worker_threads': 1, u'supervisor.heartbeat.frequency.secs': 5, u'topology.executor.send.buffer.size': 1024, u'drpc.childopts': u'-Xmx768m', u'nimbus.thrift.port': 6627, u'storm.zookeeper.retry.intervalceiling.millis': 30000, u'storm.local.dir': u'storm-local', u'topology.receiver.buffer.size': 8, u'storm.zookeeper.servers': [u'localhost'], u'oauth.consumer_secret': u'ADf76fi3O1lKMzBxWnjqf93l3GHv28uar3bkblkvyBrAyoA23i', u'transactional.zookeeper.root': u'/transactional', u'drpc.request.timeout.secs': 600, u'topology.skip.missing.kryo.registrations': False, u'worker.heartbeat.frequency.secs': 1, u'zmq.hwm': 0, u'storm.zookeeper.connection.timeout': 15000, u'java.library.path': u'/usr/local/lib:/opt/local/lib:/usr/lib', u'topology.max.error.report.per.interval': 5, u'storm.messaging.netty.server_worker_threads': 1, u'storm.id': u'good-5-1462980106', u'supervisor.worker.start.timeout.secs': 120, u'zmq.threads': 1, u'topology.acker.executors': None, u'storm.messaging.netty.flush.check.interval.ms': 10, u'storm.messaging.netty.transfer.batch.size': 262144, u'topology.max.task.parallelism': None, u'topology.environment': None, u'storm.zookeeper.port': 2181, u'nimbus.childopts': u'-Xmx1024m', u'topology.classpath': None, u'worker.childopts': u'-Xmx768m', u'drpc.queue.size': 128, u'topology.multilang.serializer': u'backtype.storm.multilang.JsonSerializer', u'storm.zookeeper.retry.times': 5, u'nimbus.monitor.freq.secs': 10, u'storm.cluster.mode': u'distributed', u'dev.zookeeper.path': u'/tmp/dev-storm-zookeeper', u'drpc.invocations.port': 3773, u'topology.tasks': None, u'storm.zookeeper.root': u'/storm', u'logviewer.childopts': u'-Xmx128m', u'storm.meta.serialization.delegate': u'backtype.storm.serialization.DefaultSerializationDelegate', u'transactional.zookeeper.port': None, u'topology.worker.receiver.thread.count': 1, u'topology.worker.childopts': None, u'topology.max.spout.pending': None, u'topology.kryo.register': None, u'petrel.host': u'pipe-X550CC', u'nimbus.cleanup.inbox.freq.secs': 600, u'storm.messaging.netty.min_wait_ms': 100, u'nimbus.task.timeout.secs': 30, u'nimbus.thrift.max_buffer_size': 1048576, u'topology.sleep.spout.wait.strategy.time.ms': 1, u'nimbus.reassign': True, u'storm.messaging.transport': u'backtype.storm.messaging.netty.Context', u'logviewer.appender.name': u'A1', u'nimbus.host': u'localhost', u'ui.port': 8080, u'supervisor.slots.ports': [6700, 6701, 6702, 6703], u'nimbus.file.copy.expiration.secs': 600, u'supervisor.monitor.frequency.secs': 3, u'ui.childopts': u'-Xmx768m', u'transactional.zookeeper.servers': None, u'zmq.linger.millis': 5000, u'topology.error.throttle.interval.secs': 10, u'topology.worker.shared.thread.pool.size': 4, u'topology.executor.receive.buffer.size': 1024, u'topology.spout.wait.strategy': u'backtype.storm.spout.SleepSpoutWaitStrategy', u'task.heartbeat.frequency.secs': 3, u'topology.transfer.buffer.size': 1024, u'storm.zookeeper.session.timeout': 20000, u'storm.local.mode.zmq': False, u'topology.stats.sample.rate': 0.05, u'topology.fall.back.on.java.serialization': True, u'supervisor.childopts': u'-Xmx256m', u'topology.enable.message.timeouts': True, u'storm.messaging.netty.max_wait_ms': 1000, u'nimbus.topology.validator': u'backtype.storm.nimbus.DefaultTopologyValidator', u'nimbus.supervisor.timeout.secs': 60, u'topology.disruptor.wait.strategy': u'com.lmax.disruptor.BlockingWaitStrategy', u'storm.messaging.netty.buffer_size': 5242880, u'drpc.port': 3772, u'topology.kryo.factory': u'backtype.storm.serialization.DefaultKryoFactory', u'storm.zookeeper.retry.interval': 1000, u'storm.messaging.netty.max_retries': 300, u'topology.tick.tuple.freq.secs': 30, u'supervisor.enable': True, u'nimbus.task.launch.secs': 120, u'task.refresh.poll.secs': 10, u'topology.message.timeout.secs': 30, u'oauth.acess_token_secret': u'IiNOTfgE3tEZvW2HDQhRKPMoOLU43NXJCXk8maj51SdAT', u'petrel.user': u'root', u'nimbus.inbox.jar.expiration.secs': 3600, u'topology.state.synchronization.timeout.secs': 60, u'topology.name': u'good', u'supervisor.worker.timeout.secs': 30, u'topology.trident.batch.emit.interval.millis': 500, u'topology.builtin.metrics.bucket.size.secs': 60, u'storm.thrift.transport': u'backtype.storm.security.auth.SimpleTransportPlugin', u'logviewer.port': 8000, u'oauth.consumer_key': u'eaFmBSxUveRJfmyZYeabti9Q9', u'topology.kryo.decorators': [], u'topology.debug': False}, u'context': {u'task->component': {u'1': u'CountThreeWords', u'3': u'CountWord', u'2': u'CountTwoWords', u'5': u'ThreeWordDivider', u'4': u'KafkaConsumer', u'7': u'WordDivider', u'6': u'TwoWordDivider', u'8': u'__acker'}, u'taskid': 4}}
[2016-05-11 18:08:32,285][storm][INFO]Task sent pid to Storm
[2016-05-11 18:08:32,473][kafka.client][INFO]Broker version identifed as 0.9
[2016-05-11 18:08:32,482][kafka.consumer.subscription_state][INFO]Updating subscribed topics to: ['goodtopic']
[2016-05-11 18:08:32,560][kafka.cluster][INFO]Group coordinator for kafka-python-default-group is BrokerMetadata(nodeId=0, host=u'pipe-X550CC', port=9092)
[2016-05-11 18:08:39,364][kafka.coordinator][INFO]Joined group 'kafka-python-default-group' (generation 51) with member_id kafka-python-1.0.2-a8fe5522-326a-45a5-afdd-dd2f930214b6
[2016-05-11 18:08:39,551][kafka.consumer.subscription_state][INFO]Updated partition assignment: [TopicPartition(topic=u'goodtopic', partition=0)]
[2016-05-11 18:08:42,606][kafka.coordinator][INFO]Heartbeat successful
[2016-05-11 18:08:45,628][kafka.coordinator][INFO]Heartbeat successful
[2016-05-11 18:08:48,648][kafka.coordinator][INFO]Heartbeat successful
[2016-05-11 18:08:51,712][kafka.coordinator][INFO]Heartbeat successful
[2016-05-11 18:08:54,729][kafka.coordinator][INFO]Heartbeat successful
[2016-05-11 18:08:57,752][kafka.coordinator][INFO]Heartbeat successful
[2016-05-11 18:09:00,818][kafka.coordinator][INFO]Heartbeat successful
[2016-05-11 18:09:03,834][kafka.coordinator][INFO]Heartbeat successful
[2016-05-11 18:09:06,855][kafka.coordinator][INFO]Heartbeat successful
[2016-05-11 18:09:09,874][kafka.coordinator][INFO]Heartbeat successful
[2016-05-11 18:09:12,927][kafka.coordinator][INFO]Heartbeat successful
[2016-05-11 18:09:15,947][kafka.coordinator][INFO]Heartbeat successful
[2016-05-11 18:09:18,963][kafka.coordinator][INFO]Heartbeat successful
[2016-05-11 18:09:22,022][kafka.coordinator][INFO]Heartbeat successful
[2016-05-11 18:09:25,040][kafka.coordinator][INFO]Heartbeat successful
[2016-05-11 18:09:28,059][kafka.coordinator][INFO]Heartbeat successful
[2016-05-11 18:09:30,619][kafka.coordinator][INFO]Heartbeat successful
[2016-05-11 18:09:33,634][kafka.coordinator][INFO]Heartbeat successful
[2016-05-11 18:09:36,656][kafka.coordinator][INFO]Heartbeat successful
[2016-05-11 18:09:39,674][kafka.coordinator][INFO]Heartbeat successful
[2016-05-11 18:09:42,732][kafka.coordinator][INFO]Heartbeat successful
[2016-05-11 18:09:45,745][kafka.coordinator][INFO]Heartbeat successful
[2016-05-11 18:09:48,759][kafka.coordinator][INFO]Heartbeat successful
[2016-05-11 18:09:51,814][kafka.coordinator][INFO]Heartbeat successful
[2016-05-11 18:09:54,829][kafka.coordinator][INFO]Heartbeat successful
[2016-05-11 18:09:57,847][kafka.coordinator][INFO]Heartbeat successful
[2016-05-11 18:10:00,903][kafka.coordinator][INFO]Heartbeat successful
[2016-05-11 18:10:03,918][kafka.coordinator][INFO]Heartbeat successful
[2016-05-11 18:10:06,939][kafka.coordinator][INFO]Heartbeat successful
[2016-05-11 18:10:09,959][kafka.coordinator][INFO]Heartbeat successful
[2016-05-11 18:10:13,016][kafka.coordinator][INFO]Heartbeat successful
[2016-05-11 18:10:15,829][kafka.coordinator][INFO]Heartbeat successful
[2016-05-11 18:10:18,857][kafka.coordinator][INFO]Heartbeat successful
[2016-05-11 18:10:21,886][kafka.coordinator][INFO]Heartbeat successful
[2016-05-11 18:10:24,906][kafka.coordinator][INFO]Heartbeat successful
[2016-05-11 18:10:27,969][kafka.coordinator][INFO]Heartbeat successful
[2016-05-11 18:10:30,994][kafka.coordinator][INFO]Heartbeat successful
[2016-05-11 18:10:34,026][kafka.coordinator][INFO]Heartbeat successful
[2016-05-11 18:10:37,047][kafka.coordinator][INFO]Heartbeat successful
[2016-05-11 18:10:40,066][kafka.coordinator][INFO]Heartbeat successful
[2016-05-11 18:10:42,619][kafka.coordinator][INFO]Heartbeat successful
[2016-05-11 18:10:45,633][kafka.coordinator][INFO]Heartbeat successful
[2016-05-11 18:10:48,650][kafka.coordinator][INFO]Heartbeat successful
[2016-05-11 18:10:51,708][kafka.coordinator][INFO]Heartbeat successful
[2016-05-11 18:10:54,722][kafka.coordinator][INFO]Heartbeat successful
[2016-05-11 18:10:57,743][kafka.coordinator][INFO]Heartbeat successful
[2016-05-11 18:11:00,763][kafka.coordinator][INFO]Heartbeat successful
[2016-05-11 18:11:03,816][kafka.coordinator][INFO]Heartbeat successful
[2016-05-11 18:11:06,831][kafka.coordinator][INFO]Heartbeat successful
[2016-05-11 18:11:09,846][kafka.coordinator][WARNING]Heartbeat: group is rebalancing; this consumer needs to re-join
[2016-05-11 18:11:09,846][kafka.coordinator][WARNING]Heartbeat failed; retrying
[2016-05-11 18:11:09,947][kafka.coordinator][INFO]Skipping heartbeat: no auto-assignment or waiting on rebalance
[2016-05-11 18:11:10,355][kafka.coordinator][INFO]Joined group 'kafka-python-default-group' (generation 52) with member_id kafka-python-1.0.2-a8fe5522-326a-45a5-afdd-dd2f930214b6
[2016-05-11 18:11:10,537][kafka.consumer.subscription_state][INFO]Updated partition assignment: [TopicPartition(topic=u'goodtopic', partition=0)]
[2016-05-11 18:11:13,600][kafka.coordinator][INFO]Heartbeat successful
[2016-05-11 18:11:16,627][kafka.coordinator][INFO]Heartbeat successful
[2016-05-11 18:11:19,648][kafka.coordinator][INFO]Heartbeat successful
[2016-05-11 18:11:22,709][kafka.coordinator][INFO]Heartbeat successful
[2016-05-11 18:11:25,729][kafka.coordinator][INFO]Heartbeat successful
[2016-05-11 18:11:28,755][kafka.coordinator][INFO]Heartbeat successful
[2016-05-11 18:11:31,816][kafka.coordinator][INFO]Heartbeat successful
[2016-05-11 18:11:34,836][kafka.coordinator][INFO]Heartbeat successful
[2016-05-11 18:11:37,861][kafka.coordinator][INFO]Heartbeat successful
[2016-05-11 18:11:40,877][kafka.coordinator][INFO]Heartbeat successful
[2016-05-11 18:11:43,935][kafka.coordinator][INFO]Heartbeat successful
[2016-05-11 18:11:46,960][kafka.coordinator][INFO]Heartbeat successful
[2016-05-11 18:11:49,977][kafka.coordinator][INFO]Heartbeat successful
[2016-05-11 18:11:53,040][kafka.coordinator][INFO]Heartbeat successful
[2016-05-11 18:11:55,560][kafka.coordinator][INFO]Heartbeat successful
[2016-05-11 18:11:58,620][kafka.coordinator][INFO]Heartbeat successful
[2016-05-11 18:12:01,682][kafka.coordinator][INFO]Heartbeat successful
[2016-05-11 18:12:04,703][kafka.coordinator][INFO]Heartbeat successful
[2016-05-11 18:12:07,726][kafka.coordinator][INFO]Heartbeat successful
[2016-05-11 18:12:10,746][kafka.coordinator][INFO]Heartbeat successful
[2016-05-11 18:12:13,805][kafka.coordinator][INFO]Heartbeat successful
[2016-05-11 18:12:16,833][kafka.coordinator][INFO]Heartbeat successful
[2016-05-11 18:12:19,854][kafka.coordinator][INFO]Heartbeat successful
[2016-05-11 18:12:22,916][kafka.coordinator][INFO]Heartbeat successful
[2016-05-11 18:12:25,939][kafka.coordinator][INFO]Heartbeat successful
[2016-05-11 18:12:28,957][kafka.coordinator][INFO]Heartbeat successful
[2016-05-11 18:12:32,014][kafka.coordinator][INFO]Heartbeat successful
[2016-05-11 18:12:35,030][kafka.coordinator][INFO]Heartbeat successful
[2016-05-11 18:12:38,050][kafka.coordinator][INFO]Heartbeat successful
[2016-05-11 18:12:40,568][kafka.coordinator][INFO]Heartbeat successful
[2016-05-11 18:12:43,629][kafka.coordinator][INFO]Heartbeat successful
[2016-05-11 18:12:46,650][kafka.coordinator][INFO]Heartbeat successful
[2016-05-11 18:12:49,712][kafka.coordinator][INFO]Heartbeat successful
[2016-05-11 18:12:52,739][kafka.coordinator][INFO]Heartbeat successful
[2016-05-11 18:12:55,763][kafka.coordinator][INFO]Heartbeat successful
[2016-05-11 18:12:58,789][kafka.coordinator][INFO]Heartbeat successful
[2016-05-11 18:13:01,810][kafka.coordinator][INFO]Heartbeat successful
[2016-05-11 18:13:04,875][kafka.coordinator][INFO]Heartbeat successful
[2016-05-11 18:13:07,894][kafka.coordinator][INFO]Heartbeat successful
[2016-05-11 18:13:10,911][kafka.coordinator][INFO]Heartbeat successful
[2016-05-11 18:13:13,970][kafka.coordinator][INFO]Heartbeat successful
[2016-05-11 18:13:16,993][kafka.coordinator][INFO]Heartbeat successful
[2016-05-11 18:13:20,014][kafka.coordinator][INFO]Heartbeat successful
[2016-05-11 18:13:22,572][kafka.coordinator][INFO]Heartbeat successful
[2016-05-11 18:13:25,633][kafka.coordinator][INFO]Heartbeat successful
[2016-05-11 18:13:28,664][kafka.coordinator][INFO]Heartbeat successful
[2016-05-11 18:13:31,686][kafka.coordinator][INFO]Heartbeat successful
[2016-05-11 18:13:34,752][kafka.coordinator][INFO]Heartbeat successful
[2016-05-11 18:13:37,776][kafka.coordinator][INFO]Heartbeat successful
[2016-05-11 18:13:40,798][kafka.coordinator][INFO]Heartbeat successful
[2016-05-11 18:13:43,860][kafka.coordinator][INFO]Heartbeat successful
[2016-05-11 18:13:46,879][kafka.coordinator][INFO]Heartbeat successful
[2016-05-11 18:13:49,903][kafka.coordinator][INFO]Heartbeat successful
[2016-05-11 18:13:52,961][kafka.coordinator][INFO]Heartbeat successful
[2016-05-11 18:13:55,986][kafka.coordinator][INFO]Heartbeat successful
