Beginning task setup

/usr/bin/flock
Using existing venv: /tmp/petrel-good-5-1463752987/venv
Task setup took 12 seconds
Launching: python -m petrel.run twoworddivider /home/pipe/twitterintel/twitterintel/topology/TopologyTweetTransformationGOOD/petrel719_twoworddivider.log
/usr/local/lib/python2.7/dist-packages/petrel-0.9.4.0.3-py2.7.egg/petrel/run.py invoked with the following arguments: ['twoworddivider', '/home/pipe/twitterintel/twitterintel/topology/TopologyTweetTransformationGOOD/petrel719_twoworddivider.log']
python version: 2.7.11
user=root
PATH=/tmp/petrel-good-5-1463752987/venv/bin:/root/SimpleScalar/simplesim-3.0:/root/SimpleScalar/bin:/root/SimpleScalar/gcc-2.6.3:/root/SimpleScalar/bin:/usr/local/sbin:/usr/local/bin:/usr/sbin:/usr/bin:/sbin:/bin:/usr/games:/usr/local/games:/home/pipe/Downloads/zookeeper-3.4.8/bin:/home/pipe/Downloads/apache-storm-0.9.4/bin
LD_LIBRARY_PATH=storm-local/supervisor/stormdist/good-5-1463752987/resources/Linux-amd64:storm-local/supervisor/stormdist/good-5-1463752987/resources:/usr/local/lib:/opt/local/lib:/usr/lib
PYTHON_EGG_CACHE=/tmp/petrel-good-5-1463752987/egg_cache
[2016-05-20 15:03:54,780][storm][INFO]Tuple profiling enabled. Will log tuple processing times.
[2016-05-20 15:04:04,620][storm][INFO]Task received setupInfo from Storm: {u'pidDir': u'/home/pipe/storm-local/workers/cb2925a2-898f-4639-afdf-c05b550c3748/pids', u'conf': {u'oauth.acess_token': u' 702208758362087425-HZiyl1x7Bh98cQa1WLBDYylyu10Bpl7', u'topology.tuple.serializer': u'backtype.storm.serialization.types.ListDelegateSerializer', u'topology.workers': 1, u'drpc.worker.threads': 64, u'storm.messaging.netty.client_worker_threads': 1, u'supervisor.heartbeat.frequency.secs': 5, u'topology.executor.send.buffer.size': 1024, u'drpc.childopts': u'-Xmx768m', u'nimbus.thrift.port': 6627, u'storm.zookeeper.retry.intervalceiling.millis': 30000, u'storm.local.dir': u'storm-local', u'topology.receiver.buffer.size': 8, u'storm.zookeeper.servers': [u'localhost'], u'oauth.consumer_secret': u'ADf76fi3O1lKMzBxWnjqf93l3GHv28uar3bkblkvyBrAyoA23i', u'transactional.zookeeper.root': u'/transactional', u'drpc.request.timeout.secs': 600, u'topology.skip.missing.kryo.registrations': False, u'worker.heartbeat.frequency.secs': 1, u'zmq.hwm': 0, u'storm.zookeeper.connection.timeout': 15000, u'java.library.path': u'/usr/local/lib:/opt/local/lib:/usr/lib', u'topology.max.error.report.per.interval': 5, u'storm.messaging.netty.server_worker_threads': 1, u'storm.id': u'good-5-1463752987', u'supervisor.worker.start.timeout.secs': 120, u'zmq.threads': 1, u'topology.acker.executors': None, u'storm.messaging.netty.flush.check.interval.ms': 10, u'storm.messaging.netty.transfer.batch.size': 262144, u'topology.max.task.parallelism': None, u'topology.environment': None, u'storm.zookeeper.port': 2181, u'nimbus.childopts': u'-Xmx1024m', u'topology.classpath': None, u'worker.childopts': u'-Xmx768m', u'drpc.queue.size': 128, u'topology.multilang.serializer': u'backtype.storm.multilang.JsonSerializer', u'storm.zookeeper.retry.times': 5, u'nimbus.monitor.freq.secs': 10, u'storm.cluster.mode': u'distributed', u'dev.zookeeper.path': u'/tmp/dev-storm-zookeeper', u'drpc.invocations.port': 3773, u'topology.tasks': None, u'storm.zookeeper.root': u'/storm', u'logviewer.childopts': u'-Xmx128m', u'storm.meta.serialization.delegate': u'backtype.storm.serialization.DefaultSerializationDelegate', u'transactional.zookeeper.port': None, u'topology.worker.receiver.thread.count': 1, u'topology.worker.childopts': None, u'topology.max.spout.pending': None, u'topology.kryo.register': None, u'petrel.host': u'pipe-X550CC', u'nimbus.cleanup.inbox.freq.secs': 600, u'storm.messaging.netty.min_wait_ms': 100, u'nimbus.task.timeout.secs': 30, u'nimbus.thrift.max_buffer_size': 1048576, u'topology.sleep.spout.wait.strategy.time.ms': 1, u'nimbus.reassign': True, u'storm.messaging.transport': u'backtype.storm.messaging.netty.Context', u'logviewer.appender.name': u'A1', u'nimbus.host': u'localhost', u'ui.port': 8080, u'supervisor.slots.ports': [6700, 6701, 6702, 6703], u'nimbus.file.copy.expiration.secs': 600, u'supervisor.monitor.frequency.secs': 3, u'ui.childopts': u'-Xmx768m', u'transactional.zookeeper.servers': None, u'zmq.linger.millis': 5000, u'topology.error.throttle.interval.secs': 10, u'topology.worker.shared.thread.pool.size': 4, u'topology.executor.receive.buffer.size': 1024, u'topology.spout.wait.strategy': u'backtype.storm.spout.SleepSpoutWaitStrategy', u'task.heartbeat.frequency.secs': 3, u'topology.transfer.buffer.size': 1024, u'storm.zookeeper.session.timeout': 20000, u'storm.local.mode.zmq': False, u'topology.stats.sample.rate': 0.05, u'topology.fall.back.on.java.serialization': True, u'supervisor.childopts': u'-Xmx256m', u'topology.enable.message.timeouts': True, u'storm.messaging.netty.max_wait_ms': 1000, u'nimbus.topology.validator': u'backtype.storm.nimbus.DefaultTopologyValidator', u'nimbus.supervisor.timeout.secs': 60, u'topology.disruptor.wait.strategy': u'com.lmax.disruptor.BlockingWaitStrategy', u'storm.messaging.netty.buffer_size': 5242880, u'drpc.port': 3772, u'topology.kryo.factory': u'backtype.storm.serialization.DefaultKryoFactory', u'storm.zookeeper.retry.interval': 1000, u'storm.messaging.netty.max_retries': 300, u'topology.tick.tuple.freq.secs': None, u'supervisor.enable': True, u'nimbus.task.launch.secs': 120, u'task.refresh.poll.secs': 10, u'topology.message.timeout.secs': 30, u'oauth.acess_token_secret': u'IiNOTfgE3tEZvW2HDQhRKPMoOLU43NXJCXk8maj51SdAT', u'petrel.user': u'root', u'nimbus.inbox.jar.expiration.secs': 3600, u'topology.state.synchronization.timeout.secs': 60, u'topology.name': u'good', u'supervisor.worker.timeout.secs': 30, u'topology.trident.batch.emit.interval.millis': 500, u'topology.builtin.metrics.bucket.size.secs': 60, u'storm.thrift.transport': u'backtype.storm.security.auth.SimpleTransportPlugin', u'logviewer.port': 8000, u'oauth.consumer_key': u'eaFmBSxUveRJfmyZYeabti9Q9', u'topology.kryo.decorators': [], u'topology.debug': False}, u'context': {u'task->component': {u'1': u'CountThreeWords', u'3': u'CountWord', u'2': u'CountTwoWords', u'5': u'ThreeWordDivider', u'4': u'KafkaConsumer', u'7': u'WordDivider', u'6': u'TwoWordDivider', u'8': u'__acker'}, u'taskid': 6}}
[2016-05-20 15:04:04,625][storm][INFO]Task sent pid to Storm
[2016-05-20 15:04:13,680][storm][DEBUG]BasicBolt profile: total_num_tuples=1, num_tuples=1, avg_read_time=0.707021 (83.7%), avg_process_time=0.136487 (16.2%), avg_ack_time=0.001169 (0.1%)
[2016-05-20 15:18:51,679][storm][DEBUG]BasicBolt profile: total_num_tuples=9, num_tuples=8, avg_read_time=0.036012 (44.0%), avg_process_time=0.043940 (53.7%), avg_ack_time=0.001890 (2.3%)
[2016-05-20 15:23:17,328][storm][DEBUG]BasicBolt profile: total_num_tuples=12, num_tuples=3, avg_read_time=0.000938 (66.9%), avg_process_time=0.000438 (31.3%), avg_ack_time=0.000026 (1.8%)
[2016-05-20 16:00:51,150][storm][DEBUG]BasicBolt profile: total_num_tuples=30, num_tuples=18, avg_read_time=0.012102 (57.3%), avg_process_time=0.008722 (41.3%), avg_ack_time=0.000284 (1.3%)
[2016-05-20 16:04:55,092][storm][DEBUG]BasicBolt profile: total_num_tuples=31, num_tuples=1, avg_read_time=0.017822 (97.8%), avg_process_time=0.000350 (1.9%), avg_ack_time=0.000046 (0.3%)
[2016-05-20 16:05:25,937][storm][DEBUG]BasicBolt profile: total_num_tuples=127, num_tuples=96, avg_read_time=0.006152 (66.3%), avg_process_time=0.003022 (32.6%), avg_ack_time=0.000109 (1.2%)
[2016-05-20 16:05:57,951][storm][DEBUG]BasicBolt profile: total_num_tuples=192, num_tuples=65, avg_read_time=0.015402 (87.3%), avg_process_time=0.002210 (12.5%), avg_ack_time=0.000027 (0.2%)
[2016-05-20 16:54:13,578][storm][DEBUG]BasicBolt profile: total_num_tuples=216, num_tuples=24, avg_read_time=0.028656 (65.6%), avg_process_time=0.014876 (34.1%), avg_ack_time=0.000134 (0.3%)
[2016-05-20 16:55:11,004][storm][DEBUG]BasicBolt profile: total_num_tuples=242, num_tuples=26, avg_read_time=0.026297 (98.8%), avg_process_time=0.000311 (1.2%), avg_ack_time=0.000021 (0.1%)
[2016-05-20 17:04:29,635][storm][DEBUG]BasicBolt profile: total_num_tuples=318, num_tuples=76, avg_read_time=0.003947 (55.0%), avg_process_time=0.002844 (39.6%), avg_ack_time=0.000382 (5.3%)
[2016-05-20 17:05:27,205][storm][DEBUG]BasicBolt profile: total_num_tuples=319, num_tuples=1, avg_read_time=0.607898 (99.8%), avg_process_time=0.001220 (0.2%), avg_ack_time=0.000037 (0.0%)
[2016-05-20 17:05:29,053][storm][DEBUG]BasicBolt profile: total_num_tuples=320, num_tuples=1, avg_read_time=0.040854 (2.2%), avg_process_time=1.806089 (97.8%), avg_ack_time=0.000044 (0.0%)
[2016-05-20 17:06:49,404][storm][DEBUG]BasicBolt profile: total_num_tuples=322, num_tuples=2, avg_read_time=0.043184 (48.2%), avg_process_time=0.046462 (51.8%), avg_ack_time=0.000015 (0.0%)
[2016-05-20 17:11:31,962][storm][DEBUG]BasicBolt profile: total_num_tuples=325, num_tuples=3, avg_read_time=0.153051 (92.7%), avg_process_time=0.012064 (7.3%), avg_ack_time=0.000027 (0.0%)
[2016-05-20 17:11:39,033][storm][DEBUG]BasicBolt profile: total_num_tuples=379, num_tuples=54, avg_read_time=0.018964 (94.2%), avg_process_time=0.001120 (5.6%), avg_ack_time=0.000041 (0.2%)
[2016-05-20 17:12:32,590][storm][DEBUG]BasicBolt profile: total_num_tuples=383, num_tuples=4, avg_read_time=0.103923 (75.5%), avg_process_time=0.033604 (24.4%), avg_ack_time=0.000041 (0.0%)
[2016-05-20 17:29:59,094][storm][DEBUG]BasicBolt profile: total_num_tuples=384, num_tuples=1, avg_read_time=0.238851 (89.2%), avg_process_time=0.028856 (10.8%), avg_ack_time=0.000058 (0.0%)
[2016-05-20 17:37:17,983][storm][DEBUG]BasicBolt profile: total_num_tuples=453, num_tuples=69, avg_read_time=0.010376 (76.6%), avg_process_time=0.002886 (21.3%), avg_ack_time=0.000282 (2.1%)
[2016-05-20 17:37:18,987][storm][DEBUG]BasicBolt profile: total_num_tuples=527, num_tuples=74, avg_read_time=0.011967 (88.2%), avg_process_time=0.001437 (10.6%), avg_ack_time=0.000160 (1.2%)
[2016-05-20 17:45:49,381][storm][DEBUG]BasicBolt profile: total_num_tuples=547, num_tuples=20, avg_read_time=0.010083 (45.3%), avg_process_time=0.011975 (53.8%), avg_ack_time=0.000198 (0.9%)
[2016-05-20 17:46:09,386][storm][DEBUG]BasicBolt profile: total_num_tuples=680, num_tuples=133, avg_read_time=0.005223 (71.4%), avg_process_time=0.001866 (25.5%), avg_ack_time=0.000223 (3.0%)
[2016-05-20 17:46:16,036][storm][DEBUG]BasicBolt profile: total_num_tuples=681, num_tuples=1, avg_read_time=0.699786 (99.9%), avg_process_time=0.000528 (0.1%), avg_ack_time=0.000020 (0.0%)
[2016-05-20 17:46:20,282][storm][DEBUG]BasicBolt profile: total_num_tuples=682, num_tuples=1, avg_read_time=0.103705 (41.9%), avg_process_time=0.143513 (58.0%), avg_ack_time=0.000034 (0.0%)
[2016-05-20 17:46:29,488][storm][DEBUG]BasicBolt profile: total_num_tuples=684, num_tuples=2, avg_read_time=0.598477 (92.8%), avg_process_time=0.046595 (7.2%), avg_ack_time=0.000034 (0.0%)
[2016-05-20 17:46:35,548][storm][DEBUG]BasicBolt profile: total_num_tuples=686, num_tuples=2, avg_read_time=0.529315 (90.3%), avg_process_time=0.056577 (9.7%), avg_ack_time=0.000043 (0.0%)
[2016-05-20 17:46:39,084][storm][DEBUG]BasicBolt profile: total_num_tuples=687, num_tuples=1, avg_read_time=0.534440 (99.6%), avg_process_time=0.001977 (0.4%), avg_ack_time=0.000033 (0.0%)
[2016-05-20 17:46:47,355][storm][DEBUG]BasicBolt profile: total_num_tuples=688, num_tuples=1, avg_read_time=0.240330 (88.2%), avg_process_time=0.032181 (11.8%), avg_ack_time=0.000027 (0.0%)
[2016-05-20 17:46:49,782][storm][DEBUG]BasicBolt profile: total_num_tuples=689, num_tuples=1, avg_read_time=0.456811 (99.9%), avg_process_time=0.000454 (0.1%), avg_ack_time=0.000012 (0.0%)
[2016-05-20 17:46:55,629][storm][DEBUG]BasicBolt profile: total_num_tuples=690, num_tuples=1, avg_read_time=0.743291 (87.7%), avg_process_time=0.103923 (12.3%), avg_ack_time=0.000021 (0.0%)
[2016-05-20 17:47:01,390][storm][DEBUG]BasicBolt profile: total_num_tuples=691, num_tuples=1, avg_read_time=0.847543 (98.0%), avg_process_time=0.017326 (2.0%), avg_ack_time=0.000022 (0.0%)
[2016-05-20 17:47:15,217][storm][DEBUG]BasicBolt profile: total_num_tuples=692, num_tuples=1, avg_read_time=0.815139 (96.8%), avg_process_time=0.026905 (3.2%), avg_ack_time=0.000020 (0.0%)
[2016-05-20 17:47:16,668][storm][DEBUG]BasicBolt profile: total_num_tuples=694, num_tuples=2, avg_read_time=0.168407 (70.4%), avg_process_time=0.070744 (29.6%), avg_ack_time=0.000023 (0.0%)
[2016-05-20 17:47:25,751][storm][DEBUG]BasicBolt profile: total_num_tuples=696, num_tuples=2, avg_read_time=0.040676 (98.5%), avg_process_time=0.000581 (1.4%), avg_ack_time=0.000020 (0.0%)
[2016-05-20 17:47:32,822][storm][DEBUG]BasicBolt profile: total_num_tuples=697, num_tuples=1, avg_read_time=0.066830 (99.6%), avg_process_time=0.000263 (0.4%), avg_ack_time=0.000035 (0.1%)
[2016-05-20 17:47:38,138][storm][DEBUG]BasicBolt profile: total_num_tuples=698, num_tuples=1, avg_read_time=0.314730 (99.8%), avg_process_time=0.000669 (0.2%), avg_ack_time=0.000023 (0.0%)
[2016-05-20 18:00:20,304][storm][DEBUG]BasicBolt profile: total_num_tuples=699, num_tuples=1, avg_read_time=0.036876 (98.4%), avg_process_time=0.000541 (1.4%), avg_ack_time=0.000063 (0.2%)
[2016-05-20 18:04:38,973][storm][DEBUG]BasicBolt profile: total_num_tuples=739, num_tuples=40, avg_read_time=0.014716 (94.7%), avg_process_time=0.000753 (4.8%), avg_ack_time=0.000064 (0.4%)
[2016-05-20 18:11:00,925][storm][DEBUG]BasicBolt profile: total_num_tuples=797, num_tuples=58, avg_read_time=0.011271 (74.1%), avg_process_time=0.003739 (24.6%), avg_ack_time=0.000211 (1.4%)
[2016-05-20 18:23:00,961][storm][DEBUG]BasicBolt profile: total_num_tuples=885, num_tuples=88, avg_read_time=0.009559 (88.0%), avg_process_time=0.001232 (11.3%), avg_ack_time=0.000075 (0.7%)
[2016-05-20 18:28:13,039][storm][DEBUG]BasicBolt profile: total_num_tuples=938, num_tuples=53, avg_read_time=0.017770 (90.5%), avg_process_time=0.001794 (9.1%), avg_ack_time=0.000076 (0.4%)
[2016-05-20 18:28:43,801][storm][DEBUG]BasicBolt profile: total_num_tuples=1020, num_tuples=82, avg_read_time=0.006034 (75.6%), avg_process_time=0.001790 (22.4%), avg_ack_time=0.000160 (2.0%)
[2016-05-20 18:30:54,135][storm][DEBUG]BasicBolt profile: total_num_tuples=1100, num_tuples=80, avg_read_time=0.003103 (78.9%), avg_process_time=0.000778 (19.8%), avg_ack_time=0.000052 (1.3%)
[2016-05-20 18:31:08,357][storm][DEBUG]BasicBolt profile: total_num_tuples=1189, num_tuples=89, avg_read_time=0.013104 (94.4%), avg_process_time=0.000714 (5.1%), avg_ack_time=0.000064 (0.5%)
[2016-05-20 18:31:09,410][storm][DEBUG]BasicBolt profile: total_num_tuples=1206, num_tuples=17, avg_read_time=0.002161 (71.1%), avg_process_time=0.000860 (28.3%), avg_ack_time=0.000020 (0.7%)
[2016-05-20 18:31:21,329][storm][DEBUG]BasicBolt profile: total_num_tuples=1277, num_tuples=71, avg_read_time=0.011798 (91.2%), avg_process_time=0.001090 (8.4%), avg_ack_time=0.000052 (0.4%)
[2016-05-20 18:31:57,630][storm][DEBUG]BasicBolt profile: total_num_tuples=1356, num_tuples=79, avg_read_time=0.002717 (70.9%), avg_process_time=0.001035 (27.0%), avg_ack_time=0.000080 (2.1%)
[2016-05-20 18:32:27,168][storm][DEBUG]BasicBolt profile: total_num_tuples=1452, num_tuples=96, avg_read_time=0.004505 (89.6%), avg_process_time=0.000508 (10.1%), avg_ack_time=0.000017 (0.3%)
[2016-05-20 18:35:04,341][storm][DEBUG]BasicBolt profile: total_num_tuples=1526, num_tuples=74, avg_read_time=0.015376 (95.7%), avg_process_time=0.000589 (3.7%), avg_ack_time=0.000105 (0.7%)
[2016-05-20 18:36:32,519][storm][DEBUG]BasicBolt profile: total_num_tuples=1615, num_tuples=89, avg_read_time=0.012408 (91.9%), avg_process_time=0.001031 (7.6%), avg_ack_time=0.000063 (0.5%)
[2016-05-20 18:36:53,782][storm][DEBUG]BasicBolt profile: total_num_tuples=1682, num_tuples=67, avg_read_time=0.017623 (93.8%), avg_process_time=0.001112 (5.9%), avg_ack_time=0.000055 (0.3%)
[2016-05-20 18:38:51,430][storm][DEBUG]BasicBolt profile: total_num_tuples=1740, num_tuples=58, avg_read_time=0.010122 (91.0%), avg_process_time=0.000916 (8.2%), avg_ack_time=0.000090 (0.8%)
[2016-05-20 18:40:27,502][storm][DEBUG]BasicBolt profile: total_num_tuples=1743, num_tuples=3, avg_read_time=0.016396 (97.3%), avg_process_time=0.000439 (2.6%), avg_ack_time=0.000020 (0.1%)
[2016-05-20 18:40:39,725][storm][DEBUG]BasicBolt profile: total_num_tuples=1747, num_tuples=4, avg_read_time=0.051780 (98.7%), avg_process_time=0.000670 (1.3%), avg_ack_time=0.000024 (0.0%)
[2016-05-20 18:40:52,079][storm][DEBUG]BasicBolt profile: total_num_tuples=1751, num_tuples=4, avg_read_time=0.087460 (98.8%), avg_process_time=0.001062 (1.2%), avg_ack_time=0.000026 (0.0%)
[2016-05-20 18:42:47,228][storm][DEBUG]BasicBolt profile: total_num_tuples=1753, num_tuples=2, avg_read_time=0.063436 (99.0%), avg_process_time=0.000637 (1.0%), avg_ack_time=0.000026 (0.0%)
[2016-05-20 18:48:17,123][storm][DEBUG]BasicBolt profile: total_num_tuples=1755, num_tuples=2, avg_read_time=0.383324 (99.8%), avg_process_time=0.000672 (0.2%), avg_ack_time=0.000029 (0.0%)
[2016-05-20 18:55:43,806][storm][DEBUG]BasicBolt profile: total_num_tuples=1763, num_tuples=8, avg_read_time=0.074261 (99.1%), avg_process_time=0.000634 (0.8%), avg_ack_time=0.000044 (0.1%)
[2016-05-20 18:55:54,706][storm][DEBUG]BasicBolt profile: total_num_tuples=1779, num_tuples=16, avg_read_time=0.042613 (75.3%), avg_process_time=0.013904 (24.6%), avg_ack_time=0.000049 (0.1%)
[2016-05-20 18:55:55,794][storm][DEBUG]BasicBolt profile: total_num_tuples=1800, num_tuples=21, avg_read_time=0.028739 (55.5%), avg_process_time=0.022986 (44.4%), avg_ack_time=0.000025 (0.0%)
[2016-05-20 18:55:56,801][storm][DEBUG]BasicBolt profile: total_num_tuples=1812, num_tuples=12, avg_read_time=0.038328 (45.7%), avg_process_time=0.045589 (54.3%), avg_ack_time=0.000021 (0.0%)
[2016-05-20 18:55:57,952][storm][DEBUG]BasicBolt profile: total_num_tuples=1823, num_tuples=11, avg_read_time=0.103543 (99.0%), avg_process_time=0.000973 (0.9%), avg_ack_time=0.000026 (0.0%)
[2016-05-20 18:55:58,969][storm][DEBUG]BasicBolt profile: total_num_tuples=1827, num_tuples=4, avg_read_time=0.224921 (88.4%), avg_process_time=0.029348 (11.5%), avg_ack_time=0.000033 (0.0%)
[2016-05-20 18:55:59,999][storm][DEBUG]BasicBolt profile: total_num_tuples=1843, num_tuples=16, avg_read_time=0.052416 (81.4%), avg_process_time=0.011924 (18.5%), avg_ack_time=0.000025 (0.0%)
[2016-05-20 18:56:01,043][storm][DEBUG]BasicBolt profile: total_num_tuples=1855, num_tuples=12, avg_read_time=0.083132 (95.6%), avg_process_time=0.003769 (4.3%), avg_ack_time=0.000082 (0.1%)
[2016-05-20 18:57:21,843][storm][DEBUG]BasicBolt profile: total_num_tuples=1866, num_tuples=11, avg_read_time=0.066385 (93.3%), avg_process_time=0.004740 (6.7%), avg_ack_time=0.000021 (0.0%)
[2016-05-20 18:58:02,415][storm][DEBUG]BasicBolt profile: total_num_tuples=1868, num_tuples=2, avg_read_time=0.283269 (99.8%), avg_process_time=0.000530 (0.2%), avg_ack_time=0.000016 (0.0%)
[2016-05-20 19:44:32,826][storm][DEBUG]BasicBolt profile: total_num_tuples=1872, num_tuples=4, avg_read_time=0.217975 (22.5%), avg_process_time=0.720780 (74.3%), avg_ack_time=0.031614 (3.3%)
[2016-05-20 19:44:34,423][storm][DEBUG]BasicBolt profile: total_num_tuples=1928, num_tuples=56, avg_read_time=0.001631 (9.1%), avg_process_time=0.016201 (90.8%), avg_ack_time=0.000019 (0.1%)
[2016-05-20 19:46:35,046][storm][DEBUG]BasicBolt profile: total_num_tuples=1965, num_tuples=37, avg_read_time=0.012321 (58.1%), avg_process_time=0.008846 (41.7%), avg_ack_time=0.000053 (0.2%)
[2016-05-20 19:46:36,463][storm][DEBUG]BasicBolt profile: total_num_tuples=2006, num_tuples=41, avg_read_time=0.031643 (91.7%), avg_process_time=0.002724 (7.9%), avg_ack_time=0.000144 (0.4%)
[2016-05-20 19:46:37,754][storm][DEBUG]BasicBolt profile: total_num_tuples=2007, num_tuples=1, avg_read_time=0.272906 (99.8%), avg_process_time=0.000594 (0.2%), avg_ack_time=0.000019 (0.0%)
[2016-05-20 19:46:38,942][storm][DEBUG]BasicBolt profile: total_num_tuples=2010, num_tuples=3, avg_read_time=0.395179 (99.8%), avg_process_time=0.000809 (0.2%), avg_ack_time=0.000025 (0.0%)
[2016-05-20 19:46:41,113][storm][DEBUG]BasicBolt profile: total_num_tuples=2140, num_tuples=130, avg_read_time=0.006691 (78.6%), avg_process_time=0.001792 (21.0%), avg_ack_time=0.000030 (0.4%)
[2016-05-20 19:47:12,407][storm][DEBUG]BasicBolt profile: total_num_tuples=2151, num_tuples=11, avg_read_time=0.114909 (99.4%), avg_process_time=0.000617 (0.5%), avg_ack_time=0.000020 (0.0%)
[2016-05-20 19:47:13,412][storm][DEBUG]BasicBolt profile: total_num_tuples=2324, num_tuples=173, avg_read_time=0.003670 (63.3%), avg_process_time=0.002072 (35.7%), avg_ack_time=0.000057 (1.0%)
[2016-05-20 19:47:14,431][storm][DEBUG]BasicBolt profile: total_num_tuples=2483, num_tuples=159, avg_read_time=0.004877 (76.7%), avg_process_time=0.001419 (22.3%), avg_ack_time=0.000063 (1.0%)
[2016-05-20 19:49:06,936][storm][DEBUG]BasicBolt profile: total_num_tuples=2484, num_tuples=1, avg_read_time=0.483342 (99.9%), avg_process_time=0.000687 (0.1%), avg_ack_time=0.000023 (0.0%)
[2016-05-20 19:49:07,938][storm][DEBUG]BasicBolt profile: total_num_tuples=2635, num_tuples=151, avg_read_time=0.004442 (67.1%), avg_process_time=0.002114 (31.9%), avg_ack_time=0.000068 (1.0%)
[2016-05-20 19:49:08,948][storm][DEBUG]BasicBolt profile: total_num_tuples=2771, num_tuples=136, avg_read_time=0.006061 (81.6%), avg_process_time=0.001338 (18.0%), avg_ack_time=0.000028 (0.4%)
[2016-05-20 19:49:10,008][storm][DEBUG]BasicBolt profile: total_num_tuples=3020, num_tuples=249, avg_read_time=0.002773 (65.3%), avg_process_time=0.001428 (33.6%), avg_ack_time=0.000047 (1.1%)
[2016-05-20 19:49:26,814][storm][DEBUG]BasicBolt profile: total_num_tuples=3100, num_tuples=80, avg_read_time=0.183866 (99.1%), avg_process_time=0.001486 (0.8%), avg_ack_time=0.000094 (0.1%)
[2016-05-20 19:49:29,132][storm][DEBUG]BasicBolt profile: total_num_tuples=3122, num_tuples=22, avg_read_time=0.014479 (95.0%), avg_process_time=0.000704 (4.6%), avg_ack_time=0.000051 (0.3%)
[2016-05-20 19:49:30,513][storm][DEBUG]BasicBolt profile: total_num_tuples=3124, num_tuples=2, avg_read_time=0.689738 (99.9%), avg_process_time=0.000796 (0.1%), avg_ack_time=0.000031 (0.0%)
[2016-05-20 19:49:31,640][storm][DEBUG]BasicBolt profile: total_num_tuples=3125, num_tuples=1, avg_read_time=0.127096 (99.6%), avg_process_time=0.000509 (0.4%), avg_ack_time=0.000018 (0.0%)
[2016-05-20 19:49:38,330][storm][DEBUG]BasicBolt profile: total_num_tuples=3189, num_tuples=64, avg_read_time=0.009798 (86.3%), avg_process_time=0.001473 (13.0%), avg_ack_time=0.000079 (0.7%)
[2016-05-20 19:58:18,168][storm][DEBUG]BasicBolt profile: total_num_tuples=3192, num_tuples=3, avg_read_time=0.145027 (54.7%), avg_process_time=0.120202 (45.3%), avg_ack_time=0.000019 (0.0%)
[2016-05-20 19:58:19,565][storm][DEBUG]BasicBolt profile: total_num_tuples=3195, num_tuples=3, avg_read_time=0.187581 (43.9%), avg_process_time=0.240036 (56.1%), avg_ack_time=0.000025 (0.0%)
[2016-05-20 19:59:38,125][storm][DEBUG]BasicBolt profile: total_num_tuples=3196, num_tuples=1, avg_read_time=0.596062 (85.0%), avg_process_time=0.105507 (15.0%), avg_ack_time=0.000023 (0.0%)
[2016-05-20 20:04:05,069][storm][DEBUG]BasicBolt profile: total_num_tuples=3200, num_tuples=4, avg_read_time=0.179529 (73.0%), avg_process_time=0.066407 (27.0%), avg_ack_time=0.000037 (0.0%)
[2016-05-20 20:04:23,324][storm][DEBUG]BasicBolt profile: total_num_tuples=3205, num_tuples=5, avg_read_time=0.063477 (88.5%), avg_process_time=0.008193 (11.4%), avg_ack_time=0.000032 (0.0%)
[2016-05-20 20:04:25,303][storm][DEBUG]BasicBolt profile: total_num_tuples=3207, num_tuples=2, avg_read_time=0.488835 (94.1%), avg_process_time=0.030740 (5.9%), avg_ack_time=0.000023 (0.0%)
[2016-05-20 20:04:26,444][storm][DEBUG]BasicBolt profile: total_num_tuples=3209, num_tuples=2, avg_read_time=0.442177 (77.5%), avg_process_time=0.128243 (22.5%), avg_ack_time=0.000023 (0.0%)
[2016-05-20 20:04:28,115][storm][DEBUG]BasicBolt profile: total_num_tuples=3212, num_tuples=3, avg_read_time=0.387550 (69.6%), avg_process_time=0.169352 (30.4%), avg_ack_time=0.000020 (0.0%)
[2016-05-20 20:04:29,853][storm][DEBUG]BasicBolt profile: total_num_tuples=3213, num_tuples=1, avg_read_time=0.019153 (94.2%), avg_process_time=0.001162 (5.7%), avg_ack_time=0.000018 (0.1%)
[2016-05-20 20:04:30,952][storm][DEBUG]BasicBolt profile: total_num_tuples=3214, num_tuples=1, avg_read_time=0.047584 (47.3%), avg_process_time=0.053063 (52.7%), avg_ack_time=0.000019 (0.0%)
[2016-05-20 20:04:32,190][storm][DEBUG]BasicBolt profile: total_num_tuples=3215, num_tuples=1, avg_read_time=0.253413 (87.1%), avg_process_time=0.037551 (12.9%), avg_ack_time=0.000020 (0.0%)
[2016-05-20 20:04:37,252][storm][DEBUG]BasicBolt profile: total_num_tuples=3218, num_tuples=3, avg_read_time=0.323970 (91.4%), avg_process_time=0.030315 (8.6%), avg_ack_time=0.000020 (0.0%)
[2016-05-20 20:04:38,306][storm][DEBUG]BasicBolt profile: total_num_tuples=3222, num_tuples=4, avg_read_time=0.229884 (87.2%), avg_process_time=0.033240 (12.6%), avg_ack_time=0.000357 (0.1%)
[2016-05-20 20:04:39,438][storm][DEBUG]BasicBolt profile: total_num_tuples=3224, num_tuples=2, avg_read_time=0.540854 (95.6%), avg_process_time=0.024931 (4.4%), avg_ack_time=0.000028 (0.0%)
[2016-05-20 20:04:41,876][storm][DEBUG]BasicBolt profile: total_num_tuples=3227, num_tuples=3, avg_read_time=0.456802 (95.2%), avg_process_time=0.022940 (4.8%), avg_ack_time=0.000023 (0.0%)
[2016-05-20 20:04:42,950][storm][DEBUG]BasicBolt profile: total_num_tuples=3228, num_tuples=1, avg_read_time=0.857664 (79.9%), avg_process_time=0.215589 (20.1%), avg_ack_time=0.000020 (0.0%)
[2016-05-20 20:04:44,179][storm][DEBUG]BasicBolt profile: total_num_tuples=3230, num_tuples=2, avg_read_time=0.613132 (99.8%), avg_process_time=0.001050 (0.2%), avg_ack_time=0.000020 (0.0%)
[2016-05-20 20:04:49,737][storm][DEBUG]BasicBolt profile: total_num_tuples=3233, num_tuples=3, avg_read_time=0.182512 (99.5%), avg_process_time=0.000958 (0.5%), avg_ack_time=0.000019 (0.0%)
[2016-05-20 20:04:50,762][storm][DEBUG]BasicBolt profile: total_num_tuples=3236, num_tuples=3, avg_read_time=0.281681 (82.4%), avg_process_time=0.059958 (17.5%), avg_ack_time=0.000019 (0.0%)
[2016-05-20 20:04:52,079][storm][DEBUG]BasicBolt profile: total_num_tuples=3241, num_tuples=5, avg_read_time=0.259087 (98.4%), avg_process_time=0.004237 (1.6%), avg_ack_time=0.000019 (0.0%)
[2016-05-20 20:04:53,693][storm][DEBUG]BasicBolt profile: total_num_tuples=3244, num_tuples=3, avg_read_time=0.526956 (98.0%), avg_process_time=0.010733 (2.0%), avg_ack_time=0.000020 (0.0%)
[2016-05-20 20:04:55,002][storm][DEBUG]BasicBolt profile: total_num_tuples=3247, num_tuples=3, avg_read_time=0.435200 (99.8%), avg_process_time=0.001040 (0.2%), avg_ack_time=0.000021 (0.0%)
[2016-05-20 20:04:56,194][storm][DEBUG]BasicBolt profile: total_num_tuples=3250, num_tuples=3, avg_read_time=0.226270 (56.9%), avg_process_time=0.171068 (43.1%), avg_ack_time=0.000020 (0.0%)
[2016-05-20 20:04:57,459][storm][DEBUG]BasicBolt profile: total_num_tuples=3252, num_tuples=2, avg_read_time=0.630947 (99.8%), avg_process_time=0.001256 (0.2%), avg_ack_time=0.000021 (0.0%)
[2016-05-20 20:04:58,542][storm][DEBUG]BasicBolt profile: total_num_tuples=3255, num_tuples=3, avg_read_time=0.359970 (99.7%), avg_process_time=0.001022 (0.3%), avg_ack_time=0.000028 (0.0%)
[2016-05-20 20:04:59,828][storm][DEBUG]BasicBolt profile: total_num_tuples=3256, num_tuples=1, avg_read_time=0.285663 (99.7%), avg_process_time=0.000898 (0.3%), avg_ack_time=0.000012 (0.0%)
[2016-05-20 20:05:03,265][storm][DEBUG]BasicBolt profile: total_num_tuples=3259, num_tuples=3, avg_read_time=0.462030 (96.4%), avg_process_time=0.017178 (3.6%), avg_ack_time=0.000021 (0.0%)
[2016-05-20 20:05:04,952][storm][DEBUG]BasicBolt profile: total_num_tuples=3260, num_tuples=1, avg_read_time=0.431085 (62.4%), avg_process_time=0.259292 (37.6%), avg_ack_time=0.000023 (0.0%)
[2016-05-20 20:05:06,016][storm][DEBUG]BasicBolt profile: total_num_tuples=3263, num_tuples=3, avg_read_time=0.352440 (99.4%), avg_process_time=0.001939 (0.5%), avg_ack_time=0.000039 (0.0%)
[2016-05-20 20:05:07,019][storm][DEBUG]BasicBolt profile: total_num_tuples=3265, num_tuples=2, avg_read_time=0.500426 (99.8%), avg_process_time=0.001076 (0.2%), avg_ack_time=0.000016 (0.0%)
[2016-05-20 20:06:40,419][storm][DEBUG]BasicBolt profile: total_num_tuples=3267, num_tuples=2, avg_read_time=0.191794 (99.5%), avg_process_time=0.000921 (0.5%), avg_ack_time=0.000026 (0.0%)
[2016-05-20 20:07:01,476][storm][DEBUG]BasicBolt profile: total_num_tuples=3279, num_tuples=12, avg_read_time=0.003477 (76.9%), avg_process_time=0.000996 (22.0%), avg_ack_time=0.000050 (1.1%)
[2016-05-20 20:07:02,517][storm][DEBUG]BasicBolt profile: total_num_tuples=3297, num_tuples=18, avg_read_time=0.056813 (98.2%), avg_process_time=0.001005 (1.7%), avg_ack_time=0.000022 (0.0%)
[2016-05-20 20:08:25,085][storm][DEBUG]BasicBolt profile: total_num_tuples=3299, num_tuples=2, avg_read_time=0.276677 (99.8%), avg_process_time=0.000618 (0.2%), avg_ack_time=0.000021 (0.0%)
[2016-05-20 20:08:36,059][storm][DEBUG]BasicBolt profile: total_num_tuples=3316, num_tuples=17, avg_read_time=0.056593 (99.0%), avg_process_time=0.000568 (1.0%), avg_ack_time=0.000021 (0.0%)
[2016-05-20 20:09:36,546][storm][DEBUG]BasicBolt profile: total_num_tuples=3327, num_tuples=11, avg_read_time=0.133458 (99.3%), avg_process_time=0.000926 (0.7%), avg_ack_time=0.000020 (0.0%)
[2016-05-20 20:09:48,292][storm][DEBUG]BasicBolt profile: total_num_tuples=3334, num_tuples=7, avg_read_time=0.105530 (99.3%), avg_process_time=0.000726 (0.7%), avg_ack_time=0.000024 (0.0%)
