Beginning task setup

/usr/bin/flock
Using existing venv: /tmp/petrel-good-5-1462980106/venv
Task setup took 1 seconds
Launching: python -m petrel.run kafkaconsumer /home/pipe/twitterintel/twitterintel/topology/TopologyTweetTransformationGOOD/petrel4548_kafkaconsumer.log
/usr/local/lib/python2.7/dist-packages/petrel-0.9.4.0.3-py2.7.egg/petrel/run.py invoked with the following arguments: ['kafkaconsumer', '/home/pipe/twitterintel/twitterintel/topology/TopologyTweetTransformationGOOD/petrel4548_kafkaconsumer.log']
python version: 2.7.11
user=root
PATH=/tmp/petrel-good-5-1462980106/venv/bin:/root/SimpleScalar/simplesim-3.0:/root/SimpleScalar/bin:/root/SimpleScalar/gcc-2.6.3:/root/SimpleScalar/bin:/usr/local/sbin:/usr/local/bin:/usr/sbin:/usr/bin:/sbin:/bin:/usr/games:/usr/local/games:/home/pipe/Downloads/zookeeper-3.4.8/bin:/home/pipe/Downloads/apache-storm-0.9.4/bin
LD_LIBRARY_PATH=storm-local/supervisor/stormdist/good-5-1462980106/resources/Linux-amd64:storm-local/supervisor/stormdist/good-5-1462980106/resources:/usr/local/lib:/opt/local/lib:/usr/lib
PYTHON_EGG_CACHE=/tmp/petrel-good-5-1462980106/egg_cache
[2016-05-11 18:55:01,196][storm][INFO]Tuple profiling enabled. Will log tuple processing times.
[2016-05-11 18:55:01,388][storm][INFO]Task received setupInfo from Storm: {u'pidDir': u'/home/pipe/storm-local/workers/ff474727-4255-4b74-b89a-b7379c3c38cc/pids', u'conf': {u'oauth.acess_token': u' 702208758362087425-HZiyl1x7Bh98cQa1WLBDYylyu10Bpl7', u'topology.tuple.serializer': u'backtype.storm.serialization.types.ListDelegateSerializer', u'topology.workers': 1, u'drpc.worker.threads': 64, u'storm.messaging.netty.client_worker_threads': 1, u'supervisor.heartbeat.frequency.secs': 5, u'topology.executor.send.buffer.size': 1024, u'drpc.childopts': u'-Xmx768m', u'nimbus.thrift.port': 6627, u'storm.zookeeper.retry.intervalceiling.millis': 30000, u'storm.local.dir': u'storm-local', u'topology.receiver.buffer.size': 8, u'storm.zookeeper.servers': [u'localhost'], u'oauth.consumer_secret': u'ADf76fi3O1lKMzBxWnjqf93l3GHv28uar3bkblkvyBrAyoA23i', u'transactional.zookeeper.root': u'/transactional', u'drpc.request.timeout.secs': 600, u'topology.skip.missing.kryo.registrations': False, u'worker.heartbeat.frequency.secs': 1, u'zmq.hwm': 0, u'storm.zookeeper.connection.timeout': 15000, u'java.library.path': u'/usr/local/lib:/opt/local/lib:/usr/lib', u'topology.max.error.report.per.interval': 5, u'storm.messaging.netty.server_worker_threads': 1, u'storm.id': u'good-5-1462980106', u'supervisor.worker.start.timeout.secs': 120, u'zmq.threads': 1, u'topology.acker.executors': None, u'storm.messaging.netty.flush.check.interval.ms': 10, u'storm.messaging.netty.transfer.batch.size': 262144, u'topology.max.task.parallelism': None, u'topology.environment': None, u'storm.zookeeper.port': 2181, u'nimbus.childopts': u'-Xmx1024m', u'topology.classpath': None, u'worker.childopts': u'-Xmx768m', u'drpc.queue.size': 128, u'topology.multilang.serializer': u'backtype.storm.multilang.JsonSerializer', u'storm.zookeeper.retry.times': 5, u'nimbus.monitor.freq.secs': 10, u'storm.cluster.mode': u'distributed', u'dev.zookeeper.path': u'/tmp/dev-storm-zookeeper', u'drpc.invocations.port': 3773, u'topology.tasks': None, u'storm.zookeeper.root': u'/storm', u'logviewer.childopts': u'-Xmx128m', u'storm.meta.serialization.delegate': u'backtype.storm.serialization.DefaultSerializationDelegate', u'transactional.zookeeper.port': None, u'topology.worker.receiver.thread.count': 1, u'topology.worker.childopts': None, u'topology.max.spout.pending': None, u'topology.kryo.register': None, u'petrel.host': u'pipe-X550CC', u'nimbus.cleanup.inbox.freq.secs': 600, u'storm.messaging.netty.min_wait_ms': 100, u'nimbus.task.timeout.secs': 30, u'nimbus.thrift.max_buffer_size': 1048576, u'topology.sleep.spout.wait.strategy.time.ms': 1, u'nimbus.reassign': True, u'storm.messaging.transport': u'backtype.storm.messaging.netty.Context', u'logviewer.appender.name': u'A1', u'nimbus.host': u'localhost', u'ui.port': 8080, u'supervisor.slots.ports': [6700, 6701, 6702, 6703], u'nimbus.file.copy.expiration.secs': 600, u'supervisor.monitor.frequency.secs': 3, u'ui.childopts': u'-Xmx768m', u'transactional.zookeeper.servers': None, u'zmq.linger.millis': 5000, u'topology.error.throttle.interval.secs': 10, u'topology.worker.shared.thread.pool.size': 4, u'topology.executor.receive.buffer.size': 1024, u'topology.spout.wait.strategy': u'backtype.storm.spout.SleepSpoutWaitStrategy', u'task.heartbeat.frequency.secs': 3, u'topology.transfer.buffer.size': 1024, u'storm.zookeeper.session.timeout': 20000, u'storm.local.mode.zmq': False, u'topology.stats.sample.rate': 0.05, u'topology.fall.back.on.java.serialization': True, u'supervisor.childopts': u'-Xmx256m', u'topology.enable.message.timeouts': True, u'storm.messaging.netty.max_wait_ms': 1000, u'nimbus.topology.validator': u'backtype.storm.nimbus.DefaultTopologyValidator', u'nimbus.supervisor.timeout.secs': 60, u'topology.disruptor.wait.strategy': u'com.lmax.disruptor.BlockingWaitStrategy', u'storm.messaging.netty.buffer_size': 5242880, u'drpc.port': 3772, u'topology.kryo.factory': u'backtype.storm.serialization.DefaultKryoFactory', u'storm.zookeeper.retry.interval': 1000, u'storm.messaging.netty.max_retries': 300, u'topology.tick.tuple.freq.secs': 30, u'supervisor.enable': True, u'nimbus.task.launch.secs': 120, u'task.refresh.poll.secs': 10, u'topology.message.timeout.secs': 30, u'oauth.acess_token_secret': u'IiNOTfgE3tEZvW2HDQhRKPMoOLU43NXJCXk8maj51SdAT', u'petrel.user': u'root', u'nimbus.inbox.jar.expiration.secs': 3600, u'topology.state.synchronization.timeout.secs': 60, u'topology.name': u'good', u'supervisor.worker.timeout.secs': 30, u'topology.trident.batch.emit.interval.millis': 500, u'topology.builtin.metrics.bucket.size.secs': 60, u'storm.thrift.transport': u'backtype.storm.security.auth.SimpleTransportPlugin', u'logviewer.port': 8000, u'oauth.consumer_key': u'eaFmBSxUveRJfmyZYeabti9Q9', u'topology.kryo.decorators': [], u'topology.debug': False}, u'context': {u'task->component': {u'1': u'CountThreeWords', u'3': u'CountWord', u'2': u'CountTwoWords', u'5': u'ThreeWordDivider', u'4': u'KafkaConsumer', u'7': u'WordDivider', u'6': u'TwoWordDivider', u'8': u'__acker'}, u'taskid': 4}}
[2016-05-11 18:55:01,390][storm][INFO]Task sent pid to Storm
[2016-05-11 18:55:01,545][kafka.client][INFO]Broker version identifed as 0.9
[2016-05-11 18:55:01,547][kafka.consumer.subscription_state][INFO]Updating subscribed topics to: ['goodtopic']
[2016-05-11 18:55:01,626][kafka.cluster][INFO]Group coordinator for kafka-python-default-group is BrokerMetadata(nodeId=0, host=u'pipe-X550CC', port=9092)
[2016-05-11 18:55:11,660][kafka.coordinator][INFO]Joined group 'kafka-python-default-group' (generation 70) with member_id kafka-python-1.0.2-8154b5f7-7bf2-49c3-9d0c-b59123979cea
[2016-05-11 18:55:11,660][kafka.coordinator][INFO]Elected group leader -- performing partition assignments using range
[2016-05-11 18:55:11,660][kafka.coordinator.assignors.range][WARNING]No partition metadata for topic instanttopic
[2016-05-11 18:55:11,804][kafka.coordinator][INFO]Joined group 'kafka-python-default-group' (generation 70) with member_id kafka-python-1.0.2-8154b5f7-7bf2-49c3-9d0c-b59123979cea
[2016-05-11 18:55:11,804][kafka.coordinator][INFO]Elected group leader -- performing partition assignments using range
[2016-05-11 18:55:11,844][kafka.consumer.subscription_state][INFO]Updated partition assignment: [TopicPartition(topic=u'goodtopic', partition=0)]
[2016-05-11 18:55:14,935][kafka.coordinator][INFO]Heartbeat successful
[2016-05-11 18:55:17,948][kafka.coordinator][INFO]Heartbeat successful
[2016-05-11 18:55:20,962][kafka.coordinator][INFO]Heartbeat successful
[2016-05-11 18:55:24,015][kafka.coordinator][INFO]Heartbeat successful
[2016-05-11 18:55:27,025][kafka.coordinator][INFO]Heartbeat successful
[2016-05-11 18:55:30,041][kafka.coordinator][INFO]Heartbeat successful
[2016-05-11 18:55:33,101][kafka.coordinator][INFO]Heartbeat successful
[2016-05-11 18:55:36,120][kafka.coordinator][INFO]Heartbeat successful
[2016-05-11 18:55:39,137][kafka.coordinator][INFO]Heartbeat successful
[2016-05-11 18:55:42,154][kafka.coordinator][INFO]Heartbeat successful
[2016-05-11 18:55:45,207][kafka.coordinator][INFO]Heartbeat successful
[2016-05-11 18:55:48,223][kafka.coordinator][INFO]Heartbeat successful
[2016-05-11 18:55:51,242][kafka.coordinator][INFO]Heartbeat successful
[2016-05-11 18:55:54,298][kafka.coordinator][INFO]Heartbeat successful
[2016-05-11 18:55:57,310][kafka.coordinator][INFO]Heartbeat successful
[2016-05-11 18:56:00,330][kafka.coordinator][INFO]Heartbeat successful
[2016-05-11 18:56:02,884][kafka.coordinator][INFO]Heartbeat successful
[2016-05-11 18:56:05,936][kafka.coordinator][INFO]Heartbeat successful
[2016-05-11 18:56:08,955][kafka.coordinator][INFO]Heartbeat successful
[2016-05-11 18:56:11,968][kafka.coordinator][INFO]Heartbeat successful
[2016-05-11 18:56:15,025][kafka.coordinator][INFO]Heartbeat successful
[2016-05-11 18:56:18,035][kafka.coordinator][INFO]Heartbeat successful
[2016-05-11 18:56:21,050][kafka.coordinator][INFO]Heartbeat successful
[2016-05-11 18:56:24,105][kafka.coordinator][INFO]Heartbeat successful
[2016-05-11 18:56:27,120][kafka.coordinator][INFO]Heartbeat successful
[2016-05-11 18:56:30,140][kafka.coordinator][INFO]Heartbeat successful
[2016-05-11 18:56:33,197][kafka.coordinator][INFO]Heartbeat successful
[2016-05-11 18:56:36,216][kafka.coordinator][INFO]Heartbeat successful
[2016-05-11 18:56:39,231][kafka.coordinator][INFO]Heartbeat successful
[2016-05-11 18:56:42,246][kafka.coordinator][INFO]Heartbeat successful
[2016-05-11 18:56:45,303][kafka.coordinator][INFO]Heartbeat successful
[2016-05-11 18:56:48,322][kafka.coordinator][INFO]Heartbeat successful
[2016-05-11 18:56:51,335][kafka.coordinator][INFO]Heartbeat successful
[2016-05-11 18:56:53,885][kafka.coordinator][INFO]Heartbeat successful
[2016-05-11 18:56:56,938][kafka.coordinator][INFO]Heartbeat successful
[2016-05-11 18:56:59,960][kafka.coordinator][INFO]Heartbeat successful
[2016-05-11 18:57:02,974][kafka.coordinator][INFO]Heartbeat successful
[2016-05-11 18:57:06,029][kafka.coordinator][INFO]Heartbeat successful
[2016-05-11 18:57:09,053][kafka.coordinator][INFO]Heartbeat successful
[2016-05-11 18:57:12,071][kafka.coordinator][INFO]Heartbeat successful
[2016-05-11 18:57:15,129][kafka.coordinator][INFO]Heartbeat successful
[2016-05-11 18:57:18,155][kafka.coordinator][INFO]Heartbeat successful
[2016-05-11 18:57:21,176][kafka.coordinator][INFO]Heartbeat successful
[2016-05-11 18:57:24,239][kafka.coordinator][INFO]Heartbeat successful
[2016-05-11 18:57:27,250][kafka.coordinator][INFO]Heartbeat successful
[2016-05-11 18:57:30,261][kafka.coordinator][INFO]Heartbeat successful
[2016-05-11 18:57:33,277][kafka.coordinator][INFO]Heartbeat successful
[2016-05-11 18:57:36,333][kafka.coordinator][INFO]Heartbeat successful
[2016-05-11 18:57:39,352][kafka.coordinator][INFO]Heartbeat successful
[2016-05-11 18:57:42,367][kafka.coordinator][INFO]Heartbeat successful
[2016-05-11 18:57:44,925][kafka.coordinator][INFO]Heartbeat successful
[2016-05-11 18:57:47,943][kafka.coordinator][INFO]Heartbeat successful
[2016-05-11 18:57:50,962][kafka.coordinator][INFO]Heartbeat successful
[2016-05-11 18:57:54,012][kafka.coordinator][INFO]Heartbeat successful
[2016-05-11 18:57:57,024][kafka.coordinator][INFO]Heartbeat successful
[2016-05-11 18:58:00,040][kafka.coordinator][INFO]Heartbeat successful
[2016-05-11 18:58:03,058][kafka.coordinator][INFO]Heartbeat successful
[2016-05-11 18:58:06,113][kafka.coordinator][INFO]Heartbeat successful
[2016-05-11 18:58:09,135][kafka.coordinator][INFO]Heartbeat successful
[2016-05-11 18:58:12,151][kafka.coordinator][INFO]Heartbeat successful
[2016-05-11 18:58:15,208][kafka.coordinator][INFO]Heartbeat successful
[2016-05-11 18:58:18,224][kafka.coordinator][WARNING]Heartbeat: group is rebalancing; this consumer needs to re-join
[2016-05-11 18:58:18,224][kafka.coordinator][WARNING]Heartbeat failed; retrying
[2016-05-11 18:58:18,325][kafka.coordinator][INFO]Skipping heartbeat: no auto-assignment or waiting on rebalance
[2016-05-11 18:58:24,031][kafka.coordinator][INFO]Joined group 'kafka-python-default-group' (generation 71) with member_id kafka-python-1.0.2-8154b5f7-7bf2-49c3-9d0c-b59123979cea
[2016-05-11 18:58:24,032][kafka.coordinator][INFO]Elected group leader -- performing partition assignments using range
[2016-05-11 18:58:24,034][kafka.consumer.subscription_state][INFO]Updated partition assignment: [TopicPartition(topic=u'goodtopic', partition=0)]
[2016-05-11 18:58:27,126][kafka.coordinator][INFO]Heartbeat successful
[2016-05-11 18:58:30,142][kafka.coordinator][INFO]Heartbeat successful
[2016-05-11 18:58:33,166][kafka.coordinator][INFO]Heartbeat successful
[2016-05-11 18:58:36,228][kafka.coordinator][INFO]Heartbeat successful
[2016-05-11 18:58:39,245][kafka.coordinator][INFO]Heartbeat successful
[2016-05-11 18:58:42,267][kafka.coordinator][INFO]Heartbeat successful
[2016-05-11 18:58:45,326][kafka.coordinator][INFO]Heartbeat successful
[2016-05-11 18:58:48,342][kafka.coordinator][INFO]Heartbeat successful
[2016-05-11 18:58:51,361][kafka.coordinator][INFO]Heartbeat successful
[2016-05-11 18:58:54,382][kafka.coordinator][INFO]Heartbeat successful
[2016-05-11 18:58:57,433][kafka.coordinator][INFO]Heartbeat successful
[2016-05-11 18:59:00,452][kafka.coordinator][INFO]Heartbeat successful
[2016-05-11 18:59:03,472][kafka.coordinator][INFO]Heartbeat successful
[2016-05-11 18:59:06,531][kafka.coordinator][INFO]Heartbeat successful
[2016-05-11 18:59:09,542][kafka.coordinator][INFO]Heartbeat successful
[2016-05-11 18:59:12,053][kafka.coordinator][INFO]Heartbeat successful
[2016-05-11 18:59:15,110][kafka.coordinator][INFO]Heartbeat successful
[2016-05-11 18:59:18,127][kafka.coordinator][INFO]Heartbeat successful
[2016-05-11 18:59:21,179][kafka.coordinator][INFO]Heartbeat successful
[2016-05-11 18:59:24,195][kafka.coordinator][INFO]Heartbeat successful
[2016-05-11 18:59:27,212][kafka.coordinator][INFO]Heartbeat successful
[2016-05-11 18:59:30,277][kafka.coordinator][INFO]Heartbeat successful
[2016-05-11 18:59:33,291][kafka.coordinator][INFO]Heartbeat successful
[2016-05-11 18:59:36,308][kafka.coordinator][INFO]Heartbeat successful
[2016-05-11 18:59:39,324][kafka.coordinator][INFO]Heartbeat successful
[2016-05-11 18:59:42,375][kafka.coordinator][INFO]Heartbeat successful
[2016-05-11 18:59:45,395][kafka.coordinator][INFO]Heartbeat successful
[2016-05-11 18:59:48,416][kafka.coordinator][INFO]Heartbeat successful
[2016-05-11 18:59:51,475][kafka.coordinator][INFO]Heartbeat successful
[2016-05-11 18:59:54,496][kafka.coordinator][INFO]Heartbeat successful
[2016-05-11 18:59:57,515][kafka.coordinator][INFO]Heartbeat successful
[2016-05-11 19:00:00,573][kafka.coordinator][INFO]Heartbeat successful
[2016-05-11 19:00:03,085][kafka.coordinator][INFO]Heartbeat successful
[2016-05-11 19:00:06,138][kafka.coordinator][INFO]Heartbeat successful
[2016-05-11 19:00:09,153][kafka.coordinator][INFO]Heartbeat successful
[2016-05-11 19:00:12,056][kafka.coordinator][WARNING]Coordinator unknown during heartbeat -- will retry
[2016-05-11 19:00:12,057][kafka.coordinator][WARNING]Heartbeat failed; retrying
[2016-05-11 19:00:12,157][kafka.coordinator][WARNING]Coordinator unknown during heartbeat -- will retry
[2016-05-11 19:00:12,158][kafka.coordinator][WARNING]Heartbeat failed; retrying
[2016-05-11 19:00:12,259][kafka.coordinator][INFO]Heartbeat successful
[2016-05-11 19:00:15,308][kafka.coordinator][INFO]Heartbeat successful
[2016-05-11 19:00:18,321][kafka.coordinator][INFO]Heartbeat successful
[2016-05-11 19:00:21,376][kafka.coordinator][INFO]Heartbeat successful
[2016-05-11 19:00:24,392][kafka.coordinator][INFO]Heartbeat successful
