Beginning task setup

/usr/bin/flock
Using existing venv: /tmp/petrel-good-5-1463752987/venv
Task setup took 12 seconds
Launching: python -m petrel.run threeworddivider /home/pipe/twitterintel/twitterintel/topology/TopologyTweetTransformationGOOD/petrel714_threeworddivider.log
/usr/local/lib/python2.7/dist-packages/petrel-0.9.4.0.3-py2.7.egg/petrel/run.py invoked with the following arguments: ['threeworddivider', '/home/pipe/twitterintel/twitterintel/topology/TopologyTweetTransformationGOOD/petrel714_threeworddivider.log']
python version: 2.7.11
user=root
PATH=/tmp/petrel-good-5-1463752987/venv/bin:/root/SimpleScalar/simplesim-3.0:/root/SimpleScalar/bin:/root/SimpleScalar/gcc-2.6.3:/root/SimpleScalar/bin:/usr/local/sbin:/usr/local/bin:/usr/sbin:/usr/bin:/sbin:/bin:/usr/games:/usr/local/games:/home/pipe/Downloads/zookeeper-3.4.8/bin:/home/pipe/Downloads/apache-storm-0.9.4/bin
LD_LIBRARY_PATH=storm-local/supervisor/stormdist/good-5-1463752987/resources/Linux-amd64:storm-local/supervisor/stormdist/good-5-1463752987/resources:/usr/local/lib:/opt/local/lib:/usr/lib
PYTHON_EGG_CACHE=/tmp/petrel-good-5-1463752987/egg_cache
[2016-05-20 15:03:54,781][storm][INFO]Tuple profiling enabled. Will log tuple processing times.
[2016-05-20 15:04:04,620][storm][INFO]Task received setupInfo from Storm: {u'pidDir': u'/home/pipe/storm-local/workers/cb2925a2-898f-4639-afdf-c05b550c3748/pids', u'conf': {u'oauth.acess_token': u' 702208758362087425-HZiyl1x7Bh98cQa1WLBDYylyu10Bpl7', u'topology.tuple.serializer': u'backtype.storm.serialization.types.ListDelegateSerializer', u'topology.workers': 1, u'drpc.worker.threads': 64, u'storm.messaging.netty.client_worker_threads': 1, u'supervisor.heartbeat.frequency.secs': 5, u'topology.executor.send.buffer.size': 1024, u'drpc.childopts': u'-Xmx768m', u'nimbus.thrift.port': 6627, u'storm.zookeeper.retry.intervalceiling.millis': 30000, u'storm.local.dir': u'storm-local', u'topology.receiver.buffer.size': 8, u'storm.zookeeper.servers': [u'localhost'], u'oauth.consumer_secret': u'ADf76fi3O1lKMzBxWnjqf93l3GHv28uar3bkblkvyBrAyoA23i', u'transactional.zookeeper.root': u'/transactional', u'drpc.request.timeout.secs': 600, u'topology.skip.missing.kryo.registrations': False, u'worker.heartbeat.frequency.secs': 1, u'zmq.hwm': 0, u'storm.zookeeper.connection.timeout': 15000, u'java.library.path': u'/usr/local/lib:/opt/local/lib:/usr/lib', u'topology.max.error.report.per.interval': 5, u'storm.messaging.netty.server_worker_threads': 1, u'storm.id': u'good-5-1463752987', u'supervisor.worker.start.timeout.secs': 120, u'zmq.threads': 1, u'topology.acker.executors': None, u'storm.messaging.netty.flush.check.interval.ms': 10, u'storm.messaging.netty.transfer.batch.size': 262144, u'topology.max.task.parallelism': None, u'topology.environment': None, u'storm.zookeeper.port': 2181, u'nimbus.childopts': u'-Xmx1024m', u'topology.classpath': None, u'worker.childopts': u'-Xmx768m', u'drpc.queue.size': 128, u'topology.multilang.serializer': u'backtype.storm.multilang.JsonSerializer', u'storm.zookeeper.retry.times': 5, u'nimbus.monitor.freq.secs': 10, u'storm.cluster.mode': u'distributed', u'dev.zookeeper.path': u'/tmp/dev-storm-zookeeper', u'drpc.invocations.port': 3773, u'topology.tasks': None, u'storm.zookeeper.root': u'/storm', u'logviewer.childopts': u'-Xmx128m', u'storm.meta.serialization.delegate': u'backtype.storm.serialization.DefaultSerializationDelegate', u'transactional.zookeeper.port': None, u'topology.worker.receiver.thread.count': 1, u'topology.worker.childopts': None, u'topology.max.spout.pending': None, u'topology.kryo.register': None, u'petrel.host': u'pipe-X550CC', u'nimbus.cleanup.inbox.freq.secs': 600, u'storm.messaging.netty.min_wait_ms': 100, u'nimbus.task.timeout.secs': 30, u'nimbus.thrift.max_buffer_size': 1048576, u'topology.sleep.spout.wait.strategy.time.ms': 1, u'nimbus.reassign': True, u'storm.messaging.transport': u'backtype.storm.messaging.netty.Context', u'logviewer.appender.name': u'A1', u'nimbus.host': u'localhost', u'ui.port': 8080, u'supervisor.slots.ports': [6700, 6701, 6702, 6703], u'nimbus.file.copy.expiration.secs': 600, u'supervisor.monitor.frequency.secs': 3, u'ui.childopts': u'-Xmx768m', u'transactional.zookeeper.servers': None, u'zmq.linger.millis': 5000, u'topology.error.throttle.interval.secs': 10, u'topology.worker.shared.thread.pool.size': 4, u'topology.executor.receive.buffer.size': 1024, u'topology.spout.wait.strategy': u'backtype.storm.spout.SleepSpoutWaitStrategy', u'task.heartbeat.frequency.secs': 3, u'topology.transfer.buffer.size': 1024, u'storm.zookeeper.session.timeout': 20000, u'storm.local.mode.zmq': False, u'topology.stats.sample.rate': 0.05, u'topology.fall.back.on.java.serialization': True, u'supervisor.childopts': u'-Xmx256m', u'topology.enable.message.timeouts': True, u'storm.messaging.netty.max_wait_ms': 1000, u'nimbus.topology.validator': u'backtype.storm.nimbus.DefaultTopologyValidator', u'nimbus.supervisor.timeout.secs': 60, u'topology.disruptor.wait.strategy': u'com.lmax.disruptor.BlockingWaitStrategy', u'storm.messaging.netty.buffer_size': 5242880, u'drpc.port': 3772, u'topology.kryo.factory': u'backtype.storm.serialization.DefaultKryoFactory', u'storm.zookeeper.retry.interval': 1000, u'storm.messaging.netty.max_retries': 300, u'topology.tick.tuple.freq.secs': None, u'supervisor.enable': True, u'nimbus.task.launch.secs': 120, u'task.refresh.poll.secs': 10, u'topology.message.timeout.secs': 30, u'oauth.acess_token_secret': u'IiNOTfgE3tEZvW2HDQhRKPMoOLU43NXJCXk8maj51SdAT', u'petrel.user': u'root', u'nimbus.inbox.jar.expiration.secs': 3600, u'topology.state.synchronization.timeout.secs': 60, u'topology.name': u'good', u'supervisor.worker.timeout.secs': 30, u'topology.trident.batch.emit.interval.millis': 500, u'topology.builtin.metrics.bucket.size.secs': 60, u'storm.thrift.transport': u'backtype.storm.security.auth.SimpleTransportPlugin', u'logviewer.port': 8000, u'oauth.consumer_key': u'eaFmBSxUveRJfmyZYeabti9Q9', u'topology.kryo.decorators': [], u'topology.debug': False}, u'context': {u'task->component': {u'1': u'CountThreeWords', u'3': u'CountWord', u'2': u'CountTwoWords', u'5': u'ThreeWordDivider', u'4': u'KafkaConsumer', u'7': u'WordDivider', u'6': u'TwoWordDivider', u'8': u'__acker'}, u'taskid': 5}}
[2016-05-20 15:04:04,622][storm][INFO]Task sent pid to Storm
[2016-05-20 15:04:13,681][storm][DEBUG]BasicBolt profile: total_num_tuples=1, num_tuples=1, avg_read_time=0.703012 (83.3%), avg_process_time=0.141258 (16.7%), avg_ack_time=0.000159 (0.0%)
[2016-05-20 15:18:51,863][storm][DEBUG]BasicBolt profile: total_num_tuples=9, num_tuples=8, avg_read_time=0.037070 (37.6%), avg_process_time=0.043658 (44.3%), avg_ack_time=0.017811 (18.1%)
[2016-05-20 15:23:17,328][storm][DEBUG]BasicBolt profile: total_num_tuples=12, num_tuples=3, avg_read_time=0.000962 (67.1%), avg_process_time=0.000444 (31.0%), avg_ack_time=0.000027 (1.9%)
[2016-05-20 16:00:51,150][storm][DEBUG]BasicBolt profile: total_num_tuples=30, num_tuples=18, avg_read_time=0.013505 (65.2%), avg_process_time=0.007177 (34.6%), avg_ack_time=0.000036 (0.2%)
[2016-05-20 16:04:55,094][storm][DEBUG]BasicBolt profile: total_num_tuples=31, num_tuples=1, avg_read_time=0.019607 (98.2%), avg_process_time=0.000326 (1.6%), avg_ack_time=0.000042 (0.2%)
[2016-05-20 16:05:25,937][storm][DEBUG]BasicBolt profile: total_num_tuples=127, num_tuples=96, avg_read_time=0.006365 (69.4%), avg_process_time=0.002638 (28.8%), avg_ack_time=0.000167 (1.8%)
[2016-05-20 16:05:57,951][storm][DEBUG]BasicBolt profile: total_num_tuples=192, num_tuples=65, avg_read_time=0.014699 (80.6%), avg_process_time=0.003502 (19.2%), avg_ack_time=0.000043 (0.2%)
[2016-05-20 16:54:13,578][storm][DEBUG]BasicBolt profile: total_num_tuples=216, num_tuples=24, avg_read_time=0.028976 (66.6%), avg_process_time=0.014418 (33.1%), avg_ack_time=0.000137 (0.3%)
[2016-05-20 16:55:11,003][storm][DEBUG]BasicBolt profile: total_num_tuples=242, num_tuples=26, avg_read_time=0.026300 (98.5%), avg_process_time=0.000381 (1.4%), avg_ack_time=0.000026 (0.1%)
[2016-05-20 17:04:29,750][storm][DEBUG]BasicBolt profile: total_num_tuples=318, num_tuples=76, avg_read_time=0.005156 (57.4%), avg_process_time=0.003697 (41.2%), avg_ack_time=0.000127 (1.4%)
[2016-05-20 17:05:27,213][storm][DEBUG]BasicBolt profile: total_num_tuples=319, num_tuples=1, avg_read_time=0.616150 (99.8%), avg_process_time=0.000972 (0.2%), avg_ack_time=0.000026 (0.0%)
[2016-05-20 17:05:29,106][storm][DEBUG]BasicBolt profile: total_num_tuples=320, num_tuples=1, avg_read_time=0.032753 (1.7%), avg_process_time=1.859417 (98.3%), avg_ack_time=0.000033 (0.0%)
[2016-05-20 17:06:49,353][storm][DEBUG]BasicBolt profile: total_num_tuples=322, num_tuples=2, avg_read_time=0.043961 (40.6%), avg_process_time=0.064345 (59.4%), avg_ack_time=0.000036 (0.0%)
[2016-05-20 17:11:31,956][storm][DEBUG]BasicBolt profile: total_num_tuples=325, num_tuples=3, avg_read_time=0.180729 (99.7%), avg_process_time=0.000583 (0.3%), avg_ack_time=0.000032 (0.0%)
[2016-05-20 17:11:39,033][storm][DEBUG]BasicBolt profile: total_num_tuples=379, num_tuples=54, avg_read_time=0.019318 (95.1%), avg_process_time=0.000935 (4.6%), avg_ack_time=0.000068 (0.3%)
[2016-05-20 17:12:32,591][storm][DEBUG]BasicBolt profile: total_num_tuples=383, num_tuples=4, avg_read_time=0.136428 (99.1%), avg_process_time=0.001150 (0.8%), avg_ack_time=0.000036 (0.0%)
[2016-05-20 17:29:59,099][storm][DEBUG]BasicBolt profile: total_num_tuples=384, num_tuples=1, avg_read_time=0.238811 (88.1%), avg_process_time=0.032069 (11.8%), avg_ack_time=0.000064 (0.0%)
[2016-05-20 17:37:17,984][storm][DEBUG]BasicBolt profile: total_num_tuples=453, num_tuples=69, avg_read_time=0.009559 (80.6%), avg_process_time=0.001944 (16.4%), avg_ack_time=0.000356 (3.0%)
[2016-05-20 17:37:18,993][storm][DEBUG]BasicBolt profile: total_num_tuples=528, num_tuples=75, avg_read_time=0.009495 (70.6%), avg_process_time=0.003820 (28.4%), avg_ack_time=0.000129 (1.0%)
[2016-05-20 17:45:49,381][storm][DEBUG]BasicBolt profile: total_num_tuples=547, num_tuples=19, avg_read_time=0.012727 (76.5%), avg_process_time=0.003704 (22.3%), avg_ack_time=0.000208 (1.2%)
[2016-05-20 17:46:09,335][storm][DEBUG]BasicBolt profile: total_num_tuples=680, num_tuples=133, avg_read_time=0.004828 (66.7%), avg_process_time=0.002307 (31.9%), avg_ack_time=0.000103 (1.4%)
[2016-05-20 17:46:16,038][storm][DEBUG]BasicBolt profile: total_num_tuples=681, num_tuples=1, avg_read_time=0.701789 (99.9%), avg_process_time=0.000621 (0.1%), avg_ack_time=0.000022 (0.0%)
[2016-05-20 17:46:20,150][storm][DEBUG]BasicBolt profile: total_num_tuples=682, num_tuples=1, avg_read_time=0.100594 (89.6%), avg_process_time=0.011646 (10.4%), avg_ack_time=0.000048 (0.0%)
[2016-05-20 17:46:29,486][storm][DEBUG]BasicBolt profile: total_num_tuples=684, num_tuples=2, avg_read_time=0.666959 (99.9%), avg_process_time=0.000927 (0.1%), avg_ack_time=0.000023 (0.0%)
[2016-05-20 17:46:35,552][storm][DEBUG]BasicBolt profile: total_num_tuples=686, num_tuples=2, avg_read_time=0.532209 (96.8%), avg_process_time=0.017735 (3.2%), avg_ack_time=0.000024 (0.0%)
[2016-05-20 17:46:39,086][storm][DEBUG]BasicBolt profile: total_num_tuples=687, num_tuples=1, avg_read_time=0.531346 (99.5%), avg_process_time=0.002830 (0.5%), avg_ack_time=0.000040 (0.0%)
[2016-05-20 17:46:47,421][storm][DEBUG]BasicBolt profile: total_num_tuples=688, num_tuples=1, avg_read_time=0.238881 (70.9%), avg_process_time=0.098025 (29.1%), avg_ack_time=0.000022 (0.0%)
[2016-05-20 17:46:49,781][storm][DEBUG]BasicBolt profile: total_num_tuples=689, num_tuples=1, avg_read_time=0.456430 (99.9%), avg_process_time=0.000578 (0.1%), avg_ack_time=0.000020 (0.0%)
[2016-05-20 17:46:55,526][storm][DEBUG]BasicBolt profile: total_num_tuples=690, num_tuples=1, avg_read_time=0.743456 (99.9%), avg_process_time=0.000833 (0.1%), avg_ack_time=0.000024 (0.0%)
[2016-05-20 17:47:01,403][storm][DEBUG]BasicBolt profile: total_num_tuples=691, num_tuples=1, avg_read_time=0.847856 (96.6%), avg_process_time=0.029755 (3.4%), avg_ack_time=0.000021 (0.0%)
[2016-05-20 17:47:15,191][storm][DEBUG]BasicBolt profile: total_num_tuples=692, num_tuples=1, avg_read_time=0.815318 (99.8%), avg_process_time=0.001269 (0.2%), avg_ack_time=0.000028 (0.0%)
[2016-05-20 17:47:16,587][storm][DEBUG]BasicBolt profile: total_num_tuples=694, num_tuples=2, avg_read_time=0.180984 (86.7%), avg_process_time=0.027849 (13.3%), avg_ack_time=0.000026 (0.0%)
[2016-05-20 17:47:25,751][storm][DEBUG]BasicBolt profile: total_num_tuples=696, num_tuples=2, avg_read_time=0.081098 (99.2%), avg_process_time=0.000637 (0.8%), avg_ack_time=0.000021 (0.0%)
[2016-05-20 17:47:32,819][storm][DEBUG]BasicBolt profile: total_num_tuples=697, num_tuples=1, avg_read_time=0.066611 (99.3%), avg_process_time=0.000432 (0.6%), avg_ack_time=0.000047 (0.1%)
[2016-05-20 17:47:38,160][storm][DEBUG]BasicBolt profile: total_num_tuples=698, num_tuples=1, avg_read_time=0.317701 (93.2%), avg_process_time=0.023162 (6.8%), avg_ack_time=0.000021 (0.0%)
[2016-05-20 18:00:20,304][storm][DEBUG]BasicBolt profile: total_num_tuples=699, num_tuples=1, avg_read_time=0.034327 (98.1%), avg_process_time=0.000613 (1.8%), avg_ack_time=0.000069 (0.2%)
[2016-05-20 18:04:38,973][storm][DEBUG]BasicBolt profile: total_num_tuples=739, num_tuples=40, avg_read_time=0.014689 (94.5%), avg_process_time=0.000731 (4.7%), avg_ack_time=0.000118 (0.8%)
[2016-05-20 18:11:00,925][storm][DEBUG]BasicBolt profile: total_num_tuples=797, num_tuples=58, avg_read_time=0.011686 (76.5%), avg_process_time=0.003415 (22.3%), avg_ack_time=0.000180 (1.2%)
[2016-05-20 18:23:00,961][storm][DEBUG]BasicBolt profile: total_num_tuples=885, num_tuples=88, avg_read_time=0.009542 (89.2%), avg_process_time=0.001081 (10.1%), avg_ack_time=0.000070 (0.7%)
[2016-05-20 18:28:13,037][storm][DEBUG]BasicBolt profile: total_num_tuples=938, num_tuples=53, avg_read_time=0.017834 (90.7%), avg_process_time=0.001734 (8.8%), avg_ack_time=0.000089 (0.5%)
[2016-05-20 18:28:43,802][storm][DEBUG]BasicBolt profile: total_num_tuples=1020, num_tuples=82, avg_read_time=0.007631 (83.9%), avg_process_time=0.001305 (14.3%), avg_ack_time=0.000157 (1.7%)
[2016-05-20 18:30:54,135][storm][DEBUG]BasicBolt profile: total_num_tuples=1100, num_tuples=80, avg_read_time=0.002819 (71.1%), avg_process_time=0.001089 (27.5%), avg_ack_time=0.000057 (1.4%)
[2016-05-20 18:31:08,355][storm][DEBUG]BasicBolt profile: total_num_tuples=1189, num_tuples=89, avg_read_time=0.013245 (94.7%), avg_process_time=0.000689 (4.9%), avg_ack_time=0.000058 (0.4%)
[2016-05-20 18:31:09,406][storm][DEBUG]BasicBolt profile: total_num_tuples=1206, num_tuples=17, avg_read_time=0.002116 (59.3%), avg_process_time=0.001336 (37.4%), avg_ack_time=0.000116 (3.3%)
[2016-05-20 18:31:21,330][storm][DEBUG]BasicBolt profile: total_num_tuples=1277, num_tuples=71, avg_read_time=0.012310 (94.8%), avg_process_time=0.000624 (4.8%), avg_ack_time=0.000054 (0.4%)
[2016-05-20 18:31:57,631][storm][DEBUG]BasicBolt profile: total_num_tuples=1356, num_tuples=79, avg_read_time=0.002715 (69.6%), avg_process_time=0.001044 (26.8%), avg_ack_time=0.000141 (3.6%)
[2016-05-20 18:32:27,168][storm][DEBUG]BasicBolt profile: total_num_tuples=1452, num_tuples=96, avg_read_time=0.004104 (82.2%), avg_process_time=0.000838 (16.8%), avg_ack_time=0.000050 (1.0%)
[2016-05-20 18:35:04,341][storm][DEBUG]BasicBolt profile: total_num_tuples=1526, num_tuples=74, avg_read_time=0.015332 (97.0%), avg_process_time=0.000447 (2.8%), avg_ack_time=0.000032 (0.2%)
[2016-05-20 18:36:32,520][storm][DEBUG]BasicBolt profile: total_num_tuples=1615, num_tuples=89, avg_read_time=0.012520 (92.5%), avg_process_time=0.000962 (7.1%), avg_ack_time=0.000052 (0.4%)
[2016-05-20 18:36:53,782][storm][DEBUG]BasicBolt profile: total_num_tuples=1682, num_tuples=67, avg_read_time=0.017682 (94.0%), avg_process_time=0.001055 (5.6%), avg_ack_time=0.000068 (0.4%)
[2016-05-20 18:38:51,430][storm][DEBUG]BasicBolt profile: total_num_tuples=1740, num_tuples=58, avg_read_time=0.009979 (90.2%), avg_process_time=0.000913 (8.3%), avg_ack_time=0.000173 (1.6%)
[2016-05-20 18:40:27,502][storm][DEBUG]BasicBolt profile: total_num_tuples=1743, num_tuples=3, avg_read_time=0.016586 (97.7%), avg_process_time=0.000368 (2.2%), avg_ack_time=0.000024 (0.1%)
[2016-05-20 18:40:39,722][storm][DEBUG]BasicBolt profile: total_num_tuples=1747, num_tuples=4, avg_read_time=0.051932 (99.0%), avg_process_time=0.000516 (1.0%), avg_ack_time=0.000026 (0.0%)
[2016-05-20 18:40:52,078][storm][DEBUG]BasicBolt profile: total_num_tuples=1751, num_tuples=4, avg_read_time=0.087802 (99.0%), avg_process_time=0.000895 (1.0%), avg_ack_time=0.000026 (0.0%)
[2016-05-20 18:42:47,232][storm][DEBUG]BasicBolt profile: total_num_tuples=1753, num_tuples=2, avg_read_time=0.065445 (99.2%), avg_process_time=0.000518 (0.8%), avg_ack_time=0.000021 (0.0%)
[2016-05-20 18:48:17,123][storm][DEBUG]BasicBolt profile: total_num_tuples=1755, num_tuples=2, avg_read_time=0.368302 (99.8%), avg_process_time=0.000521 (0.1%), avg_ack_time=0.000032 (0.0%)
[2016-05-20 18:55:43,806][storm][DEBUG]BasicBolt profile: total_num_tuples=1763, num_tuples=8, avg_read_time=0.070840 (99.4%), avg_process_time=0.000377 (0.5%), avg_ack_time=0.000029 (0.0%)
[2016-05-20 18:55:54,628][storm][DEBUG]BasicBolt profile: total_num_tuples=1779, num_tuples=16, avg_read_time=0.042925 (83.0%), avg_process_time=0.008777 (17.0%), avg_ack_time=0.000031 (0.1%)
[2016-05-20 18:55:55,820][storm][DEBUG]BasicBolt profile: total_num_tuples=1800, num_tuples=21, avg_read_time=0.038941 (68.6%), avg_process_time=0.017750 (31.3%), avg_ack_time=0.000037 (0.1%)
[2016-05-20 18:55:56,864][storm][DEBUG]BasicBolt profile: total_num_tuples=1813, num_tuples=13, avg_read_time=0.050331 (62.7%), avg_process_time=0.029928 (37.3%), avg_ack_time=0.000023 (0.0%)
[2016-05-20 18:55:57,949][storm][DEBUG]BasicBolt profile: total_num_tuples=1823, num_tuples=10, avg_read_time=0.095378 (87.9%), avg_process_time=0.013097 (12.1%), avg_ack_time=0.000019 (0.0%)
[2016-05-20 18:55:59,158][storm][DEBUG]BasicBolt profile: total_num_tuples=1828, num_tuples=5, avg_read_time=0.231584 (95.7%), avg_process_time=0.010237 (4.2%), avg_ack_time=0.000042 (0.0%)
[2016-05-20 18:56:00,255][storm][DEBUG]BasicBolt profile: total_num_tuples=1848, num_tuples=20, avg_read_time=0.038150 (69.6%), avg_process_time=0.016655 (30.4%), avg_ack_time=0.000020 (0.0%)
[2016-05-20 18:56:01,309][storm][DEBUG]BasicBolt profile: total_num_tuples=1861, num_tuples=13, avg_read_time=0.069424 (85.7%), avg_process_time=0.011593 (14.3%), avg_ack_time=0.000021 (0.0%)
[2016-05-20 18:57:21,842][storm][DEBUG]BasicBolt profile: total_num_tuples=1866, num_tuples=5, avg_read_time=0.102679 (99.2%), avg_process_time=0.000816 (0.8%), avg_ack_time=0.000021 (0.0%)
[2016-05-20 18:58:02,415][storm][DEBUG]BasicBolt profile: total_num_tuples=1868, num_tuples=2, avg_read_time=0.282881 (99.8%), avg_process_time=0.000507 (0.2%), avg_ack_time=0.000019 (0.0%)
[2016-05-20 19:44:32,294][storm][DEBUG]BasicBolt profile: total_num_tuples=1872, num_tuples=4, avg_read_time=0.220733 (26.4%), avg_process_time=0.614924 (73.6%), avg_ack_time=0.000028 (0.0%)
[2016-05-20 19:46:35,047][storm][DEBUG]BasicBolt profile: total_num_tuples=1965, num_tuples=93, avg_read_time=0.006740 (47.7%), avg_process_time=0.007359 (52.1%), avg_ack_time=0.000024 (0.2%)
[2016-05-20 19:46:36,463][storm][DEBUG]BasicBolt profile: total_num_tuples=2006, num_tuples=41, avg_read_time=0.032601 (94.4%), avg_process_time=0.001755 (5.1%), avg_ack_time=0.000185 (0.5%)
[2016-05-20 19:46:37,754][storm][DEBUG]BasicBolt profile: total_num_tuples=2007, num_tuples=1, avg_read_time=0.272918 (99.8%), avg_process_time=0.000547 (0.2%), avg_ack_time=0.000019 (0.0%)
[2016-05-20 19:46:38,975][storm][DEBUG]BasicBolt profile: total_num_tuples=2010, num_tuples=3, avg_read_time=0.406391 (99.9%), avg_process_time=0.000490 (0.1%), avg_ack_time=0.000014 (0.0%)
[2016-05-20 19:46:41,337][storm][DEBUG]BasicBolt profile: total_num_tuples=2141, num_tuples=131, avg_read_time=0.009343 (92.0%), avg_process_time=0.000794 (7.8%), avg_ack_time=0.000017 (0.2%)
[2016-05-20 19:47:12,409][storm][DEBUG]BasicBolt profile: total_num_tuples=2151, num_tuples=10, avg_read_time=0.100841 (99.5%), avg_process_time=0.000441 (0.4%), avg_ack_time=0.000016 (0.0%)
[2016-05-20 19:47:13,420][storm][DEBUG]BasicBolt profile: total_num_tuples=2327, num_tuples=176, avg_read_time=0.003656 (63.8%), avg_process_time=0.001968 (34.4%), avg_ack_time=0.000105 (1.8%)
[2016-05-20 19:47:14,435][storm][DEBUG]BasicBolt profile: total_num_tuples=2483, num_tuples=156, avg_read_time=0.004768 (73.4%), avg_process_time=0.001644 (25.3%), avg_ack_time=0.000088 (1.3%)
[2016-05-20 19:49:06,936][storm][DEBUG]BasicBolt profile: total_num_tuples=2484, num_tuples=1, avg_read_time=0.482813 (99.9%), avg_process_time=0.000525 (0.1%), avg_ack_time=0.000019 (0.0%)
[2016-05-20 19:49:07,937][storm][DEBUG]BasicBolt profile: total_num_tuples=2635, num_tuples=151, avg_read_time=0.004112 (62.2%), avg_process_time=0.002413 (36.5%), avg_ack_time=0.000090 (1.4%)
[2016-05-20 19:49:08,938][storm][DEBUG]BasicBolt profile: total_num_tuples=2785, num_tuples=150, avg_read_time=0.005133 (77.0%), avg_process_time=0.001452 (21.8%), avg_ack_time=0.000082 (1.2%)
[2016-05-20 19:49:10,011][storm][DEBUG]BasicBolt profile: total_num_tuples=3020, num_tuples=235, avg_read_time=0.002705 (59.3%), avg_process_time=0.001754 (38.5%), avg_ack_time=0.000099 (2.2%)
[2016-05-20 19:49:26,812][storm][DEBUG]BasicBolt profile: total_num_tuples=3100, num_tuples=80, avg_read_time=0.183695 (99.1%), avg_process_time=0.001540 (0.8%), avg_ack_time=0.000063 (0.0%)
[2016-05-20 19:49:29,133][storm][DEBUG]BasicBolt profile: total_num_tuples=3122, num_tuples=22, avg_read_time=0.014485 (92.0%), avg_process_time=0.001136 (7.2%), avg_ack_time=0.000118 (0.8%)
[2016-05-20 19:49:30,513][storm][DEBUG]BasicBolt profile: total_num_tuples=3124, num_tuples=2, avg_read_time=0.689221 (99.9%), avg_process_time=0.000641 (0.1%), avg_ack_time=0.000033 (0.0%)
[2016-05-20 19:49:31,640][storm][DEBUG]BasicBolt profile: total_num_tuples=3125, num_tuples=1, avg_read_time=0.126744 (99.6%), avg_process_time=0.000477 (0.4%), avg_ack_time=0.000023 (0.0%)
[2016-05-20 19:49:38,330][storm][DEBUG]BasicBolt profile: total_num_tuples=3189, num_tuples=64, avg_read_time=0.009807 (82.9%), avg_process_time=0.001986 (16.8%), avg_ack_time=0.000037 (0.3%)
[2016-05-20 19:58:18,126][storm][DEBUG]BasicBolt profile: total_num_tuples=3192, num_tuples=3, avg_read_time=0.141803 (57.3%), avg_process_time=0.105744 (42.7%), avg_ack_time=0.000019 (0.0%)
[2016-05-20 19:58:19,739][storm][DEBUG]BasicBolt profile: total_num_tuples=3195, num_tuples=3, avg_read_time=0.077667 (15.9%), avg_process_time=0.411473 (84.1%), avg_ack_time=0.000056 (0.0%)
[2016-05-20 19:59:38,227][storm][DEBUG]BasicBolt profile: total_num_tuples=3196, num_tuples=1, avg_read_time=0.596062 (74.2%), avg_process_time=0.207607 (25.8%), avg_ack_time=0.000023 (0.0%)
[2016-05-20 20:04:05,069][storm][DEBUG]BasicBolt profile: total_num_tuples=3200, num_tuples=4, avg_read_time=0.144702 (64.7%), avg_process_time=0.078877 (35.3%), avg_ack_time=0.000021 (0.0%)
[2016-05-20 20:04:23,331][storm][DEBUG]BasicBolt profile: total_num_tuples=3205, num_tuples=5, avg_read_time=0.063472 (87.0%), avg_process_time=0.009396 (12.9%), avg_ack_time=0.000056 (0.1%)
[2016-05-20 20:04:25,308][storm][DEBUG]BasicBolt profile: total_num_tuples=3207, num_tuples=2, avg_read_time=0.483642 (98.8%), avg_process_time=0.005994 (1.2%), avg_ack_time=0.000016 (0.0%)
[2016-05-20 20:04:26,558][storm][DEBUG]BasicBolt profile: total_num_tuples=3210, num_tuples=3, avg_read_time=0.394976 (94.8%), avg_process_time=0.021737 (5.2%), avg_ack_time=0.000020 (0.0%)
[2016-05-20 20:04:27,918][storm][DEBUG]BasicBolt profile: total_num_tuples=3212, num_tuples=2, avg_read_time=0.591420 (87.0%), avg_process_time=0.088220 (13.0%), avg_ack_time=0.000039 (0.0%)
[2016-05-20 20:04:29,853][storm][DEBUG]BasicBolt profile: total_num_tuples=3213, num_tuples=1, avg_read_time=0.019542 (95.9%), avg_process_time=0.000805 (4.0%), avg_ack_time=0.000025 (0.1%)
[2016-05-20 20:04:30,910][storm][DEBUG]BasicBolt profile: total_num_tuples=3214, num_tuples=1, avg_read_time=0.043598 (80.9%), avg_process_time=0.010254 (19.0%), avg_ack_time=0.000023 (0.0%)
[2016-05-20 20:04:32,158][storm][DEBUG]BasicBolt profile: total_num_tuples=3215, num_tuples=1, avg_read_time=0.254554 (98.6%), avg_process_time=0.003660 (1.4%), avg_ack_time=0.000021 (0.0%)
[2016-05-20 20:04:37,253][storm][DEBUG]BasicBolt profile: total_num_tuples=3218, num_tuples=3, avg_read_time=0.362413 (99.2%), avg_process_time=0.002759 (0.8%), avg_ack_time=0.000020 (0.0%)
[2016-05-20 20:04:38,291][storm][DEBUG]BasicBolt profile: total_num_tuples=3222, num_tuples=4, avg_read_time=0.257995 (99.4%), avg_process_time=0.001256 (0.5%), avg_ack_time=0.000177 (0.1%)
[2016-05-20 20:04:39,439][storm][DEBUG]BasicBolt profile: total_num_tuples=3224, num_tuples=2, avg_read_time=0.538099 (93.9%), avg_process_time=0.034741 (6.1%), avg_ack_time=0.000024 (0.0%)
[2016-05-20 20:04:41,812][storm][DEBUG]BasicBolt profile: total_num_tuples=3227, num_tuples=3, avg_read_time=0.456245 (99.6%), avg_process_time=0.001956 (0.4%), avg_ack_time=0.000021 (0.0%)
[2016-05-20 20:04:42,879][storm][DEBUG]BasicBolt profile: total_num_tuples=3228, num_tuples=1, avg_read_time=0.917971 (86.3%), avg_process_time=0.145204 (13.7%), avg_ack_time=0.000027 (0.0%)
[2016-05-20 20:04:44,180][storm][DEBUG]BasicBolt profile: total_num_tuples=3230, num_tuples=2, avg_read_time=0.648308 (99.6%), avg_process_time=0.002304 (0.4%), avg_ack_time=0.000020 (0.0%)
[2016-05-20 20:04:49,741][storm][DEBUG]BasicBolt profile: total_num_tuples=3233, num_tuples=3, avg_read_time=0.184228 (98.7%), avg_process_time=0.002154 (1.2%), avg_ack_time=0.000224 (0.1%)
[2016-05-20 20:04:50,800][storm][DEBUG]BasicBolt profile: total_num_tuples=3236, num_tuples=3, avg_read_time=0.337979 (96.0%), avg_process_time=0.013882 (3.9%), avg_ack_time=0.000019 (0.0%)
[2016-05-20 20:04:52,077][storm][DEBUG]BasicBolt profile: total_num_tuples=3241, num_tuples=5, avg_read_time=0.254349 (99.6%), avg_process_time=0.001043 (0.4%), avg_ack_time=0.000019 (0.0%)
[2016-05-20 20:04:53,663][storm][DEBUG]BasicBolt profile: total_num_tuples=3244, num_tuples=3, avg_read_time=0.525084 (99.4%), avg_process_time=0.003334 (0.6%), avg_ack_time=0.000023 (0.0%)
[2016-05-20 20:04:55,002][storm][DEBUG]BasicBolt profile: total_num_tuples=3247, num_tuples=3, avg_read_time=0.445218 (99.7%), avg_process_time=0.001173 (0.3%), avg_ack_time=0.000019 (0.0%)
[2016-05-20 20:04:56,188][storm][DEBUG]BasicBolt profile: total_num_tuples=3250, num_tuples=3, avg_read_time=0.227934 (57.7%), avg_process_time=0.167140 (42.3%), avg_ack_time=0.000017 (0.0%)
[2016-05-20 20:04:57,459][storm][DEBUG]BasicBolt profile: total_num_tuples=3252, num_tuples=2, avg_read_time=0.634068 (99.8%), avg_process_time=0.001414 (0.2%), avg_ack_time=0.000019 (0.0%)
[2016-05-20 20:04:58,542][storm][DEBUG]BasicBolt profile: total_num_tuples=3255, num_tuples=3, avg_read_time=0.360181 (99.7%), avg_process_time=0.000920 (0.3%), avg_ack_time=0.000023 (0.0%)
[2016-05-20 20:04:59,838][storm][DEBUG]BasicBolt profile: total_num_tuples=3256, num_tuples=1, avg_read_time=0.284998 (96.3%), avg_process_time=0.010984 (3.7%), avg_ack_time=0.000021 (0.0%)
[2016-05-20 20:05:03,263][storm][DEBUG]BasicBolt profile: total_num_tuples=3259, num_tuples=3, avg_read_time=0.464716 (97.8%), avg_process_time=0.010493 (2.2%), avg_ack_time=0.000022 (0.0%)
[2016-05-20 20:05:04,853][storm][DEBUG]BasicBolt profile: total_num_tuples=3260, num_tuples=1, avg_read_time=0.430789 (72.8%), avg_process_time=0.160634 (27.2%), avg_ack_time=0.000015 (0.0%)
[2016-05-20 20:05:06,019][storm][DEBUG]BasicBolt profile: total_num_tuples=3263, num_tuples=3, avg_read_time=0.386715 (99.5%), avg_process_time=0.001835 (0.5%), avg_ack_time=0.000029 (0.0%)
[2016-05-20 20:05:07,027][storm][DEBUG]BasicBolt profile: total_num_tuples=3265, num_tuples=2, avg_read_time=0.499580 (99.2%), avg_process_time=0.003891 (0.8%), avg_ack_time=0.000022 (0.0%)
[2016-05-20 20:06:40,433][storm][DEBUG]BasicBolt profile: total_num_tuples=3267, num_tuples=2, avg_read_time=0.194862 (99.7%), avg_process_time=0.000631 (0.3%), avg_ack_time=0.000022 (0.0%)
[2016-05-20 20:07:01,478][storm][DEBUG]BasicBolt profile: total_num_tuples=3279, num_tuples=12, avg_read_time=0.003042 (85.1%), avg_process_time=0.000508 (14.2%), avg_ack_time=0.000024 (0.7%)
[2016-05-20 20:07:02,518][storm][DEBUG]BasicBolt profile: total_num_tuples=3297, num_tuples=18, avg_read_time=0.054820 (94.9%), avg_process_time=0.002898 (5.0%), avg_ack_time=0.000025 (0.0%)
[2016-05-20 20:08:25,085][storm][DEBUG]BasicBolt profile: total_num_tuples=3299, num_tuples=2, avg_read_time=0.276190 (99.8%), avg_process_time=0.000589 (0.2%), avg_ack_time=0.000020 (0.0%)
[2016-05-20 20:08:36,060][storm][DEBUG]BasicBolt profile: total_num_tuples=3316, num_tuples=17, avg_read_time=0.056555 (98.7%), avg_process_time=0.000711 (1.2%), avg_ack_time=0.000054 (0.1%)
[2016-05-20 20:09:36,546][storm][DEBUG]BasicBolt profile: total_num_tuples=3327, num_tuples=11, avg_read_time=0.133378 (99.2%), avg_process_time=0.000905 (0.7%), avg_ack_time=0.000107 (0.1%)
[2016-05-20 20:09:48,291][storm][DEBUG]BasicBolt profile: total_num_tuples=3334, num_tuples=7, avg_read_time=0.105732 (99.4%), avg_process_time=0.000579 (0.5%), avg_ack_time=0.000027 (0.0%)
