Beginning task setup

/usr/bin/flock
Creating new venv: /tmp/petrel-good-5-1463752987/venv
Task setup took 11 seconds
Launching: python -m petrel.run threewordcount /home/pipe/twitterintel/twitterintel/topology/TopologyTweetTransformationGOOD/petrel686_threewordcount.log
/usr/local/lib/python2.7/dist-packages/petrel-0.9.4.0.3-py2.7.egg/petrel/run.py invoked with the following arguments: ['threewordcount', '/home/pipe/twitterintel/twitterintel/topology/TopologyTweetTransformationGOOD/petrel686_threewordcount.log']
python version: 2.7.11
user=root
PATH=/tmp/petrel-good-5-1463752987/venv/bin:/root/SimpleScalar/simplesim-3.0:/root/SimpleScalar/bin:/root/SimpleScalar/gcc-2.6.3:/root/SimpleScalar/bin:/usr/local/sbin:/usr/local/bin:/usr/sbin:/usr/bin:/sbin:/bin:/usr/games:/usr/local/games:/home/pipe/Downloads/zookeeper-3.4.8/bin:/home/pipe/Downloads/apache-storm-0.9.4/bin
LD_LIBRARY_PATH=storm-local/supervisor/stormdist/good-5-1463752987/resources/Linux-amd64:storm-local/supervisor/stormdist/good-5-1463752987/resources:/usr/local/lib:/opt/local/lib:/usr/lib
PYTHON_EGG_CACHE=/tmp/petrel-good-5-1463752987/egg_cache
[2016-05-20 15:03:54,781][storm][INFO]Tuple profiling enabled. Will log tuple processing times.
[2016-05-20 15:04:04,478][storm][INFO]Task received setupInfo from Storm: {u'pidDir': u'/home/pipe/storm-local/workers/cb2925a2-898f-4639-afdf-c05b550c3748/pids', u'conf': {u'oauth.acess_token': u' 702208758362087425-HZiyl1x7Bh98cQa1WLBDYylyu10Bpl7', u'topology.tuple.serializer': u'backtype.storm.serialization.types.ListDelegateSerializer', u'topology.workers': 1, u'drpc.worker.threads': 64, u'storm.messaging.netty.client_worker_threads': 1, u'supervisor.heartbeat.frequency.secs': 5, u'topology.executor.send.buffer.size': 1024, u'drpc.childopts': u'-Xmx768m', u'nimbus.thrift.port': 6627, u'storm.zookeeper.retry.intervalceiling.millis': 30000, u'storm.local.dir': u'storm-local', u'topology.receiver.buffer.size': 8, u'storm.zookeeper.servers': [u'localhost'], u'oauth.consumer_secret': u'ADf76fi3O1lKMzBxWnjqf93l3GHv28uar3bkblkvyBrAyoA23i', u'transactional.zookeeper.root': u'/transactional', u'drpc.request.timeout.secs': 600, u'topology.skip.missing.kryo.registrations': False, u'worker.heartbeat.frequency.secs': 1, u'zmq.hwm': 0, u'storm.zookeeper.connection.timeout': 15000, u'java.library.path': u'/usr/local/lib:/opt/local/lib:/usr/lib', u'topology.max.error.report.per.interval': 5, u'storm.messaging.netty.server_worker_threads': 1, u'storm.id': u'good-5-1463752987', u'supervisor.worker.start.timeout.secs': 120, u'zmq.threads': 1, u'topology.acker.executors': None, u'storm.messaging.netty.flush.check.interval.ms': 10, u'storm.messaging.netty.transfer.batch.size': 262144, u'topology.max.task.parallelism': None, u'topology.environment': None, u'storm.zookeeper.port': 2181, u'nimbus.childopts': u'-Xmx1024m', u'topology.classpath': None, u'worker.childopts': u'-Xmx768m', u'drpc.queue.size': 128, u'topology.multilang.serializer': u'backtype.storm.multilang.JsonSerializer', u'storm.zookeeper.retry.times': 5, u'nimbus.monitor.freq.secs': 10, u'storm.cluster.mode': u'distributed', u'dev.zookeeper.path': u'/tmp/dev-storm-zookeeper', u'drpc.invocations.port': 3773, u'topology.tasks': None, u'storm.zookeeper.root': u'/storm', u'logviewer.childopts': u'-Xmx128m', u'storm.meta.serialization.delegate': u'backtype.storm.serialization.DefaultSerializationDelegate', u'transactional.zookeeper.port': None, u'topology.worker.receiver.thread.count': 1, u'topology.worker.childopts': None, u'topology.max.spout.pending': None, u'topology.kryo.register': None, u'petrel.host': u'pipe-X550CC', u'nimbus.cleanup.inbox.freq.secs': 600, u'storm.messaging.netty.min_wait_ms': 100, u'nimbus.task.timeout.secs': 30, u'nimbus.thrift.max_buffer_size': 1048576, u'topology.sleep.spout.wait.strategy.time.ms': 1, u'nimbus.reassign': True, u'storm.messaging.transport': u'backtype.storm.messaging.netty.Context', u'logviewer.appender.name': u'A1', u'nimbus.host': u'localhost', u'ui.port': 8080, u'supervisor.slots.ports': [6700, 6701, 6702, 6703], u'nimbus.file.copy.expiration.secs': 600, u'supervisor.monitor.frequency.secs': 3, u'ui.childopts': u'-Xmx768m', u'transactional.zookeeper.servers': None, u'zmq.linger.millis': 5000, u'topology.error.throttle.interval.secs': 10, u'topology.worker.shared.thread.pool.size': 4, u'topology.executor.receive.buffer.size': 1024, u'topology.spout.wait.strategy': u'backtype.storm.spout.SleepSpoutWaitStrategy', u'task.heartbeat.frequency.secs': 3, u'topology.transfer.buffer.size': 1024, u'storm.zookeeper.session.timeout': 20000, u'storm.local.mode.zmq': False, u'topology.stats.sample.rate': 0.05, u'topology.fall.back.on.java.serialization': True, u'supervisor.childopts': u'-Xmx256m', u'topology.enable.message.timeouts': True, u'storm.messaging.netty.max_wait_ms': 1000, u'nimbus.topology.validator': u'backtype.storm.nimbus.DefaultTopologyValidator', u'nimbus.supervisor.timeout.secs': 60, u'topology.disruptor.wait.strategy': u'com.lmax.disruptor.BlockingWaitStrategy', u'storm.messaging.netty.buffer_size': 5242880, u'drpc.port': 3772, u'topology.kryo.factory': u'backtype.storm.serialization.DefaultKryoFactory', u'storm.zookeeper.retry.interval': 1000, u'storm.messaging.netty.max_retries': 300, u'topology.tick.tuple.freq.secs': None, u'supervisor.enable': True, u'nimbus.task.launch.secs': 120, u'task.refresh.poll.secs': 10, u'topology.message.timeout.secs': 30, u'oauth.acess_token_secret': u'IiNOTfgE3tEZvW2HDQhRKPMoOLU43NXJCXk8maj51SdAT', u'petrel.user': u'root', u'nimbus.inbox.jar.expiration.secs': 3600, u'topology.state.synchronization.timeout.secs': 60, u'topology.name': u'good', u'supervisor.worker.timeout.secs': 30, u'topology.trident.batch.emit.interval.millis': 500, u'topology.builtin.metrics.bucket.size.secs': 60, u'storm.thrift.transport': u'backtype.storm.security.auth.SimpleTransportPlugin', u'logviewer.port': 8000, u'oauth.consumer_key': u'eaFmBSxUveRJfmyZYeabti9Q9', u'topology.kryo.decorators': [], u'topology.debug': False}, u'context': {u'task->component': {u'1': u'CountThreeWords', u'3': u'CountWord', u'2': u'CountTwoWords', u'5': u'ThreeWordDivider', u'4': u'KafkaConsumer', u'7': u'WordDivider', u'6': u'TwoWordDivider', u'8': u'__acker'}, u'taskid': 1}}
[2016-05-20 15:04:04,511][storm][INFO]Task sent pid to Storm
[2016-05-20 15:04:13,908][storm][DEBUG]BasicBolt profile: total_num_tuples=1, num_tuples=1, avg_read_time=0.842618 (78.6%), avg_process_time=0.230042 (21.4%), avg_ack_time=0.000053 (0.0%)
[2016-05-20 15:18:52,537][storm][DEBUG]BasicBolt profile: total_num_tuples=24, num_tuples=23, avg_read_time=0.025139 (38.7%), avg_process_time=0.039743 (61.1%), avg_ack_time=0.000134 (0.2%)
[2016-05-20 15:23:17,578][storm][DEBUG]BasicBolt profile: total_num_tuples=37, num_tuples=13, avg_read_time=0.030208 (61.8%), avg_process_time=0.018650 (38.1%), avg_ack_time=0.000032 (0.1%)
[2016-05-20 16:04:55,167][storm][DEBUG]BasicBolt profile: total_num_tuples=71, num_tuples=34, avg_read_time=0.005530 (69.5%), avg_process_time=0.002375 (29.9%), avg_ack_time=0.000050 (0.6%)
[2016-05-20 16:05:26,424][storm][DEBUG]BasicBolt profile: total_num_tuples=275, num_tuples=204, avg_read_time=0.001259 (17.7%), avg_process_time=0.005333 (75.0%), avg_ack_time=0.000521 (7.3%)
[2016-05-20 16:05:58,077][storm][DEBUG]BasicBolt profile: total_num_tuples=460, num_tuples=185, avg_read_time=0.003790 (72.0%), avg_process_time=0.001382 (26.3%), avg_ack_time=0.000093 (1.8%)
[2016-05-20 16:54:13,920][storm][DEBUG]BasicBolt profile: total_num_tuples=505, num_tuples=45, avg_read_time=0.021849 (70.6%), avg_process_time=0.008889 (28.7%), avg_ack_time=0.000211 (0.7%)
[2016-05-20 16:55:11,403][storm][DEBUG]BasicBolt profile: total_num_tuples=523, num_tuples=18, avg_read_time=0.020456 (48.3%), avg_process_time=0.021893 (51.7%), avg_ack_time=0.000033 (0.1%)
[2016-05-20 17:04:29,788][storm][DEBUG]BasicBolt profile: total_num_tuples=678, num_tuples=155, avg_read_time=0.002176 (61.6%), avg_process_time=0.001316 (37.2%), avg_ack_time=0.000040 (1.1%)
[2016-05-20 17:05:27,216][storm][DEBUG]BasicBolt profile: total_num_tuples=684, num_tuples=6, avg_read_time=0.075741 (98.8%), avg_process_time=0.000836 (1.1%), avg_ack_time=0.000048 (0.1%)
[2016-05-20 17:05:29,146][storm][DEBUG]BasicBolt profile: total_num_tuples=688, num_tuples=4, avg_read_time=0.222753 (95.4%), avg_process_time=0.010773 (4.6%), avg_ack_time=0.000049 (0.0%)
[2016-05-20 17:06:49,372][storm][DEBUG]BasicBolt profile: total_num_tuples=699, num_tuples=11, avg_read_time=0.017259 (88.1%), avg_process_time=0.002292 (11.7%), avg_ack_time=0.000030 (0.2%)
[2016-05-20 17:11:32,129][storm][DEBUG]BasicBolt profile: total_num_tuples=714, num_tuples=15, avg_read_time=0.034717 (74.4%), avg_process_time=0.011857 (25.4%), avg_ack_time=0.000073 (0.2%)
[2016-05-20 17:11:39,036][storm][DEBUG]BasicBolt profile: total_num_tuples=831, num_tuples=117, avg_read_time=0.006091 (72.3%), avg_process_time=0.002024 (24.0%), avg_ack_time=0.000309 (3.7%)
[2016-05-20 17:12:32,595][storm][DEBUG]BasicBolt profile: total_num_tuples=845, num_tuples=14, avg_read_time=0.038366 (97.3%), avg_process_time=0.000998 (2.5%), avg_ack_time=0.000059 (0.1%)
[2016-05-20 17:29:59,547][storm][DEBUG]BasicBolt profile: total_num_tuples=850, num_tuples=5, avg_read_time=0.101196 (66.3%), avg_process_time=0.051195 (33.5%), avg_ack_time=0.000301 (0.2%)
[2016-05-20 17:37:18,053][storm][DEBUG]BasicBolt profile: total_num_tuples=958, num_tuples=108, avg_read_time=0.004319 (58.9%), avg_process_time=0.002758 (37.6%), avg_ack_time=0.000259 (3.5%)
[2016-05-20 17:37:19,057][storm][DEBUG]BasicBolt profile: total_num_tuples=1070, num_tuples=112, avg_read_time=0.000636 (7.1%), avg_process_time=0.007512 (83.9%), avg_ack_time=0.000811 (9.1%)
[2016-05-20 17:45:49,404][storm][DEBUG]BasicBolt profile: total_num_tuples=1156, num_tuples=86, avg_read_time=0.002139 (22.0%), avg_process_time=0.007132 (73.5%), avg_ack_time=0.000433 (4.5%)
[2016-05-20 17:45:50,406][storm][DEBUG]BasicBolt profile: total_num_tuples=1335, num_tuples=179, avg_read_time=0.000138 (2.5%), avg_process_time=0.005298 (94.9%), avg_ack_time=0.000146 (2.6%)
[2016-05-20 17:46:09,336][storm][DEBUG]BasicBolt profile: total_num_tuples=1405, num_tuples=70, avg_read_time=0.000805 (18.3%), avg_process_time=0.003476 (78.8%), avg_ack_time=0.000129 (2.9%)
[2016-05-20 17:46:16,040][storm][DEBUG]BasicBolt profile: total_num_tuples=1409, num_tuples=4, avg_read_time=0.175436 (99.5%), avg_process_time=0.000770 (0.4%), avg_ack_time=0.000039 (0.0%)
[2016-05-20 17:46:20,204][storm][DEBUG]BasicBolt profile: total_num_tuples=1414, num_tuples=5, avg_read_time=0.022221 (66.0%), avg_process_time=0.011367 (33.7%), avg_ack_time=0.000099 (0.3%)
[2016-05-20 17:46:29,488][storm][DEBUG]BasicBolt profile: total_num_tuples=1430, num_tuples=16, avg_read_time=0.079706 (98.5%), avg_process_time=0.000897 (1.1%), avg_ack_time=0.000285 (0.4%)
[2016-05-20 17:46:35,554][storm][DEBUG]BasicBolt profile: total_num_tuples=1439, num_tuples=9, avg_read_time=0.117862 (94.9%), avg_process_time=0.006232 (5.0%), avg_ack_time=0.000050 (0.0%)
[2016-05-20 17:46:39,088][storm][DEBUG]BasicBolt profile: total_num_tuples=1443, num_tuples=4, avg_read_time=0.133410 (99.3%), avg_process_time=0.000944 (0.7%), avg_ack_time=0.000047 (0.0%)
[2016-05-20 17:46:47,422][storm][DEBUG]BasicBolt profile: total_num_tuples=1447, num_tuples=4, avg_read_time=0.083563 (98.6%), avg_process_time=0.001167 (1.4%), avg_ack_time=0.000039 (0.0%)
[2016-05-20 17:46:49,783][storm][DEBUG]BasicBolt profile: total_num_tuples=1453, num_tuples=6, avg_read_time=0.059983 (99.2%), avg_process_time=0.000459 (0.8%), avg_ack_time=0.000024 (0.0%)
[2016-05-20 17:46:55,527][storm][DEBUG]BasicBolt profile: total_num_tuples=1455, num_tuples=2, avg_read_time=0.371941 (99.8%), avg_process_time=0.000599 (0.2%), avg_ack_time=0.000029 (0.0%)
[2016-05-20 17:47:01,440][storm][DEBUG]BasicBolt profile: total_num_tuples=1461, num_tuples=6, avg_read_time=0.146045 (95.8%), avg_process_time=0.006448 (4.2%), avg_ack_time=0.000030 (0.0%)
[2016-05-20 17:47:15,195][storm][DEBUG]BasicBolt profile: total_num_tuples=1464, num_tuples=3, avg_read_time=0.262623 (99.5%), avg_process_time=0.001305 (0.5%), avg_ack_time=0.000064 (0.0%)
[2016-05-20 17:47:16,637][storm][DEBUG]BasicBolt profile: total_num_tuples=1474, num_tuples=10, avg_read_time=0.038758 (86.7%), avg_process_time=0.005858 (13.1%), avg_ack_time=0.000068 (0.2%)
[2016-05-20 17:47:25,753][storm][DEBUG]BasicBolt profile: total_num_tuples=1484, num_tuples=10, avg_read_time=0.009695 (83.5%), avg_process_time=0.001697 (14.6%), avg_ack_time=0.000219 (1.9%)
[2016-05-20 17:47:38,164][storm][DEBUG]BasicBolt profile: total_num_tuples=1487, num_tuples=3, avg_read_time=0.135862 (99.0%), avg_process_time=0.001379 (1.0%), avg_ack_time=0.000042 (0.0%)
[2016-05-20 18:00:20,695][storm][DEBUG]BasicBolt profile: total_num_tuples=1490, num_tuples=3, avg_read_time=0.011784 (8.8%), avg_process_time=0.122119 (91.2%), avg_ack_time=0.000052 (0.0%)
[2016-05-20 18:04:39,084][storm][DEBUG]BasicBolt profile: total_num_tuples=1548, num_tuples=58, avg_read_time=0.008218 (73.8%), avg_process_time=0.002716 (24.4%), avg_ack_time=0.000196 (1.8%)
[2016-05-20 18:11:01,281][storm][DEBUG]BasicBolt profile: total_num_tuples=1656, num_tuples=108, avg_read_time=0.007726 (71.0%), avg_process_time=0.003094 (28.5%), avg_ack_time=0.000055 (0.5%)
[2016-05-20 18:23:01,819][storm][DEBUG]BasicBolt profile: total_num_tuples=1876, num_tuples=220, avg_read_time=0.003440 (42.6%), avg_process_time=0.004534 (56.1%), avg_ack_time=0.000108 (1.3%)
[2016-05-20 18:28:13,225][storm][DEBUG]BasicBolt profile: total_num_tuples=1966, num_tuples=90, avg_read_time=0.003503 (57.5%), avg_process_time=0.002494 (40.9%), avg_ack_time=0.000098 (1.6%)
[2016-05-20 18:28:14,266][storm][DEBUG]BasicBolt profile: total_num_tuples=2104, num_tuples=138, avg_read_time=0.000061 (0.8%), avg_process_time=0.006755 (90.4%), avg_ack_time=0.000659 (8.8%)
[2016-05-20 18:28:44,132][storm][DEBUG]BasicBolt profile: total_num_tuples=2168, num_tuples=64, avg_read_time=0.007692 (45.9%), avg_process_time=0.008280 (49.4%), avg_ack_time=0.000790 (4.7%)
[2016-05-20 18:30:54,428][storm][DEBUG]BasicBolt profile: total_num_tuples=2331, num_tuples=163, avg_read_time=0.000799 (19.3%), avg_process_time=0.003311 (79.9%), avg_ack_time=0.000036 (0.9%)
[2016-05-20 18:31:09,399][storm][DEBUG]BasicBolt profile: total_num_tuples=2499, num_tuples=168, avg_read_time=0.005738 (46.5%), avg_process_time=0.006568 (53.2%), avg_ack_time=0.000046 (0.4%)
[2016-05-20 18:31:10,401][storm][DEBUG]BasicBolt profile: total_num_tuples=2602, num_tuples=103, avg_read_time=0.000056 (0.6%), avg_process_time=0.009531 (98.0%), avg_ack_time=0.000135 (1.4%)
[2016-05-20 18:31:21,419][storm][DEBUG]BasicBolt profile: total_num_tuples=2684, num_tuples=82, avg_read_time=0.000559 (12.0%), avg_process_time=0.004064 (86.9%), avg_ack_time=0.000053 (1.1%)
[2016-05-20 18:31:58,308][storm][DEBUG]BasicBolt profile: total_num_tuples=2834, num_tuples=150, avg_read_time=0.001241 (18.2%), avg_process_time=0.005461 (80.2%), avg_ack_time=0.000106 (1.6%)
[2016-05-20 18:32:27,599][storm][DEBUG]BasicBolt profile: total_num_tuples=3048, num_tuples=214, avg_read_time=0.001013 (14.3%), avg_process_time=0.005852 (82.5%), avg_ack_time=0.000233 (3.3%)
[2016-05-20 18:35:04,617][storm][DEBUG]BasicBolt profile: total_num_tuples=3162, num_tuples=114, avg_read_time=0.000156 (6.1%), avg_process_time=0.002357 (92.3%), avg_ack_time=0.000042 (1.6%)
[2016-05-20 18:36:32,640][storm][DEBUG]BasicBolt profile: total_num_tuples=3330, num_tuples=168, avg_read_time=0.005072 (83.9%), avg_process_time=0.000934 (15.5%), avg_ack_time=0.000036 (0.6%)
[2016-05-20 18:36:33,641][storm][DEBUG]BasicBolt profile: total_num_tuples=3456, num_tuples=126, avg_read_time=0.000060 (0.8%), avg_process_time=0.007159 (90.4%), avg_ack_time=0.000703 (8.9%)
[2016-05-20 18:36:54,052][storm][DEBUG]BasicBolt profile: total_num_tuples=3457, num_tuples=1, avg_read_time=0.467465 (66.7%), avg_process_time=0.233462 (33.3%), avg_ack_time=0.000041 (0.0%)
[2016-05-20 18:38:51,533][storm][DEBUG]BasicBolt profile: total_num_tuples=3551, num_tuples=94, avg_read_time=0.005026 (70.5%), avg_process_time=0.002034 (28.5%), avg_ack_time=0.000069 (1.0%)
[2016-05-20 18:40:27,589][storm][DEBUG]BasicBolt profile: total_num_tuples=3559, num_tuples=8, avg_read_time=0.004529 (26.9%), avg_process_time=0.012177 (72.4%), avg_ack_time=0.000120 (0.7%)
[2016-05-20 18:40:39,890][storm][DEBUG]BasicBolt profile: total_num_tuples=3567, num_tuples=8, avg_read_time=0.025876 (54.8%), avg_process_time=0.021327 (45.1%), avg_ack_time=0.000044 (0.1%)
[2016-05-20 18:40:52,223][storm][DEBUG]BasicBolt profile: total_num_tuples=3581, num_tuples=14, avg_read_time=0.022397 (39.7%), avg_process_time=0.034008 (60.2%), avg_ack_time=0.000069 (0.1%)
[2016-05-20 18:42:47,474][storm][DEBUG]BasicBolt profile: total_num_tuples=3588, num_tuples=7, avg_read_time=0.016028 (31.2%), avg_process_time=0.035247 (68.6%), avg_ack_time=0.000074 (0.1%)
[2016-05-20 18:48:17,277][storm][DEBUG]BasicBolt profile: total_num_tuples=3595, num_tuples=7, avg_read_time=0.109952 (80.3%), avg_process_time=0.026937 (19.7%), avg_ack_time=0.000067 (0.0%)
[2016-05-20 18:55:43,976][storm][DEBUG]BasicBolt profile: total_num_tuples=3608, num_tuples=13, avg_read_time=0.040848 (73.8%), avg_process_time=0.014350 (25.9%), avg_ack_time=0.000138 (0.2%)
[2016-05-20 18:55:54,661][storm][DEBUG]BasicBolt profile: total_num_tuples=3666, num_tuples=58, avg_read_time=0.013503 (88.5%), avg_process_time=0.001681 (11.0%), avg_ack_time=0.000075 (0.5%)
[2016-05-20 18:55:55,872][storm][DEBUG]BasicBolt profile: total_num_tuples=3769, num_tuples=103, avg_read_time=0.008132 (69.2%), avg_process_time=0.003585 (30.5%), avg_ack_time=0.000041 (0.3%)
[2016-05-20 18:55:56,874][storm][DEBUG]BasicBolt profile: total_num_tuples=3845, num_tuples=76, avg_read_time=0.011059 (84.0%), avg_process_time=0.002058 (15.6%), avg_ack_time=0.000053 (0.4%)
[2016-05-20 18:55:57,956][storm][DEBUG]BasicBolt profile: total_num_tuples=3887, num_tuples=42, avg_read_time=0.024907 (96.7%), avg_process_time=0.000816 (3.2%), avg_ack_time=0.000034 (0.1%)
[2016-05-20 18:55:59,161][storm][DEBUG]BasicBolt profile: total_num_tuples=3909, num_tuples=22, avg_read_time=0.053657 (98.1%), avg_process_time=0.000942 (1.7%), avg_ack_time=0.000123 (0.2%)
[2016-05-20 18:56:00,161][storm][DEBUG]BasicBolt profile: total_num_tuples=4007, num_tuples=98, avg_read_time=0.008929 (87.5%), avg_process_time=0.001233 (12.1%), avg_ack_time=0.000038 (0.4%)
[2016-05-20 18:56:01,184][storm][DEBUG]BasicBolt profile: total_num_tuples=4065, num_tuples=58, avg_read_time=0.016845 (95.5%), avg_process_time=0.000745 (4.2%), avg_ack_time=0.000042 (0.2%)
[2016-05-20 18:57:21,844][storm][DEBUG]BasicBolt profile: total_num_tuples=4111, num_tuples=46, avg_read_time=0.013156 (93.2%), avg_process_time=0.000924 (6.5%), avg_ack_time=0.000037 (0.3%)
[2016-05-20 18:58:02,418][storm][DEBUG]BasicBolt profile: total_num_tuples=4119, num_tuples=8, avg_read_time=0.070764 (98.8%), avg_process_time=0.000844 (1.2%), avg_ack_time=0.000032 (0.0%)
[2016-05-20 19:44:35,434][storm][DEBUG]BasicBolt profile: total_num_tuples=4135, num_tuples=16, avg_read_time=0.029737 (15.2%), avg_process_time=0.164893 (84.4%), avg_ack_time=0.000771 (0.4%)
[2016-05-20 19:46:35,127][storm][DEBUG]BasicBolt profile: total_num_tuples=4470, num_tuples=335, avg_read_time=0.000814 (22.1%), avg_process_time=0.002510 (68.1%), avg_ack_time=0.000363 (9.8%)
[2016-05-20 19:46:36,249][storm][DEBUG]BasicBolt profile: total_num_tuples=4561, num_tuples=91, avg_read_time=0.000820 (7.4%), avg_process_time=0.010017 (90.7%), avg_ack_time=0.000212 (1.9%)
[2016-05-20 19:46:37,556][storm][DEBUG]BasicBolt profile: total_num_tuples=4593, num_tuples=32, avg_read_time=0.003844 (37.9%), avg_process_time=0.006257 (61.7%), avg_ack_time=0.000045 (0.4%)
[2016-05-20 19:46:40,601][storm][DEBUG]BasicBolt profile: total_num_tuples=4595, num_tuples=2, avg_read_time=0.400591 (26.3%), avg_process_time=1.120437 (73.7%), avg_ack_time=0.000055 (0.0%)
[2016-05-20 19:46:41,646][storm][DEBUG]BasicBolt profile: total_num_tuples=4946, num_tuples=351, avg_read_time=0.000423 (14.2%), avg_process_time=0.002457 (82.7%), avg_ack_time=0.000091 (3.1%)
[2016-05-20 19:46:42,663][storm][DEBUG]BasicBolt profile: total_num_tuples=4971, num_tuples=25, avg_read_time=0.027793 (71.3%), avg_process_time=0.011128 (28.6%), avg_ack_time=0.000039 (0.1%)
[2016-05-20 19:47:12,411][storm][DEBUG]BasicBolt profile: total_num_tuples=5140, num_tuples=169, avg_read_time=0.004507 (71.0%), avg_process_time=0.001793 (28.3%), avg_ack_time=0.000047 (0.7%)
[2016-05-20 19:47:13,413][storm][DEBUG]BasicBolt profile: total_num_tuples=5265, num_tuples=125, avg_read_time=0.000076 (0.9%), avg_process_time=0.007165 (89.5%), avg_ack_time=0.000764 (9.5%)
[2016-05-20 19:47:14,429][storm][DEBUG]BasicBolt profile: total_num_tuples=5372, num_tuples=107, avg_read_time=0.000080 (0.9%), avg_process_time=0.009265 (98.1%), avg_ack_time=0.000103 (1.1%)
[2016-05-20 19:47:15,430][storm][DEBUG]BasicBolt profile: total_num_tuples=5884, num_tuples=512, avg_read_time=0.000043 (2.2%), avg_process_time=0.001868 (95.8%), avg_ack_time=0.000038 (2.0%)
[2016-05-20 19:49:06,939][storm][DEBUG]BasicBolt profile: total_num_tuples=6329, num_tuples=445, avg_read_time=0.001470 (48.6%), avg_process_time=0.001508 (49.9%), avg_ack_time=0.000045 (1.5%)
[2016-05-20 19:49:07,942][storm][DEBUG]BasicBolt profile: total_num_tuples=6492, num_tuples=163, avg_read_time=0.000078 (1.3%), avg_process_time=0.005923 (96.6%), avg_ack_time=0.000133 (2.2%)
[2016-05-20 19:49:08,949][storm][DEBUG]BasicBolt profile: total_num_tuples=6628, num_tuples=136, avg_read_time=0.000136 (1.8%), avg_process_time=0.007016 (94.9%), avg_ack_time=0.000240 (3.2%)
[2016-05-20 19:49:10,003][storm][DEBUG]BasicBolt profile: total_num_tuples=6799, num_tuples=171, avg_read_time=0.000103 (1.7%), avg_process_time=0.005968 (97.1%), avg_ack_time=0.000078 (1.3%)
[2016-05-20 19:49:11,006][storm][DEBUG]BasicBolt profile: total_num_tuples=7310, num_tuples=511, avg_read_time=0.000051 (2.6%), avg_process_time=0.001856 (95.0%), avg_ack_time=0.000047 (2.4%)
[2016-05-20 19:49:12,475][storm][DEBUG]BasicBolt profile: total_num_tuples=7865, num_tuples=555, avg_read_time=0.000045 (1.7%), avg_process_time=0.002556 (96.8%), avg_ack_time=0.000041 (1.5%)
[2016-05-20 19:49:13,610][storm][DEBUG]BasicBolt profile: total_num_tuples=8179, num_tuples=314, avg_read_time=0.000048 (1.3%), avg_process_time=0.003527 (97.7%), avg_ack_time=0.000036 (1.0%)
[2016-05-20 19:49:29,894][storm][DEBUG]BasicBolt profile: total_num_tuples=8406, num_tuples=227, avg_read_time=0.000038 (0.2%), avg_process_time=0.016767 (99.6%), avg_ack_time=0.000029 (0.2%)
[2016-05-20 19:49:31,485][storm][DEBUG]BasicBolt profile: total_num_tuples=8407, num_tuples=1, avg_read_time=0.000045 (0.0%), avg_process_time=1.590350 (100.0%), avg_ack_time=0.000075 (0.0%)
[2016-05-20 19:49:32,672][storm][DEBUG]BasicBolt profile: total_num_tuples=8676, num_tuples=269, avg_read_time=0.000137 (3.1%), avg_process_time=0.004202 (95.4%), avg_ack_time=0.000065 (1.5%)
[2016-05-20 19:49:38,332][storm][DEBUG]BasicBolt profile: total_num_tuples=8858, num_tuples=182, avg_read_time=0.001010 (41.6%), avg_process_time=0.001335 (55.0%), avg_ack_time=0.000084 (3.5%)
[2016-05-20 19:58:19,093][storm][DEBUG]BasicBolt profile: total_num_tuples=8867, num_tuples=9, avg_read_time=0.080371 (42.6%), avg_process_time=0.108149 (57.4%), avg_ack_time=0.000035 (0.0%)
[2016-05-20 19:59:38,228][storm][DEBUG]BasicBolt profile: total_num_tuples=8883, num_tuples=16, avg_read_time=0.049903 (87.2%), avg_process_time=0.007314 (12.8%), avg_ack_time=0.000041 (0.1%)
[2016-05-20 20:04:05,481][storm][DEBUG]BasicBolt profile: total_num_tuples=8909, num_tuples=26, avg_read_time=0.029580 (63.1%), avg_process_time=0.017274 (36.8%), avg_ack_time=0.000037 (0.1%)
[2016-05-20 20:04:23,333][storm][DEBUG]BasicBolt profile: total_num_tuples=8922, num_tuples=13, avg_read_time=0.004839 (92.0%), avg_process_time=0.000395 (7.5%), avg_ack_time=0.000025 (0.5%)
[2016-05-20 20:04:25,309][storm][DEBUG]BasicBolt profile: total_num_tuples=8936, num_tuples=14, avg_read_time=0.075039 (90.7%), avg_process_time=0.007688 (9.3%), avg_ack_time=0.000043 (0.1%)
[2016-05-20 20:04:26,560][storm][DEBUG]BasicBolt profile: total_num_tuples=8956, num_tuples=20, avg_read_time=0.057286 (91.6%), avg_process_time=0.005196 (8.3%), avg_ack_time=0.000059 (0.1%)
[2016-05-20 20:04:28,087][storm][DEBUG]BasicBolt profile: total_num_tuples=8969, num_tuples=13, avg_read_time=0.099302 (84.6%), avg_process_time=0.018076 (15.4%), avg_ack_time=0.000057 (0.0%)
[2016-05-20 20:04:29,854][storm][DEBUG]BasicBolt profile: total_num_tuples=8973, num_tuples=4, avg_read_time=0.233770 (99.6%), avg_process_time=0.000984 (0.4%), avg_ack_time=0.000039 (0.0%)
[2016-05-20 20:04:31,020][storm][DEBUG]BasicBolt profile: total_num_tuples=8977, num_tuples=4, avg_read_time=0.014217 (34.0%), avg_process_time=0.027583 (65.9%), avg_ack_time=0.000034 (0.1%)
[2016-05-20 20:04:32,159][storm][DEBUG]BasicBolt profile: total_num_tuples=8984, num_tuples=7, avg_read_time=0.035490 (97.8%), avg_process_time=0.000752 (2.1%), avg_ack_time=0.000049 (0.1%)
[2016-05-20 20:04:33,161][storm][DEBUG]BasicBolt profile: total_num_tuples=9001, num_tuples=17, avg_read_time=0.057615 (97.8%), avg_process_time=0.001209 (2.1%), avg_ack_time=0.000068 (0.1%)
[2016-05-20 20:04:37,255][storm][DEBUG]BasicBolt profile: total_num_tuples=9003, num_tuples=2, avg_read_time=0.052153 (98.4%), avg_process_time=0.000774 (1.5%), avg_ack_time=0.000064 (0.1%)
[2016-05-20 20:04:38,292][storm][DEBUG]BasicBolt profile: total_num_tuples=9032, num_tuples=29, avg_read_time=0.032737 (91.5%), avg_process_time=0.002968 (8.3%), avg_ack_time=0.000077 (0.2%)
[2016-05-20 20:04:39,443][storm][DEBUG]BasicBolt profile: total_num_tuples=9046, num_tuples=14, avg_read_time=0.081164 (98.8%), avg_process_time=0.000969 (1.2%), avg_ack_time=0.000033 (0.0%)
[2016-05-20 20:04:41,816][storm][DEBUG]BasicBolt profile: total_num_tuples=9063, num_tuples=17, avg_read_time=0.079015 (97.5%), avg_process_time=0.001959 (2.4%), avg_ack_time=0.000101 (0.1%)
[2016-05-20 20:04:42,920][storm][DEBUG]BasicBolt profile: total_num_tuples=9069, num_tuples=6, avg_read_time=0.010658 (58.2%), avg_process_time=0.007614 (41.5%), avg_ack_time=0.000053 (0.3%)
[2016-05-20 20:04:44,185][storm][DEBUG]BasicBolt profile: total_num_tuples=9081, num_tuples=12, avg_read_time=0.092237 (87.5%), avg_process_time=0.012313 (11.7%), avg_ack_time=0.000843 (0.8%)
[2016-05-20 20:04:49,746][storm][DEBUG]BasicBolt profile: total_num_tuples=9097, num_tuples=16, avg_read_time=0.027852 (79.4%), avg_process_time=0.007114 (20.3%), avg_ack_time=0.000100 (0.3%)
[2016-05-20 20:04:50,802][storm][DEBUG]BasicBolt profile: total_num_tuples=9115, num_tuples=18, avg_read_time=0.053975 (92.0%), avg_process_time=0.004611 (7.9%), avg_ack_time=0.000059 (0.1%)
[2016-05-20 20:04:52,079][storm][DEBUG]BasicBolt profile: total_num_tuples=9142, num_tuples=27, avg_read_time=0.042091 (89.0%), avg_process_time=0.005080 (10.7%), avg_ack_time=0.000123 (0.3%)
[2016-05-20 20:04:53,664][storm][DEBUG]BasicBolt profile: total_num_tuples=9163, num_tuples=21, avg_read_time=0.069191 (91.8%), avg_process_time=0.006086 (8.1%), avg_ack_time=0.000099 (0.1%)
[2016-05-20 20:04:55,005][storm][DEBUG]BasicBolt profile: total_num_tuples=9177, num_tuples=14, avg_read_time=0.094887 (99.1%), avg_process_time=0.000811 (0.8%), avg_ack_time=0.000047 (0.0%)
[2016-05-20 20:04:56,189][storm][DEBUG]BasicBolt profile: total_num_tuples=9194, num_tuples=17, avg_read_time=0.068645 (98.6%), avg_process_time=0.000944 (1.4%), avg_ack_time=0.000043 (0.1%)
[2016-05-20 20:04:57,461][storm][DEBUG]BasicBolt profile: total_num_tuples=9206, num_tuples=12, avg_read_time=0.100795 (95.1%), avg_process_time=0.005077 (4.8%), avg_ack_time=0.000066 (0.1%)
[2016-05-20 20:04:58,545][storm][DEBUG]BasicBolt profile: total_num_tuples=9232, num_tuples=26, avg_read_time=0.040383 (96.9%), avg_process_time=0.001251 (3.0%), avg_ack_time=0.000061 (0.1%)
[2016-05-20 20:04:59,840][storm][DEBUG]BasicBolt profile: total_num_tuples=9236, num_tuples=4, avg_read_time=0.073576 (98.2%), avg_process_time=0.001338 (1.8%), avg_ack_time=0.000042 (0.1%)
[2016-05-20 20:05:03,267][storm][DEBUG]BasicBolt profile: total_num_tuples=9256, num_tuples=20, avg_read_time=0.071030 (96.4%), avg_process_time=0.002642 (3.6%), avg_ack_time=0.000038 (0.1%)
[2016-05-20 20:05:04,854][storm][DEBUG]BasicBolt profile: total_num_tuples=9265, num_tuples=9, avg_read_time=0.065305 (99.0%), avg_process_time=0.000593 (0.9%), avg_ack_time=0.000045 (0.1%)
[2016-05-20 20:05:06,022][storm][DEBUG]BasicBolt profile: total_num_tuples=9286, num_tuples=21, avg_read_time=0.054464 (98.0%), avg_process_time=0.001018 (1.8%), avg_ack_time=0.000090 (0.2%)
[2016-05-20 20:05:07,034][storm][DEBUG]BasicBolt profile: total_num_tuples=9296, num_tuples=10, avg_read_time=0.099120 (98.0%), avg_process_time=0.002013 (2.0%), avg_ack_time=0.000051 (0.1%)
[2016-05-20 20:06:40,635][storm][DEBUG]BasicBolt profile: total_num_tuples=9304, num_tuples=8, avg_read_time=0.047940 (64.9%), avg_process_time=0.025866 (35.0%), avg_ack_time=0.000041 (0.1%)
[2016-05-20 20:07:01,480][storm][DEBUG]BasicBolt profile: total_num_tuples=9352, num_tuples=48, avg_read_time=0.000800 (25.2%), avg_process_time=0.002039 (64.2%), avg_ack_time=0.000336 (10.6%)
[2016-05-20 20:07:02,549][storm][DEBUG]BasicBolt profile: total_num_tuples=9436, num_tuples=84, avg_read_time=0.010936 (86.0%), avg_process_time=0.001654 (13.0%), avg_ack_time=0.000125 (1.0%)
[2016-05-20 20:08:25,091][storm][DEBUG]BasicBolt profile: total_num_tuples=9447, num_tuples=11, avg_read_time=0.047004 (97.1%), avg_process_time=0.001314 (2.7%), avg_ack_time=0.000075 (0.2%)
[2016-05-20 20:08:36,062][storm][DEBUG]BasicBolt profile: total_num_tuples=9502, num_tuples=55, avg_read_time=0.016345 (87.0%), avg_process_time=0.002164 (11.5%), avg_ack_time=0.000282 (1.5%)
[2016-05-20 20:09:36,547][storm][DEBUG]BasicBolt profile: total_num_tuples=9553, num_tuples=51, avg_read_time=0.027661 (94.9%), avg_process_time=0.001321 (4.5%), avg_ack_time=0.000160 (0.5%)
[2016-05-20 20:09:48,293][storm][DEBUG]BasicBolt profile: total_num_tuples=9575, num_tuples=22, avg_read_time=0.033062 (96.2%), avg_process_time=0.001240 (3.6%), avg_ack_time=0.000068 (0.2%)
