Beginning task setup

/usr/bin/flock
Using existing venv: /tmp/petrel-good-5-1462980106/venv
Task setup took 1 seconds
Launching: python -m petrel.run kafkaconsumer /home/pipe/twitterintel/twitterintel/topology/TopologyTweetTransformationGOOD/petrel32262_kafkaconsumer.log
/usr/local/lib/python2.7/dist-packages/petrel-0.9.4.0.3-py2.7.egg/petrel/run.py invoked with the following arguments: ['kafkaconsumer', '/home/pipe/twitterintel/twitterintel/topology/TopologyTweetTransformationGOOD/petrel32262_kafkaconsumer.log']
python version: 2.7.11
user=root
PATH=/tmp/petrel-good-5-1462980106/venv/bin:/root/SimpleScalar/simplesim-3.0:/root/SimpleScalar/bin:/root/SimpleScalar/gcc-2.6.3:/root/SimpleScalar/bin:/usr/local/sbin:/usr/local/bin:/usr/sbin:/usr/bin:/sbin:/bin:/usr/games:/usr/local/games:/home/pipe/Downloads/zookeeper-3.4.8/bin:/home/pipe/Downloads/apache-storm-0.9.4/bin
LD_LIBRARY_PATH=storm-local/supervisor/stormdist/good-5-1462980106/resources/Linux-amd64:storm-local/supervisor/stormdist/good-5-1462980106/resources:/usr/local/lib:/opt/local/lib:/usr/lib
PYTHON_EGG_CACHE=/tmp/petrel-good-5-1462980106/egg_cache
[2016-05-11 18:31:47,193][storm][INFO]Tuple profiling enabled. Will log tuple processing times.
[2016-05-11 18:31:47,421][storm][INFO]Task received setupInfo from Storm: {u'pidDir': u'/home/pipe/storm-local/workers/104e9fea-edf1-416f-baee-adf6d5ee18df/pids', u'conf': {u'oauth.acess_token': u' 702208758362087425-HZiyl1x7Bh98cQa1WLBDYylyu10Bpl7', u'topology.tuple.serializer': u'backtype.storm.serialization.types.ListDelegateSerializer', u'topology.workers': 1, u'drpc.worker.threads': 64, u'storm.messaging.netty.client_worker_threads': 1, u'supervisor.heartbeat.frequency.secs': 5, u'topology.executor.send.buffer.size': 1024, u'drpc.childopts': u'-Xmx768m', u'nimbus.thrift.port': 6627, u'storm.zookeeper.retry.intervalceiling.millis': 30000, u'storm.local.dir': u'storm-local', u'topology.receiver.buffer.size': 8, u'storm.zookeeper.servers': [u'localhost'], u'oauth.consumer_secret': u'ADf76fi3O1lKMzBxWnjqf93l3GHv28uar3bkblkvyBrAyoA23i', u'transactional.zookeeper.root': u'/transactional', u'drpc.request.timeout.secs': 600, u'topology.skip.missing.kryo.registrations': False, u'worker.heartbeat.frequency.secs': 1, u'zmq.hwm': 0, u'storm.zookeeper.connection.timeout': 15000, u'java.library.path': u'/usr/local/lib:/opt/local/lib:/usr/lib', u'topology.max.error.report.per.interval': 5, u'storm.messaging.netty.server_worker_threads': 1, u'storm.id': u'good-5-1462980106', u'supervisor.worker.start.timeout.secs': 120, u'zmq.threads': 1, u'topology.acker.executors': None, u'storm.messaging.netty.flush.check.interval.ms': 10, u'storm.messaging.netty.transfer.batch.size': 262144, u'topology.max.task.parallelism': None, u'topology.environment': None, u'storm.zookeeper.port': 2181, u'nimbus.childopts': u'-Xmx1024m', u'topology.classpath': None, u'worker.childopts': u'-Xmx768m', u'drpc.queue.size': 128, u'topology.multilang.serializer': u'backtype.storm.multilang.JsonSerializer', u'storm.zookeeper.retry.times': 5, u'nimbus.monitor.freq.secs': 10, u'storm.cluster.mode': u'distributed', u'dev.zookeeper.path': u'/tmp/dev-storm-zookeeper', u'drpc.invocations.port': 3773, u'topology.tasks': None, u'storm.zookeeper.root': u'/storm', u'logviewer.childopts': u'-Xmx128m', u'storm.meta.serialization.delegate': u'backtype.storm.serialization.DefaultSerializationDelegate', u'transactional.zookeeper.port': None, u'topology.worker.receiver.thread.count': 1, u'topology.worker.childopts': None, u'topology.max.spout.pending': None, u'topology.kryo.register': None, u'petrel.host': u'pipe-X550CC', u'nimbus.cleanup.inbox.freq.secs': 600, u'storm.messaging.netty.min_wait_ms': 100, u'nimbus.task.timeout.secs': 30, u'nimbus.thrift.max_buffer_size': 1048576, u'topology.sleep.spout.wait.strategy.time.ms': 1, u'nimbus.reassign': True, u'storm.messaging.transport': u'backtype.storm.messaging.netty.Context', u'logviewer.appender.name': u'A1', u'nimbus.host': u'localhost', u'ui.port': 8080, u'supervisor.slots.ports': [6700, 6701, 6702, 6703], u'nimbus.file.copy.expiration.secs': 600, u'supervisor.monitor.frequency.secs': 3, u'ui.childopts': u'-Xmx768m', u'transactional.zookeeper.servers': None, u'zmq.linger.millis': 5000, u'topology.error.throttle.interval.secs': 10, u'topology.worker.shared.thread.pool.size': 4, u'topology.executor.receive.buffer.size': 1024, u'topology.spout.wait.strategy': u'backtype.storm.spout.SleepSpoutWaitStrategy', u'task.heartbeat.frequency.secs': 3, u'topology.transfer.buffer.size': 1024, u'storm.zookeeper.session.timeout': 20000, u'storm.local.mode.zmq': False, u'topology.stats.sample.rate': 0.05, u'topology.fall.back.on.java.serialization': True, u'supervisor.childopts': u'-Xmx256m', u'topology.enable.message.timeouts': True, u'storm.messaging.netty.max_wait_ms': 1000, u'nimbus.topology.validator': u'backtype.storm.nimbus.DefaultTopologyValidator', u'nimbus.supervisor.timeout.secs': 60, u'topology.disruptor.wait.strategy': u'com.lmax.disruptor.BlockingWaitStrategy', u'storm.messaging.netty.buffer_size': 5242880, u'drpc.port': 3772, u'topology.kryo.factory': u'backtype.storm.serialization.DefaultKryoFactory', u'storm.zookeeper.retry.interval': 1000, u'storm.messaging.netty.max_retries': 300, u'topology.tick.tuple.freq.secs': 30, u'supervisor.enable': True, u'nimbus.task.launch.secs': 120, u'task.refresh.poll.secs': 10, u'topology.message.timeout.secs': 30, u'oauth.acess_token_secret': u'IiNOTfgE3tEZvW2HDQhRKPMoOLU43NXJCXk8maj51SdAT', u'petrel.user': u'root', u'nimbus.inbox.jar.expiration.secs': 3600, u'topology.state.synchronization.timeout.secs': 60, u'topology.name': u'good', u'supervisor.worker.timeout.secs': 30, u'topology.trident.batch.emit.interval.millis': 500, u'topology.builtin.metrics.bucket.size.secs': 60, u'storm.thrift.transport': u'backtype.storm.security.auth.SimpleTransportPlugin', u'logviewer.port': 8000, u'oauth.consumer_key': u'eaFmBSxUveRJfmyZYeabti9Q9', u'topology.kryo.decorators': [], u'topology.debug': False}, u'context': {u'task->component': {u'1': u'CountThreeWords', u'3': u'CountWord', u'2': u'CountTwoWords', u'5': u'ThreeWordDivider', u'4': u'KafkaConsumer', u'7': u'WordDivider', u'6': u'TwoWordDivider', u'8': u'__acker'}, u'taskid': 4}}
[2016-05-11 18:31:47,421][storm][INFO]Task sent pid to Storm
[2016-05-11 18:31:47,572][kafka.client][INFO]Broker version identifed as 0.9
[2016-05-11 18:31:47,574][kafka.consumer.subscription_state][INFO]Updating subscribed topics to: ['goodtopic']
[2016-05-11 18:31:47,654][kafka.cluster][INFO]Group coordinator for kafka-python-default-group is BrokerMetadata(nodeId=0, host=u'pipe-X550CC', port=9092)
[2016-05-11 18:31:52,710][kafka.coordinator][INFO]Joined group 'kafka-python-default-group' (generation 61) with member_id kafka-python-1.0.2-458bd3df-e376-49ce-801d-9760df941a04
[2016-05-11 18:31:52,893][kafka.consumer.subscription_state][INFO]Updated partition assignment: [TopicPartition(topic=u'goodtopic', partition=0)]
[2016-05-11 18:31:55,946][kafka.coordinator][INFO]Heartbeat successful
[2016-05-11 18:31:59,061][kafka.coordinator][INFO]Heartbeat successful
[2016-05-11 18:32:02,145][kafka.coordinator][INFO]Heartbeat successful
[2016-05-11 18:32:04,945][kafka.coordinator][INFO]Heartbeat successful
[2016-05-11 18:32:07,957][kafka.coordinator][INFO]Heartbeat successful
[2016-05-11 18:32:10,973][kafka.coordinator][INFO]Heartbeat successful
[2016-05-11 18:32:14,028][kafka.coordinator][INFO]Heartbeat successful
[2016-05-11 18:32:17,043][kafka.coordinator][INFO]Heartbeat successful
[2016-05-11 18:32:20,055][kafka.coordinator][INFO]Heartbeat successful
[2016-05-11 18:32:23,072][kafka.coordinator][INFO]Heartbeat successful
[2016-05-11 18:32:26,125][kafka.coordinator][INFO]Heartbeat successful
[2016-05-11 18:32:29,143][kafka.coordinator][INFO]Heartbeat successful
[2016-05-11 18:32:32,159][kafka.coordinator][INFO]Heartbeat successful
[2016-05-11 18:32:35,215][kafka.coordinator][INFO]Heartbeat successful
[2016-05-11 18:32:38,228][kafka.coordinator][INFO]Heartbeat successful
[2016-05-11 18:32:41,281][kafka.coordinator][INFO]Heartbeat successful
[2016-05-11 18:32:44,296][kafka.coordinator][INFO]Heartbeat successful
[2016-05-11 18:32:47,311][kafka.coordinator][INFO]Heartbeat successful
[2016-05-11 18:32:50,365][kafka.coordinator][INFO]Heartbeat successful
[2016-05-11 18:32:53,380][kafka.coordinator][INFO]Heartbeat successful
[2016-05-11 18:32:56,392][kafka.coordinator][INFO]Heartbeat successful
[2016-05-11 18:32:59,444][kafka.coordinator][INFO]Heartbeat successful
[2016-05-11 18:33:01,961][kafka.coordinator][INFO]Heartbeat successful
[2016-05-11 18:33:04,976][kafka.coordinator][INFO]Heartbeat successful
[2016-05-11 18:33:07,989][kafka.coordinator][INFO]Heartbeat successful
[2016-05-11 18:33:11,043][kafka.coordinator][INFO]Heartbeat successful
[2016-05-11 18:33:14,063][kafka.coordinator][INFO]Heartbeat successful
[2016-05-11 18:33:17,081][kafka.coordinator][INFO]Heartbeat successful
[2016-05-11 18:33:20,135][kafka.coordinator][INFO]Heartbeat successful
[2016-05-11 18:33:23,149][kafka.coordinator][INFO]Heartbeat successful
[2016-05-11 18:33:26,166][kafka.coordinator][INFO]Heartbeat successful
[2016-05-11 18:33:29,181][kafka.coordinator][INFO]Heartbeat successful
[2016-05-11 18:33:32,236][kafka.coordinator][INFO]Heartbeat successful
[2016-05-11 18:33:35,255][kafka.coordinator][INFO]Heartbeat successful
[2016-05-11 18:33:38,269][kafka.coordinator][INFO]Heartbeat successful
[2016-05-11 18:33:41,324][kafka.coordinator][INFO]Heartbeat successful
[2016-05-11 18:33:44,340][kafka.coordinator][INFO]Heartbeat successful
[2016-05-11 18:33:47,358][kafka.coordinator][INFO]Heartbeat successful
[2016-05-11 18:33:50,411][kafka.coordinator][INFO]Heartbeat successful
[2016-05-11 18:33:52,927][kafka.coordinator][INFO]Heartbeat successful
[2016-05-11 18:33:55,980][kafka.coordinator][INFO]Heartbeat successful
[2016-05-11 18:33:58,997][kafka.coordinator][INFO]Heartbeat successful
[2016-05-11 18:34:02,050][kafka.coordinator][INFO]Heartbeat successful
[2016-05-11 18:34:05,070][kafka.coordinator][INFO]Heartbeat successful
[2016-05-11 18:34:08,091][kafka.coordinator][INFO]Heartbeat successful
[2016-05-11 18:34:11,150][kafka.coordinator][INFO]Heartbeat successful
[2016-05-11 18:34:14,170][kafka.coordinator][INFO]Heartbeat successful
[2016-05-11 18:34:17,196][kafka.coordinator][INFO]Heartbeat successful
[2016-05-11 18:34:20,257][kafka.coordinator][INFO]Heartbeat successful
[2016-05-11 18:34:23,275][kafka.coordinator][INFO]Heartbeat successful
[2016-05-11 18:34:26,291][kafka.coordinator][INFO]Heartbeat successful
[2016-05-11 18:34:29,307][kafka.coordinator][INFO]Heartbeat successful
[2016-05-11 18:34:32,359][kafka.coordinator][INFO]Heartbeat successful
[2016-05-11 18:34:35,373][kafka.coordinator][INFO]Heartbeat successful
[2016-05-11 18:34:38,386][kafka.coordinator][INFO]Heartbeat successful
[2016-05-11 18:34:40,935][kafka.coordinator][INFO]Heartbeat successful
[2016-05-11 18:34:43,986][kafka.coordinator][INFO]Heartbeat successful
[2016-05-11 18:34:46,998][kafka.coordinator][WARNING]Heartbeat: group is rebalancing; this consumer needs to re-join
[2016-05-11 18:34:46,998][kafka.coordinator][WARNING]Heartbeat failed; retrying
[2016-05-11 18:34:47,098][kafka.coordinator][INFO]Skipping heartbeat: no auto-assignment or waiting on rebalance
[2016-05-11 18:34:53,406][kafka.coordinator][INFO]Joined group 'kafka-python-default-group' (generation 62) with member_id kafka-python-1.0.2-458bd3df-e376-49ce-801d-9760df941a04
[2016-05-11 18:34:53,406][kafka.coordinator][INFO]Elected group leader -- performing partition assignments using range
[2016-05-11 18:34:53,406][kafka.coordinator.assignors.range][WARNING]No partition metadata for topic instanttopic
[2016-05-11 18:34:53,548][kafka.coordinator][INFO]Joined group 'kafka-python-default-group' (generation 62) with member_id kafka-python-1.0.2-458bd3df-e376-49ce-801d-9760df941a04
[2016-05-11 18:34:53,548][kafka.coordinator][INFO]Elected group leader -- performing partition assignments using range
[2016-05-11 18:34:53,589][kafka.consumer.subscription_state][INFO]Updated partition assignment: [TopicPartition(topic=u'goodtopic', partition=0)]
[2016-05-11 18:34:56,682][kafka.coordinator][INFO]Heartbeat successful
[2016-05-11 18:34:59,706][kafka.coordinator][INFO]Heartbeat successful
[2016-05-11 18:35:02,724][kafka.coordinator][INFO]Heartbeat successful
[2016-05-11 18:35:05,779][kafka.coordinator][INFO]Heartbeat successful
[2016-05-11 18:35:08,795][kafka.coordinator][INFO]Heartbeat successful
[2016-05-11 18:35:11,811][kafka.coordinator][INFO]Heartbeat successful
[2016-05-11 18:35:14,868][kafka.coordinator][INFO]Heartbeat successful
[2016-05-11 18:35:17,886][kafka.coordinator][INFO]Heartbeat successful
[2016-05-11 18:35:20,909][kafka.coordinator][INFO]Heartbeat successful
[2016-05-11 18:35:23,924][kafka.coordinator][INFO]Heartbeat successful
[2016-05-11 18:35:26,983][kafka.coordinator][INFO]Heartbeat successful
[2016-05-11 18:35:30,000][kafka.coordinator][INFO]Heartbeat successful
[2016-05-11 18:35:33,015][kafka.coordinator][INFO]Heartbeat successful
[2016-05-11 18:35:36,070][kafka.coordinator][INFO]Heartbeat successful
[2016-05-11 18:35:39,083][kafka.coordinator][INFO]Heartbeat successful
[2016-05-11 18:35:41,602][kafka.coordinator][INFO]Heartbeat successful
[2016-05-11 18:35:44,657][kafka.coordinator][INFO]Heartbeat successful
[2016-05-11 18:35:47,676][kafka.coordinator][INFO]Heartbeat successful
[2016-05-11 18:35:50,729][kafka.coordinator][INFO]Heartbeat successful
[2016-05-11 18:35:53,748][kafka.coordinator][INFO]Heartbeat successful
[2016-05-11 18:35:56,767][kafka.coordinator][INFO]Heartbeat successful
[2016-05-11 18:35:59,824][kafka.coordinator][INFO]Heartbeat successful
[2016-05-11 18:36:02,837][kafka.coordinator][INFO]Heartbeat successful
[2016-05-11 18:36:05,856][kafka.coordinator][INFO]Heartbeat successful
[2016-05-11 18:36:08,873][kafka.coordinator][INFO]Heartbeat successful
[2016-05-11 18:36:11,929][kafka.coordinator][INFO]Heartbeat successful
[2016-05-11 18:36:14,946][kafka.coordinator][INFO]Heartbeat successful
[2016-05-11 18:36:17,966][kafka.coordinator][INFO]Heartbeat successful
[2016-05-11 18:36:21,020][kafka.coordinator][INFO]Heartbeat successful
[2016-05-11 18:36:24,034][kafka.coordinator][INFO]Heartbeat successful
[2016-05-11 18:36:27,052][kafka.coordinator][INFO]Heartbeat successful
[2016-05-11 18:36:30,108][kafka.coordinator][INFO]Heartbeat successful
[2016-05-11 18:36:32,625][kafka.coordinator][INFO]Heartbeat successful
[2016-05-11 18:36:35,654][kafka.coordinator][INFO]Heartbeat successful
[2016-05-11 18:36:38,668][kafka.coordinator][INFO]Heartbeat successful
[2016-05-11 18:36:41,719][kafka.coordinator][INFO]Heartbeat successful
[2016-05-11 18:36:44,737][kafka.coordinator][INFO]Heartbeat successful
[2016-05-11 18:36:47,752][kafka.coordinator][INFO]Heartbeat successful
[2016-05-11 18:36:50,811][kafka.coordinator][INFO]Heartbeat successful
[2016-05-11 18:36:53,827][kafka.coordinator][INFO]Heartbeat successful
[2016-05-11 18:36:56,846][kafka.coordinator][INFO]Heartbeat successful
[2016-05-11 18:36:59,863][kafka.coordinator][INFO]Heartbeat successful
[2016-05-11 18:37:02,919][kafka.coordinator][INFO]Heartbeat successful
[2016-05-11 18:37:05,939][kafka.coordinator][INFO]Heartbeat successful
[2016-05-11 18:37:08,669][kafka.coordinator][INFO]Heartbeat successful
