Beginning task setup

/usr/bin/flock
Using existing venv: /tmp/petrel-good-2-1463483423/venv
Task setup took 0 seconds
Launching: python -m petrel.run kafkaconsumer /home/pipe/twitterintel/twitterintel/topology/TopologyTweetTransformationGOOD/petrel2589_kafkaconsumer.log
/usr/local/lib/python2.7/dist-packages/petrel-0.9.4.0.3-py2.7.egg/petrel/run.py invoked with the following arguments: ['kafkaconsumer', '/home/pipe/twitterintel/twitterintel/topology/TopologyTweetTransformationGOOD/petrel2589_kafkaconsumer.log']
python version: 2.7.11
user=root
PATH=/tmp/petrel-good-2-1463483423/venv/bin:/root/SimpleScalar/simplesim-3.0:/root/SimpleScalar/bin:/root/SimpleScalar/gcc-2.6.3:/root/SimpleScalar/bin:/usr/local/sbin:/usr/local/bin:/usr/sbin:/usr/bin:/sbin:/bin:/usr/games:/usr/local/games:/home/pipe/Downloads/zookeeper-3.4.8/bin:/home/pipe/Downloads/apache-storm-0.9.4/bin
LD_LIBRARY_PATH=storm-local/supervisor/stormdist/good-2-1463483423/resources/Linux-amd64:storm-local/supervisor/stormdist/good-2-1463483423/resources:/usr/local/lib:/opt/local/lib:/usr/lib
PYTHON_EGG_CACHE=/tmp/petrel-good-2-1463483423/egg_cache
[2016-05-17 12:22:34,328][storm][INFO]Tuple profiling enabled. Will log tuple processing times.
[2016-05-17 12:22:34,767][storm][INFO]Task received setupInfo from Storm: {u'pidDir': u'/home/pipe/storm-local/workers/c3fd3b9d-2469-4038-871a-12fc44b614aa/pids', u'conf': {u'oauth.acess_token': u' 702208758362087425-HZiyl1x7Bh98cQa1WLBDYylyu10Bpl7', u'topology.tuple.serializer': u'backtype.storm.serialization.types.ListDelegateSerializer', u'topology.workers': 1, u'drpc.worker.threads': 64, u'storm.messaging.netty.client_worker_threads': 1, u'supervisor.heartbeat.frequency.secs': 5, u'topology.executor.send.buffer.size': 1024, u'drpc.childopts': u'-Xmx768m', u'nimbus.thrift.port': 6627, u'storm.zookeeper.retry.intervalceiling.millis': 30000, u'storm.local.dir': u'storm-local', u'topology.receiver.buffer.size': 8, u'storm.zookeeper.servers': [u'localhost'], u'oauth.consumer_secret': u'ADf76fi3O1lKMzBxWnjqf93l3GHv28uar3bkblkvyBrAyoA23i', u'transactional.zookeeper.root': u'/transactional', u'drpc.request.timeout.secs': 600, u'topology.skip.missing.kryo.registrations': False, u'worker.heartbeat.frequency.secs': 1, u'zmq.hwm': 0, u'storm.zookeeper.connection.timeout': 15000, u'java.library.path': u'/usr/local/lib:/opt/local/lib:/usr/lib', u'topology.max.error.report.per.interval': 5, u'storm.messaging.netty.server_worker_threads': 1, u'storm.id': u'good-2-1463483423', u'supervisor.worker.start.timeout.secs': 120, u'zmq.threads': 1, u'topology.acker.executors': None, u'storm.messaging.netty.flush.check.interval.ms': 10, u'storm.messaging.netty.transfer.batch.size': 262144, u'topology.max.task.parallelism': None, u'topology.environment': None, u'storm.zookeeper.port': 2181, u'nimbus.childopts': u'-Xmx1024m', u'topology.classpath': None, u'worker.childopts': u'-Xmx768m', u'drpc.queue.size': 128, u'topology.multilang.serializer': u'backtype.storm.multilang.JsonSerializer', u'storm.zookeeper.retry.times': 5, u'nimbus.monitor.freq.secs': 10, u'storm.cluster.mode': u'distributed', u'dev.zookeeper.path': u'/tmp/dev-storm-zookeeper', u'drpc.invocations.port': 3773, u'topology.tasks': None, u'storm.zookeeper.root': u'/storm', u'logviewer.childopts': u'-Xmx128m', u'storm.meta.serialization.delegate': u'backtype.storm.serialization.DefaultSerializationDelegate', u'transactional.zookeeper.port': None, u'topology.worker.receiver.thread.count': 1, u'topology.worker.childopts': None, u'topology.max.spout.pending': None, u'topology.kryo.register': None, u'petrel.host': u'pipe-X550CC', u'nimbus.cleanup.inbox.freq.secs': 600, u'storm.messaging.netty.min_wait_ms': 100, u'nimbus.task.timeout.secs': 30, u'nimbus.thrift.max_buffer_size': 1048576, u'topology.sleep.spout.wait.strategy.time.ms': 1, u'nimbus.reassign': True, u'storm.messaging.transport': u'backtype.storm.messaging.netty.Context', u'logviewer.appender.name': u'A1', u'nimbus.host': u'localhost', u'ui.port': 8080, u'supervisor.slots.ports': [6700, 6701, 6702, 6703], u'nimbus.file.copy.expiration.secs': 600, u'supervisor.monitor.frequency.secs': 3, u'ui.childopts': u'-Xmx768m', u'transactional.zookeeper.servers': None, u'zmq.linger.millis': 5000, u'topology.error.throttle.interval.secs': 10, u'topology.worker.shared.thread.pool.size': 4, u'topology.executor.receive.buffer.size': 1024, u'topology.spout.wait.strategy': u'backtype.storm.spout.SleepSpoutWaitStrategy', u'task.heartbeat.frequency.secs': 3, u'topology.transfer.buffer.size': 1024, u'storm.zookeeper.session.timeout': 20000, u'storm.local.mode.zmq': False, u'topology.stats.sample.rate': 0.05, u'topology.fall.back.on.java.serialization': True, u'supervisor.childopts': u'-Xmx256m', u'topology.enable.message.timeouts': True, u'storm.messaging.netty.max_wait_ms': 1000, u'nimbus.topology.validator': u'backtype.storm.nimbus.DefaultTopologyValidator', u'nimbus.supervisor.timeout.secs': 60, u'topology.disruptor.wait.strategy': u'com.lmax.disruptor.BlockingWaitStrategy', u'storm.messaging.netty.buffer_size': 5242880, u'drpc.port': 3772, u'topology.kryo.factory': u'backtype.storm.serialization.DefaultKryoFactory', u'storm.zookeeper.retry.interval': 1000, u'storm.messaging.netty.max_retries': 300, u'topology.tick.tuple.freq.secs': 30, u'supervisor.enable': True, u'nimbus.task.launch.secs': 120, u'task.refresh.poll.secs': 10, u'topology.message.timeout.secs': 30, u'oauth.acess_token_secret': u'IiNOTfgE3tEZvW2HDQhRKPMoOLU43NXJCXk8maj51SdAT', u'petrel.user': u'root', u'nimbus.inbox.jar.expiration.secs': 3600, u'topology.state.synchronization.timeout.secs': 60, u'topology.name': u'good', u'supervisor.worker.timeout.secs': 30, u'topology.trident.batch.emit.interval.millis': 500, u'topology.builtin.metrics.bucket.size.secs': 60, u'storm.thrift.transport': u'backtype.storm.security.auth.SimpleTransportPlugin', u'logviewer.port': 8000, u'oauth.consumer_key': u'eaFmBSxUveRJfmyZYeabti9Q9', u'topology.kryo.decorators': [], u'topology.debug': False}, u'context': {u'task->component': {u'1': u'CountThreeWords', u'3': u'CountWord', u'2': u'CountTwoWords', u'5': u'ThreeWordDivider', u'4': u'KafkaConsumer', u'7': u'WordDivider', u'6': u'TwoWordDivider', u'8': u'__acker'}, u'taskid': 4}}
[2016-05-17 12:22:34,776][storm][INFO]Task sent pid to Storm
[2016-05-17 12:22:34,947][kafka.client][INFO]Broker version identifed as 0.9
[2016-05-17 12:22:34,972][kafka.consumer.subscription_state][INFO]Updating subscribed topics to: ['goodtopic']
[2016-05-17 12:22:35,053][kafka.cluster][INFO]Group coordinator for kafka-python-default-group is BrokerMetadata(nodeId=0, host=u'pipe-X550CC', port=9092)
[2016-05-17 12:22:35,091][kafka.coordinator][INFO]Joined group 'kafka-python-default-group' (generation 1) with member_id kafka-python-1.0.2-fa636669-a218-42e6-87a4-908c8a53f8d5
[2016-05-17 12:22:35,092][kafka.coordinator][INFO]Elected group leader -- performing partition assignments using range
[2016-05-17 12:22:35,132][kafka.consumer.subscription_state][INFO]Updated partition assignment: [TopicPartition(topic=u'goodtopic', partition=0)]
[2016-05-17 12:22:38,227][kafka.coordinator][INFO]Heartbeat successful
[2016-05-17 12:22:41,249][kafka.coordinator][INFO]Heartbeat successful
[2016-05-17 12:22:44,271][kafka.coordinator][INFO]Heartbeat successful
[2016-05-17 12:22:47,328][kafka.coordinator][INFO]Heartbeat successful
[2016-05-17 12:22:50,345][kafka.coordinator][INFO]Heartbeat successful
[2016-05-17 12:22:53,369][kafka.coordinator][INFO]Heartbeat successful
[2016-05-17 12:22:56,430][kafka.coordinator][INFO]Heartbeat successful
[2016-05-17 12:22:59,449][kafka.coordinator][INFO]Heartbeat successful
[2016-05-17 12:23:02,475][kafka.coordinator][INFO]Heartbeat successful
[2016-05-17 12:23:05,492][kafka.coordinator][INFO]Heartbeat successful
[2016-05-17 12:23:08,549][kafka.coordinator][INFO]Heartbeat successful
[2016-05-17 12:23:11,570][kafka.coordinator][INFO]Heartbeat successful
[2016-05-17 12:23:14,588][kafka.coordinator][INFO]Heartbeat successful
[2016-05-17 12:23:17,145][kafka.coordinator][INFO]Heartbeat successful
[2016-05-17 12:23:20,201][kafka.coordinator][INFO]Heartbeat successful
[2016-05-17 12:23:23,220][kafka.coordinator][INFO]Heartbeat successful
[2016-05-17 12:23:26,274][kafka.coordinator][INFO]Heartbeat successful
[2016-05-17 12:23:29,293][kafka.coordinator][INFO]Heartbeat successful
[2016-05-17 12:23:32,311][kafka.coordinator][INFO]Heartbeat successful
[2016-05-17 12:23:35,329][kafka.coordinator][INFO]Heartbeat successful
[2016-05-17 12:23:38,385][kafka.coordinator][INFO]Heartbeat successful
[2016-05-17 12:23:41,408][kafka.coordinator][INFO]Heartbeat successful
[2016-05-17 12:23:44,422][kafka.coordinator][INFO]Heartbeat successful
[2016-05-17 12:23:47,479][kafka.coordinator][INFO]Heartbeat successful
[2016-05-17 12:23:50,496][kafka.coordinator][INFO]Heartbeat successful
[2016-05-17 12:23:53,511][kafka.coordinator][INFO]Heartbeat successful
[2016-05-17 12:23:56,565][kafka.coordinator][INFO]Heartbeat successful
[2016-05-17 12:23:59,579][kafka.coordinator][INFO]Heartbeat successful
[2016-05-17 12:24:02,599][kafka.coordinator][INFO]Heartbeat successful
[2016-05-17 12:24:05,614][kafka.coordinator][INFO]Heartbeat successful
[2016-05-17 12:24:08,165][kafka.coordinator][INFO]Heartbeat successful
[2016-05-17 12:24:11,221][kafka.coordinator][INFO]Heartbeat successful
[2016-05-17 12:24:14,240][kafka.coordinator][INFO]Heartbeat successful
[2016-05-17 12:24:17,292][kafka.coordinator][INFO]Heartbeat successful
[2016-05-17 12:24:20,309][kafka.coordinator][INFO]Heartbeat successful
[2016-05-17 12:24:23,329][kafka.coordinator][INFO]Heartbeat successful
[2016-05-17 12:24:26,343][kafka.coordinator][INFO]Heartbeat successful
[2016-05-17 12:24:29,399][kafka.coordinator][INFO]Heartbeat successful
[2016-05-17 12:24:32,419][kafka.coordinator][INFO]Heartbeat successful
[2016-05-17 12:24:35,436][kafka.coordinator][INFO]Heartbeat successful
[2016-05-17 12:24:38,492][kafka.coordinator][INFO]Heartbeat successful
[2016-05-17 12:24:41,508][kafka.coordinator][INFO]Heartbeat successful
[2016-05-17 12:24:44,526][kafka.coordinator][INFO]Heartbeat successful
[2016-05-17 12:24:47,579][kafka.coordinator][INFO]Heartbeat successful
[2016-05-17 12:24:50,597][kafka.coordinator][INFO]Heartbeat successful
[2016-05-17 12:24:53,615][kafka.coordinator][INFO]Heartbeat successful
[2016-05-17 12:24:56,631][kafka.coordinator][INFO]Heartbeat successful
[2016-05-17 12:24:59,181][kafka.coordinator][INFO]Heartbeat successful
[2016-05-17 12:25:02,233][kafka.coordinator][INFO]Heartbeat successful
[2016-05-17 12:25:05,254][kafka.coordinator][INFO]Heartbeat successful
[2016-05-17 12:25:08,314][kafka.coordinator][INFO]Heartbeat successful
[2016-05-17 12:25:11,332][kafka.coordinator][INFO]Heartbeat successful
[2016-05-17 12:25:14,349][kafka.coordinator][INFO]Heartbeat successful
[2016-05-17 12:25:17,401][kafka.coordinator][INFO]Heartbeat successful
[2016-05-17 12:25:20,415][kafka.coordinator][INFO]Heartbeat successful
[2016-05-17 12:25:23,437][kafka.coordinator][INFO]Heartbeat successful
[2016-05-17 12:25:26,454][kafka.coordinator][INFO]Heartbeat successful
[2016-05-17 12:25:29,513][kafka.coordinator][INFO]Heartbeat successful
[2016-05-17 12:25:32,534][kafka.coordinator][INFO]Heartbeat successful
[2016-05-17 12:25:35,547][kafka.coordinator][INFO]Heartbeat successful
[2016-05-17 12:25:38,599][kafka.coordinator][INFO]Heartbeat successful
[2016-05-17 12:25:41,613][kafka.coordinator][INFO]Heartbeat successful
[2016-05-17 12:25:44,626][kafka.coordinator][INFO]Heartbeat successful
[2016-05-17 12:25:47,676][kafka.coordinator][INFO]Heartbeat successful
[2016-05-17 12:25:50,188][kafka.coordinator][INFO]Heartbeat successful
[2016-05-17 12:25:53,240][kafka.coordinator][INFO]Heartbeat successful
[2016-05-17 12:25:56,252][kafka.coordinator][INFO]Heartbeat successful
[2016-05-17 12:25:59,310][kafka.coordinator][INFO]Heartbeat successful
[2016-05-17 12:26:02,325][kafka.coordinator][INFO]Heartbeat successful
[2016-05-17 12:26:05,339][kafka.coordinator][INFO]Heartbeat successful
[2016-05-17 12:26:08,389][kafka.coordinator][WARNING]Heartbeat: group is rebalancing; this consumer needs to re-join
[2016-05-17 12:26:08,389][kafka.coordinator][WARNING]Heartbeat failed; retrying
[2016-05-17 12:26:08,489][kafka.coordinator][INFO]Skipping heartbeat: no auto-assignment or waiting on rebalance
[2016-05-17 12:26:08,901][kafka.coordinator][INFO]Joined group 'kafka-python-default-group' (generation 2) with member_id kafka-python-1.0.2-fa636669-a218-42e6-87a4-908c8a53f8d5
[2016-05-17 12:26:08,902][kafka.coordinator][INFO]Elected group leader -- performing partition assignments using range
[2016-05-17 12:26:08,902][kafka.coordinator.assignors.range][WARNING]No partition metadata for topic badtopic
[2016-05-17 12:26:09,084][kafka.coordinator][INFO]Joined group 'kafka-python-default-group' (generation 2) with member_id kafka-python-1.0.2-fa636669-a218-42e6-87a4-908c8a53f8d5
[2016-05-17 12:26:09,085][kafka.coordinator][INFO]Elected group leader -- performing partition assignments using range
[2016-05-17 12:26:09,124][kafka.consumer.subscription_state][INFO]Updated partition assignment: [TopicPartition(topic=u'goodtopic', partition=0)]
[2016-05-17 12:26:12,214][kafka.coordinator][INFO]Heartbeat successful
[2016-05-17 12:26:15,228][kafka.coordinator][INFO]Heartbeat successful
[2016-05-17 12:26:18,214][kafka.coordinator][INFO]Heartbeat successful
[2016-05-17 12:26:21,227][kafka.coordinator][INFO]Heartbeat successful
[2016-05-17 12:26:24,240][kafka.coordinator][INFO]Heartbeat successful
[2016-05-17 12:26:27,295][kafka.coordinator][INFO]Heartbeat successful
[2016-05-17 12:26:30,311][kafka.coordinator][INFO]Heartbeat successful
[2016-05-17 12:26:33,327][kafka.coordinator][INFO]Heartbeat successful
[2016-05-17 12:26:36,381][kafka.coordinator][INFO]Heartbeat successful
[2016-05-17 12:26:39,399][kafka.coordinator][INFO]Heartbeat successful
[2016-05-17 12:26:42,415][kafka.coordinator][INFO]Heartbeat successful
[2016-05-17 12:26:45,469][kafka.coordinator][INFO]Heartbeat successful
[2016-05-17 12:26:48,484][kafka.coordinator][INFO]Heartbeat successful
[2016-05-17 12:26:51,502][kafka.coordinator][INFO]Heartbeat successful
[2016-05-17 12:26:54,521][kafka.coordinator][INFO]Heartbeat successful
[2016-05-17 12:26:57,577][kafka.coordinator][INFO]Heartbeat successful
[2016-05-17 12:27:00,590][kafka.coordinator][INFO]Heartbeat successful
[2016-05-17 12:27:03,603][kafka.coordinator][INFO]Heartbeat successful
[2016-05-17 12:27:06,155][kafka.coordinator][INFO]Heartbeat successful
[2016-05-17 12:27:09,208][kafka.coordinator][INFO]Heartbeat successful
[2016-05-17 12:27:12,241][kafka.coordinator][WARNING]Heartbeat: group is rebalancing; this consumer needs to re-join
[2016-05-17 12:27:12,241][kafka.coordinator][WARNING]Heartbeat failed; retrying
[2016-05-17 12:27:12,341][kafka.coordinator][INFO]Skipping heartbeat: no auto-assignment or waiting on rebalance
[2016-05-17 12:27:21,417][kafka.coordinator][INFO]Joined group 'kafka-python-default-group' (generation 3) with member_id kafka-python-1.0.2-fa636669-a218-42e6-87a4-908c8a53f8d5
[2016-05-17 12:27:21,417][kafka.coordinator][INFO]Elected group leader -- performing partition assignments using range
[2016-05-17 12:27:21,419][kafka.consumer.subscription_state][INFO]Updated partition assignment: [TopicPartition(topic=u'goodtopic', partition=0)]
[2016-05-17 12:27:24,513][kafka.coordinator][INFO]Heartbeat successful
[2016-05-17 12:27:27,541][kafka.coordinator][INFO]Heartbeat successful
[2016-05-17 12:27:30,556][kafka.coordinator][INFO]Heartbeat successful
[2016-05-17 12:27:33,612][kafka.coordinator][INFO]Heartbeat successful
[2016-05-17 12:27:36,633][kafka.coordinator][INFO]Heartbeat successful
[2016-05-17 12:27:39,649][kafka.coordinator][INFO]Heartbeat successful
[2016-05-17 12:27:42,704][kafka.coordinator][INFO]Heartbeat successful
[2016-05-17 12:27:45,719][kafka.coordinator][INFO]Heartbeat successful
[2016-05-17 12:27:48,734][kafka.coordinator][INFO]Heartbeat successful
[2016-05-17 12:27:51,750][kafka.coordinator][INFO]Heartbeat successful
[2016-05-17 12:27:54,808][kafka.coordinator][INFO]Heartbeat successful
[2016-05-17 12:27:57,827][kafka.coordinator][INFO]Heartbeat successful
