Beginning task setup

/usr/bin/flock
Using existing venv: /tmp/petrel-good-5-1463752987/venv
Task setup took 11 seconds
Launching: python -m petrel.run mongodbcount /home/pipe/twitterintel/twitterintel/topology/TopologyTweetTransformationGOOD/petrel688_mongodbcount.log
/usr/local/lib/python2.7/dist-packages/petrel-0.9.4.0.3-py2.7.egg/petrel/run.py invoked with the following arguments: ['mongodbcount', '/home/pipe/twitterintel/twitterintel/topology/TopologyTweetTransformationGOOD/petrel688_mongodbcount.log']
python version: 2.7.11
user=root
PATH=/tmp/petrel-good-5-1463752987/venv/bin:/root/SimpleScalar/simplesim-3.0:/root/SimpleScalar/bin:/root/SimpleScalar/gcc-2.6.3:/root/SimpleScalar/bin:/usr/local/sbin:/usr/local/bin:/usr/sbin:/usr/bin:/sbin:/bin:/usr/games:/usr/local/games:/home/pipe/Downloads/zookeeper-3.4.8/bin:/home/pipe/Downloads/apache-storm-0.9.4/bin
LD_LIBRARY_PATH=storm-local/supervisor/stormdist/good-5-1463752987/resources/Linux-amd64:storm-local/supervisor/stormdist/good-5-1463752987/resources:/usr/local/lib:/opt/local/lib:/usr/lib
PYTHON_EGG_CACHE=/tmp/petrel-good-5-1463752987/egg_cache
[2016-05-20 15:03:54,782][storm][INFO]Tuple profiling enabled. Will log tuple processing times.
[2016-05-20 15:04:04,475][storm][INFO]Task received setupInfo from Storm: {u'pidDir': u'/home/pipe/storm-local/workers/cb2925a2-898f-4639-afdf-c05b550c3748/pids', u'conf': {u'oauth.acess_token': u' 702208758362087425-HZiyl1x7Bh98cQa1WLBDYylyu10Bpl7', u'topology.tuple.serializer': u'backtype.storm.serialization.types.ListDelegateSerializer', u'topology.workers': 1, u'drpc.worker.threads': 64, u'storm.messaging.netty.client_worker_threads': 1, u'supervisor.heartbeat.frequency.secs': 5, u'topology.executor.send.buffer.size': 1024, u'drpc.childopts': u'-Xmx768m', u'nimbus.thrift.port': 6627, u'storm.zookeeper.retry.intervalceiling.millis': 30000, u'storm.local.dir': u'storm-local', u'topology.receiver.buffer.size': 8, u'storm.zookeeper.servers': [u'localhost'], u'oauth.consumer_secret': u'ADf76fi3O1lKMzBxWnjqf93l3GHv28uar3bkblkvyBrAyoA23i', u'transactional.zookeeper.root': u'/transactional', u'drpc.request.timeout.secs': 600, u'topology.skip.missing.kryo.registrations': False, u'worker.heartbeat.frequency.secs': 1, u'zmq.hwm': 0, u'storm.zookeeper.connection.timeout': 15000, u'java.library.path': u'/usr/local/lib:/opt/local/lib:/usr/lib', u'topology.max.error.report.per.interval': 5, u'storm.messaging.netty.server_worker_threads': 1, u'storm.id': u'good-5-1463752987', u'supervisor.worker.start.timeout.secs': 120, u'zmq.threads': 1, u'topology.acker.executors': None, u'storm.messaging.netty.flush.check.interval.ms': 10, u'storm.messaging.netty.transfer.batch.size': 262144, u'topology.max.task.parallelism': None, u'topology.environment': None, u'storm.zookeeper.port': 2181, u'nimbus.childopts': u'-Xmx1024m', u'topology.classpath': None, u'worker.childopts': u'-Xmx768m', u'drpc.queue.size': 128, u'topology.multilang.serializer': u'backtype.storm.multilang.JsonSerializer', u'storm.zookeeper.retry.times': 5, u'nimbus.monitor.freq.secs': 10, u'storm.cluster.mode': u'distributed', u'dev.zookeeper.path': u'/tmp/dev-storm-zookeeper', u'drpc.invocations.port': 3773, u'topology.tasks': None, u'storm.zookeeper.root': u'/storm', u'logviewer.childopts': u'-Xmx128m', u'storm.meta.serialization.delegate': u'backtype.storm.serialization.DefaultSerializationDelegate', u'transactional.zookeeper.port': None, u'topology.worker.receiver.thread.count': 1, u'topology.worker.childopts': None, u'topology.max.spout.pending': None, u'topology.kryo.register': None, u'petrel.host': u'pipe-X550CC', u'nimbus.cleanup.inbox.freq.secs': 600, u'storm.messaging.netty.min_wait_ms': 100, u'nimbus.task.timeout.secs': 30, u'nimbus.thrift.max_buffer_size': 1048576, u'topology.sleep.spout.wait.strategy.time.ms': 1, u'nimbus.reassign': True, u'storm.messaging.transport': u'backtype.storm.messaging.netty.Context', u'logviewer.appender.name': u'A1', u'nimbus.host': u'localhost', u'ui.port': 8080, u'supervisor.slots.ports': [6700, 6701, 6702, 6703], u'nimbus.file.copy.expiration.secs': 600, u'supervisor.monitor.frequency.secs': 3, u'ui.childopts': u'-Xmx768m', u'transactional.zookeeper.servers': None, u'zmq.linger.millis': 5000, u'topology.error.throttle.interval.secs': 10, u'topology.worker.shared.thread.pool.size': 4, u'topology.executor.receive.buffer.size': 1024, u'topology.spout.wait.strategy': u'backtype.storm.spout.SleepSpoutWaitStrategy', u'task.heartbeat.frequency.secs': 3, u'topology.transfer.buffer.size': 1024, u'storm.zookeeper.session.timeout': 20000, u'storm.local.mode.zmq': False, u'topology.stats.sample.rate': 0.05, u'topology.fall.back.on.java.serialization': True, u'supervisor.childopts': u'-Xmx256m', u'topology.enable.message.timeouts': True, u'storm.messaging.netty.max_wait_ms': 1000, u'nimbus.topology.validator': u'backtype.storm.nimbus.DefaultTopologyValidator', u'nimbus.supervisor.timeout.secs': 60, u'topology.disruptor.wait.strategy': u'com.lmax.disruptor.BlockingWaitStrategy', u'storm.messaging.netty.buffer_size': 5242880, u'drpc.port': 3772, u'topology.kryo.factory': u'backtype.storm.serialization.DefaultKryoFactory', u'storm.zookeeper.retry.interval': 1000, u'storm.messaging.netty.max_retries': 300, u'topology.tick.tuple.freq.secs': None, u'supervisor.enable': True, u'nimbus.task.launch.secs': 120, u'task.refresh.poll.secs': 10, u'topology.message.timeout.secs': 30, u'oauth.acess_token_secret': u'IiNOTfgE3tEZvW2HDQhRKPMoOLU43NXJCXk8maj51SdAT', u'petrel.user': u'root', u'nimbus.inbox.jar.expiration.secs': 3600, u'topology.state.synchronization.timeout.secs': 60, u'topology.name': u'good', u'supervisor.worker.timeout.secs': 30, u'topology.trident.batch.emit.interval.millis': 500, u'topology.builtin.metrics.bucket.size.secs': 60, u'storm.thrift.transport': u'backtype.storm.security.auth.SimpleTransportPlugin', u'logviewer.port': 8000, u'oauth.consumer_key': u'eaFmBSxUveRJfmyZYeabti9Q9', u'topology.kryo.decorators': [], u'topology.debug': False}, u'context': {u'task->component': {u'1': u'CountThreeWords', u'3': u'CountWord', u'2': u'CountTwoWords', u'5': u'ThreeWordDivider', u'4': u'KafkaConsumer', u'7': u'WordDivider', u'6': u'TwoWordDivider', u'8': u'__acker'}, u'taskid': 3}}
[2016-05-20 15:04:04,510][storm][INFO]Task sent pid to Storm
[2016-05-20 15:04:13,908][storm][DEBUG]BasicBolt profile: total_num_tuples=1, num_tuples=1, avg_read_time=0.787647 (73.5%), avg_process_time=0.283682 (26.5%), avg_ack_time=0.000054 (0.0%)
[2016-05-20 15:18:52,277][storm][DEBUG]BasicBolt profile: total_num_tuples=66, num_tuples=65, avg_read_time=0.011847 (49.9%), avg_process_time=0.011375 (47.9%), avg_ack_time=0.000525 (2.2%)
[2016-05-20 15:23:17,576][storm][DEBUG]BasicBolt profile: total_num_tuples=102, num_tuples=36, avg_read_time=0.009826 (47.3%), avg_process_time=0.010873 (52.4%), avg_ack_time=0.000063 (0.3%)
[2016-05-20 16:00:51,407][storm][DEBUG]BasicBolt profile: total_num_tuples=196, num_tuples=94, avg_read_time=0.002984 (45.9%), avg_process_time=0.003466 (53.3%), avg_ack_time=0.000057 (0.9%)
[2016-05-20 16:04:55,094][storm][DEBUG]BasicBolt profile: total_num_tuples=197, num_tuples=1, avg_read_time=0.897323 (99.9%), avg_process_time=0.001058 (0.1%), avg_ack_time=0.000046 (0.0%)
[2016-05-20 16:04:56,095][storm][DEBUG]BasicBolt profile: total_num_tuples=508, num_tuples=311, avg_read_time=0.000277 (8.6%), avg_process_time=0.002463 (76.7%), avg_ack_time=0.000469 (14.6%)
[2016-05-20 16:05:26,420][storm][DEBUG]BasicBolt profile: total_num_tuples=749, num_tuples=241, avg_read_time=0.000581 (17.6%), avg_process_time=0.002681 (81.2%), avg_ack_time=0.000042 (1.3%)
[2016-05-20 16:05:58,075][storm][DEBUG]BasicBolt profile: total_num_tuples=1257, num_tuples=508, avg_read_time=0.001393 (55.5%), avg_process_time=0.001060 (42.2%), avg_ack_time=0.000057 (2.3%)
[2016-05-20 16:54:13,917][storm][DEBUG]BasicBolt profile: total_num_tuples=1383, num_tuples=126, avg_read_time=0.007491 (61.1%), avg_process_time=0.004608 (37.6%), avg_ack_time=0.000170 (1.4%)
[2016-05-20 16:55:11,401][storm][DEBUG]BasicBolt profile: total_num_tuples=1446, num_tuples=63, avg_read_time=0.004740 (41.4%), avg_process_time=0.006670 (58.3%), avg_ack_time=0.000033 (0.3%)
[2016-05-20 17:04:29,818][storm][DEBUG]BasicBolt profile: total_num_tuples=1869, num_tuples=423, avg_read_time=0.000953 (44.8%), avg_process_time=0.001136 (53.4%), avg_ack_time=0.000040 (1.9%)
[2016-05-20 17:05:27,241][storm][DEBUG]BasicBolt profile: total_num_tuples=1879, num_tuples=10, avg_read_time=0.040459 (95.5%), avg_process_time=0.001819 (4.3%), avg_ack_time=0.000080 (0.2%)
[2016-05-20 17:05:29,351][storm][DEBUG]BasicBolt profile: total_num_tuples=1888, num_tuples=9, avg_read_time=0.010678 (87.0%), avg_process_time=0.001453 (11.8%), avg_ack_time=0.000148 (1.2%)
[2016-05-20 17:06:49,372][storm][DEBUG]BasicBolt profile: total_num_tuples=1908, num_tuples=20, avg_read_time=0.048930 (97.2%), avg_process_time=0.001409 (2.8%), avg_ack_time=0.000025 (0.1%)
[2016-05-20 17:11:32,128][storm][DEBUG]BasicBolt profile: total_num_tuples=1929, num_tuples=21, avg_read_time=0.024297 (72.7%), avg_process_time=0.009049 (27.1%), avg_ack_time=0.000061 (0.2%)
[2016-05-20 17:11:39,037][storm][DEBUG]BasicBolt profile: total_num_tuples=2255, num_tuples=326, avg_read_time=0.002167 (66.6%), avg_process_time=0.001031 (31.7%), avg_ack_time=0.000056 (1.7%)
[2016-05-20 17:12:32,594][storm][DEBUG]BasicBolt profile: total_num_tuples=2284, num_tuples=29, avg_read_time=0.016765 (88.4%), avg_process_time=0.002138 (11.3%), avg_ack_time=0.000069 (0.4%)
[2016-05-20 17:29:59,466][storm][DEBUG]BasicBolt profile: total_num_tuples=2295, num_tuples=11, avg_read_time=0.025268 (42.2%), avg_process_time=0.034424 (57.5%), avg_ack_time=0.000130 (0.2%)
[2016-05-20 17:37:18,053][storm][DEBUG]BasicBolt profile: total_num_tuples=2592, num_tuples=297, avg_read_time=0.001724 (47.6%), avg_process_time=0.001840 (50.8%), avg_ack_time=0.000060 (1.7%)
[2016-05-20 17:37:19,059][storm][DEBUG]BasicBolt profile: total_num_tuples=2668, num_tuples=76, avg_read_time=0.000343 (2.6%), avg_process_time=0.011318 (85.6%), avg_ack_time=0.001560 (11.8%)
[2016-05-20 17:37:20,061][storm][DEBUG]BasicBolt profile: total_num_tuples=2864, num_tuples=196, avg_read_time=0.000091 (1.8%), avg_process_time=0.004494 (88.1%), avg_ack_time=0.000515 (10.1%)
[2016-05-20 17:45:49,505][storm][DEBUG]BasicBolt profile: total_num_tuples=3136, num_tuples=272, avg_read_time=0.003674 (71.8%), avg_process_time=0.001342 (26.2%), avg_ack_time=0.000103 (2.0%)
[2016-05-20 17:45:50,613][storm][DEBUG]BasicBolt profile: total_num_tuples=3304, num_tuples=168, avg_read_time=0.000122 (2.0%), avg_process_time=0.005094 (83.9%), avg_ack_time=0.000855 (14.1%)
[2016-05-20 17:46:09,374][storm][DEBUG]BasicBolt profile: total_num_tuples=3824, num_tuples=520, avg_read_time=0.000210 (14.8%), avg_process_time=0.001152 (81.6%), avg_ack_time=0.000051 (3.6%)
[2016-05-20 17:46:16,037][storm][DEBUG]BasicBolt profile: total_num_tuples=3831, num_tuples=7, avg_read_time=0.094488 (99.5%), avg_process_time=0.000460 (0.5%), avg_ack_time=0.000026 (0.0%)
[2016-05-20 17:46:20,204][storm][DEBUG]BasicBolt profile: total_num_tuples=3839, num_tuples=8, avg_read_time=0.015770 (72.9%), avg_process_time=0.005826 (26.9%), avg_ack_time=0.000045 (0.2%)
[2016-05-20 17:46:29,489][storm][DEBUG]BasicBolt profile: total_num_tuples=3865, num_tuples=26, avg_read_time=0.048954 (95.8%), avg_process_time=0.002138 (4.2%), avg_ack_time=0.000030 (0.1%)
[2016-05-20 17:46:35,552][storm][DEBUG]BasicBolt profile: total_num_tuples=3881, num_tuples=16, avg_read_time=0.065985 (98.6%), avg_process_time=0.000882 (1.3%), avg_ack_time=0.000061 (0.1%)
[2016-05-20 17:46:39,088][storm][DEBUG]BasicBolt profile: total_num_tuples=3887, num_tuples=6, avg_read_time=0.089247 (98.7%), avg_process_time=0.001127 (1.2%), avg_ack_time=0.000051 (0.1%)
[2016-05-20 17:46:47,350][storm][DEBUG]BasicBolt profile: total_num_tuples=3899, num_tuples=12, avg_read_time=0.021764 (97.0%), avg_process_time=0.000616 (2.7%), avg_ack_time=0.000054 (0.2%)
[2016-05-20 17:46:49,807][storm][DEBUG]BasicBolt profile: total_num_tuples=3914, num_tuples=15, avg_read_time=0.030416 (90.2%), avg_process_time=0.003259 (9.7%), avg_ack_time=0.000037 (0.1%)
[2016-05-20 17:46:55,603][storm][DEBUG]BasicBolt profile: total_num_tuples=3920, num_tuples=6, avg_read_time=0.127336 (95.6%), avg_process_time=0.005771 (4.3%), avg_ack_time=0.000029 (0.0%)
[2016-05-20 17:47:01,392][storm][DEBUG]BasicBolt profile: total_num_tuples=3933, num_tuples=13, avg_read_time=0.063044 (99.2%), avg_process_time=0.000487 (0.8%), avg_ack_time=0.000029 (0.0%)
[2016-05-20 17:47:15,224][storm][DEBUG]BasicBolt profile: total_num_tuples=3940, num_tuples=7, avg_read_time=0.118386 (94.6%), avg_process_time=0.006692 (5.3%), avg_ack_time=0.000050 (0.0%)
[2016-05-20 17:47:16,639][storm][DEBUG]BasicBolt profile: total_num_tuples=3959, num_tuples=19, avg_read_time=0.017871 (81.1%), avg_process_time=0.004108 (18.6%), avg_ack_time=0.000059 (0.3%)
[2016-05-20 17:47:25,754][storm][DEBUG]BasicBolt profile: total_num_tuples=3980, num_tuples=21, avg_read_time=0.004342 (73.4%), avg_process_time=0.001458 (24.6%), avg_ack_time=0.000117 (2.0%)
[2016-05-20 17:47:32,824][storm][DEBUG]BasicBolt profile: total_num_tuples=3984, num_tuples=4, avg_read_time=0.017681 (96.2%), avg_process_time=0.000643 (3.5%), avg_ack_time=0.000055 (0.3%)
[2016-05-20 17:47:38,139][storm][DEBUG]BasicBolt profile: total_num_tuples=3985, num_tuples=1, avg_read_time=0.314391 (99.7%), avg_process_time=0.000816 (0.3%), avg_ack_time=0.000036 (0.0%)
[2016-05-20 18:00:20,610][storm][DEBUG]BasicBolt profile: total_num_tuples=3993, num_tuples=8, avg_read_time=0.007548 (17.4%), avg_process_time=0.035809 (82.5%), avg_ack_time=0.000029 (0.1%)
[2016-05-20 18:04:39,083][storm][DEBUG]BasicBolt profile: total_num_tuples=4164, num_tuples=171, avg_read_time=0.002793 (60.5%), avg_process_time=0.001781 (38.6%), avg_ack_time=0.000041 (0.9%)
[2016-05-20 18:11:01,280][storm][DEBUG]BasicBolt profile: total_num_tuples=4478, num_tuples=314, avg_read_time=0.002463 (58.7%), avg_process_time=0.001694 (40.4%), avg_ack_time=0.000040 (0.9%)
[2016-05-20 18:23:01,755][storm][DEBUG]BasicBolt profile: total_num_tuples=5081, num_tuples=603, avg_read_time=0.001074 (34.8%), avg_process_time=0.001963 (63.5%), avg_ack_time=0.000053 (1.7%)
[2016-05-20 18:28:13,225][storm][DEBUG]BasicBolt profile: total_num_tuples=5336, num_tuples=255, avg_read_time=0.001203 (39.8%), avg_process_time=0.001748 (57.8%), avg_ack_time=0.000075 (2.5%)
[2016-05-20 18:28:14,267][storm][DEBUG]BasicBolt profile: total_num_tuples=5477, num_tuples=141, avg_read_time=0.000069 (0.9%), avg_process_time=0.006624 (90.5%), avg_ack_time=0.000628 (8.6%)
[2016-05-20 18:28:16,015][storm][DEBUG]BasicBolt profile: total_num_tuples=5770, num_tuples=293, avg_read_time=0.000044 (0.7%), avg_process_time=0.005718 (96.0%), avg_ack_time=0.000196 (3.3%)
[2016-05-20 18:28:17,018][storm][DEBUG]BasicBolt profile: total_num_tuples=5817, num_tuples=47, avg_read_time=0.000071 (0.3%), avg_process_time=0.020773 (97.6%), avg_ack_time=0.000435 (2.0%)
[2016-05-20 18:28:44,131][storm][DEBUG]BasicBolt profile: total_num_tuples=5889, num_tuples=72, avg_read_time=0.004725 (30.9%), avg_process_time=0.010464 (68.5%), avg_ack_time=0.000096 (0.6%)
[2016-05-20 18:30:54,380][storm][DEBUG]BasicBolt profile: total_num_tuples=6341, num_tuples=452, avg_read_time=0.002247 (54.5%), avg_process_time=0.001829 (44.4%), avg_ack_time=0.000046 (1.1%)
[2016-05-20 18:31:09,378][storm][DEBUG]BasicBolt profile: total_num_tuples=6810, num_tuples=469, avg_read_time=0.001889 (41.0%), avg_process_time=0.002689 (58.4%), avg_ack_time=0.000028 (0.6%)
[2016-05-20 18:31:10,397][storm][DEBUG]BasicBolt profile: total_num_tuples=6920, num_tuples=110, avg_read_time=0.000063 (0.7%), avg_process_time=0.009024 (97.5%), avg_ack_time=0.000171 (1.9%)
[2016-05-20 18:31:21,396][storm][DEBUG]BasicBolt profile: total_num_tuples=7311, num_tuples=391, avg_read_time=0.000134 (6.6%), avg_process_time=0.001870 (91.5%), avg_ack_time=0.000041 (2.0%)
[2016-05-20 18:31:58,210][storm][DEBUG]BasicBolt profile: total_num_tuples=7732, num_tuples=421, avg_read_time=0.000376 (15.3%), avg_process_time=0.002041 (82.9%), avg_ack_time=0.000044 (1.8%)
[2016-05-20 18:31:59,221][storm][DEBUG]BasicBolt profile: total_num_tuples=7945, num_tuples=213, avg_read_time=0.000082 (1.7%), avg_process_time=0.004158 (87.8%), avg_ack_time=0.000497 (10.5%)
[2016-05-20 18:32:00,234][storm][DEBUG]BasicBolt profile: total_num_tuples=8260, num_tuples=315, avg_read_time=0.000067 (2.1%), avg_process_time=0.003043 (94.8%), avg_ack_time=0.000100 (3.1%)
[2016-05-20 18:32:27,508][storm][DEBUG]BasicBolt profile: total_num_tuples=8335, num_tuples=75, avg_read_time=0.002730 (20.5%), avg_process_time=0.010470 (78.5%), avg_ack_time=0.000140 (1.0%)
[2016-05-20 18:35:04,540][storm][DEBUG]BasicBolt profile: total_num_tuples=8664, num_tuples=329, avg_read_time=0.002837 (65.9%), avg_process_time=0.001439 (33.4%), avg_ack_time=0.000031 (0.7%)
[2016-05-20 18:36:32,639][storm][DEBUG]BasicBolt profile: total_num_tuples=9116, num_tuples=452, avg_read_time=0.001677 (60.7%), avg_process_time=0.001058 (38.3%), avg_ack_time=0.000029 (1.1%)
[2016-05-20 18:36:33,640][storm][DEBUG]BasicBolt profile: total_num_tuples=9249, num_tuples=133, avg_read_time=0.000057 (0.8%), avg_process_time=0.007370 (98.0%), avg_ack_time=0.000092 (1.2%)
[2016-05-20 18:36:54,050][storm][DEBUG]BasicBolt profile: total_num_tuples=9459, num_tuples=210, avg_read_time=0.002188 (33.6%), avg_process_time=0.004200 (64.4%), avg_ack_time=0.000129 (2.0%)
[2016-05-20 18:38:51,537][storm][DEBUG]BasicBolt profile: total_num_tuples=9729, num_tuples=270, avg_read_time=0.001773 (63.1%), avg_process_time=0.001009 (35.9%), avg_ack_time=0.000030 (1.1%)
[2016-05-20 18:40:27,570][storm][DEBUG]BasicBolt profile: total_num_tuples=9751, num_tuples=22, avg_read_time=0.001430 (26.4%), avg_process_time=0.003923 (72.4%), avg_ack_time=0.000068 (1.3%)
[2016-05-20 18:40:39,891][storm][DEBUG]BasicBolt profile: total_num_tuples=9774, num_tuples=23, avg_read_time=0.009377 (52.5%), avg_process_time=0.008468 (47.4%), avg_ack_time=0.000031 (0.2%)
[2016-05-20 18:40:52,224][storm][DEBUG]BasicBolt profile: total_num_tuples=9814, num_tuples=40, avg_read_time=0.007860 (24.4%), avg_process_time=0.024267 (75.2%), avg_ack_time=0.000141 (0.4%)
[2016-05-20 18:42:47,378][storm][DEBUG]BasicBolt profile: total_num_tuples=9834, num_tuples=20, avg_read_time=0.005488 (40.6%), avg_process_time=0.007981 (59.1%), avg_ack_time=0.000042 (0.3%)
[2016-05-20 18:48:17,279][storm][DEBUG]BasicBolt profile: total_num_tuples=9853, num_tuples=19, avg_read_time=0.038927 (71.2%), avg_process_time=0.015681 (28.7%), avg_ack_time=0.000073 (0.1%)
[2016-05-20 18:55:43,998][storm][DEBUG]BasicBolt profile: total_num_tuples=9892, num_tuples=39, avg_read_time=0.012839 (64.2%), avg_process_time=0.007058 (35.3%), avg_ack_time=0.000093 (0.5%)
[2016-05-20 18:55:54,661][storm][DEBUG]BasicBolt profile: total_num_tuples=10047, num_tuples=155, avg_read_time=0.004973 (85.4%), avg_process_time=0.000809 (13.9%), avg_ack_time=0.000044 (0.8%)
[2016-05-20 18:55:55,872][storm][DEBUG]BasicBolt profile: total_num_tuples=10239, num_tuples=192, avg_read_time=0.004718 (74.8%), avg_process_time=0.001548 (24.5%), avg_ack_time=0.000039 (0.6%)
[2016-05-20 18:55:56,896][storm][DEBUG]BasicBolt profile: total_num_tuples=10376, num_tuples=137, avg_read_time=0.006216 (83.3%), avg_process_time=0.001200 (16.1%), avg_ack_time=0.000047 (0.6%)
[2016-05-20 18:55:57,964][storm][DEBUG]BasicBolt profile: total_num_tuples=10471, num_tuples=95, avg_read_time=0.010007 (89.0%), avg_process_time=0.001194 (10.6%), avg_ack_time=0.000038 (0.3%)
[2016-05-20 18:55:59,160][storm][DEBUG]BasicBolt profile: total_num_tuples=10513, num_tuples=42, avg_read_time=0.027589 (96.9%), avg_process_time=0.000845 (3.0%), avg_ack_time=0.000034 (0.1%)
[2016-05-20 18:56:00,160][storm][DEBUG]BasicBolt profile: total_num_tuples=10704, num_tuples=191, avg_read_time=0.003804 (72.7%), avg_process_time=0.001394 (26.7%), avg_ack_time=0.000032 (0.6%)
[2016-05-20 18:56:01,183][storm][DEBUG]BasicBolt profile: total_num_tuples=10810, num_tuples=106, avg_read_time=0.008812 (91.4%), avg_process_time=0.000796 (8.2%), avg_ack_time=0.000039 (0.4%)
[2016-05-20 18:57:21,844][storm][DEBUG]BasicBolt profile: total_num_tuples=10896, num_tuples=86, avg_read_time=0.006822 (89.5%), avg_process_time=0.000765 (10.0%), avg_ack_time=0.000036 (0.5%)
[2016-05-20 18:58:02,417][storm][DEBUG]BasicBolt profile: total_num_tuples=10918, num_tuples=22, avg_read_time=0.025757 (98.2%), avg_process_time=0.000443 (1.7%), avg_ack_time=0.000024 (0.1%)
[2016-05-20 19:44:35,205][storm][DEBUG]BasicBolt profile: total_num_tuples=10962, num_tuples=44, avg_read_time=0.008702 (12.1%), avg_process_time=0.061846 (86.0%), avg_ack_time=0.001373 (1.9%)
[2016-05-20 19:44:36,549][storm][DEBUG]BasicBolt profile: total_num_tuples=11483, num_tuples=521, avg_read_time=0.000034 (1.8%), avg_process_time=0.001539 (80.2%), avg_ack_time=0.000346 (18.0%)
[2016-05-20 19:46:35,047][storm][DEBUG]BasicBolt profile: total_num_tuples=11877, num_tuples=394, avg_read_time=0.000751 (33.4%), avg_process_time=0.001457 (64.8%), avg_ack_time=0.000039 (1.7%)
[2016-05-20 19:46:36,059][storm][DEBUG]BasicBolt profile: total_num_tuples=11945, num_tuples=68, avg_read_time=0.002696 (18.1%), avg_process_time=0.011732 (78.9%), avg_ack_time=0.000451 (3.0%)
[2016-05-20 19:46:37,490][storm][DEBUG]BasicBolt profile: total_num_tuples=12195, num_tuples=250, avg_read_time=0.000187 (7.6%), avg_process_time=0.002218 (89.4%), avg_ack_time=0.000076 (3.1%)
[2016-05-20 19:46:40,602][storm][DEBUG]BasicBolt profile: total_num_tuples=12198, num_tuples=3, avg_read_time=0.407360 (39.3%), avg_process_time=0.629743 (60.7%), avg_ack_time=0.000039 (0.0%)
[2016-05-20 19:46:42,004][storm][DEBUG]BasicBolt profile: total_num_tuples=12611, num_tuples=413, avg_read_time=0.000747 (24.5%), avg_process_time=0.002266 (74.3%), avg_ack_time=0.000036 (1.2%)
[2016-05-20 19:46:43,059][storm][DEBUG]BasicBolt profile: total_num_tuples=12808, num_tuples=197, avg_read_time=0.002671 (49.9%), avg_process_time=0.002624 (49.1%), avg_ack_time=0.000053 (1.0%)
[2016-05-20 19:46:44,123][storm][DEBUG]BasicBolt profile: total_num_tuples=13315, num_tuples=507, avg_read_time=0.000692 (33.1%), avg_process_time=0.001365 (65.2%), avg_ack_time=0.000036 (1.7%)
[2016-05-20 19:47:12,408][storm][DEBUG]BasicBolt profile: total_num_tuples=13707, num_tuples=392, avg_read_time=0.001157 (56.6%), avg_process_time=0.000863 (42.2%), avg_ack_time=0.000024 (1.2%)
[2016-05-20 19:47:13,413][storm][DEBUG]BasicBolt profile: total_num_tuples=13882, num_tuples=175, avg_read_time=0.000139 (2.4%), avg_process_time=0.005294 (92.5%), avg_ack_time=0.000290 (5.1%)
[2016-05-20 19:47:14,443][storm][DEBUG]BasicBolt profile: total_num_tuples=13997, num_tuples=115, avg_read_time=0.000079 (0.9%), avg_process_time=0.008481 (97.6%), avg_ack_time=0.000133 (1.5%)
[2016-05-20 19:47:15,444][storm][DEBUG]BasicBolt profile: total_num_tuples=14617, num_tuples=620, avg_read_time=0.000050 (3.1%), avg_process_time=0.001521 (94.5%), avg_ack_time=0.000039 (2.4%)
[2016-05-20 19:47:16,444][storm][DEBUG]BasicBolt profile: total_num_tuples=15478, num_tuples=861, avg_read_time=0.000046 (3.9%), avg_process_time=0.001076 (93.0%), avg_ack_time=0.000036 (3.1%)
[2016-05-20 19:47:17,208][storm][DEBUG]BasicBolt profile: total_num_tuples=16478, num_tuples=1000, avg_read_time=0.000031 (4.0%), avg_process_time=0.000705 (92.7%), avg_ack_time=0.000025 (3.3%)
[2016-05-20 19:49:06,940][storm][DEBUG]BasicBolt profile: total_num_tuples=16958, num_tuples=480, avg_read_time=0.001753 (66.8%), avg_process_time=0.000841 (32.0%), avg_ack_time=0.000030 (1.1%)
[2016-05-20 19:49:07,942][storm][DEBUG]BasicBolt profile: total_num_tuples=17137, num_tuples=179, avg_read_time=0.000063 (1.1%), avg_process_time=0.005122 (91.7%), avg_ack_time=0.000399 (7.1%)
[2016-05-20 19:49:08,943][storm][DEBUG]BasicBolt profile: total_num_tuples=17309, num_tuples=172, avg_read_time=0.000069 (1.2%), avg_process_time=0.005239 (90.1%), avg_ack_time=0.000508 (8.7%)
[2016-05-20 19:49:10,004][storm][DEBUG]BasicBolt profile: total_num_tuples=17431, num_tuples=122, avg_read_time=0.000116 (1.3%), avg_process_time=0.008147 (94.4%), avg_ack_time=0.000372 (4.3%)
[2016-05-20 19:49:11,005][storm][DEBUG]BasicBolt profile: total_num_tuples=18051, num_tuples=620, avg_read_time=0.000046 (2.8%), avg_process_time=0.001521 (94.6%), avg_ack_time=0.000042 (2.6%)
[2016-05-20 19:49:12,475][storm][DEBUG]BasicBolt profile: total_num_tuples=18736, num_tuples=685, avg_read_time=0.000044 (2.0%), avg_process_time=0.002059 (96.3%), avg_ack_time=0.000036 (1.7%)
[2016-05-20 19:49:13,609][storm][DEBUG]BasicBolt profile: total_num_tuples=19066, num_tuples=330, avg_read_time=0.000058 (1.7%), avg_process_time=0.003324 (96.9%), avg_ack_time=0.000049 (1.4%)
[2016-05-20 19:49:31,483][storm][DEBUG]BasicBolt profile: total_num_tuples=19383, num_tuples=317, avg_read_time=0.000034 (0.2%), avg_process_time=0.017121 (99.6%), avg_ack_time=0.000027 (0.2%)
[2016-05-20 19:49:32,587][storm][DEBUG]BasicBolt profile: total_num_tuples=19647, num_tuples=264, avg_read_time=0.000049 (1.2%), avg_process_time=0.004084 (97.8%), avg_ack_time=0.000043 (1.0%)
[2016-05-20 19:49:33,593][storm][DEBUG]BasicBolt profile: total_num_tuples=20461, num_tuples=814, avg_read_time=0.000050 (4.0%), avg_process_time=0.001136 (92.3%), avg_ack_time=0.000045 (3.6%)
[2016-05-20 19:49:34,517][storm][DEBUG]BasicBolt profile: total_num_tuples=21461, num_tuples=1000, avg_read_time=0.000039 (4.3%), avg_process_time=0.000850 (92.4%), avg_ack_time=0.000030 (3.3%)
[2016-05-20 19:49:35,061][storm][DEBUG]BasicBolt profile: total_num_tuples=22461, num_tuples=1000, avg_read_time=0.000032 (5.9%), avg_process_time=0.000486 (89.8%), avg_ack_time=0.000023 (4.3%)
[2016-05-20 19:49:35,714][storm][DEBUG]BasicBolt profile: total_num_tuples=23461, num_tuples=1000, avg_read_time=0.000037 (5.7%), avg_process_time=0.000585 (90.0%), avg_ack_time=0.000028 (4.3%)
[2016-05-20 19:49:38,333][storm][DEBUG]BasicBolt profile: total_num_tuples=23869, num_tuples=408, avg_read_time=0.001957 (74.4%), avg_process_time=0.000645 (24.5%), avg_ack_time=0.000029 (1.1%)
[2016-05-20 19:58:19,113][storm][DEBUG]BasicBolt profile: total_num_tuples=23895, num_tuples=26, avg_read_time=0.029291 (44.5%), avg_process_time=0.036572 (55.5%), avg_ack_time=0.000026 (0.0%)
[2016-05-20 19:59:38,021][storm][DEBUG]BasicBolt profile: total_num_tuples=23923, num_tuples=28, avg_read_time=0.020987 (65.6%), avg_process_time=0.010959 (34.3%), avg_ack_time=0.000044 (0.1%)
[2016-05-20 20:04:05,482][storm][DEBUG]BasicBolt profile: total_num_tuples=23966, num_tuples=43, avg_read_time=0.022510 (67.9%), avg_process_time=0.010508 (31.7%), avg_ack_time=0.000130 (0.4%)
[2016-05-20 20:04:23,510][storm][DEBUG]BasicBolt profile: total_num_tuples=24002, num_tuples=36, avg_read_time=0.006759 (70.6%), avg_process_time=0.002794 (29.2%), avg_ack_time=0.000028 (0.3%)
[2016-05-20 20:04:25,324][storm][DEBUG]BasicBolt profile: total_num_tuples=24024, num_tuples=22, avg_read_time=0.036434 (97.6%), avg_process_time=0.000837 (2.2%), avg_ack_time=0.000048 (0.1%)
[2016-05-20 20:04:26,605][storm][DEBUG]BasicBolt profile: total_num_tuples=24058, num_tuples=34, avg_read_time=0.035288 (93.7%), avg_process_time=0.002249 (6.0%), avg_ack_time=0.000132 (0.4%)
[2016-05-20 20:04:28,087][storm][DEBUG]BasicBolt profile: total_num_tuples=24079, num_tuples=21, avg_read_time=0.067030 (95.0%), avg_process_time=0.003531 (5.0%), avg_ack_time=0.000026 (0.0%)
[2016-05-20 20:04:29,871][storm][DEBUG]BasicBolt profile: total_num_tuples=24090, num_tuples=11, avg_read_time=0.077159 (99.0%), avg_process_time=0.000732 (0.9%), avg_ack_time=0.000061 (0.1%)
[2016-05-20 20:04:31,114][storm][DEBUG]BasicBolt profile: total_num_tuples=24101, num_tuples=11, avg_read_time=0.021880 (97.3%), avg_process_time=0.000574 (2.6%), avg_ack_time=0.000038 (0.2%)
[2016-05-20 20:04:32,184][storm][DEBUG]BasicBolt profile: total_num_tuples=24117, num_tuples=16, avg_read_time=0.004360 (23.5%), avg_process_time=0.014076 (75.9%), avg_ack_time=0.000107 (0.6%)
[2016-05-20 20:04:37,271][storm][DEBUG]BasicBolt profile: total_num_tuples=24146, num_tuples=29, avg_read_time=0.036093 (95.3%), avg_process_time=0.001718 (4.5%), avg_ack_time=0.000080 (0.2%)
[2016-05-20 20:04:38,290][storm][DEBUG]BasicBolt profile: total_num_tuples=24190, num_tuples=44, avg_read_time=0.020872 (90.2%), avg_process_time=0.002196 (9.5%), avg_ack_time=0.000063 (0.3%)
[2016-05-20 20:04:39,442][storm][DEBUG]BasicBolt profile: total_num_tuples=24213, num_tuples=23, avg_read_time=0.049253 (98.4%), avg_process_time=0.000785 (1.6%), avg_ack_time=0.000035 (0.1%)
[2016-05-20 20:04:41,844][storm][DEBUG]BasicBolt profile: total_num_tuples=24242, num_tuples=29, avg_read_time=0.047420 (96.9%), avg_process_time=0.001441 (2.9%), avg_ack_time=0.000075 (0.2%)
[2016-05-20 20:04:42,920][storm][DEBUG]BasicBolt profile: total_num_tuples=24255, num_tuples=13, avg_read_time=0.001616 (22.5%), avg_process_time=0.005497 (76.5%), avg_ack_time=0.000077 (1.1%)
[2016-05-20 20:04:44,179][storm][DEBUG]BasicBolt profile: total_num_tuples=24271, num_tuples=16, avg_read_time=0.069098 (87.9%), avg_process_time=0.009379 (11.9%), avg_ack_time=0.000107 (0.1%)
[2016-05-20 20:04:49,737][storm][DEBUG]BasicBolt profile: total_num_tuples=24303, num_tuples=32, avg_read_time=0.012487 (70.1%), avg_process_time=0.005238 (29.4%), avg_ack_time=0.000098 (0.6%)
[2016-05-20 20:04:50,815][storm][DEBUG]BasicBolt profile: total_num_tuples=24336, num_tuples=33, avg_read_time=0.027416 (84.0%), avg_process_time=0.005168 (15.8%), avg_ack_time=0.000073 (0.2%)
[2016-05-20 20:04:52,079][storm][DEBUG]BasicBolt profile: total_num_tuples=24386, num_tuples=50, avg_read_time=0.021332 (84.4%), avg_process_time=0.003875 (15.3%), avg_ack_time=0.000053 (0.2%)
[2016-05-20 20:04:53,666][storm][DEBUG]BasicBolt profile: total_num_tuples=24421, num_tuples=35, avg_read_time=0.039821 (87.8%), avg_process_time=0.005444 (12.0%), avg_ack_time=0.000073 (0.2%)
[2016-05-20 20:04:55,005][storm][DEBUG]BasicBolt profile: total_num_tuples=24447, num_tuples=26, avg_read_time=0.050179 (97.4%), avg_process_time=0.001290 (2.5%), avg_ack_time=0.000036 (0.1%)
[2016-05-20 20:04:56,139][storm][DEBUG]BasicBolt profile: total_num_tuples=24473, num_tuples=26, avg_read_time=0.041224 (94.6%), avg_process_time=0.002326 (5.3%), avg_ack_time=0.000041 (0.1%)
[2016-05-20 20:04:57,461][storm][DEBUG]BasicBolt profile: total_num_tuples=24498, num_tuples=25, avg_read_time=0.049828 (94.3%), avg_process_time=0.002969 (5.6%), avg_ack_time=0.000066 (0.1%)
[2016-05-20 20:04:58,546][storm][DEBUG]BasicBolt profile: total_num_tuples=24539, num_tuples=41, avg_read_time=0.025657 (97.0%), avg_process_time=0.000754 (2.9%), avg_ack_time=0.000042 (0.2%)
[2016-05-20 20:04:59,822][storm][DEBUG]BasicBolt profile: total_num_tuples=24550, num_tuples=11, avg_read_time=0.024906 (97.0%), avg_process_time=0.000738 (2.9%), avg_ack_time=0.000043 (0.2%)
[2016-05-20 20:05:03,266][storm][DEBUG]BasicBolt profile: total_num_tuples=24583, num_tuples=33, avg_read_time=0.043349 (98.6%), avg_process_time=0.000589 (1.3%), avg_ack_time=0.000029 (0.1%)
[2016-05-20 20:05:04,823][storm][DEBUG]BasicBolt profile: total_num_tuples=24597, num_tuples=14, avg_read_time=0.039781 (98.5%), avg_process_time=0.000546 (1.4%), avg_ack_time=0.000044 (0.1%)
[2016-05-20 20:05:06,017][storm][DEBUG]BasicBolt profile: total_num_tuples=24635, num_tuples=38, avg_read_time=0.030637 (97.5%), avg_process_time=0.000753 (2.4%), avg_ack_time=0.000030 (0.1%)
[2016-05-20 20:05:07,021][storm][DEBUG]BasicBolt profile: total_num_tuples=24651, num_tuples=16, avg_read_time=0.061324 (97.8%), avg_process_time=0.001327 (2.1%), avg_ack_time=0.000046 (0.1%)
[2016-05-20 20:06:40,635][storm][DEBUG]BasicBolt profile: total_num_tuples=24668, num_tuples=17, avg_read_time=0.019344 (60.0%), avg_process_time=0.012840 (39.8%), avg_ack_time=0.000040 (0.1%)
[2016-05-20 20:07:01,479][storm][DEBUG]BasicBolt profile: total_num_tuples=24800, num_tuples=132, avg_read_time=0.000299 (20.5%), avg_process_time=0.001078 (73.9%), avg_ack_time=0.000083 (5.7%)
[2016-05-20 20:07:02,549][storm][DEBUG]BasicBolt profile: total_num_tuples=24967, num_tuples=167, avg_read_time=0.004105 (64.1%), avg_process_time=0.002218 (34.7%), avg_ack_time=0.000077 (1.2%)
[2016-05-20 20:08:25,089][storm][DEBUG]BasicBolt profile: total_num_tuples=24990, num_tuples=23, avg_read_time=0.017978 (94.0%), avg_process_time=0.001088 (5.7%), avg_ack_time=0.000050 (0.3%)
[2016-05-20 20:08:36,060][storm][DEBUG]BasicBolt profile: total_num_tuples=25145, num_tuples=155, avg_read_time=0.005815 (83.1%), avg_process_time=0.001079 (15.4%), avg_ack_time=0.000102 (1.5%)
[2016-05-20 20:09:36,557][storm][DEBUG]BasicBolt profile: total_num_tuples=25245, num_tuples=100, avg_read_time=0.013621 (90.8%), avg_process_time=0.001310 (8.7%), avg_ack_time=0.000077 (0.5%)
[2016-05-20 20:09:48,293][storm][DEBUG]BasicBolt profile: total_num_tuples=25305, num_tuples=60, avg_read_time=0.012114 (95.7%), avg_process_time=0.000508 (4.0%), avg_ack_time=0.000040 (0.3%)
