Beginning task setup

/usr/bin/flock
Using existing venv: /tmp/petrel-good-5-1463752987/venv
Task setup took 12 seconds
Launching: python -m petrel.run worddivider /home/pipe/twitterintel/twitterintel/topology/TopologyTweetTransformationGOOD/petrel685_worddivider.log
/usr/local/lib/python2.7/dist-packages/petrel-0.9.4.0.3-py2.7.egg/petrel/run.py invoked with the following arguments: ['worddivider', '/home/pipe/twitterintel/twitterintel/topology/TopologyTweetTransformationGOOD/petrel685_worddivider.log']
python version: 2.7.11
user=root
PATH=/tmp/petrel-good-5-1463752987/venv/bin:/root/SimpleScalar/simplesim-3.0:/root/SimpleScalar/bin:/root/SimpleScalar/gcc-2.6.3:/root/SimpleScalar/bin:/usr/local/sbin:/usr/local/bin:/usr/sbin:/usr/bin:/sbin:/bin:/usr/games:/usr/local/games:/home/pipe/Downloads/zookeeper-3.4.8/bin:/home/pipe/Downloads/apache-storm-0.9.4/bin
LD_LIBRARY_PATH=storm-local/supervisor/stormdist/good-5-1463752987/resources/Linux-amd64:storm-local/supervisor/stormdist/good-5-1463752987/resources:/usr/local/lib:/opt/local/lib:/usr/lib
PYTHON_EGG_CACHE=/tmp/petrel-good-5-1463752987/egg_cache
[2016-05-20 15:03:54,780][storm][INFO]Tuple profiling enabled. Will log tuple processing times.
[2016-05-20 15:04:04,624][storm][INFO]Task received setupInfo from Storm: {u'pidDir': u'/home/pipe/storm-local/workers/cb2925a2-898f-4639-afdf-c05b550c3748/pids', u'conf': {u'oauth.acess_token': u' 702208758362087425-HZiyl1x7Bh98cQa1WLBDYylyu10Bpl7', u'topology.tuple.serializer': u'backtype.storm.serialization.types.ListDelegateSerializer', u'topology.workers': 1, u'drpc.worker.threads': 64, u'storm.messaging.netty.client_worker_threads': 1, u'supervisor.heartbeat.frequency.secs': 5, u'topology.executor.send.buffer.size': 1024, u'drpc.childopts': u'-Xmx768m', u'nimbus.thrift.port': 6627, u'storm.zookeeper.retry.intervalceiling.millis': 30000, u'storm.local.dir': u'storm-local', u'topology.receiver.buffer.size': 8, u'storm.zookeeper.servers': [u'localhost'], u'oauth.consumer_secret': u'ADf76fi3O1lKMzBxWnjqf93l3GHv28uar3bkblkvyBrAyoA23i', u'transactional.zookeeper.root': u'/transactional', u'drpc.request.timeout.secs': 600, u'topology.skip.missing.kryo.registrations': False, u'worker.heartbeat.frequency.secs': 1, u'zmq.hwm': 0, u'storm.zookeeper.connection.timeout': 15000, u'java.library.path': u'/usr/local/lib:/opt/local/lib:/usr/lib', u'topology.max.error.report.per.interval': 5, u'storm.messaging.netty.server_worker_threads': 1, u'storm.id': u'good-5-1463752987', u'supervisor.worker.start.timeout.secs': 120, u'zmq.threads': 1, u'topology.acker.executors': None, u'storm.messaging.netty.flush.check.interval.ms': 10, u'storm.messaging.netty.transfer.batch.size': 262144, u'topology.max.task.parallelism': None, u'topology.environment': None, u'storm.zookeeper.port': 2181, u'nimbus.childopts': u'-Xmx1024m', u'topology.classpath': None, u'worker.childopts': u'-Xmx768m', u'drpc.queue.size': 128, u'topology.multilang.serializer': u'backtype.storm.multilang.JsonSerializer', u'storm.zookeeper.retry.times': 5, u'nimbus.monitor.freq.secs': 10, u'storm.cluster.mode': u'distributed', u'dev.zookeeper.path': u'/tmp/dev-storm-zookeeper', u'drpc.invocations.port': 3773, u'topology.tasks': None, u'storm.zookeeper.root': u'/storm', u'logviewer.childopts': u'-Xmx128m', u'storm.meta.serialization.delegate': u'backtype.storm.serialization.DefaultSerializationDelegate', u'transactional.zookeeper.port': None, u'topology.worker.receiver.thread.count': 1, u'topology.worker.childopts': None, u'topology.max.spout.pending': None, u'topology.kryo.register': None, u'petrel.host': u'pipe-X550CC', u'nimbus.cleanup.inbox.freq.secs': 600, u'storm.messaging.netty.min_wait_ms': 100, u'nimbus.task.timeout.secs': 30, u'nimbus.thrift.max_buffer_size': 1048576, u'topology.sleep.spout.wait.strategy.time.ms': 1, u'nimbus.reassign': True, u'storm.messaging.transport': u'backtype.storm.messaging.netty.Context', u'logviewer.appender.name': u'A1', u'nimbus.host': u'localhost', u'ui.port': 8080, u'supervisor.slots.ports': [6700, 6701, 6702, 6703], u'nimbus.file.copy.expiration.secs': 600, u'supervisor.monitor.frequency.secs': 3, u'ui.childopts': u'-Xmx768m', u'transactional.zookeeper.servers': None, u'zmq.linger.millis': 5000, u'topology.error.throttle.interval.secs': 10, u'topology.worker.shared.thread.pool.size': 4, u'topology.executor.receive.buffer.size': 1024, u'topology.spout.wait.strategy': u'backtype.storm.spout.SleepSpoutWaitStrategy', u'task.heartbeat.frequency.secs': 3, u'topology.transfer.buffer.size': 1024, u'storm.zookeeper.session.timeout': 20000, u'storm.local.mode.zmq': False, u'topology.stats.sample.rate': 0.05, u'topology.fall.back.on.java.serialization': True, u'supervisor.childopts': u'-Xmx256m', u'topology.enable.message.timeouts': True, u'storm.messaging.netty.max_wait_ms': 1000, u'nimbus.topology.validator': u'backtype.storm.nimbus.DefaultTopologyValidator', u'nimbus.supervisor.timeout.secs': 60, u'topology.disruptor.wait.strategy': u'com.lmax.disruptor.BlockingWaitStrategy', u'storm.messaging.netty.buffer_size': 5242880, u'drpc.port': 3772, u'topology.kryo.factory': u'backtype.storm.serialization.DefaultKryoFactory', u'storm.zookeeper.retry.interval': 1000, u'storm.messaging.netty.max_retries': 300, u'topology.tick.tuple.freq.secs': None, u'supervisor.enable': True, u'nimbus.task.launch.secs': 120, u'task.refresh.poll.secs': 10, u'topology.message.timeout.secs': 30, u'oauth.acess_token_secret': u'IiNOTfgE3tEZvW2HDQhRKPMoOLU43NXJCXk8maj51SdAT', u'petrel.user': u'root', u'nimbus.inbox.jar.expiration.secs': 3600, u'topology.state.synchronization.timeout.secs': 60, u'topology.name': u'good', u'supervisor.worker.timeout.secs': 30, u'topology.trident.batch.emit.interval.millis': 500, u'topology.builtin.metrics.bucket.size.secs': 60, u'storm.thrift.transport': u'backtype.storm.security.auth.SimpleTransportPlugin', u'logviewer.port': 8000, u'oauth.consumer_key': u'eaFmBSxUveRJfmyZYeabti9Q9', u'topology.kryo.decorators': [], u'topology.debug': False}, u'context': {u'task->component': {u'1': u'CountThreeWords', u'3': u'CountWord', u'2': u'CountTwoWords', u'5': u'ThreeWordDivider', u'4': u'KafkaConsumer', u'7': u'WordDivider', u'6': u'TwoWordDivider', u'8': u'__acker'}, u'taskid': 7}}
[2016-05-20 15:04:04,624][storm][INFO]Task sent pid to Storm
[2016-05-20 15:04:13,626][storm][DEBUG]BasicBolt profile: total_num_tuples=1, num_tuples=1, avg_read_time=0.698377 (88.5%), avg_process_time=0.090802 (11.5%), avg_ack_time=0.000219 (0.0%)
[2016-05-20 15:18:51,815][storm][DEBUG]BasicBolt profile: total_num_tuples=9, num_tuples=8, avg_read_time=0.045385 (40.3%), avg_process_time=0.067065 (59.6%), avg_ack_time=0.000036 (0.0%)
[2016-05-20 15:23:17,328][storm][DEBUG]BasicBolt profile: total_num_tuples=12, num_tuples=3, avg_read_time=0.000942 (10.7%), avg_process_time=0.007842 (89.1%), avg_ack_time=0.000017 (0.2%)
[2016-05-20 16:00:51,150][storm][DEBUG]BasicBolt profile: total_num_tuples=30, num_tuples=18, avg_read_time=0.012412 (59.4%), avg_process_time=0.008391 (40.2%), avg_ack_time=0.000090 (0.4%)
[2016-05-20 16:04:55,093][storm][DEBUG]BasicBolt profile: total_num_tuples=31, num_tuples=1, avg_read_time=0.020513 (98.0%), avg_process_time=0.000394 (1.9%), avg_ack_time=0.000023 (0.1%)
[2016-05-20 16:05:25,937][storm][DEBUG]BasicBolt profile: total_num_tuples=127, num_tuples=96, avg_read_time=0.005148 (55.4%), avg_process_time=0.003858 (41.5%), avg_ack_time=0.000291 (3.1%)
[2016-05-20 16:05:57,951][storm][DEBUG]BasicBolt profile: total_num_tuples=192, num_tuples=65, avg_read_time=0.014082 (77.5%), avg_process_time=0.004069 (22.4%), avg_ack_time=0.000021 (0.1%)
[2016-05-20 16:54:13,578][storm][DEBUG]BasicBolt profile: total_num_tuples=216, num_tuples=24, avg_read_time=0.028625 (67.8%), avg_process_time=0.013509 (32.0%), avg_ack_time=0.000116 (0.3%)
[2016-05-20 16:55:11,004][storm][DEBUG]BasicBolt profile: total_num_tuples=242, num_tuples=26, avg_read_time=0.026304 (98.4%), avg_process_time=0.000410 (1.5%), avg_ack_time=0.000020 (0.1%)
[2016-05-20 17:04:29,833][storm][DEBUG]BasicBolt profile: total_num_tuples=318, num_tuples=76, avg_read_time=0.003751 (36.8%), avg_process_time=0.006316 (62.0%), avg_ack_time=0.000113 (1.1%)
[2016-05-20 17:05:27,243][storm][DEBUG]BasicBolt profile: total_num_tuples=319, num_tuples=1, avg_read_time=0.607887 (93.9%), avg_process_time=0.039242 (6.1%), avg_ack_time=0.000057 (0.0%)
[2016-05-20 17:05:29,349][storm][DEBUG]BasicBolt profile: total_num_tuples=320, num_tuples=1, avg_read_time=0.003234 (0.2%), avg_process_time=2.101605 (99.8%), avg_ack_time=0.000318 (0.0%)
[2016-05-20 17:06:49,351][storm][DEBUG]BasicBolt profile: total_num_tuples=322, num_tuples=2, avg_read_time=0.043254 (85.0%), avg_process_time=0.007632 (15.0%), avg_ack_time=0.000023 (0.0%)
[2016-05-20 17:11:31,963][storm][DEBUG]BasicBolt profile: total_num_tuples=325, num_tuples=3, avg_read_time=0.159298 (87.8%), avg_process_time=0.022004 (12.1%), avg_ack_time=0.000032 (0.0%)
[2016-05-20 17:11:39,033][storm][DEBUG]BasicBolt profile: total_num_tuples=379, num_tuples=54, avg_read_time=0.018706 (91.9%), avg_process_time=0.001424 (7.0%), avg_ack_time=0.000221 (1.1%)
[2016-05-20 17:12:32,592][storm][DEBUG]BasicBolt profile: total_num_tuples=383, num_tuples=4, avg_read_time=0.098988 (68.6%), avg_process_time=0.045368 (31.4%), avg_ack_time=0.000034 (0.0%)
[2016-05-20 17:29:59,095][storm][DEBUG]BasicBolt profile: total_num_tuples=384, num_tuples=1, avg_read_time=0.214648 (87.9%), avg_process_time=0.029536 (12.1%), avg_ack_time=0.000027 (0.0%)
[2016-05-20 17:37:17,982][storm][DEBUG]BasicBolt profile: total_num_tuples=453, num_tuples=69, avg_read_time=0.009489 (78.8%), avg_process_time=0.002448 (20.3%), avg_ack_time=0.000111 (0.9%)
[2016-05-20 17:37:19,062][storm][DEBUG]BasicBolt profile: total_num_tuples=527, num_tuples=74, avg_read_time=0.010209 (70.0%), avg_process_time=0.004090 (28.1%), avg_ack_time=0.000282 (1.9%)
[2016-05-20 17:45:49,381][storm][DEBUG]BasicBolt profile: total_num_tuples=547, num_tuples=20, avg_read_time=0.007550 (31.8%), avg_process_time=0.015936 (67.1%), avg_ack_time=0.000269 (1.1%)
[2016-05-20 17:46:09,373][storm][DEBUG]BasicBolt profile: total_num_tuples=680, num_tuples=133, avg_read_time=0.004439 (57.2%), avg_process_time=0.003052 (39.4%), avg_ack_time=0.000264 (3.4%)
[2016-05-20 17:46:16,035][storm][DEBUG]BasicBolt profile: total_num_tuples=681, num_tuples=1, avg_read_time=0.699564 (99.9%), avg_process_time=0.000695 (0.1%), avg_ack_time=0.000018 (0.0%)
[2016-05-20 17:46:20,234][storm][DEBUG]BasicBolt profile: total_num_tuples=682, num_tuples=1, avg_read_time=0.102877 (51.6%), avg_process_time=0.096399 (48.4%), avg_ack_time=0.000075 (0.0%)
[2016-05-20 17:46:29,488][storm][DEBUG]BasicBolt profile: total_num_tuples=684, num_tuples=2, avg_read_time=0.625333 (90.4%), avg_process_time=0.066215 (9.6%), avg_ack_time=0.000057 (0.0%)
[2016-05-20 17:46:35,550][storm][DEBUG]BasicBolt profile: total_num_tuples=686, num_tuples=2, avg_read_time=0.530553 (89.5%), avg_process_time=0.061954 (10.5%), avg_ack_time=0.000029 (0.0%)
[2016-05-20 17:46:39,084][storm][DEBUG]BasicBolt profile: total_num_tuples=687, num_tuples=1, avg_read_time=0.531674 (99.6%), avg_process_time=0.002292 (0.4%), avg_ack_time=0.000030 (0.0%)
[2016-05-20 17:46:47,367][storm][DEBUG]BasicBolt profile: total_num_tuples=688, num_tuples=1, avg_read_time=0.240226 (84.7%), avg_process_time=0.043371 (15.3%), avg_ack_time=0.000080 (0.0%)
[2016-05-20 17:46:49,806][storm][DEBUG]BasicBolt profile: total_num_tuples=689, num_tuples=1, avg_read_time=0.456881 (94.9%), avg_process_time=0.024495 (5.1%), avg_ack_time=0.000024 (0.0%)
[2016-05-20 17:46:55,571][storm][DEBUG]BasicBolt profile: total_num_tuples=690, num_tuples=1, avg_read_time=0.744563 (94.4%), avg_process_time=0.044139 (5.6%), avg_ack_time=0.000029 (0.0%)
[2016-05-20 17:47:01,393][storm][DEBUG]BasicBolt profile: total_num_tuples=691, num_tuples=1, avg_read_time=0.846039 (97.8%), avg_process_time=0.019404 (2.2%), avg_ack_time=0.000020 (0.0%)
[2016-05-20 17:47:15,222][storm][DEBUG]BasicBolt profile: total_num_tuples=692, num_tuples=1, avg_read_time=0.817670 (96.5%), avg_process_time=0.029878 (3.5%), avg_ack_time=0.000024 (0.0%)
[2016-05-20 17:47:16,666][storm][DEBUG]BasicBolt profile: total_num_tuples=694, num_tuples=2, avg_read_time=0.165606 (69.2%), avg_process_time=0.073694 (30.8%), avg_ack_time=0.000035 (0.0%)
[2016-05-20 17:47:25,751][storm][DEBUG]BasicBolt profile: total_num_tuples=696, num_tuples=2, avg_read_time=0.041845 (98.4%), avg_process_time=0.000647 (1.5%), avg_ack_time=0.000022 (0.1%)
[2016-05-20 17:47:32,823][storm][DEBUG]BasicBolt profile: total_num_tuples=697, num_tuples=1, avg_read_time=0.068968 (97.1%), avg_process_time=0.002049 (2.9%), avg_ack_time=0.000027 (0.0%)
[2016-05-20 17:47:38,138][storm][DEBUG]BasicBolt profile: total_num_tuples=698, num_tuples=1, avg_read_time=0.315836 (99.8%), avg_process_time=0.000630 (0.2%), avg_ack_time=0.000021 (0.0%)
[2016-05-20 18:00:20,304][storm][DEBUG]BasicBolt profile: total_num_tuples=699, num_tuples=1, avg_read_time=0.031206 (98.1%), avg_process_time=0.000540 (1.7%), avg_ack_time=0.000063 (0.2%)
[2016-05-20 18:04:38,973][storm][DEBUG]BasicBolt profile: total_num_tuples=739, num_tuples=40, avg_read_time=0.013977 (89.6%), avg_process_time=0.001576 (10.1%), avg_ack_time=0.000052 (0.3%)
[2016-05-20 18:11:00,980][storm][DEBUG]BasicBolt profile: total_num_tuples=797, num_tuples=58, avg_read_time=0.010948 (68.1%), avg_process_time=0.005091 (31.7%), avg_ack_time=0.000040 (0.2%)
[2016-05-20 18:23:00,961][storm][DEBUG]BasicBolt profile: total_num_tuples=885, num_tuples=88, avg_read_time=0.009569 (86.4%), avg_process_time=0.001331 (12.0%), avg_ack_time=0.000178 (1.6%)
[2016-05-20 18:28:13,037][storm][DEBUG]BasicBolt profile: total_num_tuples=938, num_tuples=53, avg_read_time=0.017832 (90.3%), avg_process_time=0.001867 (9.5%), avg_ack_time=0.000048 (0.2%)
[2016-05-20 18:28:43,802][storm][DEBUG]BasicBolt profile: total_num_tuples=1020, num_tuples=82, avg_read_time=0.005139 (57.7%), avg_process_time=0.003581 (40.2%), avg_ack_time=0.000183 (2.1%)
[2016-05-20 18:30:54,135][storm][DEBUG]BasicBolt profile: total_num_tuples=1100, num_tuples=80, avg_read_time=0.002272 (61.9%), avg_process_time=0.001318 (35.9%), avg_ack_time=0.000083 (2.3%)
[2016-05-20 18:31:08,359][storm][DEBUG]BasicBolt profile: total_num_tuples=1189, num_tuples=89, avg_read_time=0.012823 (93.3%), avg_process_time=0.000868 (6.3%), avg_ack_time=0.000048 (0.3%)
[2016-05-20 18:31:09,404][storm][DEBUG]BasicBolt profile: total_num_tuples=1206, num_tuples=17, avg_read_time=0.001683 (31.6%), avg_process_time=0.003421 (64.2%), avg_ack_time=0.000222 (4.2%)
[2016-05-20 18:31:21,329][storm][DEBUG]BasicBolt profile: total_num_tuples=1277, num_tuples=71, avg_read_time=0.011827 (91.3%), avg_process_time=0.001089 (8.4%), avg_ack_time=0.000042 (0.3%)
[2016-05-20 18:31:57,629][storm][DEBUG]BasicBolt profile: total_num_tuples=1356, num_tuples=79, avg_read_time=0.002820 (72.2%), avg_process_time=0.001021 (26.1%), avg_ack_time=0.000065 (1.7%)
[2016-05-20 18:32:27,168][storm][DEBUG]BasicBolt profile: total_num_tuples=1452, num_tuples=96, avg_read_time=0.003901 (78.6%), avg_process_time=0.001029 (20.7%), avg_ack_time=0.000034 (0.7%)
[2016-05-20 18:35:04,343][storm][DEBUG]BasicBolt profile: total_num_tuples=1526, num_tuples=74, avg_read_time=0.015426 (95.9%), avg_process_time=0.000602 (3.7%), avg_ack_time=0.000059 (0.4%)
[2016-05-20 18:36:32,518][storm][DEBUG]BasicBolt profile: total_num_tuples=1615, num_tuples=89, avg_read_time=0.012500 (92.7%), avg_process_time=0.000941 (7.0%), avg_ack_time=0.000040 (0.3%)
[2016-05-20 18:36:53,782][storm][DEBUG]BasicBolt profile: total_num_tuples=1682, num_tuples=67, avg_read_time=0.017631 (93.8%), avg_process_time=0.001128 (6.0%), avg_ack_time=0.000039 (0.2%)
[2016-05-20 18:38:51,430][storm][DEBUG]BasicBolt profile: total_num_tuples=1740, num_tuples=58, avg_read_time=0.009954 (90.6%), avg_process_time=0.000979 (8.9%), avg_ack_time=0.000049 (0.4%)
[2016-05-20 18:40:27,502][storm][DEBUG]BasicBolt profile: total_num_tuples=1743, num_tuples=3, avg_read_time=0.016291 (96.9%), avg_process_time=0.000499 (3.0%), avg_ack_time=0.000020 (0.1%)
[2016-05-20 18:40:39,723][storm][DEBUG]BasicBolt profile: total_num_tuples=1747, num_tuples=4, avg_read_time=0.051672 (98.8%), avg_process_time=0.000619 (1.2%), avg_ack_time=0.000017 (0.0%)
[2016-05-20 18:40:52,079][storm][DEBUG]BasicBolt profile: total_num_tuples=1751, num_tuples=4, avg_read_time=0.087781 (98.5%), avg_process_time=0.001263 (1.4%), avg_ack_time=0.000035 (0.0%)
[2016-05-20 18:42:47,228][storm][DEBUG]BasicBolt profile: total_num_tuples=1753, num_tuples=2, avg_read_time=0.063450 (98.6%), avg_process_time=0.000886 (1.4%), avg_ack_time=0.000027 (0.0%)
[2016-05-20 18:48:17,123][storm][DEBUG]BasicBolt profile: total_num_tuples=1755, num_tuples=2, avg_read_time=0.384567 (99.8%), avg_process_time=0.000686 (0.2%), avg_ack_time=0.000029 (0.0%)
[2016-05-20 18:55:43,806][storm][DEBUG]BasicBolt profile: total_num_tuples=1763, num_tuples=8, avg_read_time=0.070170 (98.6%), avg_process_time=0.000952 (1.3%), avg_ack_time=0.000044 (0.1%)
[2016-05-20 18:55:54,682][storm][DEBUG]BasicBolt profile: total_num_tuples=1779, num_tuples=16, avg_read_time=0.042541 (77.4%), avg_process_time=0.012434 (22.6%), avg_ack_time=0.000018 (0.0%)
[2016-05-20 18:55:55,807][storm][DEBUG]BasicBolt profile: total_num_tuples=1800, num_tuples=21, avg_read_time=0.026770 (50.0%), avg_process_time=0.026737 (49.9%), avg_ack_time=0.000027 (0.0%)
[2016-05-20 18:55:56,908][storm][DEBUG]BasicBolt profile: total_num_tuples=1813, num_tuples=13, avg_read_time=0.050736 (59.9%), avg_process_time=0.033898 (40.0%), avg_ack_time=0.000038 (0.0%)
[2016-05-20 18:55:57,949][storm][DEBUG]BasicBolt profile: total_num_tuples=1823, num_tuples=10, avg_read_time=0.090623 (87.1%), avg_process_time=0.013394 (12.9%), avg_ack_time=0.000021 (0.0%)
[2016-05-20 18:55:59,159][storm][DEBUG]BasicBolt profile: total_num_tuples=1828, num_tuples=5, avg_read_time=0.231551 (95.7%), avg_process_time=0.010340 (4.3%), avg_ack_time=0.000031 (0.0%)
[2016-05-20 18:56:00,284][storm][DEBUG]BasicBolt profile: total_num_tuples=1848, num_tuples=20, avg_read_time=0.037942 (67.5%), avg_process_time=0.018268 (32.5%), avg_ack_time=0.000021 (0.0%)
[2016-05-20 18:56:01,311][storm][DEBUG]BasicBolt profile: total_num_tuples=1861, num_tuples=13, avg_read_time=0.077608 (98.3%), avg_process_time=0.001318 (1.7%), avg_ack_time=0.000041 (0.1%)
[2016-05-20 18:57:21,842][storm][DEBUG]BasicBolt profile: total_num_tuples=1866, num_tuples=5, avg_read_time=0.102151 (98.9%), avg_process_time=0.001083 (1.0%), avg_ack_time=0.000020 (0.0%)
[2016-05-20 18:58:02,415][storm][DEBUG]BasicBolt profile: total_num_tuples=1868, num_tuples=2, avg_read_time=0.282825 (99.8%), avg_process_time=0.000631 (0.2%), avg_ack_time=0.000019 (0.0%)
[2016-05-20 19:44:32,961][storm][DEBUG]BasicBolt profile: total_num_tuples=1872, num_tuples=4, avg_read_time=0.181327 (18.5%), avg_process_time=0.797170 (81.5%), avg_ack_time=0.000148 (0.0%)
[2016-05-20 19:44:35,745][storm][DEBUG]BasicBolt profile: total_num_tuples=1889, num_tuples=17, avg_read_time=0.015511 (25.0%), avg_process_time=0.046504 (75.0%), avg_ack_time=0.000023 (0.0%)
[2016-05-20 19:46:35,044][storm][DEBUG]BasicBolt profile: total_num_tuples=1965, num_tuples=76, avg_read_time=0.008623 (70.3%), avg_process_time=0.003614 (29.5%), avg_ack_time=0.000030 (0.2%)
[2016-05-20 19:46:36,337][storm][DEBUG]BasicBolt profile: total_num_tuples=2006, num_tuples=41, avg_read_time=0.022403 (83.7%), avg_process_time=0.004327 (16.2%), avg_ack_time=0.000030 (0.1%)
[2016-05-20 19:46:37,754][storm][DEBUG]BasicBolt profile: total_num_tuples=2007, num_tuples=1, avg_read_time=0.290875 (99.7%), avg_process_time=0.000736 (0.3%), avg_ack_time=0.000020 (0.0%)
[2016-05-20 19:46:38,975][storm][DEBUG]BasicBolt profile: total_num_tuples=2010, num_tuples=3, avg_read_time=0.406106 (99.8%), avg_process_time=0.000757 (0.2%), avg_ack_time=0.000019 (0.0%)
[2016-05-20 19:46:42,651][storm][DEBUG]BasicBolt profile: total_num_tuples=2104, num_tuples=94, avg_read_time=0.006558 (23.4%), avg_process_time=0.021491 (76.6%), avg_ack_time=0.000025 (0.1%)
[2016-05-20 19:47:12,407][storm][DEBUG]BasicBolt profile: total_num_tuples=2151, num_tuples=47, avg_read_time=0.007330 (69.8%), avg_process_time=0.003153 (30.0%), avg_ack_time=0.000019 (0.2%)
[2016-05-20 19:47:13,413][storm][DEBUG]BasicBolt profile: total_num_tuples=2320, num_tuples=169, avg_read_time=0.003491 (58.7%), avg_process_time=0.002298 (38.7%), avg_ack_time=0.000155 (2.6%)
[2016-05-20 19:47:14,494][storm][DEBUG]BasicBolt profile: total_num_tuples=2431, num_tuples=111, avg_read_time=0.004700 (48.6%), avg_process_time=0.004938 (51.0%), avg_ack_time=0.000038 (0.4%)
[2016-05-20 19:49:06,937][storm][DEBUG]BasicBolt profile: total_num_tuples=2484, num_tuples=53, avg_read_time=0.009192 (84.5%), avg_process_time=0.001675 (15.4%), avg_ack_time=0.000017 (0.2%)
[2016-05-20 19:49:07,937][storm][DEBUG]BasicBolt profile: total_num_tuples=2635, num_tuples=151, avg_read_time=0.003825 (57.9%), avg_process_time=0.002709 (41.0%), avg_ack_time=0.000078 (1.2%)
[2016-05-20 19:49:08,938][storm][DEBUG]BasicBolt profile: total_num_tuples=2799, num_tuples=164, avg_read_time=0.004796 (78.7%), avg_process_time=0.001244 (20.4%), avg_ack_time=0.000055 (0.9%)
[2016-05-20 19:49:10,011][storm][DEBUG]BasicBolt profile: total_num_tuples=3020, num_tuples=221, avg_read_time=0.003081 (63.5%), avg_process_time=0.001708 (35.2%), avg_ack_time=0.000062 (1.3%)
[2016-05-20 19:49:26,817][storm][DEBUG]BasicBolt profile: total_num_tuples=3100, num_tuples=80, avg_read_time=0.183774 (99.2%), avg_process_time=0.001400 (0.8%), avg_ack_time=0.000091 (0.0%)
[2016-05-20 19:49:29,132][storm][DEBUG]BasicBolt profile: total_num_tuples=3122, num_tuples=22, avg_read_time=0.013212 (92.4%), avg_process_time=0.001054 (7.4%), avg_ack_time=0.000025 (0.2%)
[2016-05-20 19:49:30,513][storm][DEBUG]BasicBolt profile: total_num_tuples=3124, num_tuples=2, avg_read_time=0.689571 (99.9%), avg_process_time=0.000974 (0.1%), avg_ack_time=0.000030 (0.0%)
[2016-05-20 19:49:31,640][storm][DEBUG]BasicBolt profile: total_num_tuples=3125, num_tuples=1, avg_read_time=0.127064 (99.2%), avg_process_time=0.000973 (0.8%), avg_ack_time=0.000023 (0.0%)
[2016-05-20 19:49:38,330][storm][DEBUG]BasicBolt profile: total_num_tuples=3189, num_tuples=64, avg_read_time=0.009931 (91.5%), avg_process_time=0.000888 (8.2%), avg_ack_time=0.000030 (0.3%)
[2016-05-20 19:58:18,203][storm][DEBUG]BasicBolt profile: total_num_tuples=3192, num_tuples=3, avg_read_time=0.129899 (49.6%), avg_process_time=0.132202 (50.4%), avg_ack_time=0.000030 (0.0%)
[2016-05-20 19:58:19,785][storm][DEBUG]BasicBolt profile: total_num_tuples=3195, num_tuples=3, avg_read_time=0.128979 (25.6%), avg_process_time=0.375626 (74.4%), avg_ack_time=0.000044 (0.0%)
[2016-05-20 19:59:38,120][storm][DEBUG]BasicBolt profile: total_num_tuples=3196, num_tuples=1, avg_read_time=0.596069 (85.5%), avg_process_time=0.100638 (14.4%), avg_ack_time=0.000094 (0.0%)
[2016-05-20 20:04:05,069][storm][DEBUG]BasicBolt profile: total_num_tuples=3200, num_tuples=4, avg_read_time=0.184447 (78.6%), avg_process_time=0.050266 (21.4%), avg_ack_time=0.000021 (0.0%)
[2016-05-20 20:04:23,589][storm][DEBUG]BasicBolt profile: total_num_tuples=3205, num_tuples=5, avg_read_time=0.046075 (43.1%), avg_process_time=0.060727 (56.8%), avg_ack_time=0.000031 (0.0%)
[2016-05-20 20:04:25,317][storm][DEBUG]BasicBolt profile: total_num_tuples=3207, num_tuples=2, avg_read_time=0.464180 (74.4%), avg_process_time=0.159616 (25.6%), avg_ack_time=0.000025 (0.0%)
[2016-05-20 20:04:26,604][storm][DEBUG]BasicBolt profile: total_num_tuples=3210, num_tuples=3, avg_read_time=0.323985 (75.5%), avg_process_time=0.104821 (24.4%), avg_ack_time=0.000034 (0.0%)
[2016-05-20 20:04:27,659][storm][DEBUG]BasicBolt profile: total_num_tuples=3211, num_tuples=1, avg_read_time=0.535581 (50.8%), avg_process_time=0.519094 (49.2%), avg_ack_time=0.000167 (0.0%)
[2016-05-20 20:04:29,870][storm][DEBUG]BasicBolt profile: total_num_tuples=3213, num_tuples=2, avg_read_time=0.095861 (36.3%), avg_process_time=0.168109 (63.7%), avg_ack_time=0.000037 (0.0%)
[2016-05-20 20:04:31,259][storm][DEBUG]BasicBolt profile: total_num_tuples=3214, num_tuples=1, avg_read_time=0.045428 (11.2%), avg_process_time=0.359991 (88.8%), avg_ack_time=0.000061 (0.0%)
[2016-05-20 20:04:32,999][storm][DEBUG]BasicBolt profile: total_num_tuples=3216, num_tuples=2, avg_read_time=0.533420 (97.0%), avg_process_time=0.016522 (3.0%), avg_ack_time=0.000022 (0.0%)
[2016-05-20 20:04:37,270][storm][DEBUG]BasicBolt profile: total_num_tuples=3218, num_tuples=2, avg_read_time=0.125826 (86.4%), avg_process_time=0.019820 (13.6%), avg_ack_time=0.000023 (0.0%)
[2016-05-20 20:04:38,288][storm][DEBUG]BasicBolt profile: total_num_tuples=3222, num_tuples=4, avg_read_time=0.247082 (97.1%), avg_process_time=0.007421 (2.9%), avg_ack_time=0.000024 (0.0%)
[2016-05-20 20:04:39,440][storm][DEBUG]BasicBolt profile: total_num_tuples=3224, num_tuples=2, avg_read_time=0.550804 (95.7%), avg_process_time=0.024789 (4.3%), avg_ack_time=0.000028 (0.0%)
[2016-05-20 20:04:41,842][storm][DEBUG]BasicBolt profile: total_num_tuples=3227, num_tuples=3, avg_read_time=0.456007 (97.5%), avg_process_time=0.011900 (2.5%), avg_ack_time=0.000019 (0.0%)
[2016-05-20 20:04:42,861][storm][DEBUG]BasicBolt profile: total_num_tuples=3228, num_tuples=1, avg_read_time=0.892104 (87.6%), avg_process_time=0.126397 (12.4%), avg_ack_time=0.000020 (0.0%)
[2016-05-20 20:04:44,177][storm][DEBUG]BasicBolt profile: total_num_tuples=3230, num_tuples=2, avg_read_time=0.656761 (99.9%), avg_process_time=0.000862 (0.1%), avg_ack_time=0.000022 (0.0%)
[2016-05-20 20:04:49,725][storm][DEBUG]BasicBolt profile: total_num_tuples=3233, num_tuples=3, avg_read_time=0.181724 (99.3%), avg_process_time=0.001288 (0.7%), avg_ack_time=0.000021 (0.0%)
[2016-05-20 20:04:50,813][storm][DEBUG]BasicBolt profile: total_num_tuples=3236, num_tuples=3, avg_read_time=0.287345 (79.2%), avg_process_time=0.075401 (20.8%), avg_ack_time=0.000021 (0.0%)
[2016-05-20 20:04:52,077][storm][DEBUG]BasicBolt profile: total_num_tuples=3241, num_tuples=5, avg_read_time=0.251511 (99.5%), avg_process_time=0.001214 (0.5%), avg_ack_time=0.000020 (0.0%)
[2016-05-20 20:04:53,664][storm][DEBUG]BasicBolt profile: total_num_tuples=3244, num_tuples=3, avg_read_time=0.514319 (97.2%), avg_process_time=0.014595 (2.8%), avg_ack_time=0.000030 (0.0%)
[2016-05-20 20:04:55,002][storm][DEBUG]BasicBolt profile: total_num_tuples=3247, num_tuples=3, avg_read_time=0.444598 (99.7%), avg_process_time=0.001120 (0.3%), avg_ack_time=0.000019 (0.0%)
[2016-05-20 20:04:56,138][storm][DEBUG]BasicBolt profile: total_num_tuples=3250, num_tuples=3, avg_read_time=0.258606 (68.3%), avg_process_time=0.119999 (31.7%), avg_ack_time=0.000018 (0.0%)
[2016-05-20 20:04:57,459][storm][DEBUG]BasicBolt profile: total_num_tuples=3252, num_tuples=2, avg_read_time=0.658850 (99.8%), avg_process_time=0.001580 (0.2%), avg_ack_time=0.000019 (0.0%)
[2016-05-20 20:04:58,545][storm][DEBUG]BasicBolt profile: total_num_tuples=3255, num_tuples=3, avg_read_time=0.360175 (99.5%), avg_process_time=0.001614 (0.4%), avg_ack_time=0.000022 (0.0%)
[2016-05-20 20:04:59,819][storm][DEBUG]BasicBolt profile: total_num_tuples=3256, num_tuples=1, avg_read_time=0.274028 (99.4%), avg_process_time=0.001631 (0.6%), avg_ack_time=0.000030 (0.0%)
[2016-05-20 20:05:03,264][storm][DEBUG]BasicBolt profile: total_num_tuples=3259, num_tuples=3, avg_read_time=0.468493 (97.2%), avg_process_time=0.013306 (2.8%), avg_ack_time=0.000021 (0.0%)
[2016-05-20 20:05:04,822][storm][DEBUG]BasicBolt profile: total_num_tuples=3260, num_tuples=1, avg_read_time=0.430796 (77.0%), avg_process_time=0.128990 (23.0%), avg_ack_time=0.000022 (0.0%)
[2016-05-20 20:05:06,016][storm][DEBUG]BasicBolt profile: total_num_tuples=3263, num_tuples=3, avg_read_time=0.394968 (99.2%), avg_process_time=0.002969 (0.7%), avg_ack_time=0.000024 (0.0%)
[2016-05-20 20:05:07,019][storm][DEBUG]BasicBolt profile: total_num_tuples=3265, num_tuples=2, avg_read_time=0.500834 (99.8%), avg_process_time=0.000804 (0.2%), avg_ack_time=0.000016 (0.0%)
[2016-05-20 20:06:40,420][storm][DEBUG]BasicBolt profile: total_num_tuples=3267, num_tuples=2, avg_read_time=0.191236 (98.9%), avg_process_time=0.002070 (1.1%), avg_ack_time=0.000025 (0.0%)
[2016-05-20 20:07:01,477][storm][DEBUG]BasicBolt profile: total_num_tuples=3279, num_tuples=12, avg_read_time=0.003223 (70.6%), avg_process_time=0.001299 (28.5%), avg_ack_time=0.000039 (0.9%)
[2016-05-20 20:07:02,517][storm][DEBUG]BasicBolt profile: total_num_tuples=3297, num_tuples=18, avg_read_time=0.053730 (93.0%), avg_process_time=0.004026 (7.0%), avg_ack_time=0.000020 (0.0%)
[2016-05-20 20:08:25,086][storm][DEBUG]BasicBolt profile: total_num_tuples=3299, num_tuples=2, avg_read_time=0.276239 (99.8%), avg_process_time=0.000646 (0.2%), avg_ack_time=0.000020 (0.0%)
[2016-05-20 20:08:36,058][storm][DEBUG]BasicBolt profile: total_num_tuples=3316, num_tuples=17, avg_read_time=0.055658 (97.0%), avg_process_time=0.001682 (2.9%), avg_ack_time=0.000032 (0.1%)
[2016-05-20 20:09:36,546][storm][DEBUG]BasicBolt profile: total_num_tuples=3327, num_tuples=11, avg_read_time=0.130918 (97.4%), avg_process_time=0.003457 (2.6%), avg_ack_time=0.000057 (0.0%)
[2016-05-20 20:09:48,291][storm][DEBUG]BasicBolt profile: total_num_tuples=3334, num_tuples=7, avg_read_time=0.105500 (99.0%), avg_process_time=0.000974 (0.9%), avg_ack_time=0.000065 (0.1%)
