Beginning task setup

/usr/bin/flock
Using existing venv: /tmp/petrel-good-5-1462980106/venv
Task setup took 1 seconds
Launching: python -m petrel.run kafkaconsumer /home/pipe/twitterintel/twitterintel/topology/TopologyTweetTransformationGOOD/petrel9135_kafkaconsumer.log
/usr/local/lib/python2.7/dist-packages/petrel-0.9.4.0.3-py2.7.egg/petrel/run.py invoked with the following arguments: ['kafkaconsumer', '/home/pipe/twitterintel/twitterintel/topology/TopologyTweetTransformationGOOD/petrel9135_kafkaconsumer.log']
python version: 2.7.11
user=root
PATH=/tmp/petrel-good-5-1462980106/venv/bin:/root/SimpleScalar/simplesim-3.0:/root/SimpleScalar/bin:/root/SimpleScalar/gcc-2.6.3:/root/SimpleScalar/bin:/usr/local/sbin:/usr/local/bin:/usr/sbin:/usr/bin:/sbin:/bin:/usr/games:/usr/local/games:/home/pipe/Downloads/zookeeper-3.4.8/bin:/home/pipe/Downloads/apache-storm-0.9.4/bin
LD_LIBRARY_PATH=storm-local/supervisor/stormdist/good-5-1462980106/resources/Linux-amd64:storm-local/supervisor/stormdist/good-5-1462980106/resources:/usr/local/lib:/opt/local/lib:/usr/lib
PYTHON_EGG_CACHE=/tmp/petrel-good-5-1462980106/egg_cache
[2016-05-11 16:39:54,633][storm][INFO]Tuple profiling enabled. Will log tuple processing times.
[2016-05-11 16:39:54,862][storm][INFO]Task received setupInfo from Storm: {u'pidDir': u'/home/pipe/storm-local/workers/f94ad06a-9fa7-496f-99df-dcda6f02880f/pids', u'conf': {u'oauth.acess_token': u' 702208758362087425-HZiyl1x7Bh98cQa1WLBDYylyu10Bpl7', u'topology.tuple.serializer': u'backtype.storm.serialization.types.ListDelegateSerializer', u'topology.workers': 1, u'drpc.worker.threads': 64, u'storm.messaging.netty.client_worker_threads': 1, u'supervisor.heartbeat.frequency.secs': 5, u'topology.executor.send.buffer.size': 1024, u'drpc.childopts': u'-Xmx768m', u'nimbus.thrift.port': 6627, u'storm.zookeeper.retry.intervalceiling.millis': 30000, u'storm.local.dir': u'storm-local', u'topology.receiver.buffer.size': 8, u'storm.zookeeper.servers': [u'localhost'], u'oauth.consumer_secret': u'ADf76fi3O1lKMzBxWnjqf93l3GHv28uar3bkblkvyBrAyoA23i', u'transactional.zookeeper.root': u'/transactional', u'drpc.request.timeout.secs': 600, u'topology.skip.missing.kryo.registrations': False, u'worker.heartbeat.frequency.secs': 1, u'zmq.hwm': 0, u'storm.zookeeper.connection.timeout': 15000, u'java.library.path': u'/usr/local/lib:/opt/local/lib:/usr/lib', u'topology.max.error.report.per.interval': 5, u'storm.messaging.netty.server_worker_threads': 1, u'storm.id': u'good-5-1462980106', u'supervisor.worker.start.timeout.secs': 120, u'zmq.threads': 1, u'topology.acker.executors': None, u'storm.messaging.netty.flush.check.interval.ms': 10, u'storm.messaging.netty.transfer.batch.size': 262144, u'topology.max.task.parallelism': None, u'topology.environment': None, u'storm.zookeeper.port': 2181, u'nimbus.childopts': u'-Xmx1024m', u'topology.classpath': None, u'worker.childopts': u'-Xmx768m', u'drpc.queue.size': 128, u'topology.multilang.serializer': u'backtype.storm.multilang.JsonSerializer', u'storm.zookeeper.retry.times': 5, u'nimbus.monitor.freq.secs': 10, u'storm.cluster.mode': u'distributed', u'dev.zookeeper.path': u'/tmp/dev-storm-zookeeper', u'drpc.invocations.port': 3773, u'topology.tasks': None, u'storm.zookeeper.root': u'/storm', u'logviewer.childopts': u'-Xmx128m', u'storm.meta.serialization.delegate': u'backtype.storm.serialization.DefaultSerializationDelegate', u'transactional.zookeeper.port': None, u'topology.worker.receiver.thread.count': 1, u'topology.worker.childopts': None, u'topology.max.spout.pending': None, u'topology.kryo.register': None, u'petrel.host': u'pipe-X550CC', u'nimbus.cleanup.inbox.freq.secs': 600, u'storm.messaging.netty.min_wait_ms': 100, u'nimbus.task.timeout.secs': 30, u'nimbus.thrift.max_buffer_size': 1048576, u'topology.sleep.spout.wait.strategy.time.ms': 1, u'nimbus.reassign': True, u'storm.messaging.transport': u'backtype.storm.messaging.netty.Context', u'logviewer.appender.name': u'A1', u'nimbus.host': u'localhost', u'ui.port': 8080, u'supervisor.slots.ports': [6700, 6701, 6702, 6703], u'nimbus.file.copy.expiration.secs': 600, u'supervisor.monitor.frequency.secs': 3, u'ui.childopts': u'-Xmx768m', u'transactional.zookeeper.servers': None, u'zmq.linger.millis': 5000, u'topology.error.throttle.interval.secs': 10, u'topology.worker.shared.thread.pool.size': 4, u'topology.executor.receive.buffer.size': 1024, u'topology.spout.wait.strategy': u'backtype.storm.spout.SleepSpoutWaitStrategy', u'task.heartbeat.frequency.secs': 3, u'topology.transfer.buffer.size': 1024, u'storm.zookeeper.session.timeout': 20000, u'storm.local.mode.zmq': False, u'topology.stats.sample.rate': 0.05, u'topology.fall.back.on.java.serialization': True, u'supervisor.childopts': u'-Xmx256m', u'topology.enable.message.timeouts': True, u'storm.messaging.netty.max_wait_ms': 1000, u'nimbus.topology.validator': u'backtype.storm.nimbus.DefaultTopologyValidator', u'nimbus.supervisor.timeout.secs': 60, u'topology.disruptor.wait.strategy': u'com.lmax.disruptor.BlockingWaitStrategy', u'storm.messaging.netty.buffer_size': 5242880, u'drpc.port': 3772, u'topology.kryo.factory': u'backtype.storm.serialization.DefaultKryoFactory', u'storm.zookeeper.retry.interval': 1000, u'storm.messaging.netty.max_retries': 300, u'topology.tick.tuple.freq.secs': 30, u'supervisor.enable': True, u'nimbus.task.launch.secs': 120, u'task.refresh.poll.secs': 10, u'topology.message.timeout.secs': 30, u'oauth.acess_token_secret': u'IiNOTfgE3tEZvW2HDQhRKPMoOLU43NXJCXk8maj51SdAT', u'petrel.user': u'root', u'nimbus.inbox.jar.expiration.secs': 3600, u'topology.state.synchronization.timeout.secs': 60, u'topology.name': u'good', u'supervisor.worker.timeout.secs': 30, u'topology.trident.batch.emit.interval.millis': 500, u'topology.builtin.metrics.bucket.size.secs': 60, u'storm.thrift.transport': u'backtype.storm.security.auth.SimpleTransportPlugin', u'logviewer.port': 8000, u'oauth.consumer_key': u'eaFmBSxUveRJfmyZYeabti9Q9', u'topology.kryo.decorators': [], u'topology.debug': False}, u'context': {u'task->component': {u'1': u'CountThreeWords', u'3': u'CountWord', u'2': u'CountTwoWords', u'5': u'ThreeWordDivider', u'4': u'KafkaConsumer', u'7': u'WordDivider', u'6': u'TwoWordDivider', u'8': u'__acker'}, u'taskid': 4}}
[2016-05-11 16:39:54,895][storm][INFO]Task sent pid to Storm
[2016-05-11 16:39:55,128][kafka.client][INFO]Broker version identifed as 0.9
[2016-05-11 16:39:55,130][kafka.consumer.subscription_state][INFO]Updating subscribed topics to: ['goodtopic']
[2016-05-11 16:39:55,313][kafka.cluster][INFO]Group coordinator for kafka-python-default-group is BrokerMetadata(nodeId=0, host=u'pipe-X550CC', port=9092)
[2016-05-11 16:39:58,269][kafka.coordinator][INFO]Joined group 'kafka-python-default-group' (generation 9) with member_id kafka-python-1.0.2-b02c2e40-fe5f-4204-83fa-33d685dd03c8
[2016-05-11 16:39:58,495][kafka.consumer.subscription_state][INFO]Updated partition assignment: [TopicPartition(topic=u'goodtopic', partition=0)]
[2016-05-11 16:40:01,550][kafka.coordinator][INFO]Heartbeat successful
[2016-05-11 16:40:04,571][kafka.coordinator][INFO]Heartbeat successful
[2016-05-11 16:40:07,589][kafka.coordinator][INFO]Heartbeat successful
[2016-05-11 16:40:10,645][kafka.coordinator][INFO]Heartbeat successful
[2016-05-11 16:40:13,717][kafka.coordinator][INFO]Heartbeat successful
[2016-05-11 16:40:16,739][kafka.coordinator][INFO]Heartbeat successful
[2016-05-11 16:40:19,796][kafka.coordinator][INFO]Heartbeat successful
[2016-05-11 16:40:22,846][kafka.coordinator][INFO]Heartbeat successful
[2016-05-11 16:40:25,893][kafka.coordinator][INFO]Heartbeat successful
[2016-05-11 16:40:28,910][kafka.coordinator][INFO]Heartbeat successful
[2016-05-11 16:40:31,931][kafka.coordinator][INFO]Heartbeat successful
[2016-05-11 16:40:34,985][kafka.coordinator][INFO]Heartbeat successful
[2016-05-11 16:40:38,005][kafka.coordinator][INFO]Heartbeat successful
[2016-05-11 16:40:40,518][kafka.coordinator][INFO]Heartbeat successful
[2016-05-11 16:40:43,570][kafka.coordinator][INFO]Heartbeat successful
[2016-05-11 16:40:46,651][kafka.coordinator][INFO]Heartbeat successful
[2016-05-11 16:40:49,758][kafka.coordinator][INFO]Heartbeat successful
[2016-05-11 16:40:52,770][kafka.coordinator][INFO]Heartbeat successful
[2016-05-11 16:40:55,828][kafka.coordinator][INFO]Heartbeat successful
[2016-05-11 16:40:58,845][kafka.coordinator][INFO]Heartbeat successful
[2016-05-11 16:41:01,932][kafka.coordinator][INFO]Heartbeat successful
[2016-05-11 16:41:04,998][kafka.coordinator][INFO]Heartbeat successful
[2016-05-11 16:41:07,540][kafka.coordinator][INFO]Heartbeat successful
[2016-05-11 16:41:10,639][kafka.coordinator][INFO]Heartbeat successful
[2016-05-11 16:41:13,747][kafka.coordinator][INFO]Heartbeat successful
[2016-05-11 16:41:16,774][kafka.coordinator][INFO]Heartbeat successful
[2016-05-11 16:41:19,791][kafka.coordinator][INFO]Heartbeat successful
[2016-05-11 16:41:22,850][kafka.coordinator][INFO]Heartbeat successful
[2016-05-11 16:41:25,871][kafka.coordinator][INFO]Heartbeat successful
[2016-05-11 16:41:28,889][kafka.coordinator][INFO]Heartbeat successful
[2016-05-11 16:41:31,949][kafka.coordinator][INFO]Heartbeat successful
[2016-05-11 16:41:34,966][kafka.coordinator][INFO]Heartbeat successful
[2016-05-11 16:41:37,989][kafka.coordinator][INFO]Heartbeat successful
[2016-05-11 16:41:40,538][kafka.coordinator][INFO]Heartbeat successful
[2016-05-11 16:41:43,593][kafka.coordinator][INFO]Heartbeat successful
[2016-05-11 16:41:46,604][kafka.coordinator][INFO]Heartbeat successful
[2016-05-11 16:41:49,619][kafka.coordinator][INFO]Heartbeat successful
[2016-05-11 16:41:52,676][kafka.coordinator][INFO]Heartbeat successful
[2016-05-11 16:41:55,696][kafka.coordinator][INFO]Heartbeat successful
[2016-05-11 16:41:58,730][kafka.coordinator][INFO]Heartbeat successful
[2016-05-11 16:42:01,754][kafka.coordinator][INFO]Heartbeat successful
[2016-05-11 16:42:04,772][kafka.coordinator][INFO]Heartbeat successful
[2016-05-11 16:42:07,831][kafka.coordinator][INFO]Heartbeat successful
[2016-05-11 16:42:10,845][kafka.coordinator][INFO]Heartbeat successful
[2016-05-11 16:42:13,864][kafka.coordinator][INFO]Heartbeat successful
[2016-05-11 16:42:16,926][kafka.coordinator][INFO]Heartbeat successful
[2016-05-11 16:42:19,943][kafka.coordinator][INFO]Heartbeat successful
[2016-05-11 16:42:22,961][kafka.coordinator][INFO]Heartbeat successful
[2016-05-11 16:42:26,019][kafka.coordinator][INFO]Heartbeat successful
[2016-05-11 16:42:28,537][kafka.coordinator][INFO]Heartbeat successful
[2016-05-11 16:42:31,589][kafka.coordinator][INFO]Heartbeat successful
[2016-05-11 16:42:34,603][kafka.coordinator][INFO]Heartbeat successful
[2016-05-11 16:42:37,656][kafka.coordinator][INFO]Heartbeat successful
[2016-05-11 16:42:40,669][kafka.coordinator][INFO]Heartbeat successful
[2016-05-11 16:42:43,684][kafka.coordinator][INFO]Heartbeat successful
[2016-05-11 16:42:46,736][kafka.coordinator][INFO]Heartbeat successful
[2016-05-11 16:42:49,749][kafka.coordinator][INFO]Heartbeat successful
[2016-05-11 16:42:52,771][kafka.coordinator][INFO]Heartbeat successful
[2016-05-11 16:42:55,789][kafka.coordinator][WARNING]Heartbeat: group is rebalancing; this consumer needs to re-join
[2016-05-11 16:42:55,790][kafka.coordinator][WARNING]Heartbeat failed; retrying
[2016-05-11 16:42:55,793][kafka.coordinator.consumer][WARNING]Skipping auto-commit reschedule -- it is disabled
[2016-05-11 16:42:55,838][kafka.coordinator][INFO]Joined group 'kafka-python-default-group' (generation 10) with member_id kafka-python-1.0.2-b02c2e40-fe5f-4204-83fa-33d685dd03c8
[2016-05-11 16:42:55,838][kafka.coordinator][INFO]Elected group leader -- performing partition assignments using range
[2016-05-11 16:42:55,839][kafka.coordinator.assignors.range][WARNING]No partition metadata for topic instanttopic
[2016-05-11 16:42:55,940][kafka.coordinator][INFO]Skipping heartbeat: no auto-assignment or waiting on rebalance
[2016-05-11 16:42:56,020][kafka.coordinator][INFO]Joined group 'kafka-python-default-group' (generation 10) with member_id kafka-python-1.0.2-b02c2e40-fe5f-4204-83fa-33d685dd03c8
[2016-05-11 16:42:56,021][kafka.coordinator][INFO]Elected group leader -- performing partition assignments using range
[2016-05-11 16:42:56,061][kafka.consumer.subscription_state][INFO]Updated partition assignment: [TopicPartition(topic=u'goodtopic', partition=0)]
[2016-05-11 16:42:59,159][kafka.coordinator][INFO]Heartbeat successful
[2016-05-11 16:43:02,179][kafka.coordinator][INFO]Heartbeat successful
[2016-05-11 16:43:05,197][kafka.coordinator][INFO]Heartbeat successful
[2016-05-11 16:43:08,251][kafka.coordinator][INFO]Heartbeat successful
[2016-05-11 16:43:11,267][kafka.coordinator][INFO]Heartbeat successful
[2016-05-11 16:43:14,285][kafka.coordinator][INFO]Heartbeat successful
[2016-05-11 16:43:17,344][kafka.coordinator][INFO]Heartbeat successful
[2016-05-11 16:43:20,364][kafka.coordinator][INFO]Heartbeat successful
[2016-05-11 16:43:23,384][kafka.coordinator][INFO]Heartbeat successful
[2016-05-11 16:43:26,404][kafka.coordinator][INFO]Heartbeat successful
[2016-05-11 16:43:29,460][kafka.coordinator][INFO]Heartbeat successful
[2016-05-11 16:43:32,481][kafka.coordinator][INFO]Heartbeat successful
[2016-05-11 16:43:35,497][kafka.coordinator][INFO]Heartbeat successful
[2016-05-11 16:43:38,554][kafka.coordinator][INFO]Heartbeat successful
[2016-05-11 16:43:41,569][kafka.coordinator][INFO]Heartbeat successful
[2016-05-11 16:43:44,086][kafka.coordinator][INFO]Heartbeat successful
[2016-05-11 16:43:47,134][kafka.coordinator][INFO]Heartbeat successful
[2016-05-11 16:43:50,147][kafka.coordinator][INFO]Heartbeat successful
[2016-05-11 16:43:53,205][kafka.coordinator][INFO]Heartbeat successful
[2016-05-11 16:43:56,222][kafka.coordinator][INFO]Heartbeat successful
[2016-05-11 16:43:59,242][kafka.coordinator][INFO]Heartbeat successful
[2016-05-11 16:44:02,298][kafka.coordinator][INFO]Heartbeat successful
[2016-05-11 16:44:05,314][kafka.coordinator][INFO]Heartbeat successful
[2016-05-11 16:44:08,334][kafka.coordinator][INFO]Heartbeat successful
[2016-05-11 16:44:11,350][kafka.coordinator][INFO]Heartbeat successful
[2016-05-11 16:44:14,402][kafka.coordinator][INFO]Heartbeat successful
[2016-05-11 16:44:17,418][kafka.coordinator][INFO]Heartbeat successful
[2016-05-11 16:44:20,435][kafka.coordinator][INFO]Heartbeat successful
[2016-05-11 16:44:23,489][kafka.coordinator][INFO]Heartbeat successful
[2016-05-11 16:44:26,508][kafka.coordinator][INFO]Heartbeat successful
[2016-05-11 16:44:29,523][kafka.coordinator][INFO]Heartbeat successful
[2016-05-11 16:44:32,583][kafka.coordinator][INFO]Heartbeat successful
[2016-05-11 16:44:35,094][kafka.coordinator][INFO]Heartbeat successful
[2016-05-11 16:44:38,150][kafka.coordinator][INFO]Heartbeat successful
[2016-05-11 16:44:41,167][kafka.coordinator][INFO]Heartbeat successful
[2016-05-11 16:44:44,223][kafka.coordinator][INFO]Heartbeat successful
[2016-05-11 16:44:47,241][kafka.coordinator][INFO]Heartbeat successful
[2016-05-11 16:44:50,259][kafka.coordinator][INFO]Heartbeat successful
[2016-05-11 16:44:53,315][kafka.coordinator][INFO]Heartbeat successful
[2016-05-11 16:44:56,334][kafka.coordinator][INFO]Heartbeat successful
[2016-05-11 16:44:59,353][kafka.coordinator][INFO]Heartbeat successful
[2016-05-11 16:45:02,370][kafka.coordinator][INFO]Heartbeat successful
[2016-05-11 16:45:05,424][kafka.coordinator][INFO]Heartbeat successful
[2016-05-11 16:45:08,444][kafka.coordinator][INFO]Heartbeat successful
[2016-05-11 16:45:11,462][kafka.coordinator][INFO]Heartbeat successful
[2016-05-11 16:45:14,521][kafka.coordinator][INFO]Heartbeat successful
[2016-05-11 16:45:17,537][kafka.coordinator][INFO]Heartbeat successful
