Beginning task setup

/usr/bin/flock
Using existing venv: /tmp/petrel-good-5-1462980106/venv
Task setup took 0 seconds
Launching: python -m petrel.run kafkaconsumer /home/pipe/twitterintel/twitterintel/topology/TopologyTweetTransformationGOOD/petrel23338_kafkaconsumer.log
/usr/local/lib/python2.7/dist-packages/petrel-0.9.4.0.3-py2.7.egg/petrel/run.py invoked with the following arguments: ['kafkaconsumer', '/home/pipe/twitterintel/twitterintel/topology/TopologyTweetTransformationGOOD/petrel23338_kafkaconsumer.log']
python version: 2.7.11
user=root
PATH=/tmp/petrel-good-5-1462980106/venv/bin:/root/SimpleScalar/simplesim-3.0:/root/SimpleScalar/bin:/root/SimpleScalar/gcc-2.6.3:/root/SimpleScalar/bin:/usr/local/sbin:/usr/local/bin:/usr/sbin:/usr/bin:/sbin:/bin:/usr/games:/usr/local/games:/home/pipe/Downloads/zookeeper-3.4.8/bin:/home/pipe/Downloads/apache-storm-0.9.4/bin
LD_LIBRARY_PATH=storm-local/supervisor/stormdist/good-5-1462980106/resources/Linux-amd64:storm-local/supervisor/stormdist/good-5-1462980106/resources:/usr/local/lib:/opt/local/lib:/usr/lib
PYTHON_EGG_CACHE=/tmp/petrel-good-5-1462980106/egg_cache
[2016-05-11 17:45:02,333][storm][INFO]Tuple profiling enabled. Will log tuple processing times.
[2016-05-11 17:45:09,560][storm][INFO]Task received setupInfo from Storm: {u'pidDir': u'/home/pipe/storm-local/workers/eb42e765-5888-4bc4-8816-f2123aab8580/pids', u'conf': {u'oauth.acess_token': u' 702208758362087425-HZiyl1x7Bh98cQa1WLBDYylyu10Bpl7', u'topology.tuple.serializer': u'backtype.storm.serialization.types.ListDelegateSerializer', u'topology.workers': 1, u'drpc.worker.threads': 64, u'storm.messaging.netty.client_worker_threads': 1, u'supervisor.heartbeat.frequency.secs': 5, u'topology.executor.send.buffer.size': 1024, u'drpc.childopts': u'-Xmx768m', u'nimbus.thrift.port': 6627, u'storm.zookeeper.retry.intervalceiling.millis': 30000, u'storm.local.dir': u'storm-local', u'topology.receiver.buffer.size': 8, u'storm.zookeeper.servers': [u'localhost'], u'oauth.consumer_secret': u'ADf76fi3O1lKMzBxWnjqf93l3GHv28uar3bkblkvyBrAyoA23i', u'transactional.zookeeper.root': u'/transactional', u'drpc.request.timeout.secs': 600, u'topology.skip.missing.kryo.registrations': False, u'worker.heartbeat.frequency.secs': 1, u'zmq.hwm': 0, u'storm.zookeeper.connection.timeout': 15000, u'java.library.path': u'/usr/local/lib:/opt/local/lib:/usr/lib', u'topology.max.error.report.per.interval': 5, u'storm.messaging.netty.server_worker_threads': 1, u'storm.id': u'good-5-1462980106', u'supervisor.worker.start.timeout.secs': 120, u'zmq.threads': 1, u'topology.acker.executors': None, u'storm.messaging.netty.flush.check.interval.ms': 10, u'storm.messaging.netty.transfer.batch.size': 262144, u'topology.max.task.parallelism': None, u'topology.environment': None, u'storm.zookeeper.port': 2181, u'nimbus.childopts': u'-Xmx1024m', u'topology.classpath': None, u'worker.childopts': u'-Xmx768m', u'drpc.queue.size': 128, u'topology.multilang.serializer': u'backtype.storm.multilang.JsonSerializer', u'storm.zookeeper.retry.times': 5, u'nimbus.monitor.freq.secs': 10, u'storm.cluster.mode': u'distributed', u'dev.zookeeper.path': u'/tmp/dev-storm-zookeeper', u'drpc.invocations.port': 3773, u'topology.tasks': None, u'storm.zookeeper.root': u'/storm', u'logviewer.childopts': u'-Xmx128m', u'storm.meta.serialization.delegate': u'backtype.storm.serialization.DefaultSerializationDelegate', u'transactional.zookeeper.port': None, u'topology.worker.receiver.thread.count': 1, u'topology.worker.childopts': None, u'topology.max.spout.pending': None, u'topology.kryo.register': None, u'petrel.host': u'pipe-X550CC', u'nimbus.cleanup.inbox.freq.secs': 600, u'storm.messaging.netty.min_wait_ms': 100, u'nimbus.task.timeout.secs': 30, u'nimbus.thrift.max_buffer_size': 1048576, u'topology.sleep.spout.wait.strategy.time.ms': 1, u'nimbus.reassign': True, u'storm.messaging.transport': u'backtype.storm.messaging.netty.Context', u'logviewer.appender.name': u'A1', u'nimbus.host': u'localhost', u'ui.port': 8080, u'supervisor.slots.ports': [6700, 6701, 6702, 6703], u'nimbus.file.copy.expiration.secs': 600, u'supervisor.monitor.frequency.secs': 3, u'ui.childopts': u'-Xmx768m', u'transactional.zookeeper.servers': None, u'zmq.linger.millis': 5000, u'topology.error.throttle.interval.secs': 10, u'topology.worker.shared.thread.pool.size': 4, u'topology.executor.receive.buffer.size': 1024, u'topology.spout.wait.strategy': u'backtype.storm.spout.SleepSpoutWaitStrategy', u'task.heartbeat.frequency.secs': 3, u'topology.transfer.buffer.size': 1024, u'storm.zookeeper.session.timeout': 20000, u'storm.local.mode.zmq': False, u'topology.stats.sample.rate': 0.05, u'topology.fall.back.on.java.serialization': True, u'supervisor.childopts': u'-Xmx256m', u'topology.enable.message.timeouts': True, u'storm.messaging.netty.max_wait_ms': 1000, u'nimbus.topology.validator': u'backtype.storm.nimbus.DefaultTopologyValidator', u'nimbus.supervisor.timeout.secs': 60, u'topology.disruptor.wait.strategy': u'com.lmax.disruptor.BlockingWaitStrategy', u'storm.messaging.netty.buffer_size': 5242880, u'drpc.port': 3772, u'topology.kryo.factory': u'backtype.storm.serialization.DefaultKryoFactory', u'storm.zookeeper.retry.interval': 1000, u'storm.messaging.netty.max_retries': 300, u'topology.tick.tuple.freq.secs': 30, u'supervisor.enable': True, u'nimbus.task.launch.secs': 120, u'task.refresh.poll.secs': 10, u'topology.message.timeout.secs': 30, u'oauth.acess_token_secret': u'IiNOTfgE3tEZvW2HDQhRKPMoOLU43NXJCXk8maj51SdAT', u'petrel.user': u'root', u'nimbus.inbox.jar.expiration.secs': 3600, u'topology.state.synchronization.timeout.secs': 60, u'topology.name': u'good', u'supervisor.worker.timeout.secs': 30, u'topology.trident.batch.emit.interval.millis': 500, u'topology.builtin.metrics.bucket.size.secs': 60, u'storm.thrift.transport': u'backtype.storm.security.auth.SimpleTransportPlugin', u'logviewer.port': 8000, u'oauth.consumer_key': u'eaFmBSxUveRJfmyZYeabti9Q9', u'topology.kryo.decorators': [], u'topology.debug': False}, u'context': {u'task->component': {u'1': u'CountThreeWords', u'3': u'CountWord', u'2': u'CountTwoWords', u'5': u'ThreeWordDivider', u'4': u'KafkaConsumer', u'7': u'WordDivider', u'6': u'TwoWordDivider', u'8': u'__acker'}, u'taskid': 4}}
[2016-05-11 17:45:09,621][storm][INFO]Task sent pid to Storm
[2016-05-11 17:45:10,073][kafka.client][INFO]Broker version identifed as 0.9
[2016-05-11 17:45:10,075][kafka.consumer.subscription_state][INFO]Updating subscribed topics to: ['goodtopic']
[2016-05-11 17:45:10,181][kafka.cluster][INFO]Group coordinator for kafka-python-default-group is BrokerMetadata(nodeId=0, host=u'pipe-X550CC', port=9092)
[2016-05-11 17:45:13,420][kafka.coordinator][INFO]Joined group 'kafka-python-default-group' (generation 41) with member_id kafka-python-1.0.2-bfb3e784-73e8-4269-b86c-a053deff620e
[2016-05-11 17:45:13,641][kafka.consumer.subscription_state][INFO]Updated partition assignment: [TopicPartition(topic=u'goodtopic', partition=0)]
[2016-05-11 17:45:16,701][kafka.coordinator][INFO]Heartbeat successful
[2016-05-11 17:45:19,725][kafka.coordinator][INFO]Heartbeat successful
[2016-05-11 17:45:22,746][kafka.coordinator][INFO]Heartbeat successful
[2016-05-11 17:45:25,810][kafka.coordinator][INFO]Heartbeat successful
[2016-05-11 17:45:28,827][kafka.coordinator][INFO]Heartbeat successful
[2016-05-11 17:45:31,852][kafka.coordinator][INFO]Heartbeat successful
[2016-05-11 17:45:34,916][kafka.coordinator][INFO]Heartbeat successful
[2016-05-11 17:45:37,936][kafka.coordinator][INFO]Heartbeat successful
[2016-05-11 17:45:40,957][kafka.coordinator][INFO]Heartbeat successful
[2016-05-11 17:45:43,978][kafka.coordinator][INFO]Heartbeat successful
[2016-05-11 17:45:47,034][kafka.coordinator][INFO]Heartbeat successful
[2016-05-11 17:45:50,057][kafka.coordinator][INFO]Heartbeat successful
[2016-05-11 17:45:53,073][kafka.coordinator][INFO]Heartbeat successful
[2016-05-11 17:45:56,131][kafka.coordinator][INFO]Heartbeat successful
[2016-05-11 17:45:59,149][kafka.coordinator][INFO]Heartbeat successful
[2016-05-11 17:46:01,664][kafka.coordinator][INFO]Heartbeat successful
[2016-05-11 17:46:04,720][kafka.coordinator][INFO]Heartbeat successful
[2016-05-11 17:46:07,740][kafka.coordinator][INFO]Heartbeat successful
[2016-05-11 17:46:10,796][kafka.coordinator][INFO]Heartbeat successful
[2016-05-11 17:46:13,810][kafka.coordinator][INFO]Heartbeat successful
[2016-05-11 17:46:16,832][kafka.coordinator][INFO]Heartbeat successful
[2016-05-11 17:46:19,891][kafka.coordinator][INFO]Heartbeat successful
[2016-05-11 17:46:22,911][kafka.coordinator][INFO]Heartbeat successful
[2016-05-11 17:46:25,935][kafka.coordinator][INFO]Heartbeat successful
[2016-05-11 17:46:28,953][kafka.coordinator][INFO]Heartbeat successful
[2016-05-11 17:46:32,017][kafka.coordinator][INFO]Heartbeat successful
[2016-05-11 17:46:35,035][kafka.coordinator][INFO]Heartbeat successful
[2016-05-11 17:46:38,052][kafka.coordinator][INFO]Heartbeat successful
[2016-05-11 17:46:41,110][kafka.coordinator][INFO]Heartbeat successful
[2016-05-11 17:46:44,132][kafka.coordinator][INFO]Heartbeat successful
[2016-05-11 17:46:47,151][kafka.coordinator][INFO]Heartbeat successful
[2016-05-11 17:46:49,671][kafka.coordinator][INFO]Heartbeat successful
[2016-05-11 17:46:52,730][kafka.coordinator][INFO]Heartbeat successful
[2016-05-11 17:46:55,745][kafka.coordinator][INFO]Heartbeat successful
[2016-05-11 17:46:58,764][kafka.coordinator][INFO]Heartbeat successful
[2016-05-11 17:47:01,822][kafka.coordinator][INFO]Heartbeat successful
[2016-05-11 17:47:04,840][kafka.coordinator][INFO]Heartbeat successful
[2016-05-11 17:47:07,862][kafka.coordinator][INFO]Heartbeat successful
[2016-05-11 17:47:10,924][kafka.coordinator][INFO]Heartbeat successful
[2016-05-11 17:47:13,948][kafka.coordinator][INFO]Heartbeat successful
[2016-05-11 17:47:16,965][kafka.coordinator][INFO]Heartbeat successful
[2016-05-11 17:47:19,983][kafka.coordinator][INFO]Heartbeat successful
[2016-05-11 17:47:23,040][kafka.coordinator][INFO]Heartbeat successful
[2016-05-11 17:47:26,060][kafka.coordinator][INFO]Heartbeat successful
[2016-05-11 17:47:29,074][kafka.coordinator][INFO]Heartbeat successful
[2016-05-11 17:47:32,128][kafka.coordinator][INFO]Heartbeat successful
[2016-05-11 17:47:35,144][kafka.coordinator][INFO]Heartbeat successful
[2016-05-11 17:47:38,162][kafka.coordinator][INFO]Heartbeat successful
[2016-05-11 17:47:40,714][kafka.coordinator][INFO]Heartbeat successful
[2016-05-11 17:47:43,729][kafka.coordinator][INFO]Heartbeat successful
[2016-05-11 17:47:46,902][kafka.coordinator][INFO]Heartbeat successful
[2016-05-11 17:47:49,917][kafka.coordinator][INFO]Heartbeat successful
[2016-05-11 17:47:52,980][kafka.coordinator][WARNING]Heartbeat: group is rebalancing; this consumer needs to re-join
[2016-05-11 17:47:53,393][kafka.coordinator][WARNING]Heartbeat failed; retrying
[2016-05-11 17:47:53,493][kafka.coordinator][INFO]Skipping heartbeat: no auto-assignment or waiting on rebalance
[2016-05-11 17:47:53,901][kafka.coordinator][INFO]Joined group 'kafka-python-default-group' (generation 42) with member_id kafka-python-1.0.2-bfb3e784-73e8-4269-b86c-a053deff620e
[2016-05-11 17:47:54,083][kafka.consumer.subscription_state][INFO]Updated partition assignment: [TopicPartition(topic=u'goodtopic', partition=0)]
[2016-05-11 17:47:57,136][kafka.coordinator][INFO]Heartbeat successful
[2016-05-11 17:48:00,154][kafka.coordinator][INFO]Heartbeat successful
[2016-05-11 17:48:03,170][kafka.coordinator][INFO]Heartbeat successful
[2016-05-11 17:48:06,226][kafka.coordinator][INFO]Heartbeat successful
[2016-05-11 17:48:09,244][kafka.coordinator][INFO]Heartbeat successful
[2016-05-11 17:48:12,262][kafka.coordinator][INFO]Heartbeat successful
[2016-05-11 17:48:15,321][kafka.coordinator][INFO]Heartbeat successful
[2016-05-11 17:48:18,338][kafka.coordinator][INFO]Heartbeat successful
[2016-05-11 17:48:21,359][kafka.coordinator][INFO]Heartbeat successful
[2016-05-11 17:48:24,382][kafka.coordinator][INFO]Heartbeat successful
[2016-05-11 17:48:27,442][kafka.coordinator][INFO]Heartbeat successful
[2016-05-11 17:48:30,464][kafka.coordinator][INFO]Heartbeat successful
[2016-05-11 17:48:33,486][kafka.coordinator][INFO]Heartbeat successful
[2016-05-11 17:48:36,542][kafka.coordinator][INFO]Heartbeat successful
[2016-05-11 17:48:39,558][kafka.coordinator][INFO]Heartbeat successful
[2016-05-11 17:48:42,581][kafka.coordinator][INFO]Heartbeat successful
[2016-05-11 17:48:45,140][kafka.coordinator][INFO]Heartbeat successful
[2016-05-11 17:48:48,157][kafka.coordinator][INFO]Heartbeat successful
[2016-05-11 17:48:51,177][kafka.coordinator][INFO]Heartbeat successful
[2016-05-11 17:48:54,262][kafka.coordinator][INFO]Heartbeat successful
[2016-05-11 17:48:57,286][kafka.coordinator][INFO]Heartbeat successful
[2016-05-11 17:49:00,352][kafka.coordinator][INFO]Heartbeat successful
[2016-05-11 17:49:03,367][kafka.coordinator][INFO]Heartbeat successful
[2016-05-11 17:49:06,391][kafka.coordinator][INFO]Heartbeat successful
[2016-05-11 17:49:09,411][kafka.coordinator][INFO]Heartbeat successful
[2016-05-11 17:49:12,472][kafka.coordinator][INFO]Heartbeat successful
[2016-05-11 17:49:15,495][kafka.coordinator][INFO]Heartbeat successful
[2016-05-11 17:49:18,521][kafka.coordinator][INFO]Heartbeat successful
[2016-05-11 17:49:21,544][kafka.coordinator][INFO]Heartbeat successful
[2016-05-11 17:49:24,562][kafka.coordinator][INFO]Heartbeat successful
[2016-05-11 17:49:27,125][kafka.coordinator][INFO]Heartbeat successful
[2016-05-11 17:49:30,189][kafka.coordinator][INFO]Heartbeat successful
[2016-05-11 17:49:33,217][kafka.coordinator][INFO]Heartbeat successful
[2016-05-11 17:49:36,274][kafka.coordinator][INFO]Heartbeat successful
[2016-05-11 17:49:39,295][kafka.coordinator][INFO]Heartbeat successful
[2016-05-11 17:49:42,321][kafka.coordinator][INFO]Heartbeat successful
[2016-05-11 17:49:45,337][kafka.coordinator][INFO]Heartbeat successful
[2016-05-11 17:49:48,399][kafka.coordinator][INFO]Heartbeat successful
[2016-05-11 17:49:51,419][kafka.coordinator][INFO]Heartbeat successful
[2016-05-11 17:49:54,437][kafka.coordinator][INFO]Heartbeat successful
[2016-05-11 17:49:57,500][kafka.coordinator][INFO]Heartbeat successful
[2016-05-11 17:50:00,522][kafka.coordinator][INFO]Heartbeat successful
[2016-05-11 17:50:03,543][kafka.coordinator][INFO]Heartbeat successful
[2016-05-11 17:50:06,603][kafka.coordinator][INFO]Heartbeat successful
[2016-05-11 17:50:09,121][kafka.coordinator][INFO]Heartbeat successful
[2016-05-11 17:50:12,222][kafka.coordinator][INFO]Heartbeat successful
[2016-05-11 17:50:15,243][kafka.coordinator][INFO]Heartbeat successful
[2016-05-11 17:50:18,304][kafka.coordinator][INFO]Heartbeat successful
[2016-05-11 17:50:21,327][kafka.coordinator][INFO]Heartbeat successful
[2016-05-11 17:50:24,351][kafka.coordinator][INFO]Heartbeat successful
