Beginning task setup

/usr/bin/flock
Using existing venv: /tmp/petrel-good-5-1462980106/venv
Task setup took 3 seconds
Launching: python -m petrel.run kafkaconsumer /home/pipe/twitterintel/twitterintel/topology/TopologyTweetTransformationGOOD/petrel18115_kafkaconsumer.log
/usr/local/lib/python2.7/dist-packages/petrel-0.9.4.0.3-py2.7.egg/petrel/run.py invoked with the following arguments: ['kafkaconsumer', '/home/pipe/twitterintel/twitterintel/topology/TopologyTweetTransformationGOOD/petrel18115_kafkaconsumer.log']
python version: 2.7.11
user=root
PATH=/tmp/petrel-good-5-1462980106/venv/bin:/root/SimpleScalar/simplesim-3.0:/root/SimpleScalar/bin:/root/SimpleScalar/gcc-2.6.3:/root/SimpleScalar/bin:/usr/local/sbin:/usr/local/bin:/usr/sbin:/usr/bin:/sbin:/bin:/usr/games:/usr/local/games:/home/pipe/Downloads/zookeeper-3.4.8/bin:/home/pipe/Downloads/apache-storm-0.9.4/bin
LD_LIBRARY_PATH=storm-local/supervisor/stormdist/good-5-1462980106/resources/Linux-amd64:storm-local/supervisor/stormdist/good-5-1462980106/resources:/usr/local/lib:/opt/local/lib:/usr/lib
PYTHON_EGG_CACHE=/tmp/petrel-good-5-1462980106/egg_cache
[2016-05-12 17:07:22,723][storm][INFO]Tuple profiling enabled. Will log tuple processing times.
[2016-05-12 17:07:23,069][storm][INFO]Task received setupInfo from Storm: {u'pidDir': u'/home/pipe/storm-local/workers/76ca97c1-56d7-49a5-9703-365c15fcaed3/pids', u'conf': {u'oauth.acess_token': u' 702208758362087425-HZiyl1x7Bh98cQa1WLBDYylyu10Bpl7', u'topology.tuple.serializer': u'backtype.storm.serialization.types.ListDelegateSerializer', u'topology.workers': 1, u'drpc.worker.threads': 64, u'storm.messaging.netty.client_worker_threads': 1, u'supervisor.heartbeat.frequency.secs': 5, u'topology.executor.send.buffer.size': 1024, u'drpc.childopts': u'-Xmx768m', u'nimbus.thrift.port': 6627, u'storm.zookeeper.retry.intervalceiling.millis': 30000, u'storm.local.dir': u'storm-local', u'topology.receiver.buffer.size': 8, u'storm.zookeeper.servers': [u'localhost'], u'oauth.consumer_secret': u'ADf76fi3O1lKMzBxWnjqf93l3GHv28uar3bkblkvyBrAyoA23i', u'transactional.zookeeper.root': u'/transactional', u'drpc.request.timeout.secs': 600, u'topology.skip.missing.kryo.registrations': False, u'worker.heartbeat.frequency.secs': 1, u'zmq.hwm': 0, u'storm.zookeeper.connection.timeout': 15000, u'java.library.path': u'/usr/local/lib:/opt/local/lib:/usr/lib', u'topology.max.error.report.per.interval': 5, u'storm.messaging.netty.server_worker_threads': 1, u'storm.id': u'good-5-1462980106', u'supervisor.worker.start.timeout.secs': 120, u'zmq.threads': 1, u'topology.acker.executors': None, u'storm.messaging.netty.flush.check.interval.ms': 10, u'storm.messaging.netty.transfer.batch.size': 262144, u'topology.max.task.parallelism': None, u'topology.environment': None, u'storm.zookeeper.port': 2181, u'nimbus.childopts': u'-Xmx1024m', u'topology.classpath': None, u'worker.childopts': u'-Xmx768m', u'drpc.queue.size': 128, u'topology.multilang.serializer': u'backtype.storm.multilang.JsonSerializer', u'storm.zookeeper.retry.times': 5, u'nimbus.monitor.freq.secs': 10, u'storm.cluster.mode': u'distributed', u'dev.zookeeper.path': u'/tmp/dev-storm-zookeeper', u'drpc.invocations.port': 3773, u'topology.tasks': None, u'storm.zookeeper.root': u'/storm', u'logviewer.childopts': u'-Xmx128m', u'storm.meta.serialization.delegate': u'backtype.storm.serialization.DefaultSerializationDelegate', u'transactional.zookeeper.port': None, u'topology.worker.receiver.thread.count': 1, u'topology.worker.childopts': None, u'topology.max.spout.pending': None, u'topology.kryo.register': None, u'petrel.host': u'pipe-X550CC', u'nimbus.cleanup.inbox.freq.secs': 600, u'storm.messaging.netty.min_wait_ms': 100, u'nimbus.task.timeout.secs': 30, u'nimbus.thrift.max_buffer_size': 1048576, u'topology.sleep.spout.wait.strategy.time.ms': 1, u'nimbus.reassign': True, u'storm.messaging.transport': u'backtype.storm.messaging.netty.Context', u'logviewer.appender.name': u'A1', u'nimbus.host': u'localhost', u'ui.port': 8080, u'supervisor.slots.ports': [6700, 6701, 6702, 6703], u'nimbus.file.copy.expiration.secs': 600, u'supervisor.monitor.frequency.secs': 3, u'ui.childopts': u'-Xmx768m', u'transactional.zookeeper.servers': None, u'zmq.linger.millis': 5000, u'topology.error.throttle.interval.secs': 10, u'topology.worker.shared.thread.pool.size': 4, u'topology.executor.receive.buffer.size': 1024, u'topology.spout.wait.strategy': u'backtype.storm.spout.SleepSpoutWaitStrategy', u'task.heartbeat.frequency.secs': 3, u'topology.transfer.buffer.size': 1024, u'storm.zookeeper.session.timeout': 20000, u'storm.local.mode.zmq': False, u'topology.stats.sample.rate': 0.05, u'topology.fall.back.on.java.serialization': True, u'supervisor.childopts': u'-Xmx256m', u'topology.enable.message.timeouts': True, u'storm.messaging.netty.max_wait_ms': 1000, u'nimbus.topology.validator': u'backtype.storm.nimbus.DefaultTopologyValidator', u'nimbus.supervisor.timeout.secs': 60, u'topology.disruptor.wait.strategy': u'com.lmax.disruptor.BlockingWaitStrategy', u'storm.messaging.netty.buffer_size': 5242880, u'drpc.port': 3772, u'topology.kryo.factory': u'backtype.storm.serialization.DefaultKryoFactory', u'storm.zookeeper.retry.interval': 1000, u'storm.messaging.netty.max_retries': 300, u'topology.tick.tuple.freq.secs': 30, u'supervisor.enable': True, u'nimbus.task.launch.secs': 120, u'task.refresh.poll.secs': 10, u'topology.message.timeout.secs': 30, u'oauth.acess_token_secret': u'IiNOTfgE3tEZvW2HDQhRKPMoOLU43NXJCXk8maj51SdAT', u'petrel.user': u'root', u'nimbus.inbox.jar.expiration.secs': 3600, u'topology.state.synchronization.timeout.secs': 60, u'topology.name': u'good', u'supervisor.worker.timeout.secs': 30, u'topology.trident.batch.emit.interval.millis': 500, u'topology.builtin.metrics.bucket.size.secs': 60, u'storm.thrift.transport': u'backtype.storm.security.auth.SimpleTransportPlugin', u'logviewer.port': 8000, u'oauth.consumer_key': u'eaFmBSxUveRJfmyZYeabti9Q9', u'topology.kryo.decorators': [], u'topology.debug': False}, u'context': {u'task->component': {u'1': u'CountThreeWords', u'3': u'CountWord', u'2': u'CountTwoWords', u'5': u'ThreeWordDivider', u'4': u'KafkaConsumer', u'7': u'WordDivider', u'6': u'TwoWordDivider', u'8': u'__acker'}, u'taskid': 4}}
[2016-05-12 17:07:23,069][storm][INFO]Task sent pid to Storm
[2016-05-12 17:07:23,255][kafka.client][INFO]Broker version identifed as 0.9
[2016-05-12 17:07:23,270][kafka.consumer.subscription_state][INFO]Updating subscribed topics to: ['goodtopic']
[2016-05-12 17:07:23,472][kafka.cluster][INFO]Group coordinator for kafka-python-default-group is BrokerMetadata(nodeId=0, host=u'pipe-X550CC', port=9092)
[2016-05-12 17:07:26,090][kafka.coordinator][INFO]Joined group 'kafka-python-default-group' (generation 1) with member_id kafka-python-1.0.2-5a0ef690-7c9c-49b8-a6db-4fbd58f89839
[2016-05-12 17:07:26,090][kafka.coordinator][INFO]Elected group leader -- performing partition assignments using range
[2016-05-12 17:07:26,143][kafka.coordinator][INFO]SyncGroup for group kafka-python-default-group failed due to coordinator rebalance, rejoining the group
[2016-05-12 17:07:26,145][kafka.coordinator][INFO]Joined group 'kafka-python-default-group' (generation 2) with member_id kafka-python-1.0.2-5a0ef690-7c9c-49b8-a6db-4fbd58f89839
[2016-05-12 17:07:26,146][kafka.coordinator][INFO]Elected group leader -- performing partition assignments using range
[2016-05-12 17:07:26,146][kafka.coordinator.assignors.range][WARNING]No partition metadata for topic instanttopic
[2016-05-12 17:07:26,328][kafka.coordinator][INFO]Joined group 'kafka-python-default-group' (generation 2) with member_id kafka-python-1.0.2-5a0ef690-7c9c-49b8-a6db-4fbd58f89839
[2016-05-12 17:07:26,329][kafka.coordinator][INFO]Elected group leader -- performing partition assignments using range
[2016-05-12 17:07:27,766][kafka.consumer.subscription_state][INFO]Updated partition assignment: [TopicPartition(topic=u'goodtopic', partition=0)]
[2016-05-12 17:07:30,878][kafka.coordinator][INFO]Heartbeat successful
[2016-05-12 17:07:33,875][kafka.coordinator][INFO]Heartbeat successful
[2016-05-12 17:07:36,908][kafka.coordinator][INFO]Heartbeat successful
[2016-05-12 17:07:40,089][kafka.coordinator][INFO]Heartbeat successful
[2016-05-12 17:07:43,107][kafka.coordinator][INFO]Heartbeat successful
[2016-05-12 17:07:46,132][kafka.coordinator][INFO]Heartbeat successful
[2016-05-12 17:07:49,192][kafka.coordinator][INFO]Heartbeat successful
[2016-05-12 17:07:52,212][kafka.coordinator][INFO]Heartbeat successful
[2016-05-12 17:07:54,810][kafka.coordinator][INFO]Heartbeat successful
[2016-05-12 17:07:57,867][kafka.coordinator][INFO]Heartbeat successful
[2016-05-12 17:08:00,893][kafka.coordinator][INFO]Heartbeat successful
[2016-05-12 17:08:03,931][kafka.coordinator][INFO]Heartbeat successful
[2016-05-12 17:08:07,005][kafka.coordinator][INFO]Heartbeat successful
[2016-05-12 17:08:10,031][kafka.coordinator][INFO]Heartbeat successful
[2016-05-12 17:08:13,049][kafka.coordinator][INFO]Heartbeat successful
[2016-05-12 17:08:16,260][kafka.coordinator][INFO]Heartbeat successful
[2016-05-12 17:08:19,305][kafka.coordinator][INFO]Heartbeat successful
[2016-05-12 17:08:22,043][kafka.coordinator][INFO]Heartbeat successful
[2016-05-12 17:08:25,204][kafka.coordinator][INFO]Heartbeat successful
[2016-05-12 17:08:28,222][kafka.coordinator][INFO]Heartbeat successful
[2016-05-12 17:08:31,273][kafka.coordinator][INFO]Heartbeat successful
[2016-05-12 17:08:33,996][kafka.coordinator][INFO]Heartbeat successful
[2016-05-12 17:08:37,030][kafka.coordinator][INFO]Heartbeat successful
[2016-05-12 17:08:40,052][kafka.coordinator][INFO]Heartbeat successful
[2016-05-12 17:08:43,178][kafka.coordinator][INFO]Heartbeat successful
[2016-05-12 17:08:46,199][kafka.coordinator][INFO]Heartbeat successful
[2016-05-12 17:08:48,829][kafka.coordinator][INFO]Heartbeat successful
[2016-05-12 17:08:51,946][kafka.coordinator][INFO]Heartbeat successful
[2016-05-12 17:08:54,990][kafka.coordinator][INFO]Heartbeat successful
[2016-05-12 17:08:58,032][kafka.coordinator][INFO]Heartbeat successful
[2016-05-12 17:09:01,053][kafka.coordinator][INFO]Heartbeat successful
[2016-05-12 17:09:04,202][kafka.coordinator][INFO]Heartbeat successful
[2016-05-12 17:09:06,885][kafka.coordinator][INFO]Heartbeat successful
[2016-05-12 17:09:09,906][kafka.coordinator][INFO]Heartbeat successful
[2016-05-12 17:09:12,975][kafka.coordinator][INFO]Heartbeat successful
[2016-05-12 17:09:16,064][kafka.coordinator][INFO]Heartbeat successful
[2016-05-12 17:09:19,153][kafka.coordinator][INFO]Heartbeat successful
[2016-05-12 17:09:22,262][kafka.coordinator][INFO]Heartbeat successful
[2016-05-12 17:09:25,278][kafka.coordinator][INFO]Heartbeat successful
[2016-05-12 17:09:27,835][kafka.coordinator][INFO]Heartbeat successful
[2016-05-12 17:09:30,853][kafka.coordinator][INFO]Heartbeat successful
[2016-05-12 17:09:33,873][kafka.coordinator][INFO]Heartbeat successful
[2016-05-12 17:09:36,934][kafka.coordinator][INFO]Heartbeat successful
[2016-05-12 17:09:39,956][kafka.coordinator][INFO]Heartbeat successful
[2016-05-12 17:09:42,972][kafka.coordinator][INFO]Heartbeat successful
[2016-05-12 17:09:45,990][kafka.coordinator][INFO]Heartbeat successful
[2016-05-12 17:09:49,112][kafka.coordinator][INFO]Heartbeat successful
[2016-05-12 17:09:52,129][kafka.coordinator][INFO]Heartbeat successful
[2016-05-12 17:09:55,156][kafka.coordinator][INFO]Heartbeat successful
[2016-05-12 17:09:58,183][kafka.coordinator][INFO]Heartbeat successful
[2016-05-12 17:10:01,201][kafka.coordinator][INFO]Heartbeat successful
[2016-05-12 17:10:04,262][kafka.coordinator][INFO]Heartbeat successful
[2016-05-12 17:10:07,276][kafka.coordinator][INFO]Heartbeat successful
[2016-05-12 17:10:10,294][kafka.coordinator][INFO]Heartbeat successful
[2016-05-12 17:10:12,848][kafka.coordinator][INFO]Heartbeat successful
[2016-05-12 17:10:15,866][kafka.coordinator][INFO]Heartbeat successful
[2016-05-12 17:10:18,887][kafka.coordinator][INFO]Heartbeat successful
[2016-05-12 17:10:21,899][kafka.coordinator][INFO]Heartbeat successful
[2016-05-12 17:10:24,961][kafka.coordinator][INFO]Heartbeat successful
[2016-05-12 17:10:27,986][kafka.coordinator][INFO]Heartbeat successful
[2016-05-12 17:10:31,007][kafka.coordinator][INFO]Heartbeat successful
[2016-05-12 17:10:34,023][kafka.coordinator][INFO]Heartbeat successful
[2016-05-12 17:10:37,044][kafka.coordinator][INFO]Heartbeat successful
[2016-05-12 17:10:40,101][kafka.coordinator][INFO]Heartbeat successful
[2016-05-12 17:10:43,126][kafka.coordinator][INFO]Heartbeat successful
[2016-05-12 17:10:46,146][kafka.coordinator][INFO]Heartbeat successful
[2016-05-12 17:10:49,212][kafka.coordinator][INFO]Heartbeat successful
[2016-05-12 17:10:52,236][kafka.coordinator][INFO]Heartbeat successful
[2016-05-12 17:10:55,261][kafka.coordinator][INFO]Heartbeat successful
[2016-05-12 17:10:57,814][kafka.coordinator][INFO]Heartbeat successful
[2016-05-12 17:11:00,872][kafka.coordinator][INFO]Heartbeat successful
[2016-05-12 17:11:03,897][kafka.coordinator][INFO]Heartbeat successful
[2016-05-12 17:11:06,916][kafka.coordinator][INFO]Heartbeat successful
[2016-05-12 17:11:09,977][kafka.coordinator][INFO]Heartbeat successful
[2016-05-12 17:11:13,004][kafka.coordinator][INFO]Heartbeat successful
[2016-05-12 17:11:16,022][kafka.coordinator][INFO]Heartbeat successful
[2016-05-12 17:11:19,077][kafka.coordinator][INFO]Heartbeat successful
[2016-05-12 17:11:22,098][kafka.coordinator][INFO]Heartbeat successful
[2016-05-12 17:11:25,116][kafka.coordinator][INFO]Heartbeat successful
[2016-05-12 17:11:28,175][kafka.coordinator][INFO]Heartbeat successful
[2016-05-12 17:11:31,195][kafka.coordinator][INFO]Heartbeat successful
[2016-05-12 17:11:34,218][kafka.coordinator][INFO]Heartbeat successful
[2016-05-12 17:11:37,241][kafka.coordinator][INFO]Heartbeat successful
[2016-05-12 17:11:40,298][kafka.coordinator][INFO]Heartbeat successful
[2016-05-12 17:11:43,310][kafka.coordinator][INFO]Heartbeat successful
[2016-05-12 17:11:45,825][kafka.coordinator][INFO]Heartbeat successful
[2016-05-12 17:11:48,965][kafka.coordinator][INFO]Heartbeat successful
[2016-05-12 17:11:51,987][kafka.coordinator][INFO]Heartbeat successful
[2016-05-12 17:11:55,010][kafka.coordinator][INFO]Heartbeat successful
[2016-05-12 17:11:58,037][kafka.coordinator][INFO]Heartbeat successful
[2016-05-12 17:12:01,062][kafka.coordinator][INFO]Heartbeat successful
[2016-05-12 17:12:04,127][kafka.coordinator][INFO]Heartbeat successful
[2016-05-12 17:12:07,152][kafka.coordinator][INFO]Heartbeat successful
[2016-05-12 17:12:10,180][kafka.coordinator][INFO]Heartbeat successful
[2016-05-12 17:12:13,200][kafka.coordinator][INFO]Heartbeat successful
[2016-05-12 17:12:16,259][kafka.coordinator][INFO]Heartbeat successful
[2016-05-12 17:12:19,281][kafka.coordinator][INFO]Heartbeat successful
[2016-05-12 17:12:22,308][kafka.coordinator][INFO]Heartbeat successful
[2016-05-12 17:12:24,825][kafka.coordinator][INFO]Heartbeat successful
[2016-05-12 17:12:27,883][kafka.coordinator][INFO]Heartbeat successful
[2016-05-12 17:12:30,906][kafka.coordinator][INFO]Heartbeat successful
[2016-05-12 17:12:33,961][kafka.coordinator][INFO]Heartbeat successful
[2016-05-12 17:12:36,979][kafka.coordinator][INFO]Heartbeat successful
