Beginning task setup

/usr/bin/flock
Using existing venv: /tmp/petrel-good-5-1462980106/venv
Task setup took 0 seconds
Launching: python -m petrel.run kafkaconsumer /home/pipe/twitterintel/twitterintel/topology/TopologyTweetTransformationGOOD/petrel2158_kafkaconsumer.log
/usr/local/lib/python2.7/dist-packages/petrel-0.9.4.0.3-py2.7.egg/petrel/run.py invoked with the following arguments: ['kafkaconsumer', '/home/pipe/twitterintel/twitterintel/topology/TopologyTweetTransformationGOOD/petrel2158_kafkaconsumer.log']
python version: 2.7.11
user=root
PATH=/tmp/petrel-good-5-1462980106/venv/bin:/root/SimpleScalar/simplesim-3.0:/root/SimpleScalar/bin:/root/SimpleScalar/gcc-2.6.3:/root/SimpleScalar/bin:/usr/local/sbin:/usr/local/bin:/usr/sbin:/usr/bin:/sbin:/bin:/usr/games:/usr/local/games:/home/pipe/Downloads/zookeeper-3.4.8/bin:/home/pipe/Downloads/apache-storm-0.9.4/bin
LD_LIBRARY_PATH=storm-local/supervisor/stormdist/good-5-1462980106/resources/Linux-amd64:storm-local/supervisor/stormdist/good-5-1462980106/resources:/usr/local/lib:/opt/local/lib:/usr/lib
PYTHON_EGG_CACHE=/tmp/petrel-good-5-1462980106/egg_cache
[2016-05-11 18:43:26,417][storm][INFO]Tuple profiling enabled. Will log tuple processing times.
[2016-05-11 18:43:26,855][storm][INFO]Task received setupInfo from Storm: {u'pidDir': u'/home/pipe/storm-local/workers/a0f936b1-ccc9-4b9c-8754-b15f614ca276/pids', u'conf': {u'oauth.acess_token': u' 702208758362087425-HZiyl1x7Bh98cQa1WLBDYylyu10Bpl7', u'topology.tuple.serializer': u'backtype.storm.serialization.types.ListDelegateSerializer', u'topology.workers': 1, u'drpc.worker.threads': 64, u'storm.messaging.netty.client_worker_threads': 1, u'supervisor.heartbeat.frequency.secs': 5, u'topology.executor.send.buffer.size': 1024, u'drpc.childopts': u'-Xmx768m', u'nimbus.thrift.port': 6627, u'storm.zookeeper.retry.intervalceiling.millis': 30000, u'storm.local.dir': u'storm-local', u'topology.receiver.buffer.size': 8, u'storm.zookeeper.servers': [u'localhost'], u'oauth.consumer_secret': u'ADf76fi3O1lKMzBxWnjqf93l3GHv28uar3bkblkvyBrAyoA23i', u'transactional.zookeeper.root': u'/transactional', u'drpc.request.timeout.secs': 600, u'topology.skip.missing.kryo.registrations': False, u'worker.heartbeat.frequency.secs': 1, u'zmq.hwm': 0, u'storm.zookeeper.connection.timeout': 15000, u'java.library.path': u'/usr/local/lib:/opt/local/lib:/usr/lib', u'topology.max.error.report.per.interval': 5, u'storm.messaging.netty.server_worker_threads': 1, u'storm.id': u'good-5-1462980106', u'supervisor.worker.start.timeout.secs': 120, u'zmq.threads': 1, u'topology.acker.executors': None, u'storm.messaging.netty.flush.check.interval.ms': 10, u'storm.messaging.netty.transfer.batch.size': 262144, u'topology.max.task.parallelism': None, u'topology.environment': None, u'storm.zookeeper.port': 2181, u'nimbus.childopts': u'-Xmx1024m', u'topology.classpath': None, u'worker.childopts': u'-Xmx768m', u'drpc.queue.size': 128, u'topology.multilang.serializer': u'backtype.storm.multilang.JsonSerializer', u'storm.zookeeper.retry.times': 5, u'nimbus.monitor.freq.secs': 10, u'storm.cluster.mode': u'distributed', u'dev.zookeeper.path': u'/tmp/dev-storm-zookeeper', u'drpc.invocations.port': 3773, u'topology.tasks': None, u'storm.zookeeper.root': u'/storm', u'logviewer.childopts': u'-Xmx128m', u'storm.meta.serialization.delegate': u'backtype.storm.serialization.DefaultSerializationDelegate', u'transactional.zookeeper.port': None, u'topology.worker.receiver.thread.count': 1, u'topology.worker.childopts': None, u'topology.max.spout.pending': None, u'topology.kryo.register': None, u'petrel.host': u'pipe-X550CC', u'nimbus.cleanup.inbox.freq.secs': 600, u'storm.messaging.netty.min_wait_ms': 100, u'nimbus.task.timeout.secs': 30, u'nimbus.thrift.max_buffer_size': 1048576, u'topology.sleep.spout.wait.strategy.time.ms': 1, u'nimbus.reassign': True, u'storm.messaging.transport': u'backtype.storm.messaging.netty.Context', u'logviewer.appender.name': u'A1', u'nimbus.host': u'localhost', u'ui.port': 8080, u'supervisor.slots.ports': [6700, 6701, 6702, 6703], u'nimbus.file.copy.expiration.secs': 600, u'supervisor.monitor.frequency.secs': 3, u'ui.childopts': u'-Xmx768m', u'transactional.zookeeper.servers': None, u'zmq.linger.millis': 5000, u'topology.error.throttle.interval.secs': 10, u'topology.worker.shared.thread.pool.size': 4, u'topology.executor.receive.buffer.size': 1024, u'topology.spout.wait.strategy': u'backtype.storm.spout.SleepSpoutWaitStrategy', u'task.heartbeat.frequency.secs': 3, u'topology.transfer.buffer.size': 1024, u'storm.zookeeper.session.timeout': 20000, u'storm.local.mode.zmq': False, u'topology.stats.sample.rate': 0.05, u'topology.fall.back.on.java.serialization': True, u'supervisor.childopts': u'-Xmx256m', u'topology.enable.message.timeouts': True, u'storm.messaging.netty.max_wait_ms': 1000, u'nimbus.topology.validator': u'backtype.storm.nimbus.DefaultTopologyValidator', u'nimbus.supervisor.timeout.secs': 60, u'topology.disruptor.wait.strategy': u'com.lmax.disruptor.BlockingWaitStrategy', u'storm.messaging.netty.buffer_size': 5242880, u'drpc.port': 3772, u'topology.kryo.factory': u'backtype.storm.serialization.DefaultKryoFactory', u'storm.zookeeper.retry.interval': 1000, u'storm.messaging.netty.max_retries': 300, u'topology.tick.tuple.freq.secs': 30, u'supervisor.enable': True, u'nimbus.task.launch.secs': 120, u'task.refresh.poll.secs': 10, u'topology.message.timeout.secs': 30, u'oauth.acess_token_secret': u'IiNOTfgE3tEZvW2HDQhRKPMoOLU43NXJCXk8maj51SdAT', u'petrel.user': u'root', u'nimbus.inbox.jar.expiration.secs': 3600, u'topology.state.synchronization.timeout.secs': 60, u'topology.name': u'good', u'supervisor.worker.timeout.secs': 30, u'topology.trident.batch.emit.interval.millis': 500, u'topology.builtin.metrics.bucket.size.secs': 60, u'storm.thrift.transport': u'backtype.storm.security.auth.SimpleTransportPlugin', u'logviewer.port': 8000, u'oauth.consumer_key': u'eaFmBSxUveRJfmyZYeabti9Q9', u'topology.kryo.decorators': [], u'topology.debug': False}, u'context': {u'task->component': {u'1': u'CountThreeWords', u'3': u'CountWord', u'2': u'CountTwoWords', u'5': u'ThreeWordDivider', u'4': u'KafkaConsumer', u'7': u'WordDivider', u'6': u'TwoWordDivider', u'8': u'__acker'}, u'taskid': 4}}
[2016-05-11 18:43:26,867][storm][INFO]Task sent pid to Storm
[2016-05-11 18:43:27,096][kafka.client][INFO]Broker version identifed as 0.9
[2016-05-11 18:43:27,104][kafka.consumer.subscription_state][INFO]Updating subscribed topics to: ['goodtopic']
[2016-05-11 18:43:27,183][kafka.cluster][INFO]Group coordinator for kafka-python-default-group is BrokerMetadata(nodeId=0, host=u'pipe-X550CC', port=9092)
[2016-05-11 18:43:30,600][kafka.coordinator][INFO]Joined group 'kafka-python-default-group' (generation 65) with member_id kafka-python-1.0.2-72b9dffb-d8b6-4e05-9e7e-98a2aa788086
[2016-05-11 18:43:30,600][kafka.coordinator][INFO]Elected group leader -- performing partition assignments using range
[2016-05-11 18:43:30,601][kafka.coordinator.assignors.range][WARNING]No partition metadata for topic instanttopic
[2016-05-11 18:43:30,744][kafka.coordinator][INFO]Joined group 'kafka-python-default-group' (generation 65) with member_id kafka-python-1.0.2-72b9dffb-d8b6-4e05-9e7e-98a2aa788086
[2016-05-11 18:43:30,744][kafka.coordinator][INFO]Elected group leader -- performing partition assignments using range
[2016-05-11 18:43:30,785][kafka.consumer.subscription_state][INFO]Updated partition assignment: [TopicPartition(topic=u'goodtopic', partition=0)]
[2016-05-11 18:43:33,875][kafka.coordinator][INFO]Heartbeat successful
[2016-05-11 18:43:36,888][kafka.coordinator][INFO]Heartbeat successful
[2016-05-11 18:43:39,904][kafka.coordinator][INFO]Heartbeat successful
[2016-05-11 18:43:42,962][kafka.coordinator][INFO]Heartbeat successful
[2016-05-11 18:43:45,980][kafka.coordinator][INFO]Heartbeat successful
[2016-05-11 18:43:48,994][kafka.coordinator][INFO]Heartbeat successful
[2016-05-11 18:43:52,045][kafka.coordinator][INFO]Heartbeat successful
[2016-05-11 18:43:55,063][kafka.coordinator][INFO]Heartbeat successful
[2016-05-11 18:43:58,088][kafka.coordinator][INFO]Heartbeat successful
[2016-05-11 18:44:01,106][kafka.coordinator][INFO]Heartbeat successful
[2016-05-11 18:44:04,159][kafka.coordinator][INFO]Heartbeat successful
[2016-05-11 18:44:07,171][kafka.coordinator][INFO]Heartbeat successful
[2016-05-11 18:44:10,187][kafka.coordinator][INFO]Heartbeat successful
[2016-05-11 18:44:13,242][kafka.coordinator][INFO]Heartbeat successful
[2016-05-11 18:44:16,263][kafka.coordinator][INFO]Heartbeat successful
[2016-05-11 18:44:19,278][kafka.coordinator][INFO]Heartbeat successful
[2016-05-11 18:44:21,832][kafka.coordinator][INFO]Heartbeat successful
[2016-05-11 18:44:24,885][kafka.coordinator][INFO]Heartbeat successful
[2016-05-11 18:44:27,902][kafka.coordinator][INFO]Heartbeat successful
[2016-05-11 18:44:30,916][kafka.coordinator][INFO]Heartbeat successful
[2016-05-11 18:44:33,973][kafka.coordinator][INFO]Heartbeat successful
[2016-05-11 18:44:36,991][kafka.coordinator][INFO]Heartbeat successful
[2016-05-11 18:44:40,003][kafka.coordinator][INFO]Heartbeat successful
[2016-05-11 18:44:43,062][kafka.coordinator][INFO]Heartbeat successful
[2016-05-11 18:44:46,077][kafka.coordinator][INFO]Heartbeat successful
[2016-05-11 18:44:49,095][kafka.coordinator][INFO]Heartbeat successful
[2016-05-11 18:44:52,149][kafka.coordinator][INFO]Heartbeat successful
[2016-05-11 18:44:55,166][kafka.coordinator][INFO]Heartbeat successful
[2016-05-11 18:44:58,191][kafka.coordinator][INFO]Heartbeat successful
[2016-05-11 18:45:01,203][kafka.coordinator][INFO]Heartbeat successful
[2016-05-11 18:45:04,255][kafka.coordinator][INFO]Heartbeat successful
[2016-05-11 18:45:07,265][kafka.coordinator][INFO]Heartbeat successful
[2016-05-11 18:45:10,282][kafka.coordinator][INFO]Heartbeat successful
[2016-05-11 18:45:12,835][kafka.coordinator][INFO]Heartbeat successful
[2016-05-11 18:45:15,892][kafka.coordinator][INFO]Heartbeat successful
[2016-05-11 18:45:18,907][kafka.coordinator][INFO]Heartbeat successful
[2016-05-11 18:45:21,923][kafka.coordinator][INFO]Heartbeat successful
[2016-05-11 18:45:24,983][kafka.coordinator][INFO]Heartbeat successful
[2016-05-11 18:45:27,996][kafka.coordinator][INFO]Heartbeat successful
[2016-05-11 18:45:31,009][kafka.coordinator][INFO]Heartbeat successful
[2016-05-11 18:45:34,064][kafka.coordinator][INFO]Heartbeat successful
[2016-05-11 18:45:37,077][kafka.coordinator][INFO]Heartbeat successful
[2016-05-11 18:45:40,090][kafka.coordinator][INFO]Heartbeat successful
[2016-05-11 18:45:43,145][kafka.coordinator][INFO]Heartbeat successful
[2016-05-11 18:45:46,164][kafka.coordinator][INFO]Heartbeat successful
[2016-05-11 18:45:49,183][kafka.coordinator][INFO]Heartbeat successful
[2016-05-11 18:45:52,198][kafka.coordinator][INFO]Heartbeat successful
[2016-05-11 18:45:55,252][kafka.coordinator][INFO]Heartbeat successful
[2016-05-11 18:45:58,267][kafka.coordinator][INFO]Heartbeat successful
[2016-05-11 18:46:01,275][kafka.coordinator][INFO]Heartbeat successful
[2016-05-11 18:46:03,828][kafka.coordinator][INFO]Heartbeat successful
[2016-05-11 18:46:06,883][kafka.coordinator][INFO]Heartbeat successful
[2016-05-11 18:46:09,893][kafka.coordinator][INFO]Heartbeat successful
[2016-05-11 18:46:12,945][kafka.coordinator][INFO]Heartbeat successful
[2016-05-11 18:46:15,956][kafka.coordinator][INFO]Heartbeat successful
[2016-05-11 18:46:18,972][kafka.coordinator][INFO]Heartbeat successful
[2016-05-11 18:46:21,986][kafka.coordinator][INFO]Heartbeat successful
[2016-05-11 18:46:25,037][kafka.coordinator][INFO]Heartbeat successful
[2016-05-11 18:46:28,055][kafka.coordinator][INFO]Heartbeat successful
[2016-05-11 18:46:31,070][kafka.coordinator][WARNING]Heartbeat: group is rebalancing; this consumer needs to re-join
[2016-05-11 18:46:31,070][kafka.coordinator][WARNING]Heartbeat failed; retrying
[2016-05-11 18:46:31,171][kafka.coordinator][INFO]Skipping heartbeat: no auto-assignment or waiting on rebalance
[2016-05-11 18:46:32,757][kafka.coordinator][INFO]Joined group 'kafka-python-default-group' (generation 66) with member_id kafka-python-1.0.2-72b9dffb-d8b6-4e05-9e7e-98a2aa788086
[2016-05-11 18:46:32,757][kafka.coordinator][INFO]Elected group leader -- performing partition assignments using range
[2016-05-11 18:46:32,795][kafka.consumer.subscription_state][INFO]Updated partition assignment: [TopicPartition(topic=u'goodtopic', partition=0)]
[2016-05-11 18:46:35,887][kafka.coordinator][INFO]Heartbeat successful
[2016-05-11 18:46:38,900][kafka.coordinator][INFO]Heartbeat successful
[2016-05-11 18:46:41,916][kafka.coordinator][INFO]Heartbeat successful
[2016-05-11 18:46:44,971][kafka.coordinator][INFO]Heartbeat successful
[2016-05-11 18:46:47,994][kafka.coordinator][INFO]Heartbeat successful
[2016-05-11 18:46:51,026][kafka.coordinator][INFO]Heartbeat successful
[2016-05-11 18:46:54,087][kafka.coordinator][INFO]Heartbeat successful
[2016-05-11 18:46:57,102][kafka.coordinator][INFO]Heartbeat successful
[2016-05-11 18:47:00,122][kafka.coordinator][INFO]Heartbeat successful
[2016-05-11 18:47:03,141][kafka.coordinator][INFO]Heartbeat successful
[2016-05-11 18:47:06,287][kafka.coordinator][INFO]Heartbeat successful
[2016-05-11 18:47:08,964][kafka.coordinator][INFO]Heartbeat successful
[2016-05-11 18:47:12,220][kafka.coordinator][INFO]Heartbeat successful
[2016-05-11 18:47:14,878][kafka.coordinator][INFO]Heartbeat successful
[2016-05-11 18:47:18,119][kafka.coordinator][INFO]Heartbeat successful
[2016-05-11 18:47:21,213][kafka.coordinator][INFO]Heartbeat successful
[2016-05-11 18:47:24,227][kafka.coordinator][INFO]Heartbeat successful
[2016-05-11 18:47:27,245][kafka.coordinator][INFO]Heartbeat successful
[2016-05-11 18:47:30,299][kafka.coordinator][INFO]Heartbeat successful
[2016-05-11 18:47:32,810][kafka.coordinator][INFO]Heartbeat successful
[2016-05-11 18:47:35,869][kafka.coordinator][INFO]Heartbeat successful
[2016-05-11 18:47:38,887][kafka.coordinator][INFO]Heartbeat successful
[2016-05-11 18:47:41,940][kafka.coordinator][INFO]Heartbeat successful
[2016-05-11 18:47:44,956][kafka.coordinator][INFO]Heartbeat successful
[2016-05-11 18:47:47,972][kafka.coordinator][INFO]Heartbeat successful
[2016-05-11 18:47:51,028][kafka.coordinator][INFO]Heartbeat successful
[2016-05-11 18:47:54,046][kafka.coordinator][INFO]Heartbeat successful
[2016-05-11 18:47:57,061][kafka.coordinator][INFO]Heartbeat successful
[2016-05-11 18:48:00,113][kafka.coordinator][INFO]Heartbeat successful
[2016-05-11 18:48:03,125][kafka.coordinator][INFO]Heartbeat successful
[2016-05-11 18:48:06,140][kafka.coordinator][INFO]Heartbeat successful
[2016-05-11 18:48:09,157][kafka.coordinator][INFO]Heartbeat successful
[2016-05-11 18:48:12,210][kafka.coordinator][INFO]Heartbeat successful
[2016-05-11 18:48:15,224][kafka.coordinator][INFO]Heartbeat successful
[2016-05-11 18:48:18,242][kafka.coordinator][INFO]Heartbeat successful
[2016-05-11 18:48:21,295][kafka.coordinator][INFO]Heartbeat successful
[2016-05-11 18:48:24,312][kafka.coordinator][INFO]Heartbeat successful
[2016-05-11 18:48:26,823][kafka.coordinator][INFO]Heartbeat successful
[2016-05-11 18:48:29,882][kafka.coordinator][INFO]Heartbeat successful
[2016-05-11 18:48:32,902][kafka.coordinator][INFO]Heartbeat successful
[2016-05-11 18:48:35,967][kafka.coordinator][INFO]Heartbeat successful
[2016-05-11 18:48:38,991][kafka.coordinator][INFO]Heartbeat successful
[2016-05-11 18:48:42,006][kafka.coordinator][INFO]Heartbeat successful
[2016-05-11 18:48:45,019][kafka.coordinator][INFO]Heartbeat successful
[2016-05-11 18:48:48,074][kafka.coordinator][INFO]Heartbeat successful
[2016-05-11 18:48:51,103][kafka.coordinator][INFO]Heartbeat successful
