Beginning task setup

/usr/bin/flock
Using existing venv: /tmp/petrel-good-5-1462980106/venv
Task setup took 1 seconds
Launching: python -m petrel.run kafkaconsumer /home/pipe/twitterintel/twitterintel/topology/TopologyTweetTransformationGOOD/petrel17407_kafkaconsumer.log
/usr/local/lib/python2.7/dist-packages/petrel-0.9.4.0.3-py2.7.egg/petrel/run.py invoked with the following arguments: ['kafkaconsumer', '/home/pipe/twitterintel/twitterintel/topology/TopologyTweetTransformationGOOD/petrel17407_kafkaconsumer.log']
python version: 2.7.11
user=root
PATH=/tmp/petrel-good-5-1462980106/venv/bin:/root/SimpleScalar/simplesim-3.0:/root/SimpleScalar/bin:/root/SimpleScalar/gcc-2.6.3:/root/SimpleScalar/bin:/usr/local/sbin:/usr/local/bin:/usr/sbin:/usr/bin:/sbin:/bin:/usr/games:/usr/local/games:/home/pipe/Downloads/zookeeper-3.4.8/bin:/home/pipe/Downloads/apache-storm-0.9.4/bin
LD_LIBRARY_PATH=storm-local/supervisor/stormdist/good-5-1462980106/resources/Linux-amd64:storm-local/supervisor/stormdist/good-5-1462980106/resources:/usr/local/lib:/opt/local/lib:/usr/lib
PYTHON_EGG_CACHE=/tmp/petrel-good-5-1462980106/egg_cache
[2016-05-11 17:15:39,678][storm][INFO]Tuple profiling enabled. Will log tuple processing times.
[2016-05-11 17:15:40,012][storm][INFO]Task received setupInfo from Storm: {u'pidDir': u'/home/pipe/storm-local/workers/110f7d88-48db-4f66-abaf-cf6edfd05cf4/pids', u'conf': {u'oauth.acess_token': u' 702208758362087425-HZiyl1x7Bh98cQa1WLBDYylyu10Bpl7', u'topology.tuple.serializer': u'backtype.storm.serialization.types.ListDelegateSerializer', u'topology.workers': 1, u'drpc.worker.threads': 64, u'storm.messaging.netty.client_worker_threads': 1, u'supervisor.heartbeat.frequency.secs': 5, u'topology.executor.send.buffer.size': 1024, u'drpc.childopts': u'-Xmx768m', u'nimbus.thrift.port': 6627, u'storm.zookeeper.retry.intervalceiling.millis': 30000, u'storm.local.dir': u'storm-local', u'topology.receiver.buffer.size': 8, u'storm.zookeeper.servers': [u'localhost'], u'oauth.consumer_secret': u'ADf76fi3O1lKMzBxWnjqf93l3GHv28uar3bkblkvyBrAyoA23i', u'transactional.zookeeper.root': u'/transactional', u'drpc.request.timeout.secs': 600, u'topology.skip.missing.kryo.registrations': False, u'worker.heartbeat.frequency.secs': 1, u'zmq.hwm': 0, u'storm.zookeeper.connection.timeout': 15000, u'java.library.path': u'/usr/local/lib:/opt/local/lib:/usr/lib', u'topology.max.error.report.per.interval': 5, u'storm.messaging.netty.server_worker_threads': 1, u'storm.id': u'good-5-1462980106', u'supervisor.worker.start.timeout.secs': 120, u'zmq.threads': 1, u'topology.acker.executors': None, u'storm.messaging.netty.flush.check.interval.ms': 10, u'storm.messaging.netty.transfer.batch.size': 262144, u'topology.max.task.parallelism': None, u'topology.environment': None, u'storm.zookeeper.port': 2181, u'nimbus.childopts': u'-Xmx1024m', u'topology.classpath': None, u'worker.childopts': u'-Xmx768m', u'drpc.queue.size': 128, u'topology.multilang.serializer': u'backtype.storm.multilang.JsonSerializer', u'storm.zookeeper.retry.times': 5, u'nimbus.monitor.freq.secs': 10, u'storm.cluster.mode': u'distributed', u'dev.zookeeper.path': u'/tmp/dev-storm-zookeeper', u'drpc.invocations.port': 3773, u'topology.tasks': None, u'storm.zookeeper.root': u'/storm', u'logviewer.childopts': u'-Xmx128m', u'storm.meta.serialization.delegate': u'backtype.storm.serialization.DefaultSerializationDelegate', u'transactional.zookeeper.port': None, u'topology.worker.receiver.thread.count': 1, u'topology.worker.childopts': None, u'topology.max.spout.pending': None, u'topology.kryo.register': None, u'petrel.host': u'pipe-X550CC', u'nimbus.cleanup.inbox.freq.secs': 600, u'storm.messaging.netty.min_wait_ms': 100, u'nimbus.task.timeout.secs': 30, u'nimbus.thrift.max_buffer_size': 1048576, u'topology.sleep.spout.wait.strategy.time.ms': 1, u'nimbus.reassign': True, u'storm.messaging.transport': u'backtype.storm.messaging.netty.Context', u'logviewer.appender.name': u'A1', u'nimbus.host': u'localhost', u'ui.port': 8080, u'supervisor.slots.ports': [6700, 6701, 6702, 6703], u'nimbus.file.copy.expiration.secs': 600, u'supervisor.monitor.frequency.secs': 3, u'ui.childopts': u'-Xmx768m', u'transactional.zookeeper.servers': None, u'zmq.linger.millis': 5000, u'topology.error.throttle.interval.secs': 10, u'topology.worker.shared.thread.pool.size': 4, u'topology.executor.receive.buffer.size': 1024, u'topology.spout.wait.strategy': u'backtype.storm.spout.SleepSpoutWaitStrategy', u'task.heartbeat.frequency.secs': 3, u'topology.transfer.buffer.size': 1024, u'storm.zookeeper.session.timeout': 20000, u'storm.local.mode.zmq': False, u'topology.stats.sample.rate': 0.05, u'topology.fall.back.on.java.serialization': True, u'supervisor.childopts': u'-Xmx256m', u'topology.enable.message.timeouts': True, u'storm.messaging.netty.max_wait_ms': 1000, u'nimbus.topology.validator': u'backtype.storm.nimbus.DefaultTopologyValidator', u'nimbus.supervisor.timeout.secs': 60, u'topology.disruptor.wait.strategy': u'com.lmax.disruptor.BlockingWaitStrategy', u'storm.messaging.netty.buffer_size': 5242880, u'drpc.port': 3772, u'topology.kryo.factory': u'backtype.storm.serialization.DefaultKryoFactory', u'storm.zookeeper.retry.interval': 1000, u'storm.messaging.netty.max_retries': 300, u'topology.tick.tuple.freq.secs': 30, u'supervisor.enable': True, u'nimbus.task.launch.secs': 120, u'task.refresh.poll.secs': 10, u'topology.message.timeout.secs': 30, u'oauth.acess_token_secret': u'IiNOTfgE3tEZvW2HDQhRKPMoOLU43NXJCXk8maj51SdAT', u'petrel.user': u'root', u'nimbus.inbox.jar.expiration.secs': 3600, u'topology.state.synchronization.timeout.secs': 60, u'topology.name': u'good', u'supervisor.worker.timeout.secs': 30, u'topology.trident.batch.emit.interval.millis': 500, u'topology.builtin.metrics.bucket.size.secs': 60, u'storm.thrift.transport': u'backtype.storm.security.auth.SimpleTransportPlugin', u'logviewer.port': 8000, u'oauth.consumer_key': u'eaFmBSxUveRJfmyZYeabti9Q9', u'topology.kryo.decorators': [], u'topology.debug': False}, u'context': {u'task->component': {u'1': u'CountThreeWords', u'3': u'CountWord', u'2': u'CountTwoWords', u'5': u'ThreeWordDivider', u'4': u'KafkaConsumer', u'7': u'WordDivider', u'6': u'TwoWordDivider', u'8': u'__acker'}, u'taskid': 4}}
[2016-05-11 17:15:40,013][storm][INFO]Task sent pid to Storm
[2016-05-11 17:15:40,301][kafka.client][INFO]Broker version identifed as 0.9
[2016-05-11 17:15:40,302][kafka.consumer.subscription_state][INFO]Updating subscribed topics to: ['goodtopic']
[2016-05-11 17:15:40,381][kafka.cluster][INFO]Group coordinator for kafka-python-default-group is BrokerMetadata(nodeId=0, host=u'pipe-X550CC', port=9092)
[2016-05-11 17:15:41,158][kafka.coordinator][INFO]Joined group 'kafka-python-default-group' (generation 27) with member_id kafka-python-1.0.2-b11a8587-7c7c-4873-859e-b3baaa85584b
[2016-05-11 17:15:41,382][kafka.consumer.subscription_state][INFO]Updated partition assignment: [TopicPartition(topic=u'goodtopic', partition=0)]
[2016-05-11 17:15:44,439][kafka.coordinator][INFO]Heartbeat successful
[2016-05-11 17:15:47,452][kafka.coordinator][INFO]Heartbeat successful
[2016-05-11 17:15:50,463][kafka.coordinator][INFO]Heartbeat successful
[2016-05-11 17:15:53,517][kafka.coordinator][INFO]Heartbeat successful
[2016-05-11 17:15:56,788][kafka.coordinator][INFO]Heartbeat successful
[2016-05-11 17:15:59,802][kafka.coordinator][INFO]Heartbeat successful
[2016-05-11 17:16:02,863][kafka.coordinator][INFO]Heartbeat successful
[2016-05-11 17:16:05,876][kafka.coordinator][INFO]Heartbeat successful
[2016-05-11 17:16:08,898][kafka.coordinator][INFO]Heartbeat successful
[2016-05-11 17:16:11,407][kafka.coordinator][INFO]Heartbeat successful
[2016-05-11 17:16:14,462][kafka.coordinator][INFO]Heartbeat successful
[2016-05-11 17:16:17,519][kafka.coordinator][INFO]Heartbeat successful
[2016-05-11 17:16:20,536][kafka.coordinator][INFO]Heartbeat successful
[2016-05-11 17:16:23,549][kafka.coordinator][INFO]Heartbeat successful
[2016-05-11 17:16:26,565][kafka.coordinator][INFO]Heartbeat successful
[2016-05-11 17:16:29,620][kafka.coordinator][INFO]Heartbeat successful
[2016-05-11 17:16:32,766][kafka.coordinator][INFO]Heartbeat successful
[2016-05-11 17:16:35,892][kafka.coordinator][INFO]Heartbeat successful
[2016-05-11 17:16:38,411][kafka.coordinator][INFO]Heartbeat successful
[2016-05-11 17:16:41,460][kafka.coordinator][INFO]Heartbeat successful
[2016-05-11 17:16:44,476][kafka.coordinator][INFO]Heartbeat successful
[2016-05-11 17:16:47,491][kafka.coordinator][INFO]Heartbeat successful
[2016-05-11 17:16:50,545][kafka.coordinator][INFO]Heartbeat successful
[2016-05-11 17:16:53,561][kafka.coordinator][INFO]Heartbeat successful
[2016-05-11 17:16:56,570][kafka.coordinator][INFO]Heartbeat successful
[2016-05-11 17:16:59,625][kafka.coordinator][INFO]Heartbeat successful
[2016-05-11 17:17:02,643][kafka.coordinator][INFO]Heartbeat successful
[2016-05-11 17:17:05,655][kafka.coordinator][INFO]Heartbeat successful
[2016-05-11 17:17:08,714][kafka.coordinator][INFO]Heartbeat successful
[2016-05-11 17:17:11,736][kafka.coordinator][INFO]Heartbeat successful
[2016-05-11 17:17:14,752][kafka.coordinator][INFO]Heartbeat successful
[2016-05-11 17:17:17,770][kafka.coordinator][INFO]Heartbeat successful
[2016-05-11 17:17:20,829][kafka.coordinator][INFO]Heartbeat successful
[2016-05-11 17:17:23,841][kafka.coordinator][INFO]Heartbeat successful
[2016-05-11 17:17:26,861][kafka.coordinator][INFO]Heartbeat successful
[2016-05-11 17:17:29,419][kafka.coordinator][INFO]Heartbeat successful
[2016-05-11 17:17:32,483][kafka.coordinator][INFO]Heartbeat successful
[2016-05-11 17:17:35,501][kafka.coordinator][INFO]Heartbeat successful
[2016-05-11 17:17:38,567][kafka.coordinator][INFO]Heartbeat successful
[2016-05-11 17:17:41,585][kafka.coordinator][INFO]Heartbeat successful
[2016-05-11 17:17:44,605][kafka.coordinator][INFO]Heartbeat successful
[2016-05-11 17:17:47,621][kafka.coordinator][INFO]Heartbeat successful
[2016-05-11 17:17:50,676][kafka.coordinator][INFO]Heartbeat successful
[2016-05-11 17:17:53,694][kafka.coordinator][INFO]Heartbeat successful
[2016-05-11 17:17:56,711][kafka.coordinator][INFO]Heartbeat successful
[2016-05-11 17:17:59,764][kafka.coordinator][INFO]Heartbeat successful
[2016-05-11 17:18:02,781][kafka.coordinator][INFO]Heartbeat successful
[2016-05-11 17:18:05,799][kafka.coordinator][INFO]Heartbeat successful
[2016-05-11 17:18:08,854][kafka.coordinator][INFO]Heartbeat successful
[2016-05-11 17:18:11,871][kafka.coordinator][INFO]Heartbeat successful
[2016-05-11 17:18:14,889][kafka.coordinator][INFO]Heartbeat successful
[2016-05-11 17:18:17,902][kafka.coordinator][INFO]Heartbeat successful
[2016-05-11 17:18:20,451][kafka.coordinator][INFO]Heartbeat successful
[2016-05-11 17:18:23,501][kafka.coordinator][INFO]Heartbeat successful
[2016-05-11 17:18:26,514][kafka.coordinator][WARNING]Heartbeat: group is rebalancing; this consumer needs to re-join
[2016-05-11 17:18:26,515][kafka.coordinator][WARNING]Heartbeat failed; retrying
[2016-05-11 17:18:26,625][kafka.coordinator][INFO]Skipping heartbeat: no auto-assignment or waiting on rebalance
[2016-05-11 17:18:27,021][kafka.coordinator][INFO]Joined group 'kafka-python-default-group' (generation 28) with member_id kafka-python-1.0.2-b11a8587-7c7c-4873-859e-b3baaa85584b
[2016-05-11 17:18:27,021][kafka.coordinator][INFO]Elected group leader -- performing partition assignments using range
[2016-05-11 17:18:27,061][kafka.consumer.subscription_state][INFO]Updated partition assignment: [TopicPartition(topic=u'goodtopic', partition=0)]
[2016-05-11 17:18:30,154][kafka.coordinator][WARNING]Heartbeat: group is rebalancing; this consumer needs to re-join
[2016-05-11 17:18:30,155][kafka.coordinator][WARNING]Heartbeat failed; retrying
[2016-05-11 17:18:30,255][kafka.coordinator][INFO]Skipping heartbeat: no auto-assignment or waiting on rebalance
[2016-05-11 17:18:30,664][kafka.coordinator][INFO]Joined group 'kafka-python-default-group' (generation 29) with member_id kafka-python-1.0.2-b11a8587-7c7c-4873-859e-b3baaa85584b
[2016-05-11 17:18:30,664][kafka.coordinator][INFO]Elected group leader -- performing partition assignments using range
[2016-05-11 17:18:30,664][kafka.coordinator.assignors.range][WARNING]No partition metadata for topic instanttopic
[2016-05-11 17:18:30,845][kafka.coordinator][INFO]Joined group 'kafka-python-default-group' (generation 29) with member_id kafka-python-1.0.2-b11a8587-7c7c-4873-859e-b3baaa85584b
[2016-05-11 17:18:30,845][kafka.coordinator][INFO]Elected group leader -- performing partition assignments using range
[2016-05-11 17:18:30,886][kafka.consumer.subscription_state][INFO]Updated partition assignment: [TopicPartition(topic=u'goodtopic', partition=0)]
[2016-05-11 17:18:33,980][kafka.coordinator][INFO]Heartbeat successful
[2016-05-11 17:18:36,996][kafka.coordinator][INFO]Heartbeat successful
[2016-05-11 17:18:40,007][kafka.coordinator][INFO]Heartbeat successful
[2016-05-11 17:18:43,058][kafka.coordinator][INFO]Heartbeat successful
[2016-05-11 17:18:46,070][kafka.coordinator][INFO]Heartbeat successful
[2016-05-11 17:18:49,090][kafka.coordinator][INFO]Heartbeat successful
[2016-05-11 17:18:52,146][kafka.coordinator][INFO]Heartbeat successful
[2016-05-11 17:18:55,162][kafka.coordinator][INFO]Heartbeat successful
[2016-05-11 17:18:58,179][kafka.coordinator][INFO]Heartbeat successful
[2016-05-11 17:19:01,197][kafka.coordinator][INFO]Heartbeat successful
[2016-05-11 17:19:04,252][kafka.coordinator][INFO]Heartbeat successful
[2016-05-11 17:19:07,268][kafka.coordinator][INFO]Heartbeat successful
[2016-05-11 17:19:10,286][kafka.coordinator][INFO]Heartbeat successful
[2016-05-11 17:19:13,340][kafka.coordinator][INFO]Heartbeat successful
[2016-05-11 17:19:16,352][kafka.coordinator][INFO]Heartbeat successful
[2016-05-11 17:19:19,370][kafka.coordinator][INFO]Heartbeat successful
[2016-05-11 17:19:21,926][kafka.coordinator][INFO]Heartbeat successful
[2016-05-11 17:19:24,981][kafka.coordinator][INFO]Heartbeat successful
[2016-05-11 17:19:28,127][kafka.coordinator][INFO]Heartbeat successful
[2016-05-11 17:19:31,401][kafka.coordinator][INFO]Heartbeat successful
[2016-05-11 17:19:34,441][kafka.coordinator][INFO]Heartbeat successful
[2016-05-11 17:19:37,101][kafka.coordinator][INFO]Heartbeat successful
[2016-05-11 17:19:40,116][kafka.coordinator][INFO]Heartbeat successful
[2016-05-11 17:19:43,170][kafka.coordinator][INFO]Heartbeat successful
[2016-05-11 17:19:46,184][kafka.coordinator][INFO]Heartbeat successful
[2016-05-11 17:19:49,197][kafka.coordinator][INFO]Heartbeat successful
[2016-05-11 17:19:52,215][kafka.coordinator][INFO]Heartbeat successful
[2016-05-11 17:19:55,273][kafka.coordinator][INFO]Heartbeat successful
[2016-05-11 17:19:58,298][kafka.coordinator][INFO]Heartbeat successful
[2016-05-11 17:20:01,315][kafka.coordinator][INFO]Heartbeat successful
[2016-05-11 17:20:04,371][kafka.coordinator][INFO]Heartbeat successful
[2016-05-11 17:20:07,390][kafka.coordinator][INFO]Heartbeat successful
[2016-05-11 17:20:09,906][kafka.coordinator][INFO]Heartbeat successful
[2016-05-11 17:20:12,959][kafka.coordinator][INFO]Heartbeat successful
[2016-05-11 17:20:15,982][kafka.coordinator][INFO]Heartbeat successful
[2016-05-11 17:20:19,044][kafka.coordinator][INFO]Heartbeat successful
[2016-05-11 17:20:22,062][kafka.coordinator][INFO]Heartbeat successful
[2016-05-11 17:20:25,080][kafka.coordinator][INFO]Heartbeat successful
[2016-05-11 17:20:28,134][kafka.coordinator][INFO]Heartbeat successful
[2016-05-11 17:20:31,154][kafka.coordinator][INFO]Heartbeat successful
[2016-05-11 17:20:34,174][kafka.coordinator][INFO]Heartbeat successful
[2016-05-11 17:20:37,193][kafka.coordinator][INFO]Heartbeat successful
[2016-05-11 17:20:40,247][kafka.coordinator][INFO]Heartbeat successful
[2016-05-11 17:20:43,262][kafka.coordinator][INFO]Heartbeat successful
[2016-05-11 17:20:46,278][kafka.coordinator][INFO]Heartbeat successful
[2016-05-11 17:20:49,336][kafka.coordinator][INFO]Heartbeat successful
[2016-05-11 17:20:52,348][kafka.coordinator][INFO]Heartbeat successful
[2016-05-11 17:20:55,359][kafka.coordinator][INFO]Heartbeat successful
[2016-05-11 17:20:58,415][kafka.coordinator][INFO]Heartbeat successful
