Beginning task setup

/usr/bin/flock
Using existing venv: /tmp/petrel-good-5-1462980106/venv
Task setup took 0 seconds
Launching: python -m petrel.run kafkaconsumer /home/pipe/twitterintel/twitterintel/topology/TopologyTweetTransformationGOOD/petrel10167_kafkaconsumer.log
/usr/local/lib/python2.7/dist-packages/petrel-0.9.4.0.3-py2.7.egg/petrel/run.py invoked with the following arguments: ['kafkaconsumer', '/home/pipe/twitterintel/twitterintel/topology/TopologyTweetTransformationGOOD/petrel10167_kafkaconsumer.log']
python version: 2.7.11
user=root
PATH=/tmp/petrel-good-5-1462980106/venv/bin:/root/SimpleScalar/simplesim-3.0:/root/SimpleScalar/bin:/root/SimpleScalar/gcc-2.6.3:/root/SimpleScalar/bin:/usr/local/sbin:/usr/local/bin:/usr/sbin:/usr/bin:/sbin:/bin:/usr/games:/usr/local/games:/home/pipe/Downloads/zookeeper-3.4.8/bin:/home/pipe/Downloads/apache-storm-0.9.4/bin
LD_LIBRARY_PATH=storm-local/supervisor/stormdist/good-5-1462980106/resources/Linux-amd64:storm-local/supervisor/stormdist/good-5-1462980106/resources:/usr/local/lib:/opt/local/lib:/usr/lib
PYTHON_EGG_CACHE=/tmp/petrel-good-5-1462980106/egg_cache
[2016-05-11 16:45:42,457][storm][INFO]Tuple profiling enabled. Will log tuple processing times.
[2016-05-11 16:45:42,679][storm][INFO]Task received setupInfo from Storm: {u'pidDir': u'/home/pipe/storm-local/workers/292ba846-7898-44d3-bed4-019b1fb30d16/pids', u'conf': {u'oauth.acess_token': u' 702208758362087425-HZiyl1x7Bh98cQa1WLBDYylyu10Bpl7', u'topology.tuple.serializer': u'backtype.storm.serialization.types.ListDelegateSerializer', u'topology.workers': 1, u'drpc.worker.threads': 64, u'storm.messaging.netty.client_worker_threads': 1, u'supervisor.heartbeat.frequency.secs': 5, u'topology.executor.send.buffer.size': 1024, u'drpc.childopts': u'-Xmx768m', u'nimbus.thrift.port': 6627, u'storm.zookeeper.retry.intervalceiling.millis': 30000, u'storm.local.dir': u'storm-local', u'topology.receiver.buffer.size': 8, u'storm.zookeeper.servers': [u'localhost'], u'oauth.consumer_secret': u'ADf76fi3O1lKMzBxWnjqf93l3GHv28uar3bkblkvyBrAyoA23i', u'transactional.zookeeper.root': u'/transactional', u'drpc.request.timeout.secs': 600, u'topology.skip.missing.kryo.registrations': False, u'worker.heartbeat.frequency.secs': 1, u'zmq.hwm': 0, u'storm.zookeeper.connection.timeout': 15000, u'java.library.path': u'/usr/local/lib:/opt/local/lib:/usr/lib', u'topology.max.error.report.per.interval': 5, u'storm.messaging.netty.server_worker_threads': 1, u'storm.id': u'good-5-1462980106', u'supervisor.worker.start.timeout.secs': 120, u'zmq.threads': 1, u'topology.acker.executors': None, u'storm.messaging.netty.flush.check.interval.ms': 10, u'storm.messaging.netty.transfer.batch.size': 262144, u'topology.max.task.parallelism': None, u'topology.environment': None, u'storm.zookeeper.port': 2181, u'nimbus.childopts': u'-Xmx1024m', u'topology.classpath': None, u'worker.childopts': u'-Xmx768m', u'drpc.queue.size': 128, u'topology.multilang.serializer': u'backtype.storm.multilang.JsonSerializer', u'storm.zookeeper.retry.times': 5, u'nimbus.monitor.freq.secs': 10, u'storm.cluster.mode': u'distributed', u'dev.zookeeper.path': u'/tmp/dev-storm-zookeeper', u'drpc.invocations.port': 3773, u'topology.tasks': None, u'storm.zookeeper.root': u'/storm', u'logviewer.childopts': u'-Xmx128m', u'storm.meta.serialization.delegate': u'backtype.storm.serialization.DefaultSerializationDelegate', u'transactional.zookeeper.port': None, u'topology.worker.receiver.thread.count': 1, u'topology.worker.childopts': None, u'topology.max.spout.pending': None, u'topology.kryo.register': None, u'petrel.host': u'pipe-X550CC', u'nimbus.cleanup.inbox.freq.secs': 600, u'storm.messaging.netty.min_wait_ms': 100, u'nimbus.task.timeout.secs': 30, u'nimbus.thrift.max_buffer_size': 1048576, u'topology.sleep.spout.wait.strategy.time.ms': 1, u'nimbus.reassign': True, u'storm.messaging.transport': u'backtype.storm.messaging.netty.Context', u'logviewer.appender.name': u'A1', u'nimbus.host': u'localhost', u'ui.port': 8080, u'supervisor.slots.ports': [6700, 6701, 6702, 6703], u'nimbus.file.copy.expiration.secs': 600, u'supervisor.monitor.frequency.secs': 3, u'ui.childopts': u'-Xmx768m', u'transactional.zookeeper.servers': None, u'zmq.linger.millis': 5000, u'topology.error.throttle.interval.secs': 10, u'topology.worker.shared.thread.pool.size': 4, u'topology.executor.receive.buffer.size': 1024, u'topology.spout.wait.strategy': u'backtype.storm.spout.SleepSpoutWaitStrategy', u'task.heartbeat.frequency.secs': 3, u'topology.transfer.buffer.size': 1024, u'storm.zookeeper.session.timeout': 20000, u'storm.local.mode.zmq': False, u'topology.stats.sample.rate': 0.05, u'topology.fall.back.on.java.serialization': True, u'supervisor.childopts': u'-Xmx256m', u'topology.enable.message.timeouts': True, u'storm.messaging.netty.max_wait_ms': 1000, u'nimbus.topology.validator': u'backtype.storm.nimbus.DefaultTopologyValidator', u'nimbus.supervisor.timeout.secs': 60, u'topology.disruptor.wait.strategy': u'com.lmax.disruptor.BlockingWaitStrategy', u'storm.messaging.netty.buffer_size': 5242880, u'drpc.port': 3772, u'topology.kryo.factory': u'backtype.storm.serialization.DefaultKryoFactory', u'storm.zookeeper.retry.interval': 1000, u'storm.messaging.netty.max_retries': 300, u'topology.tick.tuple.freq.secs': 30, u'supervisor.enable': True, u'nimbus.task.launch.secs': 120, u'task.refresh.poll.secs': 10, u'topology.message.timeout.secs': 30, u'oauth.acess_token_secret': u'IiNOTfgE3tEZvW2HDQhRKPMoOLU43NXJCXk8maj51SdAT', u'petrel.user': u'root', u'nimbus.inbox.jar.expiration.secs': 3600, u'topology.state.synchronization.timeout.secs': 60, u'topology.name': u'good', u'supervisor.worker.timeout.secs': 30, u'topology.trident.batch.emit.interval.millis': 500, u'topology.builtin.metrics.bucket.size.secs': 60, u'storm.thrift.transport': u'backtype.storm.security.auth.SimpleTransportPlugin', u'logviewer.port': 8000, u'oauth.consumer_key': u'eaFmBSxUveRJfmyZYeabti9Q9', u'topology.kryo.decorators': [], u'topology.debug': False}, u'context': {u'task->component': {u'1': u'CountThreeWords', u'3': u'CountWord', u'2': u'CountTwoWords', u'5': u'ThreeWordDivider', u'4': u'KafkaConsumer', u'7': u'WordDivider', u'6': u'TwoWordDivider', u'8': u'__acker'}, u'taskid': 4}}
[2016-05-11 16:45:42,685][storm][INFO]Task sent pid to Storm
[2016-05-11 16:45:42,837][kafka.client][INFO]Broker version identifed as 0.9
[2016-05-11 16:45:42,856][kafka.consumer.subscription_state][INFO]Updating subscribed topics to: ['goodtopic']
[2016-05-11 16:45:42,936][kafka.cluster][INFO]Group coordinator for kafka-python-default-group is BrokerMetadata(nodeId=0, host=u'pipe-X550CC', port=9092)
[2016-05-11 16:45:47,540][kafka.coordinator][INFO]Joined group 'kafka-python-default-group' (generation 11) with member_id kafka-python-1.0.2-190ec4d2-a89c-4064-8b9b-b946edd85ed9
[2016-05-11 16:45:47,725][kafka.consumer.subscription_state][INFO]Updated partition assignment: [TopicPartition(topic=u'goodtopic', partition=0)]
[2016-05-11 16:45:50,777][kafka.coordinator][INFO]Heartbeat successful
[2016-05-11 16:45:53,797][kafka.coordinator][INFO]Heartbeat successful
[2016-05-11 16:45:56,813][kafka.coordinator][INFO]Heartbeat successful
[2016-05-11 16:45:59,871][kafka.coordinator][INFO]Heartbeat successful
[2016-05-11 16:46:02,888][kafka.coordinator][INFO]Heartbeat successful
[2016-05-11 16:46:05,901][kafka.coordinator][INFO]Heartbeat successful
[2016-05-11 16:46:08,958][kafka.coordinator][INFO]Heartbeat successful
[2016-05-11 16:46:11,977][kafka.coordinator][INFO]Heartbeat successful
[2016-05-11 16:46:14,995][kafka.coordinator][INFO]Heartbeat successful
[2016-05-11 16:46:18,014][kafka.coordinator][INFO]Heartbeat successful
[2016-05-11 16:46:21,072][kafka.coordinator][INFO]Heartbeat successful
[2016-05-11 16:46:24,089][kafka.coordinator][INFO]Heartbeat successful
[2016-05-11 16:46:27,104][kafka.coordinator][INFO]Heartbeat successful
[2016-05-11 16:46:30,166][kafka.coordinator][INFO]Heartbeat successful
[2016-05-11 16:46:33,184][kafka.coordinator][INFO]Heartbeat successful
[2016-05-11 16:46:36,197][kafka.coordinator][INFO]Heartbeat successful
[2016-05-11 16:46:38,756][kafka.coordinator][INFO]Heartbeat successful
[2016-05-11 16:46:41,814][kafka.coordinator][INFO]Heartbeat successful
[2016-05-11 16:46:44,836][kafka.coordinator][INFO]Heartbeat successful
[2016-05-11 16:46:47,852][kafka.coordinator][INFO]Heartbeat successful
[2016-05-11 16:46:50,909][kafka.coordinator][INFO]Heartbeat successful
[2016-05-11 16:46:53,925][kafka.coordinator][INFO]Heartbeat successful
[2016-05-11 16:46:56,948][kafka.coordinator][INFO]Heartbeat successful
[2016-05-11 16:47:00,007][kafka.coordinator][INFO]Heartbeat successful
[2016-05-11 16:47:03,030][kafka.coordinator][INFO]Heartbeat successful
[2016-05-11 16:47:06,048][kafka.coordinator][INFO]Heartbeat successful
[2016-05-11 16:47:09,108][kafka.coordinator][INFO]Heartbeat successful
[2016-05-11 16:47:12,123][kafka.coordinator][INFO]Heartbeat successful
[2016-05-11 16:47:15,143][kafka.coordinator][INFO]Heartbeat successful
[2016-05-11 16:47:18,162][kafka.coordinator][INFO]Heartbeat successful
[2016-05-11 16:47:21,222][kafka.coordinator][INFO]Heartbeat successful
[2016-05-11 16:47:24,245][kafka.coordinator][INFO]Heartbeat successful
[2016-05-11 16:47:26,757][kafka.coordinator][INFO]Heartbeat successful
[2016-05-11 16:47:29,824][kafka.coordinator][INFO]Heartbeat successful
[2016-05-11 16:47:32,845][kafka.coordinator][INFO]Heartbeat successful
[2016-05-11 16:47:35,909][kafka.coordinator][INFO]Heartbeat successful
[2016-05-11 16:47:38,933][kafka.coordinator][INFO]Heartbeat successful
[2016-05-11 16:47:41,950][kafka.coordinator][INFO]Heartbeat successful
[2016-05-11 16:47:45,008][kafka.coordinator][INFO]Heartbeat successful
[2016-05-11 16:47:48,030][kafka.coordinator][INFO]Heartbeat successful
[2016-05-11 16:47:51,092][kafka.coordinator][INFO]Heartbeat successful
[2016-05-11 16:47:54,104][kafka.coordinator][INFO]Heartbeat successful
[2016-05-11 16:47:57,120][kafka.coordinator][INFO]Heartbeat successful
[2016-05-11 16:48:00,180][kafka.coordinator][INFO]Heartbeat successful
[2016-05-11 16:48:03,196][kafka.coordinator][INFO]Heartbeat successful
[2016-05-11 16:48:06,215][kafka.coordinator][INFO]Heartbeat successful
[2016-05-11 16:48:09,239][kafka.coordinator][INFO]Heartbeat successful
[2016-05-11 16:48:11,797][kafka.coordinator][INFO]Heartbeat successful
[2016-05-11 16:48:14,820][kafka.coordinator][INFO]Heartbeat successful
[2016-05-11 16:48:17,834][kafka.coordinator][INFO]Heartbeat successful
[2016-05-11 16:48:20,891][kafka.coordinator][INFO]Heartbeat successful
[2016-05-11 16:48:23,905][kafka.coordinator][INFO]Heartbeat successful
[2016-05-11 16:48:26,924][kafka.coordinator][INFO]Heartbeat successful
[2016-05-11 16:48:29,974][kafka.coordinator][INFO]Heartbeat successful
[2016-05-11 16:48:32,988][kafka.coordinator][INFO]Heartbeat successful
[2016-05-11 16:48:36,000][kafka.coordinator][INFO]Heartbeat successful
[2016-05-11 16:48:39,019][kafka.coordinator][INFO]Heartbeat successful
[2016-05-11 16:48:42,079][kafka.coordinator][INFO]Heartbeat successful
[2016-05-11 16:48:45,100][kafka.coordinator][INFO]Heartbeat successful
[2016-05-11 16:48:48,113][kafka.coordinator][WARNING]Heartbeat: group is rebalancing; this consumer needs to re-join
[2016-05-11 16:48:48,113][kafka.coordinator][WARNING]Heartbeat failed; retrying
[2016-05-11 16:48:48,215][kafka.coordinator][INFO]Skipping heartbeat: no auto-assignment or waiting on rebalance
[2016-05-11 16:48:48,619][kafka.coordinator][INFO]Joined group 'kafka-python-default-group' (generation 12) with member_id kafka-python-1.0.2-190ec4d2-a89c-4064-8b9b-b946edd85ed9
[2016-05-11 16:48:48,619][kafka.coordinator][INFO]Elected group leader -- performing partition assignments using range
[2016-05-11 16:48:48,664][kafka.consumer.subscription_state][INFO]Updated partition assignment: [TopicPartition(topic=u'goodtopic', partition=0)]
[2016-05-11 16:48:51,765][kafka.coordinator][INFO]Heartbeat successful
[2016-05-11 16:48:54,778][kafka.coordinator][WARNING]Heartbeat: group is rebalancing; this consumer needs to re-join
[2016-05-11 16:48:54,779][kafka.coordinator][WARNING]Heartbeat failed; retrying
[2016-05-11 16:48:54,879][kafka.coordinator][INFO]Skipping heartbeat: no auto-assignment or waiting on rebalance
[2016-05-11 16:48:55,288][kafka.coordinator][INFO]Joined group 'kafka-python-default-group' (generation 13) with member_id kafka-python-1.0.2-190ec4d2-a89c-4064-8b9b-b946edd85ed9
[2016-05-11 16:48:55,289][kafka.coordinator][INFO]Elected group leader -- performing partition assignments using range
[2016-05-11 16:48:55,289][kafka.coordinator.assignors.range][WARNING]No partition metadata for topic instanttopic
[2016-05-11 16:48:55,469][kafka.coordinator][INFO]Joined group 'kafka-python-default-group' (generation 13) with member_id kafka-python-1.0.2-190ec4d2-a89c-4064-8b9b-b946edd85ed9
[2016-05-11 16:48:55,469][kafka.coordinator][INFO]Elected group leader -- performing partition assignments using range
[2016-05-11 16:48:55,510][kafka.consumer.subscription_state][INFO]Updated partition assignment: [TopicPartition(topic=u'goodtopic', partition=0)]
[2016-05-11 16:48:58,607][kafka.coordinator][INFO]Heartbeat successful
[2016-05-11 16:49:01,631][kafka.coordinator][INFO]Heartbeat successful
[2016-05-11 16:49:04,643][kafka.coordinator][INFO]Heartbeat successful
[2016-05-11 16:49:07,697][kafka.coordinator][INFO]Heartbeat successful
[2016-05-11 16:49:10,716][kafka.coordinator][INFO]Heartbeat successful
[2016-05-11 16:49:13,735][kafka.coordinator][INFO]Heartbeat successful
[2016-05-11 16:49:16,789][kafka.coordinator][INFO]Heartbeat successful
[2016-05-11 16:49:19,804][kafka.coordinator][INFO]Heartbeat successful
[2016-05-11 16:49:22,825][kafka.coordinator][INFO]Heartbeat successful
[2016-05-11 16:49:25,843][kafka.coordinator][INFO]Heartbeat successful
[2016-05-11 16:49:28,900][kafka.coordinator][INFO]Heartbeat successful
[2016-05-11 16:49:31,913][kafka.coordinator][INFO]Heartbeat successful
[2016-05-11 16:49:34,930][kafka.coordinator][INFO]Heartbeat successful
[2016-05-11 16:49:37,982][kafka.coordinator][INFO]Heartbeat successful
[2016-05-11 16:49:40,993][kafka.coordinator][INFO]Heartbeat successful
[2016-05-11 16:49:44,008][kafka.coordinator][INFO]Heartbeat successful
[2016-05-11 16:49:46,558][kafka.coordinator][INFO]Heartbeat successful
[2016-05-11 16:49:49,606][kafka.coordinator][INFO]Heartbeat successful
[2016-05-11 16:49:52,622][kafka.coordinator][INFO]Heartbeat successful
[2016-05-11 16:49:55,645][kafka.coordinator][INFO]Heartbeat successful
[2016-05-11 16:49:58,701][kafka.coordinator][INFO]Heartbeat successful
[2016-05-11 16:50:01,715][kafka.coordinator][INFO]Heartbeat successful
[2016-05-11 16:50:04,731][kafka.coordinator][INFO]Heartbeat successful
[2016-05-11 16:50:07,784][kafka.coordinator][INFO]Heartbeat successful
[2016-05-11 16:50:10,798][kafka.coordinator][INFO]Heartbeat successful
[2016-05-11 16:50:13,816][kafka.coordinator][INFO]Heartbeat successful
[2016-05-11 16:50:16,870][kafka.coordinator][INFO]Heartbeat successful
[2016-05-11 16:50:19,886][kafka.coordinator][INFO]Heartbeat successful
[2016-05-11 16:50:22,909][kafka.coordinator][INFO]Heartbeat successful
[2016-05-11 16:50:25,922][kafka.coordinator][INFO]Heartbeat successful
[2016-05-11 16:50:28,974][kafka.coordinator][INFO]Heartbeat successful
[2016-05-11 16:50:31,990][kafka.coordinator][INFO]Heartbeat successful
[2016-05-11 16:50:35,008][kafka.coordinator][INFO]Heartbeat successful
[2016-05-11 16:50:37,561][kafka.coordinator][INFO]Heartbeat successful
[2016-05-11 16:50:40,613][kafka.coordinator][INFO]Heartbeat successful
[2016-05-11 16:50:43,635][kafka.coordinator][INFO]Heartbeat successful
[2016-05-11 16:50:46,660][kafka.coordinator][INFO]Heartbeat successful
[2016-05-11 16:50:49,724][kafka.coordinator][INFO]Heartbeat successful
[2016-05-11 16:50:52,744][kafka.coordinator][INFO]Heartbeat successful
[2016-05-11 16:50:55,765][kafka.coordinator][INFO]Heartbeat successful
[2016-05-11 16:50:58,779][kafka.coordinator][INFO]Heartbeat successful
[2016-05-11 16:51:01,799][kafka.coordinator][INFO]Heartbeat successful
[2016-05-11 16:51:04,858][kafka.coordinator][INFO]Heartbeat successful
[2016-05-11 16:51:07,880][kafka.coordinator][INFO]Heartbeat successful
[2016-05-11 16:51:10,895][kafka.coordinator][INFO]Heartbeat successful
