Beginning task setup

/usr/bin/flock
Using existing venv: /tmp/petrel-good-5-1462980106/venv
Task setup took 0 seconds
Launching: python -m petrel.run kafkaconsumer /home/pipe/twitterintel/twitterintel/topology/TopologyTweetTransformationGOOD/petrel20090_kafkaconsumer.log
/usr/local/lib/python2.7/dist-packages/petrel-0.9.4.0.3-py2.7.egg/petrel/run.py invoked with the following arguments: ['kafkaconsumer', '/home/pipe/twitterintel/twitterintel/topology/TopologyTweetTransformationGOOD/petrel20090_kafkaconsumer.log']
python version: 2.7.11
user=root
PATH=/tmp/petrel-good-5-1462980106/venv/bin:/root/SimpleScalar/simplesim-3.0:/root/SimpleScalar/bin:/root/SimpleScalar/gcc-2.6.3:/root/SimpleScalar/bin:/usr/local/sbin:/usr/local/bin:/usr/sbin:/usr/bin:/sbin:/bin:/usr/games:/usr/local/games:/home/pipe/Downloads/zookeeper-3.4.8/bin:/home/pipe/Downloads/apache-storm-0.9.4/bin
LD_LIBRARY_PATH=storm-local/supervisor/stormdist/good-5-1462980106/resources/Linux-amd64:storm-local/supervisor/stormdist/good-5-1462980106/resources:/usr/local/lib:/opt/local/lib:/usr/lib
PYTHON_EGG_CACHE=/tmp/petrel-good-5-1462980106/egg_cache
[2016-05-11 17:27:24,708][storm][INFO]Tuple profiling enabled. Will log tuple processing times.
[2016-05-11 17:27:30,166][storm][INFO]Task received setupInfo from Storm: {u'pidDir': u'/home/pipe/storm-local/workers/d195ca4e-fde4-41a8-ad2b-8a19de634574/pids', u'conf': {u'oauth.acess_token': u' 702208758362087425-HZiyl1x7Bh98cQa1WLBDYylyu10Bpl7', u'topology.tuple.serializer': u'backtype.storm.serialization.types.ListDelegateSerializer', u'topology.workers': 1, u'drpc.worker.threads': 64, u'storm.messaging.netty.client_worker_threads': 1, u'supervisor.heartbeat.frequency.secs': 5, u'topology.executor.send.buffer.size': 1024, u'drpc.childopts': u'-Xmx768m', u'nimbus.thrift.port': 6627, u'storm.zookeeper.retry.intervalceiling.millis': 30000, u'storm.local.dir': u'storm-local', u'topology.receiver.buffer.size': 8, u'storm.zookeeper.servers': [u'localhost'], u'oauth.consumer_secret': u'ADf76fi3O1lKMzBxWnjqf93l3GHv28uar3bkblkvyBrAyoA23i', u'transactional.zookeeper.root': u'/transactional', u'drpc.request.timeout.secs': 600, u'topology.skip.missing.kryo.registrations': False, u'worker.heartbeat.frequency.secs': 1, u'zmq.hwm': 0, u'storm.zookeeper.connection.timeout': 15000, u'java.library.path': u'/usr/local/lib:/opt/local/lib:/usr/lib', u'topology.max.error.report.per.interval': 5, u'storm.messaging.netty.server_worker_threads': 1, u'storm.id': u'good-5-1462980106', u'supervisor.worker.start.timeout.secs': 120, u'zmq.threads': 1, u'topology.acker.executors': None, u'storm.messaging.netty.flush.check.interval.ms': 10, u'storm.messaging.netty.transfer.batch.size': 262144, u'topology.max.task.parallelism': None, u'topology.environment': None, u'storm.zookeeper.port': 2181, u'nimbus.childopts': u'-Xmx1024m', u'topology.classpath': None, u'worker.childopts': u'-Xmx768m', u'drpc.queue.size': 128, u'topology.multilang.serializer': u'backtype.storm.multilang.JsonSerializer', u'storm.zookeeper.retry.times': 5, u'nimbus.monitor.freq.secs': 10, u'storm.cluster.mode': u'distributed', u'dev.zookeeper.path': u'/tmp/dev-storm-zookeeper', u'drpc.invocations.port': 3773, u'topology.tasks': None, u'storm.zookeeper.root': u'/storm', u'logviewer.childopts': u'-Xmx128m', u'storm.meta.serialization.delegate': u'backtype.storm.serialization.DefaultSerializationDelegate', u'transactional.zookeeper.port': None, u'topology.worker.receiver.thread.count': 1, u'topology.worker.childopts': None, u'topology.max.spout.pending': None, u'topology.kryo.register': None, u'petrel.host': u'pipe-X550CC', u'nimbus.cleanup.inbox.freq.secs': 600, u'storm.messaging.netty.min_wait_ms': 100, u'nimbus.task.timeout.secs': 30, u'nimbus.thrift.max_buffer_size': 1048576, u'topology.sleep.spout.wait.strategy.time.ms': 1, u'nimbus.reassign': True, u'storm.messaging.transport': u'backtype.storm.messaging.netty.Context', u'logviewer.appender.name': u'A1', u'nimbus.host': u'localhost', u'ui.port': 8080, u'supervisor.slots.ports': [6700, 6701, 6702, 6703], u'nimbus.file.copy.expiration.secs': 600, u'supervisor.monitor.frequency.secs': 3, u'ui.childopts': u'-Xmx768m', u'transactional.zookeeper.servers': None, u'zmq.linger.millis': 5000, u'topology.error.throttle.interval.secs': 10, u'topology.worker.shared.thread.pool.size': 4, u'topology.executor.receive.buffer.size': 1024, u'topology.spout.wait.strategy': u'backtype.storm.spout.SleepSpoutWaitStrategy', u'task.heartbeat.frequency.secs': 3, u'topology.transfer.buffer.size': 1024, u'storm.zookeeper.session.timeout': 20000, u'storm.local.mode.zmq': False, u'topology.stats.sample.rate': 0.05, u'topology.fall.back.on.java.serialization': True, u'supervisor.childopts': u'-Xmx256m', u'topology.enable.message.timeouts': True, u'storm.messaging.netty.max_wait_ms': 1000, u'nimbus.topology.validator': u'backtype.storm.nimbus.DefaultTopologyValidator', u'nimbus.supervisor.timeout.secs': 60, u'topology.disruptor.wait.strategy': u'com.lmax.disruptor.BlockingWaitStrategy', u'storm.messaging.netty.buffer_size': 5242880, u'drpc.port': 3772, u'topology.kryo.factory': u'backtype.storm.serialization.DefaultKryoFactory', u'storm.zookeeper.retry.interval': 1000, u'storm.messaging.netty.max_retries': 300, u'topology.tick.tuple.freq.secs': 30, u'supervisor.enable': True, u'nimbus.task.launch.secs': 120, u'task.refresh.poll.secs': 10, u'topology.message.timeout.secs': 30, u'oauth.acess_token_secret': u'IiNOTfgE3tEZvW2HDQhRKPMoOLU43NXJCXk8maj51SdAT', u'petrel.user': u'root', u'nimbus.inbox.jar.expiration.secs': 3600, u'topology.state.synchronization.timeout.secs': 60, u'topology.name': u'good', u'supervisor.worker.timeout.secs': 30, u'topology.trident.batch.emit.interval.millis': 500, u'topology.builtin.metrics.bucket.size.secs': 60, u'storm.thrift.transport': u'backtype.storm.security.auth.SimpleTransportPlugin', u'logviewer.port': 8000, u'oauth.consumer_key': u'eaFmBSxUveRJfmyZYeabti9Q9', u'topology.kryo.decorators': [], u'topology.debug': False}, u'context': {u'task->component': {u'1': u'CountThreeWords', u'3': u'CountWord', u'2': u'CountTwoWords', u'5': u'ThreeWordDivider', u'4': u'KafkaConsumer', u'7': u'WordDivider', u'6': u'TwoWordDivider', u'8': u'__acker'}, u'taskid': 4}}
[2016-05-11 17:27:30,189][storm][INFO]Task sent pid to Storm
[2016-05-11 17:27:31,007][kafka.client][INFO]Broker version identifed as 0.9
[2016-05-11 17:27:31,026][kafka.consumer.subscription_state][INFO]Updating subscribed topics to: ['goodtopic']
[2016-05-11 17:27:31,069][kafka.cluster][INFO]Group coordinator for kafka-python-default-group is BrokerMetadata(nodeId=0, host=u'pipe-X550CC', port=9092)
[2016-05-11 17:27:31,751][kafka.coordinator][INFO]Joined group 'kafka-python-default-group' (generation 33) with member_id kafka-python-1.0.2-fdc71f8a-1f1d-4d24-91a9-743f481fb2ea
[2016-05-11 17:27:32,019][kafka.consumer.subscription_state][INFO]Updated partition assignment: [TopicPartition(topic=u'goodtopic', partition=0)]
[2016-05-11 17:27:35,074][kafka.coordinator][INFO]Heartbeat successful
[2016-05-11 17:27:38,165][kafka.coordinator][INFO]Heartbeat successful
[2016-05-11 17:27:41,287][kafka.coordinator][INFO]Heartbeat successful
[2016-05-11 17:27:44,348][kafka.coordinator][INFO]Heartbeat successful
[2016-05-11 17:27:47,433][kafka.coordinator][INFO]Heartbeat successful
[2016-05-11 17:27:50,104][kafka.coordinator][INFO]Heartbeat successful
[2016-05-11 17:27:53,135][kafka.coordinator][INFO]Heartbeat successful
[2016-05-11 17:27:56,147][kafka.coordinator][INFO]Heartbeat successful
[2016-05-11 17:27:59,209][kafka.coordinator][INFO]Heartbeat successful
[2016-05-11 17:28:02,234][kafka.coordinator][INFO]Heartbeat successful
[2016-05-11 17:28:05,254][kafka.coordinator][INFO]Heartbeat successful
[2016-05-11 17:28:08,315][kafka.coordinator][INFO]Heartbeat successful
[2016-05-11 17:28:11,333][kafka.coordinator][INFO]Heartbeat successful
[2016-05-11 17:28:14,418][kafka.coordinator][INFO]Heartbeat successful
[2016-05-11 17:28:17,466][kafka.coordinator][INFO]Heartbeat successful
[2016-05-11 17:28:20,518][kafka.coordinator][INFO]Heartbeat successful
[2016-05-11 17:28:23,031][kafka.coordinator][INFO]Heartbeat successful
[2016-05-11 17:28:26,086][kafka.coordinator][INFO]Heartbeat successful
[2016-05-11 17:28:29,158][kafka.coordinator][INFO]Heartbeat successful
[2016-05-11 17:28:32,240][kafka.coordinator][INFO]Heartbeat successful
[2016-05-11 17:28:35,304][kafka.coordinator][INFO]Heartbeat successful
[2016-05-11 17:28:38,322][kafka.coordinator][INFO]Heartbeat successful
[2016-05-11 17:28:41,344][kafka.coordinator][INFO]Heartbeat successful
[2016-05-11 17:28:44,406][kafka.coordinator][INFO]Heartbeat successful
[2016-05-11 17:28:47,425][kafka.coordinator][INFO]Heartbeat successful
[2016-05-11 17:28:50,446][kafka.coordinator][INFO]Heartbeat successful
[2016-05-11 17:28:53,459][kafka.coordinator][INFO]Heartbeat successful
[2016-05-11 17:28:56,313][kafka.coordinator][INFO]Heartbeat successful
[2016-05-11 17:28:59,333][kafka.coordinator][INFO]Heartbeat successful
[2016-05-11 17:29:02,353][kafka.coordinator][INFO]Heartbeat successful
[2016-05-11 17:29:05,411][kafka.coordinator][INFO]Heartbeat successful
[2016-05-11 17:29:08,446][kafka.coordinator][INFO]Heartbeat successful
[2016-05-11 17:29:11,467][kafka.coordinator][INFO]Heartbeat successful
[2016-05-11 17:29:14,532][kafka.coordinator][INFO]Heartbeat successful
[2016-05-11 17:29:17,048][kafka.coordinator][INFO]Heartbeat successful
[2016-05-11 17:29:20,112][kafka.coordinator][INFO]Heartbeat successful
[2016-05-11 17:29:23,135][kafka.coordinator][INFO]Heartbeat successful
[2016-05-11 17:29:26,195][kafka.coordinator][INFO]Heartbeat successful
[2016-05-11 17:29:29,214][kafka.coordinator][INFO]Heartbeat successful
[2016-05-11 17:29:32,238][kafka.coordinator][INFO]Heartbeat successful
[2016-05-11 17:29:35,418][kafka.coordinator][INFO]Heartbeat successful
[2016-05-11 17:29:38,127][kafka.coordinator][INFO]Heartbeat successful
[2016-05-11 17:29:41,414][kafka.coordinator][INFO]Heartbeat successful
[2016-05-11 17:29:44,434][kafka.coordinator][INFO]Heartbeat successful
[2016-05-11 17:29:47,455][kafka.coordinator][INFO]Heartbeat successful
[2016-05-11 17:29:50,516][kafka.coordinator][INFO]Heartbeat successful
[2016-05-11 17:29:53,533][kafka.coordinator][INFO]Heartbeat successful
[2016-05-11 17:29:56,549][kafka.coordinator][INFO]Heartbeat successful
[2016-05-11 17:29:59,069][kafka.coordinator][INFO]Heartbeat successful
[2016-05-11 17:30:02,124][kafka.coordinator][INFO]Heartbeat successful
[2016-05-11 17:30:05,135][kafka.coordinator][INFO]Heartbeat successful
[2016-05-11 17:30:08,189][kafka.coordinator][INFO]Heartbeat successful
[2016-05-11 17:30:11,207][kafka.coordinator][INFO]Heartbeat successful
[2016-05-11 17:30:14,218][kafka.coordinator][WARNING]Heartbeat: group is rebalancing; this consumer needs to re-join
[2016-05-11 17:30:14,218][kafka.coordinator][WARNING]Heartbeat failed; retrying
[2016-05-11 17:30:14,318][kafka.coordinator][INFO]Skipping heartbeat: no auto-assignment or waiting on rebalance
[2016-05-11 17:30:14,727][kafka.coordinator][INFO]Joined group 'kafka-python-default-group' (generation 34) with member_id kafka-python-1.0.2-fdc71f8a-1f1d-4d24-91a9-743f481fb2ea
[2016-05-11 17:30:14,727][kafka.coordinator][INFO]Elected group leader -- performing partition assignments using range
[2016-05-11 17:30:14,769][kafka.consumer.subscription_state][INFO]Updated partition assignment: [TopicPartition(topic=u'goodtopic', partition=0)]
[2016-05-11 17:30:17,864][kafka.coordinator][INFO]Heartbeat successful
[2016-05-11 17:30:20,877][kafka.coordinator][INFO]Heartbeat successful
[2016-05-11 17:30:23,891][kafka.coordinator][WARNING]Heartbeat: group is rebalancing; this consumer needs to re-join
[2016-05-11 17:30:23,891][kafka.coordinator][WARNING]Heartbeat failed; retrying
[2016-05-11 17:30:23,992][kafka.coordinator][INFO]Skipping heartbeat: no auto-assignment or waiting on rebalance
[2016-05-11 17:30:24,442][kafka.coordinator][INFO]Joined group 'kafka-python-default-group' (generation 35) with member_id kafka-python-1.0.2-fdc71f8a-1f1d-4d24-91a9-743f481fb2ea
[2016-05-11 17:30:24,442][kafka.coordinator][INFO]Elected group leader -- performing partition assignments using range
[2016-05-11 17:30:24,443][kafka.coordinator.assignors.range][WARNING]No partition metadata for topic instanttopic
[2016-05-11 17:30:24,590][kafka.coordinator][INFO]Joined group 'kafka-python-default-group' (generation 35) with member_id kafka-python-1.0.2-fdc71f8a-1f1d-4d24-91a9-743f481fb2ea
[2016-05-11 17:30:24,591][kafka.coordinator][INFO]Elected group leader -- performing partition assignments using range
[2016-05-11 17:30:24,635][kafka.consumer.subscription_state][INFO]Updated partition assignment: [TopicPartition(topic=u'goodtopic', partition=0)]
[2016-05-11 17:30:27,736][kafka.coordinator][INFO]Heartbeat successful
[2016-05-11 17:30:30,753][kafka.coordinator][INFO]Heartbeat successful
[2016-05-11 17:30:33,776][kafka.coordinator][INFO]Heartbeat successful
[2016-05-11 17:30:36,838][kafka.coordinator][INFO]Heartbeat successful
[2016-05-11 17:30:39,858][kafka.coordinator][INFO]Heartbeat successful
[2016-05-11 17:30:42,881][kafka.coordinator][INFO]Heartbeat successful
[2016-05-11 17:30:45,944][kafka.coordinator][INFO]Heartbeat successful
[2016-05-11 17:30:48,963][kafka.coordinator][INFO]Heartbeat successful
[2016-05-11 17:30:51,978][kafka.coordinator][INFO]Heartbeat successful
[2016-05-11 17:30:54,993][kafka.coordinator][INFO]Heartbeat successful
[2016-05-11 17:30:58,050][kafka.coordinator][INFO]Heartbeat successful
[2016-05-11 17:31:01,066][kafka.coordinator][INFO]Heartbeat successful
[2016-05-11 17:31:04,082][kafka.coordinator][INFO]Heartbeat successful
[2016-05-11 17:31:07,139][kafka.coordinator][INFO]Heartbeat successful
[2016-05-11 17:31:09,652][kafka.coordinator][INFO]Heartbeat successful
[2016-05-11 17:31:12,710][kafka.coordinator][INFO]Heartbeat successful
[2016-05-11 17:31:15,771][kafka.coordinator][INFO]Heartbeat successful
[2016-05-11 17:31:18,787][kafka.coordinator][INFO]Heartbeat successful
[2016-05-11 17:31:21,801][kafka.coordinator][INFO]Heartbeat successful
[2016-05-11 17:31:24,814][kafka.coordinator][INFO]Heartbeat successful
[2016-05-11 17:31:27,873][kafka.coordinator][INFO]Heartbeat successful
[2016-05-11 17:31:30,890][kafka.coordinator][INFO]Heartbeat successful
[2016-05-11 17:31:33,905][kafka.coordinator][INFO]Heartbeat successful
[2016-05-11 17:31:36,963][kafka.coordinator][INFO]Heartbeat successful
[2016-05-11 17:31:39,981][kafka.coordinator][INFO]Heartbeat successful
[2016-05-11 17:31:43,002][kafka.coordinator][INFO]Heartbeat successful
[2016-05-11 17:31:46,058][kafka.coordinator][INFO]Heartbeat successful
[2016-05-11 17:31:49,074][kafka.coordinator][INFO]Heartbeat successful
[2016-05-11 17:31:52,091][kafka.coordinator][INFO]Heartbeat successful
[2016-05-11 17:31:55,103][kafka.coordinator][INFO]Heartbeat successful
[2016-05-11 17:31:57,661][kafka.coordinator][INFO]Heartbeat successful
[2016-05-11 17:32:00,720][kafka.coordinator][INFO]Heartbeat successful
[2016-05-11 17:32:03,735][kafka.coordinator][INFO]Heartbeat successful
[2016-05-11 17:32:06,787][kafka.coordinator][INFO]Heartbeat successful
[2016-05-11 17:32:09,801][kafka.coordinator][INFO]Heartbeat successful
[2016-05-11 17:32:12,817][kafka.coordinator][INFO]Heartbeat successful
[2016-05-11 17:32:15,831][kafka.coordinator][INFO]Heartbeat successful
[2016-05-11 17:32:18,888][kafka.coordinator][INFO]Heartbeat successful
[2016-05-11 17:32:21,903][kafka.coordinator][INFO]Heartbeat successful
[2016-05-11 17:32:24,918][kafka.coordinator][INFO]Heartbeat successful
[2016-05-11 17:32:27,976][kafka.coordinator][INFO]Heartbeat successful
[2016-05-11 17:32:30,992][kafka.coordinator][INFO]Heartbeat successful
[2016-05-11 17:32:34,011][kafka.coordinator][INFO]Heartbeat successful
[2016-05-11 17:32:37,063][kafka.coordinator][INFO]Heartbeat successful
[2016-05-11 17:32:40,081][kafka.coordinator][INFO]Heartbeat successful
[2016-05-11 17:32:43,101][kafka.coordinator][INFO]Heartbeat successful
[2016-05-11 17:32:46,123][kafka.coordinator][INFO]Heartbeat successful
