Beginning task setup

/usr/bin/flock
Using existing venv: /tmp/petrel-test-4-1462969332/venv
Task setup took 0 seconds
Launching: python -m petrel.run kafkaconsumer /home/pipe/twitterintel/twitterintel/topology/TopologyTweetTransformationSPAM/petrel3997_kafkaconsumer.log
/usr/local/lib/python2.7/dist-packages/petrel-0.9.4.0.3-py2.7.egg/petrel/run.py invoked with the following arguments: ['kafkaconsumer', '/home/pipe/twitterintel/twitterintel/topology/TopologyTweetTransformationSPAM/petrel3997_kafkaconsumer.log']
python version: 2.7.11
user=root
PATH=/tmp/petrel-test-4-1462969332/venv/bin:/root/SimpleScalar/simplesim-3.0:/root/SimpleScalar/bin:/root/SimpleScalar/gcc-2.6.3:/root/SimpleScalar/bin:/usr/local/sbin:/usr/local/bin:/usr/sbin:/usr/bin:/sbin:/bin:/usr/games:/usr/local/games:/home/pipe/Downloads/zookeeper-3.4.8/bin:/home/pipe/Downloads/apache-storm-0.9.4/bin
LD_LIBRARY_PATH=storm-local/supervisor/stormdist/test-4-1462969332/resources/Linux-amd64:storm-local/supervisor/stormdist/test-4-1462969332/resources:/usr/local/lib:/opt/local/lib:/usr/lib
PYTHON_EGG_CACHE=/tmp/petrel-test-4-1462969332/egg_cache
[2016-05-11 18:52:26,615][storm][INFO]Tuple profiling enabled. Will log tuple processing times.
[2016-05-11 18:52:26,935][storm][INFO]Task received setupInfo from Storm: {u'pidDir': u'/home/pipe/storm-local/workers/1a1461b9-5345-488c-bc37-a66c5a6cc697/pids', u'conf': {u'oauth.acess_token': u' 702208758362087425-HZiyl1x7Bh98cQa1WLBDYylyu10Bpl7', u'topology.tuple.serializer': u'backtype.storm.serialization.types.ListDelegateSerializer', u'topology.workers': 1, u'drpc.worker.threads': 64, u'storm.messaging.netty.client_worker_threads': 1, u'supervisor.heartbeat.frequency.secs': 5, u'topology.executor.send.buffer.size': 1024, u'drpc.childopts': u'-Xmx768m', u'nimbus.thrift.port': 6627, u'storm.zookeeper.retry.intervalceiling.millis': 30000, u'storm.local.dir': u'storm-local', u'topology.receiver.buffer.size': 8, u'storm.zookeeper.servers': [u'localhost'], u'oauth.consumer_secret': u'ADf76fi3O1lKMzBxWnjqf93l3GHv28uar3bkblkvyBrAyoA23i', u'transactional.zookeeper.root': u'/transactional', u'drpc.request.timeout.secs': 600, u'topology.skip.missing.kryo.registrations': False, u'worker.heartbeat.frequency.secs': 1, u'zmq.hwm': 0, u'storm.zookeeper.connection.timeout': 15000, u'java.library.path': u'/usr/local/lib:/opt/local/lib:/usr/lib', u'topology.max.error.report.per.interval': 5, u'storm.messaging.netty.server_worker_threads': 1, u'storm.id': u'test-4-1462969332', u'supervisor.worker.start.timeout.secs': 120, u'zmq.threads': 1, u'topology.acker.executors': None, u'storm.messaging.netty.flush.check.interval.ms': 10, u'storm.messaging.netty.transfer.batch.size': 262144, u'topology.max.task.parallelism': None, u'topology.environment': None, u'storm.zookeeper.port': 2181, u'nimbus.childopts': u'-Xmx1024m', u'topology.classpath': None, u'worker.childopts': u'-Xmx768m', u'drpc.queue.size': 128, u'topology.multilang.serializer': u'backtype.storm.multilang.JsonSerializer', u'storm.zookeeper.retry.times': 5, u'nimbus.monitor.freq.secs': 10, u'storm.cluster.mode': u'distributed', u'dev.zookeeper.path': u'/tmp/dev-storm-zookeeper', u'drpc.invocations.port': 3773, u'topology.tasks': None, u'storm.zookeeper.root': u'/storm', u'logviewer.childopts': u'-Xmx128m', u'storm.meta.serialization.delegate': u'backtype.storm.serialization.DefaultSerializationDelegate', u'transactional.zookeeper.port': None, u'topology.worker.receiver.thread.count': 1, u'topology.worker.childopts': None, u'topology.max.spout.pending': None, u'topology.kryo.register': None, u'petrel.host': u'pipe-X550CC', u'nimbus.cleanup.inbox.freq.secs': 600, u'storm.messaging.netty.min_wait_ms': 100, u'nimbus.task.timeout.secs': 30, u'nimbus.thrift.max_buffer_size': 1048576, u'topology.sleep.spout.wait.strategy.time.ms': 1, u'nimbus.reassign': True, u'storm.messaging.transport': u'backtype.storm.messaging.netty.Context', u'logviewer.appender.name': u'A1', u'nimbus.host': u'localhost', u'ui.port': 8080, u'supervisor.slots.ports': [6700, 6701, 6702, 6703], u'nimbus.file.copy.expiration.secs': 600, u'supervisor.monitor.frequency.secs': 3, u'ui.childopts': u'-Xmx768m', u'transactional.zookeeper.servers': None, u'zmq.linger.millis': 5000, u'topology.error.throttle.interval.secs': 10, u'topology.worker.shared.thread.pool.size': 4, u'topology.executor.receive.buffer.size': 1024, u'topology.spout.wait.strategy': u'backtype.storm.spout.SleepSpoutWaitStrategy', u'task.heartbeat.frequency.secs': 3, u'topology.transfer.buffer.size': 1024, u'storm.zookeeper.session.timeout': 20000, u'storm.local.mode.zmq': False, u'topology.stats.sample.rate': 0.05, u'topology.fall.back.on.java.serialization': True, u'supervisor.childopts': u'-Xmx256m', u'topology.enable.message.timeouts': True, u'storm.messaging.netty.max_wait_ms': 1000, u'nimbus.topology.validator': u'backtype.storm.nimbus.DefaultTopologyValidator', u'nimbus.supervisor.timeout.secs': 60, u'topology.disruptor.wait.strategy': u'com.lmax.disruptor.BlockingWaitStrategy', u'storm.messaging.netty.buffer_size': 5242880, u'drpc.port': 3772, u'topology.kryo.factory': u'backtype.storm.serialization.DefaultKryoFactory', u'storm.zookeeper.retry.interval': 1000, u'storm.messaging.netty.max_retries': 300, u'topology.tick.tuple.freq.secs': 30, u'supervisor.enable': True, u'nimbus.task.launch.secs': 120, u'task.refresh.poll.secs': 10, u'topology.message.timeout.secs': 30, u'oauth.acess_token_secret': u'IiNOTfgE3tEZvW2HDQhRKPMoOLU43NXJCXk8maj51SdAT', u'petrel.user': u'root', u'nimbus.inbox.jar.expiration.secs': 3600, u'topology.state.synchronization.timeout.secs': 60, u'topology.name': u'test', u'supervisor.worker.timeout.secs': 30, u'topology.trident.batch.emit.interval.millis': 500, u'topology.builtin.metrics.bucket.size.secs': 60, u'storm.thrift.transport': u'backtype.storm.security.auth.SimpleTransportPlugin', u'logviewer.port': 8000, u'oauth.consumer_key': u'eaFmBSxUveRJfmyZYeabti9Q9', u'topology.kryo.decorators': [], u'topology.debug': False}, u'context': {u'task->component': {u'1': u'CountThreeWords', u'3': u'CountWord', u'2': u'CountTwoWords', u'5': u'ThreeWordDivider', u'4': u'KafkaConsumer', u'7': u'WordDivider', u'6': u'TwoWordDivider', u'8': u'__acker'}, u'taskid': 4}}
[2016-05-11 18:52:26,942][storm][INFO]Task sent pid to Storm
[2016-05-11 18:52:27,238][kafka.client][INFO]Broker version identifed as 0.9
[2016-05-11 18:52:27,239][kafka.consumer.subscription_state][INFO]Updating subscribed topics to: ['instanttopic']
[2016-05-11 18:52:27,320][kafka.cluster][INFO]Group coordinator for kafka-python-default-group is BrokerMetadata(nodeId=0, host=u'pipe-X550CC', port=9092)
[2016-05-11 18:52:29,318][kafka.coordinator][INFO]Joined group 'kafka-python-default-group' (generation 69) with member_id kafka-python-1.0.2-1f4b024b-1c5d-4f68-b29d-401533e14993
[2016-05-11 18:52:29,549][kafka.consumer.subscription_state][INFO]Updated partition assignment: [TopicPartition(topic=u'instanttopic', partition=0)]
[2016-05-11 18:52:32,605][kafka.coordinator][INFO]Heartbeat successful
[2016-05-11 18:52:35,618][kafka.coordinator][INFO]Heartbeat successful
[2016-05-11 18:52:38,846][kafka.coordinator][INFO]Heartbeat successful
[2016-05-11 18:52:41,954][kafka.coordinator][INFO]Heartbeat successful
[2016-05-11 18:52:44,974][kafka.coordinator][INFO]Heartbeat successful
[2016-05-11 18:52:48,036][kafka.coordinator][INFO]Heartbeat successful
[2016-05-11 18:52:51,054][kafka.coordinator][INFO]Heartbeat successful
[2016-05-11 18:52:53,568][kafka.coordinator][INFO]Heartbeat successful
[2016-05-11 18:52:56,621][kafka.coordinator][INFO]Heartbeat successful
[2016-05-11 18:52:59,639][kafka.coordinator][INFO]Heartbeat successful
[2016-05-11 18:53:02,692][kafka.coordinator][INFO]Heartbeat successful
[2016-05-11 18:53:05,712][kafka.coordinator][INFO]Heartbeat successful
[2016-05-11 18:53:08,721][kafka.coordinator][INFO]Heartbeat successful
[2016-05-11 18:53:11,775][kafka.coordinator][INFO]Heartbeat successful
[2016-05-11 18:53:14,795][kafka.coordinator][INFO]Heartbeat successful
[2016-05-11 18:53:17,814][kafka.coordinator][INFO]Heartbeat successful
[2016-05-11 18:53:20,869][kafka.coordinator][INFO]Heartbeat successful
[2016-05-11 18:53:23,889][kafka.coordinator][INFO]Heartbeat successful
[2016-05-11 18:53:26,906][kafka.coordinator][INFO]Heartbeat successful
[2016-05-11 18:53:29,922][kafka.coordinator][INFO]Heartbeat successful
[2016-05-11 18:53:32,980][kafka.coordinator][INFO]Heartbeat successful
[2016-05-11 18:53:35,995][kafka.coordinator][INFO]Heartbeat successful
[2016-05-11 18:53:39,012][kafka.coordinator][INFO]Heartbeat successful
[2016-05-11 18:53:41,568][kafka.coordinator][INFO]Heartbeat successful
[2016-05-11 18:53:44,622][kafka.coordinator][INFO]Heartbeat successful
[2016-05-11 18:53:47,639][kafka.coordinator][INFO]Heartbeat successful
[2016-05-11 18:53:50,660][kafka.coordinator][INFO]Heartbeat successful
[2016-05-11 18:53:53,719][kafka.coordinator][INFO]Heartbeat successful
[2016-05-11 18:53:56,732][kafka.coordinator][INFO]Heartbeat successful
[2016-05-11 18:53:59,742][kafka.coordinator][INFO]Heartbeat successful
[2016-05-11 18:54:02,804][kafka.coordinator][INFO]Heartbeat successful
[2016-05-11 18:54:05,825][kafka.coordinator][INFO]Heartbeat successful
[2016-05-11 18:54:08,843][kafka.coordinator][INFO]Heartbeat successful
[2016-05-11 18:54:11,893][kafka.coordinator][INFO]Heartbeat successful
[2016-05-11 18:54:14,907][kafka.coordinator][INFO]Heartbeat successful
[2016-05-11 18:54:17,928][kafka.coordinator][INFO]Heartbeat successful
[2016-05-11 18:54:20,947][kafka.coordinator][INFO]Heartbeat successful
[2016-05-11 18:54:24,001][kafka.coordinator][INFO]Heartbeat successful
[2016-05-11 18:54:27,018][kafka.coordinator][INFO]Heartbeat successful
[2016-05-11 18:54:30,030][kafka.coordinator][INFO]Heartbeat successful
[2016-05-11 18:54:32,583][kafka.coordinator][INFO]Heartbeat successful
[2016-05-11 18:54:35,640][kafka.coordinator][INFO]Heartbeat successful
[2016-05-11 18:54:38,656][kafka.coordinator][INFO]Heartbeat successful
[2016-05-11 18:54:41,708][kafka.coordinator][INFO]Heartbeat successful
[2016-05-11 18:54:44,720][kafka.coordinator][INFO]Heartbeat successful
[2016-05-11 18:54:47,734][kafka.coordinator][INFO]Heartbeat successful
[2016-05-11 18:54:50,749][kafka.coordinator][INFO]Heartbeat successful
[2016-05-11 18:54:53,803][kafka.coordinator][INFO]Heartbeat successful
[2016-05-11 18:54:56,821][kafka.coordinator][INFO]Heartbeat successful
[2016-05-11 18:54:59,847][kafka.coordinator][INFO]Heartbeat successful
[2016-05-11 18:55:02,900][kafka.coordinator][WARNING]Heartbeat: group is rebalancing; this consumer needs to re-join
[2016-05-11 18:55:02,900][kafka.coordinator][WARNING]Heartbeat failed; retrying
[2016-05-11 18:55:03,000][kafka.coordinator][INFO]Skipping heartbeat: no auto-assignment or waiting on rebalance
[2016-05-11 18:55:11,660][kafka.coordinator][INFO]Joined group 'kafka-python-default-group' (generation 70) with member_id kafka-python-1.0.2-1f4b024b-1c5d-4f68-b29d-401533e14993
[2016-05-11 18:55:11,844][kafka.consumer.subscription_state][INFO]Updated partition assignment: [TopicPartition(topic=u'instanttopic', partition=0)]
[2016-05-11 18:55:14,901][kafka.coordinator][INFO]Heartbeat successful
[2016-05-11 18:55:17,921][kafka.coordinator][INFO]Heartbeat successful
[2016-05-11 18:55:20,943][kafka.coordinator][INFO]Heartbeat successful
[2016-05-11 18:55:24,000][kafka.coordinator][INFO]Heartbeat successful
[2016-05-11 18:55:27,012][kafka.coordinator][INFO]Heartbeat successful
[2016-05-11 18:55:30,028][kafka.coordinator][INFO]Heartbeat successful
[2016-05-11 18:55:33,091][kafka.coordinator][INFO]Heartbeat successful
[2016-05-11 18:55:36,110][kafka.coordinator][INFO]Heartbeat successful
[2016-05-11 18:55:39,134][kafka.coordinator][INFO]Heartbeat successful
[2016-05-11 18:55:42,149][kafka.coordinator][INFO]Heartbeat successful
[2016-05-11 18:55:45,203][kafka.coordinator][INFO]Heartbeat successful
[2016-05-11 18:55:48,220][kafka.coordinator][INFO]Heartbeat successful
[2016-05-11 18:55:51,241][kafka.coordinator][INFO]Heartbeat successful
[2016-05-11 18:55:54,299][kafka.coordinator][INFO]Heartbeat successful
[2016-05-11 18:55:57,312][kafka.coordinator][INFO]Heartbeat successful
[2016-05-11 18:56:00,328][kafka.coordinator][INFO]Heartbeat successful
[2016-05-11 18:56:02,880][kafka.coordinator][INFO]Heartbeat successful
[2016-05-11 18:56:05,934][kafka.coordinator][INFO]Heartbeat successful
[2016-05-11 18:56:08,986][kafka.coordinator][INFO]Heartbeat successful
[2016-05-11 18:56:12,002][kafka.coordinator][INFO]Heartbeat successful
[2016-05-11 18:56:15,021][kafka.coordinator][INFO]Heartbeat successful
[2016-05-11 18:56:18,072][kafka.coordinator][INFO]Heartbeat successful
[2016-05-11 18:56:21,087][kafka.coordinator][INFO]Heartbeat successful
[2016-05-11 18:56:24,105][kafka.coordinator][INFO]Heartbeat successful
[2016-05-11 18:56:27,123][kafka.coordinator][INFO]Heartbeat successful
[2016-05-11 18:56:30,180][kafka.coordinator][INFO]Heartbeat successful
[2016-05-11 18:56:33,201][kafka.coordinator][INFO]Heartbeat successful
[2016-05-11 18:56:36,220][kafka.coordinator][INFO]Heartbeat successful
[2016-05-11 18:56:39,272][kafka.coordinator][INFO]Heartbeat successful
[2016-05-11 18:56:42,295][kafka.coordinator][INFO]Heartbeat successful
[2016-05-11 18:56:45,314][kafka.coordinator][INFO]Heartbeat successful
[2016-05-11 18:56:48,372][kafka.coordinator][INFO]Heartbeat successful
[2016-05-11 18:56:50,883][kafka.coordinator][INFO]Heartbeat successful
[2016-05-11 18:56:53,937][kafka.coordinator][INFO]Heartbeat successful
[2016-05-11 18:56:56,953][kafka.coordinator][INFO]Heartbeat successful
[2016-05-11 18:57:00,014][kafka.coordinator][INFO]Heartbeat successful
[2016-05-11 18:57:03,026][kafka.coordinator][INFO]Heartbeat successful
[2016-05-11 18:57:06,042][kafka.coordinator][INFO]Heartbeat successful
[2016-05-11 18:57:09,100][kafka.coordinator][INFO]Heartbeat successful
[2016-05-11 18:57:12,114][kafka.coordinator][INFO]Heartbeat successful
[2016-05-11 18:57:15,132][kafka.coordinator][INFO]Heartbeat successful
[2016-05-11 18:57:18,157][kafka.coordinator][INFO]Heartbeat successful
[2016-05-11 18:57:21,214][kafka.coordinator][INFO]Heartbeat successful
[2016-05-11 18:57:24,232][kafka.coordinator][INFO]Heartbeat successful
[2016-05-11 18:57:27,247][kafka.coordinator][INFO]Heartbeat successful
[2016-05-11 18:57:30,300][kafka.coordinator][INFO]Heartbeat successful
[2016-05-11 18:57:33,310][kafka.coordinator][INFO]Heartbeat successful
[2016-05-11 18:57:36,326][kafka.coordinator][INFO]Heartbeat successful
[2016-05-11 18:57:38,880][kafka.coordinator][INFO]Heartbeat successful
[2016-05-11 18:57:41,934][kafka.coordinator][INFO]Heartbeat successful
[2016-05-11 18:57:44,956][kafka.coordinator][INFO]Heartbeat successful
[2016-05-11 18:57:47,970][kafka.coordinator][INFO]Heartbeat successful
[2016-05-11 18:57:51,019][kafka.coordinator][INFO]Heartbeat successful
[2016-05-11 18:57:54,031][kafka.coordinator][INFO]Heartbeat successful
