New python executable in /tmp/petrel-test-4-1462969332/venv/bin/python2.7
Also creating executable in /tmp/petrel-test-4-1462969332/venv/bin/python
Installing setuptools, pip...done.
Running virtualenv with interpreter /usr/bin/python2.7
Installing simplejson==2.6.1
Requirement already satisfied (use --upgrade to upgrade): simplejson==2.6.1 in /usr/local/lib/python2.7/dist-packages/simplejson-2.6.1-py2.7.egg
Cleaning up...
Installing thrift==0.8.0
Requirement already satisfied (use --upgrade to upgrade): thrift==0.8.0 in /usr/local/lib/python2.7/dist-packages/thrift-0.8.0-py2.7.egg
Cleaning up...
Installing PyYAML==3.10
Requirement already satisfied (use --upgrade to upgrade): PyYAML==3.10 in /usr/local/lib/python2.7/dist-packages/PyYAML-3.10-py2.7-linux-x86_64.egg
Cleaning up...
Installing petrel==0.9.4.0.3
Searching for petrel==0.9.4.0.3
Best match: petrel 0.9.4.0.3
Processing petrel-0.9.4.0.3-py2.7.egg
Adding petrel 0.9.4.0.3 to easy-install.pth file
Installing petrel script to /tmp/petrel-test-4-1462969332/venv/bin

Using /usr/local/lib/python2.7/dist-packages/petrel-0.9.4.0.3-py2.7.egg
Processing dependencies for petrel==0.9.4.0.3
Finished processing dependencies for petrel==0.9.4.0.3
Downloading/unpacking pip from https://pypi.python.org/packages/9c/32/004ce0852e0a127f07f358b715015763273799bd798956fa930814b60f39/pip-8.1.2-py2.py3-none-any.whl#md5=0570520434c5b600d89ec95393b2650b
Installing collected packages: pip
  Found existing installation: pip 1.5.4
    Uninstalling pip:
      Successfully uninstalled pip
Successfully installed pip
Cleaning up...
Requirement already satisfied (use --upgrade to upgrade): kafka-python in /usr/local/lib/python2.7/dist-packages
Requirement already satisfied (use --upgrade to upgrade): six in /usr/local/lib/python2.7/dist-packages (from kafka-python)
Collecting nltk==3.0.1
Collecting oauthlib==0.7.2
Installing collected packages: nltk, oauthlib
  Found existing installation: nltk 3.2
    Not uninstalling nltk at /usr/local/lib/python2.7/dist-packages, outside environment /tmp/petrel-test-4-1462969332/venv
  Found existing installation: oauthlib 1.0.3
    Not uninstalling oauthlib at /usr/local/lib/python2.7/dist-packages, outside environment /tmp/petrel-test-4-1462969332/venv
Successfully installed nltk-3.0.1 oauthlib-0.7.2
Requirement already satisfied (use --upgrade to upgrade): simplejson in /usr/local/lib/python2.7/dist-packages/simplejson-2.6.1-py2.7.egg
Requirement already satisfied (use --upgrade to upgrade): pymongo in /usr/local/lib/python2.7/dist-packages
