Beginning task setup

/usr/bin/flock
Using existing venv: /tmp/petrel-spam-6-1473877022/venv
Task setup took 0 seconds
Launching: python -m petrel.run kafkaconsumer /home/pipe/topology/TopologyTweetTransformationSPAM/petrel22488_kafkaconsumer.log
/usr/local/lib/python2.7/dist-packages/petrel-1.0.1.0.3-py2.7.egg/petrel/run.py invoked with the following arguments: ['kafkaconsumer', '/home/pipe/topology/TopologyTweetTransformationSPAM/petrel22488_kafkaconsumer.log']
python version: 2.7.12
user=root
PATH=/tmp/petrel-spam-6-1473877022/venv/bin:/usr/local/sbin:/usr/local/bin:/usr/sbin:/usr/bin:/sbin:/bin:/snap/bin
LD_LIBRARY_PATH=/home/apache-storm-1.0.1/data/supervisor/stormdist/spam-6-1473877022/resources/Linux-amd64:/home/apache-storm-1.0.1/data/supervisor/stormdist/spam-6-1473877022/resources:/usr/local/lib:/opt/local/lib:/usr/lib
PYTHON_EGG_CACHE=/tmp/petrel-spam-6-1473877022/egg_cache
[2016-09-15 10:28:36,593][storm][INFO]Tuple profiling enabled. Will log tuple processing times.
[2016-09-15 10:28:36,847][storm][INFO]Task received setupInfo from Storm: {'pidDir': '/home/apache-storm-1.0.1/data/workers/854918e9-2543-48ce-bb4e-8de83d455091/pids', 'conf': {'storm.group.mapping.service.params': None, 'topology.tuple.serializer': 'org.apache.storm.serialization.types.ListDelegateSerializer', 'topology.workers': 1, 'drpc.worker.threads': 64, 'ui.filter.params': None, 'transactional.zookeeper.root': '/transactional', 'logviewer.cleanup.age.mins': 10080, 'worker.profiler.command': 'flight.bash', 'topology.executor.send.buffer.size': 1024, 'nimbus.file.copy.expiration.secs': 600, 'oauth.acess_token': ' 702208758362087425-HZiyl1x7Bh98cQa1WLBDYylyu10Bpl7', 'drpc.childopts': '-Xmx768m', 'nimbus.thrift.port': 6627, 'topology.disruptor.wait.timeout.millis': 1000, 'storm.zookeeper.retry.intervalceiling.millis': 30000, 'storm.local.dir': '/home/apache-storm-1.0.1/data', 'storm.auth.simple-acl.users': [], 'drpc.invocations.threads': 64, 'storm.zookeeper.superACL': None, 'storm.cluster.state.store': 'org.apache.storm.cluster_state.zookeeper_state_factory', 'storm.codedistributor.class': 'org.apache.storm.codedistributor.LocalFileSystemCodeDistributor', 'drpc.https.keystore.password': '', 'supervisor.blobstore.download.max_retries': 3, 'pacemaker.kerberos.users': [], 'storm.messaging.netty.client_worker_threads': 1, 'oauth.consumer_secret': 'ADf76fi3O1lKMzBxWnjqf93l3GHv28uar3bkblkvyBrAyoA23i', 'topology.component.resources.offheap.memory.mb': 0.0, 'supervisor.heartbeat.frequency.secs': 5, 'storm.group.mapping.service.cache.duration.secs': 120, 'storm.group.mapping.service': 'org.apache.storm.security.auth.ShellBasedGroupsMapping', 'storm.workers.artifacts.dir': 'workers-artifacts', 'drpc.request.timeout.secs': 600, 'pacemaker.childopts': '-Xmx1024m', 'nimbus.seeds': ['localhost'], 'topology.shellbolt.max.pending': 100, 'topology.min.replication.count': 1, 'topology.skip.missing.kryo.registrations': False, 'worker.heartbeat.frequency.secs': 1, 'storm.auth.simple-acl.users.commands': [], 'storm.zookepeer.port': 2181, 'zmq.hwm': 0, 'topology.worker.shared.thread.pool.size': 4, 'storm.zookeeper.connection.timeout': 15000, 'java.library.path': '/usr/local/lib:/opt/local/lib:/usr/lib', 'logviewer.max.sum.worker.logs.size.mb': 4096, 'task.refresh.poll.secs': 10, 'topology.max.error.report.per.interval': 5, 'topology.worker.logwriter.childopts': '-Xmx64m', 'ui.actions.enabled': True, 'storm.health.check.timeout.ms': 5000, 'topology.scheduler.strategy': 'org.apache.storm.scheduler.resource.strategies.scheduling.DefaultResourceAwareStrategy', 'ui.host': '0.0.0.0', 'storm.messaging.netty.server_worker_threads': 1, 'topology.disruptor.batch.size': 100, 'storm.id': 'spam-6-1473877022', 'supervisor.worker.start.timeout.secs': 120, 'zmq.threads': 1, 'topology.acker.executors': None, 'pacemaker.thread.timeout': 10, 'storm.local.mode.zmq': False, 'topology.eventlogger.executors': 0, 'topology.tick.tuple.freq.secs': 30, 'supervisor.memory.capacity.mb': 3072.0, 'supervisor.worker.shutdown.sleep.secs': 1, 'pacemaker.base.threads': 10, 'drpc.http.creds.plugin': 'org.apache.storm.security.auth.DefaultHttpCredentialsPlugin', 'storm.zookeeper.servers': ['localhost'], 'supervisor.localizer.cache.target.size.mb': 10240, 'storm.messaging.netty.transfer.batch.size': 262144, 'resource.aware.scheduler.eviction.strategy': 'org.apache.storm.scheduler.resource.strategies.eviction.DefaultEvictionStrategy', 'topology.environment': None, 'storm.zookeeper.port': 2181, 'storm.auth.simple-acl.admins': [], 'pacemaker.host': 'localhost', 'nimbus.childopts': '-Xmx1024m', 'storm.principal.tolocal': 'org.apache.storm.security.auth.DefaultPrincipalToLocal', 'storm.nimbus.retry.times': 5, 'topology.classpath': None, 'drpc.authorizer.acl.filename': 'drpc-auth-acl.yaml', 'topology.bolts.outgoing.overflow.buffer.enable': False, 'nimbus.credential.renewers.freq.secs': 600, 'worker.childopts': '-Xmx%HEAP-MEM%m -XX:+PrintGCDetails -Xloggc:artifacts/gc.log -XX:+PrintGCDateStamps -XX:+PrintGCTimeStamps -XX:+UseGCLogFileRotation -XX:NumberOfGCLogFiles=10 -XX:GCLogFileSize=1M -XX:+HeapDumpOnOutOfMemoryError -XX:HeapDumpPath=artifacts/heapdump', 'drpc.queue.size': 128, 'supervisor.blobstore.class': 'org.apache.storm.blobstore.NimbusBlobStore', 'topology.multilang.serializer': 'org.apache.storm.multilang.JsonSerializer', 'storm.zookeeper.retry.times': 5, 'topology.disable.loadaware': False, 'supervisor.run.worker.as.user': False, 'storm.blobstore.replication.factor': 3, 'worker.profiler.childopts': '-XX:+UnlockCommercialFeatures -XX:+FlightRecorder', 'nimbus.thrift.threads': 64, 'nimbus.monitor.freq.secs': 10, 'storm.blobstore.inputstream.buffer.size.bytes': 65536, 'dev.zookeeper.path': '/tmp/dev-storm-zookeeper', 'topology.users': [], 'storm.daemon.metrics.reporter.plugins': ['org.apache.storm.daemon.metrics.reporters.JmxPreparableReporter'], 'storm.exhibitor.poll.uripath': '/exhibitor/v1/cluster/list', 'pacemaker.max.threads': 50, 'drpc.https.keystore.type': 'JKS', 'topology.tasks': None, 'storm.zookeeper.root': '/storm', 'logviewer.childopts': '-Xmx128m', 'topology.max.replication.wait.time.sec': 60, 'worker.gc.childopts': '', 'backpressure.disruptor.low.watermark': 0.4, 'storm.meta.serialization.delegate': 'org.apache.storm.serialization.GzipThriftSerializationDelegate', 'transactional.zookeeper.port': None, 'drpc.max_buffer_size': 1048576, 'topology.worker.childopts': None, 'storm.auth.simple-white-list.users': [], 'topology.max.spout.pending': None, 'nimbus.topology.validator': 'org.apache.storm.nimbus.DefaultTopologyValidator', 'topology.kryo.register': None, 'petrel.host': 'localhost', 'client.blobstore.class': 'org.apache.storm.blobstore.NimbusBlobStore', 'nimbus.cleanup.inbox.freq.secs': 600, 'storm.nimbus.retry.intervalceiling.millis': 60000, 'storm.network.topography.plugin': 'org.apache.storm.networktopography.DefaultRackDNSToSwitchMapping', 'storm.messaging.netty.min_wait_ms': 100, 'nimbus.task.timeout.secs': 30, 'topology.disruptor.batch.timeout.millis': 1, 'topology.state.checkpoint.interval.ms': 1000, 'ui.header.buffer.bytes': 4096, 'nimbus.thrift.max_buffer_size': 1048576, 'ui.http.creds.plugin': 'org.apache.storm.security.auth.DefaultHttpCredentialsPlugin', 'topology.sleep.spout.wait.strategy.time.ms': 1, 'nimbus.blobstore.expiration.secs': 600, 'storm.cluster.mode': 'distributed', 'storm.messaging.netty.socket.backlog': 500, 'worker.profiler.enabled': False, 'nimbus.queue.size': 100000, 'logviewer.appender.name': 'A1', 'drpc.authorizer.acl.strict': False, 'ui.port': 8080, 'supervisor.slots.ports': [6700, 6701, 6702, 6703], 'worker.log.level.reset.poll.secs': 30, 'storm.nimbus.retry.interval.millis': 2000, 'drpc.invocations.port': 3773, 'supervisor.monitor.frequency.secs': 3, 'ui.childopts': '-Xmx768m', 'transactional.zookeeper.servers': None, 'storm.log4j2.conf.dir': 'log4j2', 'supervisor.supervisors': [], 'zmq.linger.millis': 5000, 'topology.error.throttle.interval.secs': 10, 'storm.health.check.dir': 'healthchecks', 'topology.executor.receive.buffer.size': 1024, 'nimbus.impersonation.authorizer': 'org.apache.storm.security.auth.authorizer.ImpersonationAuthorizer', 'topology.submitter.principal': '', 'topology.worker.max.heap.size.mb': 768.0, 'topology.spout.wait.strategy': 'org.apache.storm.spout.SleepSpoutWaitStrategy', 'task.heartbeat.frequency.secs': 3, 'topology.transfer.buffer.size': 1024, 'storm.zookeeper.session.timeout': 20000, 'topology.testing.always.try.serialize': False, 'nimbus.blobstore.class': 'org.apache.storm.blobstore.LocalFsBlobStore', 'topology.stats.sample.rate': 0.05, 'topology.fall.back.on.java.serialization': True, 'storm.exhibitor.port': 8080, 'storm.zookeeper.auth.password': None, 'supervisor.childopts': '-Xmx256m', 'topology.backpressure.enable': True, 'pacemaker.port': 6699, 'topology.enable.message.timeouts': True, 'nimbus.code.sync.freq.secs': 120, 'backpressure.disruptor.high.watermark': 0.9, 'storm.messaging.netty.max_wait_ms': 1000, 'topology.worker.receiver.thread.count': 1, 'topology.component.resources.onheap.memory.mb': 128.0, 'resource.aware.scheduler.priority.strategy': 'org.apache.storm.scheduler.resource.strategies.priority.DefaultSchedulingPriorityStrategy', 'nimbus.supervisor.timeout.secs': 60, 'pacemaker.auth.method': 'NONE', 'drpc.https.port': -1, 'nimbus.inbox.jar.expiration.secs': 3600, 'scheduler.display.resource': False, 'topology.kryo.factory': 'org.apache.storm.serialization.DefaultKryoFactory', 'storm.zookeeper.retry.interval': 1000, 'supervisor.supervisors.commands': [], 'supervisor.localizer.cleanup.interval.ms': 600000, 'storm.messaging.netty.max_retries': 300, 'task.credentials.poll.secs': 30, 'drpc.http.port': 3774, 'storm.messaging.transport': 'org.apache.storm.messaging.netty.Context', 'supervisor.enable': True, 'nimbus.task.launch.secs': 120, 'supervisor.blobstore.download.thread.count': 5, 'topology.message.timeout.secs': 30, 'oauth.acess_token_secret': 'IiNOTfgE3tEZvW2HDQhRKPMoOLU43NXJCXk8maj51SdAT', 'storm.messaging.netty.authentication': False, 'petrel.user': 'pipe', 'drpc.port': 3772, 'storm.messaging.netty.buffer_size': 5242880, 'topology.state.synchronization.timeout.secs': 60, 'worker.heap.memory.mb': 768, 'topology.name': 'spam', 'topology.priority': 29, 'supervisor.worker.timeout.secs': 30, 'ui.filter': None, 'topology.trident.batch.emit.interval.millis': 500, 'topology.max.task.parallelism': None, 'supervisor.cpu.capacity': 400.0, 'topology.submitter.user': 'root', 'logviewer.max.per.worker.logs.size.mb': 2048, 'nimbus.host': 'localhost', 'topology.builtin.metrics.bucket.size.secs': 60, 'topology.component.cpu.pcore.percent': 10.0, 'ui.users': None, 'storm.thrift.transport': 'org.apache.storm.security.auth.SimpleTransportPlugin', 'logs.users': None, 'logviewer.port': 8000, 'oauth.consumer_key': 'eaFmBSxUveRJfmyZYeabti9Q9', 'topology.kryo.decorators': [], 'topology.debug': False, 'storm.zookeeper.auth.user': None}, 'context': {'task->component': {'11': '__acker', '10': 'WordDivider', '1': 'CountThreeWords', '3': 'CountTwoWords', '2': 'CountThreeWords', '5': 'CountWord', '4': 'CountTwoWords', '7': 'KafkaConsumer', '6': 'CountWord', '9': 'TwoWordDivider', '8': 'ThreeWordDivider'}, 'stream->target->grouping': {'default': {'WordDivider': {'type': 'SHUFFLE'}, 'ThreeWordDivider': {'type': 'SHUFFLE'}, 'TwoWordDivider': {'type': 'SHUFFLE'}}}, 'source->stream->fields': {}, 'streams': ['default'], 'stream->outputfields': {'default': ['sentence', 'user']}, 'taskid': 7, 'source->stream->grouping': {}, 'componentid': 'KafkaConsumer'}}
[2016-09-15 10:28:36,862][storm][INFO]Task sent pid to Storm
[2016-09-15 10:28:36,970][kafka.conn][INFO]Broker version identifed as 0.10
[2016-09-15 10:28:36,970][kafka.conn][INFO]Set configuration api_version=(0, 10) to skip auto check_version requests on startup
[2016-09-15 10:28:36,972][kafka.consumer.subscription_state][INFO]Updating subscribed topics to: ['spamtopic']
[2016-09-15 10:28:36,974][kafka.cluster][INFO]Group coordinator for kafka-python-default-group is BrokerMetadata(nodeId=0, host=u'localhost', port=9092, rack=None)
[2016-09-15 10:28:36,974][kafka.coordinator][INFO]Discovered coordinator 0 for group kafka-python-default-group
[2016-09-15 10:28:36,974][kafka.coordinator.consumer][INFO]Revoking previously assigned partitions set([]) for group kafka-python-default-group
[2016-09-15 10:28:36,974][kafka.coordinator][INFO](Re-)joining group kafka-python-default-group
[2016-09-15 10:28:58,479][kafka.coordinator][INFO]Joined group 'kafka-python-default-group' (generation 4029) with member_id kafka-python-1.3.1-21160536-018f-4c06-9437-6ad695c1eca4
[2016-09-15 10:28:58,482][kafka.coordinator][INFO]Successfully joined group kafka-python-default-group with generation 4029
[2016-09-15 10:28:58,482][kafka.consumer.subscription_state][INFO]Updated partition assignment: [TopicPartition(topic=u'spamtopic', partition=0)]
[2016-09-15 10:28:58,482][kafka.coordinator.consumer][INFO]Setting newly assigned partitions set([TopicPartition(topic=u'spamtopic', partition=0)]) for group kafka-python-default-group
[2016-09-15 10:29:01,491][kafka.coordinator][WARNING]Heartbeat failed for group kafka-python-default-group because it is rebalancing
[2016-09-15 10:29:01,491][kafka.coordinator][WARNING]Heartbeat failed ([Error 27] RebalanceInProgressError: ); retrying
[2016-09-15 10:29:01,593][kafka.coordinator][INFO]Skipping heartbeat: no auto-assignment or waiting on rebalance
[2016-09-15 10:29:01,993][kafka.coordinator.consumer][INFO]Revoking previously assigned partitions set([TopicPartition(topic=u'spamtopic', partition=0)]) for group kafka-python-default-group
[2016-09-15 10:29:01,993][kafka.coordinator][INFO](Re-)joining group kafka-python-default-group
[2016-09-15 10:29:01,995][kafka.coordinator][INFO]Joined group 'kafka-python-default-group' (generation 4030) with member_id kafka-python-1.3.1-21160536-018f-4c06-9437-6ad695c1eca4
[2016-09-15 10:29:01,997][kafka.coordinator][INFO]Successfully joined group kafka-python-default-group with generation 4030
[2016-09-15 10:29:01,998][kafka.consumer.subscription_state][INFO]Updated partition assignment: [TopicPartition(topic=u'spamtopic', partition=0)]
[2016-09-15 10:29:01,998][kafka.coordinator.consumer][INFO]Setting newly assigned partitions set([TopicPartition(topic=u'spamtopic', partition=0)]) for group kafka-python-default-group
[2016-09-15 10:29:05,012][kafka.coordinator][WARNING]Heartbeat failed for group kafka-python-default-group because it is rebalancing
[2016-09-15 10:29:05,012][kafka.coordinator][WARNING]Heartbeat failed ([Error 27] RebalanceInProgressError: ); retrying
[2016-09-15 10:29:05,113][kafka.coordinator][INFO]Skipping heartbeat: no auto-assignment or waiting on rebalance
[2016-09-15 10:29:05,516][kafka.coordinator.consumer][INFO]Revoking previously assigned partitions set([TopicPartition(topic=u'spamtopic', partition=0)]) for group kafka-python-default-group
[2016-09-15 10:29:05,516][kafka.coordinator][INFO](Re-)joining group kafka-python-default-group
[2016-09-15 10:29:05,517][kafka.coordinator][INFO]Joined group 'kafka-python-default-group' (generation 4031) with member_id kafka-python-1.3.1-21160536-018f-4c06-9437-6ad695c1eca4
[2016-09-15 10:29:05,519][kafka.coordinator][INFO]Successfully joined group kafka-python-default-group with generation 4031
[2016-09-15 10:29:05,520][kafka.consumer.subscription_state][INFO]Updated partition assignment: [TopicPartition(topic=u'spamtopic', partition=0)]
[2016-09-15 10:29:05,520][kafka.coordinator.consumer][INFO]Setting newly assigned partitions set([TopicPartition(topic=u'spamtopic', partition=0)]) for group kafka-python-default-group
[2016-09-15 10:29:08,532][kafka.coordinator][WARNING]Heartbeat failed for group kafka-python-default-group because it is rebalancing
[2016-09-15 10:29:08,532][kafka.coordinator][WARNING]Heartbeat failed ([Error 27] RebalanceInProgressError: ); retrying
[2016-09-15 10:29:08,633][kafka.coordinator][INFO]Skipping heartbeat: no auto-assignment or waiting on rebalance
[2016-09-15 10:29:09,035][kafka.coordinator.consumer][INFO]Revoking previously assigned partitions set([TopicPartition(topic=u'spamtopic', partition=0)]) for group kafka-python-default-group
[2016-09-15 10:29:09,035][kafka.coordinator][INFO](Re-)joining group kafka-python-default-group
[2016-09-15 10:29:09,036][kafka.coordinator][INFO]Joined group 'kafka-python-default-group' (generation 4032) with member_id kafka-python-1.3.1-21160536-018f-4c06-9437-6ad695c1eca4
[2016-09-15 10:29:09,041][kafka.coordinator][INFO]Successfully joined group kafka-python-default-group with generation 4032
[2016-09-15 10:29:09,042][kafka.consumer.subscription_state][INFO]Updated partition assignment: [TopicPartition(topic=u'spamtopic', partition=0)]
[2016-09-15 10:29:09,042][kafka.coordinator.consumer][INFO]Setting newly assigned partitions set([TopicPartition(topic=u'spamtopic', partition=0)]) for group kafka-python-default-group
[2016-09-15 10:29:12,050][kafka.coordinator][WARNING]Heartbeat failed for group kafka-python-default-group because it is rebalancing
[2016-09-15 10:29:12,050][kafka.coordinator][WARNING]Heartbeat failed ([Error 27] RebalanceInProgressError: ); retrying
[2016-09-15 10:29:12,151][kafka.coordinator][INFO]Skipping heartbeat: no auto-assignment or waiting on rebalance
[2016-09-15 10:29:12,551][kafka.coordinator.consumer][INFO]Revoking previously assigned partitions set([TopicPartition(topic=u'spamtopic', partition=0)]) for group kafka-python-default-group
[2016-09-15 10:29:12,552][kafka.coordinator][INFO](Re-)joining group kafka-python-default-group
[2016-09-15 10:29:12,561][kafka.coordinator][INFO]Joined group 'kafka-python-default-group' (generation 4033) with member_id kafka-python-1.3.1-21160536-018f-4c06-9437-6ad695c1eca4
[2016-09-15 10:29:12,562][kafka.coordinator][INFO]Successfully joined group kafka-python-default-group with generation 4033
[2016-09-15 10:29:12,563][kafka.consumer.subscription_state][INFO]Updated partition assignment: [TopicPartition(topic=u'spamtopic', partition=0)]
[2016-09-15 10:29:12,563][kafka.coordinator.consumer][INFO]Setting newly assigned partitions set([TopicPartition(topic=u'spamtopic', partition=0)]) for group kafka-python-default-group
[2016-09-15 10:29:15,572][kafka.coordinator][WARNING]Heartbeat failed for group kafka-python-default-group because it is rebalancing
[2016-09-15 10:29:15,573][kafka.coordinator][WARNING]Heartbeat failed ([Error 27] RebalanceInProgressError: ); retrying
[2016-09-15 10:29:15,674][kafka.coordinator][INFO]Skipping heartbeat: no auto-assignment or waiting on rebalance
[2016-09-15 10:29:16,074][kafka.coordinator.consumer][INFO]Revoking previously assigned partitions set([TopicPartition(topic=u'spamtopic', partition=0)]) for group kafka-python-default-group
[2016-09-15 10:29:16,074][kafka.coordinator][INFO](Re-)joining group kafka-python-default-group
[2016-09-15 10:29:16,075][kafka.coordinator][INFO]Joined group 'kafka-python-default-group' (generation 4034) with member_id kafka-python-1.3.1-21160536-018f-4c06-9437-6ad695c1eca4
[2016-09-15 10:29:16,078][kafka.coordinator][INFO]Successfully joined group kafka-python-default-group with generation 4034
[2016-09-15 10:29:16,078][kafka.consumer.subscription_state][INFO]Updated partition assignment: [TopicPartition(topic=u'spamtopic', partition=0)]
[2016-09-15 10:29:16,078][kafka.coordinator.consumer][INFO]Setting newly assigned partitions set([TopicPartition(topic=u'spamtopic', partition=0)]) for group kafka-python-default-group
[2016-09-15 10:29:19,086][kafka.coordinator][WARNING]Heartbeat failed for group kafka-python-default-group because it is rebalancing
[2016-09-15 10:29:19,086][kafka.coordinator][WARNING]Heartbeat failed ([Error 27] RebalanceInProgressError: ); retrying
[2016-09-15 10:29:19,187][kafka.coordinator][INFO]Skipping heartbeat: no auto-assignment or waiting on rebalance
[2016-09-15 10:29:19,588][kafka.coordinator.consumer][INFO]Revoking previously assigned partitions set([TopicPartition(topic=u'spamtopic', partition=0)]) for group kafka-python-default-group
[2016-09-15 10:29:19,588][kafka.coordinator][INFO](Re-)joining group kafka-python-default-group
[2016-09-15 10:29:19,590][kafka.coordinator][INFO]Joined group 'kafka-python-default-group' (generation 4035) with member_id kafka-python-1.3.1-21160536-018f-4c06-9437-6ad695c1eca4
[2016-09-15 10:29:19,592][kafka.coordinator][INFO]Successfully joined group kafka-python-default-group with generation 4035
[2016-09-15 10:29:19,592][kafka.consumer.subscription_state][INFO]Updated partition assignment: [TopicPartition(topic=u'spamtopic', partition=0)]
[2016-09-15 10:29:19,592][kafka.coordinator.consumer][INFO]Setting newly assigned partitions set([TopicPartition(topic=u'spamtopic', partition=0)]) for group kafka-python-default-group
[2016-09-15 10:29:22,602][kafka.coordinator][WARNING]Heartbeat failed for group kafka-python-default-group because it is rebalancing
[2016-09-15 10:29:22,602][kafka.coordinator][WARNING]Heartbeat failed ([Error 27] RebalanceInProgressError: ); retrying
[2016-09-15 10:29:22,703][kafka.coordinator][INFO]Skipping heartbeat: no auto-assignment or waiting on rebalance
[2016-09-15 10:29:23,104][kafka.coordinator.consumer][INFO]Revoking previously assigned partitions set([TopicPartition(topic=u'spamtopic', partition=0)]) for group kafka-python-default-group
[2016-09-15 10:29:23,105][kafka.coordinator][INFO](Re-)joining group kafka-python-default-group
[2016-09-15 10:29:23,111][kafka.coordinator][INFO]Joined group 'kafka-python-default-group' (generation 4036) with member_id kafka-python-1.3.1-21160536-018f-4c06-9437-6ad695c1eca4
[2016-09-15 10:29:23,119][kafka.coordinator][INFO]Successfully joined group kafka-python-default-group with generation 4036
[2016-09-15 10:29:23,119][kafka.consumer.subscription_state][INFO]Updated partition assignment: [TopicPartition(topic=u'spamtopic', partition=0)]
[2016-09-15 10:29:23,119][kafka.coordinator.consumer][INFO]Setting newly assigned partitions set([TopicPartition(topic=u'spamtopic', partition=0)]) for group kafka-python-default-group
[2016-09-15 10:29:26,128][kafka.coordinator][WARNING]Heartbeat failed for group kafka-python-default-group because it is rebalancing
[2016-09-15 10:29:26,128][kafka.coordinator][WARNING]Heartbeat failed ([Error 27] RebalanceInProgressError: ); retrying
[2016-09-15 10:29:26,230][kafka.coordinator][INFO]Skipping heartbeat: no auto-assignment or waiting on rebalance
[2016-09-15 10:29:26,631][kafka.coordinator.consumer][INFO]Revoking previously assigned partitions set([TopicPartition(topic=u'spamtopic', partition=0)]) for group kafka-python-default-group
[2016-09-15 10:29:26,631][kafka.coordinator][INFO](Re-)joining group kafka-python-default-group
[2016-09-15 10:29:26,635][kafka.coordinator][INFO]Joined group 'kafka-python-default-group' (generation 4037) with member_id kafka-python-1.3.1-21160536-018f-4c06-9437-6ad695c1eca4
[2016-09-15 10:29:26,635][kafka.coordinator][INFO]Successfully joined group kafka-python-default-group with generation 4037
[2016-09-15 10:29:26,635][kafka.consumer.subscription_state][INFO]Updated partition assignment: [TopicPartition(topic=u'spamtopic', partition=0)]
[2016-09-15 10:29:26,636][kafka.coordinator.consumer][INFO]Setting newly assigned partitions set([TopicPartition(topic=u'spamtopic', partition=0)]) for group kafka-python-default-group
[2016-09-15 10:29:29,644][kafka.coordinator][WARNING]Heartbeat failed for group kafka-python-default-group because it is rebalancing
[2016-09-15 10:29:29,644][kafka.coordinator][WARNING]Heartbeat failed ([Error 27] RebalanceInProgressError: ); retrying
[2016-09-15 10:29:29,745][kafka.coordinator][INFO]Skipping heartbeat: no auto-assignment or waiting on rebalance
[2016-09-15 10:29:30,146][kafka.coordinator.consumer][INFO]Revoking previously assigned partitions set([TopicPartition(topic=u'spamtopic', partition=0)]) for group kafka-python-default-group
[2016-09-15 10:29:30,146][kafka.coordinator][INFO](Re-)joining group kafka-python-default-group
[2016-09-15 10:29:30,147][kafka.coordinator][INFO]Joined group 'kafka-python-default-group' (generation 4038) with member_id kafka-python-1.3.1-21160536-018f-4c06-9437-6ad695c1eca4
[2016-09-15 10:29:30,150][kafka.coordinator][INFO]Successfully joined group kafka-python-default-group with generation 4038
[2016-09-15 10:29:30,150][kafka.consumer.subscription_state][INFO]Updated partition assignment: [TopicPartition(topic=u'spamtopic', partition=0)]
[2016-09-15 10:29:30,150][kafka.coordinator.consumer][INFO]Setting newly assigned partitions set([TopicPartition(topic=u'spamtopic', partition=0)]) for group kafka-python-default-group
[2016-09-15 10:29:33,161][kafka.coordinator][WARNING]Heartbeat failed for group kafka-python-default-group because it is rebalancing
[2016-09-15 10:29:33,162][kafka.coordinator][WARNING]Heartbeat failed ([Error 27] RebalanceInProgressError: ); retrying
[2016-09-15 10:29:33,263][kafka.coordinator][INFO]Skipping heartbeat: no auto-assignment or waiting on rebalance
[2016-09-15 10:29:33,664][kafka.coordinator.consumer][INFO]Revoking previously assigned partitions set([TopicPartition(topic=u'spamtopic', partition=0)]) for group kafka-python-default-group
[2016-09-15 10:29:33,665][kafka.coordinator][INFO](Re-)joining group kafka-python-default-group
[2016-09-15 10:29:33,666][kafka.coordinator][INFO]Joined group 'kafka-python-default-group' (generation 4039) with member_id kafka-python-1.3.1-21160536-018f-4c06-9437-6ad695c1eca4
[2016-09-15 10:29:33,669][kafka.coordinator][INFO]Successfully joined group kafka-python-default-group with generation 4039
[2016-09-15 10:29:33,669][kafka.consumer.subscription_state][INFO]Updated partition assignment: [TopicPartition(topic=u'spamtopic', partition=0)]
[2016-09-15 10:29:33,670][kafka.coordinator.consumer][INFO]Setting newly assigned partitions set([TopicPartition(topic=u'spamtopic', partition=0)]) for group kafka-python-default-group
[2016-09-15 10:29:36,682][kafka.coordinator][WARNING]Heartbeat failed for group kafka-python-default-group because it is rebalancing
[2016-09-15 10:29:36,682][kafka.coordinator][WARNING]Heartbeat failed ([Error 27] RebalanceInProgressError: ); retrying
[2016-09-15 10:29:36,783][kafka.coordinator][INFO]Skipping heartbeat: no auto-assignment or waiting on rebalance
[2016-09-15 10:29:37,184][kafka.coordinator.consumer][INFO]Revoking previously assigned partitions set([TopicPartition(topic=u'spamtopic', partition=0)]) for group kafka-python-default-group
[2016-09-15 10:29:37,184][kafka.coordinator][INFO](Re-)joining group kafka-python-default-group
[2016-09-15 10:29:37,185][kafka.coordinator][INFO]Joined group 'kafka-python-default-group' (generation 4040) with member_id kafka-python-1.3.1-21160536-018f-4c06-9437-6ad695c1eca4
[2016-09-15 10:29:37,187][kafka.coordinator][INFO]Successfully joined group kafka-python-default-group with generation 4040
[2016-09-15 10:29:37,187][kafka.consumer.subscription_state][INFO]Updated partition assignment: [TopicPartition(topic=u'spamtopic', partition=0)]
[2016-09-15 10:29:37,188][kafka.coordinator.consumer][INFO]Setting newly assigned partitions set([TopicPartition(topic=u'spamtopic', partition=0)]) for group kafka-python-default-group
[2016-09-15 10:29:40,197][kafka.coordinator][WARNING]Heartbeat failed for group kafka-python-default-group because it is rebalancing
[2016-09-15 10:29:40,198][kafka.coordinator][WARNING]Heartbeat failed ([Error 27] RebalanceInProgressError: ); retrying
[2016-09-15 10:29:40,299][kafka.coordinator][INFO]Skipping heartbeat: no auto-assignment or waiting on rebalance
[2016-09-15 10:29:40,699][kafka.coordinator.consumer][INFO]Revoking previously assigned partitions set([TopicPartition(topic=u'spamtopic', partition=0)]) for group kafka-python-default-group
[2016-09-15 10:29:40,699][kafka.coordinator][INFO](Re-)joining group kafka-python-default-group
[2016-09-15 10:29:40,702][kafka.coordinator][INFO]Joined group 'kafka-python-default-group' (generation 4041) with member_id kafka-python-1.3.1-21160536-018f-4c06-9437-6ad695c1eca4
[2016-09-15 10:29:40,706][kafka.coordinator][INFO]Successfully joined group kafka-python-default-group with generation 4041
[2016-09-15 10:29:40,706][kafka.consumer.subscription_state][INFO]Updated partition assignment: [TopicPartition(topic=u'spamtopic', partition=0)]
[2016-09-15 10:29:40,707][kafka.coordinator.consumer][INFO]Setting newly assigned partitions set([TopicPartition(topic=u'spamtopic', partition=0)]) for group kafka-python-default-group
[2016-09-15 10:29:43,716][kafka.coordinator][WARNING]Heartbeat failed for group kafka-python-default-group because it is rebalancing
[2016-09-15 10:29:43,716][kafka.coordinator][WARNING]Heartbeat failed ([Error 27] RebalanceInProgressError: ); retrying
[2016-09-15 10:29:43,817][kafka.coordinator][INFO]Skipping heartbeat: no auto-assignment or waiting on rebalance
[2016-09-15 10:29:44,218][kafka.coordinator.consumer][INFO]Revoking previously assigned partitions set([TopicPartition(topic=u'spamtopic', partition=0)]) for group kafka-python-default-group
[2016-09-15 10:29:44,219][kafka.coordinator][INFO](Re-)joining group kafka-python-default-group
[2016-09-15 10:29:44,222][kafka.coordinator][INFO]Joined group 'kafka-python-default-group' (generation 4042) with member_id kafka-python-1.3.1-21160536-018f-4c06-9437-6ad695c1eca4
[2016-09-15 10:29:44,223][kafka.coordinator][INFO]Successfully joined group kafka-python-default-group with generation 4042
[2016-09-15 10:29:44,223][kafka.consumer.subscription_state][INFO]Updated partition assignment: [TopicPartition(topic=u'spamtopic', partition=0)]
[2016-09-15 10:29:44,223][kafka.coordinator.consumer][INFO]Setting newly assigned partitions set([TopicPartition(topic=u'spamtopic', partition=0)]) for group kafka-python-default-group
[2016-09-15 10:29:47,232][kafka.coordinator][WARNING]Heartbeat failed for group kafka-python-default-group because it is rebalancing
[2016-09-15 10:29:47,232][kafka.coordinator][WARNING]Heartbeat failed ([Error 27] RebalanceInProgressError: ); retrying
[2016-09-15 10:29:47,334][kafka.coordinator][INFO]Skipping heartbeat: no auto-assignment or waiting on rebalance
[2016-09-15 10:29:47,734][kafka.coordinator.consumer][INFO]Revoking previously assigned partitions set([TopicPartition(topic=u'spamtopic', partition=0)]) for group kafka-python-default-group
[2016-09-15 10:29:47,734][kafka.coordinator][INFO](Re-)joining group kafka-python-default-group
[2016-09-15 10:29:47,737][kafka.coordinator][INFO]Joined group 'kafka-python-default-group' (generation 4043) with member_id kafka-python-1.3.1-21160536-018f-4c06-9437-6ad695c1eca4
[2016-09-15 10:29:47,739][kafka.coordinator][INFO]Successfully joined group kafka-python-default-group with generation 4043
[2016-09-15 10:29:47,739][kafka.consumer.subscription_state][INFO]Updated partition assignment: [TopicPartition(topic=u'spamtopic', partition=0)]
[2016-09-15 10:29:47,739][kafka.coordinator.consumer][INFO]Setting newly assigned partitions set([TopicPartition(topic=u'spamtopic', partition=0)]) for group kafka-python-default-group
[2016-09-15 10:29:50,749][kafka.coordinator][WARNING]Heartbeat failed for group kafka-python-default-group because it is rebalancing
[2016-09-15 10:29:50,749][kafka.coordinator][WARNING]Heartbeat failed ([Error 27] RebalanceInProgressError: ); retrying
[2016-09-15 10:29:50,850][kafka.coordinator][INFO]Skipping heartbeat: no auto-assignment or waiting on rebalance
[2016-09-15 10:29:51,250][kafka.coordinator.consumer][INFO]Revoking previously assigned partitions set([TopicPartition(topic=u'spamtopic', partition=0)]) for group kafka-python-default-group
[2016-09-15 10:29:51,251][kafka.coordinator][INFO](Re-)joining group kafka-python-default-group
[2016-09-15 10:29:51,253][kafka.coordinator][INFO]Joined group 'kafka-python-default-group' (generation 4044) with member_id kafka-python-1.3.1-21160536-018f-4c06-9437-6ad695c1eca4
[2016-09-15 10:29:51,257][kafka.coordinator][INFO]Successfully joined group kafka-python-default-group with generation 4044
[2016-09-15 10:29:51,257][kafka.consumer.subscription_state][INFO]Updated partition assignment: [TopicPartition(topic=u'spamtopic', partition=0)]
[2016-09-15 10:29:51,257][kafka.coordinator.consumer][INFO]Setting newly assigned partitions set([TopicPartition(topic=u'spamtopic', partition=0)]) for group kafka-python-default-group
[2016-09-15 10:29:54,265][kafka.coordinator][WARNING]Heartbeat failed for group kafka-python-default-group because it is rebalancing
[2016-09-15 10:29:54,265][kafka.coordinator][WARNING]Heartbeat failed ([Error 27] RebalanceInProgressError: ); retrying
[2016-09-15 10:29:54,366][kafka.coordinator][INFO]Skipping heartbeat: no auto-assignment or waiting on rebalance
[2016-09-15 10:29:54,767][kafka.coordinator.consumer][INFO]Revoking previously assigned partitions set([TopicPartition(topic=u'spamtopic', partition=0)]) for group kafka-python-default-group
[2016-09-15 10:29:54,768][kafka.coordinator][INFO](Re-)joining group kafka-python-default-group
[2016-09-15 10:29:54,773][kafka.coordinator][INFO]Joined group 'kafka-python-default-group' (generation 4045) with member_id kafka-python-1.3.1-21160536-018f-4c06-9437-6ad695c1eca4
[2016-09-15 10:29:54,775][kafka.coordinator][INFO]Successfully joined group kafka-python-default-group with generation 4045
[2016-09-15 10:29:54,775][kafka.consumer.subscription_state][INFO]Updated partition assignment: [TopicPartition(topic=u'spamtopic', partition=0)]
[2016-09-15 10:29:54,775][kafka.coordinator.consumer][INFO]Setting newly assigned partitions set([TopicPartition(topic=u'spamtopic', partition=0)]) for group kafka-python-default-group
[2016-09-15 10:29:57,787][kafka.coordinator][WARNING]Heartbeat failed for group kafka-python-default-group because it is rebalancing
[2016-09-15 10:29:57,787][kafka.coordinator][WARNING]Heartbeat failed ([Error 27] RebalanceInProgressError: ); retrying
[2016-09-15 10:29:57,889][kafka.coordinator][INFO]Skipping heartbeat: no auto-assignment or waiting on rebalance
[2016-09-15 10:29:58,289][kafka.coordinator.consumer][INFO]Revoking previously assigned partitions set([TopicPartition(topic=u'spamtopic', partition=0)]) for group kafka-python-default-group
[2016-09-15 10:29:58,289][kafka.coordinator][INFO](Re-)joining group kafka-python-default-group
[2016-09-15 10:29:58,292][kafka.coordinator][INFO]Joined group 'kafka-python-default-group' (generation 4046) with member_id kafka-python-1.3.1-21160536-018f-4c06-9437-6ad695c1eca4
[2016-09-15 10:29:58,294][kafka.coordinator][INFO]Successfully joined group kafka-python-default-group with generation 4046
[2016-09-15 10:29:58,294][kafka.consumer.subscription_state][INFO]Updated partition assignment: [TopicPartition(topic=u'spamtopic', partition=0)]
[2016-09-15 10:29:58,295][kafka.coordinator.consumer][INFO]Setting newly assigned partitions set([TopicPartition(topic=u'spamtopic', partition=0)]) for group kafka-python-default-group
[2016-09-15 10:30:01,303][kafka.coordinator][WARNING]Heartbeat failed for group kafka-python-default-group because it is rebalancing
[2016-09-15 10:30:01,303][kafka.coordinator][WARNING]Heartbeat failed ([Error 27] RebalanceInProgressError: ); retrying
[2016-09-15 10:30:01,404][kafka.coordinator][INFO]Skipping heartbeat: no auto-assignment or waiting on rebalance
[2016-09-15 10:30:01,804][kafka.coordinator.consumer][INFO]Revoking previously assigned partitions set([TopicPartition(topic=u'spamtopic', partition=0)]) for group kafka-python-default-group
[2016-09-15 10:30:01,804][kafka.coordinator][INFO](Re-)joining group kafka-python-default-group
[2016-09-15 10:30:01,805][kafka.coordinator][INFO]Joined group 'kafka-python-default-group' (generation 4047) with member_id kafka-python-1.3.1-21160536-018f-4c06-9437-6ad695c1eca4
[2016-09-15 10:30:01,807][kafka.coordinator][INFO]Successfully joined group kafka-python-default-group with generation 4047
[2016-09-15 10:30:01,808][kafka.consumer.subscription_state][INFO]Updated partition assignment: [TopicPartition(topic=u'spamtopic', partition=0)]
[2016-09-15 10:30:01,808][kafka.coordinator.consumer][INFO]Setting newly assigned partitions set([TopicPartition(topic=u'spamtopic', partition=0)]) for group kafka-python-default-group
[2016-09-15 10:30:04,819][kafka.coordinator][WARNING]Heartbeat failed for group kafka-python-default-group because it is rebalancing
[2016-09-15 10:30:04,819][kafka.coordinator][WARNING]Heartbeat failed ([Error 27] RebalanceInProgressError: ); retrying
[2016-09-15 10:30:04,920][kafka.coordinator][INFO]Skipping heartbeat: no auto-assignment or waiting on rebalance
[2016-09-15 10:30:05,320][kafka.coordinator.consumer][INFO]Revoking previously assigned partitions set([TopicPartition(topic=u'spamtopic', partition=0)]) for group kafka-python-default-group
[2016-09-15 10:30:05,320][kafka.coordinator][INFO](Re-)joining group kafka-python-default-group
[2016-09-15 10:30:05,321][kafka.coordinator][INFO]Joined group 'kafka-python-default-group' (generation 4048) with member_id kafka-python-1.3.1-21160536-018f-4c06-9437-6ad695c1eca4
[2016-09-15 10:30:05,323][kafka.coordinator][INFO]Successfully joined group kafka-python-default-group with generation 4048
[2016-09-15 10:30:05,324][kafka.consumer.subscription_state][INFO]Updated partition assignment: [TopicPartition(topic=u'spamtopic', partition=0)]
[2016-09-15 10:30:05,331][kafka.coordinator.consumer][INFO]Setting newly assigned partitions set([TopicPartition(topic=u'spamtopic', partition=0)]) for group kafka-python-default-group
[2016-09-15 10:30:08,339][kafka.coordinator][WARNING]Heartbeat failed for group kafka-python-default-group because it is rebalancing
[2016-09-15 10:30:08,340][kafka.coordinator][WARNING]Heartbeat failed ([Error 27] RebalanceInProgressError: ); retrying
[2016-09-15 10:30:08,441][kafka.coordinator][INFO]Skipping heartbeat: no auto-assignment or waiting on rebalance
[2016-09-15 10:30:08,841][kafka.coordinator.consumer][INFO]Revoking previously assigned partitions set([TopicPartition(topic=u'spamtopic', partition=0)]) for group kafka-python-default-group
[2016-09-15 10:30:08,841][kafka.coordinator][INFO](Re-)joining group kafka-python-default-group
[2016-09-15 10:30:08,842][kafka.coordinator][INFO]Joined group 'kafka-python-default-group' (generation 4049) with member_id kafka-python-1.3.1-21160536-018f-4c06-9437-6ad695c1eca4
[2016-09-15 10:30:08,844][kafka.coordinator][INFO]Successfully joined group kafka-python-default-group with generation 4049
[2016-09-15 10:30:08,845][kafka.consumer.subscription_state][INFO]Updated partition assignment: [TopicPartition(topic=u'spamtopic', partition=0)]
[2016-09-15 10:30:08,845][kafka.coordinator.consumer][INFO]Setting newly assigned partitions set([TopicPartition(topic=u'spamtopic', partition=0)]) for group kafka-python-default-group
[2016-09-15 10:30:11,855][kafka.coordinator][WARNING]Heartbeat failed for group kafka-python-default-group because it is rebalancing
[2016-09-15 10:30:11,855][kafka.coordinator][WARNING]Heartbeat failed ([Error 27] RebalanceInProgressError: ); retrying
[2016-09-15 10:30:11,956][kafka.coordinator][INFO]Skipping heartbeat: no auto-assignment or waiting on rebalance
[2016-09-15 10:30:12,356][kafka.coordinator.consumer][INFO]Revoking previously assigned partitions set([TopicPartition(topic=u'spamtopic', partition=0)]) for group kafka-python-default-group
[2016-09-15 10:30:12,356][kafka.coordinator][INFO](Re-)joining group kafka-python-default-group
[2016-09-15 10:30:12,357][kafka.coordinator][INFO]Joined group 'kafka-python-default-group' (generation 4050) with member_id kafka-python-1.3.1-21160536-018f-4c06-9437-6ad695c1eca4
[2016-09-15 10:30:12,361][kafka.coordinator][INFO]Successfully joined group kafka-python-default-group with generation 4050
[2016-09-15 10:30:12,361][kafka.consumer.subscription_state][INFO]Updated partition assignment: [TopicPartition(topic=u'spamtopic', partition=0)]
[2016-09-15 10:30:12,361][kafka.coordinator.consumer][INFO]Setting newly assigned partitions set([TopicPartition(topic=u'spamtopic', partition=0)]) for group kafka-python-default-group
[2016-09-15 10:30:15,373][kafka.coordinator][WARNING]Heartbeat failed for group kafka-python-default-group because it is rebalancing
[2016-09-15 10:30:15,373][kafka.coordinator][WARNING]Heartbeat failed ([Error 27] RebalanceInProgressError: ); retrying
[2016-09-15 10:30:15,474][kafka.coordinator][INFO]Skipping heartbeat: no auto-assignment or waiting on rebalance
[2016-09-15 10:30:15,874][kafka.coordinator.consumer][INFO]Revoking previously assigned partitions set([TopicPartition(topic=u'spamtopic', partition=0)]) for group kafka-python-default-group
[2016-09-15 10:30:15,874][kafka.coordinator][INFO](Re-)joining group kafka-python-default-group
[2016-09-15 10:30:15,875][kafka.coordinator][INFO]Joined group 'kafka-python-default-group' (generation 4051) with member_id kafka-python-1.3.1-21160536-018f-4c06-9437-6ad695c1eca4
[2016-09-15 10:30:15,879][kafka.coordinator][INFO]Successfully joined group kafka-python-default-group with generation 4051
[2016-09-15 10:30:15,880][kafka.consumer.subscription_state][INFO]Updated partition assignment: [TopicPartition(topic=u'spamtopic', partition=0)]
[2016-09-15 10:30:15,880][kafka.coordinator.consumer][INFO]Setting newly assigned partitions set([TopicPartition(topic=u'spamtopic', partition=0)]) for group kafka-python-default-group
