Beginning task setup

/usr/bin/flock
Using existing venv: /tmp/petrel-spam-6-1473877022/venv
Task setup took 0 seconds
Launching: python -m petrel.run kafkaconsumer /home/pipe/topology/TopologyTweetTransformationSPAM/petrel23249_kafkaconsumer.log
/usr/local/lib/python2.7/dist-packages/petrel-1.0.1.0.3-py2.7.egg/petrel/run.py invoked with the following arguments: ['kafkaconsumer', '/home/pipe/topology/TopologyTweetTransformationSPAM/petrel23249_kafkaconsumer.log']
python version: 2.7.12
user=root
PATH=/tmp/petrel-spam-6-1473877022/venv/bin:/usr/local/sbin:/usr/local/bin:/usr/sbin:/usr/bin:/sbin:/bin:/snap/bin
LD_LIBRARY_PATH=/home/apache-storm-1.0.1/data/supervisor/stormdist/spam-6-1473877022/resources/Linux-amd64:/home/apache-storm-1.0.1/data/supervisor/stormdist/spam-6-1473877022/resources:/usr/local/lib:/opt/local/lib:/usr/lib
PYTHON_EGG_CACHE=/tmp/petrel-spam-6-1473877022/egg_cache
[2016-09-15 10:39:00,301][storm][INFO]Tuple profiling enabled. Will log tuple processing times.
[2016-09-15 10:39:00,504][storm][INFO]Task received setupInfo from Storm: {'pidDir': '/home/apache-storm-1.0.1/data/workers/e239bf01-69ca-4388-b65b-29f0e0aff9af/pids', 'conf': {'storm.group.mapping.service.params': None, 'topology.tuple.serializer': 'org.apache.storm.serialization.types.ListDelegateSerializer', 'topology.workers': 1, 'drpc.worker.threads': 64, 'ui.filter.params': None, 'transactional.zookeeper.root': '/transactional', 'logviewer.cleanup.age.mins': 10080, 'worker.profiler.command': 'flight.bash', 'topology.executor.send.buffer.size': 1024, 'nimbus.file.copy.expiration.secs': 600, 'oauth.acess_token': ' 702208758362087425-HZiyl1x7Bh98cQa1WLBDYylyu10Bpl7', 'drpc.childopts': '-Xmx768m', 'nimbus.thrift.port': 6627, 'topology.disruptor.wait.timeout.millis': 1000, 'storm.zookeeper.retry.intervalceiling.millis': 30000, 'storm.local.dir': '/home/apache-storm-1.0.1/data', 'storm.auth.simple-acl.users': [], 'drpc.invocations.threads': 64, 'storm.zookeeper.superACL': None, 'storm.cluster.state.store': 'org.apache.storm.cluster_state.zookeeper_state_factory', 'storm.codedistributor.class': 'org.apache.storm.codedistributor.LocalFileSystemCodeDistributor', 'drpc.https.keystore.password': '', 'supervisor.blobstore.download.max_retries': 3, 'pacemaker.kerberos.users': [], 'storm.messaging.netty.client_worker_threads': 1, 'oauth.consumer_secret': 'ADf76fi3O1lKMzBxWnjqf93l3GHv28uar3bkblkvyBrAyoA23i', 'topology.component.resources.offheap.memory.mb': 0.0, 'supervisor.heartbeat.frequency.secs': 5, 'storm.group.mapping.service.cache.duration.secs': 120, 'storm.group.mapping.service': 'org.apache.storm.security.auth.ShellBasedGroupsMapping', 'storm.workers.artifacts.dir': 'workers-artifacts', 'drpc.request.timeout.secs': 600, 'pacemaker.childopts': '-Xmx1024m', 'nimbus.seeds': ['localhost'], 'topology.shellbolt.max.pending': 100, 'topology.min.replication.count': 1, 'topology.skip.missing.kryo.registrations': False, 'worker.heartbeat.frequency.secs': 1, 'storm.auth.simple-acl.users.commands': [], 'storm.zookepeer.port': 2181, 'zmq.hwm': 0, 'topology.worker.shared.thread.pool.size': 4, 'storm.zookeeper.connection.timeout': 15000, 'java.library.path': '/usr/local/lib:/opt/local/lib:/usr/lib', 'logviewer.max.sum.worker.logs.size.mb': 4096, 'task.refresh.poll.secs': 10, 'topology.max.error.report.per.interval': 5, 'topology.worker.logwriter.childopts': '-Xmx64m', 'ui.actions.enabled': True, 'storm.health.check.timeout.ms': 5000, 'topology.scheduler.strategy': 'org.apache.storm.scheduler.resource.strategies.scheduling.DefaultResourceAwareStrategy', 'ui.host': '0.0.0.0', 'storm.messaging.netty.server_worker_threads': 1, 'topology.disruptor.batch.size': 100, 'storm.id': 'spam-6-1473877022', 'supervisor.worker.start.timeout.secs': 120, 'zmq.threads': 1, 'topology.acker.executors': None, 'pacemaker.thread.timeout': 10, 'storm.local.mode.zmq': False, 'topology.eventlogger.executors': 0, 'topology.tick.tuple.freq.secs': 30, 'supervisor.memory.capacity.mb': 3072.0, 'supervisor.worker.shutdown.sleep.secs': 1, 'pacemaker.base.threads': 10, 'drpc.http.creds.plugin': 'org.apache.storm.security.auth.DefaultHttpCredentialsPlugin', 'storm.zookeeper.servers': ['localhost'], 'supervisor.localizer.cache.target.size.mb': 10240, 'storm.messaging.netty.transfer.batch.size': 262144, 'resource.aware.scheduler.eviction.strategy': 'org.apache.storm.scheduler.resource.strategies.eviction.DefaultEvictionStrategy', 'topology.environment': None, 'storm.zookeeper.port': 2181, 'storm.auth.simple-acl.admins': [], 'pacemaker.host': 'localhost', 'nimbus.childopts': '-Xmx1024m', 'storm.principal.tolocal': 'org.apache.storm.security.auth.DefaultPrincipalToLocal', 'storm.nimbus.retry.times': 5, 'topology.classpath': None, 'drpc.authorizer.acl.filename': 'drpc-auth-acl.yaml', 'topology.bolts.outgoing.overflow.buffer.enable': False, 'nimbus.credential.renewers.freq.secs': 600, 'worker.childopts': '-Xmx%HEAP-MEM%m -XX:+PrintGCDetails -Xloggc:artifacts/gc.log -XX:+PrintGCDateStamps -XX:+PrintGCTimeStamps -XX:+UseGCLogFileRotation -XX:NumberOfGCLogFiles=10 -XX:GCLogFileSize=1M -XX:+HeapDumpOnOutOfMemoryError -XX:HeapDumpPath=artifacts/heapdump', 'drpc.queue.size': 128, 'supervisor.blobstore.class': 'org.apache.storm.blobstore.NimbusBlobStore', 'topology.multilang.serializer': 'org.apache.storm.multilang.JsonSerializer', 'storm.zookeeper.retry.times': 5, 'topology.disable.loadaware': False, 'supervisor.run.worker.as.user': False, 'storm.blobstore.replication.factor': 3, 'worker.profiler.childopts': '-XX:+UnlockCommercialFeatures -XX:+FlightRecorder', 'nimbus.thrift.threads': 64, 'nimbus.monitor.freq.secs': 10, 'storm.blobstore.inputstream.buffer.size.bytes': 65536, 'dev.zookeeper.path': '/tmp/dev-storm-zookeeper', 'topology.users': [], 'storm.daemon.metrics.reporter.plugins': ['org.apache.storm.daemon.metrics.reporters.JmxPreparableReporter'], 'storm.exhibitor.poll.uripath': '/exhibitor/v1/cluster/list', 'pacemaker.max.threads': 50, 'drpc.https.keystore.type': 'JKS', 'topology.tasks': None, 'storm.zookeeper.root': '/storm', 'logviewer.childopts': '-Xmx128m', 'topology.max.replication.wait.time.sec': 60, 'worker.gc.childopts': '', 'backpressure.disruptor.low.watermark': 0.4, 'storm.meta.serialization.delegate': 'org.apache.storm.serialization.GzipThriftSerializationDelegate', 'transactional.zookeeper.port': None, 'drpc.max_buffer_size': 1048576, 'topology.worker.childopts': None, 'storm.auth.simple-white-list.users': [], 'topology.max.spout.pending': None, 'nimbus.topology.validator': 'org.apache.storm.nimbus.DefaultTopologyValidator', 'topology.kryo.register': None, 'petrel.host': 'localhost', 'client.blobstore.class': 'org.apache.storm.blobstore.NimbusBlobStore', 'nimbus.cleanup.inbox.freq.secs': 600, 'storm.nimbus.retry.intervalceiling.millis': 60000, 'storm.network.topography.plugin': 'org.apache.storm.networktopography.DefaultRackDNSToSwitchMapping', 'storm.messaging.netty.min_wait_ms': 100, 'nimbus.task.timeout.secs': 30, 'topology.disruptor.batch.timeout.millis': 1, 'topology.state.checkpoint.interval.ms': 1000, 'ui.header.buffer.bytes': 4096, 'nimbus.thrift.max_buffer_size': 1048576, 'ui.http.creds.plugin': 'org.apache.storm.security.auth.DefaultHttpCredentialsPlugin', 'topology.sleep.spout.wait.strategy.time.ms': 1, 'nimbus.blobstore.expiration.secs': 600, 'storm.cluster.mode': 'distributed', 'storm.messaging.netty.socket.backlog': 500, 'worker.profiler.enabled': False, 'nimbus.queue.size': 100000, 'logviewer.appender.name': 'A1', 'drpc.authorizer.acl.strict': False, 'ui.port': 8080, 'supervisor.slots.ports': [6700, 6701, 6702, 6703], 'worker.log.level.reset.poll.secs': 30, 'storm.nimbus.retry.interval.millis': 2000, 'drpc.invocations.port': 3773, 'supervisor.monitor.frequency.secs': 3, 'ui.childopts': '-Xmx768m', 'transactional.zookeeper.servers': None, 'storm.log4j2.conf.dir': 'log4j2', 'supervisor.supervisors': [], 'zmq.linger.millis': 5000, 'topology.error.throttle.interval.secs': 10, 'storm.health.check.dir': 'healthchecks', 'topology.executor.receive.buffer.size': 1024, 'nimbus.impersonation.authorizer': 'org.apache.storm.security.auth.authorizer.ImpersonationAuthorizer', 'topology.submitter.principal': '', 'topology.worker.max.heap.size.mb': 768.0, 'topology.spout.wait.strategy': 'org.apache.storm.spout.SleepSpoutWaitStrategy', 'task.heartbeat.frequency.secs': 3, 'topology.transfer.buffer.size': 1024, 'storm.zookeeper.session.timeout': 20000, 'topology.testing.always.try.serialize': False, 'nimbus.blobstore.class': 'org.apache.storm.blobstore.LocalFsBlobStore', 'topology.stats.sample.rate': 0.05, 'topology.fall.back.on.java.serialization': True, 'storm.exhibitor.port': 8080, 'storm.zookeeper.auth.password': None, 'supervisor.childopts': '-Xmx256m', 'topology.backpressure.enable': True, 'pacemaker.port': 6699, 'topology.enable.message.timeouts': True, 'nimbus.code.sync.freq.secs': 120, 'backpressure.disruptor.high.watermark': 0.9, 'storm.messaging.netty.max_wait_ms': 1000, 'topology.worker.receiver.thread.count': 1, 'topology.component.resources.onheap.memory.mb': 128.0, 'resource.aware.scheduler.priority.strategy': 'org.apache.storm.scheduler.resource.strategies.priority.DefaultSchedulingPriorityStrategy', 'nimbus.supervisor.timeout.secs': 60, 'pacemaker.auth.method': 'NONE', 'drpc.https.port': -1, 'nimbus.inbox.jar.expiration.secs': 3600, 'scheduler.display.resource': False, 'topology.kryo.factory': 'org.apache.storm.serialization.DefaultKryoFactory', 'storm.zookeeper.retry.interval': 1000, 'supervisor.supervisors.commands': [], 'supervisor.localizer.cleanup.interval.ms': 600000, 'storm.messaging.netty.max_retries': 300, 'task.credentials.poll.secs': 30, 'drpc.http.port': 3774, 'storm.messaging.transport': 'org.apache.storm.messaging.netty.Context', 'supervisor.enable': True, 'nimbus.task.launch.secs': 120, 'supervisor.blobstore.download.thread.count': 5, 'topology.message.timeout.secs': 30, 'oauth.acess_token_secret': 'IiNOTfgE3tEZvW2HDQhRKPMoOLU43NXJCXk8maj51SdAT', 'storm.messaging.netty.authentication': False, 'petrel.user': 'pipe', 'drpc.port': 3772, 'storm.messaging.netty.buffer_size': 5242880, 'topology.state.synchronization.timeout.secs': 60, 'worker.heap.memory.mb': 768, 'topology.name': 'spam', 'topology.priority': 29, 'supervisor.worker.timeout.secs': 30, 'ui.filter': None, 'topology.trident.batch.emit.interval.millis': 500, 'topology.max.task.parallelism': None, 'supervisor.cpu.capacity': 400.0, 'topology.submitter.user': 'root', 'logviewer.max.per.worker.logs.size.mb': 2048, 'nimbus.host': 'localhost', 'topology.builtin.metrics.bucket.size.secs': 60, 'topology.component.cpu.pcore.percent': 10.0, 'ui.users': None, 'storm.thrift.transport': 'org.apache.storm.security.auth.SimpleTransportPlugin', 'logs.users': None, 'logviewer.port': 8000, 'oauth.consumer_key': 'eaFmBSxUveRJfmyZYeabti9Q9', 'topology.kryo.decorators': [], 'topology.debug': False, 'storm.zookeeper.auth.user': None}, 'context': {'task->component': {'11': '__acker', '10': 'WordDivider', '1': 'CountThreeWords', '3': 'CountTwoWords', '2': 'CountThreeWords', '5': 'CountWord', '4': 'CountTwoWords', '7': 'KafkaConsumer', '6': 'CountWord', '9': 'TwoWordDivider', '8': 'ThreeWordDivider'}, 'stream->target->grouping': {'default': {'WordDivider': {'type': 'SHUFFLE'}, 'ThreeWordDivider': {'type': 'SHUFFLE'}, 'TwoWordDivider': {'type': 'SHUFFLE'}}}, 'source->stream->fields': {}, 'streams': ['default'], 'stream->outputfields': {'default': ['sentence', 'user']}, 'taskid': 7, 'source->stream->grouping': {}, 'componentid': 'KafkaConsumer'}}
[2016-09-15 10:39:00,512][storm][INFO]Task sent pid to Storm
[2016-09-15 10:39:00,634][kafka.conn][INFO]Broker version identifed as 0.10
[2016-09-15 10:39:00,635][kafka.conn][INFO]Set configuration api_version=(0, 10) to skip auto check_version requests on startup
[2016-09-15 10:39:00,656][kafka.consumer.subscription_state][INFO]Updating subscribed topics to: ['spamtopic']
[2016-09-15 10:39:00,657][kafka.cluster][INFO]Group coordinator for kafka-python-default-group is BrokerMetadata(nodeId=0, host=u'localhost', port=9092, rack=None)
[2016-09-15 10:39:00,657][kafka.coordinator][INFO]Discovered coordinator 0 for group kafka-python-default-group
[2016-09-15 10:39:00,657][kafka.coordinator.consumer][INFO]Revoking previously assigned partitions set([]) for group kafka-python-default-group
[2016-09-15 10:39:00,658][kafka.coordinator][INFO](Re-)joining group kafka-python-default-group
[2016-09-15 10:39:24,381][kafka.coordinator][INFO]Joined group 'kafka-python-default-group' (generation 4055) with member_id kafka-python-1.3.1-d2625fa9-38b9-4db9-aa3d-f08017564e35
[2016-09-15 10:39:24,383][kafka.coordinator][INFO]Successfully joined group kafka-python-default-group with generation 4055
[2016-09-15 10:39:24,384][kafka.consumer.subscription_state][INFO]Updated partition assignment: [TopicPartition(topic=u'spamtopic', partition=0)]
[2016-09-15 10:39:24,384][kafka.coordinator.consumer][INFO]Setting newly assigned partitions set([TopicPartition(topic=u'spamtopic', partition=0)]) for group kafka-python-default-group
[2016-09-15 10:39:27,393][kafka.coordinator][WARNING]Heartbeat failed for group kafka-python-default-group because it is rebalancing
[2016-09-15 10:39:27,393][kafka.coordinator][WARNING]Heartbeat failed ([Error 27] RebalanceInProgressError: ); retrying
[2016-09-15 10:39:27,495][kafka.coordinator][INFO]Skipping heartbeat: no auto-assignment or waiting on rebalance
[2016-09-15 10:39:27,895][kafka.coordinator.consumer][INFO]Revoking previously assigned partitions set([TopicPartition(topic=u'spamtopic', partition=0)]) for group kafka-python-default-group
[2016-09-15 10:39:27,895][kafka.coordinator][INFO](Re-)joining group kafka-python-default-group
[2016-09-15 10:39:27,900][kafka.coordinator][INFO]Joined group 'kafka-python-default-group' (generation 4056) with member_id kafka-python-1.3.1-d2625fa9-38b9-4db9-aa3d-f08017564e35
[2016-09-15 10:39:27,901][kafka.coordinator][INFO](Re-)joining group kafka-python-default-group
[2016-09-15 10:39:31,411][kafka.coordinator][INFO]Joined group 'kafka-python-default-group' (generation 4057) with member_id kafka-python-1.3.1-d2625fa9-38b9-4db9-aa3d-f08017564e35
[2016-09-15 10:39:31,412][kafka.coordinator.consumer][WARNING]Auto offset commit failed for group kafka-python-default-group: CommitFailedError: Commit cannot be completed since the group has already rebalanced and assigned the partitions to another member. This means that the time between subsequent calls to poll() was longer than the configured session.timeout.ms, which typically implies that the poll loop is spending too much time message processing. You can address this either by increasing the session timeout or by reducing the maximum size of batches returned in poll() with max.poll.records.
[2016-09-15 10:39:31,414][kafka.coordinator][INFO]Successfully joined group kafka-python-default-group with generation 4057
[2016-09-15 10:39:31,414][kafka.consumer.subscription_state][INFO]Updated partition assignment: [TopicPartition(topic=u'spamtopic', partition=0)]
[2016-09-15 10:39:31,414][kafka.coordinator.consumer][INFO]Setting newly assigned partitions set([TopicPartition(topic=u'spamtopic', partition=0)]) for group kafka-python-default-group
[2016-09-15 10:39:34,424][kafka.coordinator][WARNING]Heartbeat failed for group kafka-python-default-group because it is rebalancing
[2016-09-15 10:39:34,424][kafka.coordinator][WARNING]Heartbeat failed ([Error 27] RebalanceInProgressError: ); retrying
[2016-09-15 10:39:34,525][kafka.coordinator][INFO]Skipping heartbeat: no auto-assignment or waiting on rebalance
[2016-09-15 10:39:34,926][kafka.coordinator.consumer][INFO]Revoking previously assigned partitions set([TopicPartition(topic=u'spamtopic', partition=0)]) for group kafka-python-default-group
[2016-09-15 10:39:34,927][kafka.coordinator][INFO](Re-)joining group kafka-python-default-group
[2016-09-15 10:39:34,931][kafka.coordinator][INFO]Joined group 'kafka-python-default-group' (generation 4058) with member_id kafka-python-1.3.1-d2625fa9-38b9-4db9-aa3d-f08017564e35
[2016-09-15 10:39:34,932][kafka.coordinator][INFO](Re-)joining group kafka-python-default-group
[2016-09-15 10:39:38,442][kafka.coordinator][INFO]Joined group 'kafka-python-default-group' (generation 4059) with member_id kafka-python-1.3.1-d2625fa9-38b9-4db9-aa3d-f08017564e35
[2016-09-15 10:39:38,443][kafka.coordinator.consumer][WARNING]Auto offset commit failed for group kafka-python-default-group: CommitFailedError: Commit cannot be completed since the group has already rebalanced and assigned the partitions to another member. This means that the time between subsequent calls to poll() was longer than the configured session.timeout.ms, which typically implies that the poll loop is spending too much time message processing. You can address this either by increasing the session timeout or by reducing the maximum size of batches returned in poll() with max.poll.records.
[2016-09-15 10:39:38,443][kafka.coordinator][INFO]Successfully joined group kafka-python-default-group with generation 4059
[2016-09-15 10:39:38,443][kafka.consumer.subscription_state][INFO]Updated partition assignment: [TopicPartition(topic=u'spamtopic', partition=0)]
[2016-09-15 10:39:38,444][kafka.coordinator.consumer][INFO]Setting newly assigned partitions set([TopicPartition(topic=u'spamtopic', partition=0)]) for group kafka-python-default-group
[2016-09-15 10:39:41,452][kafka.coordinator][WARNING]Heartbeat failed for group kafka-python-default-group because it is rebalancing
[2016-09-15 10:39:41,452][kafka.coordinator][WARNING]Heartbeat failed ([Error 27] RebalanceInProgressError: ); retrying
[2016-09-15 10:39:41,553][kafka.coordinator][INFO]Skipping heartbeat: no auto-assignment or waiting on rebalance
[2016-09-15 10:39:41,954][kafka.coordinator.consumer][INFO]Revoking previously assigned partitions set([TopicPartition(topic=u'spamtopic', partition=0)]) for group kafka-python-default-group
[2016-09-15 10:39:41,954][kafka.coordinator][INFO](Re-)joining group kafka-python-default-group
[2016-09-15 10:39:41,959][kafka.coordinator][INFO]Joined group 'kafka-python-default-group' (generation 4060) with member_id kafka-python-1.3.1-d2625fa9-38b9-4db9-aa3d-f08017564e35
[2016-09-15 10:39:41,966][kafka.coordinator][INFO](Re-)joining group kafka-python-default-group
[2016-09-15 10:39:45,480][kafka.coordinator][INFO]Joined group 'kafka-python-default-group' (generation 4061) with member_id kafka-python-1.3.1-d2625fa9-38b9-4db9-aa3d-f08017564e35
[2016-09-15 10:39:45,481][kafka.coordinator.consumer][WARNING]Auto offset commit failed for group kafka-python-default-group: CommitFailedError: Commit cannot be completed since the group has already rebalanced and assigned the partitions to another member. This means that the time between subsequent calls to poll() was longer than the configured session.timeout.ms, which typically implies that the poll loop is spending too much time message processing. You can address this either by increasing the session timeout or by reducing the maximum size of batches returned in poll() with max.poll.records.
[2016-09-15 10:39:45,482][kafka.coordinator][INFO]Successfully joined group kafka-python-default-group with generation 4061
[2016-09-15 10:39:45,483][kafka.consumer.subscription_state][INFO]Updated partition assignment: [TopicPartition(topic=u'spamtopic', partition=0)]
[2016-09-15 10:39:45,483][kafka.coordinator.consumer][INFO]Setting newly assigned partitions set([TopicPartition(topic=u'spamtopic', partition=0)]) for group kafka-python-default-group
[2016-09-15 10:39:48,491][kafka.coordinator][WARNING]Heartbeat failed for group kafka-python-default-group because it is rebalancing
[2016-09-15 10:39:48,491][kafka.coordinator][WARNING]Heartbeat failed ([Error 27] RebalanceInProgressError: ); retrying
[2016-09-15 10:39:48,592][kafka.coordinator][INFO]Skipping heartbeat: no auto-assignment or waiting on rebalance
[2016-09-15 10:39:48,993][kafka.coordinator.consumer][INFO]Revoking previously assigned partitions set([TopicPartition(topic=u'spamtopic', partition=0)]) for group kafka-python-default-group
[2016-09-15 10:39:48,994][kafka.coordinator][INFO](Re-)joining group kafka-python-default-group
[2016-09-15 10:39:48,998][kafka.coordinator][INFO]Joined group 'kafka-python-default-group' (generation 4062) with member_id kafka-python-1.3.1-d2625fa9-38b9-4db9-aa3d-f08017564e35
[2016-09-15 10:39:49,006][kafka.coordinator][INFO]Successfully joined group kafka-python-default-group with generation 4062
[2016-09-15 10:39:49,006][kafka.consumer.subscription_state][INFO]Updated partition assignment: [TopicPartition(topic=u'spamtopic', partition=0)]
[2016-09-15 10:39:49,006][kafka.coordinator.consumer][INFO]Setting newly assigned partitions set([TopicPartition(topic=u'spamtopic', partition=0)]) for group kafka-python-default-group
[2016-09-15 10:39:52,014][kafka.coordinator][WARNING]Heartbeat failed for group kafka-python-default-group because it is rebalancing
[2016-09-15 10:39:52,014][kafka.coordinator][WARNING]Heartbeat failed ([Error 27] RebalanceInProgressError: ); retrying
[2016-09-15 10:39:52,116][kafka.coordinator][INFO]Skipping heartbeat: no auto-assignment or waiting on rebalance
[2016-09-15 10:39:52,516][kafka.coordinator.consumer][INFO]Revoking previously assigned partitions set([TopicPartition(topic=u'spamtopic', partition=0)]) for group kafka-python-default-group
[2016-09-15 10:39:52,517][kafka.coordinator][INFO](Re-)joining group kafka-python-default-group
[2016-09-15 10:39:52,521][kafka.coordinator][INFO]Joined group 'kafka-python-default-group' (generation 4063) with member_id kafka-python-1.3.1-d2625fa9-38b9-4db9-aa3d-f08017564e35
[2016-09-15 10:39:52,522][kafka.coordinator][INFO]Successfully joined group kafka-python-default-group with generation 4063
[2016-09-15 10:39:52,522][kafka.consumer.subscription_state][INFO]Updated partition assignment: [TopicPartition(topic=u'spamtopic', partition=0)]
[2016-09-15 10:39:52,522][kafka.coordinator.consumer][INFO]Setting newly assigned partitions set([TopicPartition(topic=u'spamtopic', partition=0)]) for group kafka-python-default-group
[2016-09-15 10:39:55,530][kafka.coordinator][WARNING]Heartbeat failed for group kafka-python-default-group because it is rebalancing
[2016-09-15 10:39:55,530][kafka.coordinator][WARNING]Heartbeat failed ([Error 27] RebalanceInProgressError: ); retrying
[2016-09-15 10:39:55,631][kafka.coordinator][INFO]Skipping heartbeat: no auto-assignment or waiting on rebalance
[2016-09-15 10:39:56,031][kafka.coordinator.consumer][INFO]Revoking previously assigned partitions set([TopicPartition(topic=u'spamtopic', partition=0)]) for group kafka-python-default-group
[2016-09-15 10:39:56,031][kafka.coordinator][INFO](Re-)joining group kafka-python-default-group
[2016-09-15 10:39:56,033][kafka.coordinator][INFO]Joined group 'kafka-python-default-group' (generation 4064) with member_id kafka-python-1.3.1-d2625fa9-38b9-4db9-aa3d-f08017564e35
[2016-09-15 10:39:56,034][kafka.coordinator][INFO]Successfully joined group kafka-python-default-group with generation 4064
[2016-09-15 10:39:56,035][kafka.consumer.subscription_state][INFO]Updated partition assignment: [TopicPartition(topic=u'spamtopic', partition=0)]
[2016-09-15 10:39:56,035][kafka.coordinator.consumer][INFO]Setting newly assigned partitions set([TopicPartition(topic=u'spamtopic', partition=0)]) for group kafka-python-default-group
[2016-09-15 10:39:59,045][kafka.coordinator][WARNING]Heartbeat failed for group kafka-python-default-group because it is rebalancing
[2016-09-15 10:39:59,045][kafka.coordinator][WARNING]Heartbeat failed ([Error 27] RebalanceInProgressError: ); retrying
[2016-09-15 10:39:59,146][kafka.coordinator][INFO]Skipping heartbeat: no auto-assignment or waiting on rebalance
[2016-09-15 10:39:59,546][kafka.coordinator.consumer][INFO]Revoking previously assigned partitions set([TopicPartition(topic=u'spamtopic', partition=0)]) for group kafka-python-default-group
[2016-09-15 10:39:59,546][kafka.coordinator][INFO](Re-)joining group kafka-python-default-group
[2016-09-15 10:39:59,549][kafka.coordinator][INFO]Joined group 'kafka-python-default-group' (generation 4065) with member_id kafka-python-1.3.1-d2625fa9-38b9-4db9-aa3d-f08017564e35
[2016-09-15 10:39:59,550][kafka.coordinator][INFO]Successfully joined group kafka-python-default-group with generation 4065
[2016-09-15 10:39:59,550][kafka.consumer.subscription_state][INFO]Updated partition assignment: [TopicPartition(topic=u'spamtopic', partition=0)]
[2016-09-15 10:39:59,550][kafka.coordinator.consumer][INFO]Setting newly assigned partitions set([TopicPartition(topic=u'spamtopic', partition=0)]) for group kafka-python-default-group
[2016-09-15 10:40:02,559][kafka.coordinator][WARNING]Heartbeat failed for group kafka-python-default-group because it is rebalancing
[2016-09-15 10:40:02,560][kafka.coordinator][WARNING]Heartbeat failed ([Error 27] RebalanceInProgressError: ); retrying
[2016-09-15 10:40:02,661][kafka.coordinator][INFO]Skipping heartbeat: no auto-assignment or waiting on rebalance
[2016-09-15 10:40:03,061][kafka.coordinator.consumer][INFO]Revoking previously assigned partitions set([TopicPartition(topic=u'spamtopic', partition=0)]) for group kafka-python-default-group
[2016-09-15 10:40:03,061][kafka.coordinator][INFO](Re-)joining group kafka-python-default-group
[2016-09-15 10:40:03,062][kafka.coordinator][INFO]Joined group 'kafka-python-default-group' (generation 4066) with member_id kafka-python-1.3.1-d2625fa9-38b9-4db9-aa3d-f08017564e35
[2016-09-15 10:40:03,065][kafka.coordinator][INFO]Successfully joined group kafka-python-default-group with generation 4066
[2016-09-15 10:40:03,067][kafka.consumer.subscription_state][INFO]Updated partition assignment: [TopicPartition(topic=u'spamtopic', partition=0)]
[2016-09-15 10:40:03,068][kafka.coordinator.consumer][INFO]Setting newly assigned partitions set([TopicPartition(topic=u'spamtopic', partition=0)]) for group kafka-python-default-group
[2016-09-15 10:40:06,077][kafka.coordinator][WARNING]Heartbeat failed for group kafka-python-default-group because it is rebalancing
[2016-09-15 10:40:06,077][kafka.coordinator][WARNING]Heartbeat failed ([Error 27] RebalanceInProgressError: ); retrying
[2016-09-15 10:40:06,178][kafka.coordinator][INFO]Skipping heartbeat: no auto-assignment or waiting on rebalance
[2016-09-15 10:40:06,578][kafka.coordinator.consumer][INFO]Revoking previously assigned partitions set([TopicPartition(topic=u'spamtopic', partition=0)]) for group kafka-python-default-group
[2016-09-15 10:40:06,578][kafka.coordinator][INFO](Re-)joining group kafka-python-default-group
[2016-09-15 10:40:06,580][kafka.coordinator][INFO]Joined group 'kafka-python-default-group' (generation 4067) with member_id kafka-python-1.3.1-d2625fa9-38b9-4db9-aa3d-f08017564e35
[2016-09-15 10:40:06,589][kafka.coordinator][INFO]Successfully joined group kafka-python-default-group with generation 4067
[2016-09-15 10:40:06,589][kafka.consumer.subscription_state][INFO]Updated partition assignment: [TopicPartition(topic=u'spamtopic', partition=0)]
[2016-09-15 10:40:06,589][kafka.coordinator.consumer][INFO]Setting newly assigned partitions set([TopicPartition(topic=u'spamtopic', partition=0)]) for group kafka-python-default-group
[2016-09-15 10:40:09,598][kafka.coordinator][WARNING]Heartbeat failed for group kafka-python-default-group because it is rebalancing
[2016-09-15 10:40:09,598][kafka.coordinator][WARNING]Heartbeat failed ([Error 27] RebalanceInProgressError: ); retrying
[2016-09-15 10:40:09,700][kafka.coordinator][INFO]Skipping heartbeat: no auto-assignment or waiting on rebalance
[2016-09-15 10:40:10,100][kafka.coordinator.consumer][INFO]Revoking previously assigned partitions set([TopicPartition(topic=u'spamtopic', partition=0)]) for group kafka-python-default-group
[2016-09-15 10:40:10,100][kafka.coordinator][INFO](Re-)joining group kafka-python-default-group
[2016-09-15 10:40:10,109][kafka.coordinator][INFO]Joined group 'kafka-python-default-group' (generation 4068) with member_id kafka-python-1.3.1-d2625fa9-38b9-4db9-aa3d-f08017564e35
[2016-09-15 10:40:10,110][kafka.coordinator][INFO](Re-)joining group kafka-python-default-group
[2016-09-15 10:40:13,619][kafka.coordinator][INFO]Joined group 'kafka-python-default-group' (generation 4069) with member_id kafka-python-1.3.1-d2625fa9-38b9-4db9-aa3d-f08017564e35
[2016-09-15 10:40:13,619][kafka.coordinator.consumer][WARNING]Auto offset commit failed for group kafka-python-default-group: CommitFailedError: Commit cannot be completed since the group has already rebalanced and assigned the partitions to another member. This means that the time between subsequent calls to poll() was longer than the configured session.timeout.ms, which typically implies that the poll loop is spending too much time message processing. You can address this either by increasing the session timeout or by reducing the maximum size of batches returned in poll() with max.poll.records.
[2016-09-15 10:40:13,620][kafka.coordinator][INFO]Successfully joined group kafka-python-default-group with generation 4069
[2016-09-15 10:40:13,620][kafka.consumer.subscription_state][INFO]Updated partition assignment: [TopicPartition(topic=u'spamtopic', partition=0)]
[2016-09-15 10:40:13,620][kafka.coordinator.consumer][INFO]Setting newly assigned partitions set([TopicPartition(topic=u'spamtopic', partition=0)]) for group kafka-python-default-group
[2016-09-15 10:40:16,629][kafka.coordinator][WARNING]Heartbeat failed for group kafka-python-default-group because it is rebalancing
[2016-09-15 10:40:16,629][kafka.coordinator][WARNING]Heartbeat failed ([Error 27] RebalanceInProgressError: ); retrying
[2016-09-15 10:40:16,730][kafka.coordinator][INFO]Skipping heartbeat: no auto-assignment or waiting on rebalance
[2016-09-15 10:40:17,130][kafka.coordinator.consumer][INFO]Revoking previously assigned partitions set([TopicPartition(topic=u'spamtopic', partition=0)]) for group kafka-python-default-group
[2016-09-15 10:40:17,130][kafka.coordinator][INFO](Re-)joining group kafka-python-default-group
[2016-09-15 10:40:17,137][kafka.coordinator][INFO]Joined group 'kafka-python-default-group' (generation 4070) with member_id kafka-python-1.3.1-d2625fa9-38b9-4db9-aa3d-f08017564e35
[2016-09-15 10:40:17,139][kafka.coordinator][INFO]Successfully joined group kafka-python-default-group with generation 4070
[2016-09-15 10:40:17,139][kafka.consumer.subscription_state][INFO]Updated partition assignment: [TopicPartition(topic=u'spamtopic', partition=0)]
[2016-09-15 10:40:17,139][kafka.coordinator.consumer][INFO]Setting newly assigned partitions set([TopicPartition(topic=u'spamtopic', partition=0)]) for group kafka-python-default-group
[2016-09-15 10:40:20,148][kafka.coordinator][WARNING]Heartbeat failed for group kafka-python-default-group because it is rebalancing
[2016-09-15 10:40:20,148][kafka.coordinator][WARNING]Heartbeat failed ([Error 27] RebalanceInProgressError: ); retrying
[2016-09-15 10:40:20,249][kafka.coordinator][INFO]Skipping heartbeat: no auto-assignment or waiting on rebalance
[2016-09-15 10:40:20,650][kafka.coordinator.consumer][INFO]Revoking previously assigned partitions set([TopicPartition(topic=u'spamtopic', partition=0)]) for group kafka-python-default-group
[2016-09-15 10:40:20,651][kafka.coordinator][INFO](Re-)joining group kafka-python-default-group
[2016-09-15 10:40:20,656][kafka.coordinator][INFO]Joined group 'kafka-python-default-group' (generation 4071) with member_id kafka-python-1.3.1-d2625fa9-38b9-4db9-aa3d-f08017564e35
[2016-09-15 10:40:20,661][kafka.coordinator][INFO]Successfully joined group kafka-python-default-group with generation 4071
[2016-09-15 10:40:20,661][kafka.consumer.subscription_state][INFO]Updated partition assignment: [TopicPartition(topic=u'spamtopic', partition=0)]
[2016-09-15 10:40:20,661][kafka.coordinator.consumer][INFO]Setting newly assigned partitions set([TopicPartition(topic=u'spamtopic', partition=0)]) for group kafka-python-default-group
[2016-09-15 10:40:23,670][kafka.coordinator][WARNING]Heartbeat failed for group kafka-python-default-group because it is rebalancing
[2016-09-15 10:40:23,671][kafka.coordinator][WARNING]Heartbeat failed ([Error 27] RebalanceInProgressError: ); retrying
[2016-09-15 10:40:23,772][kafka.coordinator][INFO]Skipping heartbeat: no auto-assignment or waiting on rebalance
[2016-09-15 10:40:24,172][kafka.coordinator.consumer][INFO]Revoking previously assigned partitions set([TopicPartition(topic=u'spamtopic', partition=0)]) for group kafka-python-default-group
[2016-09-15 10:40:24,172][kafka.coordinator][INFO](Re-)joining group kafka-python-default-group
[2016-09-15 10:40:24,174][kafka.coordinator][INFO]Joined group 'kafka-python-default-group' (generation 4072) with member_id kafka-python-1.3.1-d2625fa9-38b9-4db9-aa3d-f08017564e35
[2016-09-15 10:40:24,178][kafka.coordinator][INFO]Successfully joined group kafka-python-default-group with generation 4072
[2016-09-15 10:40:24,178][kafka.consumer.subscription_state][INFO]Updated partition assignment: [TopicPartition(topic=u'spamtopic', partition=0)]
[2016-09-15 10:40:24,179][kafka.coordinator.consumer][INFO]Setting newly assigned partitions set([TopicPartition(topic=u'spamtopic', partition=0)]) for group kafka-python-default-group
[2016-09-15 10:40:27,190][kafka.coordinator][WARNING]Heartbeat failed for group kafka-python-default-group because it is rebalancing
[2016-09-15 10:40:27,190][kafka.coordinator][WARNING]Heartbeat failed ([Error 27] RebalanceInProgressError: ); retrying
[2016-09-15 10:40:27,291][kafka.coordinator][INFO]Skipping heartbeat: no auto-assignment or waiting on rebalance
[2016-09-15 10:40:27,691][kafka.coordinator.consumer][INFO]Revoking previously assigned partitions set([TopicPartition(topic=u'spamtopic', partition=0)]) for group kafka-python-default-group
[2016-09-15 10:40:27,692][kafka.coordinator][INFO](Re-)joining group kafka-python-default-group
[2016-09-15 10:40:27,696][kafka.coordinator][INFO]Joined group 'kafka-python-default-group' (generation 4073) with member_id kafka-python-1.3.1-d2625fa9-38b9-4db9-aa3d-f08017564e35
[2016-09-15 10:40:27,697][kafka.coordinator][INFO]Successfully joined group kafka-python-default-group with generation 4073
[2016-09-15 10:40:27,697][kafka.consumer.subscription_state][INFO]Updated partition assignment: [TopicPartition(topic=u'spamtopic', partition=0)]
[2016-09-15 10:40:27,697][kafka.coordinator.consumer][INFO]Setting newly assigned partitions set([TopicPartition(topic=u'spamtopic', partition=0)]) for group kafka-python-default-group
[2016-09-15 10:40:30,710][kafka.coordinator][WARNING]Heartbeat failed for group kafka-python-default-group because it is rebalancing
[2016-09-15 10:40:30,710][kafka.coordinator][WARNING]Heartbeat failed ([Error 27] RebalanceInProgressError: ); retrying
[2016-09-15 10:40:30,811][kafka.coordinator][INFO]Skipping heartbeat: no auto-assignment or waiting on rebalance
[2016-09-15 10:40:31,212][kafka.coordinator.consumer][INFO]Revoking previously assigned partitions set([TopicPartition(topic=u'spamtopic', partition=0)]) for group kafka-python-default-group
[2016-09-15 10:40:31,212][kafka.coordinator][INFO](Re-)joining group kafka-python-default-group
[2016-09-15 10:40:31,213][kafka.coordinator][INFO]Joined group 'kafka-python-default-group' (generation 4074) with member_id kafka-python-1.3.1-d2625fa9-38b9-4db9-aa3d-f08017564e35
[2016-09-15 10:40:31,215][kafka.coordinator][INFO]Successfully joined group kafka-python-default-group with generation 4074
[2016-09-15 10:40:31,215][kafka.consumer.subscription_state][INFO]Updated partition assignment: [TopicPartition(topic=u'spamtopic', partition=0)]
[2016-09-15 10:40:31,216][kafka.coordinator.consumer][INFO]Setting newly assigned partitions set([TopicPartition(topic=u'spamtopic', partition=0)]) for group kafka-python-default-group
[2016-09-15 10:40:34,228][kafka.coordinator][WARNING]Heartbeat failed for group kafka-python-default-group because it is rebalancing
[2016-09-15 10:40:34,228][kafka.coordinator][WARNING]Heartbeat failed ([Error 27] RebalanceInProgressError: ); retrying
[2016-09-15 10:40:34,330][kafka.coordinator][INFO]Skipping heartbeat: no auto-assignment or waiting on rebalance
[2016-09-15 10:40:34,730][kafka.coordinator.consumer][INFO]Revoking previously assigned partitions set([TopicPartition(topic=u'spamtopic', partition=0)]) for group kafka-python-default-group
[2016-09-15 10:40:34,731][kafka.coordinator][INFO](Re-)joining group kafka-python-default-group
[2016-09-15 10:40:34,735][kafka.coordinator][INFO]Joined group 'kafka-python-default-group' (generation 4075) with member_id kafka-python-1.3.1-d2625fa9-38b9-4db9-aa3d-f08017564e35
[2016-09-15 10:40:34,737][kafka.coordinator][INFO]Successfully joined group kafka-python-default-group with generation 4075
[2016-09-15 10:40:34,737][kafka.consumer.subscription_state][INFO]Updated partition assignment: [TopicPartition(topic=u'spamtopic', partition=0)]
[2016-09-15 10:40:34,738][kafka.coordinator.consumer][INFO]Setting newly assigned partitions set([TopicPartition(topic=u'spamtopic', partition=0)]) for group kafka-python-default-group
[2016-09-15 10:40:37,748][kafka.coordinator][WARNING]Heartbeat failed for group kafka-python-default-group because it is rebalancing
[2016-09-15 10:40:37,749][kafka.coordinator][WARNING]Heartbeat failed ([Error 27] RebalanceInProgressError: ); retrying
[2016-09-15 10:40:37,850][kafka.coordinator][INFO]Skipping heartbeat: no auto-assignment or waiting on rebalance
[2016-09-15 10:40:38,250][kafka.coordinator.consumer][INFO]Revoking previously assigned partitions set([TopicPartition(topic=u'spamtopic', partition=0)]) for group kafka-python-default-group
[2016-09-15 10:40:38,250][kafka.coordinator][INFO](Re-)joining group kafka-python-default-group
[2016-09-15 10:40:38,251][kafka.coordinator][INFO]Joined group 'kafka-python-default-group' (generation 4076) with member_id kafka-python-1.3.1-d2625fa9-38b9-4db9-aa3d-f08017564e35
[2016-09-15 10:40:38,253][kafka.coordinator][INFO]Successfully joined group kafka-python-default-group with generation 4076
[2016-09-15 10:40:38,254][kafka.consumer.subscription_state][INFO]Updated partition assignment: [TopicPartition(topic=u'spamtopic', partition=0)]
[2016-09-15 10:40:38,254][kafka.coordinator.consumer][INFO]Setting newly assigned partitions set([TopicPartition(topic=u'spamtopic', partition=0)]) for group kafka-python-default-group
[2016-09-15 10:40:41,263][kafka.coordinator][WARNING]Heartbeat failed for group kafka-python-default-group because it is rebalancing
[2016-09-15 10:40:41,264][kafka.coordinator][WARNING]Heartbeat failed ([Error 27] RebalanceInProgressError: ); retrying
[2016-09-15 10:40:41,364][kafka.coordinator][INFO]Skipping heartbeat: no auto-assignment or waiting on rebalance
[2016-09-15 10:40:41,765][kafka.coordinator.consumer][INFO]Revoking previously assigned partitions set([TopicPartition(topic=u'spamtopic', partition=0)]) for group kafka-python-default-group
[2016-09-15 10:40:41,765][kafka.coordinator][INFO](Re-)joining group kafka-python-default-group
[2016-09-15 10:40:41,771][kafka.coordinator][INFO]Joined group 'kafka-python-default-group' (generation 4077) with member_id kafka-python-1.3.1-d2625fa9-38b9-4db9-aa3d-f08017564e35
[2016-09-15 10:40:41,777][kafka.coordinator][INFO]Successfully joined group kafka-python-default-group with generation 4077
[2016-09-15 10:40:41,777][kafka.consumer.subscription_state][INFO]Updated partition assignment: [TopicPartition(topic=u'spamtopic', partition=0)]
[2016-09-15 10:40:41,778][kafka.coordinator.consumer][INFO]Setting newly assigned partitions set([TopicPartition(topic=u'spamtopic', partition=0)]) for group kafka-python-default-group
[2016-09-15 10:40:44,787][kafka.coordinator][WARNING]Heartbeat failed for group kafka-python-default-group because it is rebalancing
[2016-09-15 10:40:44,787][kafka.coordinator][WARNING]Heartbeat failed ([Error 27] RebalanceInProgressError: ); retrying
[2016-09-15 10:40:44,888][kafka.coordinator][INFO]Skipping heartbeat: no auto-assignment or waiting on rebalance
[2016-09-15 10:40:45,288][kafka.coordinator.consumer][INFO]Revoking previously assigned partitions set([TopicPartition(topic=u'spamtopic', partition=0)]) for group kafka-python-default-group
[2016-09-15 10:40:45,288][kafka.coordinator][INFO](Re-)joining group kafka-python-default-group
[2016-09-15 10:40:45,290][kafka.coordinator][INFO]Joined group 'kafka-python-default-group' (generation 4078) with member_id kafka-python-1.3.1-d2625fa9-38b9-4db9-aa3d-f08017564e35
[2016-09-15 10:40:45,291][kafka.coordinator][INFO]Successfully joined group kafka-python-default-group with generation 4078
[2016-09-15 10:40:45,291][kafka.consumer.subscription_state][INFO]Updated partition assignment: [TopicPartition(topic=u'spamtopic', partition=0)]
[2016-09-15 10:40:45,291][kafka.coordinator.consumer][INFO]Setting newly assigned partitions set([TopicPartition(topic=u'spamtopic', partition=0)]) for group kafka-python-default-group
[2016-09-15 10:40:48,299][kafka.coordinator][WARNING]Heartbeat failed for group kafka-python-default-group because it is rebalancing
[2016-09-15 10:40:48,299][kafka.coordinator][WARNING]Heartbeat failed ([Error 27] RebalanceInProgressError: ); retrying
[2016-09-15 10:40:48,400][kafka.coordinator][INFO]Skipping heartbeat: no auto-assignment or waiting on rebalance
[2016-09-15 10:40:48,800][kafka.coordinator.consumer][INFO]Revoking previously assigned partitions set([TopicPartition(topic=u'spamtopic', partition=0)]) for group kafka-python-default-group
[2016-09-15 10:40:48,801][kafka.coordinator][INFO](Re-)joining group kafka-python-default-group
[2016-09-15 10:40:48,808][kafka.coordinator][INFO]Joined group 'kafka-python-default-group' (generation 4079) with member_id kafka-python-1.3.1-d2625fa9-38b9-4db9-aa3d-f08017564e35
[2016-09-15 10:40:48,809][kafka.coordinator][INFO]Successfully joined group kafka-python-default-group with generation 4079
[2016-09-15 10:40:48,809][kafka.consumer.subscription_state][INFO]Updated partition assignment: [TopicPartition(topic=u'spamtopic', partition=0)]
[2016-09-15 10:40:48,809][kafka.coordinator.consumer][INFO]Setting newly assigned partitions set([TopicPartition(topic=u'spamtopic', partition=0)]) for group kafka-python-default-group
[2016-09-15 10:40:51,818][kafka.coordinator][WARNING]Heartbeat failed for group kafka-python-default-group because it is rebalancing
[2016-09-15 10:40:51,818][kafka.coordinator][WARNING]Heartbeat failed ([Error 27] RebalanceInProgressError: ); retrying
[2016-09-15 10:40:51,919][kafka.coordinator][INFO]Skipping heartbeat: no auto-assignment or waiting on rebalance
[2016-09-15 10:40:52,320][kafka.coordinator.consumer][INFO]Revoking previously assigned partitions set([TopicPartition(topic=u'spamtopic', partition=0)]) for group kafka-python-default-group
[2016-09-15 10:40:52,320][kafka.coordinator][INFO](Re-)joining group kafka-python-default-group
[2016-09-15 10:40:52,325][kafka.coordinator][INFO]Joined group 'kafka-python-default-group' (generation 4080) with member_id kafka-python-1.3.1-d2625fa9-38b9-4db9-aa3d-f08017564e35
[2016-09-15 10:40:52,326][kafka.coordinator][INFO](Re-)joining group kafka-python-default-group
[2016-09-15 10:40:55,835][kafka.coordinator][INFO]Joined group 'kafka-python-default-group' (generation 4081) with member_id kafka-python-1.3.1-d2625fa9-38b9-4db9-aa3d-f08017564e35
[2016-09-15 10:40:55,836][kafka.coordinator.consumer][WARNING]Auto offset commit failed for group kafka-python-default-group: CommitFailedError: Commit cannot be completed since the group has already rebalanced and assigned the partitions to another member. This means that the time between subsequent calls to poll() was longer than the configured session.timeout.ms, which typically implies that the poll loop is spending too much time message processing. You can address this either by increasing the session timeout or by reducing the maximum size of batches returned in poll() with max.poll.records.
[2016-09-15 10:40:55,837][kafka.coordinator][INFO]Successfully joined group kafka-python-default-group with generation 4081
[2016-09-15 10:40:55,838][kafka.consumer.subscription_state][INFO]Updated partition assignment: [TopicPartition(topic=u'spamtopic', partition=0)]
[2016-09-15 10:40:55,838][kafka.coordinator.consumer][INFO]Setting newly assigned partitions set([TopicPartition(topic=u'spamtopic', partition=0)]) for group kafka-python-default-group
[2016-09-15 10:40:58,847][kafka.coordinator][WARNING]Heartbeat failed for group kafka-python-default-group because it is rebalancing
[2016-09-15 10:40:58,847][kafka.coordinator][WARNING]Heartbeat failed ([Error 27] RebalanceInProgressError: ); retrying
[2016-09-15 10:40:58,949][kafka.coordinator][INFO]Skipping heartbeat: no auto-assignment or waiting on rebalance
[2016-09-15 10:40:59,349][kafka.coordinator.consumer][INFO]Revoking previously assigned partitions set([TopicPartition(topic=u'spamtopic', partition=0)]) for group kafka-python-default-group
[2016-09-15 10:40:59,349][kafka.coordinator][INFO](Re-)joining group kafka-python-default-group
[2016-09-15 10:40:59,355][kafka.coordinator][INFO]Joined group 'kafka-python-default-group' (generation 4082) with member_id kafka-python-1.3.1-d2625fa9-38b9-4db9-aa3d-f08017564e35
[2016-09-15 10:40:59,357][kafka.coordinator][INFO]Successfully joined group kafka-python-default-group with generation 4082
[2016-09-15 10:40:59,365][kafka.consumer.subscription_state][INFO]Updated partition assignment: [TopicPartition(topic=u'spamtopic', partition=0)]
[2016-09-15 10:40:59,365][kafka.coordinator.consumer][INFO]Setting newly assigned partitions set([TopicPartition(topic=u'spamtopic', partition=0)]) for group kafka-python-default-group
[2016-09-15 10:41:02,373][kafka.coordinator][WARNING]Heartbeat failed for group kafka-python-default-group because it is rebalancing
[2016-09-15 10:41:02,373][kafka.coordinator][WARNING]Heartbeat failed ([Error 27] RebalanceInProgressError: ); retrying
[2016-09-15 10:41:02,474][kafka.coordinator][INFO]Skipping heartbeat: no auto-assignment or waiting on rebalance
[2016-09-15 10:41:02,876][kafka.coordinator.consumer][INFO]Revoking previously assigned partitions set([TopicPartition(topic=u'spamtopic', partition=0)]) for group kafka-python-default-group
[2016-09-15 10:41:02,876][kafka.coordinator][INFO](Re-)joining group kafka-python-default-group
[2016-09-15 10:41:02,878][kafka.coordinator][INFO]Joined group 'kafka-python-default-group' (generation 4083) with member_id kafka-python-1.3.1-d2625fa9-38b9-4db9-aa3d-f08017564e35
[2016-09-15 10:41:02,879][kafka.coordinator][INFO]Successfully joined group kafka-python-default-group with generation 4083
[2016-09-15 10:41:02,879][kafka.consumer.subscription_state][INFO]Updated partition assignment: [TopicPartition(topic=u'spamtopic', partition=0)]
[2016-09-15 10:41:02,879][kafka.coordinator.consumer][INFO]Setting newly assigned partitions set([TopicPartition(topic=u'spamtopic', partition=0)]) for group kafka-python-default-group
[2016-09-15 10:41:05,891][kafka.coordinator][WARNING]Heartbeat failed for group kafka-python-default-group because it is rebalancing
[2016-09-15 10:41:05,891][kafka.coordinator][WARNING]Heartbeat failed ([Error 27] RebalanceInProgressError: ); retrying
[2016-09-15 10:41:05,992][kafka.coordinator][INFO]Skipping heartbeat: no auto-assignment or waiting on rebalance
[2016-09-15 10:41:06,393][kafka.coordinator.consumer][INFO]Revoking previously assigned partitions set([TopicPartition(topic=u'spamtopic', partition=0)]) for group kafka-python-default-group
[2016-09-15 10:41:06,393][kafka.coordinator][INFO](Re-)joining group kafka-python-default-group
[2016-09-15 10:41:06,397][kafka.coordinator][INFO]Joined group 'kafka-python-default-group' (generation 4084) with member_id kafka-python-1.3.1-d2625fa9-38b9-4db9-aa3d-f08017564e35
[2016-09-15 10:41:06,399][kafka.coordinator][INFO]Successfully joined group kafka-python-default-group with generation 4084
[2016-09-15 10:41:06,399][kafka.consumer.subscription_state][INFO]Updated partition assignment: [TopicPartition(topic=u'spamtopic', partition=0)]
[2016-09-15 10:41:06,399][kafka.coordinator.consumer][INFO]Setting newly assigned partitions set([TopicPartition(topic=u'spamtopic', partition=0)]) for group kafka-python-default-group
[2016-09-15 10:41:09,408][kafka.coordinator][WARNING]Heartbeat failed for group kafka-python-default-group because it is rebalancing
[2016-09-15 10:41:09,408][kafka.coordinator][WARNING]Heartbeat failed ([Error 27] RebalanceInProgressError: ); retrying
[2016-09-15 10:41:09,510][kafka.coordinator][INFO]Skipping heartbeat: no auto-assignment or waiting on rebalance
[2016-09-15 10:41:09,910][kafka.coordinator.consumer][INFO]Revoking previously assigned partitions set([TopicPartition(topic=u'spamtopic', partition=0)]) for group kafka-python-default-group
[2016-09-15 10:41:09,911][kafka.coordinator][INFO](Re-)joining group kafka-python-default-group
[2016-09-15 10:41:09,918][kafka.coordinator][INFO]Joined group 'kafka-python-default-group' (generation 4085) with member_id kafka-python-1.3.1-d2625fa9-38b9-4db9-aa3d-f08017564e35
[2016-09-15 10:41:09,918][kafka.coordinator][INFO]Successfully joined group kafka-python-default-group with generation 4085
[2016-09-15 10:41:09,919][kafka.consumer.subscription_state][INFO]Updated partition assignment: [TopicPartition(topic=u'spamtopic', partition=0)]
[2016-09-15 10:41:09,919][kafka.coordinator.consumer][INFO]Setting newly assigned partitions set([TopicPartition(topic=u'spamtopic', partition=0)]) for group kafka-python-default-group
[2016-09-15 10:41:12,927][kafka.coordinator][WARNING]Heartbeat failed for group kafka-python-default-group because it is rebalancing
[2016-09-15 10:41:12,927][kafka.coordinator][WARNING]Heartbeat failed ([Error 27] RebalanceInProgressError: ); retrying
[2016-09-15 10:41:13,028][kafka.coordinator][INFO]Skipping heartbeat: no auto-assignment or waiting on rebalance
[2016-09-15 10:41:13,429][kafka.coordinator.consumer][INFO]Revoking previously assigned partitions set([TopicPartition(topic=u'spamtopic', partition=0)]) for group kafka-python-default-group
[2016-09-15 10:41:13,429][kafka.coordinator][INFO](Re-)joining group kafka-python-default-group
[2016-09-15 10:41:13,432][kafka.coordinator][INFO]Joined group 'kafka-python-default-group' (generation 4086) with member_id kafka-python-1.3.1-d2625fa9-38b9-4db9-aa3d-f08017564e35
[2016-09-15 10:41:13,433][kafka.coordinator][INFO](Re-)joining group kafka-python-default-group
[2016-09-15 10:41:16,944][kafka.coordinator][INFO]Joined group 'kafka-python-default-group' (generation 4087) with member_id kafka-python-1.3.1-d2625fa9-38b9-4db9-aa3d-f08017564e35
[2016-09-15 10:41:16,945][kafka.coordinator.consumer][WARNING]Auto offset commit failed for group kafka-python-default-group: CommitFailedError: Commit cannot be completed since the group has already rebalanced and assigned the partitions to another member. This means that the time between subsequent calls to poll() was longer than the configured session.timeout.ms, which typically implies that the poll loop is spending too much time message processing. You can address this either by increasing the session timeout or by reducing the maximum size of batches returned in poll() with max.poll.records.
[2016-09-15 10:41:16,946][kafka.coordinator][INFO]Successfully joined group kafka-python-default-group with generation 4087
[2016-09-15 10:41:16,946][kafka.consumer.subscription_state][INFO]Updated partition assignment: [TopicPartition(topic=u'spamtopic', partition=0)]
[2016-09-15 10:41:16,946][kafka.coordinator.consumer][INFO]Setting newly assigned partitions set([TopicPartition(topic=u'spamtopic', partition=0)]) for group kafka-python-default-group
[2016-09-15 10:41:19,955][kafka.coordinator][WARNING]Heartbeat failed for group kafka-python-default-group because it is rebalancing
[2016-09-15 10:41:19,956][kafka.coordinator][WARNING]Heartbeat failed ([Error 27] RebalanceInProgressError: ); retrying
[2016-09-15 10:41:20,057][kafka.coordinator][INFO]Skipping heartbeat: no auto-assignment or waiting on rebalance
[2016-09-15 10:41:20,457][kafka.coordinator.consumer][INFO]Revoking previously assigned partitions set([TopicPartition(topic=u'spamtopic', partition=0)]) for group kafka-python-default-group
[2016-09-15 10:41:20,457][kafka.coordinator][INFO](Re-)joining group kafka-python-default-group
[2016-09-15 10:41:20,459][kafka.coordinator][INFO]Joined group 'kafka-python-default-group' (generation 4088) with member_id kafka-python-1.3.1-d2625fa9-38b9-4db9-aa3d-f08017564e35
[2016-09-15 10:41:20,462][kafka.coordinator][INFO]Successfully joined group kafka-python-default-group with generation 4088
[2016-09-15 10:41:20,462][kafka.consumer.subscription_state][INFO]Updated partition assignment: [TopicPartition(topic=u'spamtopic', partition=0)]
[2016-09-15 10:41:20,462][kafka.coordinator.consumer][INFO]Setting newly assigned partitions set([TopicPartition(topic=u'spamtopic', partition=0)]) for group kafka-python-default-group
[2016-09-15 10:41:23,473][kafka.coordinator][WARNING]Heartbeat failed for group kafka-python-default-group because it is rebalancing
[2016-09-15 10:41:23,473][kafka.coordinator][WARNING]Heartbeat failed ([Error 27] RebalanceInProgressError: ); retrying
[2016-09-15 10:41:23,574][kafka.coordinator][INFO]Skipping heartbeat: no auto-assignment or waiting on rebalance
[2016-09-15 10:41:23,975][kafka.coordinator.consumer][INFO]Revoking previously assigned partitions set([TopicPartition(topic=u'spamtopic', partition=0)]) for group kafka-python-default-group
[2016-09-15 10:41:23,975][kafka.coordinator][INFO](Re-)joining group kafka-python-default-group
[2016-09-15 10:41:23,977][kafka.coordinator][INFO]Joined group 'kafka-python-default-group' (generation 4089) with member_id kafka-python-1.3.1-d2625fa9-38b9-4db9-aa3d-f08017564e35
[2016-09-15 10:41:23,979][kafka.coordinator][INFO]Successfully joined group kafka-python-default-group with generation 4089
[2016-09-15 10:41:23,980][kafka.consumer.subscription_state][INFO]Updated partition assignment: [TopicPartition(topic=u'spamtopic', partition=0)]
[2016-09-15 10:41:23,980][kafka.coordinator.consumer][INFO]Setting newly assigned partitions set([TopicPartition(topic=u'spamtopic', partition=0)]) for group kafka-python-default-group
[2016-09-15 10:41:26,991][kafka.coordinator][WARNING]Heartbeat failed for group kafka-python-default-group because it is rebalancing
[2016-09-15 10:41:26,991][kafka.coordinator][WARNING]Heartbeat failed ([Error 27] RebalanceInProgressError: ); retrying
[2016-09-15 10:41:27,092][kafka.coordinator][INFO]Skipping heartbeat: no auto-assignment or waiting on rebalance
[2016-09-15 10:41:27,493][kafka.coordinator.consumer][INFO]Revoking previously assigned partitions set([TopicPartition(topic=u'spamtopic', partition=0)]) for group kafka-python-default-group
[2016-09-15 10:41:27,494][kafka.coordinator][INFO](Re-)joining group kafka-python-default-group
[2016-09-15 10:41:27,498][kafka.coordinator][INFO]Joined group 'kafka-python-default-group' (generation 4090) with member_id kafka-python-1.3.1-d2625fa9-38b9-4db9-aa3d-f08017564e35
[2016-09-15 10:41:27,499][kafka.coordinator][INFO]Successfully joined group kafka-python-default-group with generation 4090
[2016-09-15 10:41:27,499][kafka.consumer.subscription_state][INFO]Updated partition assignment: [TopicPartition(topic=u'spamtopic', partition=0)]
[2016-09-15 10:41:27,499][kafka.coordinator.consumer][INFO]Setting newly assigned partitions set([TopicPartition(topic=u'spamtopic', partition=0)]) for group kafka-python-default-group
[2016-09-15 10:41:30,507][kafka.coordinator][WARNING]Heartbeat failed for group kafka-python-default-group because it is rebalancing
[2016-09-15 10:41:30,507][kafka.coordinator][WARNING]Heartbeat failed ([Error 27] RebalanceInProgressError: ); retrying
[2016-09-15 10:41:30,609][kafka.coordinator][INFO]Skipping heartbeat: no auto-assignment or waiting on rebalance
[2016-09-15 10:41:31,009][kafka.coordinator.consumer][INFO]Revoking previously assigned partitions set([TopicPartition(topic=u'spamtopic', partition=0)]) for group kafka-python-default-group
[2016-09-15 10:41:31,009][kafka.coordinator][INFO](Re-)joining group kafka-python-default-group
[2016-09-15 10:41:31,011][kafka.coordinator][INFO]Joined group 'kafka-python-default-group' (generation 4091) with member_id kafka-python-1.3.1-d2625fa9-38b9-4db9-aa3d-f08017564e35
[2016-09-15 10:41:31,013][kafka.coordinator][INFO]Successfully joined group kafka-python-default-group with generation 4091
[2016-09-15 10:41:31,013][kafka.consumer.subscription_state][INFO]Updated partition assignment: [TopicPartition(topic=u'spamtopic', partition=0)]
[2016-09-15 10:41:31,013][kafka.coordinator.consumer][INFO]Setting newly assigned partitions set([TopicPartition(topic=u'spamtopic', partition=0)]) for group kafka-python-default-group
