Beginning task setup

/usr/bin/flock
Using existing venv: /tmp/petrel-spam-3-1474274411/venv
Task setup took 0 seconds
Launching: python -m petrel.run kafkaconsumer /home/pipe/topology/TopologyTweetTransformationSPAM/petrel13834_kafkaconsumer.log
/usr/local/lib/python2.7/dist-packages/petrel-1.0.1.0.3-py2.7.egg/petrel/run.py invoked with the following arguments: ['kafkaconsumer', '/home/pipe/topology/TopologyTweetTransformationSPAM/petrel13834_kafkaconsumer.log']
python version: 2.7.12
user=root
PATH=/tmp/petrel-spam-3-1474274411/venv/bin:/usr/local/sbin:/usr/local/bin:/usr/sbin:/usr/bin:/sbin:/bin:/snap/bin
LD_LIBRARY_PATH=/home/apache-storm-1.0.1/data/supervisor/stormdist/spam-3-1474274411/resources/Linux-amd64:/home/apache-storm-1.0.1/data/supervisor/stormdist/spam-3-1474274411/resources:/usr/local/lib:/opt/local/lib:/usr/lib
PYTHON_EGG_CACHE=/tmp/petrel-spam-3-1474274411/egg_cache
[2016-09-19 10:50:11,065][storm][INFO]Tuple profiling enabled. Will log tuple processing times.
[2016-09-19 10:50:11,251][storm][INFO]Task received setupInfo from Storm: {'pidDir': '/home/apache-storm-1.0.1/data/workers/d052dbe5-2b4e-48d4-947f-ac7a42de7f19/pids', 'conf': {'storm.group.mapping.service.params': None, 'topology.tuple.serializer': 'org.apache.storm.serialization.types.ListDelegateSerializer', 'topology.workers': 1, 'drpc.worker.threads': 64, 'ui.filter.params': None, 'transactional.zookeeper.root': '/transactional', 'logviewer.cleanup.age.mins': 10080, 'worker.profiler.command': 'flight.bash', 'topology.executor.send.buffer.size': 1024, 'nimbus.file.copy.expiration.secs': 600, 'oauth.acess_token': ' 702208758362087425-HZiyl1x7Bh98cQa1WLBDYylyu10Bpl7', 'drpc.childopts': '-Xmx768m', 'nimbus.thrift.port': 6627, 'topology.disruptor.wait.timeout.millis': 1000, 'storm.zookeeper.retry.intervalceiling.millis': 30000, 'storm.local.dir': '/home/apache-storm-1.0.1/data', 'storm.auth.simple-acl.users': [], 'drpc.invocations.threads': 64, 'storm.zookeeper.superACL': None, 'storm.cluster.state.store': 'org.apache.storm.cluster_state.zookeeper_state_factory', 'storm.codedistributor.class': 'org.apache.storm.codedistributor.LocalFileSystemCodeDistributor', 'drpc.https.keystore.password': '', 'supervisor.blobstore.download.max_retries': 3, 'pacemaker.kerberos.users': [], 'storm.messaging.netty.client_worker_threads': 1, 'oauth.consumer_secret': 'ADf76fi3O1lKMzBxWnjqf93l3GHv28uar3bkblkvyBrAyoA23i', 'topology.component.resources.offheap.memory.mb': 0.0, 'supervisor.heartbeat.frequency.secs': 5, 'storm.group.mapping.service.cache.duration.secs': 120, 'storm.group.mapping.service': 'org.apache.storm.security.auth.ShellBasedGroupsMapping', 'storm.workers.artifacts.dir': 'workers-artifacts', 'drpc.request.timeout.secs': 600, 'pacemaker.childopts': '-Xmx1024m', 'nimbus.seeds': ['localhost'], 'topology.shellbolt.max.pending': 100, 'topology.min.replication.count': 1, 'topology.skip.missing.kryo.registrations': False, 'worker.heartbeat.frequency.secs': 1, 'storm.auth.simple-acl.users.commands': [], 'storm.zookepeer.port': 2181, 'zmq.hwm': 0, 'topology.worker.shared.thread.pool.size': 4, 'storm.zookeeper.connection.timeout': 15000, 'java.library.path': '/usr/local/lib:/opt/local/lib:/usr/lib', 'logviewer.max.sum.worker.logs.size.mb': 4096, 'task.refresh.poll.secs': 10, 'topology.max.error.report.per.interval': 5, 'topology.worker.logwriter.childopts': '-Xmx64m', 'ui.actions.enabled': True, 'storm.health.check.timeout.ms': 5000, 'topology.scheduler.strategy': 'org.apache.storm.scheduler.resource.strategies.scheduling.DefaultResourceAwareStrategy', 'ui.host': '0.0.0.0', 'storm.messaging.netty.server_worker_threads': 1, 'topology.disruptor.batch.size': 100, 'storm.id': 'spam-3-1474274411', 'supervisor.worker.start.timeout.secs': 120, 'zmq.threads': 1, 'topology.acker.executors': None, 'pacemaker.thread.timeout': 10, 'storm.local.mode.zmq': False, 'topology.eventlogger.executors': 0, 'topology.tick.tuple.freq.secs': 30, 'supervisor.memory.capacity.mb': 3072.0, 'supervisor.worker.shutdown.sleep.secs': 1, 'pacemaker.base.threads': 10, 'drpc.http.creds.plugin': 'org.apache.storm.security.auth.DefaultHttpCredentialsPlugin', 'storm.zookeeper.servers': ['localhost'], 'supervisor.localizer.cache.target.size.mb': 10240, 'storm.messaging.netty.transfer.batch.size': 262144, 'resource.aware.scheduler.eviction.strategy': 'org.apache.storm.scheduler.resource.strategies.eviction.DefaultEvictionStrategy', 'topology.environment': None, 'storm.zookeeper.port': 2181, 'storm.auth.simple-acl.admins': [], 'pacemaker.host': 'localhost', 'nimbus.childopts': '-Xmx1024m', 'storm.principal.tolocal': 'org.apache.storm.security.auth.DefaultPrincipalToLocal', 'storm.nimbus.retry.times': 5, 'topology.classpath': None, 'drpc.authorizer.acl.filename': 'drpc-auth-acl.yaml', 'topology.bolts.outgoing.overflow.buffer.enable': False, 'nimbus.credential.renewers.freq.secs': 600, 'worker.childopts': '-Xmx%HEAP-MEM%m -XX:+PrintGCDetails -Xloggc:artifacts/gc.log -XX:+PrintGCDateStamps -XX:+PrintGCTimeStamps -XX:+UseGCLogFileRotation -XX:NumberOfGCLogFiles=10 -XX:GCLogFileSize=1M -XX:+HeapDumpOnOutOfMemoryError -XX:HeapDumpPath=artifacts/heapdump', 'drpc.queue.size': 128, 'supervisor.blobstore.class': 'org.apache.storm.blobstore.NimbusBlobStore', 'topology.multilang.serializer': 'org.apache.storm.multilang.JsonSerializer', 'storm.zookeeper.retry.times': 5, 'topology.disable.loadaware': False, 'supervisor.run.worker.as.user': False, 'storm.blobstore.replication.factor': 3, 'worker.profiler.childopts': '-XX:+UnlockCommercialFeatures -XX:+FlightRecorder', 'nimbus.thrift.threads': 64, 'nimbus.monitor.freq.secs': 10, 'storm.blobstore.inputstream.buffer.size.bytes': 65536, 'dev.zookeeper.path': '/tmp/dev-storm-zookeeper', 'topology.users': [], 'storm.daemon.metrics.reporter.plugins': ['org.apache.storm.daemon.metrics.reporters.JmxPreparableReporter'], 'storm.exhibitor.poll.uripath': '/exhibitor/v1/cluster/list', 'pacemaker.max.threads': 50, 'drpc.https.keystore.type': 'JKS', 'topology.tasks': None, 'storm.zookeeper.root': '/storm', 'logviewer.childopts': '-Xmx128m', 'topology.max.replication.wait.time.sec': 60, 'worker.gc.childopts': '', 'backpressure.disruptor.low.watermark': 0.4, 'storm.meta.serialization.delegate': 'org.apache.storm.serialization.GzipThriftSerializationDelegate', 'transactional.zookeeper.port': None, 'drpc.max_buffer_size': 1048576, 'topology.worker.childopts': None, 'storm.auth.simple-white-list.users': [], 'topology.max.spout.pending': None, 'nimbus.topology.validator': 'org.apache.storm.nimbus.DefaultTopologyValidator', 'topology.kryo.register': None, 'petrel.host': 'localhost', 'client.blobstore.class': 'org.apache.storm.blobstore.NimbusBlobStore', 'nimbus.cleanup.inbox.freq.secs': 600, 'storm.nimbus.retry.intervalceiling.millis': 60000, 'storm.network.topography.plugin': 'org.apache.storm.networktopography.DefaultRackDNSToSwitchMapping', 'storm.messaging.netty.min_wait_ms': 100, 'nimbus.task.timeout.secs': 30, 'topology.disruptor.batch.timeout.millis': 1, 'topology.state.checkpoint.interval.ms': 1000, 'ui.header.buffer.bytes': 4096, 'nimbus.thrift.max_buffer_size': 1048576, 'ui.http.creds.plugin': 'org.apache.storm.security.auth.DefaultHttpCredentialsPlugin', 'topology.sleep.spout.wait.strategy.time.ms': 1, 'nimbus.blobstore.expiration.secs': 600, 'storm.cluster.mode': 'distributed', 'storm.messaging.netty.socket.backlog': 500, 'worker.profiler.enabled': False, 'nimbus.queue.size': 100000, 'logviewer.appender.name': 'A1', 'drpc.authorizer.acl.strict': False, 'ui.port': 8080, 'supervisor.slots.ports': [6700, 6701, 6702, 6703], 'worker.log.level.reset.poll.secs': 30, 'storm.nimbus.retry.interval.millis': 2000, 'drpc.invocations.port': 3773, 'supervisor.monitor.frequency.secs': 3, 'ui.childopts': '-Xmx768m', 'transactional.zookeeper.servers': None, 'storm.log4j2.conf.dir': 'log4j2', 'supervisor.supervisors': [], 'zmq.linger.millis': 5000, 'topology.error.throttle.interval.secs': 10, 'storm.health.check.dir': 'healthchecks', 'topology.executor.receive.buffer.size': 1024, 'nimbus.impersonation.authorizer': 'org.apache.storm.security.auth.authorizer.ImpersonationAuthorizer', 'topology.submitter.principal': '', 'topology.worker.max.heap.size.mb': 768.0, 'topology.spout.wait.strategy': 'org.apache.storm.spout.SleepSpoutWaitStrategy', 'task.heartbeat.frequency.secs': 3, 'topology.transfer.buffer.size': 1024, 'storm.zookeeper.session.timeout': 20000, 'topology.testing.always.try.serialize': False, 'nimbus.blobstore.class': 'org.apache.storm.blobstore.LocalFsBlobStore', 'topology.stats.sample.rate': 0.05, 'topology.fall.back.on.java.serialization': True, 'storm.exhibitor.port': 8080, 'storm.zookeeper.auth.password': None, 'supervisor.childopts': '-Xmx256m', 'topology.backpressure.enable': True, 'pacemaker.port': 6699, 'topology.enable.message.timeouts': True, 'nimbus.code.sync.freq.secs': 120, 'backpressure.disruptor.high.watermark': 0.9, 'storm.messaging.netty.max_wait_ms': 1000, 'topology.worker.receiver.thread.count': 1, 'topology.component.resources.onheap.memory.mb': 128.0, 'resource.aware.scheduler.priority.strategy': 'org.apache.storm.scheduler.resource.strategies.priority.DefaultSchedulingPriorityStrategy', 'nimbus.supervisor.timeout.secs': 60, 'pacemaker.auth.method': 'NONE', 'drpc.https.port': -1, 'nimbus.inbox.jar.expiration.secs': 3600, 'scheduler.display.resource': False, 'topology.kryo.factory': 'org.apache.storm.serialization.DefaultKryoFactory', 'storm.zookeeper.retry.interval': 1000, 'supervisor.supervisors.commands': [], 'supervisor.localizer.cleanup.interval.ms': 600000, 'storm.messaging.netty.max_retries': 300, 'task.credentials.poll.secs': 30, 'drpc.http.port': 3774, 'storm.messaging.transport': 'org.apache.storm.messaging.netty.Context', 'supervisor.enable': True, 'nimbus.task.launch.secs': 120, 'supervisor.blobstore.download.thread.count': 5, 'topology.message.timeout.secs': 30, 'oauth.acess_token_secret': 'IiNOTfgE3tEZvW2HDQhRKPMoOLU43NXJCXk8maj51SdAT', 'storm.messaging.netty.authentication': False, 'petrel.user': 'pipe', 'drpc.port': 3772, 'storm.messaging.netty.buffer_size': 5242880, 'topology.state.synchronization.timeout.secs': 60, 'worker.heap.memory.mb': 768, 'topology.name': 'spam', 'topology.priority': 29, 'supervisor.worker.timeout.secs': 30, 'ui.filter': None, 'topology.trident.batch.emit.interval.millis': 500, 'topology.max.task.parallelism': None, 'supervisor.cpu.capacity': 400.0, 'topology.submitter.user': 'root', 'logviewer.max.per.worker.logs.size.mb': 2048, 'nimbus.host': 'localhost', 'topology.builtin.metrics.bucket.size.secs': 60, 'topology.component.cpu.pcore.percent': 10.0, 'ui.users': None, 'storm.thrift.transport': 'org.apache.storm.security.auth.SimpleTransportPlugin', 'logs.users': None, 'logviewer.port': 8000, 'oauth.consumer_key': 'eaFmBSxUveRJfmyZYeabti9Q9', 'topology.kryo.decorators': [], 'topology.debug': False, 'storm.zookeeper.auth.user': None}, 'context': {'task->component': {'11': '__acker', '10': 'WordDivider', '1': 'CountThreeWords', '3': 'CountTwoWords', '2': 'CountThreeWords', '5': 'CountWord', '4': 'CountTwoWords', '7': 'KafkaConsumer', '6': 'CountWord', '9': 'TwoWordDivider', '8': 'ThreeWordDivider'}, 'stream->target->grouping': {'default': {'WordDivider': {'type': 'SHUFFLE'}, 'ThreeWordDivider': {'type': 'SHUFFLE'}, 'TwoWordDivider': {'type': 'SHUFFLE'}}}, 'source->stream->fields': {}, 'streams': ['default'], 'stream->outputfields': {'default': ['sentence', 'user']}, 'taskid': 7, 'source->stream->grouping': {}, 'componentid': 'KafkaConsumer'}}
[2016-09-19 10:50:11,255][storm][INFO]Task sent pid to Storm
[2016-09-19 10:50:11,363][kafka.conn][INFO]Broker version identifed as 0.10
[2016-09-19 10:50:11,363][kafka.conn][INFO]Set configuration api_version=(0, 10) to skip auto check_version requests on startup
[2016-09-19 10:50:11,367][kafka.consumer.subscription_state][INFO]Updating subscribed topics to: ['spamtopic']
[2016-09-19 10:50:11,368][kafka.cluster][INFO]Group coordinator for kafka-python-default-group is BrokerMetadata(nodeId=0, host=u'localhost', port=9092, rack=None)
[2016-09-19 10:50:11,368][kafka.coordinator][INFO]Discovered coordinator 0 for group kafka-python-default-group
[2016-09-19 10:50:11,368][kafka.coordinator.consumer][INFO]Revoking previously assigned partitions set([]) for group kafka-python-default-group
[2016-09-19 10:50:11,368][kafka.coordinator][INFO](Re-)joining group kafka-python-default-group
[2016-09-19 10:50:33,519][kafka.coordinator][INFO]Joined group 'kafka-python-default-group' (generation 231) with member_id kafka-python-1.3.1-9a1fdcef-72f1-4f1f-b81d-070d65261ff7
[2016-09-19 10:50:33,524][kafka.coordinator][INFO]Successfully joined group kafka-python-default-group with generation 231
[2016-09-19 10:50:33,524][kafka.consumer.subscription_state][INFO]Updated partition assignment: [TopicPartition(topic=u'spamtopic', partition=0)]
[2016-09-19 10:50:33,524][kafka.coordinator.consumer][INFO]Setting newly assigned partitions set([TopicPartition(topic=u'spamtopic', partition=0)]) for group kafka-python-default-group
[2016-09-19 10:50:36,535][kafka.coordinator][WARNING]Heartbeat failed for group kafka-python-default-group because it is rebalancing
[2016-09-19 10:50:36,536][kafka.coordinator][WARNING]Heartbeat failed ([Error 27] RebalanceInProgressError: ); retrying
[2016-09-19 10:50:36,637][kafka.coordinator][INFO]Skipping heartbeat: no auto-assignment or waiting on rebalance
[2016-09-19 10:50:37,037][kafka.coordinator.consumer][INFO]Revoking previously assigned partitions set([TopicPartition(topic=u'spamtopic', partition=0)]) for group kafka-python-default-group
[2016-09-19 10:50:37,037][kafka.coordinator][INFO](Re-)joining group kafka-python-default-group
[2016-09-19 10:50:37,038][kafka.coordinator][INFO]Joined group 'kafka-python-default-group' (generation 232) with member_id kafka-python-1.3.1-9a1fdcef-72f1-4f1f-b81d-070d65261ff7
[2016-09-19 10:50:37,040][kafka.coordinator][INFO]Successfully joined group kafka-python-default-group with generation 232
[2016-09-19 10:50:37,041][kafka.consumer.subscription_state][INFO]Updated partition assignment: [TopicPartition(topic=u'spamtopic', partition=0)]
[2016-09-19 10:50:37,041][kafka.coordinator.consumer][INFO]Setting newly assigned partitions set([TopicPartition(topic=u'spamtopic', partition=0)]) for group kafka-python-default-group
[2016-09-19 10:50:40,054][kafka.coordinator][WARNING]Heartbeat failed for group kafka-python-default-group because it is rebalancing
[2016-09-19 10:50:40,054][kafka.coordinator][WARNING]Heartbeat failed ([Error 27] RebalanceInProgressError: ); retrying
[2016-09-19 10:50:40,155][kafka.coordinator][INFO]Skipping heartbeat: no auto-assignment or waiting on rebalance
[2016-09-19 10:50:40,557][kafka.coordinator.consumer][INFO]Revoking previously assigned partitions set([TopicPartition(topic=u'spamtopic', partition=0)]) for group kafka-python-default-group
[2016-09-19 10:50:40,557][kafka.coordinator][INFO](Re-)joining group kafka-python-default-group
[2016-09-19 10:50:40,564][kafka.coordinator][INFO]Joined group 'kafka-python-default-group' (generation 233) with member_id kafka-python-1.3.1-9a1fdcef-72f1-4f1f-b81d-070d65261ff7
[2016-09-19 10:50:40,565][kafka.coordinator][INFO](Re-)joining group kafka-python-default-group
[2016-09-19 10:50:44,075][kafka.coordinator][INFO]Joined group 'kafka-python-default-group' (generation 234) with member_id kafka-python-1.3.1-9a1fdcef-72f1-4f1f-b81d-070d65261ff7
[2016-09-19 10:50:44,076][kafka.coordinator.consumer][WARNING]Auto offset commit failed for group kafka-python-default-group: CommitFailedError: Commit cannot be completed since the group has already rebalanced and assigned the partitions to another member. This means that the time between subsequent calls to poll() was longer than the configured session.timeout.ms, which typically implies that the poll loop is spending too much time message processing. You can address this either by increasing the session timeout or by reducing the maximum size of batches returned in poll() with max.poll.records.
[2016-09-19 10:50:44,077][kafka.coordinator][INFO]Successfully joined group kafka-python-default-group with generation 234
[2016-09-19 10:50:44,078][kafka.consumer.subscription_state][INFO]Updated partition assignment: [TopicPartition(topic=u'spamtopic', partition=0)]
[2016-09-19 10:50:44,078][kafka.coordinator.consumer][INFO]Setting newly assigned partitions set([TopicPartition(topic=u'spamtopic', partition=0)]) for group kafka-python-default-group
[2016-09-19 10:50:47,089][kafka.coordinator][WARNING]Heartbeat failed for group kafka-python-default-group because it is rebalancing
[2016-09-19 10:50:47,090][kafka.coordinator][WARNING]Heartbeat failed ([Error 27] RebalanceInProgressError: ); retrying
[2016-09-19 10:50:47,191][kafka.coordinator][INFO]Skipping heartbeat: no auto-assignment or waiting on rebalance
[2016-09-19 10:50:47,591][kafka.coordinator.consumer][INFO]Revoking previously assigned partitions set([TopicPartition(topic=u'spamtopic', partition=0)]) for group kafka-python-default-group
[2016-09-19 10:50:47,591][kafka.coordinator][INFO](Re-)joining group kafka-python-default-group
[2016-09-19 10:50:47,592][kafka.coordinator][INFO]Joined group 'kafka-python-default-group' (generation 235) with member_id kafka-python-1.3.1-9a1fdcef-72f1-4f1f-b81d-070d65261ff7
[2016-09-19 10:50:47,594][kafka.coordinator][INFO]Successfully joined group kafka-python-default-group with generation 235
[2016-09-19 10:50:47,595][kafka.consumer.subscription_state][INFO]Updated partition assignment: [TopicPartition(topic=u'spamtopic', partition=0)]
[2016-09-19 10:50:47,595][kafka.coordinator.consumer][INFO]Setting newly assigned partitions set([TopicPartition(topic=u'spamtopic', partition=0)]) for group kafka-python-default-group
[2016-09-19 10:50:50,607][kafka.coordinator][WARNING]Heartbeat failed for group kafka-python-default-group because it is rebalancing
[2016-09-19 10:50:50,607][kafka.coordinator][WARNING]Heartbeat failed ([Error 27] RebalanceInProgressError: ); retrying
[2016-09-19 10:50:50,709][kafka.coordinator][INFO]Skipping heartbeat: no auto-assignment or waiting on rebalance
[2016-09-19 10:50:51,110][kafka.coordinator.consumer][INFO]Revoking previously assigned partitions set([TopicPartition(topic=u'spamtopic', partition=0)]) for group kafka-python-default-group
[2016-09-19 10:50:51,110][kafka.coordinator][INFO](Re-)joining group kafka-python-default-group
[2016-09-19 10:50:51,111][kafka.coordinator][INFO]Joined group 'kafka-python-default-group' (generation 236) with member_id kafka-python-1.3.1-9a1fdcef-72f1-4f1f-b81d-070d65261ff7
[2016-09-19 10:50:51,113][kafka.coordinator][INFO]Successfully joined group kafka-python-default-group with generation 236
[2016-09-19 10:50:51,113][kafka.consumer.subscription_state][INFO]Updated partition assignment: [TopicPartition(topic=u'spamtopic', partition=0)]
[2016-09-19 10:50:51,114][kafka.coordinator.consumer][INFO]Setting newly assigned partitions set([TopicPartition(topic=u'spamtopic', partition=0)]) for group kafka-python-default-group
[2016-09-19 10:50:54,124][kafka.coordinator][WARNING]Heartbeat failed for group kafka-python-default-group because it is rebalancing
[2016-09-19 10:50:54,124][kafka.coordinator][WARNING]Heartbeat failed ([Error 27] RebalanceInProgressError: ); retrying
[2016-09-19 10:50:54,225][kafka.coordinator][INFO]Skipping heartbeat: no auto-assignment or waiting on rebalance
[2016-09-19 10:50:54,627][kafka.coordinator.consumer][INFO]Revoking previously assigned partitions set([TopicPartition(topic=u'spamtopic', partition=0)]) for group kafka-python-default-group
[2016-09-19 10:50:54,627][kafka.coordinator][INFO](Re-)joining group kafka-python-default-group
[2016-09-19 10:50:54,629][kafka.coordinator][INFO]Joined group 'kafka-python-default-group' (generation 237) with member_id kafka-python-1.3.1-9a1fdcef-72f1-4f1f-b81d-070d65261ff7
[2016-09-19 10:50:54,631][kafka.coordinator][INFO]Successfully joined group kafka-python-default-group with generation 237
[2016-09-19 10:50:54,631][kafka.consumer.subscription_state][INFO]Updated partition assignment: [TopicPartition(topic=u'spamtopic', partition=0)]
[2016-09-19 10:50:54,632][kafka.coordinator.consumer][INFO]Setting newly assigned partitions set([TopicPartition(topic=u'spamtopic', partition=0)]) for group kafka-python-default-group
[2016-09-19 10:50:57,641][kafka.coordinator][WARNING]Heartbeat failed for group kafka-python-default-group because it is rebalancing
[2016-09-19 10:50:57,641][kafka.coordinator][WARNING]Heartbeat failed ([Error 27] RebalanceInProgressError: ); retrying
[2016-09-19 10:50:57,743][kafka.coordinator][INFO]Skipping heartbeat: no auto-assignment or waiting on rebalance
[2016-09-19 10:50:58,144][kafka.coordinator.consumer][INFO]Revoking previously assigned partitions set([TopicPartition(topic=u'spamtopic', partition=0)]) for group kafka-python-default-group
[2016-09-19 10:50:58,144][kafka.coordinator][INFO](Re-)joining group kafka-python-default-group
[2016-09-19 10:50:58,146][kafka.coordinator][INFO]Joined group 'kafka-python-default-group' (generation 238) with member_id kafka-python-1.3.1-9a1fdcef-72f1-4f1f-b81d-070d65261ff7
[2016-09-19 10:50:58,148][kafka.coordinator][INFO]Successfully joined group kafka-python-default-group with generation 238
[2016-09-19 10:50:58,149][kafka.consumer.subscription_state][INFO]Updated partition assignment: [TopicPartition(topic=u'spamtopic', partition=0)]
[2016-09-19 10:50:58,149][kafka.coordinator.consumer][INFO]Setting newly assigned partitions set([TopicPartition(topic=u'spamtopic', partition=0)]) for group kafka-python-default-group
[2016-09-19 10:51:01,159][kafka.coordinator][WARNING]Heartbeat failed for group kafka-python-default-group because it is rebalancing
[2016-09-19 10:51:01,159][kafka.coordinator][WARNING]Heartbeat failed ([Error 27] RebalanceInProgressError: ); retrying
[2016-09-19 10:51:01,261][kafka.coordinator][INFO]Skipping heartbeat: no auto-assignment or waiting on rebalance
[2016-09-19 10:51:01,662][kafka.coordinator.consumer][INFO]Revoking previously assigned partitions set([TopicPartition(topic=u'spamtopic', partition=0)]) for group kafka-python-default-group
[2016-09-19 10:51:01,662][kafka.coordinator][INFO](Re-)joining group kafka-python-default-group
[2016-09-19 10:51:01,664][kafka.coordinator][INFO]Joined group 'kafka-python-default-group' (generation 239) with member_id kafka-python-1.3.1-9a1fdcef-72f1-4f1f-b81d-070d65261ff7
[2016-09-19 10:51:01,666][kafka.coordinator][INFO]Successfully joined group kafka-python-default-group with generation 239
[2016-09-19 10:51:01,667][kafka.consumer.subscription_state][INFO]Updated partition assignment: [TopicPartition(topic=u'spamtopic', partition=0)]
[2016-09-19 10:51:01,667][kafka.coordinator.consumer][INFO]Setting newly assigned partitions set([TopicPartition(topic=u'spamtopic', partition=0)]) for group kafka-python-default-group
[2016-09-19 10:51:04,676][kafka.coordinator][WARNING]Heartbeat failed for group kafka-python-default-group because it is rebalancing
[2016-09-19 10:51:04,677][kafka.coordinator][WARNING]Heartbeat failed ([Error 27] RebalanceInProgressError: ); retrying
[2016-09-19 10:51:04,778][kafka.coordinator][INFO]Skipping heartbeat: no auto-assignment or waiting on rebalance
[2016-09-19 10:51:05,178][kafka.coordinator.consumer][INFO]Revoking previously assigned partitions set([TopicPartition(topic=u'spamtopic', partition=0)]) for group kafka-python-default-group
[2016-09-19 10:51:05,178][kafka.coordinator][INFO](Re-)joining group kafka-python-default-group
[2016-09-19 10:51:05,180][kafka.coordinator][INFO]Joined group 'kafka-python-default-group' (generation 240) with member_id kafka-python-1.3.1-9a1fdcef-72f1-4f1f-b81d-070d65261ff7
[2016-09-19 10:51:05,182][kafka.coordinator][INFO]Successfully joined group kafka-python-default-group with generation 240
[2016-09-19 10:51:05,182][kafka.consumer.subscription_state][INFO]Updated partition assignment: [TopicPartition(topic=u'spamtopic', partition=0)]
[2016-09-19 10:51:05,183][kafka.coordinator.consumer][INFO]Setting newly assigned partitions set([TopicPartition(topic=u'spamtopic', partition=0)]) for group kafka-python-default-group
[2016-09-19 10:51:08,193][kafka.coordinator][WARNING]Heartbeat failed for group kafka-python-default-group because it is rebalancing
[2016-09-19 10:51:08,193][kafka.coordinator][WARNING]Heartbeat failed ([Error 27] RebalanceInProgressError: ); retrying
[2016-09-19 10:51:08,294][kafka.coordinator][INFO]Skipping heartbeat: no auto-assignment or waiting on rebalance
[2016-09-19 10:51:08,695][kafka.coordinator.consumer][INFO]Revoking previously assigned partitions set([TopicPartition(topic=u'spamtopic', partition=0)]) for group kafka-python-default-group
[2016-09-19 10:51:08,696][kafka.coordinator][INFO](Re-)joining group kafka-python-default-group
[2016-09-19 10:51:08,700][kafka.coordinator][INFO]Joined group 'kafka-python-default-group' (generation 241) with member_id kafka-python-1.3.1-9a1fdcef-72f1-4f1f-b81d-070d65261ff7
[2016-09-19 10:51:08,701][kafka.coordinator][INFO]Successfully joined group kafka-python-default-group with generation 241
[2016-09-19 10:51:08,701][kafka.consumer.subscription_state][INFO]Updated partition assignment: [TopicPartition(topic=u'spamtopic', partition=0)]
[2016-09-19 10:51:08,701][kafka.coordinator.consumer][INFO]Setting newly assigned partitions set([TopicPartition(topic=u'spamtopic', partition=0)]) for group kafka-python-default-group
[2016-09-19 10:51:11,715][kafka.coordinator][WARNING]Heartbeat failed for group kafka-python-default-group because it is rebalancing
[2016-09-19 10:51:11,715][kafka.coordinator][WARNING]Heartbeat failed ([Error 27] RebalanceInProgressError: ); retrying
[2016-09-19 10:51:11,816][kafka.coordinator][INFO]Skipping heartbeat: no auto-assignment or waiting on rebalance
[2016-09-19 10:51:12,218][kafka.coordinator.consumer][INFO]Revoking previously assigned partitions set([TopicPartition(topic=u'spamtopic', partition=0)]) for group kafka-python-default-group
[2016-09-19 10:51:12,218][kafka.coordinator][INFO](Re-)joining group kafka-python-default-group
[2016-09-19 10:51:12,220][kafka.coordinator][INFO]Joined group 'kafka-python-default-group' (generation 242) with member_id kafka-python-1.3.1-9a1fdcef-72f1-4f1f-b81d-070d65261ff7
[2016-09-19 10:51:12,222][kafka.coordinator][INFO]Successfully joined group kafka-python-default-group with generation 242
[2016-09-19 10:51:12,222][kafka.consumer.subscription_state][INFO]Updated partition assignment: [TopicPartition(topic=u'spamtopic', partition=0)]
[2016-09-19 10:51:12,222][kafka.coordinator.consumer][INFO]Setting newly assigned partitions set([TopicPartition(topic=u'spamtopic', partition=0)]) for group kafka-python-default-group
[2016-09-19 10:51:15,232][kafka.coordinator][WARNING]Heartbeat failed for group kafka-python-default-group because it is rebalancing
[2016-09-19 10:51:15,232][kafka.coordinator][WARNING]Heartbeat failed ([Error 27] RebalanceInProgressError: ); retrying
[2016-09-19 10:51:15,334][kafka.coordinator][INFO]Skipping heartbeat: no auto-assignment or waiting on rebalance
[2016-09-19 10:51:15,734][kafka.coordinator.consumer][INFO]Revoking previously assigned partitions set([TopicPartition(topic=u'spamtopic', partition=0)]) for group kafka-python-default-group
[2016-09-19 10:51:15,734][kafka.coordinator][INFO](Re-)joining group kafka-python-default-group
[2016-09-19 10:51:15,736][kafka.coordinator][INFO]Joined group 'kafka-python-default-group' (generation 243) with member_id kafka-python-1.3.1-9a1fdcef-72f1-4f1f-b81d-070d65261ff7
[2016-09-19 10:51:15,740][kafka.coordinator][INFO]Successfully joined group kafka-python-default-group with generation 243
[2016-09-19 10:51:15,740][kafka.consumer.subscription_state][INFO]Updated partition assignment: [TopicPartition(topic=u'spamtopic', partition=0)]
[2016-09-19 10:51:15,740][kafka.coordinator.consumer][INFO]Setting newly assigned partitions set([TopicPartition(topic=u'spamtopic', partition=0)]) for group kafka-python-default-group
[2016-09-19 10:51:18,749][kafka.coordinator][WARNING]Heartbeat failed for group kafka-python-default-group because it is rebalancing
[2016-09-19 10:51:18,750][kafka.coordinator][WARNING]Heartbeat failed ([Error 27] RebalanceInProgressError: ); retrying
[2016-09-19 10:51:18,851][kafka.coordinator][INFO]Skipping heartbeat: no auto-assignment or waiting on rebalance
[2016-09-19 10:51:19,251][kafka.coordinator.consumer][INFO]Revoking previously assigned partitions set([TopicPartition(topic=u'spamtopic', partition=0)]) for group kafka-python-default-group
[2016-09-19 10:51:19,252][kafka.coordinator][INFO](Re-)joining group kafka-python-default-group
[2016-09-19 10:51:19,253][kafka.coordinator][INFO]Joined group 'kafka-python-default-group' (generation 244) with member_id kafka-python-1.3.1-9a1fdcef-72f1-4f1f-b81d-070d65261ff7
[2016-09-19 10:51:19,255][kafka.coordinator][INFO]Successfully joined group kafka-python-default-group with generation 244
[2016-09-19 10:51:19,256][kafka.consumer.subscription_state][INFO]Updated partition assignment: [TopicPartition(topic=u'spamtopic', partition=0)]
[2016-09-19 10:51:19,256][kafka.coordinator.consumer][INFO]Setting newly assigned partitions set([TopicPartition(topic=u'spamtopic', partition=0)]) for group kafka-python-default-group
[2016-09-19 10:51:22,266][kafka.coordinator][WARNING]Heartbeat failed for group kafka-python-default-group because it is rebalancing
[2016-09-19 10:51:22,266][kafka.coordinator][WARNING]Heartbeat failed ([Error 27] RebalanceInProgressError: ); retrying
[2016-09-19 10:51:22,367][kafka.coordinator][INFO]Skipping heartbeat: no auto-assignment or waiting on rebalance
[2016-09-19 10:51:22,769][kafka.coordinator.consumer][INFO]Revoking previously assigned partitions set([TopicPartition(topic=u'spamtopic', partition=0)]) for group kafka-python-default-group
[2016-09-19 10:51:22,769][kafka.coordinator][INFO](Re-)joining group kafka-python-default-group
[2016-09-19 10:51:22,776][kafka.coordinator][INFO]Joined group 'kafka-python-default-group' (generation 245) with member_id kafka-python-1.3.1-9a1fdcef-72f1-4f1f-b81d-070d65261ff7
[2016-09-19 10:51:22,779][kafka.coordinator][INFO]Successfully joined group kafka-python-default-group with generation 245
[2016-09-19 10:51:22,779][kafka.consumer.subscription_state][INFO]Updated partition assignment: [TopicPartition(topic=u'spamtopic', partition=0)]
[2016-09-19 10:51:22,780][kafka.coordinator.consumer][INFO]Setting newly assigned partitions set([TopicPartition(topic=u'spamtopic', partition=0)]) for group kafka-python-default-group
[2016-09-19 10:51:25,790][kafka.coordinator][WARNING]Heartbeat failed for group kafka-python-default-group because it is rebalancing
[2016-09-19 10:51:25,791][kafka.coordinator][WARNING]Heartbeat failed ([Error 27] RebalanceInProgressError: ); retrying
[2016-09-19 10:51:25,892][kafka.coordinator][INFO]Skipping heartbeat: no auto-assignment or waiting on rebalance
[2016-09-19 10:51:26,292][kafka.coordinator.consumer][INFO]Revoking previously assigned partitions set([TopicPartition(topic=u'spamtopic', partition=0)]) for group kafka-python-default-group
[2016-09-19 10:51:26,292][kafka.coordinator][INFO](Re-)joining group kafka-python-default-group
[2016-09-19 10:51:26,294][kafka.coordinator][INFO]Joined group 'kafka-python-default-group' (generation 246) with member_id kafka-python-1.3.1-9a1fdcef-72f1-4f1f-b81d-070d65261ff7
[2016-09-19 10:51:26,298][kafka.coordinator][INFO]Successfully joined group kafka-python-default-group with generation 246
[2016-09-19 10:51:26,299][kafka.consumer.subscription_state][INFO]Updated partition assignment: [TopicPartition(topic=u'spamtopic', partition=0)]
[2016-09-19 10:51:26,299][kafka.coordinator.consumer][INFO]Setting newly assigned partitions set([TopicPartition(topic=u'spamtopic', partition=0)]) for group kafka-python-default-group
[2016-09-19 10:51:29,308][kafka.coordinator][WARNING]Heartbeat failed for group kafka-python-default-group because it is rebalancing
[2016-09-19 10:51:29,308][kafka.coordinator][WARNING]Heartbeat failed ([Error 27] RebalanceInProgressError: ); retrying
[2016-09-19 10:51:29,410][kafka.coordinator][INFO]Skipping heartbeat: no auto-assignment or waiting on rebalance
[2016-09-19 10:51:29,810][kafka.coordinator.consumer][INFO]Revoking previously assigned partitions set([TopicPartition(topic=u'spamtopic', partition=0)]) for group kafka-python-default-group
[2016-09-19 10:51:29,810][kafka.coordinator][INFO](Re-)joining group kafka-python-default-group
[2016-09-19 10:51:29,812][kafka.coordinator][INFO]Joined group 'kafka-python-default-group' (generation 247) with member_id kafka-python-1.3.1-9a1fdcef-72f1-4f1f-b81d-070d65261ff7
[2016-09-19 10:51:29,814][kafka.coordinator][INFO]Successfully joined group kafka-python-default-group with generation 247
[2016-09-19 10:51:29,814][kafka.consumer.subscription_state][INFO]Updated partition assignment: [TopicPartition(topic=u'spamtopic', partition=0)]
[2016-09-19 10:51:29,815][kafka.coordinator.consumer][INFO]Setting newly assigned partitions set([TopicPartition(topic=u'spamtopic', partition=0)]) for group kafka-python-default-group
[2016-09-19 10:51:32,825][kafka.coordinator][WARNING]Heartbeat failed for group kafka-python-default-group because it is rebalancing
[2016-09-19 10:51:32,825][kafka.coordinator][WARNING]Heartbeat failed ([Error 27] RebalanceInProgressError: ); retrying
[2016-09-19 10:51:32,926][kafka.coordinator][INFO]Skipping heartbeat: no auto-assignment or waiting on rebalance
[2016-09-19 10:51:33,328][kafka.coordinator.consumer][INFO]Revoking previously assigned partitions set([TopicPartition(topic=u'spamtopic', partition=0)]) for group kafka-python-default-group
[2016-09-19 10:51:33,328][kafka.coordinator][INFO](Re-)joining group kafka-python-default-group
[2016-09-19 10:51:33,331][kafka.coordinator][INFO]Joined group 'kafka-python-default-group' (generation 248) with member_id kafka-python-1.3.1-9a1fdcef-72f1-4f1f-b81d-070d65261ff7
[2016-09-19 10:51:33,333][kafka.coordinator][INFO]Successfully joined group kafka-python-default-group with generation 248
[2016-09-19 10:51:33,333][kafka.consumer.subscription_state][INFO]Updated partition assignment: [TopicPartition(topic=u'spamtopic', partition=0)]
[2016-09-19 10:51:33,333][kafka.coordinator.consumer][INFO]Setting newly assigned partitions set([TopicPartition(topic=u'spamtopic', partition=0)]) for group kafka-python-default-group
[2016-09-19 10:51:36,345][kafka.coordinator][WARNING]Heartbeat failed for group kafka-python-default-group because it is rebalancing
[2016-09-19 10:51:36,345][kafka.coordinator][WARNING]Heartbeat failed ([Error 27] RebalanceInProgressError: ); retrying
[2016-09-19 10:51:36,446][kafka.coordinator][INFO]Skipping heartbeat: no auto-assignment or waiting on rebalance
[2016-09-19 10:51:36,847][kafka.coordinator.consumer][INFO]Revoking previously assigned partitions set([TopicPartition(topic=u'spamtopic', partition=0)]) for group kafka-python-default-group
[2016-09-19 10:51:36,848][kafka.coordinator][INFO](Re-)joining group kafka-python-default-group
[2016-09-19 10:51:36,849][kafka.coordinator][INFO]Joined group 'kafka-python-default-group' (generation 249) with member_id kafka-python-1.3.1-9a1fdcef-72f1-4f1f-b81d-070d65261ff7
[2016-09-19 10:51:36,851][kafka.coordinator][INFO]Successfully joined group kafka-python-default-group with generation 249
[2016-09-19 10:51:36,852][kafka.consumer.subscription_state][INFO]Updated partition assignment: [TopicPartition(topic=u'spamtopic', partition=0)]
[2016-09-19 10:51:36,852][kafka.coordinator.consumer][INFO]Setting newly assigned partitions set([TopicPartition(topic=u'spamtopic', partition=0)]) for group kafka-python-default-group
[2016-09-19 10:51:39,863][kafka.coordinator][WARNING]Heartbeat failed for group kafka-python-default-group because it is rebalancing
[2016-09-19 10:51:39,863][kafka.coordinator][WARNING]Heartbeat failed ([Error 27] RebalanceInProgressError: ); retrying
[2016-09-19 10:51:39,964][kafka.coordinator][INFO]Skipping heartbeat: no auto-assignment or waiting on rebalance
[2016-09-19 10:51:40,365][kafka.coordinator.consumer][INFO]Revoking previously assigned partitions set([TopicPartition(topic=u'spamtopic', partition=0)]) for group kafka-python-default-group
[2016-09-19 10:51:40,366][kafka.coordinator][INFO](Re-)joining group kafka-python-default-group
[2016-09-19 10:51:40,368][kafka.coordinator][INFO]Joined group 'kafka-python-default-group' (generation 250) with member_id kafka-python-1.3.1-9a1fdcef-72f1-4f1f-b81d-070d65261ff7
[2016-09-19 10:51:40,370][kafka.coordinator][INFO]Successfully joined group kafka-python-default-group with generation 250
[2016-09-19 10:51:40,371][kafka.consumer.subscription_state][INFO]Updated partition assignment: [TopicPartition(topic=u'spamtopic', partition=0)]
[2016-09-19 10:51:40,371][kafka.coordinator.consumer][INFO]Setting newly assigned partitions set([TopicPartition(topic=u'spamtopic', partition=0)]) for group kafka-python-default-group
[2016-09-19 10:51:43,381][kafka.coordinator][WARNING]Heartbeat failed for group kafka-python-default-group because it is rebalancing
[2016-09-19 10:51:43,381][kafka.coordinator][WARNING]Heartbeat failed ([Error 27] RebalanceInProgressError: ); retrying
[2016-09-19 10:51:43,482][kafka.coordinator][INFO]Skipping heartbeat: no auto-assignment or waiting on rebalance
[2016-09-19 10:51:43,882][kafka.coordinator.consumer][INFO]Revoking previously assigned partitions set([TopicPartition(topic=u'spamtopic', partition=0)]) for group kafka-python-default-group
[2016-09-19 10:51:43,882][kafka.coordinator][INFO](Re-)joining group kafka-python-default-group
[2016-09-19 10:51:43,884][kafka.coordinator][INFO]Joined group 'kafka-python-default-group' (generation 251) with member_id kafka-python-1.3.1-9a1fdcef-72f1-4f1f-b81d-070d65261ff7
[2016-09-19 10:51:43,886][kafka.coordinator][INFO]Successfully joined group kafka-python-default-group with generation 251
[2016-09-19 10:51:43,886][kafka.consumer.subscription_state][INFO]Updated partition assignment: [TopicPartition(topic=u'spamtopic', partition=0)]
[2016-09-19 10:51:43,887][kafka.coordinator.consumer][INFO]Setting newly assigned partitions set([TopicPartition(topic=u'spamtopic', partition=0)]) for group kafka-python-default-group
[2016-09-19 10:51:46,896][kafka.coordinator][WARNING]Heartbeat failed for group kafka-python-default-group because it is rebalancing
[2016-09-19 10:51:46,897][kafka.coordinator][WARNING]Heartbeat failed ([Error 27] RebalanceInProgressError: ); retrying
[2016-09-19 10:51:46,998][kafka.coordinator][INFO]Skipping heartbeat: no auto-assignment or waiting on rebalance
[2016-09-19 10:51:47,398][kafka.coordinator.consumer][INFO]Revoking previously assigned partitions set([TopicPartition(topic=u'spamtopic', partition=0)]) for group kafka-python-default-group
[2016-09-19 10:51:47,398][kafka.coordinator][INFO](Re-)joining group kafka-python-default-group
[2016-09-19 10:51:47,400][kafka.coordinator][INFO]Joined group 'kafka-python-default-group' (generation 252) with member_id kafka-python-1.3.1-9a1fdcef-72f1-4f1f-b81d-070d65261ff7
[2016-09-19 10:51:47,402][kafka.coordinator][INFO]Successfully joined group kafka-python-default-group with generation 252
[2016-09-19 10:51:47,403][kafka.consumer.subscription_state][INFO]Updated partition assignment: [TopicPartition(topic=u'spamtopic', partition=0)]
[2016-09-19 10:51:47,403][kafka.coordinator.consumer][INFO]Setting newly assigned partitions set([TopicPartition(topic=u'spamtopic', partition=0)]) for group kafka-python-default-group
[2016-09-19 10:51:50,415][kafka.coordinator][WARNING]Heartbeat failed for group kafka-python-default-group because it is rebalancing
[2016-09-19 10:51:50,415][kafka.coordinator][WARNING]Heartbeat failed ([Error 27] RebalanceInProgressError: ); retrying
[2016-09-19 10:51:50,516][kafka.coordinator][INFO]Skipping heartbeat: no auto-assignment or waiting on rebalance
[2016-09-19 10:51:50,916][kafka.coordinator.consumer][INFO]Revoking previously assigned partitions set([TopicPartition(topic=u'spamtopic', partition=0)]) for group kafka-python-default-group
[2016-09-19 10:51:50,916][kafka.coordinator][INFO](Re-)joining group kafka-python-default-group
[2016-09-19 10:51:50,918][kafka.coordinator][INFO]Joined group 'kafka-python-default-group' (generation 253) with member_id kafka-python-1.3.1-9a1fdcef-72f1-4f1f-b81d-070d65261ff7
[2016-09-19 10:51:50,920][kafka.coordinator][INFO]Successfully joined group kafka-python-default-group with generation 253
[2016-09-19 10:51:50,920][kafka.consumer.subscription_state][INFO]Updated partition assignment: [TopicPartition(topic=u'spamtopic', partition=0)]
[2016-09-19 10:51:50,920][kafka.coordinator.consumer][INFO]Setting newly assigned partitions set([TopicPartition(topic=u'spamtopic', partition=0)]) for group kafka-python-default-group
[2016-09-19 10:51:53,932][kafka.coordinator][WARNING]Heartbeat failed for group kafka-python-default-group because it is rebalancing
[2016-09-19 10:51:53,932][kafka.coordinator][WARNING]Heartbeat failed ([Error 27] RebalanceInProgressError: ); retrying
[2016-09-19 10:51:54,033][kafka.coordinator][INFO]Skipping heartbeat: no auto-assignment or waiting on rebalance
[2016-09-19 10:51:54,433][kafka.coordinator.consumer][INFO]Revoking previously assigned partitions set([TopicPartition(topic=u'spamtopic', partition=0)]) for group kafka-python-default-group
[2016-09-19 10:51:54,433][kafka.coordinator][INFO](Re-)joining group kafka-python-default-group
[2016-09-19 10:51:54,435][kafka.coordinator][INFO]Joined group 'kafka-python-default-group' (generation 254) with member_id kafka-python-1.3.1-9a1fdcef-72f1-4f1f-b81d-070d65261ff7
[2016-09-19 10:51:54,438][kafka.coordinator][INFO]Successfully joined group kafka-python-default-group with generation 254
[2016-09-19 10:51:54,438][kafka.consumer.subscription_state][INFO]Updated partition assignment: [TopicPartition(topic=u'spamtopic', partition=0)]
[2016-09-19 10:51:54,438][kafka.coordinator.consumer][INFO]Setting newly assigned partitions set([TopicPartition(topic=u'spamtopic', partition=0)]) for group kafka-python-default-group
[2016-09-19 10:51:57,450][kafka.coordinator][WARNING]Heartbeat failed for group kafka-python-default-group because it is rebalancing
[2016-09-19 10:51:57,450][kafka.coordinator][WARNING]Heartbeat failed ([Error 27] RebalanceInProgressError: ); retrying
[2016-09-19 10:51:57,551][kafka.coordinator][INFO]Skipping heartbeat: no auto-assignment or waiting on rebalance
[2016-09-19 10:51:57,953][kafka.coordinator.consumer][INFO]Revoking previously assigned partitions set([TopicPartition(topic=u'spamtopic', partition=0)]) for group kafka-python-default-group
[2016-09-19 10:51:57,953][kafka.coordinator][INFO](Re-)joining group kafka-python-default-group
[2016-09-19 10:51:57,954][kafka.coordinator][INFO]Joined group 'kafka-python-default-group' (generation 255) with member_id kafka-python-1.3.1-9a1fdcef-72f1-4f1f-b81d-070d65261ff7
[2016-09-19 10:51:57,956][kafka.coordinator][INFO]Successfully joined group kafka-python-default-group with generation 255
[2016-09-19 10:51:57,957][kafka.consumer.subscription_state][INFO]Updated partition assignment: [TopicPartition(topic=u'spamtopic', partition=0)]
[2016-09-19 10:51:57,957][kafka.coordinator.consumer][INFO]Setting newly assigned partitions set([TopicPartition(topic=u'spamtopic', partition=0)]) for group kafka-python-default-group
