Beginning task setup

/usr/bin/flock
Using existing venv: /tmp/petrel-spam-5-1473800596/venv
Task setup took 0 seconds
Launching: python -m petrel.run kafkaconsumer /home/pipe/topology/TopologyTweetTransformationSPAM/petrel19622_kafkaconsumer.log
/usr/local/lib/python2.7/dist-packages/petrel-1.0.1.0.3-py2.7.egg/petrel/run.py invoked with the following arguments: ['kafkaconsumer', '/home/pipe/topology/TopologyTweetTransformationSPAM/petrel19622_kafkaconsumer.log']
python version: 2.7.12
user=root
PATH=/tmp/petrel-spam-5-1473800596/venv/bin:/usr/local/sbin:/usr/local/bin:/usr/sbin:/usr/bin:/sbin:/bin:/snap/bin
LD_LIBRARY_PATH=/home/apache-storm-1.0.1/data/supervisor/stormdist/spam-5-1473800596/resources/Linux-amd64:/home/apache-storm-1.0.1/data/supervisor/stormdist/spam-5-1473800596/resources:/usr/local/lib:/opt/local/lib:/usr/lib
PYTHON_EGG_CACHE=/tmp/petrel-spam-5-1473800596/egg_cache
[2016-09-14 15:03:32,995][storm][INFO]Tuple profiling enabled. Will log tuple processing times.
[2016-09-14 15:03:33,204][storm][INFO]Task received setupInfo from Storm: {'pidDir': '/home/apache-storm-1.0.1/data/workers/b785c109-1ebb-4e88-920e-b951b842f638/pids', 'conf': {'storm.group.mapping.service.params': None, 'topology.tuple.serializer': 'org.apache.storm.serialization.types.ListDelegateSerializer', 'topology.workers': 1, 'drpc.worker.threads': 64, 'ui.filter.params': None, 'transactional.zookeeper.root': '/transactional', 'logviewer.cleanup.age.mins': 10080, 'worker.profiler.command': 'flight.bash', 'topology.executor.send.buffer.size': 1024, 'nimbus.file.copy.expiration.secs': 600, 'oauth.acess_token': ' 702208758362087425-HZiyl1x7Bh98cQa1WLBDYylyu10Bpl7', 'drpc.childopts': '-Xmx768m', 'nimbus.thrift.port': 6627, 'topology.disruptor.wait.timeout.millis': 1000, 'storm.zookeeper.retry.intervalceiling.millis': 30000, 'storm.local.dir': '/home/apache-storm-1.0.1/data', 'storm.auth.simple-acl.users': [], 'drpc.invocations.threads': 64, 'storm.zookeeper.superACL': None, 'storm.cluster.state.store': 'org.apache.storm.cluster_state.zookeeper_state_factory', 'storm.codedistributor.class': 'org.apache.storm.codedistributor.LocalFileSystemCodeDistributor', 'drpc.https.keystore.password': '', 'supervisor.blobstore.download.max_retries': 3, 'pacemaker.kerberos.users': [], 'storm.messaging.netty.client_worker_threads': 1, 'oauth.consumer_secret': 'ADf76fi3O1lKMzBxWnjqf93l3GHv28uar3bkblkvyBrAyoA23i', 'topology.component.resources.offheap.memory.mb': 0.0, 'supervisor.heartbeat.frequency.secs': 5, 'storm.group.mapping.service.cache.duration.secs': 120, 'storm.group.mapping.service': 'org.apache.storm.security.auth.ShellBasedGroupsMapping', 'storm.workers.artifacts.dir': 'workers-artifacts', 'drpc.request.timeout.secs': 600, 'pacemaker.childopts': '-Xmx1024m', 'nimbus.seeds': ['localhost'], 'topology.shellbolt.max.pending': 100, 'topology.min.replication.count': 1, 'topology.skip.missing.kryo.registrations': False, 'worker.heartbeat.frequency.secs': 1, 'storm.auth.simple-acl.users.commands': [], 'storm.zookepeer.port': 2181, 'zmq.hwm': 0, 'topology.worker.shared.thread.pool.size': 4, 'storm.zookeeper.connection.timeout': 15000, 'java.library.path': '/usr/local/lib:/opt/local/lib:/usr/lib', 'logviewer.max.sum.worker.logs.size.mb': 4096, 'task.refresh.poll.secs': 10, 'topology.max.error.report.per.interval': 5, 'topology.worker.logwriter.childopts': '-Xmx64m', 'ui.actions.enabled': True, 'storm.health.check.timeout.ms': 5000, 'topology.scheduler.strategy': 'org.apache.storm.scheduler.resource.strategies.scheduling.DefaultResourceAwareStrategy', 'ui.host': '0.0.0.0', 'storm.messaging.netty.server_worker_threads': 1, 'topology.disruptor.batch.size': 100, 'storm.id': 'spam-5-1473800596', 'supervisor.worker.start.timeout.secs': 120, 'zmq.threads': 1, 'topology.acker.executors': None, 'pacemaker.thread.timeout': 10, 'storm.local.mode.zmq': False, 'topology.eventlogger.executors': 0, 'topology.tick.tuple.freq.secs': 30, 'supervisor.memory.capacity.mb': 3072.0, 'supervisor.worker.shutdown.sleep.secs': 1, 'pacemaker.base.threads': 10, 'drpc.http.creds.plugin': 'org.apache.storm.security.auth.DefaultHttpCredentialsPlugin', 'storm.zookeeper.servers': ['localhost'], 'supervisor.localizer.cache.target.size.mb': 10240, 'storm.messaging.netty.transfer.batch.size': 262144, 'resource.aware.scheduler.eviction.strategy': 'org.apache.storm.scheduler.resource.strategies.eviction.DefaultEvictionStrategy', 'topology.environment': None, 'storm.zookeeper.port': 2181, 'storm.auth.simple-acl.admins': [], 'pacemaker.host': 'localhost', 'nimbus.childopts': '-Xmx1024m', 'storm.principal.tolocal': 'org.apache.storm.security.auth.DefaultPrincipalToLocal', 'storm.nimbus.retry.times': 5, 'topology.classpath': None, 'drpc.authorizer.acl.filename': 'drpc-auth-acl.yaml', 'topology.bolts.outgoing.overflow.buffer.enable': False, 'nimbus.credential.renewers.freq.secs': 600, 'worker.childopts': '-Xmx%HEAP-MEM%m -XX:+PrintGCDetails -Xloggc:artifacts/gc.log -XX:+PrintGCDateStamps -XX:+PrintGCTimeStamps -XX:+UseGCLogFileRotation -XX:NumberOfGCLogFiles=10 -XX:GCLogFileSize=1M -XX:+HeapDumpOnOutOfMemoryError -XX:HeapDumpPath=artifacts/heapdump', 'drpc.queue.size': 128, 'supervisor.blobstore.class': 'org.apache.storm.blobstore.NimbusBlobStore', 'topology.multilang.serializer': 'org.apache.storm.multilang.JsonSerializer', 'storm.zookeeper.retry.times': 5, 'topology.disable.loadaware': False, 'supervisor.run.worker.as.user': False, 'storm.blobstore.replication.factor': 3, 'worker.profiler.childopts': '-XX:+UnlockCommercialFeatures -XX:+FlightRecorder', 'nimbus.thrift.threads': 64, 'nimbus.monitor.freq.secs': 10, 'storm.blobstore.inputstream.buffer.size.bytes': 65536, 'dev.zookeeper.path': '/tmp/dev-storm-zookeeper', 'topology.users': [], 'storm.daemon.metrics.reporter.plugins': ['org.apache.storm.daemon.metrics.reporters.JmxPreparableReporter'], 'storm.exhibitor.poll.uripath': '/exhibitor/v1/cluster/list', 'pacemaker.max.threads': 50, 'drpc.https.keystore.type': 'JKS', 'topology.tasks': None, 'storm.zookeeper.root': '/storm', 'logviewer.childopts': '-Xmx128m', 'topology.max.replication.wait.time.sec': 60, 'worker.gc.childopts': '', 'backpressure.disruptor.low.watermark': 0.4, 'storm.meta.serialization.delegate': 'org.apache.storm.serialization.GzipThriftSerializationDelegate', 'transactional.zookeeper.port': None, 'drpc.max_buffer_size': 1048576, 'topology.worker.childopts': None, 'storm.auth.simple-white-list.users': [], 'topology.max.spout.pending': None, 'nimbus.topology.validator': 'org.apache.storm.nimbus.DefaultTopologyValidator', 'topology.kryo.register': None, 'petrel.host': 'localhost', 'client.blobstore.class': 'org.apache.storm.blobstore.NimbusBlobStore', 'nimbus.cleanup.inbox.freq.secs': 600, 'storm.nimbus.retry.intervalceiling.millis': 60000, 'storm.network.topography.plugin': 'org.apache.storm.networktopography.DefaultRackDNSToSwitchMapping', 'storm.messaging.netty.min_wait_ms': 100, 'nimbus.task.timeout.secs': 30, 'topology.disruptor.batch.timeout.millis': 1, 'topology.state.checkpoint.interval.ms': 1000, 'ui.header.buffer.bytes': 4096, 'nimbus.thrift.max_buffer_size': 1048576, 'ui.http.creds.plugin': 'org.apache.storm.security.auth.DefaultHttpCredentialsPlugin', 'topology.sleep.spout.wait.strategy.time.ms': 1, 'nimbus.blobstore.expiration.secs': 600, 'storm.cluster.mode': 'distributed', 'storm.messaging.netty.socket.backlog': 500, 'worker.profiler.enabled': False, 'nimbus.queue.size': 100000, 'logviewer.appender.name': 'A1', 'drpc.authorizer.acl.strict': False, 'ui.port': 8080, 'supervisor.slots.ports': [6700, 6701, 6702, 6703], 'worker.log.level.reset.poll.secs': 30, 'storm.nimbus.retry.interval.millis': 2000, 'drpc.invocations.port': 3773, 'supervisor.monitor.frequency.secs': 3, 'ui.childopts': '-Xmx768m', 'transactional.zookeeper.servers': None, 'storm.log4j2.conf.dir': 'log4j2', 'supervisor.supervisors': [], 'zmq.linger.millis': 5000, 'topology.error.throttle.interval.secs': 10, 'storm.health.check.dir': 'healthchecks', 'topology.executor.receive.buffer.size': 1024, 'nimbus.impersonation.authorizer': 'org.apache.storm.security.auth.authorizer.ImpersonationAuthorizer', 'topology.submitter.principal': '', 'topology.worker.max.heap.size.mb': 768.0, 'topology.spout.wait.strategy': 'org.apache.storm.spout.SleepSpoutWaitStrategy', 'task.heartbeat.frequency.secs': 3, 'topology.transfer.buffer.size': 1024, 'storm.zookeeper.session.timeout': 20000, 'topology.testing.always.try.serialize': False, 'nimbus.blobstore.class': 'org.apache.storm.blobstore.LocalFsBlobStore', 'topology.stats.sample.rate': 0.05, 'topology.fall.back.on.java.serialization': True, 'storm.exhibitor.port': 8080, 'storm.zookeeper.auth.password': None, 'supervisor.childopts': '-Xmx256m', 'topology.backpressure.enable': True, 'pacemaker.port': 6699, 'topology.enable.message.timeouts': True, 'nimbus.code.sync.freq.secs': 120, 'backpressure.disruptor.high.watermark': 0.9, 'storm.messaging.netty.max_wait_ms': 1000, 'topology.worker.receiver.thread.count': 1, 'topology.component.resources.onheap.memory.mb': 128.0, 'resource.aware.scheduler.priority.strategy': 'org.apache.storm.scheduler.resource.strategies.priority.DefaultSchedulingPriorityStrategy', 'nimbus.supervisor.timeout.secs': 60, 'pacemaker.auth.method': 'NONE', 'drpc.https.port': -1, 'nimbus.inbox.jar.expiration.secs': 3600, 'scheduler.display.resource': False, 'topology.kryo.factory': 'org.apache.storm.serialization.DefaultKryoFactory', 'storm.zookeeper.retry.interval': 1000, 'supervisor.supervisors.commands': [], 'supervisor.localizer.cleanup.interval.ms': 600000, 'storm.messaging.netty.max_retries': 300, 'task.credentials.poll.secs': 30, 'drpc.http.port': 3774, 'storm.messaging.transport': 'org.apache.storm.messaging.netty.Context', 'supervisor.enable': True, 'nimbus.task.launch.secs': 120, 'supervisor.blobstore.download.thread.count': 5, 'topology.message.timeout.secs': 30, 'oauth.acess_token_secret': 'IiNOTfgE3tEZvW2HDQhRKPMoOLU43NXJCXk8maj51SdAT', 'storm.messaging.netty.authentication': False, 'petrel.user': 'pipe', 'drpc.port': 3772, 'storm.messaging.netty.buffer_size': 5242880, 'topology.state.synchronization.timeout.secs': 60, 'worker.heap.memory.mb': 768, 'topology.name': 'spam', 'topology.priority': 29, 'supervisor.worker.timeout.secs': 30, 'ui.filter': None, 'topology.trident.batch.emit.interval.millis': 500, 'topology.max.task.parallelism': None, 'supervisor.cpu.capacity': 400.0, 'topology.submitter.user': 'root', 'logviewer.max.per.worker.logs.size.mb': 2048, 'nimbus.host': 'localhost', 'topology.builtin.metrics.bucket.size.secs': 60, 'topology.component.cpu.pcore.percent': 10.0, 'ui.users': None, 'storm.thrift.transport': 'org.apache.storm.security.auth.SimpleTransportPlugin', 'logs.users': None, 'logviewer.port': 8000, 'oauth.consumer_key': 'eaFmBSxUveRJfmyZYeabti9Q9', 'topology.kryo.decorators': [], 'topology.debug': False, 'storm.zookeeper.auth.user': None}, 'context': {'task->component': {'11': '__acker', '10': 'WordDivider', '1': 'CountThreeWords', '3': 'CountTwoWords', '2': 'CountThreeWords', '5': 'CountWord', '4': 'CountTwoWords', '7': 'KafkaConsumer', '6': 'CountWord', '9': 'TwoWordDivider', '8': 'ThreeWordDivider'}, 'stream->target->grouping': {'default': {'WordDivider': {'type': 'SHUFFLE'}, 'ThreeWordDivider': {'type': 'SHUFFLE'}, 'TwoWordDivider': {'type': 'SHUFFLE'}}}, 'source->stream->fields': {}, 'streams': ['default'], 'stream->outputfields': {'default': ['sentence', 'user']}, 'taskid': 7, 'source->stream->grouping': {}, 'componentid': 'KafkaConsumer'}}
[2016-09-14 15:03:33,205][storm][INFO]Task sent pid to Storm
[2016-09-14 15:03:33,311][kafka.conn][INFO]Broker version identifed as 0.10
[2016-09-14 15:03:33,311][kafka.conn][INFO]Set configuration api_version=(0, 10) to skip auto check_version requests on startup
[2016-09-14 15:03:33,323][kafka.consumer.subscription_state][INFO]Updating subscribed topics to: ['spamtopic']
[2016-09-14 15:03:33,324][kafka.cluster][INFO]Group coordinator for kafka-python-default-group is BrokerMetadata(nodeId=0, host=u'localhost', port=9092, rack=None)
[2016-09-14 15:03:33,324][kafka.coordinator][INFO]Discovered coordinator 0 for group kafka-python-default-group
[2016-09-14 15:03:33,325][kafka.coordinator.consumer][INFO]Revoking previously assigned partitions set([]) for group kafka-python-default-group
[2016-09-14 15:03:33,325][kafka.coordinator][INFO](Re-)joining group kafka-python-default-group
[2016-09-14 15:03:56,596][kafka.coordinator][INFO]Joined group 'kafka-python-default-group' (generation 2118) with member_id kafka-python-1.3.1-aa03aa55-5042-49d5-8c59-fd1d119a3f3d
[2016-09-14 15:03:56,598][kafka.coordinator][INFO]Successfully joined group kafka-python-default-group with generation 2118
[2016-09-14 15:03:56,598][kafka.consumer.subscription_state][INFO]Updated partition assignment: [TopicPartition(topic=u'spamtopic', partition=0)]
[2016-09-14 15:03:56,598][kafka.coordinator.consumer][INFO]Setting newly assigned partitions set([TopicPartition(topic=u'spamtopic', partition=0)]) for group kafka-python-default-group
[2016-09-14 15:03:59,608][kafka.coordinator][WARNING]Heartbeat failed for group kafka-python-default-group because it is rebalancing
[2016-09-14 15:03:59,608][kafka.coordinator][WARNING]Heartbeat failed ([Error 27] RebalanceInProgressError: ); retrying
[2016-09-14 15:03:59,709][kafka.coordinator][INFO]Skipping heartbeat: no auto-assignment or waiting on rebalance
[2016-09-14 15:04:00,110][kafka.coordinator.consumer][INFO]Revoking previously assigned partitions set([TopicPartition(topic=u'spamtopic', partition=0)]) for group kafka-python-default-group
[2016-09-14 15:04:00,111][kafka.coordinator][INFO](Re-)joining group kafka-python-default-group
[2016-09-14 15:04:00,113][kafka.coordinator][INFO]Joined group 'kafka-python-default-group' (generation 2119) with member_id kafka-python-1.3.1-aa03aa55-5042-49d5-8c59-fd1d119a3f3d
[2016-09-14 15:04:00,114][kafka.coordinator][INFO]Successfully joined group kafka-python-default-group with generation 2119
[2016-09-14 15:04:00,114][kafka.consumer.subscription_state][INFO]Updated partition assignment: [TopicPartition(topic=u'spamtopic', partition=0)]
[2016-09-14 15:04:00,114][kafka.coordinator.consumer][INFO]Setting newly assigned partitions set([TopicPartition(topic=u'spamtopic', partition=0)]) for group kafka-python-default-group
[2016-09-14 15:04:03,123][kafka.coordinator][WARNING]Heartbeat failed for group kafka-python-default-group because it is rebalancing
[2016-09-14 15:04:03,124][kafka.coordinator][WARNING]Heartbeat failed ([Error 27] RebalanceInProgressError: ); retrying
[2016-09-14 15:04:03,225][kafka.coordinator][INFO]Skipping heartbeat: no auto-assignment or waiting on rebalance
[2016-09-14 15:04:03,625][kafka.coordinator.consumer][INFO]Revoking previously assigned partitions set([TopicPartition(topic=u'spamtopic', partition=0)]) for group kafka-python-default-group
[2016-09-14 15:04:03,625][kafka.coordinator][INFO](Re-)joining group kafka-python-default-group
[2016-09-14 15:04:03,626][kafka.coordinator][INFO]Joined group 'kafka-python-default-group' (generation 2120) with member_id kafka-python-1.3.1-aa03aa55-5042-49d5-8c59-fd1d119a3f3d
[2016-09-14 15:04:03,628][kafka.coordinator][INFO]Successfully joined group kafka-python-default-group with generation 2120
[2016-09-14 15:04:03,628][kafka.consumer.subscription_state][INFO]Updated partition assignment: [TopicPartition(topic=u'spamtopic', partition=0)]
[2016-09-14 15:04:03,629][kafka.coordinator.consumer][INFO]Setting newly assigned partitions set([TopicPartition(topic=u'spamtopic', partition=0)]) for group kafka-python-default-group
[2016-09-14 15:04:06,641][kafka.coordinator][WARNING]Heartbeat failed for group kafka-python-default-group because it is rebalancing
[2016-09-14 15:04:06,642][kafka.coordinator][WARNING]Heartbeat failed ([Error 27] RebalanceInProgressError: ); retrying
[2016-09-14 15:04:06,743][kafka.coordinator][INFO]Skipping heartbeat: no auto-assignment or waiting on rebalance
[2016-09-14 15:04:07,143][kafka.coordinator.consumer][INFO]Revoking previously assigned partitions set([TopicPartition(topic=u'spamtopic', partition=0)]) for group kafka-python-default-group
[2016-09-14 15:04:07,144][kafka.coordinator][INFO](Re-)joining group kafka-python-default-group
[2016-09-14 15:04:07,145][kafka.coordinator][INFO]Joined group 'kafka-python-default-group' (generation 2121) with member_id kafka-python-1.3.1-aa03aa55-5042-49d5-8c59-fd1d119a3f3d
[2016-09-14 15:04:07,148][kafka.coordinator][INFO]Successfully joined group kafka-python-default-group with generation 2121
[2016-09-14 15:04:07,148][kafka.consumer.subscription_state][INFO]Updated partition assignment: [TopicPartition(topic=u'spamtopic', partition=0)]
[2016-09-14 15:04:07,148][kafka.coordinator.consumer][INFO]Setting newly assigned partitions set([TopicPartition(topic=u'spamtopic', partition=0)]) for group kafka-python-default-group
[2016-09-14 15:04:10,160][kafka.coordinator][WARNING]Heartbeat failed for group kafka-python-default-group because it is rebalancing
[2016-09-14 15:04:10,160][kafka.coordinator][WARNING]Heartbeat failed ([Error 27] RebalanceInProgressError: ); retrying
[2016-09-14 15:04:10,262][kafka.coordinator][INFO]Skipping heartbeat: no auto-assignment or waiting on rebalance
[2016-09-14 15:04:10,662][kafka.coordinator.consumer][INFO]Revoking previously assigned partitions set([TopicPartition(topic=u'spamtopic', partition=0)]) for group kafka-python-default-group
[2016-09-14 15:04:10,662][kafka.coordinator][INFO](Re-)joining group kafka-python-default-group
[2016-09-14 15:04:10,663][kafka.coordinator][INFO]Joined group 'kafka-python-default-group' (generation 2122) with member_id kafka-python-1.3.1-aa03aa55-5042-49d5-8c59-fd1d119a3f3d
[2016-09-14 15:04:10,665][kafka.coordinator][INFO]Successfully joined group kafka-python-default-group with generation 2122
[2016-09-14 15:04:10,665][kafka.consumer.subscription_state][INFO]Updated partition assignment: [TopicPartition(topic=u'spamtopic', partition=0)]
[2016-09-14 15:04:10,665][kafka.coordinator.consumer][INFO]Setting newly assigned partitions set([TopicPartition(topic=u'spamtopic', partition=0)]) for group kafka-python-default-group
[2016-09-14 15:04:13,674][kafka.coordinator][WARNING]Heartbeat failed for group kafka-python-default-group because it is rebalancing
[2016-09-14 15:04:13,674][kafka.coordinator][WARNING]Heartbeat failed ([Error 27] RebalanceInProgressError: ); retrying
[2016-09-14 15:04:13,775][kafka.coordinator][INFO]Skipping heartbeat: no auto-assignment or waiting on rebalance
[2016-09-14 15:04:14,175][kafka.coordinator.consumer][INFO]Revoking previously assigned partitions set([TopicPartition(topic=u'spamtopic', partition=0)]) for group kafka-python-default-group
[2016-09-14 15:04:14,175][kafka.coordinator][INFO](Re-)joining group kafka-python-default-group
[2016-09-14 15:04:14,177][kafka.coordinator][INFO]Joined group 'kafka-python-default-group' (generation 2123) with member_id kafka-python-1.3.1-aa03aa55-5042-49d5-8c59-fd1d119a3f3d
[2016-09-14 15:04:14,179][kafka.coordinator][INFO]Successfully joined group kafka-python-default-group with generation 2123
[2016-09-14 15:04:14,180][kafka.consumer.subscription_state][INFO]Updated partition assignment: [TopicPartition(topic=u'spamtopic', partition=0)]
[2016-09-14 15:04:14,180][kafka.coordinator.consumer][INFO]Setting newly assigned partitions set([TopicPartition(topic=u'spamtopic', partition=0)]) for group kafka-python-default-group
[2016-09-14 15:04:17,189][kafka.coordinator][WARNING]Heartbeat failed for group kafka-python-default-group because it is rebalancing
[2016-09-14 15:04:17,189][kafka.coordinator][WARNING]Heartbeat failed ([Error 27] RebalanceInProgressError: ); retrying
[2016-09-14 15:04:17,291][kafka.coordinator][INFO]Skipping heartbeat: no auto-assignment or waiting on rebalance
[2016-09-14 15:04:17,691][kafka.coordinator.consumer][INFO]Revoking previously assigned partitions set([TopicPartition(topic=u'spamtopic', partition=0)]) for group kafka-python-default-group
[2016-09-14 15:04:17,691][kafka.coordinator][INFO](Re-)joining group kafka-python-default-group
[2016-09-14 15:04:17,693][kafka.coordinator][INFO]Joined group 'kafka-python-default-group' (generation 2124) with member_id kafka-python-1.3.1-aa03aa55-5042-49d5-8c59-fd1d119a3f3d
[2016-09-14 15:04:17,697][kafka.coordinator][INFO]Successfully joined group kafka-python-default-group with generation 2124
[2016-09-14 15:04:17,697][kafka.consumer.subscription_state][INFO]Updated partition assignment: [TopicPartition(topic=u'spamtopic', partition=0)]
[2016-09-14 15:04:17,697][kafka.coordinator.consumer][INFO]Setting newly assigned partitions set([TopicPartition(topic=u'spamtopic', partition=0)]) for group kafka-python-default-group
[2016-09-14 15:04:20,706][kafka.coordinator][WARNING]Heartbeat failed for group kafka-python-default-group because it is rebalancing
[2016-09-14 15:04:20,706][kafka.coordinator][WARNING]Heartbeat failed ([Error 27] RebalanceInProgressError: ); retrying
[2016-09-14 15:04:20,808][kafka.coordinator][INFO]Skipping heartbeat: no auto-assignment or waiting on rebalance
[2016-09-14 15:04:21,208][kafka.coordinator.consumer][INFO]Revoking previously assigned partitions set([TopicPartition(topic=u'spamtopic', partition=0)]) for group kafka-python-default-group
[2016-09-14 15:04:21,208][kafka.coordinator][INFO](Re-)joining group kafka-python-default-group
[2016-09-14 15:04:21,209][kafka.coordinator][INFO]Joined group 'kafka-python-default-group' (generation 2125) with member_id kafka-python-1.3.1-aa03aa55-5042-49d5-8c59-fd1d119a3f3d
[2016-09-14 15:04:21,213][kafka.coordinator][INFO]Successfully joined group kafka-python-default-group with generation 2125
[2016-09-14 15:04:21,214][kafka.consumer.subscription_state][INFO]Updated partition assignment: [TopicPartition(topic=u'spamtopic', partition=0)]
[2016-09-14 15:04:21,214][kafka.coordinator.consumer][INFO]Setting newly assigned partitions set([TopicPartition(topic=u'spamtopic', partition=0)]) for group kafka-python-default-group
[2016-09-14 15:04:24,221][kafka.coordinator][WARNING]Heartbeat failed for group kafka-python-default-group because it is rebalancing
[2016-09-14 15:04:24,221][kafka.coordinator][WARNING]Heartbeat failed ([Error 27] RebalanceInProgressError: ); retrying
[2016-09-14 15:04:24,323][kafka.coordinator][INFO]Skipping heartbeat: no auto-assignment or waiting on rebalance
[2016-09-14 15:04:24,723][kafka.coordinator.consumer][INFO]Revoking previously assigned partitions set([TopicPartition(topic=u'spamtopic', partition=0)]) for group kafka-python-default-group
[2016-09-14 15:04:24,724][kafka.coordinator][INFO](Re-)joining group kafka-python-default-group
[2016-09-14 15:04:24,729][kafka.coordinator][INFO]Joined group 'kafka-python-default-group' (generation 2126) with member_id kafka-python-1.3.1-aa03aa55-5042-49d5-8c59-fd1d119a3f3d
[2016-09-14 15:04:24,729][kafka.coordinator][INFO]Successfully joined group kafka-python-default-group with generation 2126
[2016-09-14 15:04:24,730][kafka.consumer.subscription_state][INFO]Updated partition assignment: [TopicPartition(topic=u'spamtopic', partition=0)]
[2016-09-14 15:04:24,730][kafka.coordinator.consumer][INFO]Setting newly assigned partitions set([TopicPartition(topic=u'spamtopic', partition=0)]) for group kafka-python-default-group
[2016-09-14 15:04:27,740][kafka.coordinator][WARNING]Heartbeat failed for group kafka-python-default-group because it is rebalancing
[2016-09-14 15:04:27,740][kafka.coordinator][WARNING]Heartbeat failed ([Error 27] RebalanceInProgressError: ); retrying
[2016-09-14 15:04:27,841][kafka.coordinator][INFO]Skipping heartbeat: no auto-assignment or waiting on rebalance
[2016-09-14 15:04:28,242][kafka.coordinator.consumer][INFO]Revoking previously assigned partitions set([TopicPartition(topic=u'spamtopic', partition=0)]) for group kafka-python-default-group
[2016-09-14 15:04:28,242][kafka.coordinator][INFO](Re-)joining group kafka-python-default-group
[2016-09-14 15:04:28,243][kafka.coordinator][INFO]Joined group 'kafka-python-default-group' (generation 2127) with member_id kafka-python-1.3.1-aa03aa55-5042-49d5-8c59-fd1d119a3f3d
[2016-09-14 15:04:28,246][kafka.coordinator][INFO]Successfully joined group kafka-python-default-group with generation 2127
[2016-09-14 15:04:28,246][kafka.consumer.subscription_state][INFO]Updated partition assignment: [TopicPartition(topic=u'spamtopic', partition=0)]
[2016-09-14 15:04:28,246][kafka.coordinator.consumer][INFO]Setting newly assigned partitions set([TopicPartition(topic=u'spamtopic', partition=0)]) for group kafka-python-default-group
[2016-09-14 15:04:31,256][kafka.coordinator][WARNING]Heartbeat failed for group kafka-python-default-group because it is rebalancing
[2016-09-14 15:04:31,256][kafka.coordinator][WARNING]Heartbeat failed ([Error 27] RebalanceInProgressError: ); retrying
[2016-09-14 15:04:31,357][kafka.coordinator][INFO]Skipping heartbeat: no auto-assignment or waiting on rebalance
[2016-09-14 15:04:31,758][kafka.coordinator.consumer][INFO]Revoking previously assigned partitions set([TopicPartition(topic=u'spamtopic', partition=0)]) for group kafka-python-default-group
[2016-09-14 15:04:31,758][kafka.coordinator][INFO](Re-)joining group kafka-python-default-group
[2016-09-14 15:04:31,759][kafka.coordinator][INFO]Joined group 'kafka-python-default-group' (generation 2128) with member_id kafka-python-1.3.1-aa03aa55-5042-49d5-8c59-fd1d119a3f3d
[2016-09-14 15:04:31,760][kafka.coordinator][INFO]Successfully joined group kafka-python-default-group with generation 2128
[2016-09-14 15:04:31,760][kafka.consumer.subscription_state][INFO]Updated partition assignment: [TopicPartition(topic=u'spamtopic', partition=0)]
[2016-09-14 15:04:31,761][kafka.coordinator.consumer][INFO]Setting newly assigned partitions set([TopicPartition(topic=u'spamtopic', partition=0)]) for group kafka-python-default-group
[2016-09-14 15:04:34,770][kafka.coordinator][WARNING]Heartbeat failed for group kafka-python-default-group because it is rebalancing
[2016-09-14 15:04:34,771][kafka.coordinator][WARNING]Heartbeat failed ([Error 27] RebalanceInProgressError: ); retrying
[2016-09-14 15:04:34,872][kafka.coordinator][INFO]Skipping heartbeat: no auto-assignment or waiting on rebalance
[2016-09-14 15:04:35,272][kafka.coordinator.consumer][INFO]Revoking previously assigned partitions set([TopicPartition(topic=u'spamtopic', partition=0)]) for group kafka-python-default-group
[2016-09-14 15:04:35,272][kafka.coordinator][INFO](Re-)joining group kafka-python-default-group
[2016-09-14 15:04:35,274][kafka.coordinator][INFO]Joined group 'kafka-python-default-group' (generation 2129) with member_id kafka-python-1.3.1-aa03aa55-5042-49d5-8c59-fd1d119a3f3d
[2016-09-14 15:04:35,277][kafka.coordinator][INFO]Successfully joined group kafka-python-default-group with generation 2129
[2016-09-14 15:04:35,277][kafka.consumer.subscription_state][INFO]Updated partition assignment: [TopicPartition(topic=u'spamtopic', partition=0)]
[2016-09-14 15:04:35,278][kafka.coordinator.consumer][INFO]Setting newly assigned partitions set([TopicPartition(topic=u'spamtopic', partition=0)]) for group kafka-python-default-group
[2016-09-14 15:04:38,285][kafka.coordinator][WARNING]Heartbeat failed for group kafka-python-default-group because it is rebalancing
[2016-09-14 15:04:38,285][kafka.coordinator][WARNING]Heartbeat failed ([Error 27] RebalanceInProgressError: ); retrying
[2016-09-14 15:04:38,386][kafka.coordinator][INFO]Skipping heartbeat: no auto-assignment or waiting on rebalance
[2016-09-14 15:04:38,786][kafka.coordinator.consumer][INFO]Revoking previously assigned partitions set([TopicPartition(topic=u'spamtopic', partition=0)]) for group kafka-python-default-group
[2016-09-14 15:04:38,786][kafka.coordinator][INFO](Re-)joining group kafka-python-default-group
[2016-09-14 15:04:38,788][kafka.coordinator][INFO]Joined group 'kafka-python-default-group' (generation 2130) with member_id kafka-python-1.3.1-aa03aa55-5042-49d5-8c59-fd1d119a3f3d
[2016-09-14 15:04:38,791][kafka.coordinator][INFO]Successfully joined group kafka-python-default-group with generation 2130
[2016-09-14 15:04:38,791][kafka.consumer.subscription_state][INFO]Updated partition assignment: [TopicPartition(topic=u'spamtopic', partition=0)]
[2016-09-14 15:04:38,791][kafka.coordinator.consumer][INFO]Setting newly assigned partitions set([TopicPartition(topic=u'spamtopic', partition=0)]) for group kafka-python-default-group
[2016-09-14 15:04:41,803][kafka.coordinator][WARNING]Heartbeat failed for group kafka-python-default-group because it is rebalancing
[2016-09-14 15:04:41,803][kafka.coordinator][WARNING]Heartbeat failed ([Error 27] RebalanceInProgressError: ); retrying
[2016-09-14 15:04:41,904][kafka.coordinator][INFO]Skipping heartbeat: no auto-assignment or waiting on rebalance
[2016-09-14 15:04:42,304][kafka.coordinator.consumer][INFO]Revoking previously assigned partitions set([TopicPartition(topic=u'spamtopic', partition=0)]) for group kafka-python-default-group
[2016-09-14 15:04:42,305][kafka.coordinator][INFO](Re-)joining group kafka-python-default-group
[2016-09-14 15:04:42,306][kafka.coordinator][INFO]Joined group 'kafka-python-default-group' (generation 2131) with member_id kafka-python-1.3.1-aa03aa55-5042-49d5-8c59-fd1d119a3f3d
[2016-09-14 15:04:42,307][kafka.coordinator][INFO]Successfully joined group kafka-python-default-group with generation 2131
[2016-09-14 15:04:42,308][kafka.consumer.subscription_state][INFO]Updated partition assignment: [TopicPartition(topic=u'spamtopic', partition=0)]
[2016-09-14 15:04:42,308][kafka.coordinator.consumer][INFO]Setting newly assigned partitions set([TopicPartition(topic=u'spamtopic', partition=0)]) for group kafka-python-default-group
[2016-09-14 15:04:45,319][kafka.coordinator][WARNING]Heartbeat failed for group kafka-python-default-group because it is rebalancing
[2016-09-14 15:04:45,320][kafka.coordinator][WARNING]Heartbeat failed ([Error 27] RebalanceInProgressError: ); retrying
[2016-09-14 15:04:45,421][kafka.coordinator][INFO]Skipping heartbeat: no auto-assignment or waiting on rebalance
[2016-09-14 15:04:45,821][kafka.coordinator.consumer][INFO]Revoking previously assigned partitions set([TopicPartition(topic=u'spamtopic', partition=0)]) for group kafka-python-default-group
[2016-09-14 15:04:45,821][kafka.coordinator][INFO](Re-)joining group kafka-python-default-group
[2016-09-14 15:04:45,822][kafka.coordinator][INFO]Joined group 'kafka-python-default-group' (generation 2132) with member_id kafka-python-1.3.1-aa03aa55-5042-49d5-8c59-fd1d119a3f3d
[2016-09-14 15:04:45,829][kafka.coordinator][INFO]Successfully joined group kafka-python-default-group with generation 2132
[2016-09-14 15:04:45,829][kafka.consumer.subscription_state][INFO]Updated partition assignment: [TopicPartition(topic=u'spamtopic', partition=0)]
[2016-09-14 15:04:45,830][kafka.coordinator.consumer][INFO]Setting newly assigned partitions set([TopicPartition(topic=u'spamtopic', partition=0)]) for group kafka-python-default-group
[2016-09-14 15:04:48,838][kafka.coordinator][WARNING]Heartbeat failed for group kafka-python-default-group because it is rebalancing
[2016-09-14 15:04:48,838][kafka.coordinator][WARNING]Heartbeat failed ([Error 27] RebalanceInProgressError: ); retrying
[2016-09-14 15:04:48,939][kafka.coordinator][INFO]Skipping heartbeat: no auto-assignment or waiting on rebalance
[2016-09-14 15:04:49,339][kafka.coordinator.consumer][INFO]Revoking previously assigned partitions set([TopicPartition(topic=u'spamtopic', partition=0)]) for group kafka-python-default-group
[2016-09-14 15:04:49,340][kafka.coordinator][INFO](Re-)joining group kafka-python-default-group
[2016-09-14 15:04:49,340][kafka.coordinator][INFO]Joined group 'kafka-python-default-group' (generation 2133) with member_id kafka-python-1.3.1-aa03aa55-5042-49d5-8c59-fd1d119a3f3d
[2016-09-14 15:04:49,349][kafka.coordinator][INFO]Successfully joined group kafka-python-default-group with generation 2133
[2016-09-14 15:04:49,349][kafka.consumer.subscription_state][INFO]Updated partition assignment: [TopicPartition(topic=u'spamtopic', partition=0)]
[2016-09-14 15:04:49,350][kafka.coordinator.consumer][INFO]Setting newly assigned partitions set([TopicPartition(topic=u'spamtopic', partition=0)]) for group kafka-python-default-group
[2016-09-14 15:04:52,359][kafka.coordinator][WARNING]Heartbeat failed for group kafka-python-default-group because it is rebalancing
[2016-09-14 15:04:52,359][kafka.coordinator][WARNING]Heartbeat failed ([Error 27] RebalanceInProgressError: ); retrying
[2016-09-14 15:04:52,460][kafka.coordinator][INFO]Skipping heartbeat: no auto-assignment or waiting on rebalance
[2016-09-14 15:04:52,860][kafka.coordinator.consumer][INFO]Revoking previously assigned partitions set([TopicPartition(topic=u'spamtopic', partition=0)]) for group kafka-python-default-group
[2016-09-14 15:04:52,860][kafka.coordinator][INFO](Re-)joining group kafka-python-default-group
[2016-09-14 15:04:52,862][kafka.coordinator][INFO]Joined group 'kafka-python-default-group' (generation 2134) with member_id kafka-python-1.3.1-aa03aa55-5042-49d5-8c59-fd1d119a3f3d
[2016-09-14 15:04:52,869][kafka.coordinator][INFO]Successfully joined group kafka-python-default-group with generation 2134
[2016-09-14 15:04:52,869][kafka.consumer.subscription_state][INFO]Updated partition assignment: [TopicPartition(topic=u'spamtopic', partition=0)]
[2016-09-14 15:04:52,869][kafka.coordinator.consumer][INFO]Setting newly assigned partitions set([TopicPartition(topic=u'spamtopic', partition=0)]) for group kafka-python-default-group
[2016-09-14 15:04:55,879][kafka.coordinator][WARNING]Heartbeat failed for group kafka-python-default-group because it is rebalancing
[2016-09-14 15:04:55,879][kafka.coordinator][WARNING]Heartbeat failed ([Error 27] RebalanceInProgressError: ); retrying
[2016-09-14 15:04:55,980][kafka.coordinator][INFO]Skipping heartbeat: no auto-assignment or waiting on rebalance
[2016-09-14 15:04:56,381][kafka.coordinator.consumer][INFO]Revoking previously assigned partitions set([TopicPartition(topic=u'spamtopic', partition=0)]) for group kafka-python-default-group
[2016-09-14 15:04:56,381][kafka.coordinator][INFO](Re-)joining group kafka-python-default-group
[2016-09-14 15:04:56,383][kafka.coordinator][INFO]Joined group 'kafka-python-default-group' (generation 2135) with member_id kafka-python-1.3.1-aa03aa55-5042-49d5-8c59-fd1d119a3f3d
[2016-09-14 15:04:56,385][kafka.coordinator][INFO]Successfully joined group kafka-python-default-group with generation 2135
[2016-09-14 15:04:56,386][kafka.consumer.subscription_state][INFO]Updated partition assignment: [TopicPartition(topic=u'spamtopic', partition=0)]
[2016-09-14 15:04:56,386][kafka.coordinator.consumer][INFO]Setting newly assigned partitions set([TopicPartition(topic=u'spamtopic', partition=0)]) for group kafka-python-default-group
[2016-09-14 15:04:59,403][kafka.coordinator][WARNING]Heartbeat failed for group kafka-python-default-group because it is rebalancing
[2016-09-14 15:04:59,403][kafka.coordinator][WARNING]Heartbeat failed ([Error 27] RebalanceInProgressError: ); retrying
[2016-09-14 15:04:59,504][kafka.coordinator][INFO]Skipping heartbeat: no auto-assignment or waiting on rebalance
[2016-09-14 15:04:59,905][kafka.coordinator.consumer][INFO]Revoking previously assigned partitions set([TopicPartition(topic=u'spamtopic', partition=0)]) for group kafka-python-default-group
[2016-09-14 15:04:59,905][kafka.coordinator][INFO](Re-)joining group kafka-python-default-group
[2016-09-14 15:04:59,909][kafka.coordinator][INFO]Joined group 'kafka-python-default-group' (generation 2136) with member_id kafka-python-1.3.1-aa03aa55-5042-49d5-8c59-fd1d119a3f3d
[2016-09-14 15:04:59,910][kafka.coordinator][INFO]Successfully joined group kafka-python-default-group with generation 2136
[2016-09-14 15:04:59,910][kafka.consumer.subscription_state][INFO]Updated partition assignment: [TopicPartition(topic=u'spamtopic', partition=0)]
[2016-09-14 15:04:59,910][kafka.coordinator.consumer][INFO]Setting newly assigned partitions set([TopicPartition(topic=u'spamtopic', partition=0)]) for group kafka-python-default-group
[2016-09-14 15:05:02,918][kafka.coordinator][WARNING]Heartbeat failed for group kafka-python-default-group because it is rebalancing
[2016-09-14 15:05:02,919][kafka.coordinator][WARNING]Heartbeat failed ([Error 27] RebalanceInProgressError: ); retrying
[2016-09-14 15:05:03,020][kafka.coordinator][INFO]Skipping heartbeat: no auto-assignment or waiting on rebalance
[2016-09-14 15:05:03,420][kafka.coordinator.consumer][INFO]Revoking previously assigned partitions set([TopicPartition(topic=u'spamtopic', partition=0)]) for group kafka-python-default-group
[2016-09-14 15:05:03,420][kafka.coordinator][INFO](Re-)joining group kafka-python-default-group
[2016-09-14 15:05:03,421][kafka.coordinator][INFO]Joined group 'kafka-python-default-group' (generation 2137) with member_id kafka-python-1.3.1-aa03aa55-5042-49d5-8c59-fd1d119a3f3d
[2016-09-14 15:05:03,424][kafka.coordinator][INFO]Successfully joined group kafka-python-default-group with generation 2137
[2016-09-14 15:05:03,425][kafka.consumer.subscription_state][INFO]Updated partition assignment: [TopicPartition(topic=u'spamtopic', partition=0)]
[2016-09-14 15:05:03,425][kafka.coordinator.consumer][INFO]Setting newly assigned partitions set([TopicPartition(topic=u'spamtopic', partition=0)]) for group kafka-python-default-group
[2016-09-14 15:05:06,434][kafka.coordinator][WARNING]Heartbeat failed for group kafka-python-default-group because it is rebalancing
[2016-09-14 15:05:06,434][kafka.coordinator][WARNING]Heartbeat failed ([Error 27] RebalanceInProgressError: ); retrying
[2016-09-14 15:05:06,536][kafka.coordinator][INFO]Skipping heartbeat: no auto-assignment or waiting on rebalance
[2016-09-14 15:05:06,936][kafka.coordinator.consumer][INFO]Revoking previously assigned partitions set([TopicPartition(topic=u'spamtopic', partition=0)]) for group kafka-python-default-group
[2016-09-14 15:05:06,936][kafka.coordinator][INFO](Re-)joining group kafka-python-default-group
[2016-09-14 15:05:06,938][kafka.coordinator][INFO]Joined group 'kafka-python-default-group' (generation 2138) with member_id kafka-python-1.3.1-aa03aa55-5042-49d5-8c59-fd1d119a3f3d
[2016-09-14 15:05:06,940][kafka.coordinator][INFO]Successfully joined group kafka-python-default-group with generation 2138
[2016-09-14 15:05:06,940][kafka.consumer.subscription_state][INFO]Updated partition assignment: [TopicPartition(topic=u'spamtopic', partition=0)]
[2016-09-14 15:05:06,940][kafka.coordinator.consumer][INFO]Setting newly assigned partitions set([TopicPartition(topic=u'spamtopic', partition=0)]) for group kafka-python-default-group
[2016-09-14 15:05:09,948][kafka.coordinator][WARNING]Heartbeat failed for group kafka-python-default-group because it is rebalancing
[2016-09-14 15:05:09,949][kafka.coordinator][WARNING]Heartbeat failed ([Error 27] RebalanceInProgressError: ); retrying
[2016-09-14 15:05:10,050][kafka.coordinator][INFO]Skipping heartbeat: no auto-assignment or waiting on rebalance
[2016-09-14 15:05:10,450][kafka.coordinator.consumer][INFO]Revoking previously assigned partitions set([TopicPartition(topic=u'spamtopic', partition=0)]) for group kafka-python-default-group
[2016-09-14 15:05:10,451][kafka.coordinator][INFO](Re-)joining group kafka-python-default-group
[2016-09-14 15:05:10,452][kafka.coordinator][INFO]Joined group 'kafka-python-default-group' (generation 2139) with member_id kafka-python-1.3.1-aa03aa55-5042-49d5-8c59-fd1d119a3f3d
[2016-09-14 15:05:10,454][kafka.coordinator][INFO]Successfully joined group kafka-python-default-group with generation 2139
[2016-09-14 15:05:10,454][kafka.consumer.subscription_state][INFO]Updated partition assignment: [TopicPartition(topic=u'spamtopic', partition=0)]
[2016-09-14 15:05:10,455][kafka.coordinator.consumer][INFO]Setting newly assigned partitions set([TopicPartition(topic=u'spamtopic', partition=0)]) for group kafka-python-default-group
[2016-09-14 15:05:13,464][kafka.coordinator][WARNING]Heartbeat failed for group kafka-python-default-group because it is rebalancing
[2016-09-14 15:05:13,464][kafka.coordinator][WARNING]Heartbeat failed ([Error 27] RebalanceInProgressError: ); retrying
[2016-09-14 15:05:13,565][kafka.coordinator][INFO]Skipping heartbeat: no auto-assignment or waiting on rebalance
[2016-09-14 15:05:13,966][kafka.coordinator.consumer][INFO]Revoking previously assigned partitions set([TopicPartition(topic=u'spamtopic', partition=0)]) for group kafka-python-default-group
[2016-09-14 15:05:13,966][kafka.coordinator][INFO](Re-)joining group kafka-python-default-group
[2016-09-14 15:05:13,967][kafka.coordinator][INFO]Joined group 'kafka-python-default-group' (generation 2140) with member_id kafka-python-1.3.1-aa03aa55-5042-49d5-8c59-fd1d119a3f3d
[2016-09-14 15:05:13,971][kafka.coordinator][INFO]Successfully joined group kafka-python-default-group with generation 2140
[2016-09-14 15:05:13,971][kafka.consumer.subscription_state][INFO]Updated partition assignment: [TopicPartition(topic=u'spamtopic', partition=0)]
[2016-09-14 15:05:13,971][kafka.coordinator.consumer][INFO]Setting newly assigned partitions set([TopicPartition(topic=u'spamtopic', partition=0)]) for group kafka-python-default-group
[2016-09-14 15:05:16,979][kafka.coordinator][WARNING]Heartbeat failed for group kafka-python-default-group because it is rebalancing
[2016-09-14 15:05:16,980][kafka.coordinator][WARNING]Heartbeat failed ([Error 27] RebalanceInProgressError: ); retrying
[2016-09-14 15:05:17,081][kafka.coordinator][INFO]Skipping heartbeat: no auto-assignment or waiting on rebalance
[2016-09-14 15:05:17,481][kafka.coordinator.consumer][INFO]Revoking previously assigned partitions set([TopicPartition(topic=u'spamtopic', partition=0)]) for group kafka-python-default-group
[2016-09-14 15:05:17,481][kafka.coordinator][INFO](Re-)joining group kafka-python-default-group
[2016-09-14 15:05:17,482][kafka.coordinator][INFO]Joined group 'kafka-python-default-group' (generation 2141) with member_id kafka-python-1.3.1-aa03aa55-5042-49d5-8c59-fd1d119a3f3d
[2016-09-14 15:05:17,485][kafka.coordinator][INFO]Successfully joined group kafka-python-default-group with generation 2141
[2016-09-14 15:05:17,486][kafka.consumer.subscription_state][INFO]Updated partition assignment: [TopicPartition(topic=u'spamtopic', partition=0)]
[2016-09-14 15:05:17,486][kafka.coordinator.consumer][INFO]Setting newly assigned partitions set([TopicPartition(topic=u'spamtopic', partition=0)]) for group kafka-python-default-group
[2016-09-14 15:05:20,494][kafka.coordinator][WARNING]Heartbeat failed for group kafka-python-default-group because it is rebalancing
[2016-09-14 15:05:20,494][kafka.coordinator][WARNING]Heartbeat failed ([Error 27] RebalanceInProgressError: ); retrying
[2016-09-14 15:05:20,595][kafka.coordinator][INFO]Skipping heartbeat: no auto-assignment or waiting on rebalance
[2016-09-14 15:05:20,995][kafka.coordinator.consumer][INFO]Revoking previously assigned partitions set([TopicPartition(topic=u'spamtopic', partition=0)]) for group kafka-python-default-group
[2016-09-14 15:05:20,995][kafka.coordinator][INFO](Re-)joining group kafka-python-default-group
[2016-09-14 15:05:20,998][kafka.coordinator][INFO]Joined group 'kafka-python-default-group' (generation 2142) with member_id kafka-python-1.3.1-aa03aa55-5042-49d5-8c59-fd1d119a3f3d
[2016-09-14 15:05:21,000][kafka.coordinator][INFO]Successfully joined group kafka-python-default-group with generation 2142
[2016-09-14 15:05:21,001][kafka.consumer.subscription_state][INFO]Updated partition assignment: [TopicPartition(topic=u'spamtopic', partition=0)]
[2016-09-14 15:05:21,001][kafka.coordinator.consumer][INFO]Setting newly assigned partitions set([TopicPartition(topic=u'spamtopic', partition=0)]) for group kafka-python-default-group
[2016-09-14 15:05:24,010][kafka.coordinator][WARNING]Heartbeat failed for group kafka-python-default-group because it is rebalancing
[2016-09-14 15:05:24,010][kafka.coordinator][WARNING]Heartbeat failed ([Error 27] RebalanceInProgressError: ); retrying
[2016-09-14 15:05:24,111][kafka.coordinator][INFO]Skipping heartbeat: no auto-assignment or waiting on rebalance
[2016-09-14 15:05:24,511][kafka.coordinator.consumer][INFO]Revoking previously assigned partitions set([TopicPartition(topic=u'spamtopic', partition=0)]) for group kafka-python-default-group
[2016-09-14 15:05:24,512][kafka.coordinator][INFO](Re-)joining group kafka-python-default-group
[2016-09-14 15:05:24,513][kafka.coordinator][INFO]Joined group 'kafka-python-default-group' (generation 2143) with member_id kafka-python-1.3.1-aa03aa55-5042-49d5-8c59-fd1d119a3f3d
[2016-09-14 15:05:24,514][kafka.coordinator][INFO]Successfully joined group kafka-python-default-group with generation 2143
[2016-09-14 15:05:24,515][kafka.consumer.subscription_state][INFO]Updated partition assignment: [TopicPartition(topic=u'spamtopic', partition=0)]
[2016-09-14 15:05:24,515][kafka.coordinator.consumer][INFO]Setting newly assigned partitions set([TopicPartition(topic=u'spamtopic', partition=0)]) for group kafka-python-default-group
[2016-09-14 15:05:27,525][kafka.coordinator][WARNING]Heartbeat failed for group kafka-python-default-group because it is rebalancing
[2016-09-14 15:05:27,526][kafka.coordinator][WARNING]Heartbeat failed ([Error 27] RebalanceInProgressError: ); retrying
[2016-09-14 15:05:27,627][kafka.coordinator][INFO]Skipping heartbeat: no auto-assignment or waiting on rebalance
[2016-09-14 15:05:28,027][kafka.coordinator.consumer][INFO]Revoking previously assigned partitions set([TopicPartition(topic=u'spamtopic', partition=0)]) for group kafka-python-default-group
[2016-09-14 15:05:28,027][kafka.coordinator][INFO](Re-)joining group kafka-python-default-group
[2016-09-14 15:05:28,028][kafka.coordinator][INFO]Joined group 'kafka-python-default-group' (generation 2144) with member_id kafka-python-1.3.1-aa03aa55-5042-49d5-8c59-fd1d119a3f3d
[2016-09-14 15:05:28,030][kafka.coordinator][INFO]Successfully joined group kafka-python-default-group with generation 2144
[2016-09-14 15:05:28,031][kafka.consumer.subscription_state][INFO]Updated partition assignment: [TopicPartition(topic=u'spamtopic', partition=0)]
[2016-09-14 15:05:28,031][kafka.coordinator.consumer][INFO]Setting newly assigned partitions set([TopicPartition(topic=u'spamtopic', partition=0)]) for group kafka-python-default-group
[2016-09-14 15:05:31,040][kafka.coordinator][WARNING]Heartbeat failed for group kafka-python-default-group because it is rebalancing
[2016-09-14 15:05:31,040][kafka.coordinator][WARNING]Heartbeat failed ([Error 27] RebalanceInProgressError: ); retrying
[2016-09-14 15:05:31,141][kafka.coordinator][INFO]Skipping heartbeat: no auto-assignment or waiting on rebalance
[2016-09-14 15:05:31,541][kafka.coordinator.consumer][INFO]Revoking previously assigned partitions set([TopicPartition(topic=u'spamtopic', partition=0)]) for group kafka-python-default-group
[2016-09-14 15:05:31,541][kafka.coordinator][INFO](Re-)joining group kafka-python-default-group
[2016-09-14 15:05:31,543][kafka.coordinator][INFO]Joined group 'kafka-python-default-group' (generation 2145) with member_id kafka-python-1.3.1-aa03aa55-5042-49d5-8c59-fd1d119a3f3d
[2016-09-14 15:05:31,546][kafka.coordinator][INFO]Successfully joined group kafka-python-default-group with generation 2145
[2016-09-14 15:05:31,546][kafka.consumer.subscription_state][INFO]Updated partition assignment: [TopicPartition(topic=u'spamtopic', partition=0)]
[2016-09-14 15:05:31,546][kafka.coordinator.consumer][INFO]Setting newly assigned partitions set([TopicPartition(topic=u'spamtopic', partition=0)]) for group kafka-python-default-group
[2016-09-14 15:05:34,557][kafka.coordinator][WARNING]Heartbeat failed for group kafka-python-default-group because it is rebalancing
[2016-09-14 15:05:34,558][kafka.coordinator][WARNING]Heartbeat failed ([Error 27] RebalanceInProgressError: ); retrying
[2016-09-14 15:05:34,659][kafka.coordinator][INFO]Skipping heartbeat: no auto-assignment or waiting on rebalance
[2016-09-14 15:05:35,059][kafka.coordinator.consumer][INFO]Revoking previously assigned partitions set([TopicPartition(topic=u'spamtopic', partition=0)]) for group kafka-python-default-group
[2016-09-14 15:05:35,059][kafka.coordinator][INFO](Re-)joining group kafka-python-default-group
[2016-09-14 15:05:35,060][kafka.coordinator][INFO]Joined group 'kafka-python-default-group' (generation 2146) with member_id kafka-python-1.3.1-aa03aa55-5042-49d5-8c59-fd1d119a3f3d
[2016-09-14 15:05:35,068][kafka.coordinator][INFO]Successfully joined group kafka-python-default-group with generation 2146
[2016-09-14 15:05:35,068][kafka.consumer.subscription_state][INFO]Updated partition assignment: [TopicPartition(topic=u'spamtopic', partition=0)]
[2016-09-14 15:05:35,069][kafka.coordinator.consumer][INFO]Setting newly assigned partitions set([TopicPartition(topic=u'spamtopic', partition=0)]) for group kafka-python-default-group
[2016-09-14 15:05:38,078][kafka.coordinator][WARNING]Heartbeat failed for group kafka-python-default-group because it is rebalancing
[2016-09-14 15:05:38,078][kafka.coordinator][WARNING]Heartbeat failed ([Error 27] RebalanceInProgressError: ); retrying
[2016-09-14 15:05:38,179][kafka.coordinator][INFO]Skipping heartbeat: no auto-assignment or waiting on rebalance
[2016-09-14 15:05:38,581][kafka.coordinator.consumer][INFO]Revoking previously assigned partitions set([TopicPartition(topic=u'spamtopic', partition=0)]) for group kafka-python-default-group
[2016-09-14 15:05:38,581][kafka.coordinator][INFO](Re-)joining group kafka-python-default-group
[2016-09-14 15:05:38,582][kafka.coordinator][INFO]Joined group 'kafka-python-default-group' (generation 2147) with member_id kafka-python-1.3.1-aa03aa55-5042-49d5-8c59-fd1d119a3f3d
[2016-09-14 15:05:38,584][kafka.coordinator][INFO]Successfully joined group kafka-python-default-group with generation 2147
[2016-09-14 15:05:38,584][kafka.consumer.subscription_state][INFO]Updated partition assignment: [TopicPartition(topic=u'spamtopic', partition=0)]
[2016-09-14 15:05:38,584][kafka.coordinator.consumer][INFO]Setting newly assigned partitions set([TopicPartition(topic=u'spamtopic', partition=0)]) for group kafka-python-default-group
[2016-09-14 15:05:41,593][kafka.coordinator][WARNING]Heartbeat failed for group kafka-python-default-group because it is rebalancing
[2016-09-14 15:05:41,593][kafka.coordinator][WARNING]Heartbeat failed ([Error 27] RebalanceInProgressError: ); retrying
[2016-09-14 15:05:41,694][kafka.coordinator][INFO]Skipping heartbeat: no auto-assignment or waiting on rebalance
[2016-09-14 15:05:42,095][kafka.coordinator.consumer][INFO]Revoking previously assigned partitions set([TopicPartition(topic=u'spamtopic', partition=0)]) for group kafka-python-default-group
[2016-09-14 15:05:42,095][kafka.coordinator][INFO](Re-)joining group kafka-python-default-group
[2016-09-14 15:05:42,102][kafka.coordinator][INFO]Joined group 'kafka-python-default-group' (generation 2148) with member_id kafka-python-1.3.1-aa03aa55-5042-49d5-8c59-fd1d119a3f3d
[2016-09-14 15:05:42,103][kafka.coordinator][INFO]Successfully joined group kafka-python-default-group with generation 2148
[2016-09-14 15:05:42,104][kafka.consumer.subscription_state][INFO]Updated partition assignment: [TopicPartition(topic=u'spamtopic', partition=0)]
[2016-09-14 15:05:42,104][kafka.coordinator.consumer][INFO]Setting newly assigned partitions set([TopicPartition(topic=u'spamtopic', partition=0)]) for group kafka-python-default-group
[2016-09-14 15:05:45,113][kafka.coordinator][WARNING]Heartbeat failed for group kafka-python-default-group because it is rebalancing
[2016-09-14 15:05:45,114][kafka.coordinator][WARNING]Heartbeat failed ([Error 27] RebalanceInProgressError: ); retrying
[2016-09-14 15:05:45,215][kafka.coordinator][INFO]Skipping heartbeat: no auto-assignment or waiting on rebalance
[2016-09-14 15:05:45,615][kafka.coordinator.consumer][INFO]Revoking previously assigned partitions set([TopicPartition(topic=u'spamtopic', partition=0)]) for group kafka-python-default-group
[2016-09-14 15:05:45,615][kafka.coordinator][INFO](Re-)joining group kafka-python-default-group
[2016-09-14 15:05:45,617][kafka.coordinator][INFO]Joined group 'kafka-python-default-group' (generation 2149) with member_id kafka-python-1.3.1-aa03aa55-5042-49d5-8c59-fd1d119a3f3d
[2016-09-14 15:05:45,619][kafka.coordinator][INFO]Successfully joined group kafka-python-default-group with generation 2149
[2016-09-14 15:05:45,619][kafka.consumer.subscription_state][INFO]Updated partition assignment: [TopicPartition(topic=u'spamtopic', partition=0)]
[2016-09-14 15:05:45,621][kafka.coordinator.consumer][INFO]Setting newly assigned partitions set([TopicPartition(topic=u'spamtopic', partition=0)]) for group kafka-python-default-group
[2016-09-14 15:05:48,627][kafka.coordinator][WARNING]Heartbeat failed for group kafka-python-default-group because it is rebalancing
[2016-09-14 15:05:48,628][kafka.coordinator][WARNING]Heartbeat failed ([Error 27] RebalanceInProgressError: ); retrying
[2016-09-14 15:05:48,729][kafka.coordinator][INFO]Skipping heartbeat: no auto-assignment or waiting on rebalance
[2016-09-14 15:05:49,130][kafka.coordinator.consumer][INFO]Revoking previously assigned partitions set([TopicPartition(topic=u'spamtopic', partition=0)]) for group kafka-python-default-group
[2016-09-14 15:05:49,130][kafka.coordinator][INFO](Re-)joining group kafka-python-default-group
[2016-09-14 15:05:49,133][kafka.coordinator][INFO]Joined group 'kafka-python-default-group' (generation 2150) with member_id kafka-python-1.3.1-aa03aa55-5042-49d5-8c59-fd1d119a3f3d
[2016-09-14 15:05:49,134][kafka.coordinator][INFO]Successfully joined group kafka-python-default-group with generation 2150
[2016-09-14 15:05:49,135][kafka.consumer.subscription_state][INFO]Updated partition assignment: [TopicPartition(topic=u'spamtopic', partition=0)]
[2016-09-14 15:05:49,135][kafka.coordinator.consumer][INFO]Setting newly assigned partitions set([TopicPartition(topic=u'spamtopic', partition=0)]) for group kafka-python-default-group
[2016-09-14 15:05:52,145][kafka.coordinator][WARNING]Heartbeat failed for group kafka-python-default-group because it is rebalancing
[2016-09-14 15:05:52,145][kafka.coordinator][WARNING]Heartbeat failed ([Error 27] RebalanceInProgressError: ); retrying
[2016-09-14 15:05:52,246][kafka.coordinator][INFO]Skipping heartbeat: no auto-assignment or waiting on rebalance
[2016-09-14 15:05:52,647][kafka.coordinator.consumer][INFO]Revoking previously assigned partitions set([TopicPartition(topic=u'spamtopic', partition=0)]) for group kafka-python-default-group
[2016-09-14 15:05:52,647][kafka.coordinator][INFO](Re-)joining group kafka-python-default-group
[2016-09-14 15:05:52,650][kafka.coordinator][INFO]Joined group 'kafka-python-default-group' (generation 2151) with member_id kafka-python-1.3.1-aa03aa55-5042-49d5-8c59-fd1d119a3f3d
[2016-09-14 15:05:52,652][kafka.coordinator][INFO]Successfully joined group kafka-python-default-group with generation 2151
[2016-09-14 15:05:52,652][kafka.consumer.subscription_state][INFO]Updated partition assignment: [TopicPartition(topic=u'spamtopic', partition=0)]
[2016-09-14 15:05:52,652][kafka.coordinator.consumer][INFO]Setting newly assigned partitions set([TopicPartition(topic=u'spamtopic', partition=0)]) for group kafka-python-default-group
[2016-09-14 15:05:55,660][kafka.coordinator][WARNING]Heartbeat failed for group kafka-python-default-group because it is rebalancing
[2016-09-14 15:05:55,660][kafka.coordinator][WARNING]Heartbeat failed ([Error 27] RebalanceInProgressError: ); retrying
[2016-09-14 15:05:55,762][kafka.coordinator][INFO]Skipping heartbeat: no auto-assignment or waiting on rebalance
[2016-09-14 15:05:56,162][kafka.coordinator.consumer][INFO]Revoking previously assigned partitions set([TopicPartition(topic=u'spamtopic', partition=0)]) for group kafka-python-default-group
[2016-09-14 15:05:56,162][kafka.coordinator][INFO](Re-)joining group kafka-python-default-group
[2016-09-14 15:05:56,164][kafka.coordinator][INFO]Joined group 'kafka-python-default-group' (generation 2152) with member_id kafka-python-1.3.1-aa03aa55-5042-49d5-8c59-fd1d119a3f3d
[2016-09-14 15:05:56,166][kafka.coordinator][INFO]Successfully joined group kafka-python-default-group with generation 2152
[2016-09-14 15:05:56,166][kafka.consumer.subscription_state][INFO]Updated partition assignment: [TopicPartition(topic=u'spamtopic', partition=0)]
[2016-09-14 15:05:56,166][kafka.coordinator.consumer][INFO]Setting newly assigned partitions set([TopicPartition(topic=u'spamtopic', partition=0)]) for group kafka-python-default-group
[2016-09-14 15:05:59,175][kafka.coordinator][WARNING]Heartbeat failed for group kafka-python-default-group because it is rebalancing
[2016-09-14 15:05:59,176][kafka.coordinator][WARNING]Heartbeat failed ([Error 27] RebalanceInProgressError: ); retrying
[2016-09-14 15:05:59,277][kafka.coordinator][INFO]Skipping heartbeat: no auto-assignment or waiting on rebalance
[2016-09-14 15:05:59,677][kafka.coordinator.consumer][INFO]Revoking previously assigned partitions set([TopicPartition(topic=u'spamtopic', partition=0)]) for group kafka-python-default-group
[2016-09-14 15:05:59,677][kafka.coordinator][INFO](Re-)joining group kafka-python-default-group
[2016-09-14 15:05:59,681][kafka.coordinator][INFO]Joined group 'kafka-python-default-group' (generation 2153) with member_id kafka-python-1.3.1-aa03aa55-5042-49d5-8c59-fd1d119a3f3d
[2016-09-14 15:05:59,682][kafka.coordinator][INFO]Successfully joined group kafka-python-default-group with generation 2153
[2016-09-14 15:05:59,682][kafka.consumer.subscription_state][INFO]Updated partition assignment: [TopicPartition(topic=u'spamtopic', partition=0)]
[2016-09-14 15:05:59,683][kafka.coordinator.consumer][INFO]Setting newly assigned partitions set([TopicPartition(topic=u'spamtopic', partition=0)]) for group kafka-python-default-group
[2016-09-14 15:06:02,691][kafka.coordinator][WARNING]Heartbeat failed for group kafka-python-default-group because it is rebalancing
[2016-09-14 15:06:02,692][kafka.coordinator][WARNING]Heartbeat failed ([Error 27] RebalanceInProgressError: ); retrying
[2016-09-14 15:06:02,793][kafka.coordinator][INFO]Skipping heartbeat: no auto-assignment or waiting on rebalance
[2016-09-14 15:06:03,193][kafka.coordinator.consumer][INFO]Revoking previously assigned partitions set([TopicPartition(topic=u'spamtopic', partition=0)]) for group kafka-python-default-group
[2016-09-14 15:06:03,193][kafka.coordinator][INFO](Re-)joining group kafka-python-default-group
[2016-09-14 15:06:03,193][kafka.coordinator][INFO]Joined group 'kafka-python-default-group' (generation 2154) with member_id kafka-python-1.3.1-aa03aa55-5042-49d5-8c59-fd1d119a3f3d
[2016-09-14 15:06:03,195][kafka.coordinator][INFO]Successfully joined group kafka-python-default-group with generation 2154
[2016-09-14 15:06:03,195][kafka.consumer.subscription_state][INFO]Updated partition assignment: [TopicPartition(topic=u'spamtopic', partition=0)]
[2016-09-14 15:06:03,195][kafka.coordinator.consumer][INFO]Setting newly assigned partitions set([TopicPartition(topic=u'spamtopic', partition=0)]) for group kafka-python-default-group
[2016-09-14 15:06:06,204][kafka.coordinator][WARNING]Heartbeat failed for group kafka-python-default-group because it is rebalancing
[2016-09-14 15:06:06,205][kafka.coordinator][WARNING]Heartbeat failed ([Error 27] RebalanceInProgressError: ); retrying
[2016-09-14 15:06:06,306][kafka.coordinator][INFO]Skipping heartbeat: no auto-assignment or waiting on rebalance
[2016-09-14 15:06:06,706][kafka.coordinator.consumer][INFO]Revoking previously assigned partitions set([TopicPartition(topic=u'spamtopic', partition=0)]) for group kafka-python-default-group
[2016-09-14 15:06:06,707][kafka.coordinator][INFO](Re-)joining group kafka-python-default-group
[2016-09-14 15:06:06,708][kafka.coordinator][INFO]Joined group 'kafka-python-default-group' (generation 2155) with member_id kafka-python-1.3.1-aa03aa55-5042-49d5-8c59-fd1d119a3f3d
[2016-09-14 15:06:06,710][kafka.coordinator][INFO]Successfully joined group kafka-python-default-group with generation 2155
[2016-09-14 15:06:06,711][kafka.consumer.subscription_state][INFO]Updated partition assignment: [TopicPartition(topic=u'spamtopic', partition=0)]
[2016-09-14 15:06:06,711][kafka.coordinator.consumer][INFO]Setting newly assigned partitions set([TopicPartition(topic=u'spamtopic', partition=0)]) for group kafka-python-default-group
[2016-09-14 15:06:09,718][kafka.coordinator][WARNING]Heartbeat failed for group kafka-python-default-group because it is rebalancing
[2016-09-14 15:06:09,718][kafka.coordinator][WARNING]Heartbeat failed ([Error 27] RebalanceInProgressError: ); retrying
[2016-09-14 15:06:09,819][kafka.coordinator][INFO]Skipping heartbeat: no auto-assignment or waiting on rebalance
[2016-09-14 15:06:10,220][kafka.coordinator.consumer][INFO]Revoking previously assigned partitions set([TopicPartition(topic=u'spamtopic', partition=0)]) for group kafka-python-default-group
[2016-09-14 15:06:10,221][kafka.coordinator][INFO](Re-)joining group kafka-python-default-group
[2016-09-14 15:06:10,222][kafka.coordinator][INFO]Joined group 'kafka-python-default-group' (generation 2156) with member_id kafka-python-1.3.1-aa03aa55-5042-49d5-8c59-fd1d119a3f3d
[2016-09-14 15:06:10,225][kafka.coordinator][INFO]Successfully joined group kafka-python-default-group with generation 2156
[2016-09-14 15:06:10,225][kafka.consumer.subscription_state][INFO]Updated partition assignment: [TopicPartition(topic=u'spamtopic', partition=0)]
[2016-09-14 15:06:10,225][kafka.coordinator.consumer][INFO]Setting newly assigned partitions set([TopicPartition(topic=u'spamtopic', partition=0)]) for group kafka-python-default-group
[2016-09-14 15:06:13,236][kafka.coordinator][WARNING]Heartbeat failed for group kafka-python-default-group because it is rebalancing
[2016-09-14 15:06:13,236][kafka.coordinator][WARNING]Heartbeat failed ([Error 27] RebalanceInProgressError: ); retrying
[2016-09-14 15:06:13,337][kafka.coordinator][INFO]Skipping heartbeat: no auto-assignment or waiting on rebalance
[2016-09-14 15:06:13,737][kafka.coordinator.consumer][INFO]Revoking previously assigned partitions set([TopicPartition(topic=u'spamtopic', partition=0)]) for group kafka-python-default-group
[2016-09-14 15:06:13,737][kafka.coordinator][INFO](Re-)joining group kafka-python-default-group
[2016-09-14 15:06:13,738][kafka.coordinator][INFO]Joined group 'kafka-python-default-group' (generation 2157) with member_id kafka-python-1.3.1-aa03aa55-5042-49d5-8c59-fd1d119a3f3d
[2016-09-14 15:06:13,740][kafka.coordinator][INFO]Successfully joined group kafka-python-default-group with generation 2157
[2016-09-14 15:06:13,740][kafka.consumer.subscription_state][INFO]Updated partition assignment: [TopicPartition(topic=u'spamtopic', partition=0)]
[2016-09-14 15:06:13,740][kafka.coordinator.consumer][INFO]Setting newly assigned partitions set([TopicPartition(topic=u'spamtopic', partition=0)]) for group kafka-python-default-group
[2016-09-14 15:06:16,750][kafka.coordinator][WARNING]Heartbeat failed for group kafka-python-default-group because it is rebalancing
[2016-09-14 15:06:16,750][kafka.coordinator][WARNING]Heartbeat failed ([Error 27] RebalanceInProgressError: ); retrying
[2016-09-14 15:06:16,851][kafka.coordinator][INFO]Skipping heartbeat: no auto-assignment or waiting on rebalance
[2016-09-14 15:06:17,252][kafka.coordinator.consumer][INFO]Revoking previously assigned partitions set([TopicPartition(topic=u'spamtopic', partition=0)]) for group kafka-python-default-group
[2016-09-14 15:06:17,252][kafka.coordinator][INFO](Re-)joining group kafka-python-default-group
[2016-09-14 15:06:17,254][kafka.coordinator][INFO]Joined group 'kafka-python-default-group' (generation 2158) with member_id kafka-python-1.3.1-aa03aa55-5042-49d5-8c59-fd1d119a3f3d
[2016-09-14 15:06:17,258][kafka.coordinator][INFO]Successfully joined group kafka-python-default-group with generation 2158
[2016-09-14 15:06:17,258][kafka.consumer.subscription_state][INFO]Updated partition assignment: [TopicPartition(topic=u'spamtopic', partition=0)]
[2016-09-14 15:06:17,258][kafka.coordinator.consumer][INFO]Setting newly assigned partitions set([TopicPartition(topic=u'spamtopic', partition=0)]) for group kafka-python-default-group
[2016-09-14 15:06:20,269][kafka.coordinator][WARNING]Heartbeat failed for group kafka-python-default-group because it is rebalancing
[2016-09-14 15:06:20,269][kafka.coordinator][WARNING]Heartbeat failed ([Error 27] RebalanceInProgressError: ); retrying
[2016-09-14 15:06:20,370][kafka.coordinator][INFO]Skipping heartbeat: no auto-assignment or waiting on rebalance
[2016-09-14 15:06:20,771][kafka.coordinator.consumer][INFO]Revoking previously assigned partitions set([TopicPartition(topic=u'spamtopic', partition=0)]) for group kafka-python-default-group
[2016-09-14 15:06:20,771][kafka.coordinator][INFO](Re-)joining group kafka-python-default-group
[2016-09-14 15:06:20,772][kafka.coordinator][INFO]Joined group 'kafka-python-default-group' (generation 2159) with member_id kafka-python-1.3.1-aa03aa55-5042-49d5-8c59-fd1d119a3f3d
[2016-09-14 15:06:20,774][kafka.coordinator][INFO]Successfully joined group kafka-python-default-group with generation 2159
[2016-09-14 15:06:20,775][kafka.consumer.subscription_state][INFO]Updated partition assignment: [TopicPartition(topic=u'spamtopic', partition=0)]
[2016-09-14 15:06:20,775][kafka.coordinator.consumer][INFO]Setting newly assigned partitions set([TopicPartition(topic=u'spamtopic', partition=0)]) for group kafka-python-default-group
[2016-09-14 15:06:23,790][kafka.coordinator][WARNING]Heartbeat failed for group kafka-python-default-group because it is rebalancing
[2016-09-14 15:06:23,790][kafka.coordinator][WARNING]Heartbeat failed ([Error 27] RebalanceInProgressError: ); retrying
[2016-09-14 15:06:23,891][kafka.coordinator][INFO]Skipping heartbeat: no auto-assignment or waiting on rebalance
[2016-09-14 15:06:24,291][kafka.coordinator.consumer][INFO]Revoking previously assigned partitions set([TopicPartition(topic=u'spamtopic', partition=0)]) for group kafka-python-default-group
[2016-09-14 15:06:24,291][kafka.coordinator][INFO](Re-)joining group kafka-python-default-group
[2016-09-14 15:06:24,293][kafka.coordinator][INFO]Joined group 'kafka-python-default-group' (generation 2160) with member_id kafka-python-1.3.1-aa03aa55-5042-49d5-8c59-fd1d119a3f3d
[2016-09-14 15:06:24,296][kafka.coordinator][INFO]Successfully joined group kafka-python-default-group with generation 2160
[2016-09-14 15:06:24,297][kafka.consumer.subscription_state][INFO]Updated partition assignment: [TopicPartition(topic=u'spamtopic', partition=0)]
[2016-09-14 15:06:24,297][kafka.coordinator.consumer][INFO]Setting newly assigned partitions set([TopicPartition(topic=u'spamtopic', partition=0)]) for group kafka-python-default-group
[2016-09-14 15:06:27,308][kafka.coordinator][WARNING]Heartbeat failed for group kafka-python-default-group because it is rebalancing
[2016-09-14 15:06:27,308][kafka.coordinator][WARNING]Heartbeat failed ([Error 27] RebalanceInProgressError: ); retrying
[2016-09-14 15:06:27,409][kafka.coordinator][INFO]Skipping heartbeat: no auto-assignment or waiting on rebalance
[2016-09-14 15:06:27,810][kafka.coordinator.consumer][INFO]Revoking previously assigned partitions set([TopicPartition(topic=u'spamtopic', partition=0)]) for group kafka-python-default-group
[2016-09-14 15:06:27,810][kafka.coordinator][INFO](Re-)joining group kafka-python-default-group
[2016-09-14 15:06:27,811][kafka.coordinator][INFO]Joined group 'kafka-python-default-group' (generation 2161) with member_id kafka-python-1.3.1-aa03aa55-5042-49d5-8c59-fd1d119a3f3d
[2016-09-14 15:06:27,815][kafka.coordinator][INFO]Successfully joined group kafka-python-default-group with generation 2161
[2016-09-14 15:06:27,815][kafka.consumer.subscription_state][INFO]Updated partition assignment: [TopicPartition(topic=u'spamtopic', partition=0)]
[2016-09-14 15:06:27,815][kafka.coordinator.consumer][INFO]Setting newly assigned partitions set([TopicPartition(topic=u'spamtopic', partition=0)]) for group kafka-python-default-group
[2016-09-14 15:06:30,825][kafka.coordinator][WARNING]Heartbeat failed for group kafka-python-default-group because it is rebalancing
[2016-09-14 15:06:30,825][kafka.coordinator][WARNING]Heartbeat failed ([Error 27] RebalanceInProgressError: ); retrying
[2016-09-14 15:06:30,926][kafka.coordinator][INFO]Skipping heartbeat: no auto-assignment or waiting on rebalance
[2016-09-14 15:06:31,326][kafka.coordinator.consumer][INFO]Revoking previously assigned partitions set([TopicPartition(topic=u'spamtopic', partition=0)]) for group kafka-python-default-group
[2016-09-14 15:06:31,326][kafka.coordinator][INFO](Re-)joining group kafka-python-default-group
[2016-09-14 15:06:31,333][kafka.coordinator][INFO]Joined group 'kafka-python-default-group' (generation 2162) with member_id kafka-python-1.3.1-aa03aa55-5042-49d5-8c59-fd1d119a3f3d
[2016-09-14 15:06:31,333][kafka.coordinator][INFO]Successfully joined group kafka-python-default-group with generation 2162
[2016-09-14 15:06:31,334][kafka.consumer.subscription_state][INFO]Updated partition assignment: [TopicPartition(topic=u'spamtopic', partition=0)]
[2016-09-14 15:06:31,334][kafka.coordinator.consumer][INFO]Setting newly assigned partitions set([TopicPartition(topic=u'spamtopic', partition=0)]) for group kafka-python-default-group
[2016-09-14 15:06:34,342][kafka.coordinator][WARNING]Heartbeat failed for group kafka-python-default-group because it is rebalancing
[2016-09-14 15:06:34,342][kafka.coordinator][WARNING]Heartbeat failed ([Error 27] RebalanceInProgressError: ); retrying
[2016-09-14 15:06:34,443][kafka.coordinator][INFO]Skipping heartbeat: no auto-assignment or waiting on rebalance
[2016-09-14 15:06:34,845][kafka.coordinator.consumer][INFO]Revoking previously assigned partitions set([TopicPartition(topic=u'spamtopic', partition=0)]) for group kafka-python-default-group
[2016-09-14 15:06:34,845][kafka.coordinator][INFO](Re-)joining group kafka-python-default-group
[2016-09-14 15:06:34,850][kafka.coordinator][INFO]Joined group 'kafka-python-default-group' (generation 2163) with member_id kafka-python-1.3.1-aa03aa55-5042-49d5-8c59-fd1d119a3f3d
[2016-09-14 15:06:34,853][kafka.coordinator][INFO]Successfully joined group kafka-python-default-group with generation 2163
[2016-09-14 15:06:34,853][kafka.consumer.subscription_state][INFO]Updated partition assignment: [TopicPartition(topic=u'spamtopic', partition=0)]
[2016-09-14 15:06:34,853][kafka.coordinator.consumer][INFO]Setting newly assigned partitions set([TopicPartition(topic=u'spamtopic', partition=0)]) for group kafka-python-default-group
[2016-09-14 15:06:37,861][kafka.coordinator][WARNING]Heartbeat failed for group kafka-python-default-group because it is rebalancing
[2016-09-14 15:06:37,861][kafka.coordinator][WARNING]Heartbeat failed ([Error 27] RebalanceInProgressError: ); retrying
[2016-09-14 15:06:37,963][kafka.coordinator][INFO]Skipping heartbeat: no auto-assignment or waiting on rebalance
[2016-09-14 15:06:38,363][kafka.coordinator.consumer][INFO]Revoking previously assigned partitions set([TopicPartition(topic=u'spamtopic', partition=0)]) for group kafka-python-default-group
[2016-09-14 15:06:38,364][kafka.coordinator][INFO](Re-)joining group kafka-python-default-group
[2016-09-14 15:06:38,365][kafka.coordinator][INFO]Joined group 'kafka-python-default-group' (generation 2164) with member_id kafka-python-1.3.1-aa03aa55-5042-49d5-8c59-fd1d119a3f3d
[2016-09-14 15:06:38,367][kafka.coordinator][INFO]Successfully joined group kafka-python-default-group with generation 2164
[2016-09-14 15:06:38,368][kafka.consumer.subscription_state][INFO]Updated partition assignment: [TopicPartition(topic=u'spamtopic', partition=0)]
[2016-09-14 15:06:38,368][kafka.coordinator.consumer][INFO]Setting newly assigned partitions set([TopicPartition(topic=u'spamtopic', partition=0)]) for group kafka-python-default-group
