Beginning task setup

/usr/bin/flock
Using existing venv: /tmp/petrel-spam-5-1473800596/venv
Task setup took 0 seconds
Launching: python -m petrel.run kafkaconsumer /home/pipe/topology/TopologyTweetTransformationSPAM/petrel21013_kafkaconsumer.log
/usr/local/lib/python2.7/dist-packages/petrel-1.0.1.0.3-py2.7.egg/petrel/run.py invoked with the following arguments: ['kafkaconsumer', '/home/pipe/topology/TopologyTweetTransformationSPAM/petrel21013_kafkaconsumer.log']
python version: 2.7.12
user=root
PATH=/tmp/petrel-spam-5-1473800596/venv/bin:/usr/local/sbin:/usr/local/bin:/usr/sbin:/usr/bin:/sbin:/bin:/snap/bin
LD_LIBRARY_PATH=/home/apache-storm-1.0.1/data/supervisor/stormdist/spam-5-1473800596/resources/Linux-amd64:/home/apache-storm-1.0.1/data/supervisor/stormdist/spam-5-1473800596/resources:/usr/local/lib:/opt/local/lib:/usr/lib
PYTHON_EGG_CACHE=/tmp/petrel-spam-5-1473800596/egg_cache
[2016-09-14 10:27:24,086][storm][INFO]Tuple profiling enabled. Will log tuple processing times.
[2016-09-14 10:27:24,380][storm][INFO]Task received setupInfo from Storm: {'pidDir': '/home/apache-storm-1.0.1/data/workers/a0b84b53-4803-4222-9369-94e844cad248/pids', 'conf': {'storm.group.mapping.service.params': None, 'topology.tuple.serializer': 'org.apache.storm.serialization.types.ListDelegateSerializer', 'topology.workers': 1, 'drpc.worker.threads': 64, 'ui.filter.params': None, 'transactional.zookeeper.root': '/transactional', 'logviewer.cleanup.age.mins': 10080, 'worker.profiler.command': 'flight.bash', 'topology.executor.send.buffer.size': 1024, 'nimbus.file.copy.expiration.secs': 600, 'oauth.acess_token': ' 702208758362087425-HZiyl1x7Bh98cQa1WLBDYylyu10Bpl7', 'drpc.childopts': '-Xmx768m', 'nimbus.thrift.port': 6627, 'topology.disruptor.wait.timeout.millis': 1000, 'storm.zookeeper.retry.intervalceiling.millis': 30000, 'storm.local.dir': '/home/apache-storm-1.0.1/data', 'storm.auth.simple-acl.users': [], 'drpc.invocations.threads': 64, 'storm.zookeeper.superACL': None, 'storm.cluster.state.store': 'org.apache.storm.cluster_state.zookeeper_state_factory', 'storm.codedistributor.class': 'org.apache.storm.codedistributor.LocalFileSystemCodeDistributor', 'drpc.https.keystore.password': '', 'supervisor.blobstore.download.max_retries': 3, 'pacemaker.kerberos.users': [], 'storm.messaging.netty.client_worker_threads': 1, 'oauth.consumer_secret': 'ADf76fi3O1lKMzBxWnjqf93l3GHv28uar3bkblkvyBrAyoA23i', 'topology.component.resources.offheap.memory.mb': 0.0, 'supervisor.heartbeat.frequency.secs': 5, 'storm.group.mapping.service.cache.duration.secs': 120, 'storm.group.mapping.service': 'org.apache.storm.security.auth.ShellBasedGroupsMapping', 'storm.workers.artifacts.dir': 'workers-artifacts', 'drpc.request.timeout.secs': 600, 'pacemaker.childopts': '-Xmx1024m', 'nimbus.seeds': ['localhost'], 'topology.shellbolt.max.pending': 100, 'topology.min.replication.count': 1, 'topology.skip.missing.kryo.registrations': False, 'worker.heartbeat.frequency.secs': 1, 'storm.auth.simple-acl.users.commands': [], 'storm.zookepeer.port': 2181, 'zmq.hwm': 0, 'topology.worker.shared.thread.pool.size': 4, 'storm.zookeeper.connection.timeout': 15000, 'java.library.path': '/usr/local/lib:/opt/local/lib:/usr/lib', 'logviewer.max.sum.worker.logs.size.mb': 4096, 'task.refresh.poll.secs': 10, 'topology.max.error.report.per.interval': 5, 'topology.worker.logwriter.childopts': '-Xmx64m', 'ui.actions.enabled': True, 'storm.health.check.timeout.ms': 5000, 'topology.scheduler.strategy': 'org.apache.storm.scheduler.resource.strategies.scheduling.DefaultResourceAwareStrategy', 'ui.host': '0.0.0.0', 'storm.messaging.netty.server_worker_threads': 1, 'topology.disruptor.batch.size': 100, 'storm.id': 'spam-5-1473800596', 'supervisor.worker.start.timeout.secs': 120, 'zmq.threads': 1, 'topology.acker.executors': None, 'pacemaker.thread.timeout': 10, 'storm.local.mode.zmq': False, 'topology.eventlogger.executors': 0, 'topology.tick.tuple.freq.secs': 30, 'supervisor.memory.capacity.mb': 3072.0, 'supervisor.worker.shutdown.sleep.secs': 1, 'pacemaker.base.threads': 10, 'drpc.http.creds.plugin': 'org.apache.storm.security.auth.DefaultHttpCredentialsPlugin', 'storm.zookeeper.servers': ['localhost'], 'supervisor.localizer.cache.target.size.mb': 10240, 'storm.messaging.netty.transfer.batch.size': 262144, 'resource.aware.scheduler.eviction.strategy': 'org.apache.storm.scheduler.resource.strategies.eviction.DefaultEvictionStrategy', 'topology.environment': None, 'storm.zookeeper.port': 2181, 'storm.auth.simple-acl.admins': [], 'pacemaker.host': 'localhost', 'nimbus.childopts': '-Xmx1024m', 'storm.principal.tolocal': 'org.apache.storm.security.auth.DefaultPrincipalToLocal', 'storm.nimbus.retry.times': 5, 'topology.classpath': None, 'drpc.authorizer.acl.filename': 'drpc-auth-acl.yaml', 'topology.bolts.outgoing.overflow.buffer.enable': False, 'nimbus.credential.renewers.freq.secs': 600, 'worker.childopts': '-Xmx%HEAP-MEM%m -XX:+PrintGCDetails -Xloggc:artifacts/gc.log -XX:+PrintGCDateStamps -XX:+PrintGCTimeStamps -XX:+UseGCLogFileRotation -XX:NumberOfGCLogFiles=10 -XX:GCLogFileSize=1M -XX:+HeapDumpOnOutOfMemoryError -XX:HeapDumpPath=artifacts/heapdump', 'drpc.queue.size': 128, 'supervisor.blobstore.class': 'org.apache.storm.blobstore.NimbusBlobStore', 'topology.multilang.serializer': 'org.apache.storm.multilang.JsonSerializer', 'storm.zookeeper.retry.times': 5, 'topology.disable.loadaware': False, 'supervisor.run.worker.as.user': False, 'storm.blobstore.replication.factor': 3, 'worker.profiler.childopts': '-XX:+UnlockCommercialFeatures -XX:+FlightRecorder', 'nimbus.thrift.threads': 64, 'nimbus.monitor.freq.secs': 10, 'storm.blobstore.inputstream.buffer.size.bytes': 65536, 'dev.zookeeper.path': '/tmp/dev-storm-zookeeper', 'topology.users': [], 'storm.daemon.metrics.reporter.plugins': ['org.apache.storm.daemon.metrics.reporters.JmxPreparableReporter'], 'storm.exhibitor.poll.uripath': '/exhibitor/v1/cluster/list', 'pacemaker.max.threads': 50, 'drpc.https.keystore.type': 'JKS', 'topology.tasks': None, 'storm.zookeeper.root': '/storm', 'logviewer.childopts': '-Xmx128m', 'topology.max.replication.wait.time.sec': 60, 'worker.gc.childopts': '', 'backpressure.disruptor.low.watermark': 0.4, 'storm.meta.serialization.delegate': 'org.apache.storm.serialization.GzipThriftSerializationDelegate', 'transactional.zookeeper.port': None, 'drpc.max_buffer_size': 1048576, 'topology.worker.childopts': None, 'storm.auth.simple-white-list.users': [], 'topology.max.spout.pending': None, 'nimbus.topology.validator': 'org.apache.storm.nimbus.DefaultTopologyValidator', 'topology.kryo.register': None, 'petrel.host': 'localhost', 'client.blobstore.class': 'org.apache.storm.blobstore.NimbusBlobStore', 'nimbus.cleanup.inbox.freq.secs': 600, 'storm.nimbus.retry.intervalceiling.millis': 60000, 'storm.network.topography.plugin': 'org.apache.storm.networktopography.DefaultRackDNSToSwitchMapping', 'storm.messaging.netty.min_wait_ms': 100, 'nimbus.task.timeout.secs': 30, 'topology.disruptor.batch.timeout.millis': 1, 'topology.state.checkpoint.interval.ms': 1000, 'ui.header.buffer.bytes': 4096, 'nimbus.thrift.max_buffer_size': 1048576, 'ui.http.creds.plugin': 'org.apache.storm.security.auth.DefaultHttpCredentialsPlugin', 'topology.sleep.spout.wait.strategy.time.ms': 1, 'nimbus.blobstore.expiration.secs': 600, 'storm.cluster.mode': 'distributed', 'storm.messaging.netty.socket.backlog': 500, 'worker.profiler.enabled': False, 'nimbus.queue.size': 100000, 'logviewer.appender.name': 'A1', 'drpc.authorizer.acl.strict': False, 'ui.port': 8080, 'supervisor.slots.ports': [6700, 6701, 6702, 6703], 'worker.log.level.reset.poll.secs': 30, 'storm.nimbus.retry.interval.millis': 2000, 'drpc.invocations.port': 3773, 'supervisor.monitor.frequency.secs': 3, 'ui.childopts': '-Xmx768m', 'transactional.zookeeper.servers': None, 'storm.log4j2.conf.dir': 'log4j2', 'supervisor.supervisors': [], 'zmq.linger.millis': 5000, 'topology.error.throttle.interval.secs': 10, 'storm.health.check.dir': 'healthchecks', 'topology.executor.receive.buffer.size': 1024, 'nimbus.impersonation.authorizer': 'org.apache.storm.security.auth.authorizer.ImpersonationAuthorizer', 'topology.submitter.principal': '', 'topology.worker.max.heap.size.mb': 768.0, 'topology.spout.wait.strategy': 'org.apache.storm.spout.SleepSpoutWaitStrategy', 'task.heartbeat.frequency.secs': 3, 'topology.transfer.buffer.size': 1024, 'storm.zookeeper.session.timeout': 20000, 'topology.testing.always.try.serialize': False, 'nimbus.blobstore.class': 'org.apache.storm.blobstore.LocalFsBlobStore', 'topology.stats.sample.rate': 0.05, 'topology.fall.back.on.java.serialization': True, 'storm.exhibitor.port': 8080, 'storm.zookeeper.auth.password': None, 'supervisor.childopts': '-Xmx256m', 'topology.backpressure.enable': True, 'pacemaker.port': 6699, 'topology.enable.message.timeouts': True, 'nimbus.code.sync.freq.secs': 120, 'backpressure.disruptor.high.watermark': 0.9, 'storm.messaging.netty.max_wait_ms': 1000, 'topology.worker.receiver.thread.count': 1, 'topology.component.resources.onheap.memory.mb': 128.0, 'resource.aware.scheduler.priority.strategy': 'org.apache.storm.scheduler.resource.strategies.priority.DefaultSchedulingPriorityStrategy', 'nimbus.supervisor.timeout.secs': 60, 'pacemaker.auth.method': 'NONE', 'drpc.https.port': -1, 'nimbus.inbox.jar.expiration.secs': 3600, 'scheduler.display.resource': False, 'topology.kryo.factory': 'org.apache.storm.serialization.DefaultKryoFactory', 'storm.zookeeper.retry.interval': 1000, 'supervisor.supervisors.commands': [], 'supervisor.localizer.cleanup.interval.ms': 600000, 'storm.messaging.netty.max_retries': 300, 'task.credentials.poll.secs': 30, 'drpc.http.port': 3774, 'storm.messaging.transport': 'org.apache.storm.messaging.netty.Context', 'supervisor.enable': True, 'nimbus.task.launch.secs': 120, 'supervisor.blobstore.download.thread.count': 5, 'topology.message.timeout.secs': 30, 'oauth.acess_token_secret': 'IiNOTfgE3tEZvW2HDQhRKPMoOLU43NXJCXk8maj51SdAT', 'storm.messaging.netty.authentication': False, 'petrel.user': 'pipe', 'drpc.port': 3772, 'storm.messaging.netty.buffer_size': 5242880, 'topology.state.synchronization.timeout.secs': 60, 'worker.heap.memory.mb': 768, 'topology.name': 'spam', 'topology.priority': 29, 'supervisor.worker.timeout.secs': 30, 'ui.filter': None, 'topology.trident.batch.emit.interval.millis': 500, 'topology.max.task.parallelism': None, 'supervisor.cpu.capacity': 400.0, 'topology.submitter.user': 'root', 'logviewer.max.per.worker.logs.size.mb': 2048, 'nimbus.host': 'localhost', 'topology.builtin.metrics.bucket.size.secs': 60, 'topology.component.cpu.pcore.percent': 10.0, 'ui.users': None, 'storm.thrift.transport': 'org.apache.storm.security.auth.SimpleTransportPlugin', 'logs.users': None, 'logviewer.port': 8000, 'oauth.consumer_key': 'eaFmBSxUveRJfmyZYeabti9Q9', 'topology.kryo.decorators': [], 'topology.debug': False, 'storm.zookeeper.auth.user': None}, 'context': {'task->component': {'11': '__acker', '10': 'WordDivider', '1': 'CountThreeWords', '3': 'CountTwoWords', '2': 'CountThreeWords', '5': 'CountWord', '4': 'CountTwoWords', '7': 'KafkaConsumer', '6': 'CountWord', '9': 'TwoWordDivider', '8': 'ThreeWordDivider'}, 'stream->target->grouping': {'default': {'WordDivider': {'type': 'SHUFFLE'}, 'ThreeWordDivider': {'type': 'SHUFFLE'}, 'TwoWordDivider': {'type': 'SHUFFLE'}}}, 'source->stream->fields': {}, 'streams': ['default'], 'stream->outputfields': {'default': ['sentence', 'user']}, 'taskid': 7, 'source->stream->grouping': {}, 'componentid': 'KafkaConsumer'}}
[2016-09-14 10:27:24,384][storm][INFO]Task sent pid to Storm
[2016-09-14 10:27:24,491][kafka.conn][INFO]Broker version identifed as 0.10
[2016-09-14 10:27:24,492][kafka.conn][INFO]Set configuration api_version=(0, 10) to skip auto check_version requests on startup
[2016-09-14 10:27:24,512][kafka.consumer.subscription_state][INFO]Updating subscribed topics to: ['spamtopic']
[2016-09-14 10:27:24,513][kafka.cluster][INFO]Group coordinator for kafka-python-default-group is BrokerMetadata(nodeId=0, host=u'localhost', port=9092, rack=None)
[2016-09-14 10:27:24,513][kafka.coordinator][INFO]Discovered coordinator 0 for group kafka-python-default-group
[2016-09-14 10:27:24,514][kafka.coordinator.consumer][INFO]Revoking previously assigned partitions set([]) for group kafka-python-default-group
[2016-09-14 10:27:24,514][kafka.coordinator][INFO](Re-)joining group kafka-python-default-group
[2016-09-14 10:27:47,471][kafka.coordinator][INFO]Joined group 'kafka-python-default-group' (generation 1572) with member_id kafka-python-1.3.1-2ddac0ab-4984-48d0-a2e5-732ab1339b95
[2016-09-14 10:27:47,473][kafka.coordinator][INFO]Successfully joined group kafka-python-default-group with generation 1572
[2016-09-14 10:27:47,473][kafka.consumer.subscription_state][INFO]Updated partition assignment: [TopicPartition(topic=u'spamtopic', partition=0)]
[2016-09-14 10:27:47,474][kafka.coordinator.consumer][INFO]Setting newly assigned partitions set([TopicPartition(topic=u'spamtopic', partition=0)]) for group kafka-python-default-group
[2016-09-14 10:27:50,482][kafka.coordinator][WARNING]Heartbeat failed for group kafka-python-default-group because it is rebalancing
[2016-09-14 10:27:50,483][kafka.coordinator][WARNING]Heartbeat failed ([Error 27] RebalanceInProgressError: ); retrying
[2016-09-14 10:27:50,584][kafka.coordinator][INFO]Skipping heartbeat: no auto-assignment or waiting on rebalance
[2016-09-14 10:27:50,984][kafka.coordinator.consumer][INFO]Revoking previously assigned partitions set([TopicPartition(topic=u'spamtopic', partition=0)]) for group kafka-python-default-group
[2016-09-14 10:27:50,984][kafka.coordinator][INFO](Re-)joining group kafka-python-default-group
[2016-09-14 10:27:51,108][kafka.coordinator][INFO]Joined group 'kafka-python-default-group' (generation 1573) with member_id kafka-python-1.3.1-2ddac0ab-4984-48d0-a2e5-732ab1339b95
[2016-09-14 10:27:51,110][kafka.coordinator][INFO]Successfully joined group kafka-python-default-group with generation 1573
[2016-09-14 10:27:51,110][kafka.consumer.subscription_state][INFO]Updated partition assignment: [TopicPartition(topic=u'spamtopic', partition=0)]
[2016-09-14 10:27:51,111][kafka.coordinator.consumer][INFO]Setting newly assigned partitions set([TopicPartition(topic=u'spamtopic', partition=0)]) for group kafka-python-default-group
[2016-09-14 10:27:54,119][kafka.coordinator][WARNING]Heartbeat failed for group kafka-python-default-group because it is rebalancing
[2016-09-14 10:27:54,119][kafka.coordinator][WARNING]Heartbeat failed ([Error 27] RebalanceInProgressError: ); retrying
[2016-09-14 10:27:54,220][kafka.coordinator][INFO]Skipping heartbeat: no auto-assignment or waiting on rebalance
[2016-09-14 10:27:54,620][kafka.coordinator.consumer][INFO]Revoking previously assigned partitions set([TopicPartition(topic=u'spamtopic', partition=0)]) for group kafka-python-default-group
[2016-09-14 10:27:54,621][kafka.coordinator][INFO](Re-)joining group kafka-python-default-group
[2016-09-14 10:27:54,879][kafka.coordinator][INFO]Joined group 'kafka-python-default-group' (generation 1574) with member_id kafka-python-1.3.1-2ddac0ab-4984-48d0-a2e5-732ab1339b95
[2016-09-14 10:27:54,882][kafka.coordinator][INFO]Successfully joined group kafka-python-default-group with generation 1574
[2016-09-14 10:27:54,882][kafka.consumer.subscription_state][INFO]Updated partition assignment: [TopicPartition(topic=u'spamtopic', partition=0)]
[2016-09-14 10:27:54,882][kafka.coordinator.consumer][INFO]Setting newly assigned partitions set([TopicPartition(topic=u'spamtopic', partition=0)]) for group kafka-python-default-group
[2016-09-14 10:27:57,891][kafka.coordinator][WARNING]Heartbeat failed for group kafka-python-default-group because it is rebalancing
[2016-09-14 10:27:57,891][kafka.coordinator][WARNING]Heartbeat failed ([Error 27] RebalanceInProgressError: ); retrying
[2016-09-14 10:27:57,992][kafka.coordinator][INFO]Skipping heartbeat: no auto-assignment or waiting on rebalance
[2016-09-14 10:27:58,393][kafka.coordinator.consumer][INFO]Revoking previously assigned partitions set([TopicPartition(topic=u'spamtopic', partition=0)]) for group kafka-python-default-group
[2016-09-14 10:27:58,394][kafka.coordinator][INFO](Re-)joining group kafka-python-default-group
[2016-09-14 10:27:58,396][kafka.coordinator][INFO]Joined group 'kafka-python-default-group' (generation 1575) with member_id kafka-python-1.3.1-2ddac0ab-4984-48d0-a2e5-732ab1339b95
[2016-09-14 10:27:58,398][kafka.coordinator][INFO]Successfully joined group kafka-python-default-group with generation 1575
[2016-09-14 10:27:58,399][kafka.consumer.subscription_state][INFO]Updated partition assignment: [TopicPartition(topic=u'spamtopic', partition=0)]
[2016-09-14 10:27:58,399][kafka.coordinator.consumer][INFO]Setting newly assigned partitions set([TopicPartition(topic=u'spamtopic', partition=0)]) for group kafka-python-default-group
[2016-09-14 10:28:01,408][kafka.coordinator][WARNING]Heartbeat failed for group kafka-python-default-group because it is rebalancing
[2016-09-14 10:28:01,409][kafka.coordinator][WARNING]Heartbeat failed ([Error 27] RebalanceInProgressError: ); retrying
[2016-09-14 10:28:01,510][kafka.coordinator][INFO]Skipping heartbeat: no auto-assignment or waiting on rebalance
[2016-09-14 10:28:01,910][kafka.coordinator.consumer][INFO]Revoking previously assigned partitions set([TopicPartition(topic=u'spamtopic', partition=0)]) for group kafka-python-default-group
[2016-09-14 10:28:01,910][kafka.coordinator][INFO](Re-)joining group kafka-python-default-group
[2016-09-14 10:28:01,911][kafka.coordinator][INFO]Joined group 'kafka-python-default-group' (generation 1576) with member_id kafka-python-1.3.1-2ddac0ab-4984-48d0-a2e5-732ab1339b95
[2016-09-14 10:28:01,916][kafka.coordinator][INFO]Successfully joined group kafka-python-default-group with generation 1576
[2016-09-14 10:28:01,916][kafka.consumer.subscription_state][INFO]Updated partition assignment: [TopicPartition(topic=u'spamtopic', partition=0)]
[2016-09-14 10:28:01,916][kafka.coordinator.consumer][INFO]Setting newly assigned partitions set([TopicPartition(topic=u'spamtopic', partition=0)]) for group kafka-python-default-group
[2016-09-14 10:28:04,928][kafka.coordinator][WARNING]Heartbeat failed for group kafka-python-default-group because it is rebalancing
[2016-09-14 10:28:04,928][kafka.coordinator][WARNING]Heartbeat failed ([Error 27] RebalanceInProgressError: ); retrying
[2016-09-14 10:28:05,029][kafka.coordinator][INFO]Skipping heartbeat: no auto-assignment or waiting on rebalance
[2016-09-14 10:28:05,429][kafka.coordinator.consumer][INFO]Revoking previously assigned partitions set([TopicPartition(topic=u'spamtopic', partition=0)]) for group kafka-python-default-group
[2016-09-14 10:28:05,429][kafka.coordinator][INFO](Re-)joining group kafka-python-default-group
[2016-09-14 10:28:05,431][kafka.coordinator][INFO]Joined group 'kafka-python-default-group' (generation 1577) with member_id kafka-python-1.3.1-2ddac0ab-4984-48d0-a2e5-732ab1339b95
[2016-09-14 10:28:05,435][kafka.coordinator][INFO]Successfully joined group kafka-python-default-group with generation 1577
[2016-09-14 10:28:05,435][kafka.consumer.subscription_state][INFO]Updated partition assignment: [TopicPartition(topic=u'spamtopic', partition=0)]
[2016-09-14 10:28:05,436][kafka.coordinator.consumer][INFO]Setting newly assigned partitions set([TopicPartition(topic=u'spamtopic', partition=0)]) for group kafka-python-default-group
[2016-09-14 10:28:08,445][kafka.coordinator][WARNING]Heartbeat failed for group kafka-python-default-group because it is rebalancing
[2016-09-14 10:28:08,445][kafka.coordinator][WARNING]Heartbeat failed ([Error 27] RebalanceInProgressError: ); retrying
[2016-09-14 10:28:08,546][kafka.coordinator][INFO]Skipping heartbeat: no auto-assignment or waiting on rebalance
[2016-09-14 10:28:08,947][kafka.coordinator.consumer][INFO]Revoking previously assigned partitions set([TopicPartition(topic=u'spamtopic', partition=0)]) for group kafka-python-default-group
[2016-09-14 10:28:08,947][kafka.coordinator][INFO](Re-)joining group kafka-python-default-group
[2016-09-14 10:28:09,219][kafka.coordinator][INFO]Joined group 'kafka-python-default-group' (generation 1578) with member_id kafka-python-1.3.1-2ddac0ab-4984-48d0-a2e5-732ab1339b95
[2016-09-14 10:28:09,221][kafka.coordinator][INFO]Successfully joined group kafka-python-default-group with generation 1578
[2016-09-14 10:28:09,221][kafka.consumer.subscription_state][INFO]Updated partition assignment: [TopicPartition(topic=u'spamtopic', partition=0)]
[2016-09-14 10:28:09,221][kafka.coordinator.consumer][INFO]Setting newly assigned partitions set([TopicPartition(topic=u'spamtopic', partition=0)]) for group kafka-python-default-group
[2016-09-14 10:28:12,235][kafka.coordinator][WARNING]Heartbeat failed for group kafka-python-default-group because it is rebalancing
[2016-09-14 10:28:12,235][kafka.coordinator][WARNING]Heartbeat failed ([Error 27] RebalanceInProgressError: ); retrying
[2016-09-14 10:28:12,337][kafka.coordinator][INFO]Skipping heartbeat: no auto-assignment or waiting on rebalance
[2016-09-14 10:28:12,737][kafka.coordinator.consumer][INFO]Revoking previously assigned partitions set([TopicPartition(topic=u'spamtopic', partition=0)]) for group kafka-python-default-group
[2016-09-14 10:28:12,737][kafka.coordinator][INFO](Re-)joining group kafka-python-default-group
[2016-09-14 10:28:12,748][kafka.coordinator][INFO]Joined group 'kafka-python-default-group' (generation 1579) with member_id kafka-python-1.3.1-2ddac0ab-4984-48d0-a2e5-732ab1339b95
[2016-09-14 10:28:12,753][kafka.coordinator][INFO]Successfully joined group kafka-python-default-group with generation 1579
[2016-09-14 10:28:12,753][kafka.consumer.subscription_state][INFO]Updated partition assignment: [TopicPartition(topic=u'spamtopic', partition=0)]
[2016-09-14 10:28:12,753][kafka.coordinator.consumer][INFO]Setting newly assigned partitions set([TopicPartition(topic=u'spamtopic', partition=0)]) for group kafka-python-default-group
[2016-09-14 10:28:15,765][kafka.coordinator][WARNING]Heartbeat failed for group kafka-python-default-group because it is rebalancing
[2016-09-14 10:28:15,765][kafka.coordinator][WARNING]Heartbeat failed ([Error 27] RebalanceInProgressError: ); retrying
[2016-09-14 10:28:15,866][kafka.coordinator][INFO]Skipping heartbeat: no auto-assignment or waiting on rebalance
[2016-09-14 10:28:16,266][kafka.coordinator.consumer][INFO]Revoking previously assigned partitions set([TopicPartition(topic=u'spamtopic', partition=0)]) for group kafka-python-default-group
[2016-09-14 10:28:16,267][kafka.coordinator][INFO](Re-)joining group kafka-python-default-group
[2016-09-14 10:28:16,268][kafka.coordinator][INFO]Joined group 'kafka-python-default-group' (generation 1580) with member_id kafka-python-1.3.1-2ddac0ab-4984-48d0-a2e5-732ab1339b95
[2016-09-14 10:28:16,272][kafka.coordinator][INFO]Successfully joined group kafka-python-default-group with generation 1580
[2016-09-14 10:28:16,272][kafka.consumer.subscription_state][INFO]Updated partition assignment: [TopicPartition(topic=u'spamtopic', partition=0)]
[2016-09-14 10:28:16,272][kafka.coordinator.consumer][INFO]Setting newly assigned partitions set([TopicPartition(topic=u'spamtopic', partition=0)]) for group kafka-python-default-group
[2016-09-14 10:28:19,282][kafka.coordinator][WARNING]Heartbeat failed for group kafka-python-default-group because it is rebalancing
[2016-09-14 10:28:19,282][kafka.coordinator][WARNING]Heartbeat failed ([Error 27] RebalanceInProgressError: ); retrying
[2016-09-14 10:28:19,384][kafka.coordinator][INFO]Skipping heartbeat: no auto-assignment or waiting on rebalance
[2016-09-14 10:28:19,784][kafka.coordinator.consumer][INFO]Revoking previously assigned partitions set([TopicPartition(topic=u'spamtopic', partition=0)]) for group kafka-python-default-group
[2016-09-14 10:28:19,784][kafka.coordinator][INFO](Re-)joining group kafka-python-default-group
[2016-09-14 10:28:19,956][kafka.coordinator][INFO]Joined group 'kafka-python-default-group' (generation 1581) with member_id kafka-python-1.3.1-2ddac0ab-4984-48d0-a2e5-732ab1339b95
[2016-09-14 10:28:19,959][kafka.coordinator][INFO]Successfully joined group kafka-python-default-group with generation 1581
[2016-09-14 10:28:19,960][kafka.consumer.subscription_state][INFO]Updated partition assignment: [TopicPartition(topic=u'spamtopic', partition=0)]
[2016-09-14 10:28:19,960][kafka.coordinator.consumer][INFO]Setting newly assigned partitions set([TopicPartition(topic=u'spamtopic', partition=0)]) for group kafka-python-default-group
[2016-09-14 10:28:22,969][kafka.coordinator][WARNING]Heartbeat failed for group kafka-python-default-group because it is rebalancing
[2016-09-14 10:28:22,970][kafka.coordinator][WARNING]Heartbeat failed ([Error 27] RebalanceInProgressError: ); retrying
[2016-09-14 10:28:23,071][kafka.coordinator][INFO]Skipping heartbeat: no auto-assignment or waiting on rebalance
[2016-09-14 10:28:23,471][kafka.coordinator.consumer][INFO]Revoking previously assigned partitions set([TopicPartition(topic=u'spamtopic', partition=0)]) for group kafka-python-default-group
[2016-09-14 10:28:23,471][kafka.coordinator][INFO](Re-)joining group kafka-python-default-group
[2016-09-14 10:28:23,702][kafka.coordinator][INFO]Joined group 'kafka-python-default-group' (generation 1582) with member_id kafka-python-1.3.1-2ddac0ab-4984-48d0-a2e5-732ab1339b95
[2016-09-14 10:28:23,707][kafka.coordinator][INFO]Successfully joined group kafka-python-default-group with generation 1582
[2016-09-14 10:28:23,708][kafka.consumer.subscription_state][INFO]Updated partition assignment: [TopicPartition(topic=u'spamtopic', partition=0)]
[2016-09-14 10:28:23,708][kafka.coordinator.consumer][INFO]Setting newly assigned partitions set([TopicPartition(topic=u'spamtopic', partition=0)]) for group kafka-python-default-group
[2016-09-14 10:28:26,715][kafka.coordinator][WARNING]Heartbeat failed for group kafka-python-default-group because it is rebalancing
[2016-09-14 10:28:26,715][kafka.coordinator][WARNING]Heartbeat failed ([Error 27] RebalanceInProgressError: ); retrying
[2016-09-14 10:28:26,816][kafka.coordinator][INFO]Skipping heartbeat: no auto-assignment or waiting on rebalance
[2016-09-14 10:28:27,216][kafka.coordinator.consumer][INFO]Revoking previously assigned partitions set([TopicPartition(topic=u'spamtopic', partition=0)]) for group kafka-python-default-group
[2016-09-14 10:28:27,216][kafka.coordinator][INFO](Re-)joining group kafka-python-default-group
[2016-09-14 10:28:27,217][kafka.coordinator][INFO]Joined group 'kafka-python-default-group' (generation 1583) with member_id kafka-python-1.3.1-2ddac0ab-4984-48d0-a2e5-732ab1339b95
[2016-09-14 10:28:27,220][kafka.coordinator][INFO]Successfully joined group kafka-python-default-group with generation 1583
[2016-09-14 10:28:27,220][kafka.consumer.subscription_state][INFO]Updated partition assignment: [TopicPartition(topic=u'spamtopic', partition=0)]
[2016-09-14 10:28:27,220][kafka.coordinator.consumer][INFO]Setting newly assigned partitions set([TopicPartition(topic=u'spamtopic', partition=0)]) for group kafka-python-default-group
[2016-09-14 10:28:30,230][kafka.coordinator][WARNING]Heartbeat failed for group kafka-python-default-group because it is rebalancing
[2016-09-14 10:28:30,230][kafka.coordinator][WARNING]Heartbeat failed ([Error 27] RebalanceInProgressError: ); retrying
[2016-09-14 10:28:30,331][kafka.coordinator][INFO]Skipping heartbeat: no auto-assignment or waiting on rebalance
[2016-09-14 10:28:30,732][kafka.coordinator.consumer][INFO]Revoking previously assigned partitions set([TopicPartition(topic=u'spamtopic', partition=0)]) for group kafka-python-default-group
[2016-09-14 10:28:30,732][kafka.coordinator][INFO](Re-)joining group kafka-python-default-group
[2016-09-14 10:28:31,146][kafka.coordinator][INFO]Joined group 'kafka-python-default-group' (generation 1584) with member_id kafka-python-1.3.1-2ddac0ab-4984-48d0-a2e5-732ab1339b95
[2016-09-14 10:28:31,147][kafka.coordinator][INFO]Successfully joined group kafka-python-default-group with generation 1584
[2016-09-14 10:28:31,148][kafka.consumer.subscription_state][INFO]Updated partition assignment: [TopicPartition(topic=u'spamtopic', partition=0)]
[2016-09-14 10:28:31,148][kafka.coordinator.consumer][INFO]Setting newly assigned partitions set([TopicPartition(topic=u'spamtopic', partition=0)]) for group kafka-python-default-group
[2016-09-14 10:28:34,156][kafka.coordinator][WARNING]Heartbeat failed for group kafka-python-default-group because it is rebalancing
[2016-09-14 10:28:34,157][kafka.coordinator][WARNING]Heartbeat failed ([Error 27] RebalanceInProgressError: ); retrying
[2016-09-14 10:28:34,257][kafka.coordinator][INFO]Skipping heartbeat: no auto-assignment or waiting on rebalance
[2016-09-14 10:28:34,658][kafka.coordinator.consumer][INFO]Revoking previously assigned partitions set([TopicPartition(topic=u'spamtopic', partition=0)]) for group kafka-python-default-group
[2016-09-14 10:28:34,658][kafka.coordinator][INFO](Re-)joining group kafka-python-default-group
[2016-09-14 10:28:34,660][kafka.coordinator][INFO]Joined group 'kafka-python-default-group' (generation 1585) with member_id kafka-python-1.3.1-2ddac0ab-4984-48d0-a2e5-732ab1339b95
[2016-09-14 10:28:34,664][kafka.coordinator][INFO]Successfully joined group kafka-python-default-group with generation 1585
[2016-09-14 10:28:34,665][kafka.consumer.subscription_state][INFO]Updated partition assignment: [TopicPartition(topic=u'spamtopic', partition=0)]
[2016-09-14 10:28:34,665][kafka.coordinator.consumer][INFO]Setting newly assigned partitions set([TopicPartition(topic=u'spamtopic', partition=0)]) for group kafka-python-default-group
[2016-09-14 10:28:37,673][kafka.coordinator][WARNING]Heartbeat failed for group kafka-python-default-group because it is rebalancing
[2016-09-14 10:28:37,673][kafka.coordinator][WARNING]Heartbeat failed ([Error 27] RebalanceInProgressError: ); retrying
[2016-09-14 10:28:37,774][kafka.coordinator][INFO]Skipping heartbeat: no auto-assignment or waiting on rebalance
[2016-09-14 10:28:38,175][kafka.coordinator.consumer][INFO]Revoking previously assigned partitions set([TopicPartition(topic=u'spamtopic', partition=0)]) for group kafka-python-default-group
[2016-09-14 10:28:38,176][kafka.coordinator][INFO](Re-)joining group kafka-python-default-group
[2016-09-14 10:28:38,271][kafka.coordinator][INFO]Joined group 'kafka-python-default-group' (generation 1586) with member_id kafka-python-1.3.1-2ddac0ab-4984-48d0-a2e5-732ab1339b95
[2016-09-14 10:28:38,273][kafka.coordinator][INFO]Successfully joined group kafka-python-default-group with generation 1586
[2016-09-14 10:28:38,273][kafka.consumer.subscription_state][INFO]Updated partition assignment: [TopicPartition(topic=u'spamtopic', partition=0)]
[2016-09-14 10:28:38,273][kafka.coordinator.consumer][INFO]Setting newly assigned partitions set([TopicPartition(topic=u'spamtopic', partition=0)]) for group kafka-python-default-group
[2016-09-14 10:28:41,284][kafka.coordinator][WARNING]Heartbeat failed for group kafka-python-default-group because it is rebalancing
[2016-09-14 10:28:41,284][kafka.coordinator][WARNING]Heartbeat failed ([Error 27] RebalanceInProgressError: ); retrying
[2016-09-14 10:28:41,386][kafka.coordinator][INFO]Skipping heartbeat: no auto-assignment or waiting on rebalance
[2016-09-14 10:28:41,786][kafka.coordinator.consumer][INFO]Revoking previously assigned partitions set([TopicPartition(topic=u'spamtopic', partition=0)]) for group kafka-python-default-group
[2016-09-14 10:28:41,786][kafka.coordinator][INFO](Re-)joining group kafka-python-default-group
[2016-09-14 10:28:41,947][kafka.coordinator][INFO]Joined group 'kafka-python-default-group' (generation 1587) with member_id kafka-python-1.3.1-2ddac0ab-4984-48d0-a2e5-732ab1339b95
[2016-09-14 10:28:41,950][kafka.coordinator][INFO]Successfully joined group kafka-python-default-group with generation 1587
[2016-09-14 10:28:41,950][kafka.consumer.subscription_state][INFO]Updated partition assignment: [TopicPartition(topic=u'spamtopic', partition=0)]
[2016-09-14 10:28:41,950][kafka.coordinator.consumer][INFO]Setting newly assigned partitions set([TopicPartition(topic=u'spamtopic', partition=0)]) for group kafka-python-default-group
[2016-09-14 10:28:44,960][kafka.coordinator][WARNING]Heartbeat failed for group kafka-python-default-group because it is rebalancing
[2016-09-14 10:28:44,960][kafka.coordinator][WARNING]Heartbeat failed ([Error 27] RebalanceInProgressError: ); retrying
[2016-09-14 10:28:45,061][kafka.coordinator][INFO]Skipping heartbeat: no auto-assignment or waiting on rebalance
[2016-09-14 10:28:45,461][kafka.coordinator.consumer][INFO]Revoking previously assigned partitions set([TopicPartition(topic=u'spamtopic', partition=0)]) for group kafka-python-default-group
[2016-09-14 10:28:45,461][kafka.coordinator][INFO](Re-)joining group kafka-python-default-group
[2016-09-14 10:28:45,462][kafka.coordinator][INFO]Joined group 'kafka-python-default-group' (generation 1588) with member_id kafka-python-1.3.1-2ddac0ab-4984-48d0-a2e5-732ab1339b95
[2016-09-14 10:28:45,467][kafka.coordinator][INFO]Successfully joined group kafka-python-default-group with generation 1588
[2016-09-14 10:28:45,467][kafka.consumer.subscription_state][INFO]Updated partition assignment: [TopicPartition(topic=u'spamtopic', partition=0)]
[2016-09-14 10:28:45,467][kafka.coordinator.consumer][INFO]Setting newly assigned partitions set([TopicPartition(topic=u'spamtopic', partition=0)]) for group kafka-python-default-group
[2016-09-14 10:28:48,476][kafka.coordinator][WARNING]Heartbeat failed for group kafka-python-default-group because it is rebalancing
[2016-09-14 10:28:48,476][kafka.coordinator][WARNING]Heartbeat failed ([Error 27] RebalanceInProgressError: ); retrying
[2016-09-14 10:28:48,577][kafka.coordinator][INFO]Skipping heartbeat: no auto-assignment or waiting on rebalance
[2016-09-14 10:28:48,979][kafka.coordinator.consumer][INFO]Revoking previously assigned partitions set([TopicPartition(topic=u'spamtopic', partition=0)]) for group kafka-python-default-group
[2016-09-14 10:28:48,979][kafka.coordinator][INFO](Re-)joining group kafka-python-default-group
[2016-09-14 10:28:48,980][kafka.coordinator][INFO]Joined group 'kafka-python-default-group' (generation 1589) with member_id kafka-python-1.3.1-2ddac0ab-4984-48d0-a2e5-732ab1339b95
[2016-09-14 10:28:48,985][kafka.coordinator][INFO]Successfully joined group kafka-python-default-group with generation 1589
[2016-09-14 10:28:48,986][kafka.consumer.subscription_state][INFO]Updated partition assignment: [TopicPartition(topic=u'spamtopic', partition=0)]
[2016-09-14 10:28:48,986][kafka.coordinator.consumer][INFO]Setting newly assigned partitions set([TopicPartition(topic=u'spamtopic', partition=0)]) for group kafka-python-default-group
[2016-09-14 10:28:51,995][kafka.coordinator][WARNING]Heartbeat failed for group kafka-python-default-group because it is rebalancing
[2016-09-14 10:28:51,995][kafka.coordinator][WARNING]Heartbeat failed ([Error 27] RebalanceInProgressError: ); retrying
[2016-09-14 10:28:52,097][kafka.coordinator][INFO]Skipping heartbeat: no auto-assignment or waiting on rebalance
[2016-09-14 10:28:52,497][kafka.coordinator.consumer][INFO]Revoking previously assigned partitions set([TopicPartition(topic=u'spamtopic', partition=0)]) for group kafka-python-default-group
[2016-09-14 10:28:52,497][kafka.coordinator][INFO](Re-)joining group kafka-python-default-group
[2016-09-14 10:28:52,548][kafka.coordinator][INFO]Joined group 'kafka-python-default-group' (generation 1590) with member_id kafka-python-1.3.1-2ddac0ab-4984-48d0-a2e5-732ab1339b95
[2016-09-14 10:28:52,549][kafka.coordinator][INFO]Successfully joined group kafka-python-default-group with generation 1590
[2016-09-14 10:28:52,549][kafka.consumer.subscription_state][INFO]Updated partition assignment: [TopicPartition(topic=u'spamtopic', partition=0)]
[2016-09-14 10:28:52,550][kafka.coordinator.consumer][INFO]Setting newly assigned partitions set([TopicPartition(topic=u'spamtopic', partition=0)]) for group kafka-python-default-group
[2016-09-14 10:28:55,561][kafka.coordinator][WARNING]Heartbeat failed for group kafka-python-default-group because it is rebalancing
[2016-09-14 10:28:55,561][kafka.coordinator][WARNING]Heartbeat failed ([Error 27] RebalanceInProgressError: ); retrying
[2016-09-14 10:28:55,662][kafka.coordinator][INFO]Skipping heartbeat: no auto-assignment or waiting on rebalance
[2016-09-14 10:28:56,063][kafka.coordinator.consumer][INFO]Revoking previously assigned partitions set([TopicPartition(topic=u'spamtopic', partition=0)]) for group kafka-python-default-group
[2016-09-14 10:28:56,063][kafka.coordinator][INFO](Re-)joining group kafka-python-default-group
[2016-09-14 10:28:56,064][kafka.coordinator][INFO]Joined group 'kafka-python-default-group' (generation 1591) with member_id kafka-python-1.3.1-2ddac0ab-4984-48d0-a2e5-732ab1339b95
[2016-09-14 10:28:56,068][kafka.coordinator][INFO]Successfully joined group kafka-python-default-group with generation 1591
[2016-09-14 10:28:56,068][kafka.consumer.subscription_state][INFO]Updated partition assignment: [TopicPartition(topic=u'spamtopic', partition=0)]
[2016-09-14 10:28:56,068][kafka.coordinator.consumer][INFO]Setting newly assigned partitions set([TopicPartition(topic=u'spamtopic', partition=0)]) for group kafka-python-default-group
[2016-09-14 10:28:59,077][kafka.coordinator][WARNING]Heartbeat failed for group kafka-python-default-group because it is rebalancing
[2016-09-14 10:28:59,077][kafka.coordinator][WARNING]Heartbeat failed ([Error 27] RebalanceInProgressError: ); retrying
[2016-09-14 10:28:59,178][kafka.coordinator][INFO]Skipping heartbeat: no auto-assignment or waiting on rebalance
[2016-09-14 10:28:59,579][kafka.coordinator.consumer][INFO]Revoking previously assigned partitions set([TopicPartition(topic=u'spamtopic', partition=0)]) for group kafka-python-default-group
[2016-09-14 10:28:59,580][kafka.coordinator][INFO](Re-)joining group kafka-python-default-group
[2016-09-14 10:28:59,581][kafka.coordinator][INFO]Joined group 'kafka-python-default-group' (generation 1592) with member_id kafka-python-1.3.1-2ddac0ab-4984-48d0-a2e5-732ab1339b95
[2016-09-14 10:28:59,584][kafka.coordinator][INFO]Successfully joined group kafka-python-default-group with generation 1592
[2016-09-14 10:28:59,584][kafka.consumer.subscription_state][INFO]Updated partition assignment: [TopicPartition(topic=u'spamtopic', partition=0)]
[2016-09-14 10:28:59,585][kafka.coordinator.consumer][INFO]Setting newly assigned partitions set([TopicPartition(topic=u'spamtopic', partition=0)]) for group kafka-python-default-group
[2016-09-14 10:29:02,593][kafka.coordinator][WARNING]Heartbeat failed for group kafka-python-default-group because it is rebalancing
[2016-09-14 10:29:02,593][kafka.coordinator][WARNING]Heartbeat failed ([Error 27] RebalanceInProgressError: ); retrying
[2016-09-14 10:29:02,694][kafka.coordinator][INFO]Skipping heartbeat: no auto-assignment or waiting on rebalance
[2016-09-14 10:29:03,096][kafka.coordinator.consumer][INFO]Revoking previously assigned partitions set([TopicPartition(topic=u'spamtopic', partition=0)]) for group kafka-python-default-group
[2016-09-14 10:29:03,096][kafka.coordinator][INFO](Re-)joining group kafka-python-default-group
[2016-09-14 10:29:03,097][kafka.coordinator][INFO]Joined group 'kafka-python-default-group' (generation 1593) with member_id kafka-python-1.3.1-2ddac0ab-4984-48d0-a2e5-732ab1339b95
[2016-09-14 10:29:03,099][kafka.coordinator][INFO]Successfully joined group kafka-python-default-group with generation 1593
[2016-09-14 10:29:03,099][kafka.consumer.subscription_state][INFO]Updated partition assignment: [TopicPartition(topic=u'spamtopic', partition=0)]
[2016-09-14 10:29:03,100][kafka.coordinator.consumer][INFO]Setting newly assigned partitions set([TopicPartition(topic=u'spamtopic', partition=0)]) for group kafka-python-default-group
[2016-09-14 10:29:06,108][kafka.coordinator][WARNING]Heartbeat failed for group kafka-python-default-group because it is rebalancing
[2016-09-14 10:29:06,108][kafka.coordinator][WARNING]Heartbeat failed ([Error 27] RebalanceInProgressError: ); retrying
[2016-09-14 10:29:06,209][kafka.coordinator][INFO]Skipping heartbeat: no auto-assignment or waiting on rebalance
[2016-09-14 10:29:06,610][kafka.coordinator.consumer][INFO]Revoking previously assigned partitions set([TopicPartition(topic=u'spamtopic', partition=0)]) for group kafka-python-default-group
[2016-09-14 10:29:06,610][kafka.coordinator][INFO](Re-)joining group kafka-python-default-group
[2016-09-14 10:29:07,083][kafka.coordinator][INFO]Joined group 'kafka-python-default-group' (generation 1594) with member_id kafka-python-1.3.1-2ddac0ab-4984-48d0-a2e5-732ab1339b95
[2016-09-14 10:29:07,085][kafka.coordinator][INFO]Successfully joined group kafka-python-default-group with generation 1594
[2016-09-14 10:29:07,085][kafka.consumer.subscription_state][INFO]Updated partition assignment: [TopicPartition(topic=u'spamtopic', partition=0)]
[2016-09-14 10:29:07,086][kafka.coordinator.consumer][INFO]Setting newly assigned partitions set([TopicPartition(topic=u'spamtopic', partition=0)]) for group kafka-python-default-group
