Beginning task setup

/usr/bin/flock
Using existing venv: /tmp/petrel-spam-3-1474326247/venv
Task setup took 0 seconds
Launching: python -m petrel.run kafkaconsumer /home/pipe/topology/TopologyTweetTransformationSPAM/petrel17301_kafkaconsumer.log
/usr/local/lib/python2.7/dist-packages/petrel-1.0.1.0.3-py2.7.egg/petrel/run.py invoked with the following arguments: ['kafkaconsumer', '/home/pipe/topology/TopologyTweetTransformationSPAM/petrel17301_kafkaconsumer.log']
python version: 2.7.12
user=root
PATH=/tmp/petrel-spam-3-1474326247/venv/bin:/usr/local/sbin:/usr/local/bin:/usr/sbin:/usr/bin:/sbin:/bin:/snap/bin
LD_LIBRARY_PATH=/home/apache-storm-1.0.1/data/supervisor/stormdist/spam-3-1474326247/resources/Linux-amd64:/home/apache-storm-1.0.1/data/supervisor/stormdist/spam-3-1474326247/resources:/usr/local/lib:/opt/local/lib:/usr/lib
PYTHON_EGG_CACHE=/tmp/petrel-spam-3-1474326247/egg_cache
[2016-09-20 17:28:07,585][storm][INFO]Tuple profiling enabled. Will log tuple processing times.
[2016-09-20 17:28:07,841][storm][INFO]Task received setupInfo from Storm: {'pidDir': '/home/apache-storm-1.0.1/data/workers/6cc0f19f-e724-4076-a6c0-cc7306adbe2d/pids', 'conf': {'storm.group.mapping.service.params': None, 'topology.tuple.serializer': 'org.apache.storm.serialization.types.ListDelegateSerializer', 'topology.workers': 1, 'drpc.worker.threads': 64, 'ui.filter.params': None, 'transactional.zookeeper.root': '/transactional', 'logviewer.cleanup.age.mins': 10080, 'worker.profiler.command': 'flight.bash', 'topology.executor.send.buffer.size': 1024, 'nimbus.file.copy.expiration.secs': 600, 'oauth.acess_token': ' 702208758362087425-HZiyl1x7Bh98cQa1WLBDYylyu10Bpl7', 'drpc.childopts': '-Xmx768m', 'nimbus.thrift.port': 6627, 'topology.disruptor.wait.timeout.millis': 1000, 'storm.zookeeper.retry.intervalceiling.millis': 30000, 'storm.local.dir': '/home/apache-storm-1.0.1/data', 'storm.auth.simple-acl.users': [], 'drpc.invocations.threads': 64, 'storm.zookeeper.superACL': None, 'storm.cluster.state.store': 'org.apache.storm.cluster_state.zookeeper_state_factory', 'storm.codedistributor.class': 'org.apache.storm.codedistributor.LocalFileSystemCodeDistributor', 'drpc.https.keystore.password': '', 'supervisor.blobstore.download.max_retries': 3, 'pacemaker.kerberos.users': [], 'storm.messaging.netty.client_worker_threads': 1, 'oauth.consumer_secret': 'ADf76fi3O1lKMzBxWnjqf93l3GHv28uar3bkblkvyBrAyoA23i', 'topology.component.resources.offheap.memory.mb': 0.0, 'supervisor.heartbeat.frequency.secs': 5, 'storm.group.mapping.service.cache.duration.secs': 120, 'storm.group.mapping.service': 'org.apache.storm.security.auth.ShellBasedGroupsMapping', 'storm.workers.artifacts.dir': 'workers-artifacts', 'drpc.request.timeout.secs': 600, 'pacemaker.childopts': '-Xmx1024m', 'nimbus.seeds': ['localhost'], 'topology.shellbolt.max.pending': 100, 'topology.min.replication.count': 1, 'topology.skip.missing.kryo.registrations': False, 'worker.heartbeat.frequency.secs': 1, 'storm.auth.simple-acl.users.commands': [], 'storm.zookepeer.port': 2181, 'zmq.hwm': 0, 'topology.worker.shared.thread.pool.size': 4, 'storm.zookeeper.connection.timeout': 15000, 'java.library.path': '/usr/local/lib:/opt/local/lib:/usr/lib', 'logviewer.max.sum.worker.logs.size.mb': 4096, 'task.refresh.poll.secs': 10, 'topology.max.error.report.per.interval': 5, 'topology.worker.logwriter.childopts': '-Xmx64m', 'ui.actions.enabled': True, 'storm.health.check.timeout.ms': 5000, 'topology.scheduler.strategy': 'org.apache.storm.scheduler.resource.strategies.scheduling.DefaultResourceAwareStrategy', 'ui.host': '0.0.0.0', 'storm.messaging.netty.server_worker_threads': 1, 'topology.disruptor.batch.size': 100, 'storm.id': 'spam-3-1474326247', 'supervisor.worker.start.timeout.secs': 120, 'zmq.threads': 1, 'topology.acker.executors': None, 'pacemaker.thread.timeout': 10, 'storm.local.mode.zmq': False, 'topology.eventlogger.executors': 0, 'topology.tick.tuple.freq.secs': 30, 'supervisor.memory.capacity.mb': 3072.0, 'supervisor.worker.shutdown.sleep.secs': 1, 'pacemaker.base.threads': 10, 'drpc.http.creds.plugin': 'org.apache.storm.security.auth.DefaultHttpCredentialsPlugin', 'storm.zookeeper.servers': ['localhost'], 'supervisor.localizer.cache.target.size.mb': 10240, 'storm.messaging.netty.transfer.batch.size': 262144, 'resource.aware.scheduler.eviction.strategy': 'org.apache.storm.scheduler.resource.strategies.eviction.DefaultEvictionStrategy', 'topology.environment': None, 'storm.zookeeper.port': 2181, 'storm.auth.simple-acl.admins': [], 'pacemaker.host': 'localhost', 'nimbus.childopts': '-Xmx1024m', 'storm.principal.tolocal': 'org.apache.storm.security.auth.DefaultPrincipalToLocal', 'storm.nimbus.retry.times': 5, 'topology.classpath': None, 'drpc.authorizer.acl.filename': 'drpc-auth-acl.yaml', 'topology.bolts.outgoing.overflow.buffer.enable': False, 'nimbus.credential.renewers.freq.secs': 600, 'worker.childopts': '-Xmx%HEAP-MEM%m -XX:+PrintGCDetails -Xloggc:artifacts/gc.log -XX:+PrintGCDateStamps -XX:+PrintGCTimeStamps -XX:+UseGCLogFileRotation -XX:NumberOfGCLogFiles=10 -XX:GCLogFileSize=1M -XX:+HeapDumpOnOutOfMemoryError -XX:HeapDumpPath=artifacts/heapdump', 'drpc.queue.size': 128, 'supervisor.blobstore.class': 'org.apache.storm.blobstore.NimbusBlobStore', 'topology.multilang.serializer': 'org.apache.storm.multilang.JsonSerializer', 'storm.zookeeper.retry.times': 5, 'topology.disable.loadaware': False, 'supervisor.run.worker.as.user': False, 'storm.blobstore.replication.factor': 3, 'worker.profiler.childopts': '-XX:+UnlockCommercialFeatures -XX:+FlightRecorder', 'nimbus.thrift.threads': 64, 'nimbus.monitor.freq.secs': 10, 'storm.blobstore.inputstream.buffer.size.bytes': 65536, 'dev.zookeeper.path': '/tmp/dev-storm-zookeeper', 'topology.users': [], 'storm.daemon.metrics.reporter.plugins': ['org.apache.storm.daemon.metrics.reporters.JmxPreparableReporter'], 'storm.exhibitor.poll.uripath': '/exhibitor/v1/cluster/list', 'pacemaker.max.threads': 50, 'drpc.https.keystore.type': 'JKS', 'topology.tasks': None, 'storm.zookeeper.root': '/storm', 'logviewer.childopts': '-Xmx128m', 'topology.max.replication.wait.time.sec': 60, 'worker.gc.childopts': '', 'backpressure.disruptor.low.watermark': 0.4, 'storm.meta.serialization.delegate': 'org.apache.storm.serialization.GzipThriftSerializationDelegate', 'transactional.zookeeper.port': None, 'drpc.max_buffer_size': 1048576, 'topology.worker.childopts': None, 'storm.auth.simple-white-list.users': [], 'topology.max.spout.pending': None, 'nimbus.topology.validator': 'org.apache.storm.nimbus.DefaultTopologyValidator', 'topology.kryo.register': None, 'petrel.host': 'localhost', 'client.blobstore.class': 'org.apache.storm.blobstore.NimbusBlobStore', 'nimbus.cleanup.inbox.freq.secs': 600, 'storm.nimbus.retry.intervalceiling.millis': 60000, 'storm.network.topography.plugin': 'org.apache.storm.networktopography.DefaultRackDNSToSwitchMapping', 'storm.messaging.netty.min_wait_ms': 100, 'nimbus.task.timeout.secs': 30, 'topology.disruptor.batch.timeout.millis': 1, 'topology.state.checkpoint.interval.ms': 1000, 'ui.header.buffer.bytes': 4096, 'nimbus.thrift.max_buffer_size': 1048576, 'ui.http.creds.plugin': 'org.apache.storm.security.auth.DefaultHttpCredentialsPlugin', 'topology.sleep.spout.wait.strategy.time.ms': 1, 'nimbus.blobstore.expiration.secs': 600, 'storm.cluster.mode': 'distributed', 'storm.messaging.netty.socket.backlog': 500, 'worker.profiler.enabled': False, 'nimbus.queue.size': 100000, 'logviewer.appender.name': 'A1', 'drpc.authorizer.acl.strict': False, 'ui.port': 8080, 'supervisor.slots.ports': [6700, 6701, 6702, 6703], 'worker.log.level.reset.poll.secs': 30, 'storm.nimbus.retry.interval.millis': 2000, 'drpc.invocations.port': 3773, 'supervisor.monitor.frequency.secs': 3, 'ui.childopts': '-Xmx768m', 'transactional.zookeeper.servers': None, 'storm.log4j2.conf.dir': 'log4j2', 'supervisor.supervisors': [], 'zmq.linger.millis': 5000, 'topology.error.throttle.interval.secs': 10, 'storm.health.check.dir': 'healthchecks', 'topology.executor.receive.buffer.size': 1024, 'nimbus.impersonation.authorizer': 'org.apache.storm.security.auth.authorizer.ImpersonationAuthorizer', 'topology.submitter.principal': '', 'topology.worker.max.heap.size.mb': 768.0, 'topology.spout.wait.strategy': 'org.apache.storm.spout.SleepSpoutWaitStrategy', 'task.heartbeat.frequency.secs': 3, 'topology.transfer.buffer.size': 1024, 'storm.zookeeper.session.timeout': 20000, 'topology.testing.always.try.serialize': False, 'nimbus.blobstore.class': 'org.apache.storm.blobstore.LocalFsBlobStore', 'topology.stats.sample.rate': 0.05, 'topology.fall.back.on.java.serialization': True, 'storm.exhibitor.port': 8080, 'storm.zookeeper.auth.password': None, 'supervisor.childopts': '-Xmx256m', 'topology.backpressure.enable': True, 'pacemaker.port': 6699, 'topology.enable.message.timeouts': True, 'nimbus.code.sync.freq.secs': 120, 'backpressure.disruptor.high.watermark': 0.9, 'storm.messaging.netty.max_wait_ms': 1000, 'topology.worker.receiver.thread.count': 1, 'topology.component.resources.onheap.memory.mb': 128.0, 'resource.aware.scheduler.priority.strategy': 'org.apache.storm.scheduler.resource.strategies.priority.DefaultSchedulingPriorityStrategy', 'nimbus.supervisor.timeout.secs': 60, 'pacemaker.auth.method': 'NONE', 'drpc.https.port': -1, 'nimbus.inbox.jar.expiration.secs': 3600, 'scheduler.display.resource': False, 'topology.kryo.factory': 'org.apache.storm.serialization.DefaultKryoFactory', 'storm.zookeeper.retry.interval': 1000, 'supervisor.supervisors.commands': [], 'supervisor.localizer.cleanup.interval.ms': 600000, 'storm.messaging.netty.max_retries': 300, 'task.credentials.poll.secs': 30, 'drpc.http.port': 3774, 'storm.messaging.transport': 'org.apache.storm.messaging.netty.Context', 'supervisor.enable': True, 'nimbus.task.launch.secs': 120, 'supervisor.blobstore.download.thread.count': 5, 'topology.message.timeout.secs': 30, 'oauth.acess_token_secret': 'IiNOTfgE3tEZvW2HDQhRKPMoOLU43NXJCXk8maj51SdAT', 'storm.messaging.netty.authentication': False, 'petrel.user': 'pipe', 'drpc.port': 3772, 'storm.messaging.netty.buffer_size': 5242880, 'topology.state.synchronization.timeout.secs': 60, 'worker.heap.memory.mb': 768, 'topology.name': 'spam', 'topology.priority': 29, 'supervisor.worker.timeout.secs': 30, 'ui.filter': None, 'topology.trident.batch.emit.interval.millis': 500, 'topology.max.task.parallelism': None, 'supervisor.cpu.capacity': 400.0, 'topology.submitter.user': 'root', 'logviewer.max.per.worker.logs.size.mb': 2048, 'nimbus.host': 'localhost', 'topology.builtin.metrics.bucket.size.secs': 60, 'topology.component.cpu.pcore.percent': 10.0, 'ui.users': None, 'storm.thrift.transport': 'org.apache.storm.security.auth.SimpleTransportPlugin', 'logs.users': None, 'logviewer.port': 8000, 'oauth.consumer_key': 'eaFmBSxUveRJfmyZYeabti9Q9', 'topology.kryo.decorators': [], 'topology.debug': False, 'storm.zookeeper.auth.user': None}, 'context': {'task->component': {'11': '__acker', '10': 'WordDivider', '1': 'CountThreeWords', '3': 'CountTwoWords', '2': 'CountThreeWords', '5': 'CountWord', '4': 'CountTwoWords', '7': 'KafkaConsumer', '6': 'CountWord', '9': 'TwoWordDivider', '8': 'ThreeWordDivider'}, 'stream->target->grouping': {'default': {'WordDivider': {'type': 'SHUFFLE'}, 'ThreeWordDivider': {'type': 'SHUFFLE'}, 'TwoWordDivider': {'type': 'SHUFFLE'}}}, 'source->stream->fields': {}, 'streams': ['default'], 'stream->outputfields': {'default': ['sentence', 'user']}, 'taskid': 7, 'source->stream->grouping': {}, 'componentid': 'KafkaConsumer'}}
[2016-09-20 17:28:07,851][storm][INFO]Task sent pid to Storm
[2016-09-20 17:28:07,956][kafka.conn][INFO]Broker version identifed as 0.10
[2016-09-20 17:28:07,957][kafka.conn][INFO]Set configuration api_version=(0, 10) to skip auto check_version requests on startup
[2016-09-20 17:28:07,961][kafka.consumer.subscription_state][INFO]Updating subscribed topics to: ['spamtopic']
[2016-09-20 17:28:07,963][kafka.cluster][INFO]Group coordinator for kafka-python-default-group is BrokerMetadata(nodeId=0, host=u'localhost', port=9092, rack=None)
[2016-09-20 17:28:07,963][kafka.coordinator][INFO]Discovered coordinator 0 for group kafka-python-default-group
[2016-09-20 17:28:07,964][kafka.coordinator.consumer][INFO]Revoking previously assigned partitions set([]) for group kafka-python-default-group
[2016-09-20 17:28:07,964][kafka.coordinator][INFO](Re-)joining group kafka-python-default-group
[2016-09-20 17:28:31,626][kafka.coordinator][INFO]Joined group 'kafka-python-default-group' (generation 640) with member_id kafka-python-1.3.1-f8ba6c17-9b31-4bb4-b235-79f21a3418b3
[2016-09-20 17:28:31,628][kafka.coordinator][INFO]Successfully joined group kafka-python-default-group with generation 640
[2016-09-20 17:28:31,628][kafka.consumer.subscription_state][INFO]Updated partition assignment: [TopicPartition(topic=u'spamtopic', partition=0)]
[2016-09-20 17:28:31,628][kafka.coordinator.consumer][INFO]Setting newly assigned partitions set([TopicPartition(topic=u'spamtopic', partition=0)]) for group kafka-python-default-group
[2016-09-20 17:28:34,637][kafka.coordinator][WARNING]Heartbeat failed for group kafka-python-default-group because it is rebalancing
[2016-09-20 17:28:34,637][kafka.coordinator][WARNING]Heartbeat failed ([Error 27] RebalanceInProgressError: ); retrying
[2016-09-20 17:28:34,739][kafka.coordinator][INFO]Skipping heartbeat: no auto-assignment or waiting on rebalance
[2016-09-20 17:28:35,139][kafka.coordinator.consumer][INFO]Revoking previously assigned partitions set([TopicPartition(topic=u'spamtopic', partition=0)]) for group kafka-python-default-group
[2016-09-20 17:28:35,139][kafka.coordinator][INFO](Re-)joining group kafka-python-default-group
[2016-09-20 17:28:35,522][kafka.coordinator][INFO]Joined group 'kafka-python-default-group' (generation 641) with member_id kafka-python-1.3.1-f8ba6c17-9b31-4bb4-b235-79f21a3418b3
[2016-09-20 17:28:35,530][kafka.coordinator][INFO]Successfully joined group kafka-python-default-group with generation 641
[2016-09-20 17:28:35,531][kafka.consumer.subscription_state][INFO]Updated partition assignment: [TopicPartition(topic=u'spamtopic', partition=0)]
[2016-09-20 17:28:35,531][kafka.coordinator.consumer][INFO]Setting newly assigned partitions set([TopicPartition(topic=u'spamtopic', partition=0)]) for group kafka-python-default-group
[2016-09-20 17:28:38,538][kafka.coordinator][WARNING]Heartbeat failed for group kafka-python-default-group because it is rebalancing
[2016-09-20 17:28:38,538][kafka.coordinator][WARNING]Heartbeat failed ([Error 27] RebalanceInProgressError: ); retrying
[2016-09-20 17:28:38,639][kafka.coordinator][INFO]Skipping heartbeat: no auto-assignment or waiting on rebalance
[2016-09-20 17:28:39,039][kafka.coordinator.consumer][INFO]Revoking previously assigned partitions set([TopicPartition(topic=u'spamtopic', partition=0)]) for group kafka-python-default-group
[2016-09-20 17:28:39,039][kafka.coordinator][INFO](Re-)joining group kafka-python-default-group
[2016-09-20 17:28:39,041][kafka.coordinator][INFO]Joined group 'kafka-python-default-group' (generation 642) with member_id kafka-python-1.3.1-f8ba6c17-9b31-4bb4-b235-79f21a3418b3
[2016-09-20 17:28:39,042][kafka.coordinator][INFO]Successfully joined group kafka-python-default-group with generation 642
[2016-09-20 17:28:39,043][kafka.consumer.subscription_state][INFO]Updated partition assignment: [TopicPartition(topic=u'spamtopic', partition=0)]
[2016-09-20 17:28:39,043][kafka.coordinator.consumer][INFO]Setting newly assigned partitions set([TopicPartition(topic=u'spamtopic', partition=0)]) for group kafka-python-default-group
[2016-09-20 17:28:42,052][kafka.coordinator][WARNING]Heartbeat failed for group kafka-python-default-group because it is rebalancing
[2016-09-20 17:28:42,052][kafka.coordinator][WARNING]Heartbeat failed ([Error 27] RebalanceInProgressError: ); retrying
[2016-09-20 17:28:42,153][kafka.coordinator][INFO]Skipping heartbeat: no auto-assignment or waiting on rebalance
[2016-09-20 17:28:42,555][kafka.coordinator.consumer][INFO]Revoking previously assigned partitions set([TopicPartition(topic=u'spamtopic', partition=0)]) for group kafka-python-default-group
[2016-09-20 17:28:42,555][kafka.coordinator][INFO](Re-)joining group kafka-python-default-group
[2016-09-20 17:28:42,853][kafka.coordinator][INFO]Joined group 'kafka-python-default-group' (generation 643) with member_id kafka-python-1.3.1-f8ba6c17-9b31-4bb4-b235-79f21a3418b3
[2016-09-20 17:28:42,855][kafka.coordinator][INFO]Successfully joined group kafka-python-default-group with generation 643
[2016-09-20 17:28:42,856][kafka.consumer.subscription_state][INFO]Updated partition assignment: [TopicPartition(topic=u'spamtopic', partition=0)]
[2016-09-20 17:28:42,856][kafka.coordinator.consumer][INFO]Setting newly assigned partitions set([TopicPartition(topic=u'spamtopic', partition=0)]) for group kafka-python-default-group
[2016-09-20 17:28:45,866][kafka.coordinator][WARNING]Heartbeat failed for group kafka-python-default-group because it is rebalancing
[2016-09-20 17:28:45,866][kafka.coordinator][WARNING]Heartbeat failed ([Error 27] RebalanceInProgressError: ); retrying
[2016-09-20 17:28:45,967][kafka.coordinator][INFO]Skipping heartbeat: no auto-assignment or waiting on rebalance
[2016-09-20 17:28:46,367][kafka.coordinator.consumer][INFO]Revoking previously assigned partitions set([TopicPartition(topic=u'spamtopic', partition=0)]) for group kafka-python-default-group
[2016-09-20 17:28:46,367][kafka.coordinator][INFO](Re-)joining group kafka-python-default-group
[2016-09-20 17:28:46,369][kafka.coordinator][INFO]Joined group 'kafka-python-default-group' (generation 644) with member_id kafka-python-1.3.1-f8ba6c17-9b31-4bb4-b235-79f21a3418b3
[2016-09-20 17:28:46,371][kafka.coordinator][INFO]Successfully joined group kafka-python-default-group with generation 644
[2016-09-20 17:28:46,371][kafka.consumer.subscription_state][INFO]Updated partition assignment: [TopicPartition(topic=u'spamtopic', partition=0)]
[2016-09-20 17:28:46,371][kafka.coordinator.consumer][INFO]Setting newly assigned partitions set([TopicPartition(topic=u'spamtopic', partition=0)]) for group kafka-python-default-group
[2016-09-20 17:28:49,382][kafka.coordinator][WARNING]Heartbeat failed for group kafka-python-default-group because it is rebalancing
[2016-09-20 17:28:49,382][kafka.coordinator][WARNING]Heartbeat failed ([Error 27] RebalanceInProgressError: ); retrying
[2016-09-20 17:28:49,483][kafka.coordinator][INFO]Skipping heartbeat: no auto-assignment or waiting on rebalance
[2016-09-20 17:28:49,884][kafka.coordinator.consumer][INFO]Revoking previously assigned partitions set([TopicPartition(topic=u'spamtopic', partition=0)]) for group kafka-python-default-group
[2016-09-20 17:28:49,885][kafka.coordinator][INFO](Re-)joining group kafka-python-default-group
[2016-09-20 17:28:49,890][kafka.coordinator][INFO]Joined group 'kafka-python-default-group' (generation 645) with member_id kafka-python-1.3.1-f8ba6c17-9b31-4bb4-b235-79f21a3418b3
[2016-09-20 17:28:49,891][kafka.coordinator][INFO](Re-)joining group kafka-python-default-group
[2016-09-20 17:28:53,402][kafka.coordinator][INFO]Joined group 'kafka-python-default-group' (generation 646) with member_id kafka-python-1.3.1-f8ba6c17-9b31-4bb4-b235-79f21a3418b3
[2016-09-20 17:28:53,403][kafka.coordinator.consumer][WARNING]Auto offset commit failed for group kafka-python-default-group: CommitFailedError: Commit cannot be completed since the group has already rebalanced and assigned the partitions to another member. This means that the time between subsequent calls to poll() was longer than the configured session.timeout.ms, which typically implies that the poll loop is spending too much time message processing. You can address this either by increasing the session timeout or by reducing the maximum size of batches returned in poll() with max.poll.records.
[2016-09-20 17:28:53,403][kafka.coordinator][INFO]Successfully joined group kafka-python-default-group with generation 646
[2016-09-20 17:28:53,404][kafka.consumer.subscription_state][INFO]Updated partition assignment: [TopicPartition(topic=u'spamtopic', partition=0)]
[2016-09-20 17:28:53,404][kafka.coordinator.consumer][INFO]Setting newly assigned partitions set([TopicPartition(topic=u'spamtopic', partition=0)]) for group kafka-python-default-group
[2016-09-20 17:28:56,414][kafka.coordinator][WARNING]Heartbeat failed for group kafka-python-default-group because it is rebalancing
[2016-09-20 17:28:56,414][kafka.coordinator][WARNING]Heartbeat failed ([Error 27] RebalanceInProgressError: ); retrying
[2016-09-20 17:28:56,515][kafka.coordinator][INFO]Skipping heartbeat: no auto-assignment or waiting on rebalance
[2016-09-20 17:28:56,916][kafka.coordinator.consumer][INFO]Revoking previously assigned partitions set([TopicPartition(topic=u'spamtopic', partition=0)]) for group kafka-python-default-group
[2016-09-20 17:28:56,916][kafka.coordinator][INFO](Re-)joining group kafka-python-default-group
[2016-09-20 17:28:56,918][kafka.coordinator][INFO]Joined group 'kafka-python-default-group' (generation 647) with member_id kafka-python-1.3.1-f8ba6c17-9b31-4bb4-b235-79f21a3418b3
[2016-09-20 17:28:56,920][kafka.coordinator][INFO]Successfully joined group kafka-python-default-group with generation 647
[2016-09-20 17:28:56,920][kafka.consumer.subscription_state][INFO]Updated partition assignment: [TopicPartition(topic=u'spamtopic', partition=0)]
[2016-09-20 17:28:56,920][kafka.coordinator.consumer][INFO]Setting newly assigned partitions set([TopicPartition(topic=u'spamtopic', partition=0)]) for group kafka-python-default-group
[2016-09-20 17:28:59,928][kafka.coordinator][WARNING]Heartbeat failed for group kafka-python-default-group because it is rebalancing
[2016-09-20 17:28:59,928][kafka.coordinator][WARNING]Heartbeat failed ([Error 27] RebalanceInProgressError: ); retrying
[2016-09-20 17:29:00,029][kafka.coordinator][INFO]Skipping heartbeat: no auto-assignment or waiting on rebalance
[2016-09-20 17:29:00,430][kafka.coordinator.consumer][INFO]Revoking previously assigned partitions set([TopicPartition(topic=u'spamtopic', partition=0)]) for group kafka-python-default-group
[2016-09-20 17:29:00,430][kafka.coordinator][INFO](Re-)joining group kafka-python-default-group
[2016-09-20 17:29:00,433][kafka.coordinator][INFO]Joined group 'kafka-python-default-group' (generation 648) with member_id kafka-python-1.3.1-f8ba6c17-9b31-4bb4-b235-79f21a3418b3
[2016-09-20 17:29:00,434][kafka.coordinator][INFO]Successfully joined group kafka-python-default-group with generation 648
[2016-09-20 17:29:00,435][kafka.consumer.subscription_state][INFO]Updated partition assignment: [TopicPartition(topic=u'spamtopic', partition=0)]
[2016-09-20 17:29:00,435][kafka.coordinator.consumer][INFO]Setting newly assigned partitions set([TopicPartition(topic=u'spamtopic', partition=0)]) for group kafka-python-default-group
[2016-09-20 17:29:03,444][kafka.coordinator][WARNING]Heartbeat failed for group kafka-python-default-group because it is rebalancing
[2016-09-20 17:29:03,444][kafka.coordinator][WARNING]Heartbeat failed ([Error 27] RebalanceInProgressError: ); retrying
[2016-09-20 17:29:03,545][kafka.coordinator][INFO]Skipping heartbeat: no auto-assignment or waiting on rebalance
[2016-09-20 17:29:03,946][kafka.coordinator.consumer][INFO]Revoking previously assigned partitions set([TopicPartition(topic=u'spamtopic', partition=0)]) for group kafka-python-default-group
[2016-09-20 17:29:03,946][kafka.coordinator][INFO](Re-)joining group kafka-python-default-group
[2016-09-20 17:29:03,948][kafka.coordinator][INFO]Joined group 'kafka-python-default-group' (generation 649) with member_id kafka-python-1.3.1-f8ba6c17-9b31-4bb4-b235-79f21a3418b3
[2016-09-20 17:29:03,950][kafka.coordinator][INFO]Successfully joined group kafka-python-default-group with generation 649
[2016-09-20 17:29:03,950][kafka.consumer.subscription_state][INFO]Updated partition assignment: [TopicPartition(topic=u'spamtopic', partition=0)]
[2016-09-20 17:29:03,950][kafka.coordinator.consumer][INFO]Setting newly assigned partitions set([TopicPartition(topic=u'spamtopic', partition=0)]) for group kafka-python-default-group
[2016-09-20 17:29:06,959][kafka.coordinator][WARNING]Heartbeat failed for group kafka-python-default-group because it is rebalancing
[2016-09-20 17:29:06,959][kafka.coordinator][WARNING]Heartbeat failed ([Error 27] RebalanceInProgressError: ); retrying
[2016-09-20 17:29:07,060][kafka.coordinator][INFO]Skipping heartbeat: no auto-assignment or waiting on rebalance
[2016-09-20 17:29:07,461][kafka.coordinator.consumer][INFO]Revoking previously assigned partitions set([TopicPartition(topic=u'spamtopic', partition=0)]) for group kafka-python-default-group
[2016-09-20 17:29:07,462][kafka.coordinator][INFO](Re-)joining group kafka-python-default-group
[2016-09-20 17:29:07,463][kafka.coordinator][INFO]Joined group 'kafka-python-default-group' (generation 650) with member_id kafka-python-1.3.1-f8ba6c17-9b31-4bb4-b235-79f21a3418b3
[2016-09-20 17:29:07,467][kafka.coordinator][INFO]Successfully joined group kafka-python-default-group with generation 650
[2016-09-20 17:29:07,467][kafka.consumer.subscription_state][INFO]Updated partition assignment: [TopicPartition(topic=u'spamtopic', partition=0)]
[2016-09-20 17:29:07,467][kafka.coordinator.consumer][INFO]Setting newly assigned partitions set([TopicPartition(topic=u'spamtopic', partition=0)]) for group kafka-python-default-group
[2016-09-20 17:29:10,475][kafka.coordinator][WARNING]Heartbeat failed for group kafka-python-default-group because it is rebalancing
[2016-09-20 17:29:10,475][kafka.coordinator][WARNING]Heartbeat failed ([Error 27] RebalanceInProgressError: ); retrying
[2016-09-20 17:29:10,576][kafka.coordinator][INFO]Skipping heartbeat: no auto-assignment or waiting on rebalance
[2016-09-20 17:29:10,976][kafka.coordinator.consumer][INFO]Revoking previously assigned partitions set([TopicPartition(topic=u'spamtopic', partition=0)]) for group kafka-python-default-group
[2016-09-20 17:29:10,976][kafka.coordinator][INFO](Re-)joining group kafka-python-default-group
[2016-09-20 17:29:10,978][kafka.coordinator][INFO]Joined group 'kafka-python-default-group' (generation 651) with member_id kafka-python-1.3.1-f8ba6c17-9b31-4bb4-b235-79f21a3418b3
[2016-09-20 17:29:10,982][kafka.coordinator][INFO]Successfully joined group kafka-python-default-group with generation 651
[2016-09-20 17:29:10,982][kafka.consumer.subscription_state][INFO]Updated partition assignment: [TopicPartition(topic=u'spamtopic', partition=0)]
[2016-09-20 17:29:10,983][kafka.coordinator.consumer][INFO]Setting newly assigned partitions set([TopicPartition(topic=u'spamtopic', partition=0)]) for group kafka-python-default-group
[2016-09-20 17:29:13,991][kafka.coordinator][WARNING]Heartbeat failed for group kafka-python-default-group because it is rebalancing
[2016-09-20 17:29:13,991][kafka.coordinator][WARNING]Heartbeat failed ([Error 27] RebalanceInProgressError: ); retrying
[2016-09-20 17:29:14,093][kafka.coordinator][INFO]Skipping heartbeat: no auto-assignment or waiting on rebalance
[2016-09-20 17:29:14,493][kafka.coordinator.consumer][INFO]Revoking previously assigned partitions set([TopicPartition(topic=u'spamtopic', partition=0)]) for group kafka-python-default-group
[2016-09-20 17:29:14,493][kafka.coordinator][INFO](Re-)joining group kafka-python-default-group
[2016-09-20 17:29:14,494][kafka.coordinator][INFO]Joined group 'kafka-python-default-group' (generation 652) with member_id kafka-python-1.3.1-f8ba6c17-9b31-4bb4-b235-79f21a3418b3
[2016-09-20 17:29:14,497][kafka.coordinator][INFO]Successfully joined group kafka-python-default-group with generation 652
[2016-09-20 17:29:14,497][kafka.consumer.subscription_state][INFO]Updated partition assignment: [TopicPartition(topic=u'spamtopic', partition=0)]
[2016-09-20 17:29:14,498][kafka.coordinator.consumer][INFO]Setting newly assigned partitions set([TopicPartition(topic=u'spamtopic', partition=0)]) for group kafka-python-default-group
[2016-09-20 17:29:17,506][kafka.coordinator][WARNING]Heartbeat failed for group kafka-python-default-group because it is rebalancing
[2016-09-20 17:29:17,506][kafka.coordinator][WARNING]Heartbeat failed ([Error 27] RebalanceInProgressError: ); retrying
[2016-09-20 17:29:17,607][kafka.coordinator][INFO]Skipping heartbeat: no auto-assignment or waiting on rebalance
[2016-09-20 17:29:18,007][kafka.coordinator.consumer][INFO]Revoking previously assigned partitions set([TopicPartition(topic=u'spamtopic', partition=0)]) for group kafka-python-default-group
[2016-09-20 17:29:18,007][kafka.coordinator][INFO](Re-)joining group kafka-python-default-group
[2016-09-20 17:29:18,008][kafka.coordinator][INFO]Joined group 'kafka-python-default-group' (generation 653) with member_id kafka-python-1.3.1-f8ba6c17-9b31-4bb4-b235-79f21a3418b3
[2016-09-20 17:29:18,010][kafka.coordinator][INFO]Successfully joined group kafka-python-default-group with generation 653
[2016-09-20 17:29:18,011][kafka.consumer.subscription_state][INFO]Updated partition assignment: [TopicPartition(topic=u'spamtopic', partition=0)]
[2016-09-20 17:29:18,011][kafka.coordinator.consumer][INFO]Setting newly assigned partitions set([TopicPartition(topic=u'spamtopic', partition=0)]) for group kafka-python-default-group
[2016-09-20 17:29:21,022][kafka.coordinator][WARNING]Heartbeat failed for group kafka-python-default-group because it is rebalancing
[2016-09-20 17:29:21,022][kafka.coordinator][WARNING]Heartbeat failed ([Error 27] RebalanceInProgressError: ); retrying
[2016-09-20 17:29:21,123][kafka.coordinator][INFO]Skipping heartbeat: no auto-assignment or waiting on rebalance
[2016-09-20 17:29:21,524][kafka.coordinator.consumer][INFO]Revoking previously assigned partitions set([TopicPartition(topic=u'spamtopic', partition=0)]) for group kafka-python-default-group
[2016-09-20 17:29:21,524][kafka.coordinator][INFO](Re-)joining group kafka-python-default-group
[2016-09-20 17:29:21,525][kafka.coordinator][INFO]Joined group 'kafka-python-default-group' (generation 654) with member_id kafka-python-1.3.1-f8ba6c17-9b31-4bb4-b235-79f21a3418b3
[2016-09-20 17:29:21,527][kafka.coordinator][INFO]Successfully joined group kafka-python-default-group with generation 654
[2016-09-20 17:29:21,527][kafka.consumer.subscription_state][INFO]Updated partition assignment: [TopicPartition(topic=u'spamtopic', partition=0)]
[2016-09-20 17:29:21,527][kafka.coordinator.consumer][INFO]Setting newly assigned partitions set([TopicPartition(topic=u'spamtopic', partition=0)]) for group kafka-python-default-group
[2016-09-20 17:29:24,536][kafka.coordinator][WARNING]Heartbeat failed for group kafka-python-default-group because it is rebalancing
[2016-09-20 17:29:24,536][kafka.coordinator][WARNING]Heartbeat failed ([Error 27] RebalanceInProgressError: ); retrying
[2016-09-20 17:29:24,637][kafka.coordinator][INFO]Skipping heartbeat: no auto-assignment or waiting on rebalance
[2016-09-20 17:29:25,038][kafka.coordinator.consumer][INFO]Revoking previously assigned partitions set([TopicPartition(topic=u'spamtopic', partition=0)]) for group kafka-python-default-group
[2016-09-20 17:29:25,039][kafka.coordinator][INFO](Re-)joining group kafka-python-default-group
[2016-09-20 17:29:25,040][kafka.coordinator][INFO]Joined group 'kafka-python-default-group' (generation 655) with member_id kafka-python-1.3.1-f8ba6c17-9b31-4bb4-b235-79f21a3418b3
[2016-09-20 17:29:25,042][kafka.coordinator][INFO]Successfully joined group kafka-python-default-group with generation 655
[2016-09-20 17:29:25,042][kafka.consumer.subscription_state][INFO]Updated partition assignment: [TopicPartition(topic=u'spamtopic', partition=0)]
[2016-09-20 17:29:25,042][kafka.coordinator.consumer][INFO]Setting newly assigned partitions set([TopicPartition(topic=u'spamtopic', partition=0)]) for group kafka-python-default-group
[2016-09-20 17:29:28,051][kafka.coordinator][WARNING]Heartbeat failed for group kafka-python-default-group because it is rebalancing
[2016-09-20 17:29:28,051][kafka.coordinator][WARNING]Heartbeat failed ([Error 27] RebalanceInProgressError: ); retrying
[2016-09-20 17:29:28,152][kafka.coordinator][INFO]Skipping heartbeat: no auto-assignment or waiting on rebalance
[2016-09-20 17:29:28,553][kafka.coordinator.consumer][INFO]Revoking previously assigned partitions set([TopicPartition(topic=u'spamtopic', partition=0)]) for group kafka-python-default-group
[2016-09-20 17:29:28,553][kafka.coordinator][INFO](Re-)joining group kafka-python-default-group
[2016-09-20 17:29:28,555][kafka.coordinator][INFO]Joined group 'kafka-python-default-group' (generation 656) with member_id kafka-python-1.3.1-f8ba6c17-9b31-4bb4-b235-79f21a3418b3
[2016-09-20 17:29:28,556][kafka.coordinator][INFO]Successfully joined group kafka-python-default-group with generation 656
[2016-09-20 17:29:28,557][kafka.consumer.subscription_state][INFO]Updated partition assignment: [TopicPartition(topic=u'spamtopic', partition=0)]
[2016-09-20 17:29:28,557][kafka.coordinator.consumer][INFO]Setting newly assigned partitions set([TopicPartition(topic=u'spamtopic', partition=0)]) for group kafka-python-default-group
[2016-09-20 17:29:31,566][kafka.coordinator][WARNING]Heartbeat failed for group kafka-python-default-group because it is rebalancing
[2016-09-20 17:29:31,566][kafka.coordinator][WARNING]Heartbeat failed ([Error 27] RebalanceInProgressError: ); retrying
[2016-09-20 17:29:31,668][kafka.coordinator][INFO]Skipping heartbeat: no auto-assignment or waiting on rebalance
[2016-09-20 17:29:32,068][kafka.coordinator.consumer][INFO]Revoking previously assigned partitions set([TopicPartition(topic=u'spamtopic', partition=0)]) for group kafka-python-default-group
[2016-09-20 17:29:32,068][kafka.coordinator][INFO](Re-)joining group kafka-python-default-group
[2016-09-20 17:29:32,070][kafka.coordinator][INFO]Joined group 'kafka-python-default-group' (generation 657) with member_id kafka-python-1.3.1-f8ba6c17-9b31-4bb4-b235-79f21a3418b3
[2016-09-20 17:29:32,072][kafka.coordinator][INFO]Successfully joined group kafka-python-default-group with generation 657
[2016-09-20 17:29:32,072][kafka.consumer.subscription_state][INFO]Updated partition assignment: [TopicPartition(topic=u'spamtopic', partition=0)]
[2016-09-20 17:29:32,072][kafka.coordinator.consumer][INFO]Setting newly assigned partitions set([TopicPartition(topic=u'spamtopic', partition=0)]) for group kafka-python-default-group
[2016-09-20 17:29:35,084][kafka.coordinator][WARNING]Heartbeat failed for group kafka-python-default-group because it is rebalancing
[2016-09-20 17:29:35,084][kafka.coordinator][WARNING]Heartbeat failed ([Error 27] RebalanceInProgressError: ); retrying
[2016-09-20 17:29:35,185][kafka.coordinator][INFO]Skipping heartbeat: no auto-assignment or waiting on rebalance
[2016-09-20 17:29:35,586][kafka.coordinator.consumer][INFO]Revoking previously assigned partitions set([TopicPartition(topic=u'spamtopic', partition=0)]) for group kafka-python-default-group
[2016-09-20 17:29:35,586][kafka.coordinator][INFO](Re-)joining group kafka-python-default-group
[2016-09-20 17:29:35,588][kafka.coordinator][INFO]Joined group 'kafka-python-default-group' (generation 658) with member_id kafka-python-1.3.1-f8ba6c17-9b31-4bb4-b235-79f21a3418b3
[2016-09-20 17:29:35,589][kafka.coordinator][INFO]Successfully joined group kafka-python-default-group with generation 658
[2016-09-20 17:29:35,590][kafka.consumer.subscription_state][INFO]Updated partition assignment: [TopicPartition(topic=u'spamtopic', partition=0)]
[2016-09-20 17:29:35,590][kafka.coordinator.consumer][INFO]Setting newly assigned partitions set([TopicPartition(topic=u'spamtopic', partition=0)]) for group kafka-python-default-group
[2016-09-20 17:29:38,599][kafka.coordinator][WARNING]Heartbeat failed for group kafka-python-default-group because it is rebalancing
[2016-09-20 17:29:38,599][kafka.coordinator][WARNING]Heartbeat failed ([Error 27] RebalanceInProgressError: ); retrying
[2016-09-20 17:29:38,700][kafka.coordinator][INFO]Skipping heartbeat: no auto-assignment or waiting on rebalance
[2016-09-20 17:29:39,101][kafka.coordinator.consumer][INFO]Revoking previously assigned partitions set([TopicPartition(topic=u'spamtopic', partition=0)]) for group kafka-python-default-group
[2016-09-20 17:29:39,101][kafka.coordinator][INFO](Re-)joining group kafka-python-default-group
[2016-09-20 17:29:39,102][kafka.coordinator][INFO]Joined group 'kafka-python-default-group' (generation 659) with member_id kafka-python-1.3.1-f8ba6c17-9b31-4bb4-b235-79f21a3418b3
[2016-09-20 17:29:39,104][kafka.coordinator][INFO]Successfully joined group kafka-python-default-group with generation 659
[2016-09-20 17:29:39,105][kafka.consumer.subscription_state][INFO]Updated partition assignment: [TopicPartition(topic=u'spamtopic', partition=0)]
[2016-09-20 17:29:39,105][kafka.coordinator.consumer][INFO]Setting newly assigned partitions set([TopicPartition(topic=u'spamtopic', partition=0)]) for group kafka-python-default-group
[2016-09-20 17:29:42,113][kafka.coordinator][WARNING]Heartbeat failed for group kafka-python-default-group because it is rebalancing
[2016-09-20 17:29:42,113][kafka.coordinator][WARNING]Heartbeat failed ([Error 27] RebalanceInProgressError: ); retrying
[2016-09-20 17:29:42,214][kafka.coordinator][INFO]Skipping heartbeat: no auto-assignment or waiting on rebalance
[2016-09-20 17:29:42,616][kafka.coordinator.consumer][INFO]Revoking previously assigned partitions set([TopicPartition(topic=u'spamtopic', partition=0)]) for group kafka-python-default-group
[2016-09-20 17:29:42,616][kafka.coordinator][INFO](Re-)joining group kafka-python-default-group
[2016-09-20 17:29:42,618][kafka.coordinator][INFO]Joined group 'kafka-python-default-group' (generation 660) with member_id kafka-python-1.3.1-f8ba6c17-9b31-4bb4-b235-79f21a3418b3
[2016-09-20 17:29:42,620][kafka.coordinator][INFO]Successfully joined group kafka-python-default-group with generation 660
[2016-09-20 17:29:42,620][kafka.consumer.subscription_state][INFO]Updated partition assignment: [TopicPartition(topic=u'spamtopic', partition=0)]
[2016-09-20 17:29:42,620][kafka.coordinator.consumer][INFO]Setting newly assigned partitions set([TopicPartition(topic=u'spamtopic', partition=0)]) for group kafka-python-default-group
[2016-09-20 17:29:45,631][kafka.coordinator][WARNING]Heartbeat failed for group kafka-python-default-group because it is rebalancing
[2016-09-20 17:29:45,631][kafka.coordinator][WARNING]Heartbeat failed ([Error 27] RebalanceInProgressError: ); retrying
[2016-09-20 17:29:45,732][kafka.coordinator][INFO]Skipping heartbeat: no auto-assignment or waiting on rebalance
[2016-09-20 17:29:46,132][kafka.coordinator.consumer][INFO]Revoking previously assigned partitions set([TopicPartition(topic=u'spamtopic', partition=0)]) for group kafka-python-default-group
[2016-09-20 17:29:46,133][kafka.coordinator][INFO](Re-)joining group kafka-python-default-group
[2016-09-20 17:29:46,134][kafka.coordinator][INFO]Joined group 'kafka-python-default-group' (generation 661) with member_id kafka-python-1.3.1-f8ba6c17-9b31-4bb4-b235-79f21a3418b3
[2016-09-20 17:29:46,138][kafka.coordinator][INFO]Successfully joined group kafka-python-default-group with generation 661
[2016-09-20 17:29:46,138][kafka.consumer.subscription_state][INFO]Updated partition assignment: [TopicPartition(topic=u'spamtopic', partition=0)]
[2016-09-20 17:29:46,138][kafka.coordinator.consumer][INFO]Setting newly assigned partitions set([TopicPartition(topic=u'spamtopic', partition=0)]) for group kafka-python-default-group
[2016-09-20 17:29:49,146][kafka.coordinator][WARNING]Heartbeat failed for group kafka-python-default-group because it is rebalancing
[2016-09-20 17:29:49,147][kafka.coordinator][WARNING]Heartbeat failed ([Error 27] RebalanceInProgressError: ); retrying
[2016-09-20 17:29:49,248][kafka.coordinator][INFO]Skipping heartbeat: no auto-assignment or waiting on rebalance
[2016-09-20 17:29:49,648][kafka.coordinator.consumer][INFO]Revoking previously assigned partitions set([TopicPartition(topic=u'spamtopic', partition=0)]) for group kafka-python-default-group
[2016-09-20 17:29:49,649][kafka.coordinator][INFO](Re-)joining group kafka-python-default-group
[2016-09-20 17:29:49,650][kafka.coordinator][INFO]Joined group 'kafka-python-default-group' (generation 662) with member_id kafka-python-1.3.1-f8ba6c17-9b31-4bb4-b235-79f21a3418b3
[2016-09-20 17:29:49,653][kafka.coordinator][INFO]Successfully joined group kafka-python-default-group with generation 662
[2016-09-20 17:29:49,653][kafka.consumer.subscription_state][INFO]Updated partition assignment: [TopicPartition(topic=u'spamtopic', partition=0)]
[2016-09-20 17:29:49,653][kafka.coordinator.consumer][INFO]Setting newly assigned partitions set([TopicPartition(topic=u'spamtopic', partition=0)]) for group kafka-python-default-group
[2016-09-20 17:29:52,662][kafka.coordinator][WARNING]Heartbeat failed for group kafka-python-default-group because it is rebalancing
[2016-09-20 17:29:52,663][kafka.coordinator][WARNING]Heartbeat failed ([Error 27] RebalanceInProgressError: ); retrying
[2016-09-20 17:29:52,764][kafka.coordinator][INFO]Skipping heartbeat: no auto-assignment or waiting on rebalance
[2016-09-20 17:29:53,164][kafka.coordinator.consumer][INFO]Revoking previously assigned partitions set([TopicPartition(topic=u'spamtopic', partition=0)]) for group kafka-python-default-group
[2016-09-20 17:29:53,164][kafka.coordinator][INFO](Re-)joining group kafka-python-default-group
[2016-09-20 17:29:53,165][kafka.coordinator][INFO]Joined group 'kafka-python-default-group' (generation 663) with member_id kafka-python-1.3.1-f8ba6c17-9b31-4bb4-b235-79f21a3418b3
[2016-09-20 17:29:53,167][kafka.coordinator][INFO]Successfully joined group kafka-python-default-group with generation 663
[2016-09-20 17:29:53,167][kafka.consumer.subscription_state][INFO]Updated partition assignment: [TopicPartition(topic=u'spamtopic', partition=0)]
[2016-09-20 17:29:53,168][kafka.coordinator.consumer][INFO]Setting newly assigned partitions set([TopicPartition(topic=u'spamtopic', partition=0)]) for group kafka-python-default-group
[2016-09-20 17:29:56,178][kafka.coordinator][WARNING]Heartbeat failed for group kafka-python-default-group because it is rebalancing
[2016-09-20 17:29:56,178][kafka.coordinator][WARNING]Heartbeat failed ([Error 27] RebalanceInProgressError: ); retrying
[2016-09-20 17:29:56,279][kafka.coordinator][INFO]Skipping heartbeat: no auto-assignment or waiting on rebalance
[2016-09-20 17:29:56,679][kafka.coordinator.consumer][INFO]Revoking previously assigned partitions set([TopicPartition(topic=u'spamtopic', partition=0)]) for group kafka-python-default-group
[2016-09-20 17:29:56,680][kafka.coordinator][INFO](Re-)joining group kafka-python-default-group
[2016-09-20 17:29:56,682][kafka.coordinator][INFO]Joined group 'kafka-python-default-group' (generation 664) with member_id kafka-python-1.3.1-f8ba6c17-9b31-4bb4-b235-79f21a3418b3
[2016-09-20 17:29:56,685][kafka.coordinator][INFO]Successfully joined group kafka-python-default-group with generation 664
[2016-09-20 17:29:56,686][kafka.consumer.subscription_state][INFO]Updated partition assignment: [TopicPartition(topic=u'spamtopic', partition=0)]
[2016-09-20 17:29:56,686][kafka.coordinator.consumer][INFO]Setting newly assigned partitions set([TopicPartition(topic=u'spamtopic', partition=0)]) for group kafka-python-default-group
[2016-09-20 17:29:59,695][kafka.coordinator][WARNING]Heartbeat failed for group kafka-python-default-group because it is rebalancing
[2016-09-20 17:29:59,695][kafka.coordinator][WARNING]Heartbeat failed ([Error 27] RebalanceInProgressError: ); retrying
[2016-09-20 17:29:59,796][kafka.coordinator][INFO]Skipping heartbeat: no auto-assignment or waiting on rebalance
[2016-09-20 17:30:00,198][kafka.coordinator.consumer][INFO]Revoking previously assigned partitions set([TopicPartition(topic=u'spamtopic', partition=0)]) for group kafka-python-default-group
[2016-09-20 17:30:00,198][kafka.coordinator][INFO](Re-)joining group kafka-python-default-group
[2016-09-20 17:30:00,199][kafka.coordinator][INFO]Joined group 'kafka-python-default-group' (generation 665) with member_id kafka-python-1.3.1-f8ba6c17-9b31-4bb4-b235-79f21a3418b3
[2016-09-20 17:30:00,201][kafka.coordinator][INFO]Successfully joined group kafka-python-default-group with generation 665
[2016-09-20 17:30:00,201][kafka.consumer.subscription_state][INFO]Updated partition assignment: [TopicPartition(topic=u'spamtopic', partition=0)]
[2016-09-20 17:30:00,201][kafka.coordinator.consumer][INFO]Setting newly assigned partitions set([TopicPartition(topic=u'spamtopic', partition=0)]) for group kafka-python-default-group
[2016-09-20 17:30:03,211][kafka.coordinator][WARNING]Heartbeat failed for group kafka-python-default-group because it is rebalancing
[2016-09-20 17:30:03,211][kafka.coordinator][WARNING]Heartbeat failed ([Error 27] RebalanceInProgressError: ); retrying
[2016-09-20 17:30:03,312][kafka.coordinator][INFO]Skipping heartbeat: no auto-assignment or waiting on rebalance
[2016-09-20 17:30:03,713][kafka.coordinator.consumer][INFO]Revoking previously assigned partitions set([TopicPartition(topic=u'spamtopic', partition=0)]) for group kafka-python-default-group
[2016-09-20 17:30:03,713][kafka.coordinator][INFO](Re-)joining group kafka-python-default-group
[2016-09-20 17:30:03,714][kafka.coordinator][INFO]Joined group 'kafka-python-default-group' (generation 666) with member_id kafka-python-1.3.1-f8ba6c17-9b31-4bb4-b235-79f21a3418b3
[2016-09-20 17:30:03,717][kafka.coordinator][INFO]Successfully joined group kafka-python-default-group with generation 666
[2016-09-20 17:30:03,717][kafka.consumer.subscription_state][INFO]Updated partition assignment: [TopicPartition(topic=u'spamtopic', partition=0)]
[2016-09-20 17:30:03,717][kafka.coordinator.consumer][INFO]Setting newly assigned partitions set([TopicPartition(topic=u'spamtopic', partition=0)]) for group kafka-python-default-group
[2016-09-20 17:30:06,727][kafka.coordinator][WARNING]Heartbeat failed for group kafka-python-default-group because it is rebalancing
[2016-09-20 17:30:06,728][kafka.coordinator][WARNING]Heartbeat failed ([Error 27] RebalanceInProgressError: ); retrying
[2016-09-20 17:30:06,829][kafka.coordinator][INFO]Skipping heartbeat: no auto-assignment or waiting on rebalance
[2016-09-20 17:30:07,229][kafka.coordinator.consumer][INFO]Revoking previously assigned partitions set([TopicPartition(topic=u'spamtopic', partition=0)]) for group kafka-python-default-group
[2016-09-20 17:30:07,229][kafka.coordinator][INFO](Re-)joining group kafka-python-default-group
[2016-09-20 17:30:07,230][kafka.coordinator][INFO]Joined group 'kafka-python-default-group' (generation 667) with member_id kafka-python-1.3.1-f8ba6c17-9b31-4bb4-b235-79f21a3418b3
[2016-09-20 17:30:07,232][kafka.coordinator][INFO]Successfully joined group kafka-python-default-group with generation 667
[2016-09-20 17:30:07,232][kafka.consumer.subscription_state][INFO]Updated partition assignment: [TopicPartition(topic=u'spamtopic', partition=0)]
[2016-09-20 17:30:07,232][kafka.coordinator.consumer][INFO]Setting newly assigned partitions set([TopicPartition(topic=u'spamtopic', partition=0)]) for group kafka-python-default-group
[2016-09-20 17:30:10,242][kafka.coordinator][WARNING]Heartbeat failed for group kafka-python-default-group because it is rebalancing
[2016-09-20 17:30:10,242][kafka.coordinator][WARNING]Heartbeat failed ([Error 27] RebalanceInProgressError: ); retrying
[2016-09-20 17:30:10,343][kafka.coordinator][INFO]Skipping heartbeat: no auto-assignment or waiting on rebalance
[2016-09-20 17:30:10,743][kafka.coordinator.consumer][INFO]Revoking previously assigned partitions set([TopicPartition(topic=u'spamtopic', partition=0)]) for group kafka-python-default-group
[2016-09-20 17:30:10,743][kafka.coordinator][INFO](Re-)joining group kafka-python-default-group
[2016-09-20 17:30:10,746][kafka.coordinator][INFO]Joined group 'kafka-python-default-group' (generation 668) with member_id kafka-python-1.3.1-f8ba6c17-9b31-4bb4-b235-79f21a3418b3
[2016-09-20 17:30:10,748][kafka.coordinator][INFO]Successfully joined group kafka-python-default-group with generation 668
[2016-09-20 17:30:10,748][kafka.consumer.subscription_state][INFO]Updated partition assignment: [TopicPartition(topic=u'spamtopic', partition=0)]
[2016-09-20 17:30:10,749][kafka.coordinator.consumer][INFO]Setting newly assigned partitions set([TopicPartition(topic=u'spamtopic', partition=0)]) for group kafka-python-default-group
[2016-09-20 17:30:13,757][kafka.coordinator][WARNING]Heartbeat failed for group kafka-python-default-group because it is rebalancing
[2016-09-20 17:30:13,757][kafka.coordinator][WARNING]Heartbeat failed ([Error 27] RebalanceInProgressError: ); retrying
[2016-09-20 17:30:13,858][kafka.coordinator][INFO]Skipping heartbeat: no auto-assignment or waiting on rebalance
[2016-09-20 17:30:14,260][kafka.coordinator.consumer][INFO]Revoking previously assigned partitions set([TopicPartition(topic=u'spamtopic', partition=0)]) for group kafka-python-default-group
[2016-09-20 17:30:14,260][kafka.coordinator][INFO](Re-)joining group kafka-python-default-group
[2016-09-20 17:30:14,262][kafka.coordinator][INFO]Joined group 'kafka-python-default-group' (generation 669) with member_id kafka-python-1.3.1-f8ba6c17-9b31-4bb4-b235-79f21a3418b3
[2016-09-20 17:30:14,264][kafka.coordinator][INFO]Successfully joined group kafka-python-default-group with generation 669
[2016-09-20 17:30:14,264][kafka.consumer.subscription_state][INFO]Updated partition assignment: [TopicPartition(topic=u'spamtopic', partition=0)]
[2016-09-20 17:30:14,264][kafka.coordinator.consumer][INFO]Setting newly assigned partitions set([TopicPartition(topic=u'spamtopic', partition=0)]) for group kafka-python-default-group
[2016-09-20 17:30:17,274][kafka.coordinator][WARNING]Heartbeat failed for group kafka-python-default-group because it is rebalancing
[2016-09-20 17:30:17,274][kafka.coordinator][WARNING]Heartbeat failed ([Error 27] RebalanceInProgressError: ); retrying
[2016-09-20 17:30:17,375][kafka.coordinator][INFO]Skipping heartbeat: no auto-assignment or waiting on rebalance
[2016-09-20 17:30:17,776][kafka.coordinator.consumer][INFO]Revoking previously assigned partitions set([TopicPartition(topic=u'spamtopic', partition=0)]) for group kafka-python-default-group
[2016-09-20 17:30:17,777][kafka.coordinator][INFO](Re-)joining group kafka-python-default-group
[2016-09-20 17:30:17,778][kafka.coordinator][INFO]Joined group 'kafka-python-default-group' (generation 670) with member_id kafka-python-1.3.1-f8ba6c17-9b31-4bb4-b235-79f21a3418b3
[2016-09-20 17:30:17,780][kafka.coordinator][INFO]Successfully joined group kafka-python-default-group with generation 670
[2016-09-20 17:30:17,780][kafka.consumer.subscription_state][INFO]Updated partition assignment: [TopicPartition(topic=u'spamtopic', partition=0)]
[2016-09-20 17:30:17,780][kafka.coordinator.consumer][INFO]Setting newly assigned partitions set([TopicPartition(topic=u'spamtopic', partition=0)]) for group kafka-python-default-group
