Beginning task setup

/usr/bin/flock
Using existing venv: /tmp/petrel-spam-3-1474326247/venv
Task setup took 0 seconds
Launching: python -m petrel.run kafkaconsumer /home/pipe/topology/TopologyTweetTransformationSPAM/petrel12676_kafkaconsumer.log
/usr/local/lib/python2.7/dist-packages/petrel-1.0.1.0.3-py2.7.egg/petrel/run.py invoked with the following arguments: ['kafkaconsumer', '/home/pipe/topology/TopologyTweetTransformationSPAM/petrel12676_kafkaconsumer.log']
python version: 2.7.12
user=root
PATH=/tmp/petrel-spam-3-1474326247/venv/bin:/usr/local/sbin:/usr/local/bin:/usr/sbin:/usr/bin:/sbin:/bin:/snap/bin
LD_LIBRARY_PATH=/home/apache-storm-1.0.1/data/supervisor/stormdist/spam-3-1474326247/resources/Linux-amd64:/home/apache-storm-1.0.1/data/supervisor/stormdist/spam-3-1474326247/resources:/usr/local/lib:/opt/local/lib:/usr/lib
PYTHON_EGG_CACHE=/tmp/petrel-spam-3-1474326247/egg_cache
[2016-09-20 01:18:31,680][storm][INFO]Tuple profiling enabled. Will log tuple processing times.
[2016-09-20 01:18:31,868][storm][INFO]Task received setupInfo from Storm: {'pidDir': '/home/apache-storm-1.0.1/data/workers/582273b5-6ea7-46b1-be53-a76c8ad8c5c9/pids', 'conf': {'storm.group.mapping.service.params': None, 'topology.tuple.serializer': 'org.apache.storm.serialization.types.ListDelegateSerializer', 'topology.workers': 1, 'drpc.worker.threads': 64, 'ui.filter.params': None, 'transactional.zookeeper.root': '/transactional', 'logviewer.cleanup.age.mins': 10080, 'worker.profiler.command': 'flight.bash', 'topology.executor.send.buffer.size': 1024, 'nimbus.file.copy.expiration.secs': 600, 'oauth.acess_token': ' 702208758362087425-HZiyl1x7Bh98cQa1WLBDYylyu10Bpl7', 'drpc.childopts': '-Xmx768m', 'nimbus.thrift.port': 6627, 'topology.disruptor.wait.timeout.millis': 1000, 'storm.zookeeper.retry.intervalceiling.millis': 30000, 'storm.local.dir': '/home/apache-storm-1.0.1/data', 'storm.auth.simple-acl.users': [], 'drpc.invocations.threads': 64, 'storm.zookeeper.superACL': None, 'storm.cluster.state.store': 'org.apache.storm.cluster_state.zookeeper_state_factory', 'storm.codedistributor.class': 'org.apache.storm.codedistributor.LocalFileSystemCodeDistributor', 'drpc.https.keystore.password': '', 'supervisor.blobstore.download.max_retries': 3, 'pacemaker.kerberos.users': [], 'storm.messaging.netty.client_worker_threads': 1, 'oauth.consumer_secret': 'ADf76fi3O1lKMzBxWnjqf93l3GHv28uar3bkblkvyBrAyoA23i', 'topology.component.resources.offheap.memory.mb': 0.0, 'supervisor.heartbeat.frequency.secs': 5, 'storm.group.mapping.service.cache.duration.secs': 120, 'storm.group.mapping.service': 'org.apache.storm.security.auth.ShellBasedGroupsMapping', 'storm.workers.artifacts.dir': 'workers-artifacts', 'drpc.request.timeout.secs': 600, 'pacemaker.childopts': '-Xmx1024m', 'nimbus.seeds': ['localhost'], 'topology.shellbolt.max.pending': 100, 'topology.min.replication.count': 1, 'topology.skip.missing.kryo.registrations': False, 'worker.heartbeat.frequency.secs': 1, 'storm.auth.simple-acl.users.commands': [], 'storm.zookepeer.port': 2181, 'zmq.hwm': 0, 'topology.worker.shared.thread.pool.size': 4, 'storm.zookeeper.connection.timeout': 15000, 'java.library.path': '/usr/local/lib:/opt/local/lib:/usr/lib', 'logviewer.max.sum.worker.logs.size.mb': 4096, 'task.refresh.poll.secs': 10, 'topology.max.error.report.per.interval': 5, 'topology.worker.logwriter.childopts': '-Xmx64m', 'ui.actions.enabled': True, 'storm.health.check.timeout.ms': 5000, 'topology.scheduler.strategy': 'org.apache.storm.scheduler.resource.strategies.scheduling.DefaultResourceAwareStrategy', 'ui.host': '0.0.0.0', 'storm.messaging.netty.server_worker_threads': 1, 'topology.disruptor.batch.size': 100, 'storm.id': 'spam-3-1474326247', 'supervisor.worker.start.timeout.secs': 120, 'zmq.threads': 1, 'topology.acker.executors': None, 'pacemaker.thread.timeout': 10, 'storm.local.mode.zmq': False, 'topology.eventlogger.executors': 0, 'topology.tick.tuple.freq.secs': 30, 'supervisor.memory.capacity.mb': 3072.0, 'supervisor.worker.shutdown.sleep.secs': 1, 'pacemaker.base.threads': 10, 'drpc.http.creds.plugin': 'org.apache.storm.security.auth.DefaultHttpCredentialsPlugin', 'storm.zookeeper.servers': ['localhost'], 'supervisor.localizer.cache.target.size.mb': 10240, 'storm.messaging.netty.transfer.batch.size': 262144, 'resource.aware.scheduler.eviction.strategy': 'org.apache.storm.scheduler.resource.strategies.eviction.DefaultEvictionStrategy', 'topology.environment': None, 'storm.zookeeper.port': 2181, 'storm.auth.simple-acl.admins': [], 'pacemaker.host': 'localhost', 'nimbus.childopts': '-Xmx1024m', 'storm.principal.tolocal': 'org.apache.storm.security.auth.DefaultPrincipalToLocal', 'storm.nimbus.retry.times': 5, 'topology.classpath': None, 'drpc.authorizer.acl.filename': 'drpc-auth-acl.yaml', 'topology.bolts.outgoing.overflow.buffer.enable': False, 'nimbus.credential.renewers.freq.secs': 600, 'worker.childopts': '-Xmx%HEAP-MEM%m -XX:+PrintGCDetails -Xloggc:artifacts/gc.log -XX:+PrintGCDateStamps -XX:+PrintGCTimeStamps -XX:+UseGCLogFileRotation -XX:NumberOfGCLogFiles=10 -XX:GCLogFileSize=1M -XX:+HeapDumpOnOutOfMemoryError -XX:HeapDumpPath=artifacts/heapdump', 'drpc.queue.size': 128, 'supervisor.blobstore.class': 'org.apache.storm.blobstore.NimbusBlobStore', 'topology.multilang.serializer': 'org.apache.storm.multilang.JsonSerializer', 'storm.zookeeper.retry.times': 5, 'topology.disable.loadaware': False, 'supervisor.run.worker.as.user': False, 'storm.blobstore.replication.factor': 3, 'worker.profiler.childopts': '-XX:+UnlockCommercialFeatures -XX:+FlightRecorder', 'nimbus.thrift.threads': 64, 'nimbus.monitor.freq.secs': 10, 'storm.blobstore.inputstream.buffer.size.bytes': 65536, 'dev.zookeeper.path': '/tmp/dev-storm-zookeeper', 'topology.users': [], 'storm.daemon.metrics.reporter.plugins': ['org.apache.storm.daemon.metrics.reporters.JmxPreparableReporter'], 'storm.exhibitor.poll.uripath': '/exhibitor/v1/cluster/list', 'pacemaker.max.threads': 50, 'drpc.https.keystore.type': 'JKS', 'topology.tasks': None, 'storm.zookeeper.root': '/storm', 'logviewer.childopts': '-Xmx128m', 'topology.max.replication.wait.time.sec': 60, 'worker.gc.childopts': '', 'backpressure.disruptor.low.watermark': 0.4, 'storm.meta.serialization.delegate': 'org.apache.storm.serialization.GzipThriftSerializationDelegate', 'transactional.zookeeper.port': None, 'drpc.max_buffer_size': 1048576, 'topology.worker.childopts': None, 'storm.auth.simple-white-list.users': [], 'topology.max.spout.pending': None, 'nimbus.topology.validator': 'org.apache.storm.nimbus.DefaultTopologyValidator', 'topology.kryo.register': None, 'petrel.host': 'localhost', 'client.blobstore.class': 'org.apache.storm.blobstore.NimbusBlobStore', 'nimbus.cleanup.inbox.freq.secs': 600, 'storm.nimbus.retry.intervalceiling.millis': 60000, 'storm.network.topography.plugin': 'org.apache.storm.networktopography.DefaultRackDNSToSwitchMapping', 'storm.messaging.netty.min_wait_ms': 100, 'nimbus.task.timeout.secs': 30, 'topology.disruptor.batch.timeout.millis': 1, 'topology.state.checkpoint.interval.ms': 1000, 'ui.header.buffer.bytes': 4096, 'nimbus.thrift.max_buffer_size': 1048576, 'ui.http.creds.plugin': 'org.apache.storm.security.auth.DefaultHttpCredentialsPlugin', 'topology.sleep.spout.wait.strategy.time.ms': 1, 'nimbus.blobstore.expiration.secs': 600, 'storm.cluster.mode': 'distributed', 'storm.messaging.netty.socket.backlog': 500, 'worker.profiler.enabled': False, 'nimbus.queue.size': 100000, 'logviewer.appender.name': 'A1', 'drpc.authorizer.acl.strict': False, 'ui.port': 8080, 'supervisor.slots.ports': [6700, 6701, 6702, 6703], 'worker.log.level.reset.poll.secs': 30, 'storm.nimbus.retry.interval.millis': 2000, 'drpc.invocations.port': 3773, 'supervisor.monitor.frequency.secs': 3, 'ui.childopts': '-Xmx768m', 'transactional.zookeeper.servers': None, 'storm.log4j2.conf.dir': 'log4j2', 'supervisor.supervisors': [], 'zmq.linger.millis': 5000, 'topology.error.throttle.interval.secs': 10, 'storm.health.check.dir': 'healthchecks', 'topology.executor.receive.buffer.size': 1024, 'nimbus.impersonation.authorizer': 'org.apache.storm.security.auth.authorizer.ImpersonationAuthorizer', 'topology.submitter.principal': '', 'topology.worker.max.heap.size.mb': 768.0, 'topology.spout.wait.strategy': 'org.apache.storm.spout.SleepSpoutWaitStrategy', 'task.heartbeat.frequency.secs': 3, 'topology.transfer.buffer.size': 1024, 'storm.zookeeper.session.timeout': 20000, 'topology.testing.always.try.serialize': False, 'nimbus.blobstore.class': 'org.apache.storm.blobstore.LocalFsBlobStore', 'topology.stats.sample.rate': 0.05, 'topology.fall.back.on.java.serialization': True, 'storm.exhibitor.port': 8080, 'storm.zookeeper.auth.password': None, 'supervisor.childopts': '-Xmx256m', 'topology.backpressure.enable': True, 'pacemaker.port': 6699, 'topology.enable.message.timeouts': True, 'nimbus.code.sync.freq.secs': 120, 'backpressure.disruptor.high.watermark': 0.9, 'storm.messaging.netty.max_wait_ms': 1000, 'topology.worker.receiver.thread.count': 1, 'topology.component.resources.onheap.memory.mb': 128.0, 'resource.aware.scheduler.priority.strategy': 'org.apache.storm.scheduler.resource.strategies.priority.DefaultSchedulingPriorityStrategy', 'nimbus.supervisor.timeout.secs': 60, 'pacemaker.auth.method': 'NONE', 'drpc.https.port': -1, 'nimbus.inbox.jar.expiration.secs': 3600, 'scheduler.display.resource': False, 'topology.kryo.factory': 'org.apache.storm.serialization.DefaultKryoFactory', 'storm.zookeeper.retry.interval': 1000, 'supervisor.supervisors.commands': [], 'supervisor.localizer.cleanup.interval.ms': 600000, 'storm.messaging.netty.max_retries': 300, 'task.credentials.poll.secs': 30, 'drpc.http.port': 3774, 'storm.messaging.transport': 'org.apache.storm.messaging.netty.Context', 'supervisor.enable': True, 'nimbus.task.launch.secs': 120, 'supervisor.blobstore.download.thread.count': 5, 'topology.message.timeout.secs': 30, 'oauth.acess_token_secret': 'IiNOTfgE3tEZvW2HDQhRKPMoOLU43NXJCXk8maj51SdAT', 'storm.messaging.netty.authentication': False, 'petrel.user': 'pipe', 'drpc.port': 3772, 'storm.messaging.netty.buffer_size': 5242880, 'topology.state.synchronization.timeout.secs': 60, 'worker.heap.memory.mb': 768, 'topology.name': 'spam', 'topology.priority': 29, 'supervisor.worker.timeout.secs': 30, 'ui.filter': None, 'topology.trident.batch.emit.interval.millis': 500, 'topology.max.task.parallelism': None, 'supervisor.cpu.capacity': 400.0, 'topology.submitter.user': 'root', 'logviewer.max.per.worker.logs.size.mb': 2048, 'nimbus.host': 'localhost', 'topology.builtin.metrics.bucket.size.secs': 60, 'topology.component.cpu.pcore.percent': 10.0, 'ui.users': None, 'storm.thrift.transport': 'org.apache.storm.security.auth.SimpleTransportPlugin', 'logs.users': None, 'logviewer.port': 8000, 'oauth.consumer_key': 'eaFmBSxUveRJfmyZYeabti9Q9', 'topology.kryo.decorators': [], 'topology.debug': False, 'storm.zookeeper.auth.user': None}, 'context': {'task->component': {'11': '__acker', '10': 'WordDivider', '1': 'CountThreeWords', '3': 'CountTwoWords', '2': 'CountThreeWords', '5': 'CountWord', '4': 'CountTwoWords', '7': 'KafkaConsumer', '6': 'CountWord', '9': 'TwoWordDivider', '8': 'ThreeWordDivider'}, 'stream->target->grouping': {'default': {'WordDivider': {'type': 'SHUFFLE'}, 'ThreeWordDivider': {'type': 'SHUFFLE'}, 'TwoWordDivider': {'type': 'SHUFFLE'}}}, 'source->stream->fields': {}, 'streams': ['default'], 'stream->outputfields': {'default': ['sentence', 'user']}, 'taskid': 7, 'source->stream->grouping': {}, 'componentid': 'KafkaConsumer'}}
[2016-09-20 01:18:31,875][storm][INFO]Task sent pid to Storm
[2016-09-20 01:18:31,985][kafka.conn][INFO]Broker version identifed as 0.10
[2016-09-20 01:18:31,985][kafka.conn][INFO]Set configuration api_version=(0, 10) to skip auto check_version requests on startup
[2016-09-20 01:18:32,011][kafka.consumer.subscription_state][INFO]Updating subscribed topics to: ['spamtopic']
[2016-09-20 01:18:32,012][kafka.cluster][INFO]Group coordinator for kafka-python-default-group is BrokerMetadata(nodeId=0, host=u'localhost', port=9092, rack=None)
[2016-09-20 01:18:32,012][kafka.coordinator][INFO]Discovered coordinator 0 for group kafka-python-default-group
[2016-09-20 01:18:32,013][kafka.coordinator.consumer][INFO]Revoking previously assigned partitions set([]) for group kafka-python-default-group
[2016-09-20 01:18:32,013][kafka.coordinator][INFO](Re-)joining group kafka-python-default-group
[2016-09-20 01:18:54,264][kafka.coordinator][INFO]Joined group 'kafka-python-default-group' (generation 178) with member_id kafka-python-1.3.1-48d110a8-04e3-43ce-b2dd-e31d6af99539
[2016-09-20 01:18:54,268][kafka.coordinator][INFO]Successfully joined group kafka-python-default-group with generation 178
[2016-09-20 01:18:54,268][kafka.consumer.subscription_state][INFO]Updated partition assignment: [TopicPartition(topic=u'spamtopic', partition=0)]
[2016-09-20 01:18:54,268][kafka.coordinator.consumer][INFO]Setting newly assigned partitions set([TopicPartition(topic=u'spamtopic', partition=0)]) for group kafka-python-default-group
[2016-09-20 01:18:57,280][kafka.coordinator][WARNING]Heartbeat failed for group kafka-python-default-group because it is rebalancing
[2016-09-20 01:18:57,280][kafka.coordinator][WARNING]Heartbeat failed ([Error 27] RebalanceInProgressError: ); retrying
[2016-09-20 01:18:57,382][kafka.coordinator][INFO]Skipping heartbeat: no auto-assignment or waiting on rebalance
[2016-09-20 01:18:57,782][kafka.coordinator.consumer][INFO]Revoking previously assigned partitions set([TopicPartition(topic=u'spamtopic', partition=0)]) for group kafka-python-default-group
[2016-09-20 01:18:57,783][kafka.coordinator][INFO](Re-)joining group kafka-python-default-group
[2016-09-20 01:18:57,784][kafka.coordinator][INFO]Joined group 'kafka-python-default-group' (generation 179) with member_id kafka-python-1.3.1-48d110a8-04e3-43ce-b2dd-e31d6af99539
[2016-09-20 01:18:57,787][kafka.coordinator][INFO]Successfully joined group kafka-python-default-group with generation 179
[2016-09-20 01:18:57,788][kafka.consumer.subscription_state][INFO]Updated partition assignment: [TopicPartition(topic=u'spamtopic', partition=0)]
[2016-09-20 01:18:57,788][kafka.coordinator.consumer][INFO]Setting newly assigned partitions set([TopicPartition(topic=u'spamtopic', partition=0)]) for group kafka-python-default-group
[2016-09-20 01:19:00,796][kafka.coordinator][WARNING]Heartbeat failed for group kafka-python-default-group because it is rebalancing
[2016-09-20 01:19:00,796][kafka.coordinator][WARNING]Heartbeat failed ([Error 27] RebalanceInProgressError: ); retrying
[2016-09-20 01:19:00,897][kafka.coordinator][INFO]Skipping heartbeat: no auto-assignment or waiting on rebalance
[2016-09-20 01:19:01,299][kafka.coordinator.consumer][INFO]Revoking previously assigned partitions set([TopicPartition(topic=u'spamtopic', partition=0)]) for group kafka-python-default-group
[2016-09-20 01:19:01,299][kafka.coordinator][INFO](Re-)joining group kafka-python-default-group
[2016-09-20 01:19:01,301][kafka.coordinator][INFO]Joined group 'kafka-python-default-group' (generation 180) with member_id kafka-python-1.3.1-48d110a8-04e3-43ce-b2dd-e31d6af99539
[2016-09-20 01:19:01,304][kafka.coordinator][INFO]Successfully joined group kafka-python-default-group with generation 180
[2016-09-20 01:19:01,304][kafka.consumer.subscription_state][INFO]Updated partition assignment: [TopicPartition(topic=u'spamtopic', partition=0)]
[2016-09-20 01:19:01,304][kafka.coordinator.consumer][INFO]Setting newly assigned partitions set([TopicPartition(topic=u'spamtopic', partition=0)]) for group kafka-python-default-group
[2016-09-20 01:19:04,319][kafka.coordinator][WARNING]Heartbeat failed for group kafka-python-default-group because it is rebalancing
[2016-09-20 01:19:04,319][kafka.coordinator][WARNING]Heartbeat failed ([Error 27] RebalanceInProgressError: ); retrying
[2016-09-20 01:19:04,420][kafka.coordinator][INFO]Skipping heartbeat: no auto-assignment or waiting on rebalance
[2016-09-20 01:19:04,820][kafka.coordinator.consumer][INFO]Revoking previously assigned partitions set([TopicPartition(topic=u'spamtopic', partition=0)]) for group kafka-python-default-group
[2016-09-20 01:19:04,820][kafka.coordinator][INFO](Re-)joining group kafka-python-default-group
[2016-09-20 01:19:04,822][kafka.coordinator][INFO]Joined group 'kafka-python-default-group' (generation 181) with member_id kafka-python-1.3.1-48d110a8-04e3-43ce-b2dd-e31d6af99539
[2016-09-20 01:19:04,824][kafka.coordinator][INFO]Successfully joined group kafka-python-default-group with generation 181
[2016-09-20 01:19:04,824][kafka.consumer.subscription_state][INFO]Updated partition assignment: [TopicPartition(topic=u'spamtopic', partition=0)]
[2016-09-20 01:19:04,824][kafka.coordinator.consumer][INFO]Setting newly assigned partitions set([TopicPartition(topic=u'spamtopic', partition=0)]) for group kafka-python-default-group
[2016-09-20 01:19:07,834][kafka.coordinator][WARNING]Heartbeat failed for group kafka-python-default-group because it is rebalancing
[2016-09-20 01:19:07,834][kafka.coordinator][WARNING]Heartbeat failed ([Error 27] RebalanceInProgressError: ); retrying
[2016-09-20 01:19:07,936][kafka.coordinator][INFO]Skipping heartbeat: no auto-assignment or waiting on rebalance
[2016-09-20 01:19:08,337][kafka.coordinator.consumer][INFO]Revoking previously assigned partitions set([TopicPartition(topic=u'spamtopic', partition=0)]) for group kafka-python-default-group
[2016-09-20 01:19:08,337][kafka.coordinator][INFO](Re-)joining group kafka-python-default-group
[2016-09-20 01:19:08,339][kafka.coordinator][INFO]Joined group 'kafka-python-default-group' (generation 182) with member_id kafka-python-1.3.1-48d110a8-04e3-43ce-b2dd-e31d6af99539
[2016-09-20 01:19:08,341][kafka.coordinator][INFO]Successfully joined group kafka-python-default-group with generation 182
[2016-09-20 01:19:08,341][kafka.consumer.subscription_state][INFO]Updated partition assignment: [TopicPartition(topic=u'spamtopic', partition=0)]
[2016-09-20 01:19:08,342][kafka.coordinator.consumer][INFO]Setting newly assigned partitions set([TopicPartition(topic=u'spamtopic', partition=0)]) for group kafka-python-default-group
[2016-09-20 01:19:11,352][kafka.coordinator][WARNING]Heartbeat failed for group kafka-python-default-group because it is rebalancing
[2016-09-20 01:19:11,352][kafka.coordinator][WARNING]Heartbeat failed ([Error 27] RebalanceInProgressError: ); retrying
[2016-09-20 01:19:11,454][kafka.coordinator][INFO]Skipping heartbeat: no auto-assignment or waiting on rebalance
[2016-09-20 01:19:11,855][kafka.coordinator.consumer][INFO]Revoking previously assigned partitions set([TopicPartition(topic=u'spamtopic', partition=0)]) for group kafka-python-default-group
[2016-09-20 01:19:11,855][kafka.coordinator][INFO](Re-)joining group kafka-python-default-group
[2016-09-20 01:19:11,857][kafka.coordinator][INFO]Joined group 'kafka-python-default-group' (generation 183) with member_id kafka-python-1.3.1-48d110a8-04e3-43ce-b2dd-e31d6af99539
[2016-09-20 01:19:11,860][kafka.coordinator][INFO]Successfully joined group kafka-python-default-group with generation 183
[2016-09-20 01:19:11,861][kafka.consumer.subscription_state][INFO]Updated partition assignment: [TopicPartition(topic=u'spamtopic', partition=0)]
[2016-09-20 01:19:11,861][kafka.coordinator.consumer][INFO]Setting newly assigned partitions set([TopicPartition(topic=u'spamtopic', partition=0)]) for group kafka-python-default-group
[2016-09-20 01:19:14,870][kafka.coordinator][WARNING]Heartbeat failed for group kafka-python-default-group because it is rebalancing
[2016-09-20 01:19:14,870][kafka.coordinator][WARNING]Heartbeat failed ([Error 27] RebalanceInProgressError: ); retrying
[2016-09-20 01:19:14,972][kafka.coordinator][INFO]Skipping heartbeat: no auto-assignment or waiting on rebalance
[2016-09-20 01:19:15,372][kafka.coordinator.consumer][INFO]Revoking previously assigned partitions set([TopicPartition(topic=u'spamtopic', partition=0)]) for group kafka-python-default-group
[2016-09-20 01:19:15,372][kafka.coordinator][INFO](Re-)joining group kafka-python-default-group
[2016-09-20 01:19:15,373][kafka.coordinator][INFO]Joined group 'kafka-python-default-group' (generation 184) with member_id kafka-python-1.3.1-48d110a8-04e3-43ce-b2dd-e31d6af99539
[2016-09-20 01:19:15,375][kafka.coordinator][INFO]Successfully joined group kafka-python-default-group with generation 184
[2016-09-20 01:19:15,376][kafka.consumer.subscription_state][INFO]Updated partition assignment: [TopicPartition(topic=u'spamtopic', partition=0)]
[2016-09-20 01:19:15,376][kafka.coordinator.consumer][INFO]Setting newly assigned partitions set([TopicPartition(topic=u'spamtopic', partition=0)]) for group kafka-python-default-group
[2016-09-20 01:19:18,386][kafka.coordinator][WARNING]Heartbeat failed for group kafka-python-default-group because it is rebalancing
[2016-09-20 01:19:18,386][kafka.coordinator][WARNING]Heartbeat failed ([Error 27] RebalanceInProgressError: ); retrying
[2016-09-20 01:19:18,487][kafka.coordinator][INFO]Skipping heartbeat: no auto-assignment or waiting on rebalance
[2016-09-20 01:19:18,889][kafka.coordinator.consumer][INFO]Revoking previously assigned partitions set([TopicPartition(topic=u'spamtopic', partition=0)]) for group kafka-python-default-group
[2016-09-20 01:19:18,889][kafka.coordinator][INFO](Re-)joining group kafka-python-default-group
[2016-09-20 01:19:18,894][kafka.coordinator][INFO]Joined group 'kafka-python-default-group' (generation 185) with member_id kafka-python-1.3.1-48d110a8-04e3-43ce-b2dd-e31d6af99539
[2016-09-20 01:19:18,897][kafka.coordinator][INFO]Successfully joined group kafka-python-default-group with generation 185
[2016-09-20 01:19:18,898][kafka.consumer.subscription_state][INFO]Updated partition assignment: [TopicPartition(topic=u'spamtopic', partition=0)]
[2016-09-20 01:19:18,898][kafka.coordinator.consumer][INFO]Setting newly assigned partitions set([TopicPartition(topic=u'spamtopic', partition=0)]) for group kafka-python-default-group
[2016-09-20 01:19:21,907][kafka.coordinator][WARNING]Heartbeat failed for group kafka-python-default-group because it is rebalancing
[2016-09-20 01:19:21,907][kafka.coordinator][WARNING]Heartbeat failed ([Error 27] RebalanceInProgressError: ); retrying
[2016-09-20 01:19:22,009][kafka.coordinator][INFO]Skipping heartbeat: no auto-assignment or waiting on rebalance
[2016-09-20 01:19:22,410][kafka.coordinator.consumer][INFO]Revoking previously assigned partitions set([TopicPartition(topic=u'spamtopic', partition=0)]) for group kafka-python-default-group
[2016-09-20 01:19:22,410][kafka.coordinator][INFO](Re-)joining group kafka-python-default-group
[2016-09-20 01:19:22,412][kafka.coordinator][INFO]Joined group 'kafka-python-default-group' (generation 186) with member_id kafka-python-1.3.1-48d110a8-04e3-43ce-b2dd-e31d6af99539
[2016-09-20 01:19:22,414][kafka.coordinator][INFO]Successfully joined group kafka-python-default-group with generation 186
[2016-09-20 01:19:22,414][kafka.consumer.subscription_state][INFO]Updated partition assignment: [TopicPartition(topic=u'spamtopic', partition=0)]
[2016-09-20 01:19:22,414][kafka.coordinator.consumer][INFO]Setting newly assigned partitions set([TopicPartition(topic=u'spamtopic', partition=0)]) for group kafka-python-default-group
[2016-09-20 01:19:25,425][kafka.coordinator][WARNING]Heartbeat failed for group kafka-python-default-group because it is rebalancing
[2016-09-20 01:19:25,425][kafka.coordinator][WARNING]Heartbeat failed ([Error 27] RebalanceInProgressError: ); retrying
[2016-09-20 01:19:25,527][kafka.coordinator][INFO]Skipping heartbeat: no auto-assignment or waiting on rebalance
[2016-09-20 01:19:25,928][kafka.coordinator.consumer][INFO]Revoking previously assigned partitions set([TopicPartition(topic=u'spamtopic', partition=0)]) for group kafka-python-default-group
[2016-09-20 01:19:25,928][kafka.coordinator][INFO](Re-)joining group kafka-python-default-group
[2016-09-20 01:19:25,929][kafka.coordinator][INFO]Joined group 'kafka-python-default-group' (generation 187) with member_id kafka-python-1.3.1-48d110a8-04e3-43ce-b2dd-e31d6af99539
[2016-09-20 01:19:25,931][kafka.coordinator][INFO]Successfully joined group kafka-python-default-group with generation 187
[2016-09-20 01:19:25,931][kafka.consumer.subscription_state][INFO]Updated partition assignment: [TopicPartition(topic=u'spamtopic', partition=0)]
[2016-09-20 01:19:25,932][kafka.coordinator.consumer][INFO]Setting newly assigned partitions set([TopicPartition(topic=u'spamtopic', partition=0)]) for group kafka-python-default-group
[2016-09-20 01:19:28,943][kafka.coordinator][WARNING]Heartbeat failed for group kafka-python-default-group because it is rebalancing
[2016-09-20 01:19:28,943][kafka.coordinator][WARNING]Heartbeat failed ([Error 27] RebalanceInProgressError: ); retrying
[2016-09-20 01:19:29,044][kafka.coordinator][INFO]Skipping heartbeat: no auto-assignment or waiting on rebalance
[2016-09-20 01:19:29,446][kafka.coordinator.consumer][INFO]Revoking previously assigned partitions set([TopicPartition(topic=u'spamtopic', partition=0)]) for group kafka-python-default-group
[2016-09-20 01:19:29,446][kafka.coordinator][INFO](Re-)joining group kafka-python-default-group
[2016-09-20 01:19:29,448][kafka.coordinator][INFO]Joined group 'kafka-python-default-group' (generation 188) with member_id kafka-python-1.3.1-48d110a8-04e3-43ce-b2dd-e31d6af99539
[2016-09-20 01:19:29,450][kafka.coordinator][INFO]Successfully joined group kafka-python-default-group with generation 188
[2016-09-20 01:19:29,450][kafka.consumer.subscription_state][INFO]Updated partition assignment: [TopicPartition(topic=u'spamtopic', partition=0)]
[2016-09-20 01:19:29,450][kafka.coordinator.consumer][INFO]Setting newly assigned partitions set([TopicPartition(topic=u'spamtopic', partition=0)]) for group kafka-python-default-group
[2016-09-20 01:19:32,458][kafka.coordinator][WARNING]Heartbeat failed for group kafka-python-default-group because it is rebalancing
[2016-09-20 01:19:32,458][kafka.coordinator][WARNING]Heartbeat failed ([Error 27] RebalanceInProgressError: ); retrying
[2016-09-20 01:19:32,559][kafka.coordinator][INFO]Skipping heartbeat: no auto-assignment or waiting on rebalance
[2016-09-20 01:19:32,961][kafka.coordinator.consumer][INFO]Revoking previously assigned partitions set([TopicPartition(topic=u'spamtopic', partition=0)]) for group kafka-python-default-group
[2016-09-20 01:19:32,961][kafka.coordinator][INFO](Re-)joining group kafka-python-default-group
[2016-09-20 01:19:32,963][kafka.coordinator][INFO]Joined group 'kafka-python-default-group' (generation 189) with member_id kafka-python-1.3.1-48d110a8-04e3-43ce-b2dd-e31d6af99539
[2016-09-20 01:19:32,965][kafka.coordinator][INFO]Successfully joined group kafka-python-default-group with generation 189
[2016-09-20 01:19:32,966][kafka.consumer.subscription_state][INFO]Updated partition assignment: [TopicPartition(topic=u'spamtopic', partition=0)]
[2016-09-20 01:19:32,966][kafka.coordinator.consumer][INFO]Setting newly assigned partitions set([TopicPartition(topic=u'spamtopic', partition=0)]) for group kafka-python-default-group
[2016-09-20 01:19:35,976][kafka.coordinator][WARNING]Heartbeat failed for group kafka-python-default-group because it is rebalancing
[2016-09-20 01:19:35,976][kafka.coordinator][WARNING]Heartbeat failed ([Error 27] RebalanceInProgressError: ); retrying
[2016-09-20 01:19:36,077][kafka.coordinator][INFO]Skipping heartbeat: no auto-assignment or waiting on rebalance
[2016-09-20 01:19:36,479][kafka.coordinator.consumer][INFO]Revoking previously assigned partitions set([TopicPartition(topic=u'spamtopic', partition=0)]) for group kafka-python-default-group
[2016-09-20 01:19:36,479][kafka.coordinator][INFO](Re-)joining group kafka-python-default-group
[2016-09-20 01:19:36,480][kafka.coordinator][INFO]Joined group 'kafka-python-default-group' (generation 190) with member_id kafka-python-1.3.1-48d110a8-04e3-43ce-b2dd-e31d6af99539
[2016-09-20 01:19:36,482][kafka.coordinator][INFO]Successfully joined group kafka-python-default-group with generation 190
[2016-09-20 01:19:36,482][kafka.consumer.subscription_state][INFO]Updated partition assignment: [TopicPartition(topic=u'spamtopic', partition=0)]
[2016-09-20 01:19:36,483][kafka.coordinator.consumer][INFO]Setting newly assigned partitions set([TopicPartition(topic=u'spamtopic', partition=0)]) for group kafka-python-default-group
[2016-09-20 01:19:39,492][kafka.coordinator][WARNING]Heartbeat failed for group kafka-python-default-group because it is rebalancing
[2016-09-20 01:19:39,492][kafka.coordinator][WARNING]Heartbeat failed ([Error 27] RebalanceInProgressError: ); retrying
[2016-09-20 01:19:39,593][kafka.coordinator][INFO]Skipping heartbeat: no auto-assignment or waiting on rebalance
[2016-09-20 01:19:39,995][kafka.coordinator.consumer][INFO]Revoking previously assigned partitions set([TopicPartition(topic=u'spamtopic', partition=0)]) for group kafka-python-default-group
[2016-09-20 01:19:39,995][kafka.coordinator][INFO](Re-)joining group kafka-python-default-group
[2016-09-20 01:19:39,997][kafka.coordinator][INFO]Joined group 'kafka-python-default-group' (generation 191) with member_id kafka-python-1.3.1-48d110a8-04e3-43ce-b2dd-e31d6af99539
[2016-09-20 01:19:39,999][kafka.coordinator][INFO]Successfully joined group kafka-python-default-group with generation 191
[2016-09-20 01:19:40,000][kafka.consumer.subscription_state][INFO]Updated partition assignment: [TopicPartition(topic=u'spamtopic', partition=0)]
[2016-09-20 01:19:40,000][kafka.coordinator.consumer][INFO]Setting newly assigned partitions set([TopicPartition(topic=u'spamtopic', partition=0)]) for group kafka-python-default-group
[2016-09-20 01:19:43,008][kafka.coordinator][WARNING]Heartbeat failed for group kafka-python-default-group because it is rebalancing
[2016-09-20 01:19:43,008][kafka.coordinator][WARNING]Heartbeat failed ([Error 27] RebalanceInProgressError: ); retrying
[2016-09-20 01:19:43,109][kafka.coordinator][INFO]Skipping heartbeat: no auto-assignment or waiting on rebalance
[2016-09-20 01:19:43,510][kafka.coordinator.consumer][INFO]Revoking previously assigned partitions set([TopicPartition(topic=u'spamtopic', partition=0)]) for group kafka-python-default-group
[2016-09-20 01:19:43,511][kafka.coordinator][INFO](Re-)joining group kafka-python-default-group
[2016-09-20 01:19:43,512][kafka.coordinator][INFO]Joined group 'kafka-python-default-group' (generation 192) with member_id kafka-python-1.3.1-48d110a8-04e3-43ce-b2dd-e31d6af99539
[2016-09-20 01:19:43,515][kafka.coordinator][INFO]Successfully joined group kafka-python-default-group with generation 192
[2016-09-20 01:19:43,515][kafka.consumer.subscription_state][INFO]Updated partition assignment: [TopicPartition(topic=u'spamtopic', partition=0)]
[2016-09-20 01:19:43,515][kafka.coordinator.consumer][INFO]Setting newly assigned partitions set([TopicPartition(topic=u'spamtopic', partition=0)]) for group kafka-python-default-group
[2016-09-20 01:19:46,526][kafka.coordinator][WARNING]Heartbeat failed for group kafka-python-default-group because it is rebalancing
[2016-09-20 01:19:46,526][kafka.coordinator][WARNING]Heartbeat failed ([Error 27] RebalanceInProgressError: ); retrying
[2016-09-20 01:19:46,627][kafka.coordinator][INFO]Skipping heartbeat: no auto-assignment or waiting on rebalance
[2016-09-20 01:19:47,029][kafka.coordinator.consumer][INFO]Revoking previously assigned partitions set([TopicPartition(topic=u'spamtopic', partition=0)]) for group kafka-python-default-group
[2016-09-20 01:19:47,029][kafka.coordinator][INFO](Re-)joining group kafka-python-default-group
[2016-09-20 01:19:47,030][kafka.coordinator][INFO]Joined group 'kafka-python-default-group' (generation 193) with member_id kafka-python-1.3.1-48d110a8-04e3-43ce-b2dd-e31d6af99539
[2016-09-20 01:19:47,032][kafka.coordinator][INFO]Successfully joined group kafka-python-default-group with generation 193
[2016-09-20 01:19:47,033][kafka.consumer.subscription_state][INFO]Updated partition assignment: [TopicPartition(topic=u'spamtopic', partition=0)]
[2016-09-20 01:19:47,033][kafka.coordinator.consumer][INFO]Setting newly assigned partitions set([TopicPartition(topic=u'spamtopic', partition=0)]) for group kafka-python-default-group
[2016-09-20 01:19:50,044][kafka.coordinator][WARNING]Heartbeat failed for group kafka-python-default-group because it is rebalancing
[2016-09-20 01:19:50,044][kafka.coordinator][WARNING]Heartbeat failed ([Error 27] RebalanceInProgressError: ); retrying
[2016-09-20 01:19:50,145][kafka.coordinator][INFO]Skipping heartbeat: no auto-assignment or waiting on rebalance
[2016-09-20 01:19:50,545][kafka.coordinator.consumer][INFO]Revoking previously assigned partitions set([TopicPartition(topic=u'spamtopic', partition=0)]) for group kafka-python-default-group
[2016-09-20 01:19:50,546][kafka.coordinator][INFO](Re-)joining group kafka-python-default-group
[2016-09-20 01:19:50,548][kafka.coordinator][INFO]Joined group 'kafka-python-default-group' (generation 194) with member_id kafka-python-1.3.1-48d110a8-04e3-43ce-b2dd-e31d6af99539
[2016-09-20 01:19:50,550][kafka.coordinator][INFO]Successfully joined group kafka-python-default-group with generation 194
[2016-09-20 01:19:50,550][kafka.consumer.subscription_state][INFO]Updated partition assignment: [TopicPartition(topic=u'spamtopic', partition=0)]
[2016-09-20 01:19:50,550][kafka.coordinator.consumer][INFO]Setting newly assigned partitions set([TopicPartition(topic=u'spamtopic', partition=0)]) for group kafka-python-default-group
[2016-09-20 01:19:53,562][kafka.coordinator][WARNING]Heartbeat failed for group kafka-python-default-group because it is rebalancing
[2016-09-20 01:19:53,562][kafka.coordinator][WARNING]Heartbeat failed ([Error 27] RebalanceInProgressError: ); retrying
[2016-09-20 01:19:53,663][kafka.coordinator][INFO]Skipping heartbeat: no auto-assignment or waiting on rebalance
[2016-09-20 01:19:54,065][kafka.coordinator.consumer][INFO]Revoking previously assigned partitions set([TopicPartition(topic=u'spamtopic', partition=0)]) for group kafka-python-default-group
[2016-09-20 01:19:54,065][kafka.coordinator][INFO](Re-)joining group kafka-python-default-group
[2016-09-20 01:19:54,067][kafka.coordinator][INFO]Joined group 'kafka-python-default-group' (generation 195) with member_id kafka-python-1.3.1-48d110a8-04e3-43ce-b2dd-e31d6af99539
[2016-09-20 01:19:54,069][kafka.coordinator][INFO]Successfully joined group kafka-python-default-group with generation 195
[2016-09-20 01:19:54,069][kafka.consumer.subscription_state][INFO]Updated partition assignment: [TopicPartition(topic=u'spamtopic', partition=0)]
[2016-09-20 01:19:54,069][kafka.coordinator.consumer][INFO]Setting newly assigned partitions set([TopicPartition(topic=u'spamtopic', partition=0)]) for group kafka-python-default-group
[2016-09-20 01:19:57,079][kafka.coordinator][WARNING]Heartbeat failed for group kafka-python-default-group because it is rebalancing
[2016-09-20 01:19:57,080][kafka.coordinator][WARNING]Heartbeat failed ([Error 27] RebalanceInProgressError: ); retrying
[2016-09-20 01:19:57,181][kafka.coordinator][INFO]Skipping heartbeat: no auto-assignment or waiting on rebalance
[2016-09-20 01:19:57,582][kafka.coordinator.consumer][INFO]Revoking previously assigned partitions set([TopicPartition(topic=u'spamtopic', partition=0)]) for group kafka-python-default-group
[2016-09-20 01:19:57,582][kafka.coordinator][INFO](Re-)joining group kafka-python-default-group
[2016-09-20 01:19:57,584][kafka.coordinator][INFO]Joined group 'kafka-python-default-group' (generation 196) with member_id kafka-python-1.3.1-48d110a8-04e3-43ce-b2dd-e31d6af99539
[2016-09-20 01:19:57,586][kafka.coordinator][INFO]Successfully joined group kafka-python-default-group with generation 196
[2016-09-20 01:19:57,587][kafka.consumer.subscription_state][INFO]Updated partition assignment: [TopicPartition(topic=u'spamtopic', partition=0)]
[2016-09-20 01:19:57,587][kafka.coordinator.consumer][INFO]Setting newly assigned partitions set([TopicPartition(topic=u'spamtopic', partition=0)]) for group kafka-python-default-group
[2016-09-20 01:20:00,598][kafka.coordinator][WARNING]Heartbeat failed for group kafka-python-default-group because it is rebalancing
[2016-09-20 01:20:00,598][kafka.coordinator][WARNING]Heartbeat failed ([Error 27] RebalanceInProgressError: ); retrying
[2016-09-20 01:20:00,699][kafka.coordinator][INFO]Skipping heartbeat: no auto-assignment or waiting on rebalance
[2016-09-20 01:20:01,101][kafka.coordinator.consumer][INFO]Revoking previously assigned partitions set([TopicPartition(topic=u'spamtopic', partition=0)]) for group kafka-python-default-group
[2016-09-20 01:20:01,101][kafka.coordinator][INFO](Re-)joining group kafka-python-default-group
[2016-09-20 01:20:01,103][kafka.coordinator][INFO]Joined group 'kafka-python-default-group' (generation 197) with member_id kafka-python-1.3.1-48d110a8-04e3-43ce-b2dd-e31d6af99539
[2016-09-20 01:20:01,105][kafka.coordinator][INFO]Successfully joined group kafka-python-default-group with generation 197
[2016-09-20 01:20:01,105][kafka.consumer.subscription_state][INFO]Updated partition assignment: [TopicPartition(topic=u'spamtopic', partition=0)]
[2016-09-20 01:20:01,105][kafka.coordinator.consumer][INFO]Setting newly assigned partitions set([TopicPartition(topic=u'spamtopic', partition=0)]) for group kafka-python-default-group
[2016-09-20 01:20:04,117][kafka.coordinator][WARNING]Heartbeat failed for group kafka-python-default-group because it is rebalancing
[2016-09-20 01:20:04,117][kafka.coordinator][WARNING]Heartbeat failed ([Error 27] RebalanceInProgressError: ); retrying
[2016-09-20 01:20:04,218][kafka.coordinator][INFO]Skipping heartbeat: no auto-assignment or waiting on rebalance
[2016-09-20 01:20:04,619][kafka.coordinator.consumer][INFO]Revoking previously assigned partitions set([TopicPartition(topic=u'spamtopic', partition=0)]) for group kafka-python-default-group
[2016-09-20 01:20:04,620][kafka.coordinator][INFO](Re-)joining group kafka-python-default-group
[2016-09-20 01:20:04,621][kafka.coordinator][INFO]Joined group 'kafka-python-default-group' (generation 198) with member_id kafka-python-1.3.1-48d110a8-04e3-43ce-b2dd-e31d6af99539
[2016-09-20 01:20:04,623][kafka.coordinator][INFO]Successfully joined group kafka-python-default-group with generation 198
[2016-09-20 01:20:04,623][kafka.consumer.subscription_state][INFO]Updated partition assignment: [TopicPartition(topic=u'spamtopic', partition=0)]
[2016-09-20 01:20:04,624][kafka.coordinator.consumer][INFO]Setting newly assigned partitions set([TopicPartition(topic=u'spamtopic', partition=0)]) for group kafka-python-default-group
[2016-09-20 01:20:07,635][kafka.coordinator][WARNING]Heartbeat failed for group kafka-python-default-group because it is rebalancing
[2016-09-20 01:20:07,635][kafka.coordinator][WARNING]Heartbeat failed ([Error 27] RebalanceInProgressError: ); retrying
[2016-09-20 01:20:07,736][kafka.coordinator][INFO]Skipping heartbeat: no auto-assignment or waiting on rebalance
[2016-09-20 01:20:08,138][kafka.coordinator.consumer][INFO]Revoking previously assigned partitions set([TopicPartition(topic=u'spamtopic', partition=0)]) for group kafka-python-default-group
[2016-09-20 01:20:08,138][kafka.coordinator][INFO](Re-)joining group kafka-python-default-group
[2016-09-20 01:20:08,140][kafka.coordinator][INFO]Joined group 'kafka-python-default-group' (generation 199) with member_id kafka-python-1.3.1-48d110a8-04e3-43ce-b2dd-e31d6af99539
[2016-09-20 01:20:08,142][kafka.coordinator][INFO]Successfully joined group kafka-python-default-group with generation 199
[2016-09-20 01:20:08,143][kafka.consumer.subscription_state][INFO]Updated partition assignment: [TopicPartition(topic=u'spamtopic', partition=0)]
[2016-09-20 01:20:08,143][kafka.coordinator.consumer][INFO]Setting newly assigned partitions set([TopicPartition(topic=u'spamtopic', partition=0)]) for group kafka-python-default-group
[2016-09-20 01:20:11,153][kafka.coordinator][WARNING]Heartbeat failed for group kafka-python-default-group because it is rebalancing
[2016-09-20 01:20:11,153][kafka.coordinator][WARNING]Heartbeat failed ([Error 27] RebalanceInProgressError: ); retrying
[2016-09-20 01:20:11,254][kafka.coordinator][INFO]Skipping heartbeat: no auto-assignment or waiting on rebalance
[2016-09-20 01:20:11,655][kafka.coordinator.consumer][INFO]Revoking previously assigned partitions set([TopicPartition(topic=u'spamtopic', partition=0)]) for group kafka-python-default-group
[2016-09-20 01:20:11,655][kafka.coordinator][INFO](Re-)joining group kafka-python-default-group
[2016-09-20 01:20:11,656][kafka.coordinator][INFO]Joined group 'kafka-python-default-group' (generation 200) with member_id kafka-python-1.3.1-48d110a8-04e3-43ce-b2dd-e31d6af99539
[2016-09-20 01:20:11,659][kafka.coordinator][INFO]Successfully joined group kafka-python-default-group with generation 200
[2016-09-20 01:20:11,659][kafka.consumer.subscription_state][INFO]Updated partition assignment: [TopicPartition(topic=u'spamtopic', partition=0)]
[2016-09-20 01:20:11,659][kafka.coordinator.consumer][INFO]Setting newly assigned partitions set([TopicPartition(topic=u'spamtopic', partition=0)]) for group kafka-python-default-group
[2016-09-20 01:20:14,670][kafka.coordinator][WARNING]Heartbeat failed for group kafka-python-default-group because it is rebalancing
[2016-09-20 01:20:14,670][kafka.coordinator][WARNING]Heartbeat failed ([Error 27] RebalanceInProgressError: ); retrying
[2016-09-20 01:20:14,771][kafka.coordinator][INFO]Skipping heartbeat: no auto-assignment or waiting on rebalance
[2016-09-20 01:20:15,172][kafka.coordinator.consumer][INFO]Revoking previously assigned partitions set([TopicPartition(topic=u'spamtopic', partition=0)]) for group kafka-python-default-group
[2016-09-20 01:20:15,173][kafka.coordinator][INFO](Re-)joining group kafka-python-default-group
[2016-09-20 01:20:15,175][kafka.coordinator][INFO]Joined group 'kafka-python-default-group' (generation 201) with member_id kafka-python-1.3.1-48d110a8-04e3-43ce-b2dd-e31d6af99539
[2016-09-20 01:20:15,177][kafka.coordinator][INFO]Successfully joined group kafka-python-default-group with generation 201
[2016-09-20 01:20:15,177][kafka.consumer.subscription_state][INFO]Updated partition assignment: [TopicPartition(topic=u'spamtopic', partition=0)]
[2016-09-20 01:20:15,177][kafka.coordinator.consumer][INFO]Setting newly assigned partitions set([TopicPartition(topic=u'spamtopic', partition=0)]) for group kafka-python-default-group
[2016-09-20 01:20:18,187][kafka.coordinator][WARNING]Heartbeat failed for group kafka-python-default-group because it is rebalancing
[2016-09-20 01:20:18,187][kafka.coordinator][WARNING]Heartbeat failed ([Error 27] RebalanceInProgressError: ); retrying
[2016-09-20 01:20:18,288][kafka.coordinator][INFO]Skipping heartbeat: no auto-assignment or waiting on rebalance
[2016-09-20 01:20:18,690][kafka.coordinator.consumer][INFO]Revoking previously assigned partitions set([TopicPartition(topic=u'spamtopic', partition=0)]) for group kafka-python-default-group
[2016-09-20 01:20:18,690][kafka.coordinator][INFO](Re-)joining group kafka-python-default-group
[2016-09-20 01:20:18,691][kafka.coordinator][INFO]Joined group 'kafka-python-default-group' (generation 202) with member_id kafka-python-1.3.1-48d110a8-04e3-43ce-b2dd-e31d6af99539
[2016-09-20 01:20:18,693][kafka.coordinator][INFO]Successfully joined group kafka-python-default-group with generation 202
[2016-09-20 01:20:18,694][kafka.consumer.subscription_state][INFO]Updated partition assignment: [TopicPartition(topic=u'spamtopic', partition=0)]
[2016-09-20 01:20:18,694][kafka.coordinator.consumer][INFO]Setting newly assigned partitions set([TopicPartition(topic=u'spamtopic', partition=0)]) for group kafka-python-default-group
[2016-09-20 01:20:21,704][kafka.coordinator][WARNING]Heartbeat failed for group kafka-python-default-group because it is rebalancing
[2016-09-20 01:20:21,704][kafka.coordinator][WARNING]Heartbeat failed ([Error 27] RebalanceInProgressError: ); retrying
[2016-09-20 01:20:21,805][kafka.coordinator][INFO]Skipping heartbeat: no auto-assignment or waiting on rebalance
[2016-09-20 01:20:22,206][kafka.coordinator.consumer][INFO]Revoking previously assigned partitions set([TopicPartition(topic=u'spamtopic', partition=0)]) for group kafka-python-default-group
[2016-09-20 01:20:22,206][kafka.coordinator][INFO](Re-)joining group kafka-python-default-group
[2016-09-20 01:20:22,208][kafka.coordinator][INFO]Joined group 'kafka-python-default-group' (generation 203) with member_id kafka-python-1.3.1-48d110a8-04e3-43ce-b2dd-e31d6af99539
[2016-09-20 01:20:22,210][kafka.coordinator][INFO]Successfully joined group kafka-python-default-group with generation 203
[2016-09-20 01:20:22,210][kafka.consumer.subscription_state][INFO]Updated partition assignment: [TopicPartition(topic=u'spamtopic', partition=0)]
[2016-09-20 01:20:22,210][kafka.coordinator.consumer][INFO]Setting newly assigned partitions set([TopicPartition(topic=u'spamtopic', partition=0)]) for group kafka-python-default-group
[2016-09-20 01:20:25,220][kafka.coordinator][WARNING]Heartbeat failed for group kafka-python-default-group because it is rebalancing
[2016-09-20 01:20:25,220][kafka.coordinator][WARNING]Heartbeat failed ([Error 27] RebalanceInProgressError: ); retrying
[2016-09-20 01:20:25,322][kafka.coordinator][INFO]Skipping heartbeat: no auto-assignment or waiting on rebalance
[2016-09-20 01:20:25,723][kafka.coordinator.consumer][INFO]Revoking previously assigned partitions set([TopicPartition(topic=u'spamtopic', partition=0)]) for group kafka-python-default-group
[2016-09-20 01:20:25,723][kafka.coordinator][INFO](Re-)joining group kafka-python-default-group
[2016-09-20 01:20:25,725][kafka.coordinator][INFO]Joined group 'kafka-python-default-group' (generation 204) with member_id kafka-python-1.3.1-48d110a8-04e3-43ce-b2dd-e31d6af99539
[2016-09-20 01:20:25,730][kafka.coordinator][INFO]Successfully joined group kafka-python-default-group with generation 204
[2016-09-20 01:20:25,730][kafka.consumer.subscription_state][INFO]Updated partition assignment: [TopicPartition(topic=u'spamtopic', partition=0)]
[2016-09-20 01:20:25,730][kafka.coordinator.consumer][INFO]Setting newly assigned partitions set([TopicPartition(topic=u'spamtopic', partition=0)]) for group kafka-python-default-group
[2016-09-20 01:20:28,740][kafka.coordinator][WARNING]Heartbeat failed for group kafka-python-default-group because it is rebalancing
[2016-09-20 01:20:28,740][kafka.coordinator][WARNING]Heartbeat failed ([Error 27] RebalanceInProgressError: ); retrying
[2016-09-20 01:20:28,842][kafka.coordinator][INFO]Skipping heartbeat: no auto-assignment or waiting on rebalance
[2016-09-20 01:20:29,242][kafka.coordinator.consumer][INFO]Revoking previously assigned partitions set([TopicPartition(topic=u'spamtopic', partition=0)]) for group kafka-python-default-group
[2016-09-20 01:20:29,242][kafka.coordinator][INFO](Re-)joining group kafka-python-default-group
[2016-09-20 01:20:29,243][kafka.coordinator][INFO]Joined group 'kafka-python-default-group' (generation 205) with member_id kafka-python-1.3.1-48d110a8-04e3-43ce-b2dd-e31d6af99539
[2016-09-20 01:20:29,247][kafka.coordinator][INFO]Successfully joined group kafka-python-default-group with generation 205
[2016-09-20 01:20:29,247][kafka.consumer.subscription_state][INFO]Updated partition assignment: [TopicPartition(topic=u'spamtopic', partition=0)]
[2016-09-20 01:20:29,248][kafka.coordinator.consumer][INFO]Setting newly assigned partitions set([TopicPartition(topic=u'spamtopic', partition=0)]) for group kafka-python-default-group
[2016-09-20 01:20:32,257][kafka.coordinator][WARNING]Heartbeat failed for group kafka-python-default-group because it is rebalancing
[2016-09-20 01:20:32,257][kafka.coordinator][WARNING]Heartbeat failed ([Error 27] RebalanceInProgressError: ); retrying
[2016-09-20 01:20:32,359][kafka.coordinator][INFO]Skipping heartbeat: no auto-assignment or waiting on rebalance
[2016-09-20 01:20:32,759][kafka.coordinator.consumer][INFO]Revoking previously assigned partitions set([TopicPartition(topic=u'spamtopic', partition=0)]) for group kafka-python-default-group
[2016-09-20 01:20:32,759][kafka.coordinator][INFO](Re-)joining group kafka-python-default-group
[2016-09-20 01:20:32,760][kafka.coordinator][INFO]Joined group 'kafka-python-default-group' (generation 206) with member_id kafka-python-1.3.1-48d110a8-04e3-43ce-b2dd-e31d6af99539
[2016-09-20 01:20:32,762][kafka.coordinator][INFO]Successfully joined group kafka-python-default-group with generation 206
[2016-09-20 01:20:32,763][kafka.consumer.subscription_state][INFO]Updated partition assignment: [TopicPartition(topic=u'spamtopic', partition=0)]
[2016-09-20 01:20:32,763][kafka.coordinator.consumer][INFO]Setting newly assigned partitions set([TopicPartition(topic=u'spamtopic', partition=0)]) for group kafka-python-default-group
[2016-09-20 01:20:35,772][kafka.coordinator][WARNING]Heartbeat failed for group kafka-python-default-group because it is rebalancing
[2016-09-20 01:20:35,772][kafka.coordinator][WARNING]Heartbeat failed ([Error 27] RebalanceInProgressError: ); retrying
[2016-09-20 01:20:35,874][kafka.coordinator][INFO]Skipping heartbeat: no auto-assignment or waiting on rebalance
[2016-09-20 01:20:36,275][kafka.coordinator.consumer][INFO]Revoking previously assigned partitions set([TopicPartition(topic=u'spamtopic', partition=0)]) for group kafka-python-default-group
[2016-09-20 01:20:36,275][kafka.coordinator][INFO](Re-)joining group kafka-python-default-group
[2016-09-20 01:20:36,277][kafka.coordinator][INFO]Joined group 'kafka-python-default-group' (generation 207) with member_id kafka-python-1.3.1-48d110a8-04e3-43ce-b2dd-e31d6af99539
[2016-09-20 01:20:36,281][kafka.coordinator][INFO]Successfully joined group kafka-python-default-group with generation 207
[2016-09-20 01:20:36,281][kafka.consumer.subscription_state][INFO]Updated partition assignment: [TopicPartition(topic=u'spamtopic', partition=0)]
[2016-09-20 01:20:36,281][kafka.coordinator.consumer][INFO]Setting newly assigned partitions set([TopicPartition(topic=u'spamtopic', partition=0)]) for group kafka-python-default-group
[2016-09-20 01:20:39,290][kafka.coordinator][WARNING]Heartbeat failed for group kafka-python-default-group because it is rebalancing
[2016-09-20 01:20:39,290][kafka.coordinator][WARNING]Heartbeat failed ([Error 27] RebalanceInProgressError: ); retrying
[2016-09-20 01:20:39,392][kafka.coordinator][INFO]Skipping heartbeat: no auto-assignment or waiting on rebalance
[2016-09-20 01:20:39,793][kafka.coordinator.consumer][INFO]Revoking previously assigned partitions set([TopicPartition(topic=u'spamtopic', partition=0)]) for group kafka-python-default-group
[2016-09-20 01:20:39,793][kafka.coordinator][INFO](Re-)joining group kafka-python-default-group
[2016-09-20 01:20:39,795][kafka.coordinator][INFO]Joined group 'kafka-python-default-group' (generation 208) with member_id kafka-python-1.3.1-48d110a8-04e3-43ce-b2dd-e31d6af99539
[2016-09-20 01:20:39,801][kafka.coordinator][INFO]Successfully joined group kafka-python-default-group with generation 208
[2016-09-20 01:20:39,801][kafka.consumer.subscription_state][INFO]Updated partition assignment: [TopicPartition(topic=u'spamtopic', partition=0)]
[2016-09-20 01:20:39,801][kafka.coordinator.consumer][INFO]Setting newly assigned partitions set([TopicPartition(topic=u'spamtopic', partition=0)]) for group kafka-python-default-group
[2016-09-20 01:20:42,811][kafka.coordinator][WARNING]Heartbeat failed for group kafka-python-default-group because it is rebalancing
[2016-09-20 01:20:42,811][kafka.coordinator][WARNING]Heartbeat failed ([Error 27] RebalanceInProgressError: ); retrying
[2016-09-20 01:20:42,912][kafka.coordinator][INFO]Skipping heartbeat: no auto-assignment or waiting on rebalance
[2016-09-20 01:20:43,313][kafka.coordinator.consumer][INFO]Revoking previously assigned partitions set([TopicPartition(topic=u'spamtopic', partition=0)]) for group kafka-python-default-group
[2016-09-20 01:20:43,314][kafka.coordinator][INFO](Re-)joining group kafka-python-default-group
[2016-09-20 01:20:43,315][kafka.coordinator][INFO]Joined group 'kafka-python-default-group' (generation 209) with member_id kafka-python-1.3.1-48d110a8-04e3-43ce-b2dd-e31d6af99539
[2016-09-20 01:20:43,318][kafka.coordinator][INFO]Successfully joined group kafka-python-default-group with generation 209
[2016-09-20 01:20:43,319][kafka.consumer.subscription_state][INFO]Updated partition assignment: [TopicPartition(topic=u'spamtopic', partition=0)]
[2016-09-20 01:20:43,319][kafka.coordinator.consumer][INFO]Setting newly assigned partitions set([TopicPartition(topic=u'spamtopic', partition=0)]) for group kafka-python-default-group
[2016-09-20 01:20:46,332][kafka.coordinator][WARNING]Heartbeat failed for group kafka-python-default-group because it is rebalancing
[2016-09-20 01:20:46,332][kafka.coordinator][WARNING]Heartbeat failed ([Error 27] RebalanceInProgressError: ); retrying
[2016-09-20 01:20:46,433][kafka.coordinator][INFO]Skipping heartbeat: no auto-assignment or waiting on rebalance
[2016-09-20 01:20:46,834][kafka.coordinator.consumer][INFO]Revoking previously assigned partitions set([TopicPartition(topic=u'spamtopic', partition=0)]) for group kafka-python-default-group
[2016-09-20 01:20:46,835][kafka.coordinator][INFO](Re-)joining group kafka-python-default-group
[2016-09-20 01:20:46,836][kafka.coordinator][INFO]Joined group 'kafka-python-default-group' (generation 210) with member_id kafka-python-1.3.1-48d110a8-04e3-43ce-b2dd-e31d6af99539
[2016-09-20 01:20:46,838][kafka.coordinator][INFO]Successfully joined group kafka-python-default-group with generation 210
[2016-09-20 01:20:46,838][kafka.consumer.subscription_state][INFO]Updated partition assignment: [TopicPartition(topic=u'spamtopic', partition=0)]
[2016-09-20 01:20:46,838][kafka.coordinator.consumer][INFO]Setting newly assigned partitions set([TopicPartition(topic=u'spamtopic', partition=0)]) for group kafka-python-default-group
