Beginning task setup

/usr/bin/flock
Using existing venv: /tmp/petrel-spam-3-1474274411/venv
Task setup took 0 seconds
Launching: python -m petrel.run kafkaconsumer /home/pipe/topology/TopologyTweetTransformationSPAM/petrel12260_kafkaconsumer.log
/usr/local/lib/python2.7/dist-packages/petrel-1.0.1.0.3-py2.7.egg/petrel/run.py invoked with the following arguments: ['kafkaconsumer', '/home/pipe/topology/TopologyTweetTransformationSPAM/petrel12260_kafkaconsumer.log']
python version: 2.7.12
user=root
PATH=/tmp/petrel-spam-3-1474274411/venv/bin:/usr/local/sbin:/usr/local/bin:/usr/sbin:/usr/bin:/sbin:/bin:/snap/bin
LD_LIBRARY_PATH=/home/apache-storm-1.0.1/data/supervisor/stormdist/spam-3-1474274411/resources/Linux-amd64:/home/apache-storm-1.0.1/data/supervisor/stormdist/spam-3-1474274411/resources:/usr/local/lib:/opt/local/lib:/usr/lib
PYTHON_EGG_CACHE=/tmp/petrel-spam-3-1474274411/egg_cache
[2016-09-19 10:29:22,979][storm][INFO]Tuple profiling enabled. Will log tuple processing times.
[2016-09-19 10:29:23,150][storm][INFO]Task received setupInfo from Storm: {'pidDir': '/home/apache-storm-1.0.1/data/workers/1782e43c-95bf-477f-8bac-cc4b8f1b8c8e/pids', 'conf': {'storm.group.mapping.service.params': None, 'topology.tuple.serializer': 'org.apache.storm.serialization.types.ListDelegateSerializer', 'topology.workers': 1, 'drpc.worker.threads': 64, 'ui.filter.params': None, 'transactional.zookeeper.root': '/transactional', 'logviewer.cleanup.age.mins': 10080, 'worker.profiler.command': 'flight.bash', 'topology.executor.send.buffer.size': 1024, 'nimbus.file.copy.expiration.secs': 600, 'oauth.acess_token': ' 702208758362087425-HZiyl1x7Bh98cQa1WLBDYylyu10Bpl7', 'drpc.childopts': '-Xmx768m', 'nimbus.thrift.port': 6627, 'topology.disruptor.wait.timeout.millis': 1000, 'storm.zookeeper.retry.intervalceiling.millis': 30000, 'storm.local.dir': '/home/apache-storm-1.0.1/data', 'storm.auth.simple-acl.users': [], 'drpc.invocations.threads': 64, 'storm.zookeeper.superACL': None, 'storm.cluster.state.store': 'org.apache.storm.cluster_state.zookeeper_state_factory', 'storm.codedistributor.class': 'org.apache.storm.codedistributor.LocalFileSystemCodeDistributor', 'drpc.https.keystore.password': '', 'supervisor.blobstore.download.max_retries': 3, 'pacemaker.kerberos.users': [], 'storm.messaging.netty.client_worker_threads': 1, 'oauth.consumer_secret': 'ADf76fi3O1lKMzBxWnjqf93l3GHv28uar3bkblkvyBrAyoA23i', 'topology.component.resources.offheap.memory.mb': 0.0, 'supervisor.heartbeat.frequency.secs': 5, 'storm.group.mapping.service.cache.duration.secs': 120, 'storm.group.mapping.service': 'org.apache.storm.security.auth.ShellBasedGroupsMapping', 'storm.workers.artifacts.dir': 'workers-artifacts', 'drpc.request.timeout.secs': 600, 'pacemaker.childopts': '-Xmx1024m', 'nimbus.seeds': ['localhost'], 'topology.shellbolt.max.pending': 100, 'topology.min.replication.count': 1, 'topology.skip.missing.kryo.registrations': False, 'worker.heartbeat.frequency.secs': 1, 'storm.auth.simple-acl.users.commands': [], 'storm.zookepeer.port': 2181, 'zmq.hwm': 0, 'topology.worker.shared.thread.pool.size': 4, 'storm.zookeeper.connection.timeout': 15000, 'java.library.path': '/usr/local/lib:/opt/local/lib:/usr/lib', 'logviewer.max.sum.worker.logs.size.mb': 4096, 'task.refresh.poll.secs': 10, 'topology.max.error.report.per.interval': 5, 'topology.worker.logwriter.childopts': '-Xmx64m', 'ui.actions.enabled': True, 'storm.health.check.timeout.ms': 5000, 'topology.scheduler.strategy': 'org.apache.storm.scheduler.resource.strategies.scheduling.DefaultResourceAwareStrategy', 'ui.host': '0.0.0.0', 'storm.messaging.netty.server_worker_threads': 1, 'topology.disruptor.batch.size': 100, 'storm.id': 'spam-3-1474274411', 'supervisor.worker.start.timeout.secs': 120, 'zmq.threads': 1, 'topology.acker.executors': None, 'pacemaker.thread.timeout': 10, 'storm.local.mode.zmq': False, 'topology.eventlogger.executors': 0, 'topology.tick.tuple.freq.secs': 30, 'supervisor.memory.capacity.mb': 3072.0, 'supervisor.worker.shutdown.sleep.secs': 1, 'pacemaker.base.threads': 10, 'drpc.http.creds.plugin': 'org.apache.storm.security.auth.DefaultHttpCredentialsPlugin', 'storm.zookeeper.servers': ['localhost'], 'supervisor.localizer.cache.target.size.mb': 10240, 'storm.messaging.netty.transfer.batch.size': 262144, 'resource.aware.scheduler.eviction.strategy': 'org.apache.storm.scheduler.resource.strategies.eviction.DefaultEvictionStrategy', 'topology.environment': None, 'storm.zookeeper.port': 2181, 'storm.auth.simple-acl.admins': [], 'pacemaker.host': 'localhost', 'nimbus.childopts': '-Xmx1024m', 'storm.principal.tolocal': 'org.apache.storm.security.auth.DefaultPrincipalToLocal', 'storm.nimbus.retry.times': 5, 'topology.classpath': None, 'drpc.authorizer.acl.filename': 'drpc-auth-acl.yaml', 'topology.bolts.outgoing.overflow.buffer.enable': False, 'nimbus.credential.renewers.freq.secs': 600, 'worker.childopts': '-Xmx%HEAP-MEM%m -XX:+PrintGCDetails -Xloggc:artifacts/gc.log -XX:+PrintGCDateStamps -XX:+PrintGCTimeStamps -XX:+UseGCLogFileRotation -XX:NumberOfGCLogFiles=10 -XX:GCLogFileSize=1M -XX:+HeapDumpOnOutOfMemoryError -XX:HeapDumpPath=artifacts/heapdump', 'drpc.queue.size': 128, 'supervisor.blobstore.class': 'org.apache.storm.blobstore.NimbusBlobStore', 'topology.multilang.serializer': 'org.apache.storm.multilang.JsonSerializer', 'storm.zookeeper.retry.times': 5, 'topology.disable.loadaware': False, 'supervisor.run.worker.as.user': False, 'storm.blobstore.replication.factor': 3, 'worker.profiler.childopts': '-XX:+UnlockCommercialFeatures -XX:+FlightRecorder', 'nimbus.thrift.threads': 64, 'nimbus.monitor.freq.secs': 10, 'storm.blobstore.inputstream.buffer.size.bytes': 65536, 'dev.zookeeper.path': '/tmp/dev-storm-zookeeper', 'topology.users': [], 'storm.daemon.metrics.reporter.plugins': ['org.apache.storm.daemon.metrics.reporters.JmxPreparableReporter'], 'storm.exhibitor.poll.uripath': '/exhibitor/v1/cluster/list', 'pacemaker.max.threads': 50, 'drpc.https.keystore.type': 'JKS', 'topology.tasks': None, 'storm.zookeeper.root': '/storm', 'logviewer.childopts': '-Xmx128m', 'topology.max.replication.wait.time.sec': 60, 'worker.gc.childopts': '', 'backpressure.disruptor.low.watermark': 0.4, 'storm.meta.serialization.delegate': 'org.apache.storm.serialization.GzipThriftSerializationDelegate', 'transactional.zookeeper.port': None, 'drpc.max_buffer_size': 1048576, 'topology.worker.childopts': None, 'storm.auth.simple-white-list.users': [], 'topology.max.spout.pending': None, 'nimbus.topology.validator': 'org.apache.storm.nimbus.DefaultTopologyValidator', 'topology.kryo.register': None, 'petrel.host': 'localhost', 'client.blobstore.class': 'org.apache.storm.blobstore.NimbusBlobStore', 'nimbus.cleanup.inbox.freq.secs': 600, 'storm.nimbus.retry.intervalceiling.millis': 60000, 'storm.network.topography.plugin': 'org.apache.storm.networktopography.DefaultRackDNSToSwitchMapping', 'storm.messaging.netty.min_wait_ms': 100, 'nimbus.task.timeout.secs': 30, 'topology.disruptor.batch.timeout.millis': 1, 'topology.state.checkpoint.interval.ms': 1000, 'ui.header.buffer.bytes': 4096, 'nimbus.thrift.max_buffer_size': 1048576, 'ui.http.creds.plugin': 'org.apache.storm.security.auth.DefaultHttpCredentialsPlugin', 'topology.sleep.spout.wait.strategy.time.ms': 1, 'nimbus.blobstore.expiration.secs': 600, 'storm.cluster.mode': 'distributed', 'storm.messaging.netty.socket.backlog': 500, 'worker.profiler.enabled': False, 'nimbus.queue.size': 100000, 'logviewer.appender.name': 'A1', 'drpc.authorizer.acl.strict': False, 'ui.port': 8080, 'supervisor.slots.ports': [6700, 6701, 6702, 6703], 'worker.log.level.reset.poll.secs': 30, 'storm.nimbus.retry.interval.millis': 2000, 'drpc.invocations.port': 3773, 'supervisor.monitor.frequency.secs': 3, 'ui.childopts': '-Xmx768m', 'transactional.zookeeper.servers': None, 'storm.log4j2.conf.dir': 'log4j2', 'supervisor.supervisors': [], 'zmq.linger.millis': 5000, 'topology.error.throttle.interval.secs': 10, 'storm.health.check.dir': 'healthchecks', 'topology.executor.receive.buffer.size': 1024, 'nimbus.impersonation.authorizer': 'org.apache.storm.security.auth.authorizer.ImpersonationAuthorizer', 'topology.submitter.principal': '', 'topology.worker.max.heap.size.mb': 768.0, 'topology.spout.wait.strategy': 'org.apache.storm.spout.SleepSpoutWaitStrategy', 'task.heartbeat.frequency.secs': 3, 'topology.transfer.buffer.size': 1024, 'storm.zookeeper.session.timeout': 20000, 'topology.testing.always.try.serialize': False, 'nimbus.blobstore.class': 'org.apache.storm.blobstore.LocalFsBlobStore', 'topology.stats.sample.rate': 0.05, 'topology.fall.back.on.java.serialization': True, 'storm.exhibitor.port': 8080, 'storm.zookeeper.auth.password': None, 'supervisor.childopts': '-Xmx256m', 'topology.backpressure.enable': True, 'pacemaker.port': 6699, 'topology.enable.message.timeouts': True, 'nimbus.code.sync.freq.secs': 120, 'backpressure.disruptor.high.watermark': 0.9, 'storm.messaging.netty.max_wait_ms': 1000, 'topology.worker.receiver.thread.count': 1, 'topology.component.resources.onheap.memory.mb': 128.0, 'resource.aware.scheduler.priority.strategy': 'org.apache.storm.scheduler.resource.strategies.priority.DefaultSchedulingPriorityStrategy', 'nimbus.supervisor.timeout.secs': 60, 'pacemaker.auth.method': 'NONE', 'drpc.https.port': -1, 'nimbus.inbox.jar.expiration.secs': 3600, 'scheduler.display.resource': False, 'topology.kryo.factory': 'org.apache.storm.serialization.DefaultKryoFactory', 'storm.zookeeper.retry.interval': 1000, 'supervisor.supervisors.commands': [], 'supervisor.localizer.cleanup.interval.ms': 600000, 'storm.messaging.netty.max_retries': 300, 'task.credentials.poll.secs': 30, 'drpc.http.port': 3774, 'storm.messaging.transport': 'org.apache.storm.messaging.netty.Context', 'supervisor.enable': True, 'nimbus.task.launch.secs': 120, 'supervisor.blobstore.download.thread.count': 5, 'topology.message.timeout.secs': 30, 'oauth.acess_token_secret': 'IiNOTfgE3tEZvW2HDQhRKPMoOLU43NXJCXk8maj51SdAT', 'storm.messaging.netty.authentication': False, 'petrel.user': 'pipe', 'drpc.port': 3772, 'storm.messaging.netty.buffer_size': 5242880, 'topology.state.synchronization.timeout.secs': 60, 'worker.heap.memory.mb': 768, 'topology.name': 'spam', 'topology.priority': 29, 'supervisor.worker.timeout.secs': 30, 'ui.filter': None, 'topology.trident.batch.emit.interval.millis': 500, 'topology.max.task.parallelism': None, 'supervisor.cpu.capacity': 400.0, 'topology.submitter.user': 'root', 'logviewer.max.per.worker.logs.size.mb': 2048, 'nimbus.host': 'localhost', 'topology.builtin.metrics.bucket.size.secs': 60, 'topology.component.cpu.pcore.percent': 10.0, 'ui.users': None, 'storm.thrift.transport': 'org.apache.storm.security.auth.SimpleTransportPlugin', 'logs.users': None, 'logviewer.port': 8000, 'oauth.consumer_key': 'eaFmBSxUveRJfmyZYeabti9Q9', 'topology.kryo.decorators': [], 'topology.debug': False, 'storm.zookeeper.auth.user': None}, 'context': {'task->component': {'11': '__acker', '10': 'WordDivider', '1': 'CountThreeWords', '3': 'CountTwoWords', '2': 'CountThreeWords', '5': 'CountWord', '4': 'CountTwoWords', '7': 'KafkaConsumer', '6': 'CountWord', '9': 'TwoWordDivider', '8': 'ThreeWordDivider'}, 'stream->target->grouping': {'default': {'WordDivider': {'type': 'SHUFFLE'}, 'ThreeWordDivider': {'type': 'SHUFFLE'}, 'TwoWordDivider': {'type': 'SHUFFLE'}}}, 'source->stream->fields': {}, 'streams': ['default'], 'stream->outputfields': {'default': ['sentence', 'user']}, 'taskid': 7, 'source->stream->grouping': {}, 'componentid': 'KafkaConsumer'}}
[2016-09-19 10:29:23,156][storm][INFO]Task sent pid to Storm
[2016-09-19 10:29:23,268][kafka.conn][INFO]Broker version identifed as 0.10
[2016-09-19 10:29:23,269][kafka.conn][INFO]Set configuration api_version=(0, 10) to skip auto check_version requests on startup
[2016-09-19 10:29:23,276][kafka.consumer.subscription_state][INFO]Updating subscribed topics to: ['spamtopic']
[2016-09-19 10:29:23,278][kafka.cluster][INFO]Group coordinator for kafka-python-default-group is BrokerMetadata(nodeId=0, host=u'localhost', port=9092, rack=None)
[2016-09-19 10:29:23,279][kafka.coordinator][INFO]Discovered coordinator 0 for group kafka-python-default-group
[2016-09-19 10:29:23,279][kafka.coordinator.consumer][INFO]Revoking previously assigned partitions set([]) for group kafka-python-default-group
[2016-09-19 10:29:23,279][kafka.coordinator][INFO](Re-)joining group kafka-python-default-group
[2016-09-19 10:29:47,247][kafka.coordinator][INFO]Joined group 'kafka-python-default-group' (generation 87) with member_id kafka-python-1.3.1-ff1125ae-156d-4b93-85dd-56ba84fcb797
[2016-09-19 10:29:47,250][kafka.coordinator][INFO]Successfully joined group kafka-python-default-group with generation 87
[2016-09-19 10:29:47,251][kafka.consumer.subscription_state][INFO]Updated partition assignment: [TopicPartition(topic=u'spamtopic', partition=0)]
[2016-09-19 10:29:47,251][kafka.coordinator.consumer][INFO]Setting newly assigned partitions set([TopicPartition(topic=u'spamtopic', partition=0)]) for group kafka-python-default-group
[2016-09-19 10:29:50,263][kafka.coordinator][WARNING]Heartbeat failed for group kafka-python-default-group because it is rebalancing
[2016-09-19 10:29:50,264][kafka.coordinator][WARNING]Heartbeat failed ([Error 27] RebalanceInProgressError: ); retrying
[2016-09-19 10:29:50,365][kafka.coordinator][INFO]Skipping heartbeat: no auto-assignment or waiting on rebalance
[2016-09-19 10:29:50,766][kafka.coordinator.consumer][INFO]Revoking previously assigned partitions set([TopicPartition(topic=u'spamtopic', partition=0)]) for group kafka-python-default-group
[2016-09-19 10:29:50,766][kafka.coordinator][INFO](Re-)joining group kafka-python-default-group
[2016-09-19 10:29:50,770][kafka.coordinator][INFO]Joined group 'kafka-python-default-group' (generation 88) with member_id kafka-python-1.3.1-ff1125ae-156d-4b93-85dd-56ba84fcb797
[2016-09-19 10:29:50,771][kafka.coordinator][INFO]Successfully joined group kafka-python-default-group with generation 88
[2016-09-19 10:29:50,771][kafka.consumer.subscription_state][INFO]Updated partition assignment: [TopicPartition(topic=u'spamtopic', partition=0)]
[2016-09-19 10:29:50,771][kafka.coordinator.consumer][INFO]Setting newly assigned partitions set([TopicPartition(topic=u'spamtopic', partition=0)]) for group kafka-python-default-group
[2016-09-19 10:29:53,781][kafka.coordinator][WARNING]Heartbeat failed for group kafka-python-default-group because it is rebalancing
[2016-09-19 10:29:53,781][kafka.coordinator][WARNING]Heartbeat failed ([Error 27] RebalanceInProgressError: ); retrying
[2016-09-19 10:29:53,882][kafka.coordinator][INFO]Skipping heartbeat: no auto-assignment or waiting on rebalance
[2016-09-19 10:29:54,284][kafka.coordinator.consumer][INFO]Revoking previously assigned partitions set([TopicPartition(topic=u'spamtopic', partition=0)]) for group kafka-python-default-group
[2016-09-19 10:29:54,284][kafka.coordinator][INFO](Re-)joining group kafka-python-default-group
[2016-09-19 10:29:54,286][kafka.coordinator][INFO]Joined group 'kafka-python-default-group' (generation 89) with member_id kafka-python-1.3.1-ff1125ae-156d-4b93-85dd-56ba84fcb797
[2016-09-19 10:29:54,289][kafka.coordinator][INFO]Successfully joined group kafka-python-default-group with generation 89
[2016-09-19 10:29:54,289][kafka.consumer.subscription_state][INFO]Updated partition assignment: [TopicPartition(topic=u'spamtopic', partition=0)]
[2016-09-19 10:29:54,289][kafka.coordinator.consumer][INFO]Setting newly assigned partitions set([TopicPartition(topic=u'spamtopic', partition=0)]) for group kafka-python-default-group
[2016-09-19 10:29:57,298][kafka.coordinator][WARNING]Heartbeat failed for group kafka-python-default-group because it is rebalancing
[2016-09-19 10:29:57,298][kafka.coordinator][WARNING]Heartbeat failed ([Error 27] RebalanceInProgressError: ); retrying
[2016-09-19 10:29:57,400][kafka.coordinator][INFO]Skipping heartbeat: no auto-assignment or waiting on rebalance
[2016-09-19 10:29:57,801][kafka.coordinator.consumer][INFO]Revoking previously assigned partitions set([TopicPartition(topic=u'spamtopic', partition=0)]) for group kafka-python-default-group
[2016-09-19 10:29:57,801][kafka.coordinator][INFO](Re-)joining group kafka-python-default-group
[2016-09-19 10:29:57,803][kafka.coordinator][INFO]Joined group 'kafka-python-default-group' (generation 90) with member_id kafka-python-1.3.1-ff1125ae-156d-4b93-85dd-56ba84fcb797
[2016-09-19 10:29:57,806][kafka.coordinator][INFO]Successfully joined group kafka-python-default-group with generation 90
[2016-09-19 10:29:57,806][kafka.consumer.subscription_state][INFO]Updated partition assignment: [TopicPartition(topic=u'spamtopic', partition=0)]
[2016-09-19 10:29:57,806][kafka.coordinator.consumer][INFO]Setting newly assigned partitions set([TopicPartition(topic=u'spamtopic', partition=0)]) for group kafka-python-default-group
[2016-09-19 10:30:00,818][kafka.coordinator][WARNING]Heartbeat failed for group kafka-python-default-group because it is rebalancing
[2016-09-19 10:30:00,818][kafka.coordinator][WARNING]Heartbeat failed ([Error 27] RebalanceInProgressError: ); retrying
[2016-09-19 10:30:00,919][kafka.coordinator][INFO]Skipping heartbeat: no auto-assignment or waiting on rebalance
[2016-09-19 10:30:01,321][kafka.coordinator.consumer][INFO]Revoking previously assigned partitions set([TopicPartition(topic=u'spamtopic', partition=0)]) for group kafka-python-default-group
[2016-09-19 10:30:01,321][kafka.coordinator][INFO](Re-)joining group kafka-python-default-group
[2016-09-19 10:30:01,323][kafka.coordinator][INFO]Joined group 'kafka-python-default-group' (generation 91) with member_id kafka-python-1.3.1-ff1125ae-156d-4b93-85dd-56ba84fcb797
[2016-09-19 10:30:01,325][kafka.coordinator][INFO]Successfully joined group kafka-python-default-group with generation 91
[2016-09-19 10:30:01,325][kafka.consumer.subscription_state][INFO]Updated partition assignment: [TopicPartition(topic=u'spamtopic', partition=0)]
[2016-09-19 10:30:01,325][kafka.coordinator.consumer][INFO]Setting newly assigned partitions set([TopicPartition(topic=u'spamtopic', partition=0)]) for group kafka-python-default-group
[2016-09-19 10:30:04,336][kafka.coordinator][WARNING]Heartbeat failed for group kafka-python-default-group because it is rebalancing
[2016-09-19 10:30:04,336][kafka.coordinator][WARNING]Heartbeat failed ([Error 27] RebalanceInProgressError: ); retrying
[2016-09-19 10:30:04,437][kafka.coordinator][INFO]Skipping heartbeat: no auto-assignment or waiting on rebalance
[2016-09-19 10:30:04,839][kafka.coordinator.consumer][INFO]Revoking previously assigned partitions set([TopicPartition(topic=u'spamtopic', partition=0)]) for group kafka-python-default-group
[2016-09-19 10:30:04,839][kafka.coordinator][INFO](Re-)joining group kafka-python-default-group
[2016-09-19 10:30:04,845][kafka.coordinator][INFO]Joined group 'kafka-python-default-group' (generation 92) with member_id kafka-python-1.3.1-ff1125ae-156d-4b93-85dd-56ba84fcb797
[2016-09-19 10:30:04,848][kafka.coordinator][INFO]Successfully joined group kafka-python-default-group with generation 92
[2016-09-19 10:30:04,849][kafka.consumer.subscription_state][INFO]Updated partition assignment: [TopicPartition(topic=u'spamtopic', partition=0)]
[2016-09-19 10:30:04,849][kafka.coordinator.consumer][INFO]Setting newly assigned partitions set([TopicPartition(topic=u'spamtopic', partition=0)]) for group kafka-python-default-group
[2016-09-19 10:30:07,859][kafka.coordinator][WARNING]Heartbeat failed for group kafka-python-default-group because it is rebalancing
[2016-09-19 10:30:07,859][kafka.coordinator][WARNING]Heartbeat failed ([Error 27] RebalanceInProgressError: ); retrying
[2016-09-19 10:30:07,960][kafka.coordinator][INFO]Skipping heartbeat: no auto-assignment or waiting on rebalance
[2016-09-19 10:30:08,360][kafka.coordinator.consumer][INFO]Revoking previously assigned partitions set([TopicPartition(topic=u'spamtopic', partition=0)]) for group kafka-python-default-group
[2016-09-19 10:30:08,360][kafka.coordinator][INFO](Re-)joining group kafka-python-default-group
[2016-09-19 10:30:08,363][kafka.coordinator][INFO]Joined group 'kafka-python-default-group' (generation 93) with member_id kafka-python-1.3.1-ff1125ae-156d-4b93-85dd-56ba84fcb797
[2016-09-19 10:30:08,365][kafka.coordinator][INFO]Successfully joined group kafka-python-default-group with generation 93
[2016-09-19 10:30:08,365][kafka.consumer.subscription_state][INFO]Updated partition assignment: [TopicPartition(topic=u'spamtopic', partition=0)]
[2016-09-19 10:30:08,365][kafka.coordinator.consumer][INFO]Setting newly assigned partitions set([TopicPartition(topic=u'spamtopic', partition=0)]) for group kafka-python-default-group
[2016-09-19 10:30:11,375][kafka.coordinator][WARNING]Heartbeat failed for group kafka-python-default-group because it is rebalancing
[2016-09-19 10:30:11,376][kafka.coordinator][WARNING]Heartbeat failed ([Error 27] RebalanceInProgressError: ); retrying
[2016-09-19 10:30:11,477][kafka.coordinator][INFO]Skipping heartbeat: no auto-assignment or waiting on rebalance
[2016-09-19 10:30:11,877][kafka.coordinator.consumer][INFO]Revoking previously assigned partitions set([TopicPartition(topic=u'spamtopic', partition=0)]) for group kafka-python-default-group
[2016-09-19 10:30:11,877][kafka.coordinator][INFO](Re-)joining group kafka-python-default-group
[2016-09-19 10:30:11,880][kafka.coordinator][INFO]Joined group 'kafka-python-default-group' (generation 94) with member_id kafka-python-1.3.1-ff1125ae-156d-4b93-85dd-56ba84fcb797
[2016-09-19 10:30:11,882][kafka.coordinator][INFO]Successfully joined group kafka-python-default-group with generation 94
[2016-09-19 10:30:11,882][kafka.consumer.subscription_state][INFO]Updated partition assignment: [TopicPartition(topic=u'spamtopic', partition=0)]
[2016-09-19 10:30:11,883][kafka.coordinator.consumer][INFO]Setting newly assigned partitions set([TopicPartition(topic=u'spamtopic', partition=0)]) for group kafka-python-default-group
[2016-09-19 10:30:14,894][kafka.coordinator][WARNING]Heartbeat failed for group kafka-python-default-group because it is rebalancing
[2016-09-19 10:30:14,894][kafka.coordinator][WARNING]Heartbeat failed ([Error 27] RebalanceInProgressError: ); retrying
[2016-09-19 10:30:14,995][kafka.coordinator][INFO]Skipping heartbeat: no auto-assignment or waiting on rebalance
[2016-09-19 10:30:15,396][kafka.coordinator.consumer][INFO]Revoking previously assigned partitions set([TopicPartition(topic=u'spamtopic', partition=0)]) for group kafka-python-default-group
[2016-09-19 10:30:15,397][kafka.coordinator][INFO](Re-)joining group kafka-python-default-group
[2016-09-19 10:30:15,399][kafka.coordinator][INFO]Joined group 'kafka-python-default-group' (generation 95) with member_id kafka-python-1.3.1-ff1125ae-156d-4b93-85dd-56ba84fcb797
[2016-09-19 10:30:15,401][kafka.coordinator][INFO]Successfully joined group kafka-python-default-group with generation 95
[2016-09-19 10:30:15,401][kafka.consumer.subscription_state][INFO]Updated partition assignment: [TopicPartition(topic=u'spamtopic', partition=0)]
[2016-09-19 10:30:15,401][kafka.coordinator.consumer][INFO]Setting newly assigned partitions set([TopicPartition(topic=u'spamtopic', partition=0)]) for group kafka-python-default-group
[2016-09-19 10:30:18,412][kafka.coordinator][WARNING]Heartbeat failed for group kafka-python-default-group because it is rebalancing
[2016-09-19 10:30:18,412][kafka.coordinator][WARNING]Heartbeat failed ([Error 27] RebalanceInProgressError: ); retrying
[2016-09-19 10:30:18,513][kafka.coordinator][INFO]Skipping heartbeat: no auto-assignment or waiting on rebalance
[2016-09-19 10:30:18,917][kafka.coordinator.consumer][INFO]Revoking previously assigned partitions set([TopicPartition(topic=u'spamtopic', partition=0)]) for group kafka-python-default-group
[2016-09-19 10:30:18,917][kafka.coordinator][INFO](Re-)joining group kafka-python-default-group
[2016-09-19 10:30:18,919][kafka.coordinator][INFO]Joined group 'kafka-python-default-group' (generation 96) with member_id kafka-python-1.3.1-ff1125ae-156d-4b93-85dd-56ba84fcb797
[2016-09-19 10:30:18,925][kafka.coordinator][INFO]Successfully joined group kafka-python-default-group with generation 96
[2016-09-19 10:30:18,925][kafka.consumer.subscription_state][INFO]Updated partition assignment: [TopicPartition(topic=u'spamtopic', partition=0)]
[2016-09-19 10:30:18,925][kafka.coordinator.consumer][INFO]Setting newly assigned partitions set([TopicPartition(topic=u'spamtopic', partition=0)]) for group kafka-python-default-group
[2016-09-19 10:30:21,937][kafka.coordinator][WARNING]Heartbeat failed for group kafka-python-default-group because it is rebalancing
[2016-09-19 10:30:21,937][kafka.coordinator][WARNING]Heartbeat failed ([Error 27] RebalanceInProgressError: ); retrying
[2016-09-19 10:30:22,039][kafka.coordinator][INFO]Skipping heartbeat: no auto-assignment or waiting on rebalance
[2016-09-19 10:30:22,440][kafka.coordinator.consumer][INFO]Revoking previously assigned partitions set([TopicPartition(topic=u'spamtopic', partition=0)]) for group kafka-python-default-group
[2016-09-19 10:30:22,440][kafka.coordinator][INFO](Re-)joining group kafka-python-default-group
[2016-09-19 10:30:22,442][kafka.coordinator][INFO]Joined group 'kafka-python-default-group' (generation 97) with member_id kafka-python-1.3.1-ff1125ae-156d-4b93-85dd-56ba84fcb797
[2016-09-19 10:30:22,445][kafka.coordinator][INFO]Successfully joined group kafka-python-default-group with generation 97
[2016-09-19 10:30:22,445][kafka.consumer.subscription_state][INFO]Updated partition assignment: [TopicPartition(topic=u'spamtopic', partition=0)]
[2016-09-19 10:30:22,445][kafka.coordinator.consumer][INFO]Setting newly assigned partitions set([TopicPartition(topic=u'spamtopic', partition=0)]) for group kafka-python-default-group
[2016-09-19 10:30:25,455][kafka.coordinator][WARNING]Heartbeat failed for group kafka-python-default-group because it is rebalancing
[2016-09-19 10:30:25,456][kafka.coordinator][WARNING]Heartbeat failed ([Error 27] RebalanceInProgressError: ); retrying
[2016-09-19 10:30:25,557][kafka.coordinator][INFO]Skipping heartbeat: no auto-assignment or waiting on rebalance
[2016-09-19 10:30:25,958][kafka.coordinator.consumer][INFO]Revoking previously assigned partitions set([TopicPartition(topic=u'spamtopic', partition=0)]) for group kafka-python-default-group
[2016-09-19 10:30:25,958][kafka.coordinator][INFO](Re-)joining group kafka-python-default-group
[2016-09-19 10:30:25,960][kafka.coordinator][INFO]Joined group 'kafka-python-default-group' (generation 98) with member_id kafka-python-1.3.1-ff1125ae-156d-4b93-85dd-56ba84fcb797
[2016-09-19 10:30:25,965][kafka.coordinator][INFO]Successfully joined group kafka-python-default-group with generation 98
[2016-09-19 10:30:25,965][kafka.consumer.subscription_state][INFO]Updated partition assignment: [TopicPartition(topic=u'spamtopic', partition=0)]
[2016-09-19 10:30:25,965][kafka.coordinator.consumer][INFO]Setting newly assigned partitions set([TopicPartition(topic=u'spamtopic', partition=0)]) for group kafka-python-default-group
[2016-09-19 10:30:28,976][kafka.coordinator][WARNING]Heartbeat failed for group kafka-python-default-group because it is rebalancing
[2016-09-19 10:30:28,976][kafka.coordinator][WARNING]Heartbeat failed ([Error 27] RebalanceInProgressError: ); retrying
[2016-09-19 10:30:29,077][kafka.coordinator][INFO]Skipping heartbeat: no auto-assignment or waiting on rebalance
[2016-09-19 10:30:29,477][kafka.coordinator.consumer][INFO]Revoking previously assigned partitions set([TopicPartition(topic=u'spamtopic', partition=0)]) for group kafka-python-default-group
[2016-09-19 10:30:29,478][kafka.coordinator][INFO](Re-)joining group kafka-python-default-group
[2016-09-19 10:30:29,479][kafka.coordinator][INFO]Joined group 'kafka-python-default-group' (generation 99) with member_id kafka-python-1.3.1-ff1125ae-156d-4b93-85dd-56ba84fcb797
[2016-09-19 10:30:29,483][kafka.coordinator][INFO]Successfully joined group kafka-python-default-group with generation 99
[2016-09-19 10:30:29,483][kafka.consumer.subscription_state][INFO]Updated partition assignment: [TopicPartition(topic=u'spamtopic', partition=0)]
[2016-09-19 10:30:29,483][kafka.coordinator.consumer][INFO]Setting newly assigned partitions set([TopicPartition(topic=u'spamtopic', partition=0)]) for group kafka-python-default-group
[2016-09-19 10:30:32,493][kafka.coordinator][WARNING]Heartbeat failed for group kafka-python-default-group because it is rebalancing
[2016-09-19 10:30:32,494][kafka.coordinator][WARNING]Heartbeat failed ([Error 27] RebalanceInProgressError: ); retrying
[2016-09-19 10:30:32,595][kafka.coordinator][INFO]Skipping heartbeat: no auto-assignment or waiting on rebalance
[2016-09-19 10:30:32,995][kafka.coordinator.consumer][INFO]Revoking previously assigned partitions set([TopicPartition(topic=u'spamtopic', partition=0)]) for group kafka-python-default-group
[2016-09-19 10:30:32,996][kafka.coordinator][INFO](Re-)joining group kafka-python-default-group
[2016-09-19 10:30:32,997][kafka.coordinator][INFO]Joined group 'kafka-python-default-group' (generation 100) with member_id kafka-python-1.3.1-ff1125ae-156d-4b93-85dd-56ba84fcb797
[2016-09-19 10:30:32,999][kafka.coordinator][INFO]Successfully joined group kafka-python-default-group with generation 100
[2016-09-19 10:30:33,000][kafka.consumer.subscription_state][INFO]Updated partition assignment: [TopicPartition(topic=u'spamtopic', partition=0)]
[2016-09-19 10:30:33,000][kafka.coordinator.consumer][INFO]Setting newly assigned partitions set([TopicPartition(topic=u'spamtopic', partition=0)]) for group kafka-python-default-group
[2016-09-19 10:30:36,009][kafka.coordinator][WARNING]Heartbeat failed for group kafka-python-default-group because it is rebalancing
[2016-09-19 10:30:36,009][kafka.coordinator][WARNING]Heartbeat failed ([Error 27] RebalanceInProgressError: ); retrying
[2016-09-19 10:30:36,111][kafka.coordinator][INFO]Skipping heartbeat: no auto-assignment or waiting on rebalance
[2016-09-19 10:30:36,512][kafka.coordinator.consumer][INFO]Revoking previously assigned partitions set([TopicPartition(topic=u'spamtopic', partition=0)]) for group kafka-python-default-group
[2016-09-19 10:30:36,512][kafka.coordinator][INFO](Re-)joining group kafka-python-default-group
[2016-09-19 10:30:36,514][kafka.coordinator][INFO]Joined group 'kafka-python-default-group' (generation 101) with member_id kafka-python-1.3.1-ff1125ae-156d-4b93-85dd-56ba84fcb797
[2016-09-19 10:30:36,516][kafka.coordinator][INFO]Successfully joined group kafka-python-default-group with generation 101
[2016-09-19 10:30:36,516][kafka.consumer.subscription_state][INFO]Updated partition assignment: [TopicPartition(topic=u'spamtopic', partition=0)]
[2016-09-19 10:30:36,517][kafka.coordinator.consumer][INFO]Setting newly assigned partitions set([TopicPartition(topic=u'spamtopic', partition=0)]) for group kafka-python-default-group
[2016-09-19 10:30:39,527][kafka.coordinator][WARNING]Heartbeat failed for group kafka-python-default-group because it is rebalancing
[2016-09-19 10:30:39,527][kafka.coordinator][WARNING]Heartbeat failed ([Error 27] RebalanceInProgressError: ); retrying
[2016-09-19 10:30:39,629][kafka.coordinator][INFO]Skipping heartbeat: no auto-assignment or waiting on rebalance
[2016-09-19 10:30:40,030][kafka.coordinator.consumer][INFO]Revoking previously assigned partitions set([TopicPartition(topic=u'spamtopic', partition=0)]) for group kafka-python-default-group
[2016-09-19 10:30:40,030][kafka.coordinator][INFO](Re-)joining group kafka-python-default-group
[2016-09-19 10:30:40,032][kafka.coordinator][INFO]Joined group 'kafka-python-default-group' (generation 102) with member_id kafka-python-1.3.1-ff1125ae-156d-4b93-85dd-56ba84fcb797
[2016-09-19 10:30:40,034][kafka.coordinator][INFO]Successfully joined group kafka-python-default-group with generation 102
[2016-09-19 10:30:40,034][kafka.consumer.subscription_state][INFO]Updated partition assignment: [TopicPartition(topic=u'spamtopic', partition=0)]
[2016-09-19 10:30:40,034][kafka.coordinator.consumer][INFO]Setting newly assigned partitions set([TopicPartition(topic=u'spamtopic', partition=0)]) for group kafka-python-default-group
[2016-09-19 10:30:43,045][kafka.coordinator][WARNING]Heartbeat failed for group kafka-python-default-group because it is rebalancing
[2016-09-19 10:30:43,046][kafka.coordinator][WARNING]Heartbeat failed ([Error 27] RebalanceInProgressError: ); retrying
[2016-09-19 10:30:43,147][kafka.coordinator][INFO]Skipping heartbeat: no auto-assignment or waiting on rebalance
[2016-09-19 10:30:43,547][kafka.coordinator.consumer][INFO]Revoking previously assigned partitions set([TopicPartition(topic=u'spamtopic', partition=0)]) for group kafka-python-default-group
[2016-09-19 10:30:43,547][kafka.coordinator][INFO](Re-)joining group kafka-python-default-group
[2016-09-19 10:30:43,549][kafka.coordinator][INFO]Joined group 'kafka-python-default-group' (generation 103) with member_id kafka-python-1.3.1-ff1125ae-156d-4b93-85dd-56ba84fcb797
[2016-09-19 10:30:43,552][kafka.coordinator][INFO]Successfully joined group kafka-python-default-group with generation 103
[2016-09-19 10:30:43,552][kafka.consumer.subscription_state][INFO]Updated partition assignment: [TopicPartition(topic=u'spamtopic', partition=0)]
[2016-09-19 10:30:43,552][kafka.coordinator.consumer][INFO]Setting newly assigned partitions set([TopicPartition(topic=u'spamtopic', partition=0)]) for group kafka-python-default-group
[2016-09-19 10:30:46,562][kafka.coordinator][WARNING]Heartbeat failed for group kafka-python-default-group because it is rebalancing
[2016-09-19 10:30:46,563][kafka.coordinator][WARNING]Heartbeat failed ([Error 27] RebalanceInProgressError: ); retrying
[2016-09-19 10:30:46,664][kafka.coordinator][INFO]Skipping heartbeat: no auto-assignment or waiting on rebalance
[2016-09-19 10:30:47,064][kafka.coordinator.consumer][INFO]Revoking previously assigned partitions set([TopicPartition(topic=u'spamtopic', partition=0)]) for group kafka-python-default-group
[2016-09-19 10:30:47,064][kafka.coordinator][INFO](Re-)joining group kafka-python-default-group
[2016-09-19 10:30:47,066][kafka.coordinator][INFO]Joined group 'kafka-python-default-group' (generation 104) with member_id kafka-python-1.3.1-ff1125ae-156d-4b93-85dd-56ba84fcb797
[2016-09-19 10:30:47,068][kafka.coordinator][INFO]Successfully joined group kafka-python-default-group with generation 104
[2016-09-19 10:30:47,068][kafka.consumer.subscription_state][INFO]Updated partition assignment: [TopicPartition(topic=u'spamtopic', partition=0)]
[2016-09-19 10:30:47,068][kafka.coordinator.consumer][INFO]Setting newly assigned partitions set([TopicPartition(topic=u'spamtopic', partition=0)]) for group kafka-python-default-group
[2016-09-19 10:30:50,078][kafka.coordinator][WARNING]Heartbeat failed for group kafka-python-default-group because it is rebalancing
[2016-09-19 10:30:50,079][kafka.coordinator][WARNING]Heartbeat failed ([Error 27] RebalanceInProgressError: ); retrying
[2016-09-19 10:30:50,180][kafka.coordinator][INFO]Skipping heartbeat: no auto-assignment or waiting on rebalance
[2016-09-19 10:30:50,580][kafka.coordinator.consumer][INFO]Revoking previously assigned partitions set([TopicPartition(topic=u'spamtopic', partition=0)]) for group kafka-python-default-group
[2016-09-19 10:30:50,580][kafka.coordinator][INFO](Re-)joining group kafka-python-default-group
[2016-09-19 10:30:50,582][kafka.coordinator][INFO]Joined group 'kafka-python-default-group' (generation 105) with member_id kafka-python-1.3.1-ff1125ae-156d-4b93-85dd-56ba84fcb797
[2016-09-19 10:30:50,585][kafka.coordinator][INFO]Successfully joined group kafka-python-default-group with generation 105
[2016-09-19 10:30:50,585][kafka.consumer.subscription_state][INFO]Updated partition assignment: [TopicPartition(topic=u'spamtopic', partition=0)]
[2016-09-19 10:30:50,585][kafka.coordinator.consumer][INFO]Setting newly assigned partitions set([TopicPartition(topic=u'spamtopic', partition=0)]) for group kafka-python-default-group
[2016-09-19 10:30:53,596][kafka.coordinator][WARNING]Heartbeat failed for group kafka-python-default-group because it is rebalancing
[2016-09-19 10:30:53,596][kafka.coordinator][WARNING]Heartbeat failed ([Error 27] RebalanceInProgressError: ); retrying
[2016-09-19 10:30:53,698][kafka.coordinator][INFO]Skipping heartbeat: no auto-assignment or waiting on rebalance
[2016-09-19 10:30:54,098][kafka.coordinator.consumer][INFO]Revoking previously assigned partitions set([TopicPartition(topic=u'spamtopic', partition=0)]) for group kafka-python-default-group
[2016-09-19 10:30:54,098][kafka.coordinator][INFO](Re-)joining group kafka-python-default-group
[2016-09-19 10:30:54,099][kafka.coordinator][INFO]Joined group 'kafka-python-default-group' (generation 106) with member_id kafka-python-1.3.1-ff1125ae-156d-4b93-85dd-56ba84fcb797
[2016-09-19 10:30:54,102][kafka.coordinator][INFO]Successfully joined group kafka-python-default-group with generation 106
[2016-09-19 10:30:54,103][kafka.consumer.subscription_state][INFO]Updated partition assignment: [TopicPartition(topic=u'spamtopic', partition=0)]
[2016-09-19 10:30:54,103][kafka.coordinator.consumer][INFO]Setting newly assigned partitions set([TopicPartition(topic=u'spamtopic', partition=0)]) for group kafka-python-default-group
[2016-09-19 10:30:57,113][kafka.coordinator][WARNING]Heartbeat failed for group kafka-python-default-group because it is rebalancing
[2016-09-19 10:30:57,113][kafka.coordinator][WARNING]Heartbeat failed ([Error 27] RebalanceInProgressError: ); retrying
[2016-09-19 10:30:57,214][kafka.coordinator][INFO]Skipping heartbeat: no auto-assignment or waiting on rebalance
[2016-09-19 10:30:57,616][kafka.coordinator.consumer][INFO]Revoking previously assigned partitions set([TopicPartition(topic=u'spamtopic', partition=0)]) for group kafka-python-default-group
[2016-09-19 10:30:57,616][kafka.coordinator][INFO](Re-)joining group kafka-python-default-group
[2016-09-19 10:30:57,618][kafka.coordinator][INFO]Joined group 'kafka-python-default-group' (generation 107) with member_id kafka-python-1.3.1-ff1125ae-156d-4b93-85dd-56ba84fcb797
[2016-09-19 10:30:57,630][kafka.coordinator][INFO]Successfully joined group kafka-python-default-group with generation 107
[2016-09-19 10:30:57,631][kafka.consumer.subscription_state][INFO]Updated partition assignment: [TopicPartition(topic=u'spamtopic', partition=0)]
[2016-09-19 10:30:57,631][kafka.coordinator.consumer][INFO]Setting newly assigned partitions set([TopicPartition(topic=u'spamtopic', partition=0)]) for group kafka-python-default-group
[2016-09-19 10:31:00,643][kafka.coordinator][WARNING]Heartbeat failed for group kafka-python-default-group because it is rebalancing
[2016-09-19 10:31:00,643][kafka.coordinator][WARNING]Heartbeat failed ([Error 27] RebalanceInProgressError: ); retrying
[2016-09-19 10:31:00,745][kafka.coordinator][INFO]Skipping heartbeat: no auto-assignment or waiting on rebalance
[2016-09-19 10:31:01,146][kafka.coordinator.consumer][INFO]Revoking previously assigned partitions set([TopicPartition(topic=u'spamtopic', partition=0)]) for group kafka-python-default-group
[2016-09-19 10:31:01,146][kafka.coordinator][INFO](Re-)joining group kafka-python-default-group
[2016-09-19 10:31:01,147][kafka.coordinator][INFO]Joined group 'kafka-python-default-group' (generation 108) with member_id kafka-python-1.3.1-ff1125ae-156d-4b93-85dd-56ba84fcb797
[2016-09-19 10:31:01,151][kafka.coordinator][INFO]Successfully joined group kafka-python-default-group with generation 108
[2016-09-19 10:31:01,151][kafka.consumer.subscription_state][INFO]Updated partition assignment: [TopicPartition(topic=u'spamtopic', partition=0)]
[2016-09-19 10:31:01,151][kafka.coordinator.consumer][INFO]Setting newly assigned partitions set([TopicPartition(topic=u'spamtopic', partition=0)]) for group kafka-python-default-group
[2016-09-19 10:31:04,160][kafka.coordinator][WARNING]Heartbeat failed for group kafka-python-default-group because it is rebalancing
[2016-09-19 10:31:04,160][kafka.coordinator][WARNING]Heartbeat failed ([Error 27] RebalanceInProgressError: ); retrying
[2016-09-19 10:31:04,261][kafka.coordinator][INFO]Skipping heartbeat: no auto-assignment or waiting on rebalance
[2016-09-19 10:31:04,663][kafka.coordinator.consumer][INFO]Revoking previously assigned partitions set([TopicPartition(topic=u'spamtopic', partition=0)]) for group kafka-python-default-group
[2016-09-19 10:31:04,663][kafka.coordinator][INFO](Re-)joining group kafka-python-default-group
[2016-09-19 10:31:04,664][kafka.coordinator][INFO]Joined group 'kafka-python-default-group' (generation 109) with member_id kafka-python-1.3.1-ff1125ae-156d-4b93-85dd-56ba84fcb797
[2016-09-19 10:31:04,667][kafka.coordinator][INFO]Successfully joined group kafka-python-default-group with generation 109
[2016-09-19 10:31:04,667][kafka.consumer.subscription_state][INFO]Updated partition assignment: [TopicPartition(topic=u'spamtopic', partition=0)]
[2016-09-19 10:31:04,667][kafka.coordinator.consumer][INFO]Setting newly assigned partitions set([TopicPartition(topic=u'spamtopic', partition=0)]) for group kafka-python-default-group
[2016-09-19 10:31:07,677][kafka.coordinator][WARNING]Heartbeat failed for group kafka-python-default-group because it is rebalancing
[2016-09-19 10:31:07,677][kafka.coordinator][WARNING]Heartbeat failed ([Error 27] RebalanceInProgressError: ); retrying
[2016-09-19 10:31:07,778][kafka.coordinator][INFO]Skipping heartbeat: no auto-assignment or waiting on rebalance
[2016-09-19 10:31:08,179][kafka.coordinator.consumer][INFO]Revoking previously assigned partitions set([TopicPartition(topic=u'spamtopic', partition=0)]) for group kafka-python-default-group
[2016-09-19 10:31:08,180][kafka.coordinator][INFO](Re-)joining group kafka-python-default-group
[2016-09-19 10:31:08,181][kafka.coordinator][INFO]Joined group 'kafka-python-default-group' (generation 110) with member_id kafka-python-1.3.1-ff1125ae-156d-4b93-85dd-56ba84fcb797
[2016-09-19 10:31:08,184][kafka.coordinator][INFO]Successfully joined group kafka-python-default-group with generation 110
[2016-09-19 10:31:08,184][kafka.consumer.subscription_state][INFO]Updated partition assignment: [TopicPartition(topic=u'spamtopic', partition=0)]
[2016-09-19 10:31:08,184][kafka.coordinator.consumer][INFO]Setting newly assigned partitions set([TopicPartition(topic=u'spamtopic', partition=0)]) for group kafka-python-default-group
[2016-09-19 10:31:11,196][kafka.coordinator][WARNING]Heartbeat failed for group kafka-python-default-group because it is rebalancing
[2016-09-19 10:31:11,196][kafka.coordinator][WARNING]Heartbeat failed ([Error 27] RebalanceInProgressError: ); retrying
[2016-09-19 10:31:11,297][kafka.coordinator][INFO]Skipping heartbeat: no auto-assignment or waiting on rebalance
[2016-09-19 10:31:11,699][kafka.coordinator.consumer][INFO]Revoking previously assigned partitions set([TopicPartition(topic=u'spamtopic', partition=0)]) for group kafka-python-default-group
[2016-09-19 10:31:11,699][kafka.coordinator][INFO](Re-)joining group kafka-python-default-group
[2016-09-19 10:31:11,701][kafka.coordinator][INFO]Joined group 'kafka-python-default-group' (generation 111) with member_id kafka-python-1.3.1-ff1125ae-156d-4b93-85dd-56ba84fcb797
[2016-09-19 10:31:11,703][kafka.coordinator][INFO]Successfully joined group kafka-python-default-group with generation 111
[2016-09-19 10:31:11,704][kafka.consumer.subscription_state][INFO]Updated partition assignment: [TopicPartition(topic=u'spamtopic', partition=0)]
[2016-09-19 10:31:11,704][kafka.coordinator.consumer][INFO]Setting newly assigned partitions set([TopicPartition(topic=u'spamtopic', partition=0)]) for group kafka-python-default-group
[2016-09-19 10:31:14,714][kafka.coordinator][WARNING]Heartbeat failed for group kafka-python-default-group because it is rebalancing
[2016-09-19 10:31:14,714][kafka.coordinator][WARNING]Heartbeat failed ([Error 27] RebalanceInProgressError: ); retrying
[2016-09-19 10:31:14,815][kafka.coordinator][INFO]Skipping heartbeat: no auto-assignment or waiting on rebalance
[2016-09-19 10:31:15,216][kafka.coordinator.consumer][INFO]Revoking previously assigned partitions set([TopicPartition(topic=u'spamtopic', partition=0)]) for group kafka-python-default-group
[2016-09-19 10:31:15,217][kafka.coordinator][INFO](Re-)joining group kafka-python-default-group
[2016-09-19 10:31:15,223][kafka.coordinator][INFO]Joined group 'kafka-python-default-group' (generation 112) with member_id kafka-python-1.3.1-ff1125ae-156d-4b93-85dd-56ba84fcb797
[2016-09-19 10:31:15,227][kafka.coordinator][INFO]Successfully joined group kafka-python-default-group with generation 112
[2016-09-19 10:31:15,227][kafka.consumer.subscription_state][INFO]Updated partition assignment: [TopicPartition(topic=u'spamtopic', partition=0)]
[2016-09-19 10:31:15,227][kafka.coordinator.consumer][INFO]Setting newly assigned partitions set([TopicPartition(topic=u'spamtopic', partition=0)]) for group kafka-python-default-group
[2016-09-19 10:31:18,237][kafka.coordinator][WARNING]Heartbeat failed for group kafka-python-default-group because it is rebalancing
[2016-09-19 10:31:18,237][kafka.coordinator][WARNING]Heartbeat failed ([Error 27] RebalanceInProgressError: ); retrying
[2016-09-19 10:31:18,339][kafka.coordinator][INFO]Skipping heartbeat: no auto-assignment or waiting on rebalance
[2016-09-19 10:31:18,740][kafka.coordinator.consumer][INFO]Revoking previously assigned partitions set([TopicPartition(topic=u'spamtopic', partition=0)]) for group kafka-python-default-group
[2016-09-19 10:31:18,740][kafka.coordinator][INFO](Re-)joining group kafka-python-default-group
[2016-09-19 10:31:18,741][kafka.coordinator][INFO]Joined group 'kafka-python-default-group' (generation 113) with member_id kafka-python-1.3.1-ff1125ae-156d-4b93-85dd-56ba84fcb797
[2016-09-19 10:31:18,743][kafka.coordinator][INFO]Successfully joined group kafka-python-default-group with generation 113
[2016-09-19 10:31:18,744][kafka.consumer.subscription_state][INFO]Updated partition assignment: [TopicPartition(topic=u'spamtopic', partition=0)]
[2016-09-19 10:31:18,744][kafka.coordinator.consumer][INFO]Setting newly assigned partitions set([TopicPartition(topic=u'spamtopic', partition=0)]) for group kafka-python-default-group
[2016-09-19 10:31:21,753][kafka.coordinator][WARNING]Heartbeat failed for group kafka-python-default-group because it is rebalancing
[2016-09-19 10:31:21,753][kafka.coordinator][WARNING]Heartbeat failed ([Error 27] RebalanceInProgressError: ); retrying
[2016-09-19 10:31:21,854][kafka.coordinator][INFO]Skipping heartbeat: no auto-assignment or waiting on rebalance
[2016-09-19 10:31:22,254][kafka.coordinator.consumer][INFO]Revoking previously assigned partitions set([TopicPartition(topic=u'spamtopic', partition=0)]) for group kafka-python-default-group
[2016-09-19 10:31:22,255][kafka.coordinator][INFO](Re-)joining group kafka-python-default-group
[2016-09-19 10:31:22,256][kafka.coordinator][INFO]Joined group 'kafka-python-default-group' (generation 114) with member_id kafka-python-1.3.1-ff1125ae-156d-4b93-85dd-56ba84fcb797
[2016-09-19 10:31:22,260][kafka.coordinator][INFO]Successfully joined group kafka-python-default-group with generation 114
[2016-09-19 10:31:22,261][kafka.consumer.subscription_state][INFO]Updated partition assignment: [TopicPartition(topic=u'spamtopic', partition=0)]
[2016-09-19 10:31:22,261][kafka.coordinator.consumer][INFO]Setting newly assigned partitions set([TopicPartition(topic=u'spamtopic', partition=0)]) for group kafka-python-default-group
[2016-09-19 10:31:25,271][kafka.coordinator][WARNING]Heartbeat failed for group kafka-python-default-group because it is rebalancing
[2016-09-19 10:31:25,271][kafka.coordinator][WARNING]Heartbeat failed ([Error 27] RebalanceInProgressError: ); retrying
[2016-09-19 10:31:25,372][kafka.coordinator][INFO]Skipping heartbeat: no auto-assignment or waiting on rebalance
[2016-09-19 10:31:25,773][kafka.coordinator.consumer][INFO]Revoking previously assigned partitions set([TopicPartition(topic=u'spamtopic', partition=0)]) for group kafka-python-default-group
[2016-09-19 10:31:25,773][kafka.coordinator][INFO](Re-)joining group kafka-python-default-group
[2016-09-19 10:31:25,775][kafka.coordinator][INFO]Joined group 'kafka-python-default-group' (generation 115) with member_id kafka-python-1.3.1-ff1125ae-156d-4b93-85dd-56ba84fcb797
[2016-09-19 10:31:25,788][kafka.coordinator][INFO](Re-)joining group kafka-python-default-group
[2016-09-19 10:31:29,302][kafka.coordinator][INFO]Joined group 'kafka-python-default-group' (generation 116) with member_id kafka-python-1.3.1-ff1125ae-156d-4b93-85dd-56ba84fcb797
[2016-09-19 10:31:29,303][kafka.coordinator.consumer][WARNING]Auto offset commit failed for group kafka-python-default-group: CommitFailedError: Commit cannot be completed since the group has already rebalanced and assigned the partitions to another member. This means that the time between subsequent calls to poll() was longer than the configured session.timeout.ms, which typically implies that the poll loop is spending too much time message processing. You can address this either by increasing the session timeout or by reducing the maximum size of batches returned in poll() with max.poll.records.
[2016-09-19 10:31:29,304][kafka.coordinator][INFO]Successfully joined group kafka-python-default-group with generation 116
[2016-09-19 10:31:29,304][kafka.consumer.subscription_state][INFO]Updated partition assignment: [TopicPartition(topic=u'spamtopic', partition=0)]
[2016-09-19 10:31:29,304][kafka.coordinator.consumer][INFO]Setting newly assigned partitions set([TopicPartition(topic=u'spamtopic', partition=0)]) for group kafka-python-default-group
[2016-09-19 10:31:32,316][kafka.coordinator][WARNING]Heartbeat failed for group kafka-python-default-group because it is rebalancing
[2016-09-19 10:31:32,317][kafka.coordinator][WARNING]Heartbeat failed ([Error 27] RebalanceInProgressError: ); retrying
[2016-09-19 10:31:32,418][kafka.coordinator][INFO]Skipping heartbeat: no auto-assignment or waiting on rebalance
[2016-09-19 10:31:32,818][kafka.coordinator.consumer][INFO]Revoking previously assigned partitions set([TopicPartition(topic=u'spamtopic', partition=0)]) for group kafka-python-default-group
[2016-09-19 10:31:32,819][kafka.coordinator][INFO](Re-)joining group kafka-python-default-group
[2016-09-19 10:31:32,823][kafka.coordinator][INFO]Joined group 'kafka-python-default-group' (generation 117) with member_id kafka-python-1.3.1-ff1125ae-156d-4b93-85dd-56ba84fcb797
[2016-09-19 10:31:32,825][kafka.coordinator][INFO](Re-)joining group kafka-python-default-group
[2016-09-19 10:31:36,344][kafka.coordinator][INFO]Joined group 'kafka-python-default-group' (generation 118) with member_id kafka-python-1.3.1-ff1125ae-156d-4b93-85dd-56ba84fcb797
[2016-09-19 10:31:36,344][kafka.coordinator.consumer][WARNING]Auto offset commit failed for group kafka-python-default-group: CommitFailedError: Commit cannot be completed since the group has already rebalanced and assigned the partitions to another member. This means that the time between subsequent calls to poll() was longer than the configured session.timeout.ms, which typically implies that the poll loop is spending too much time message processing. You can address this either by increasing the session timeout or by reducing the maximum size of batches returned in poll() with max.poll.records.
[2016-09-19 10:31:36,346][kafka.coordinator][INFO]Successfully joined group kafka-python-default-group with generation 118
[2016-09-19 10:31:36,346][kafka.consumer.subscription_state][INFO]Updated partition assignment: [TopicPartition(topic=u'spamtopic', partition=0)]
[2016-09-19 10:31:36,346][kafka.coordinator.consumer][INFO]Setting newly assigned partitions set([TopicPartition(topic=u'spamtopic', partition=0)]) for group kafka-python-default-group
[2016-09-19 10:31:39,357][kafka.coordinator][WARNING]Heartbeat failed for group kafka-python-default-group because it is rebalancing
[2016-09-19 10:31:39,357][kafka.coordinator][WARNING]Heartbeat failed ([Error 27] RebalanceInProgressError: ); retrying
[2016-09-19 10:31:39,459][kafka.coordinator][INFO]Skipping heartbeat: no auto-assignment or waiting on rebalance
[2016-09-19 10:31:39,860][kafka.coordinator.consumer][INFO]Revoking previously assigned partitions set([TopicPartition(topic=u'spamtopic', partition=0)]) for group kafka-python-default-group
[2016-09-19 10:31:39,860][kafka.coordinator][INFO](Re-)joining group kafka-python-default-group
[2016-09-19 10:31:39,862][kafka.coordinator][INFO]Joined group 'kafka-python-default-group' (generation 119) with member_id kafka-python-1.3.1-ff1125ae-156d-4b93-85dd-56ba84fcb797
[2016-09-19 10:31:39,864][kafka.coordinator][INFO]Successfully joined group kafka-python-default-group with generation 119
[2016-09-19 10:31:39,864][kafka.consumer.subscription_state][INFO]Updated partition assignment: [TopicPartition(topic=u'spamtopic', partition=0)]
[2016-09-19 10:31:39,864][kafka.coordinator.consumer][INFO]Setting newly assigned partitions set([TopicPartition(topic=u'spamtopic', partition=0)]) for group kafka-python-default-group
[2016-09-19 10:31:42,876][kafka.coordinator][WARNING]Heartbeat failed for group kafka-python-default-group because it is rebalancing
[2016-09-19 10:31:42,876][kafka.coordinator][WARNING]Heartbeat failed ([Error 27] RebalanceInProgressError: ); retrying
[2016-09-19 10:31:42,977][kafka.coordinator][INFO]Skipping heartbeat: no auto-assignment or waiting on rebalance
[2016-09-19 10:31:43,377][kafka.coordinator.consumer][INFO]Revoking previously assigned partitions set([TopicPartition(topic=u'spamtopic', partition=0)]) for group kafka-python-default-group
[2016-09-19 10:31:43,378][kafka.coordinator][INFO](Re-)joining group kafka-python-default-group
[2016-09-19 10:31:43,379][kafka.coordinator][INFO]Joined group 'kafka-python-default-group' (generation 120) with member_id kafka-python-1.3.1-ff1125ae-156d-4b93-85dd-56ba84fcb797
[2016-09-19 10:31:43,381][kafka.coordinator][INFO]Successfully joined group kafka-python-default-group with generation 120
[2016-09-19 10:31:43,382][kafka.consumer.subscription_state][INFO]Updated partition assignment: [TopicPartition(topic=u'spamtopic', partition=0)]
[2016-09-19 10:31:43,382][kafka.coordinator.consumer][INFO]Setting newly assigned partitions set([TopicPartition(topic=u'spamtopic', partition=0)]) for group kafka-python-default-group
[2016-09-19 10:31:46,395][kafka.coordinator][WARNING]Heartbeat failed for group kafka-python-default-group because it is rebalancing
[2016-09-19 10:31:46,396][kafka.coordinator][WARNING]Heartbeat failed ([Error 27] RebalanceInProgressError: ); retrying
[2016-09-19 10:31:46,497][kafka.coordinator][INFO]Skipping heartbeat: no auto-assignment or waiting on rebalance
[2016-09-19 10:31:46,897][kafka.coordinator.consumer][INFO]Revoking previously assigned partitions set([TopicPartition(topic=u'spamtopic', partition=0)]) for group kafka-python-default-group
[2016-09-19 10:31:46,897][kafka.coordinator][INFO](Re-)joining group kafka-python-default-group
[2016-09-19 10:31:46,905][kafka.coordinator][INFO]Joined group 'kafka-python-default-group' (generation 121) with member_id kafka-python-1.3.1-ff1125ae-156d-4b93-85dd-56ba84fcb797
[2016-09-19 10:31:46,907][kafka.coordinator][INFO]Successfully joined group kafka-python-default-group with generation 121
[2016-09-19 10:31:46,907][kafka.consumer.subscription_state][INFO]Updated partition assignment: [TopicPartition(topic=u'spamtopic', partition=0)]
[2016-09-19 10:31:46,908][kafka.coordinator.consumer][INFO]Setting newly assigned partitions set([TopicPartition(topic=u'spamtopic', partition=0)]) for group kafka-python-default-group
[2016-09-19 10:31:49,920][kafka.coordinator][WARNING]Heartbeat failed for group kafka-python-default-group because it is rebalancing
[2016-09-19 10:31:49,920][kafka.coordinator][WARNING]Heartbeat failed ([Error 27] RebalanceInProgressError: ); retrying
[2016-09-19 10:31:50,021][kafka.coordinator][INFO]Skipping heartbeat: no auto-assignment or waiting on rebalance
[2016-09-19 10:31:50,421][kafka.coordinator.consumer][INFO]Revoking previously assigned partitions set([TopicPartition(topic=u'spamtopic', partition=0)]) for group kafka-python-default-group
[2016-09-19 10:31:50,422][kafka.coordinator][INFO](Re-)joining group kafka-python-default-group
[2016-09-19 10:31:50,423][kafka.coordinator][INFO]Joined group 'kafka-python-default-group' (generation 122) with member_id kafka-python-1.3.1-ff1125ae-156d-4b93-85dd-56ba84fcb797
[2016-09-19 10:31:50,426][kafka.coordinator][INFO]Successfully joined group kafka-python-default-group with generation 122
[2016-09-19 10:31:50,426][kafka.consumer.subscription_state][INFO]Updated partition assignment: [TopicPartition(topic=u'spamtopic', partition=0)]
[2016-09-19 10:31:50,426][kafka.coordinator.consumer][INFO]Setting newly assigned partitions set([TopicPartition(topic=u'spamtopic', partition=0)]) for group kafka-python-default-group
[2016-09-19 10:31:53,439][kafka.coordinator][WARNING]Heartbeat failed for group kafka-python-default-group because it is rebalancing
[2016-09-19 10:31:53,439][kafka.coordinator][WARNING]Heartbeat failed ([Error 27] RebalanceInProgressError: ); retrying
[2016-09-19 10:31:53,540][kafka.coordinator][INFO]Skipping heartbeat: no auto-assignment or waiting on rebalance
[2016-09-19 10:31:53,941][kafka.coordinator.consumer][INFO]Revoking previously assigned partitions set([TopicPartition(topic=u'spamtopic', partition=0)]) for group kafka-python-default-group
[2016-09-19 10:31:53,942][kafka.coordinator][INFO](Re-)joining group kafka-python-default-group
[2016-09-19 10:31:53,943][kafka.coordinator][INFO]Joined group 'kafka-python-default-group' (generation 123) with member_id kafka-python-1.3.1-ff1125ae-156d-4b93-85dd-56ba84fcb797
[2016-09-19 10:31:53,945][kafka.coordinator][INFO]Successfully joined group kafka-python-default-group with generation 123
[2016-09-19 10:31:53,946][kafka.consumer.subscription_state][INFO]Updated partition assignment: [TopicPartition(topic=u'spamtopic', partition=0)]
[2016-09-19 10:31:53,946][kafka.coordinator.consumer][INFO]Setting newly assigned partitions set([TopicPartition(topic=u'spamtopic', partition=0)]) for group kafka-python-default-group
[2016-09-19 10:31:56,957][kafka.coordinator][WARNING]Heartbeat failed for group kafka-python-default-group because it is rebalancing
[2016-09-19 10:31:56,957][kafka.coordinator][WARNING]Heartbeat failed ([Error 27] RebalanceInProgressError: ); retrying
[2016-09-19 10:31:57,058][kafka.coordinator][INFO]Skipping heartbeat: no auto-assignment or waiting on rebalance
[2016-09-19 10:31:57,460][kafka.coordinator.consumer][INFO]Revoking previously assigned partitions set([TopicPartition(topic=u'spamtopic', partition=0)]) for group kafka-python-default-group
[2016-09-19 10:31:57,460][kafka.coordinator][INFO](Re-)joining group kafka-python-default-group
[2016-09-19 10:31:57,462][kafka.coordinator][INFO]Joined group 'kafka-python-default-group' (generation 124) with member_id kafka-python-1.3.1-ff1125ae-156d-4b93-85dd-56ba84fcb797
[2016-09-19 10:31:57,466][kafka.coordinator][INFO]Successfully joined group kafka-python-default-group with generation 124
[2016-09-19 10:31:57,467][kafka.consumer.subscription_state][INFO]Updated partition assignment: [TopicPartition(topic=u'spamtopic', partition=0)]
[2016-09-19 10:31:57,467][kafka.coordinator.consumer][INFO]Setting newly assigned partitions set([TopicPartition(topic=u'spamtopic', partition=0)]) for group kafka-python-default-group
[2016-09-19 10:32:00,478][kafka.coordinator][WARNING]Heartbeat failed for group kafka-python-default-group because it is rebalancing
[2016-09-19 10:32:00,478][kafka.coordinator][WARNING]Heartbeat failed ([Error 27] RebalanceInProgressError: ); retrying
[2016-09-19 10:32:00,579][kafka.coordinator][INFO]Skipping heartbeat: no auto-assignment or waiting on rebalance
[2016-09-19 10:32:00,980][kafka.coordinator.consumer][INFO]Revoking previously assigned partitions set([TopicPartition(topic=u'spamtopic', partition=0)]) for group kafka-python-default-group
[2016-09-19 10:32:00,980][kafka.coordinator][INFO](Re-)joining group kafka-python-default-group
[2016-09-19 10:32:00,982][kafka.coordinator][INFO]Joined group 'kafka-python-default-group' (generation 125) with member_id kafka-python-1.3.1-ff1125ae-156d-4b93-85dd-56ba84fcb797
[2016-09-19 10:32:00,984][kafka.coordinator][INFO]Successfully joined group kafka-python-default-group with generation 125
[2016-09-19 10:32:00,984][kafka.consumer.subscription_state][INFO]Updated partition assignment: [TopicPartition(topic=u'spamtopic', partition=0)]
[2016-09-19 10:32:00,985][kafka.coordinator.consumer][INFO]Setting newly assigned partitions set([TopicPartition(topic=u'spamtopic', partition=0)]) for group kafka-python-default-group
[2016-09-19 10:32:03,997][kafka.coordinator][WARNING]Heartbeat failed for group kafka-python-default-group because it is rebalancing
[2016-09-19 10:32:03,997][kafka.coordinator][WARNING]Heartbeat failed ([Error 27] RebalanceInProgressError: ); retrying
[2016-09-19 10:32:04,098][kafka.coordinator][INFO]Skipping heartbeat: no auto-assignment or waiting on rebalance
[2016-09-19 10:32:04,499][kafka.coordinator.consumer][INFO]Revoking previously assigned partitions set([TopicPartition(topic=u'spamtopic', partition=0)]) for group kafka-python-default-group
[2016-09-19 10:32:04,500][kafka.coordinator][INFO](Re-)joining group kafka-python-default-group
[2016-09-19 10:32:04,501][kafka.coordinator][INFO]Joined group 'kafka-python-default-group' (generation 126) with member_id kafka-python-1.3.1-ff1125ae-156d-4b93-85dd-56ba84fcb797
[2016-09-19 10:32:04,505][kafka.coordinator][INFO]Successfully joined group kafka-python-default-group with generation 126
[2016-09-19 10:32:04,505][kafka.consumer.subscription_state][INFO]Updated partition assignment: [TopicPartition(topic=u'spamtopic', partition=0)]
[2016-09-19 10:32:04,506][kafka.coordinator.consumer][INFO]Setting newly assigned partitions set([TopicPartition(topic=u'spamtopic', partition=0)]) for group kafka-python-default-group
[2016-09-19 10:32:07,515][kafka.coordinator][WARNING]Heartbeat failed for group kafka-python-default-group because it is rebalancing
[2016-09-19 10:32:07,515][kafka.coordinator][WARNING]Heartbeat failed ([Error 27] RebalanceInProgressError: ); retrying
[2016-09-19 10:32:07,616][kafka.coordinator][INFO]Skipping heartbeat: no auto-assignment or waiting on rebalance
[2016-09-19 10:32:08,017][kafka.coordinator.consumer][INFO]Revoking previously assigned partitions set([TopicPartition(topic=u'spamtopic', partition=0)]) for group kafka-python-default-group
[2016-09-19 10:32:08,018][kafka.coordinator][INFO](Re-)joining group kafka-python-default-group
[2016-09-19 10:32:08,019][kafka.coordinator][INFO]Joined group 'kafka-python-default-group' (generation 127) with member_id kafka-python-1.3.1-ff1125ae-156d-4b93-85dd-56ba84fcb797
[2016-09-19 10:32:08,023][kafka.coordinator][INFO]Successfully joined group kafka-python-default-group with generation 127
[2016-09-19 10:32:08,024][kafka.consumer.subscription_state][INFO]Updated partition assignment: [TopicPartition(topic=u'spamtopic', partition=0)]
[2016-09-19 10:32:08,024][kafka.coordinator.consumer][INFO]Setting newly assigned partitions set([TopicPartition(topic=u'spamtopic', partition=0)]) for group kafka-python-default-group
[2016-09-19 10:32:11,034][kafka.coordinator][WARNING]Heartbeat failed for group kafka-python-default-group because it is rebalancing
[2016-09-19 10:32:11,034][kafka.coordinator][WARNING]Heartbeat failed ([Error 27] RebalanceInProgressError: ); retrying
[2016-09-19 10:32:11,135][kafka.coordinator][INFO]Skipping heartbeat: no auto-assignment or waiting on rebalance
[2016-09-19 10:32:11,537][kafka.coordinator.consumer][INFO]Revoking previously assigned partitions set([TopicPartition(topic=u'spamtopic', partition=0)]) for group kafka-python-default-group
[2016-09-19 10:32:11,537][kafka.coordinator][INFO](Re-)joining group kafka-python-default-group
[2016-09-19 10:32:11,539][kafka.coordinator][INFO]Joined group 'kafka-python-default-group' (generation 128) with member_id kafka-python-1.3.1-ff1125ae-156d-4b93-85dd-56ba84fcb797
[2016-09-19 10:32:11,541][kafka.coordinator][INFO]Successfully joined group kafka-python-default-group with generation 128
[2016-09-19 10:32:11,541][kafka.consumer.subscription_state][INFO]Updated partition assignment: [TopicPartition(topic=u'spamtopic', partition=0)]
[2016-09-19 10:32:11,541][kafka.coordinator.consumer][INFO]Setting newly assigned partitions set([TopicPartition(topic=u'spamtopic', partition=0)]) for group kafka-python-default-group
[2016-09-19 10:32:14,552][kafka.coordinator][WARNING]Heartbeat failed for group kafka-python-default-group because it is rebalancing
[2016-09-19 10:32:14,552][kafka.coordinator][WARNING]Heartbeat failed ([Error 27] RebalanceInProgressError: ); retrying
[2016-09-19 10:32:14,654][kafka.coordinator][INFO]Skipping heartbeat: no auto-assignment or waiting on rebalance
[2016-09-19 10:32:15,055][kafka.coordinator.consumer][INFO]Revoking previously assigned partitions set([TopicPartition(topic=u'spamtopic', partition=0)]) for group kafka-python-default-group
[2016-09-19 10:32:15,055][kafka.coordinator][INFO](Re-)joining group kafka-python-default-group
[2016-09-19 10:32:15,057][kafka.coordinator][INFO]Joined group 'kafka-python-default-group' (generation 129) with member_id kafka-python-1.3.1-ff1125ae-156d-4b93-85dd-56ba84fcb797
[2016-09-19 10:32:15,065][kafka.coordinator][INFO]Successfully joined group kafka-python-default-group with generation 129
[2016-09-19 10:32:15,065][kafka.consumer.subscription_state][INFO]Updated partition assignment: [TopicPartition(topic=u'spamtopic', partition=0)]
[2016-09-19 10:32:15,066][kafka.coordinator.consumer][INFO]Setting newly assigned partitions set([TopicPartition(topic=u'spamtopic', partition=0)]) for group kafka-python-default-group
