Beginning task setup

/usr/bin/flock
Using existing venv: /tmp/petrel-spam-6-1473877022/venv
Task setup took 0 seconds
Launching: python -m petrel.run kafkaconsumer /home/pipe/topology/TopologyTweetTransformationSPAM/petrel31913_kafkaconsumer.log
/usr/local/lib/python2.7/dist-packages/petrel-1.0.1.0.3-py2.7.egg/petrel/run.py invoked with the following arguments: ['kafkaconsumer', '/home/pipe/topology/TopologyTweetTransformationSPAM/petrel31913_kafkaconsumer.log']
python version: 2.7.12
user=root
PATH=/tmp/petrel-spam-6-1473877022/venv/bin:/usr/local/sbin:/usr/local/bin:/usr/sbin:/usr/bin:/sbin:/bin:/snap/bin
LD_LIBRARY_PATH=/home/apache-storm-1.0.1/data/supervisor/stormdist/spam-6-1473877022/resources/Linux-amd64:/home/apache-storm-1.0.1/data/supervisor/stormdist/spam-6-1473877022/resources:/usr/local/lib:/opt/local/lib:/usr/lib
PYTHON_EGG_CACHE=/tmp/petrel-spam-6-1473877022/egg_cache
[2016-09-15 19:24:13,876][storm][INFO]Tuple profiling enabled. Will log tuple processing times.
[2016-09-15 19:24:14,113][storm][INFO]Task received setupInfo from Storm: {'pidDir': '/home/apache-storm-1.0.1/data/workers/88b0f5ca-dcba-4486-bb97-085837d4b313/pids', 'conf': {'storm.group.mapping.service.params': None, 'topology.tuple.serializer': 'org.apache.storm.serialization.types.ListDelegateSerializer', 'topology.workers': 1, 'drpc.worker.threads': 64, 'ui.filter.params': None, 'transactional.zookeeper.root': '/transactional', 'logviewer.cleanup.age.mins': 10080, 'worker.profiler.command': 'flight.bash', 'topology.executor.send.buffer.size': 1024, 'nimbus.file.copy.expiration.secs': 600, 'oauth.acess_token': ' 702208758362087425-HZiyl1x7Bh98cQa1WLBDYylyu10Bpl7', 'drpc.childopts': '-Xmx768m', 'nimbus.thrift.port': 6627, 'topology.disruptor.wait.timeout.millis': 1000, 'storm.zookeeper.retry.intervalceiling.millis': 30000, 'storm.local.dir': '/home/apache-storm-1.0.1/data', 'storm.auth.simple-acl.users': [], 'drpc.invocations.threads': 64, 'storm.zookeeper.superACL': None, 'storm.cluster.state.store': 'org.apache.storm.cluster_state.zookeeper_state_factory', 'storm.codedistributor.class': 'org.apache.storm.codedistributor.LocalFileSystemCodeDistributor', 'drpc.https.keystore.password': '', 'supervisor.blobstore.download.max_retries': 3, 'pacemaker.kerberos.users': [], 'storm.messaging.netty.client_worker_threads': 1, 'oauth.consumer_secret': 'ADf76fi3O1lKMzBxWnjqf93l3GHv28uar3bkblkvyBrAyoA23i', 'topology.component.resources.offheap.memory.mb': 0.0, 'supervisor.heartbeat.frequency.secs': 5, 'storm.group.mapping.service.cache.duration.secs': 120, 'storm.group.mapping.service': 'org.apache.storm.security.auth.ShellBasedGroupsMapping', 'storm.workers.artifacts.dir': 'workers-artifacts', 'drpc.request.timeout.secs': 600, 'pacemaker.childopts': '-Xmx1024m', 'nimbus.seeds': ['localhost'], 'topology.shellbolt.max.pending': 100, 'topology.min.replication.count': 1, 'topology.skip.missing.kryo.registrations': False, 'worker.heartbeat.frequency.secs': 1, 'storm.auth.simple-acl.users.commands': [], 'storm.zookepeer.port': 2181, 'zmq.hwm': 0, 'topology.worker.shared.thread.pool.size': 4, 'storm.zookeeper.connection.timeout': 15000, 'java.library.path': '/usr/local/lib:/opt/local/lib:/usr/lib', 'logviewer.max.sum.worker.logs.size.mb': 4096, 'task.refresh.poll.secs': 10, 'topology.max.error.report.per.interval': 5, 'topology.worker.logwriter.childopts': '-Xmx64m', 'ui.actions.enabled': True, 'storm.health.check.timeout.ms': 5000, 'topology.scheduler.strategy': 'org.apache.storm.scheduler.resource.strategies.scheduling.DefaultResourceAwareStrategy', 'ui.host': '0.0.0.0', 'storm.messaging.netty.server_worker_threads': 1, 'topology.disruptor.batch.size': 100, 'storm.id': 'spam-6-1473877022', 'supervisor.worker.start.timeout.secs': 120, 'zmq.threads': 1, 'topology.acker.executors': None, 'pacemaker.thread.timeout': 10, 'storm.local.mode.zmq': False, 'topology.eventlogger.executors': 0, 'topology.tick.tuple.freq.secs': 30, 'supervisor.memory.capacity.mb': 3072.0, 'supervisor.worker.shutdown.sleep.secs': 1, 'pacemaker.base.threads': 10, 'drpc.http.creds.plugin': 'org.apache.storm.security.auth.DefaultHttpCredentialsPlugin', 'storm.zookeeper.servers': ['localhost'], 'supervisor.localizer.cache.target.size.mb': 10240, 'storm.messaging.netty.transfer.batch.size': 262144, 'resource.aware.scheduler.eviction.strategy': 'org.apache.storm.scheduler.resource.strategies.eviction.DefaultEvictionStrategy', 'topology.environment': None, 'storm.zookeeper.port': 2181, 'storm.auth.simple-acl.admins': [], 'pacemaker.host': 'localhost', 'nimbus.childopts': '-Xmx1024m', 'storm.principal.tolocal': 'org.apache.storm.security.auth.DefaultPrincipalToLocal', 'storm.nimbus.retry.times': 5, 'topology.classpath': None, 'drpc.authorizer.acl.filename': 'drpc-auth-acl.yaml', 'topology.bolts.outgoing.overflow.buffer.enable': False, 'nimbus.credential.renewers.freq.secs': 600, 'worker.childopts': '-Xmx%HEAP-MEM%m -XX:+PrintGCDetails -Xloggc:artifacts/gc.log -XX:+PrintGCDateStamps -XX:+PrintGCTimeStamps -XX:+UseGCLogFileRotation -XX:NumberOfGCLogFiles=10 -XX:GCLogFileSize=1M -XX:+HeapDumpOnOutOfMemoryError -XX:HeapDumpPath=artifacts/heapdump', 'drpc.queue.size': 128, 'supervisor.blobstore.class': 'org.apache.storm.blobstore.NimbusBlobStore', 'topology.multilang.serializer': 'org.apache.storm.multilang.JsonSerializer', 'storm.zookeeper.retry.times': 5, 'topology.disable.loadaware': False, 'supervisor.run.worker.as.user': False, 'storm.blobstore.replication.factor': 3, 'worker.profiler.childopts': '-XX:+UnlockCommercialFeatures -XX:+FlightRecorder', 'nimbus.thrift.threads': 64, 'nimbus.monitor.freq.secs': 10, 'storm.blobstore.inputstream.buffer.size.bytes': 65536, 'dev.zookeeper.path': '/tmp/dev-storm-zookeeper', 'topology.users': [], 'storm.daemon.metrics.reporter.plugins': ['org.apache.storm.daemon.metrics.reporters.JmxPreparableReporter'], 'storm.exhibitor.poll.uripath': '/exhibitor/v1/cluster/list', 'pacemaker.max.threads': 50, 'drpc.https.keystore.type': 'JKS', 'topology.tasks': None, 'storm.zookeeper.root': '/storm', 'logviewer.childopts': '-Xmx128m', 'topology.max.replication.wait.time.sec': 60, 'worker.gc.childopts': '', 'backpressure.disruptor.low.watermark': 0.4, 'storm.meta.serialization.delegate': 'org.apache.storm.serialization.GzipThriftSerializationDelegate', 'transactional.zookeeper.port': None, 'drpc.max_buffer_size': 1048576, 'topology.worker.childopts': None, 'storm.auth.simple-white-list.users': [], 'topology.max.spout.pending': None, 'nimbus.topology.validator': 'org.apache.storm.nimbus.DefaultTopologyValidator', 'topology.kryo.register': None, 'petrel.host': 'localhost', 'client.blobstore.class': 'org.apache.storm.blobstore.NimbusBlobStore', 'nimbus.cleanup.inbox.freq.secs': 600, 'storm.nimbus.retry.intervalceiling.millis': 60000, 'storm.network.topography.plugin': 'org.apache.storm.networktopography.DefaultRackDNSToSwitchMapping', 'storm.messaging.netty.min_wait_ms': 100, 'nimbus.task.timeout.secs': 30, 'topology.disruptor.batch.timeout.millis': 1, 'topology.state.checkpoint.interval.ms': 1000, 'ui.header.buffer.bytes': 4096, 'nimbus.thrift.max_buffer_size': 1048576, 'ui.http.creds.plugin': 'org.apache.storm.security.auth.DefaultHttpCredentialsPlugin', 'topology.sleep.spout.wait.strategy.time.ms': 1, 'nimbus.blobstore.expiration.secs': 600, 'storm.cluster.mode': 'distributed', 'storm.messaging.netty.socket.backlog': 500, 'worker.profiler.enabled': False, 'nimbus.queue.size': 100000, 'logviewer.appender.name': 'A1', 'drpc.authorizer.acl.strict': False, 'ui.port': 8080, 'supervisor.slots.ports': [6700, 6701, 6702, 6703], 'worker.log.level.reset.poll.secs': 30, 'storm.nimbus.retry.interval.millis': 2000, 'drpc.invocations.port': 3773, 'supervisor.monitor.frequency.secs': 3, 'ui.childopts': '-Xmx768m', 'transactional.zookeeper.servers': None, 'storm.log4j2.conf.dir': 'log4j2', 'supervisor.supervisors': [], 'zmq.linger.millis': 5000, 'topology.error.throttle.interval.secs': 10, 'storm.health.check.dir': 'healthchecks', 'topology.executor.receive.buffer.size': 1024, 'nimbus.impersonation.authorizer': 'org.apache.storm.security.auth.authorizer.ImpersonationAuthorizer', 'topology.submitter.principal': '', 'topology.worker.max.heap.size.mb': 768.0, 'topology.spout.wait.strategy': 'org.apache.storm.spout.SleepSpoutWaitStrategy', 'task.heartbeat.frequency.secs': 3, 'topology.transfer.buffer.size': 1024, 'storm.zookeeper.session.timeout': 20000, 'topology.testing.always.try.serialize': False, 'nimbus.blobstore.class': 'org.apache.storm.blobstore.LocalFsBlobStore', 'topology.stats.sample.rate': 0.05, 'topology.fall.back.on.java.serialization': True, 'storm.exhibitor.port': 8080, 'storm.zookeeper.auth.password': None, 'supervisor.childopts': '-Xmx256m', 'topology.backpressure.enable': True, 'pacemaker.port': 6699, 'topology.enable.message.timeouts': True, 'nimbus.code.sync.freq.secs': 120, 'backpressure.disruptor.high.watermark': 0.9, 'storm.messaging.netty.max_wait_ms': 1000, 'topology.worker.receiver.thread.count': 1, 'topology.component.resources.onheap.memory.mb': 128.0, 'resource.aware.scheduler.priority.strategy': 'org.apache.storm.scheduler.resource.strategies.priority.DefaultSchedulingPriorityStrategy', 'nimbus.supervisor.timeout.secs': 60, 'pacemaker.auth.method': 'NONE', 'drpc.https.port': -1, 'nimbus.inbox.jar.expiration.secs': 3600, 'scheduler.display.resource': False, 'topology.kryo.factory': 'org.apache.storm.serialization.DefaultKryoFactory', 'storm.zookeeper.retry.interval': 1000, 'supervisor.supervisors.commands': [], 'supervisor.localizer.cleanup.interval.ms': 600000, 'storm.messaging.netty.max_retries': 300, 'task.credentials.poll.secs': 30, 'drpc.http.port': 3774, 'storm.messaging.transport': 'org.apache.storm.messaging.netty.Context', 'supervisor.enable': True, 'nimbus.task.launch.secs': 120, 'supervisor.blobstore.download.thread.count': 5, 'topology.message.timeout.secs': 30, 'oauth.acess_token_secret': 'IiNOTfgE3tEZvW2HDQhRKPMoOLU43NXJCXk8maj51SdAT', 'storm.messaging.netty.authentication': False, 'petrel.user': 'pipe', 'drpc.port': 3772, 'storm.messaging.netty.buffer_size': 5242880, 'topology.state.synchronization.timeout.secs': 60, 'worker.heap.memory.mb': 768, 'topology.name': 'spam', 'topology.priority': 29, 'supervisor.worker.timeout.secs': 30, 'ui.filter': None, 'topology.trident.batch.emit.interval.millis': 500, 'topology.max.task.parallelism': None, 'supervisor.cpu.capacity': 400.0, 'topology.submitter.user': 'root', 'logviewer.max.per.worker.logs.size.mb': 2048, 'nimbus.host': 'localhost', 'topology.builtin.metrics.bucket.size.secs': 60, 'topology.component.cpu.pcore.percent': 10.0, 'ui.users': None, 'storm.thrift.transport': 'org.apache.storm.security.auth.SimpleTransportPlugin', 'logs.users': None, 'logviewer.port': 8000, 'oauth.consumer_key': 'eaFmBSxUveRJfmyZYeabti9Q9', 'topology.kryo.decorators': [], 'topology.debug': False, 'storm.zookeeper.auth.user': None}, 'context': {'task->component': {'11': '__acker', '10': 'WordDivider', '1': 'CountThreeWords', '3': 'CountTwoWords', '2': 'CountThreeWords', '5': 'CountWord', '4': 'CountTwoWords', '7': 'KafkaConsumer', '6': 'CountWord', '9': 'TwoWordDivider', '8': 'ThreeWordDivider'}, 'stream->target->grouping': {'default': {'WordDivider': {'type': 'SHUFFLE'}, 'ThreeWordDivider': {'type': 'SHUFFLE'}, 'TwoWordDivider': {'type': 'SHUFFLE'}}}, 'source->stream->fields': {}, 'streams': ['default'], 'stream->outputfields': {'default': ['sentence', 'user']}, 'taskid': 7, 'source->stream->grouping': {}, 'componentid': 'KafkaConsumer'}}
[2016-09-15 19:24:14,121][storm][INFO]Task sent pid to Storm
[2016-09-15 19:24:14,237][kafka.conn][INFO]Broker version identifed as 0.10
[2016-09-15 19:24:14,237][kafka.conn][INFO]Set configuration api_version=(0, 10) to skip auto check_version requests on startup
[2016-09-15 19:24:14,249][kafka.consumer.subscription_state][INFO]Updating subscribed topics to: ['spamtopic']
[2016-09-15 19:24:14,251][kafka.cluster][INFO]Group coordinator for kafka-python-default-group is BrokerMetadata(nodeId=0, host=u'localhost', port=9092, rack=None)
[2016-09-15 19:24:14,251][kafka.coordinator][INFO]Discovered coordinator 0 for group kafka-python-default-group
[2016-09-15 19:24:14,251][kafka.coordinator.consumer][INFO]Revoking previously assigned partitions set([]) for group kafka-python-default-group
[2016-09-15 19:24:14,251][kafka.coordinator][INFO](Re-)joining group kafka-python-default-group
[2016-09-15 19:24:36,592][kafka.coordinator][INFO]Joined group 'kafka-python-default-group' (generation 4884) with member_id kafka-python-1.3.1-24b868f1-baf1-4a86-b298-9e0e906c38b8
[2016-09-15 19:24:36,593][kafka.coordinator][INFO]Successfully joined group kafka-python-default-group with generation 4884
[2016-09-15 19:24:36,593][kafka.consumer.subscription_state][INFO]Updated partition assignment: [TopicPartition(topic=u'spamtopic', partition=0)]
[2016-09-15 19:24:36,594][kafka.coordinator.consumer][INFO]Setting newly assigned partitions set([TopicPartition(topic=u'spamtopic', partition=0)]) for group kafka-python-default-group
[2016-09-15 19:24:39,603][kafka.coordinator][WARNING]Heartbeat failed for group kafka-python-default-group because it is rebalancing
[2016-09-15 19:24:39,603][kafka.coordinator][WARNING]Heartbeat failed ([Error 27] RebalanceInProgressError: ); retrying
[2016-09-15 19:24:39,704][kafka.coordinator][INFO]Skipping heartbeat: no auto-assignment or waiting on rebalance
[2016-09-15 19:24:40,105][kafka.coordinator.consumer][INFO]Revoking previously assigned partitions set([TopicPartition(topic=u'spamtopic', partition=0)]) for group kafka-python-default-group
[2016-09-15 19:24:40,106][kafka.coordinator][INFO](Re-)joining group kafka-python-default-group
[2016-09-15 19:24:40,109][kafka.coordinator][INFO]Joined group 'kafka-python-default-group' (generation 4885) with member_id kafka-python-1.3.1-24b868f1-baf1-4a86-b298-9e0e906c38b8
[2016-09-15 19:24:40,109][kafka.coordinator][INFO]Successfully joined group kafka-python-default-group with generation 4885
[2016-09-15 19:24:40,109][kafka.consumer.subscription_state][INFO]Updated partition assignment: [TopicPartition(topic=u'spamtopic', partition=0)]
[2016-09-15 19:24:40,110][kafka.coordinator.consumer][INFO]Setting newly assigned partitions set([TopicPartition(topic=u'spamtopic', partition=0)]) for group kafka-python-default-group
[2016-09-15 19:24:43,119][kafka.coordinator][WARNING]Heartbeat failed for group kafka-python-default-group because it is rebalancing
[2016-09-15 19:24:43,119][kafka.coordinator][WARNING]Heartbeat failed ([Error 27] RebalanceInProgressError: ); retrying
[2016-09-15 19:24:43,220][kafka.coordinator][INFO]Skipping heartbeat: no auto-assignment or waiting on rebalance
[2016-09-15 19:24:43,621][kafka.coordinator.consumer][INFO]Revoking previously assigned partitions set([TopicPartition(topic=u'spamtopic', partition=0)]) for group kafka-python-default-group
[2016-09-15 19:24:43,621][kafka.coordinator][INFO](Re-)joining group kafka-python-default-group
[2016-09-15 19:24:43,625][kafka.coordinator][INFO]Joined group 'kafka-python-default-group' (generation 4886) with member_id kafka-python-1.3.1-24b868f1-baf1-4a86-b298-9e0e906c38b8
[2016-09-15 19:24:43,626][kafka.coordinator][INFO]Successfully joined group kafka-python-default-group with generation 4886
[2016-09-15 19:24:43,626][kafka.consumer.subscription_state][INFO]Updated partition assignment: [TopicPartition(topic=u'spamtopic', partition=0)]
[2016-09-15 19:24:43,626][kafka.coordinator.consumer][INFO]Setting newly assigned partitions set([TopicPartition(topic=u'spamtopic', partition=0)]) for group kafka-python-default-group
[2016-09-15 19:24:46,636][kafka.coordinator][WARNING]Heartbeat failed for group kafka-python-default-group because it is rebalancing
[2016-09-15 19:24:46,637][kafka.coordinator][WARNING]Heartbeat failed ([Error 27] RebalanceInProgressError: ); retrying
[2016-09-15 19:24:46,738][kafka.coordinator][INFO]Skipping heartbeat: no auto-assignment or waiting on rebalance
[2016-09-15 19:24:47,138][kafka.coordinator.consumer][INFO]Revoking previously assigned partitions set([TopicPartition(topic=u'spamtopic', partition=0)]) for group kafka-python-default-group
[2016-09-15 19:24:47,138][kafka.coordinator][INFO](Re-)joining group kafka-python-default-group
[2016-09-15 19:24:47,139][kafka.coordinator][INFO]Joined group 'kafka-python-default-group' (generation 4887) with member_id kafka-python-1.3.1-24b868f1-baf1-4a86-b298-9e0e906c38b8
[2016-09-15 19:24:47,140][kafka.coordinator][INFO]Successfully joined group kafka-python-default-group with generation 4887
[2016-09-15 19:24:47,140][kafka.consumer.subscription_state][INFO]Updated partition assignment: [TopicPartition(topic=u'spamtopic', partition=0)]
[2016-09-15 19:24:47,140][kafka.coordinator.consumer][INFO]Setting newly assigned partitions set([TopicPartition(topic=u'spamtopic', partition=0)]) for group kafka-python-default-group
[2016-09-15 19:24:50,151][kafka.coordinator][WARNING]Heartbeat failed for group kafka-python-default-group because it is rebalancing
[2016-09-15 19:24:50,151][kafka.coordinator][WARNING]Heartbeat failed ([Error 27] RebalanceInProgressError: ); retrying
[2016-09-15 19:24:50,252][kafka.coordinator][INFO]Skipping heartbeat: no auto-assignment or waiting on rebalance
[2016-09-15 19:24:50,652][kafka.coordinator.consumer][INFO]Revoking previously assigned partitions set([TopicPartition(topic=u'spamtopic', partition=0)]) for group kafka-python-default-group
[2016-09-15 19:24:50,653][kafka.coordinator][INFO](Re-)joining group kafka-python-default-group
[2016-09-15 19:24:50,656][kafka.coordinator][INFO]Joined group 'kafka-python-default-group' (generation 4888) with member_id kafka-python-1.3.1-24b868f1-baf1-4a86-b298-9e0e906c38b8
[2016-09-15 19:24:50,657][kafka.coordinator][INFO]Successfully joined group kafka-python-default-group with generation 4888
[2016-09-15 19:24:50,658][kafka.consumer.subscription_state][INFO]Updated partition assignment: [TopicPartition(topic=u'spamtopic', partition=0)]
[2016-09-15 19:24:50,658][kafka.coordinator.consumer][INFO]Setting newly assigned partitions set([TopicPartition(topic=u'spamtopic', partition=0)]) for group kafka-python-default-group
[2016-09-15 19:24:53,668][kafka.coordinator][WARNING]Heartbeat failed for group kafka-python-default-group because it is rebalancing
[2016-09-15 19:24:53,668][kafka.coordinator][WARNING]Heartbeat failed ([Error 27] RebalanceInProgressError: ); retrying
[2016-09-15 19:24:53,769][kafka.coordinator][INFO]Skipping heartbeat: no auto-assignment or waiting on rebalance
[2016-09-15 19:24:54,169][kafka.coordinator.consumer][INFO]Revoking previously assigned partitions set([TopicPartition(topic=u'spamtopic', partition=0)]) for group kafka-python-default-group
[2016-09-15 19:24:54,169][kafka.coordinator][INFO](Re-)joining group kafka-python-default-group
[2016-09-15 19:24:54,171][kafka.coordinator][INFO]Joined group 'kafka-python-default-group' (generation 4889) with member_id kafka-python-1.3.1-24b868f1-baf1-4a86-b298-9e0e906c38b8
[2016-09-15 19:24:54,179][kafka.coordinator][INFO]Successfully joined group kafka-python-default-group with generation 4889
[2016-09-15 19:24:54,179][kafka.consumer.subscription_state][INFO]Updated partition assignment: [TopicPartition(topic=u'spamtopic', partition=0)]
[2016-09-15 19:24:54,179][kafka.coordinator.consumer][INFO]Setting newly assigned partitions set([TopicPartition(topic=u'spamtopic', partition=0)]) for group kafka-python-default-group
[2016-09-15 19:24:57,187][kafka.coordinator][WARNING]Heartbeat failed for group kafka-python-default-group because it is rebalancing
[2016-09-15 19:24:57,187][kafka.coordinator][WARNING]Heartbeat failed ([Error 27] RebalanceInProgressError: ); retrying
[2016-09-15 19:24:57,288][kafka.coordinator][INFO]Skipping heartbeat: no auto-assignment or waiting on rebalance
[2016-09-15 19:24:57,689][kafka.coordinator.consumer][INFO]Revoking previously assigned partitions set([TopicPartition(topic=u'spamtopic', partition=0)]) for group kafka-python-default-group
[2016-09-15 19:24:57,689][kafka.coordinator][INFO](Re-)joining group kafka-python-default-group
[2016-09-15 19:24:57,691][kafka.coordinator][INFO]Joined group 'kafka-python-default-group' (generation 4890) with member_id kafka-python-1.3.1-24b868f1-baf1-4a86-b298-9e0e906c38b8
[2016-09-15 19:24:57,692][kafka.coordinator][INFO]Successfully joined group kafka-python-default-group with generation 4890
[2016-09-15 19:24:57,692][kafka.consumer.subscription_state][INFO]Updated partition assignment: [TopicPartition(topic=u'spamtopic', partition=0)]
[2016-09-15 19:24:57,692][kafka.coordinator.consumer][INFO]Setting newly assigned partitions set([TopicPartition(topic=u'spamtopic', partition=0)]) for group kafka-python-default-group
[2016-09-15 19:25:00,702][kafka.coordinator][WARNING]Heartbeat failed for group kafka-python-default-group because it is rebalancing
[2016-09-15 19:25:00,702][kafka.coordinator][WARNING]Heartbeat failed ([Error 27] RebalanceInProgressError: ); retrying
[2016-09-15 19:25:00,803][kafka.coordinator][INFO]Skipping heartbeat: no auto-assignment or waiting on rebalance
[2016-09-15 19:25:01,203][kafka.coordinator.consumer][INFO]Revoking previously assigned partitions set([TopicPartition(topic=u'spamtopic', partition=0)]) for group kafka-python-default-group
[2016-09-15 19:25:01,203][kafka.coordinator][INFO](Re-)joining group kafka-python-default-group
[2016-09-15 19:25:01,210][kafka.coordinator][INFO]Joined group 'kafka-python-default-group' (generation 4891) with member_id kafka-python-1.3.1-24b868f1-baf1-4a86-b298-9e0e906c38b8
[2016-09-15 19:25:01,210][kafka.coordinator][INFO]Successfully joined group kafka-python-default-group with generation 4891
[2016-09-15 19:25:01,211][kafka.consumer.subscription_state][INFO]Updated partition assignment: [TopicPartition(topic=u'spamtopic', partition=0)]
[2016-09-15 19:25:01,211][kafka.coordinator.consumer][INFO]Setting newly assigned partitions set([TopicPartition(topic=u'spamtopic', partition=0)]) for group kafka-python-default-group
[2016-09-15 19:25:04,221][kafka.coordinator][WARNING]Heartbeat failed for group kafka-python-default-group because it is rebalancing
[2016-09-15 19:25:04,221][kafka.coordinator][WARNING]Heartbeat failed ([Error 27] RebalanceInProgressError: ); retrying
[2016-09-15 19:25:04,322][kafka.coordinator][INFO]Skipping heartbeat: no auto-assignment or waiting on rebalance
[2016-09-15 19:25:04,724][kafka.coordinator.consumer][INFO]Revoking previously assigned partitions set([TopicPartition(topic=u'spamtopic', partition=0)]) for group kafka-python-default-group
[2016-09-15 19:25:04,724][kafka.coordinator][INFO](Re-)joining group kafka-python-default-group
[2016-09-15 19:25:04,725][kafka.coordinator][INFO]Joined group 'kafka-python-default-group' (generation 4892) with member_id kafka-python-1.3.1-24b868f1-baf1-4a86-b298-9e0e906c38b8
[2016-09-15 19:25:04,728][kafka.coordinator][INFO]Successfully joined group kafka-python-default-group with generation 4892
[2016-09-15 19:25:04,728][kafka.consumer.subscription_state][INFO]Updated partition assignment: [TopicPartition(topic=u'spamtopic', partition=0)]
[2016-09-15 19:25:04,728][kafka.coordinator.consumer][INFO]Setting newly assigned partitions set([TopicPartition(topic=u'spamtopic', partition=0)]) for group kafka-python-default-group
[2016-09-15 19:25:07,741][kafka.coordinator][WARNING]Heartbeat failed for group kafka-python-default-group because it is rebalancing
[2016-09-15 19:25:07,741][kafka.coordinator][WARNING]Heartbeat failed ([Error 27] RebalanceInProgressError: ); retrying
[2016-09-15 19:25:07,842][kafka.coordinator][INFO]Skipping heartbeat: no auto-assignment or waiting on rebalance
[2016-09-15 19:25:08,242][kafka.coordinator.consumer][INFO]Revoking previously assigned partitions set([TopicPartition(topic=u'spamtopic', partition=0)]) for group kafka-python-default-group
[2016-09-15 19:25:08,242][kafka.coordinator][INFO](Re-)joining group kafka-python-default-group
[2016-09-15 19:25:08,244][kafka.coordinator][INFO]Joined group 'kafka-python-default-group' (generation 4893) with member_id kafka-python-1.3.1-24b868f1-baf1-4a86-b298-9e0e906c38b8
[2016-09-15 19:25:08,246][kafka.coordinator][INFO]Successfully joined group kafka-python-default-group with generation 4893
[2016-09-15 19:25:08,247][kafka.consumer.subscription_state][INFO]Updated partition assignment: [TopicPartition(topic=u'spamtopic', partition=0)]
[2016-09-15 19:25:08,247][kafka.coordinator.consumer][INFO]Setting newly assigned partitions set([TopicPartition(topic=u'spamtopic', partition=0)]) for group kafka-python-default-group
[2016-09-15 19:25:11,259][kafka.coordinator][WARNING]Heartbeat failed for group kafka-python-default-group because it is rebalancing
[2016-09-15 19:25:11,259][kafka.coordinator][WARNING]Heartbeat failed ([Error 27] RebalanceInProgressError: ); retrying
[2016-09-15 19:25:11,360][kafka.coordinator][INFO]Skipping heartbeat: no auto-assignment or waiting on rebalance
[2016-09-15 19:25:11,761][kafka.coordinator.consumer][INFO]Revoking previously assigned partitions set([TopicPartition(topic=u'spamtopic', partition=0)]) for group kafka-python-default-group
[2016-09-15 19:25:11,761][kafka.coordinator][INFO](Re-)joining group kafka-python-default-group
[2016-09-15 19:25:11,765][kafka.coordinator][INFO]Joined group 'kafka-python-default-group' (generation 4894) with member_id kafka-python-1.3.1-24b868f1-baf1-4a86-b298-9e0e906c38b8
[2016-09-15 19:25:11,766][kafka.coordinator][INFO]Successfully joined group kafka-python-default-group with generation 4894
[2016-09-15 19:25:11,766][kafka.consumer.subscription_state][INFO]Updated partition assignment: [TopicPartition(topic=u'spamtopic', partition=0)]
[2016-09-15 19:25:11,766][kafka.coordinator.consumer][INFO]Setting newly assigned partitions set([TopicPartition(topic=u'spamtopic', partition=0)]) for group kafka-python-default-group
[2016-09-15 19:25:14,775][kafka.coordinator][WARNING]Heartbeat failed for group kafka-python-default-group because it is rebalancing
[2016-09-15 19:25:14,776][kafka.coordinator][WARNING]Heartbeat failed ([Error 27] RebalanceInProgressError: ); retrying
[2016-09-15 19:25:14,877][kafka.coordinator][INFO]Skipping heartbeat: no auto-assignment or waiting on rebalance
[2016-09-15 19:25:15,277][kafka.coordinator.consumer][INFO]Revoking previously assigned partitions set([TopicPartition(topic=u'spamtopic', partition=0)]) for group kafka-python-default-group
[2016-09-15 19:25:15,277][kafka.coordinator][INFO](Re-)joining group kafka-python-default-group
[2016-09-15 19:25:15,281][kafka.coordinator][INFO]Joined group 'kafka-python-default-group' (generation 4895) with member_id kafka-python-1.3.1-24b868f1-baf1-4a86-b298-9e0e906c38b8
[2016-09-15 19:25:15,282][kafka.coordinator][INFO](Re-)joining group kafka-python-default-group
[2016-09-15 19:25:18,792][kafka.coordinator][INFO]Joined group 'kafka-python-default-group' (generation 4896) with member_id kafka-python-1.3.1-24b868f1-baf1-4a86-b298-9e0e906c38b8
[2016-09-15 19:25:18,794][kafka.coordinator.consumer][WARNING]Auto offset commit failed for group kafka-python-default-group: CommitFailedError: Commit cannot be completed since the group has already rebalanced and assigned the partitions to another member. This means that the time between subsequent calls to poll() was longer than the configured session.timeout.ms, which typically implies that the poll loop is spending too much time message processing. You can address this either by increasing the session timeout or by reducing the maximum size of batches returned in poll() with max.poll.records.
[2016-09-15 19:25:18,794][kafka.coordinator][INFO]Successfully joined group kafka-python-default-group with generation 4896
[2016-09-15 19:25:18,795][kafka.consumer.subscription_state][INFO]Updated partition assignment: [TopicPartition(topic=u'spamtopic', partition=0)]
[2016-09-15 19:25:18,796][kafka.coordinator.consumer][INFO]Setting newly assigned partitions set([TopicPartition(topic=u'spamtopic', partition=0)]) for group kafka-python-default-group
[2016-09-15 19:25:21,804][kafka.coordinator][WARNING]Heartbeat failed for group kafka-python-default-group because it is rebalancing
[2016-09-15 19:25:21,804][kafka.coordinator][WARNING]Heartbeat failed ([Error 27] RebalanceInProgressError: ); retrying
[2016-09-15 19:25:21,905][kafka.coordinator][INFO]Skipping heartbeat: no auto-assignment or waiting on rebalance
[2016-09-15 19:25:22,306][kafka.coordinator.consumer][INFO]Revoking previously assigned partitions set([TopicPartition(topic=u'spamtopic', partition=0)]) for group kafka-python-default-group
[2016-09-15 19:25:22,306][kafka.coordinator][INFO](Re-)joining group kafka-python-default-group
[2016-09-15 19:25:22,310][kafka.coordinator][INFO]Joined group 'kafka-python-default-group' (generation 4897) with member_id kafka-python-1.3.1-24b868f1-baf1-4a86-b298-9e0e906c38b8
[2016-09-15 19:25:22,312][kafka.coordinator][INFO]Successfully joined group kafka-python-default-group with generation 4897
[2016-09-15 19:25:22,313][kafka.consumer.subscription_state][INFO]Updated partition assignment: [TopicPartition(topic=u'spamtopic', partition=0)]
[2016-09-15 19:25:22,313][kafka.coordinator.consumer][INFO]Setting newly assigned partitions set([TopicPartition(topic=u'spamtopic', partition=0)]) for group kafka-python-default-group
[2016-09-15 19:25:25,322][kafka.coordinator][WARNING]Heartbeat failed for group kafka-python-default-group because it is rebalancing
[2016-09-15 19:25:25,323][kafka.coordinator][WARNING]Heartbeat failed ([Error 27] RebalanceInProgressError: ); retrying
[2016-09-15 19:25:25,423][kafka.coordinator][INFO]Skipping heartbeat: no auto-assignment or waiting on rebalance
[2016-09-15 19:25:25,824][kafka.coordinator.consumer][INFO]Revoking previously assigned partitions set([TopicPartition(topic=u'spamtopic', partition=0)]) for group kafka-python-default-group
[2016-09-15 19:25:25,824][kafka.coordinator][INFO](Re-)joining group kafka-python-default-group
[2016-09-15 19:25:25,825][kafka.coordinator][INFO]Joined group 'kafka-python-default-group' (generation 4898) with member_id kafka-python-1.3.1-24b868f1-baf1-4a86-b298-9e0e906c38b8
[2016-09-15 19:25:25,827][kafka.coordinator][INFO]Successfully joined group kafka-python-default-group with generation 4898
[2016-09-15 19:25:25,828][kafka.consumer.subscription_state][INFO]Updated partition assignment: [TopicPartition(topic=u'spamtopic', partition=0)]
[2016-09-15 19:25:25,828][kafka.coordinator.consumer][INFO]Setting newly assigned partitions set([TopicPartition(topic=u'spamtopic', partition=0)]) for group kafka-python-default-group
[2016-09-15 19:25:28,837][kafka.coordinator][WARNING]Heartbeat failed for group kafka-python-default-group because it is rebalancing
[2016-09-15 19:25:28,837][kafka.coordinator][WARNING]Heartbeat failed ([Error 27] RebalanceInProgressError: ); retrying
[2016-09-15 19:25:28,938][kafka.coordinator][INFO]Skipping heartbeat: no auto-assignment or waiting on rebalance
[2016-09-15 19:25:29,339][kafka.coordinator.consumer][INFO]Revoking previously assigned partitions set([TopicPartition(topic=u'spamtopic', partition=0)]) for group kafka-python-default-group
[2016-09-15 19:25:29,339][kafka.coordinator][INFO](Re-)joining group kafka-python-default-group
[2016-09-15 19:25:29,342][kafka.coordinator][INFO]Joined group 'kafka-python-default-group' (generation 4899) with member_id kafka-python-1.3.1-24b868f1-baf1-4a86-b298-9e0e906c38b8
[2016-09-15 19:25:29,343][kafka.coordinator][INFO]Successfully joined group kafka-python-default-group with generation 4899
[2016-09-15 19:25:29,343][kafka.consumer.subscription_state][INFO]Updated partition assignment: [TopicPartition(topic=u'spamtopic', partition=0)]
[2016-09-15 19:25:29,343][kafka.coordinator.consumer][INFO]Setting newly assigned partitions set([TopicPartition(topic=u'spamtopic', partition=0)]) for group kafka-python-default-group
[2016-09-15 19:25:32,354][kafka.coordinator][WARNING]Heartbeat failed for group kafka-python-default-group because it is rebalancing
[2016-09-15 19:25:32,354][kafka.coordinator][WARNING]Heartbeat failed ([Error 27] RebalanceInProgressError: ); retrying
[2016-09-15 19:25:32,456][kafka.coordinator][INFO]Skipping heartbeat: no auto-assignment or waiting on rebalance
[2016-09-15 19:25:32,856][kafka.coordinator.consumer][INFO]Revoking previously assigned partitions set([TopicPartition(topic=u'spamtopic', partition=0)]) for group kafka-python-default-group
[2016-09-15 19:25:32,856][kafka.coordinator][INFO](Re-)joining group kafka-python-default-group
[2016-09-15 19:25:32,859][kafka.coordinator][INFO]Joined group 'kafka-python-default-group' (generation 4900) with member_id kafka-python-1.3.1-24b868f1-baf1-4a86-b298-9e0e906c38b8
[2016-09-15 19:25:32,864][kafka.coordinator][INFO]Successfully joined group kafka-python-default-group with generation 4900
[2016-09-15 19:25:32,864][kafka.consumer.subscription_state][INFO]Updated partition assignment: [TopicPartition(topic=u'spamtopic', partition=0)]
[2016-09-15 19:25:32,864][kafka.coordinator.consumer][INFO]Setting newly assigned partitions set([TopicPartition(topic=u'spamtopic', partition=0)]) for group kafka-python-default-group
[2016-09-15 19:25:35,875][kafka.coordinator][WARNING]Heartbeat failed for group kafka-python-default-group because it is rebalancing
[2016-09-15 19:25:35,875][kafka.coordinator][WARNING]Heartbeat failed ([Error 27] RebalanceInProgressError: ); retrying
[2016-09-15 19:25:35,976][kafka.coordinator][INFO]Skipping heartbeat: no auto-assignment or waiting on rebalance
[2016-09-15 19:25:36,377][kafka.coordinator.consumer][INFO]Revoking previously assigned partitions set([TopicPartition(topic=u'spamtopic', partition=0)]) for group kafka-python-default-group
[2016-09-15 19:25:36,377][kafka.coordinator][INFO](Re-)joining group kafka-python-default-group
[2016-09-15 19:25:36,378][kafka.coordinator][INFO]Joined group 'kafka-python-default-group' (generation 4901) with member_id kafka-python-1.3.1-24b868f1-baf1-4a86-b298-9e0e906c38b8
[2016-09-15 19:25:36,382][kafka.coordinator][INFO]Successfully joined group kafka-python-default-group with generation 4901
[2016-09-15 19:25:36,382][kafka.consumer.subscription_state][INFO]Updated partition assignment: [TopicPartition(topic=u'spamtopic', partition=0)]
[2016-09-15 19:25:36,382][kafka.coordinator.consumer][INFO]Setting newly assigned partitions set([TopicPartition(topic=u'spamtopic', partition=0)]) for group kafka-python-default-group
[2016-09-15 19:25:39,397][kafka.coordinator][WARNING]Heartbeat failed for group kafka-python-default-group because it is rebalancing
[2016-09-15 19:25:39,397][kafka.coordinator][WARNING]Heartbeat failed ([Error 27] RebalanceInProgressError: ); retrying
[2016-09-15 19:25:39,498][kafka.coordinator][INFO]Skipping heartbeat: no auto-assignment or waiting on rebalance
[2016-09-15 19:25:39,898][kafka.coordinator.consumer][INFO]Revoking previously assigned partitions set([TopicPartition(topic=u'spamtopic', partition=0)]) for group kafka-python-default-group
[2016-09-15 19:25:39,898][kafka.coordinator][INFO](Re-)joining group kafka-python-default-group
[2016-09-15 19:25:39,900][kafka.coordinator][INFO]Joined group 'kafka-python-default-group' (generation 4902) with member_id kafka-python-1.3.1-24b868f1-baf1-4a86-b298-9e0e906c38b8
[2016-09-15 19:25:39,901][kafka.coordinator][INFO]Successfully joined group kafka-python-default-group with generation 4902
[2016-09-15 19:25:39,902][kafka.consumer.subscription_state][INFO]Updated partition assignment: [TopicPartition(topic=u'spamtopic', partition=0)]
[2016-09-15 19:25:39,902][kafka.coordinator.consumer][INFO]Setting newly assigned partitions set([TopicPartition(topic=u'spamtopic', partition=0)]) for group kafka-python-default-group
[2016-09-15 19:25:42,913][kafka.coordinator][WARNING]Heartbeat failed for group kafka-python-default-group because it is rebalancing
[2016-09-15 19:25:42,913][kafka.coordinator][WARNING]Heartbeat failed ([Error 27] RebalanceInProgressError: ); retrying
[2016-09-15 19:25:43,014][kafka.coordinator][INFO]Skipping heartbeat: no auto-assignment or waiting on rebalance
[2016-09-15 19:25:43,415][kafka.coordinator.consumer][INFO]Revoking previously assigned partitions set([TopicPartition(topic=u'spamtopic', partition=0)]) for group kafka-python-default-group
[2016-09-15 19:25:43,415][kafka.coordinator][INFO](Re-)joining group kafka-python-default-group
[2016-09-15 19:25:43,420][kafka.coordinator][INFO]Joined group 'kafka-python-default-group' (generation 4903) with member_id kafka-python-1.3.1-24b868f1-baf1-4a86-b298-9e0e906c38b8
[2016-09-15 19:25:43,421][kafka.coordinator][INFO]Successfully joined group kafka-python-default-group with generation 4903
[2016-09-15 19:25:43,421][kafka.consumer.subscription_state][INFO]Updated partition assignment: [TopicPartition(topic=u'spamtopic', partition=0)]
[2016-09-15 19:25:43,421][kafka.coordinator.consumer][INFO]Setting newly assigned partitions set([TopicPartition(topic=u'spamtopic', partition=0)]) for group kafka-python-default-group
[2016-09-15 19:25:46,432][kafka.coordinator][WARNING]Heartbeat failed for group kafka-python-default-group because it is rebalancing
[2016-09-15 19:25:46,432][kafka.coordinator][WARNING]Heartbeat failed ([Error 27] RebalanceInProgressError: ); retrying
[2016-09-15 19:25:46,533][kafka.coordinator][INFO]Skipping heartbeat: no auto-assignment or waiting on rebalance
[2016-09-15 19:25:46,934][kafka.coordinator.consumer][INFO]Revoking previously assigned partitions set([TopicPartition(topic=u'spamtopic', partition=0)]) for group kafka-python-default-group
[2016-09-15 19:25:46,934][kafka.coordinator][INFO](Re-)joining group kafka-python-default-group
[2016-09-15 19:25:46,935][kafka.coordinator][INFO]Joined group 'kafka-python-default-group' (generation 4904) with member_id kafka-python-1.3.1-24b868f1-baf1-4a86-b298-9e0e906c38b8
[2016-09-15 19:25:46,938][kafka.coordinator][INFO]Successfully joined group kafka-python-default-group with generation 4904
[2016-09-15 19:25:46,939][kafka.consumer.subscription_state][INFO]Updated partition assignment: [TopicPartition(topic=u'spamtopic', partition=0)]
[2016-09-15 19:25:46,939][kafka.coordinator.consumer][INFO]Setting newly assigned partitions set([TopicPartition(topic=u'spamtopic', partition=0)]) for group kafka-python-default-group
[2016-09-15 19:25:49,948][kafka.coordinator][WARNING]Heartbeat failed for group kafka-python-default-group because it is rebalancing
[2016-09-15 19:25:49,948][kafka.coordinator][WARNING]Heartbeat failed ([Error 27] RebalanceInProgressError: ); retrying
[2016-09-15 19:25:50,049][kafka.coordinator][INFO]Skipping heartbeat: no auto-assignment or waiting on rebalance
[2016-09-15 19:25:50,449][kafka.coordinator.consumer][INFO]Revoking previously assigned partitions set([TopicPartition(topic=u'spamtopic', partition=0)]) for group kafka-python-default-group
[2016-09-15 19:25:50,450][kafka.coordinator][INFO](Re-)joining group kafka-python-default-group
[2016-09-15 19:25:50,454][kafka.coordinator][INFO]Joined group 'kafka-python-default-group' (generation 4905) with member_id kafka-python-1.3.1-24b868f1-baf1-4a86-b298-9e0e906c38b8
[2016-09-15 19:25:50,459][kafka.coordinator][INFO]Successfully joined group kafka-python-default-group with generation 4905
[2016-09-15 19:25:50,459][kafka.consumer.subscription_state][INFO]Updated partition assignment: [TopicPartition(topic=u'spamtopic', partition=0)]
[2016-09-15 19:25:50,460][kafka.coordinator.consumer][INFO]Setting newly assigned partitions set([TopicPartition(topic=u'spamtopic', partition=0)]) for group kafka-python-default-group
[2016-09-15 19:25:53,469][kafka.coordinator][WARNING]Heartbeat failed for group kafka-python-default-group because it is rebalancing
[2016-09-15 19:25:53,469][kafka.coordinator][WARNING]Heartbeat failed ([Error 27] RebalanceInProgressError: ); retrying
[2016-09-15 19:25:53,570][kafka.coordinator][INFO]Skipping heartbeat: no auto-assignment or waiting on rebalance
[2016-09-15 19:25:53,970][kafka.coordinator.consumer][INFO]Revoking previously assigned partitions set([TopicPartition(topic=u'spamtopic', partition=0)]) for group kafka-python-default-group
[2016-09-15 19:25:53,971][kafka.coordinator][INFO](Re-)joining group kafka-python-default-group
[2016-09-15 19:25:53,972][kafka.coordinator][INFO]Joined group 'kafka-python-default-group' (generation 4906) with member_id kafka-python-1.3.1-24b868f1-baf1-4a86-b298-9e0e906c38b8
[2016-09-15 19:25:53,974][kafka.coordinator][INFO]Successfully joined group kafka-python-default-group with generation 4906
[2016-09-15 19:25:53,975][kafka.consumer.subscription_state][INFO]Updated partition assignment: [TopicPartition(topic=u'spamtopic', partition=0)]
[2016-09-15 19:25:53,975][kafka.coordinator.consumer][INFO]Setting newly assigned partitions set([TopicPartition(topic=u'spamtopic', partition=0)]) for group kafka-python-default-group
[2016-09-15 19:25:56,985][kafka.coordinator][WARNING]Heartbeat failed for group kafka-python-default-group because it is rebalancing
[2016-09-15 19:25:56,986][kafka.coordinator][WARNING]Heartbeat failed ([Error 27] RebalanceInProgressError: ); retrying
[2016-09-15 19:25:57,086][kafka.coordinator][INFO]Skipping heartbeat: no auto-assignment or waiting on rebalance
[2016-09-15 19:25:57,487][kafka.coordinator.consumer][INFO]Revoking previously assigned partitions set([TopicPartition(topic=u'spamtopic', partition=0)]) for group kafka-python-default-group
[2016-09-15 19:25:57,487][kafka.coordinator][INFO](Re-)joining group kafka-python-default-group
[2016-09-15 19:25:57,489][kafka.coordinator][INFO]Joined group 'kafka-python-default-group' (generation 4907) with member_id kafka-python-1.3.1-24b868f1-baf1-4a86-b298-9e0e906c38b8
[2016-09-15 19:25:57,494][kafka.coordinator][INFO]Successfully joined group kafka-python-default-group with generation 4907
[2016-09-15 19:25:57,494][kafka.consumer.subscription_state][INFO]Updated partition assignment: [TopicPartition(topic=u'spamtopic', partition=0)]
[2016-09-15 19:25:57,494][kafka.coordinator.consumer][INFO]Setting newly assigned partitions set([TopicPartition(topic=u'spamtopic', partition=0)]) for group kafka-python-default-group
[2016-09-15 19:26:00,502][kafka.coordinator][WARNING]Heartbeat failed for group kafka-python-default-group because it is rebalancing
[2016-09-15 19:26:00,502][kafka.coordinator][WARNING]Heartbeat failed ([Error 27] RebalanceInProgressError: ); retrying
[2016-09-15 19:26:00,603][kafka.coordinator][INFO]Skipping heartbeat: no auto-assignment or waiting on rebalance
[2016-09-15 19:26:01,004][kafka.coordinator.consumer][INFO]Revoking previously assigned partitions set([TopicPartition(topic=u'spamtopic', partition=0)]) for group kafka-python-default-group
[2016-09-15 19:26:01,005][kafka.coordinator][INFO](Re-)joining group kafka-python-default-group
[2016-09-15 19:26:01,010][kafka.coordinator][INFO]Joined group 'kafka-python-default-group' (generation 4908) with member_id kafka-python-1.3.1-24b868f1-baf1-4a86-b298-9e0e906c38b8
[2016-09-15 19:26:01,011][kafka.coordinator][INFO]Successfully joined group kafka-python-default-group with generation 4908
[2016-09-15 19:26:01,011][kafka.consumer.subscription_state][INFO]Updated partition assignment: [TopicPartition(topic=u'spamtopic', partition=0)]
[2016-09-15 19:26:01,011][kafka.coordinator.consumer][INFO]Setting newly assigned partitions set([TopicPartition(topic=u'spamtopic', partition=0)]) for group kafka-python-default-group
[2016-09-15 19:26:04,020][kafka.coordinator][WARNING]Heartbeat failed for group kafka-python-default-group because it is rebalancing
[2016-09-15 19:26:04,020][kafka.coordinator][WARNING]Heartbeat failed ([Error 27] RebalanceInProgressError: ); retrying
[2016-09-15 19:26:04,121][kafka.coordinator][INFO]Skipping heartbeat: no auto-assignment or waiting on rebalance
[2016-09-15 19:26:04,522][kafka.coordinator.consumer][INFO]Revoking previously assigned partitions set([TopicPartition(topic=u'spamtopic', partition=0)]) for group kafka-python-default-group
[2016-09-15 19:26:04,522][kafka.coordinator][INFO](Re-)joining group kafka-python-default-group
[2016-09-15 19:26:04,524][kafka.coordinator][INFO]Joined group 'kafka-python-default-group' (generation 4909) with member_id kafka-python-1.3.1-24b868f1-baf1-4a86-b298-9e0e906c38b8
[2016-09-15 19:26:04,526][kafka.coordinator][INFO]Successfully joined group kafka-python-default-group with generation 4909
[2016-09-15 19:26:04,526][kafka.consumer.subscription_state][INFO]Updated partition assignment: [TopicPartition(topic=u'spamtopic', partition=0)]
[2016-09-15 19:26:04,526][kafka.coordinator.consumer][INFO]Setting newly assigned partitions set([TopicPartition(topic=u'spamtopic', partition=0)]) for group kafka-python-default-group
[2016-09-15 19:26:07,534][kafka.coordinator][WARNING]Heartbeat failed for group kafka-python-default-group because it is rebalancing
[2016-09-15 19:26:07,534][kafka.coordinator][WARNING]Heartbeat failed ([Error 27] RebalanceInProgressError: ); retrying
[2016-09-15 19:26:07,635][kafka.coordinator][INFO]Skipping heartbeat: no auto-assignment or waiting on rebalance
[2016-09-15 19:26:08,036][kafka.coordinator.consumer][INFO]Revoking previously assigned partitions set([TopicPartition(topic=u'spamtopic', partition=0)]) for group kafka-python-default-group
[2016-09-15 19:26:08,036][kafka.coordinator][INFO](Re-)joining group kafka-python-default-group
[2016-09-15 19:26:08,041][kafka.coordinator][INFO]Joined group 'kafka-python-default-group' (generation 4910) with member_id kafka-python-1.3.1-24b868f1-baf1-4a86-b298-9e0e906c38b8
[2016-09-15 19:26:08,041][kafka.coordinator][INFO]Successfully joined group kafka-python-default-group with generation 4910
[2016-09-15 19:26:08,042][kafka.consumer.subscription_state][INFO]Updated partition assignment: [TopicPartition(topic=u'spamtopic', partition=0)]
[2016-09-15 19:26:08,042][kafka.coordinator.consumer][INFO]Setting newly assigned partitions set([TopicPartition(topic=u'spamtopic', partition=0)]) for group kafka-python-default-group
[2016-09-15 19:26:11,050][kafka.coordinator][WARNING]Heartbeat failed for group kafka-python-default-group because it is rebalancing
[2016-09-15 19:26:11,050][kafka.coordinator][WARNING]Heartbeat failed ([Error 27] RebalanceInProgressError: ); retrying
[2016-09-15 19:26:11,151][kafka.coordinator][INFO]Skipping heartbeat: no auto-assignment or waiting on rebalance
[2016-09-15 19:26:11,552][kafka.coordinator.consumer][INFO]Revoking previously assigned partitions set([TopicPartition(topic=u'spamtopic', partition=0)]) for group kafka-python-default-group
[2016-09-15 19:26:11,552][kafka.coordinator][INFO](Re-)joining group kafka-python-default-group
[2016-09-15 19:26:11,556][kafka.coordinator][INFO]Joined group 'kafka-python-default-group' (generation 4911) with member_id kafka-python-1.3.1-24b868f1-baf1-4a86-b298-9e0e906c38b8
[2016-09-15 19:26:11,561][kafka.coordinator][INFO]Successfully joined group kafka-python-default-group with generation 4911
[2016-09-15 19:26:11,561][kafka.consumer.subscription_state][INFO]Updated partition assignment: [TopicPartition(topic=u'spamtopic', partition=0)]
[2016-09-15 19:26:11,561][kafka.coordinator.consumer][INFO]Setting newly assigned partitions set([TopicPartition(topic=u'spamtopic', partition=0)]) for group kafka-python-default-group
[2016-09-15 19:26:14,570][kafka.coordinator][WARNING]Heartbeat failed for group kafka-python-default-group because it is rebalancing
[2016-09-15 19:26:14,570][kafka.coordinator][WARNING]Heartbeat failed ([Error 27] RebalanceInProgressError: ); retrying
[2016-09-15 19:26:14,671][kafka.coordinator][INFO]Skipping heartbeat: no auto-assignment or waiting on rebalance
[2016-09-15 19:26:15,072][kafka.coordinator.consumer][INFO]Revoking previously assigned partitions set([TopicPartition(topic=u'spamtopic', partition=0)]) for group kafka-python-default-group
[2016-09-15 19:26:15,072][kafka.coordinator][INFO](Re-)joining group kafka-python-default-group
[2016-09-15 19:26:15,073][kafka.coordinator][INFO]Joined group 'kafka-python-default-group' (generation 4912) with member_id kafka-python-1.3.1-24b868f1-baf1-4a86-b298-9e0e906c38b8
[2016-09-15 19:26:15,075][kafka.coordinator][INFO]Successfully joined group kafka-python-default-group with generation 4912
[2016-09-15 19:26:15,076][kafka.consumer.subscription_state][INFO]Updated partition assignment: [TopicPartition(topic=u'spamtopic', partition=0)]
[2016-09-15 19:26:15,076][kafka.coordinator.consumer][INFO]Setting newly assigned partitions set([TopicPartition(topic=u'spamtopic', partition=0)]) for group kafka-python-default-group
[2016-09-15 19:26:18,084][kafka.coordinator][WARNING]Heartbeat failed for group kafka-python-default-group because it is rebalancing
[2016-09-15 19:26:18,085][kafka.coordinator][WARNING]Heartbeat failed ([Error 27] RebalanceInProgressError: ); retrying
[2016-09-15 19:26:18,186][kafka.coordinator][INFO]Skipping heartbeat: no auto-assignment or waiting on rebalance
[2016-09-15 19:26:18,586][kafka.coordinator.consumer][INFO]Revoking previously assigned partitions set([TopicPartition(topic=u'spamtopic', partition=0)]) for group kafka-python-default-group
[2016-09-15 19:26:18,586][kafka.coordinator][INFO](Re-)joining group kafka-python-default-group
[2016-09-15 19:26:18,591][kafka.coordinator][INFO]Joined group 'kafka-python-default-group' (generation 4913) with member_id kafka-python-1.3.1-24b868f1-baf1-4a86-b298-9e0e906c38b8
[2016-09-15 19:26:18,594][kafka.coordinator][INFO]Successfully joined group kafka-python-default-group with generation 4913
[2016-09-15 19:26:18,594][kafka.consumer.subscription_state][INFO]Updated partition assignment: [TopicPartition(topic=u'spamtopic', partition=0)]
[2016-09-15 19:26:18,595][kafka.coordinator.consumer][INFO]Setting newly assigned partitions set([TopicPartition(topic=u'spamtopic', partition=0)]) for group kafka-python-default-group
[2016-09-15 19:26:21,604][kafka.coordinator][WARNING]Heartbeat failed for group kafka-python-default-group because it is rebalancing
[2016-09-15 19:26:21,604][kafka.coordinator][WARNING]Heartbeat failed ([Error 27] RebalanceInProgressError: ); retrying
[2016-09-15 19:26:21,705][kafka.coordinator][INFO]Skipping heartbeat: no auto-assignment or waiting on rebalance
[2016-09-15 19:26:22,106][kafka.coordinator.consumer][INFO]Revoking previously assigned partitions set([TopicPartition(topic=u'spamtopic', partition=0)]) for group kafka-python-default-group
[2016-09-15 19:26:22,106][kafka.coordinator][INFO](Re-)joining group kafka-python-default-group
[2016-09-15 19:26:22,110][kafka.coordinator][INFO]Joined group 'kafka-python-default-group' (generation 4914) with member_id kafka-python-1.3.1-24b868f1-baf1-4a86-b298-9e0e906c38b8
[2016-09-15 19:26:22,113][kafka.coordinator][INFO]Successfully joined group kafka-python-default-group with generation 4914
[2016-09-15 19:26:22,113][kafka.consumer.subscription_state][INFO]Updated partition assignment: [TopicPartition(topic=u'spamtopic', partition=0)]
[2016-09-15 19:26:22,113][kafka.coordinator.consumer][INFO]Setting newly assigned partitions set([TopicPartition(topic=u'spamtopic', partition=0)]) for group kafka-python-default-group
[2016-09-15 19:26:25,121][kafka.coordinator][WARNING]Heartbeat failed for group kafka-python-default-group because it is rebalancing
[2016-09-15 19:26:25,121][kafka.coordinator][WARNING]Heartbeat failed ([Error 27] RebalanceInProgressError: ); retrying
[2016-09-15 19:26:25,222][kafka.coordinator][INFO]Skipping heartbeat: no auto-assignment or waiting on rebalance
[2016-09-15 19:26:25,623][kafka.coordinator.consumer][INFO]Revoking previously assigned partitions set([TopicPartition(topic=u'spamtopic', partition=0)]) for group kafka-python-default-group
[2016-09-15 19:26:25,623][kafka.coordinator][INFO](Re-)joining group kafka-python-default-group
[2016-09-15 19:26:25,625][kafka.coordinator][INFO]Joined group 'kafka-python-default-group' (generation 4915) with member_id kafka-python-1.3.1-24b868f1-baf1-4a86-b298-9e0e906c38b8
[2016-09-15 19:26:25,627][kafka.coordinator][INFO]Successfully joined group kafka-python-default-group with generation 4915
[2016-09-15 19:26:25,628][kafka.consumer.subscription_state][INFO]Updated partition assignment: [TopicPartition(topic=u'spamtopic', partition=0)]
[2016-09-15 19:26:25,628][kafka.coordinator.consumer][INFO]Setting newly assigned partitions set([TopicPartition(topic=u'spamtopic', partition=0)]) for group kafka-python-default-group
[2016-09-15 19:26:28,641][kafka.coordinator][WARNING]Heartbeat failed for group kafka-python-default-group because it is rebalancing
[2016-09-15 19:26:28,641][kafka.coordinator][WARNING]Heartbeat failed ([Error 27] RebalanceInProgressError: ); retrying
[2016-09-15 19:26:28,742][kafka.coordinator][INFO]Skipping heartbeat: no auto-assignment or waiting on rebalance
[2016-09-15 19:26:29,143][kafka.coordinator.consumer][INFO]Revoking previously assigned partitions set([TopicPartition(topic=u'spamtopic', partition=0)]) for group kafka-python-default-group
[2016-09-15 19:26:29,143][kafka.coordinator][INFO](Re-)joining group kafka-python-default-group
[2016-09-15 19:26:29,144][kafka.coordinator][INFO]Joined group 'kafka-python-default-group' (generation 4916) with member_id kafka-python-1.3.1-24b868f1-baf1-4a86-b298-9e0e906c38b8
[2016-09-15 19:26:29,149][kafka.coordinator][INFO]Successfully joined group kafka-python-default-group with generation 4916
[2016-09-15 19:26:29,149][kafka.consumer.subscription_state][INFO]Updated partition assignment: [TopicPartition(topic=u'spamtopic', partition=0)]
[2016-09-15 19:26:29,149][kafka.coordinator.consumer][INFO]Setting newly assigned partitions set([TopicPartition(topic=u'spamtopic', partition=0)]) for group kafka-python-default-group
[2016-09-15 19:26:32,159][kafka.coordinator][WARNING]Heartbeat failed for group kafka-python-default-group because it is rebalancing
[2016-09-15 19:26:32,159][kafka.coordinator][WARNING]Heartbeat failed ([Error 27] RebalanceInProgressError: ); retrying
[2016-09-15 19:26:32,260][kafka.coordinator][INFO]Skipping heartbeat: no auto-assignment or waiting on rebalance
[2016-09-15 19:26:32,660][kafka.coordinator.consumer][INFO]Revoking previously assigned partitions set([TopicPartition(topic=u'spamtopic', partition=0)]) for group kafka-python-default-group
[2016-09-15 19:26:32,660][kafka.coordinator][INFO](Re-)joining group kafka-python-default-group
[2016-09-15 19:26:32,661][kafka.coordinator][INFO]Joined group 'kafka-python-default-group' (generation 4917) with member_id kafka-python-1.3.1-24b868f1-baf1-4a86-b298-9e0e906c38b8
[2016-09-15 19:26:32,664][kafka.coordinator][INFO]Successfully joined group kafka-python-default-group with generation 4917
[2016-09-15 19:26:32,665][kafka.consumer.subscription_state][INFO]Updated partition assignment: [TopicPartition(topic=u'spamtopic', partition=0)]
[2016-09-15 19:26:32,665][kafka.coordinator.consumer][INFO]Setting newly assigned partitions set([TopicPartition(topic=u'spamtopic', partition=0)]) for group kafka-python-default-group
[2016-09-15 19:26:35,674][kafka.coordinator][WARNING]Heartbeat failed for group kafka-python-default-group because it is rebalancing
[2016-09-15 19:26:35,674][kafka.coordinator][WARNING]Heartbeat failed ([Error 27] RebalanceInProgressError: ); retrying
[2016-09-15 19:26:35,775][kafka.coordinator][INFO]Skipping heartbeat: no auto-assignment or waiting on rebalance
[2016-09-15 19:26:36,175][kafka.coordinator.consumer][INFO]Revoking previously assigned partitions set([TopicPartition(topic=u'spamtopic', partition=0)]) for group kafka-python-default-group
[2016-09-15 19:26:36,176][kafka.coordinator][INFO](Re-)joining group kafka-python-default-group
[2016-09-15 19:26:36,180][kafka.coordinator][INFO]Joined group 'kafka-python-default-group' (generation 4918) with member_id kafka-python-1.3.1-24b868f1-baf1-4a86-b298-9e0e906c38b8
[2016-09-15 19:26:36,181][kafka.coordinator][INFO]Successfully joined group kafka-python-default-group with generation 4918
[2016-09-15 19:26:36,181][kafka.consumer.subscription_state][INFO]Updated partition assignment: [TopicPartition(topic=u'spamtopic', partition=0)]
[2016-09-15 19:26:36,181][kafka.coordinator.consumer][INFO]Setting newly assigned partitions set([TopicPartition(topic=u'spamtopic', partition=0)]) for group kafka-python-default-group
