Beginning task setup

/usr/bin/flock
Using existing venv: /tmp/petrel-spam-6-1473877022/venv
Task setup took 0 seconds
Launching: python -m petrel.run kafkaconsumer /home/pipe/topology/TopologyTweetTransformationSPAM/petrel8895_kafkaconsumer.log
/usr/local/lib/python2.7/dist-packages/petrel-1.0.1.0.3-py2.7.egg/petrel/run.py invoked with the following arguments: ['kafkaconsumer', '/home/pipe/topology/TopologyTweetTransformationSPAM/petrel8895_kafkaconsumer.log']
python version: 2.7.12
user=root
PATH=/tmp/petrel-spam-6-1473877022/venv/bin:/usr/local/sbin:/usr/local/bin:/usr/sbin:/usr/bin:/sbin:/bin:/snap/bin
LD_LIBRARY_PATH=/home/apache-storm-1.0.1/data/supervisor/stormdist/spam-6-1473877022/resources/Linux-amd64:/home/apache-storm-1.0.1/data/supervisor/stormdist/spam-6-1473877022/resources:/usr/local/lib:/opt/local/lib:/usr/lib
PYTHON_EGG_CACHE=/tmp/petrel-spam-6-1473877022/egg_cache
[2016-09-15 14:22:36,887][storm][INFO]Tuple profiling enabled. Will log tuple processing times.
[2016-09-15 14:22:37,083][storm][INFO]Task received setupInfo from Storm: {'pidDir': '/home/apache-storm-1.0.1/data/workers/c37bef94-8ea7-413f-9e9c-eb317684330c/pids', 'conf': {'storm.group.mapping.service.params': None, 'topology.tuple.serializer': 'org.apache.storm.serialization.types.ListDelegateSerializer', 'topology.workers': 1, 'drpc.worker.threads': 64, 'ui.filter.params': None, 'transactional.zookeeper.root': '/transactional', 'logviewer.cleanup.age.mins': 10080, 'worker.profiler.command': 'flight.bash', 'topology.executor.send.buffer.size': 1024, 'nimbus.file.copy.expiration.secs': 600, 'oauth.acess_token': ' 702208758362087425-HZiyl1x7Bh98cQa1WLBDYylyu10Bpl7', 'drpc.childopts': '-Xmx768m', 'nimbus.thrift.port': 6627, 'topology.disruptor.wait.timeout.millis': 1000, 'storm.zookeeper.retry.intervalceiling.millis': 30000, 'storm.local.dir': '/home/apache-storm-1.0.1/data', 'storm.auth.simple-acl.users': [], 'drpc.invocations.threads': 64, 'storm.zookeeper.superACL': None, 'storm.cluster.state.store': 'org.apache.storm.cluster_state.zookeeper_state_factory', 'storm.codedistributor.class': 'org.apache.storm.codedistributor.LocalFileSystemCodeDistributor', 'drpc.https.keystore.password': '', 'supervisor.blobstore.download.max_retries': 3, 'pacemaker.kerberos.users': [], 'storm.messaging.netty.client_worker_threads': 1, 'oauth.consumer_secret': 'ADf76fi3O1lKMzBxWnjqf93l3GHv28uar3bkblkvyBrAyoA23i', 'topology.component.resources.offheap.memory.mb': 0.0, 'supervisor.heartbeat.frequency.secs': 5, 'storm.group.mapping.service.cache.duration.secs': 120, 'storm.group.mapping.service': 'org.apache.storm.security.auth.ShellBasedGroupsMapping', 'storm.workers.artifacts.dir': 'workers-artifacts', 'drpc.request.timeout.secs': 600, 'pacemaker.childopts': '-Xmx1024m', 'nimbus.seeds': ['localhost'], 'topology.shellbolt.max.pending': 100, 'topology.min.replication.count': 1, 'topology.skip.missing.kryo.registrations': False, 'worker.heartbeat.frequency.secs': 1, 'storm.auth.simple-acl.users.commands': [], 'storm.zookepeer.port': 2181, 'zmq.hwm': 0, 'topology.worker.shared.thread.pool.size': 4, 'storm.zookeeper.connection.timeout': 15000, 'java.library.path': '/usr/local/lib:/opt/local/lib:/usr/lib', 'logviewer.max.sum.worker.logs.size.mb': 4096, 'task.refresh.poll.secs': 10, 'topology.max.error.report.per.interval': 5, 'topology.worker.logwriter.childopts': '-Xmx64m', 'ui.actions.enabled': True, 'storm.health.check.timeout.ms': 5000, 'topology.scheduler.strategy': 'org.apache.storm.scheduler.resource.strategies.scheduling.DefaultResourceAwareStrategy', 'ui.host': '0.0.0.0', 'storm.messaging.netty.server_worker_threads': 1, 'topology.disruptor.batch.size': 100, 'storm.id': 'spam-6-1473877022', 'supervisor.worker.start.timeout.secs': 120, 'zmq.threads': 1, 'topology.acker.executors': None, 'pacemaker.thread.timeout': 10, 'storm.local.mode.zmq': False, 'topology.eventlogger.executors': 0, 'topology.tick.tuple.freq.secs': 30, 'supervisor.memory.capacity.mb': 3072.0, 'supervisor.worker.shutdown.sleep.secs': 1, 'pacemaker.base.threads': 10, 'drpc.http.creds.plugin': 'org.apache.storm.security.auth.DefaultHttpCredentialsPlugin', 'storm.zookeeper.servers': ['localhost'], 'supervisor.localizer.cache.target.size.mb': 10240, 'storm.messaging.netty.transfer.batch.size': 262144, 'resource.aware.scheduler.eviction.strategy': 'org.apache.storm.scheduler.resource.strategies.eviction.DefaultEvictionStrategy', 'topology.environment': None, 'storm.zookeeper.port': 2181, 'storm.auth.simple-acl.admins': [], 'pacemaker.host': 'localhost', 'nimbus.childopts': '-Xmx1024m', 'storm.principal.tolocal': 'org.apache.storm.security.auth.DefaultPrincipalToLocal', 'storm.nimbus.retry.times': 5, 'topology.classpath': None, 'drpc.authorizer.acl.filename': 'drpc-auth-acl.yaml', 'topology.bolts.outgoing.overflow.buffer.enable': False, 'nimbus.credential.renewers.freq.secs': 600, 'worker.childopts': '-Xmx%HEAP-MEM%m -XX:+PrintGCDetails -Xloggc:artifacts/gc.log -XX:+PrintGCDateStamps -XX:+PrintGCTimeStamps -XX:+UseGCLogFileRotation -XX:NumberOfGCLogFiles=10 -XX:GCLogFileSize=1M -XX:+HeapDumpOnOutOfMemoryError -XX:HeapDumpPath=artifacts/heapdump', 'drpc.queue.size': 128, 'supervisor.blobstore.class': 'org.apache.storm.blobstore.NimbusBlobStore', 'topology.multilang.serializer': 'org.apache.storm.multilang.JsonSerializer', 'storm.zookeeper.retry.times': 5, 'topology.disable.loadaware': False, 'supervisor.run.worker.as.user': False, 'storm.blobstore.replication.factor': 3, 'worker.profiler.childopts': '-XX:+UnlockCommercialFeatures -XX:+FlightRecorder', 'nimbus.thrift.threads': 64, 'nimbus.monitor.freq.secs': 10, 'storm.blobstore.inputstream.buffer.size.bytes': 65536, 'dev.zookeeper.path': '/tmp/dev-storm-zookeeper', 'topology.users': [], 'storm.daemon.metrics.reporter.plugins': ['org.apache.storm.daemon.metrics.reporters.JmxPreparableReporter'], 'storm.exhibitor.poll.uripath': '/exhibitor/v1/cluster/list', 'pacemaker.max.threads': 50, 'drpc.https.keystore.type': 'JKS', 'topology.tasks': None, 'storm.zookeeper.root': '/storm', 'logviewer.childopts': '-Xmx128m', 'topology.max.replication.wait.time.sec': 60, 'worker.gc.childopts': '', 'backpressure.disruptor.low.watermark': 0.4, 'storm.meta.serialization.delegate': 'org.apache.storm.serialization.GzipThriftSerializationDelegate', 'transactional.zookeeper.port': None, 'drpc.max_buffer_size': 1048576, 'topology.worker.childopts': None, 'storm.auth.simple-white-list.users': [], 'topology.max.spout.pending': None, 'nimbus.topology.validator': 'org.apache.storm.nimbus.DefaultTopologyValidator', 'topology.kryo.register': None, 'petrel.host': 'localhost', 'client.blobstore.class': 'org.apache.storm.blobstore.NimbusBlobStore', 'nimbus.cleanup.inbox.freq.secs': 600, 'storm.nimbus.retry.intervalceiling.millis': 60000, 'storm.network.topography.plugin': 'org.apache.storm.networktopography.DefaultRackDNSToSwitchMapping', 'storm.messaging.netty.min_wait_ms': 100, 'nimbus.task.timeout.secs': 30, 'topology.disruptor.batch.timeout.millis': 1, 'topology.state.checkpoint.interval.ms': 1000, 'ui.header.buffer.bytes': 4096, 'nimbus.thrift.max_buffer_size': 1048576, 'ui.http.creds.plugin': 'org.apache.storm.security.auth.DefaultHttpCredentialsPlugin', 'topology.sleep.spout.wait.strategy.time.ms': 1, 'nimbus.blobstore.expiration.secs': 600, 'storm.cluster.mode': 'distributed', 'storm.messaging.netty.socket.backlog': 500, 'worker.profiler.enabled': False, 'nimbus.queue.size': 100000, 'logviewer.appender.name': 'A1', 'drpc.authorizer.acl.strict': False, 'ui.port': 8080, 'supervisor.slots.ports': [6700, 6701, 6702, 6703], 'worker.log.level.reset.poll.secs': 30, 'storm.nimbus.retry.interval.millis': 2000, 'drpc.invocations.port': 3773, 'supervisor.monitor.frequency.secs': 3, 'ui.childopts': '-Xmx768m', 'transactional.zookeeper.servers': None, 'storm.log4j2.conf.dir': 'log4j2', 'supervisor.supervisors': [], 'zmq.linger.millis': 5000, 'topology.error.throttle.interval.secs': 10, 'storm.health.check.dir': 'healthchecks', 'topology.executor.receive.buffer.size': 1024, 'nimbus.impersonation.authorizer': 'org.apache.storm.security.auth.authorizer.ImpersonationAuthorizer', 'topology.submitter.principal': '', 'topology.worker.max.heap.size.mb': 768.0, 'topology.spout.wait.strategy': 'org.apache.storm.spout.SleepSpoutWaitStrategy', 'task.heartbeat.frequency.secs': 3, 'topology.transfer.buffer.size': 1024, 'storm.zookeeper.session.timeout': 20000, 'topology.testing.always.try.serialize': False, 'nimbus.blobstore.class': 'org.apache.storm.blobstore.LocalFsBlobStore', 'topology.stats.sample.rate': 0.05, 'topology.fall.back.on.java.serialization': True, 'storm.exhibitor.port': 8080, 'storm.zookeeper.auth.password': None, 'supervisor.childopts': '-Xmx256m', 'topology.backpressure.enable': True, 'pacemaker.port': 6699, 'topology.enable.message.timeouts': True, 'nimbus.code.sync.freq.secs': 120, 'backpressure.disruptor.high.watermark': 0.9, 'storm.messaging.netty.max_wait_ms': 1000, 'topology.worker.receiver.thread.count': 1, 'topology.component.resources.onheap.memory.mb': 128.0, 'resource.aware.scheduler.priority.strategy': 'org.apache.storm.scheduler.resource.strategies.priority.DefaultSchedulingPriorityStrategy', 'nimbus.supervisor.timeout.secs': 60, 'pacemaker.auth.method': 'NONE', 'drpc.https.port': -1, 'nimbus.inbox.jar.expiration.secs': 3600, 'scheduler.display.resource': False, 'topology.kryo.factory': 'org.apache.storm.serialization.DefaultKryoFactory', 'storm.zookeeper.retry.interval': 1000, 'supervisor.supervisors.commands': [], 'supervisor.localizer.cleanup.interval.ms': 600000, 'storm.messaging.netty.max_retries': 300, 'task.credentials.poll.secs': 30, 'drpc.http.port': 3774, 'storm.messaging.transport': 'org.apache.storm.messaging.netty.Context', 'supervisor.enable': True, 'nimbus.task.launch.secs': 120, 'supervisor.blobstore.download.thread.count': 5, 'topology.message.timeout.secs': 30, 'oauth.acess_token_secret': 'IiNOTfgE3tEZvW2HDQhRKPMoOLU43NXJCXk8maj51SdAT', 'storm.messaging.netty.authentication': False, 'petrel.user': 'pipe', 'drpc.port': 3772, 'storm.messaging.netty.buffer_size': 5242880, 'topology.state.synchronization.timeout.secs': 60, 'worker.heap.memory.mb': 768, 'topology.name': 'spam', 'topology.priority': 29, 'supervisor.worker.timeout.secs': 30, 'ui.filter': None, 'topology.trident.batch.emit.interval.millis': 500, 'topology.max.task.parallelism': None, 'supervisor.cpu.capacity': 400.0, 'topology.submitter.user': 'root', 'logviewer.max.per.worker.logs.size.mb': 2048, 'nimbus.host': 'localhost', 'topology.builtin.metrics.bucket.size.secs': 60, 'topology.component.cpu.pcore.percent': 10.0, 'ui.users': None, 'storm.thrift.transport': 'org.apache.storm.security.auth.SimpleTransportPlugin', 'logs.users': None, 'logviewer.port': 8000, 'oauth.consumer_key': 'eaFmBSxUveRJfmyZYeabti9Q9', 'topology.kryo.decorators': [], 'topology.debug': False, 'storm.zookeeper.auth.user': None}, 'context': {'task->component': {'11': '__acker', '10': 'WordDivider', '1': 'CountThreeWords', '3': 'CountTwoWords', '2': 'CountThreeWords', '5': 'CountWord', '4': 'CountTwoWords', '7': 'KafkaConsumer', '6': 'CountWord', '9': 'TwoWordDivider', '8': 'ThreeWordDivider'}, 'stream->target->grouping': {'default': {'WordDivider': {'type': 'SHUFFLE'}, 'ThreeWordDivider': {'type': 'SHUFFLE'}, 'TwoWordDivider': {'type': 'SHUFFLE'}}}, 'source->stream->fields': {}, 'streams': ['default'], 'stream->outputfields': {'default': ['sentence', 'user']}, 'taskid': 7, 'source->stream->grouping': {}, 'componentid': 'KafkaConsumer'}}
[2016-09-15 14:22:37,104][storm][INFO]Task sent pid to Storm
[2016-09-15 14:22:37,218][kafka.conn][INFO]Broker version identifed as 0.10
[2016-09-15 14:22:37,218][kafka.conn][INFO]Set configuration api_version=(0, 10) to skip auto check_version requests on startup
[2016-09-15 14:22:37,237][kafka.consumer.subscription_state][INFO]Updating subscribed topics to: ['spamtopic']
[2016-09-15 14:22:37,238][kafka.cluster][INFO]Group coordinator for kafka-python-default-group is BrokerMetadata(nodeId=0, host=u'localhost', port=9092, rack=None)
[2016-09-15 14:22:37,238][kafka.coordinator][INFO]Discovered coordinator 0 for group kafka-python-default-group
[2016-09-15 14:22:37,238][kafka.coordinator.consumer][INFO]Revoking previously assigned partitions set([]) for group kafka-python-default-group
[2016-09-15 14:22:37,238][kafka.coordinator][INFO](Re-)joining group kafka-python-default-group
[2016-09-15 14:23:01,136][kafka.coordinator][INFO]Joined group 'kafka-python-default-group' (generation 4460) with member_id kafka-python-1.3.1-cc71fb28-e074-4efd-845c-e3c1bfaa2a04
[2016-09-15 14:23:01,144][kafka.coordinator][INFO]Successfully joined group kafka-python-default-group with generation 4460
[2016-09-15 14:23:01,145][kafka.consumer.subscription_state][INFO]Updated partition assignment: [TopicPartition(topic=u'spamtopic', partition=0)]
[2016-09-15 14:23:01,145][kafka.coordinator.consumer][INFO]Setting newly assigned partitions set([TopicPartition(topic=u'spamtopic', partition=0)]) for group kafka-python-default-group
[2016-09-15 14:23:04,155][kafka.coordinator][WARNING]Heartbeat failed for group kafka-python-default-group because it is rebalancing
[2016-09-15 14:23:04,155][kafka.coordinator][WARNING]Heartbeat failed ([Error 27] RebalanceInProgressError: ); retrying
[2016-09-15 14:23:04,256][kafka.coordinator][INFO]Skipping heartbeat: no auto-assignment or waiting on rebalance
[2016-09-15 14:23:04,657][kafka.coordinator.consumer][INFO]Revoking previously assigned partitions set([TopicPartition(topic=u'spamtopic', partition=0)]) for group kafka-python-default-group
[2016-09-15 14:23:04,657][kafka.coordinator][INFO](Re-)joining group kafka-python-default-group
[2016-09-15 14:23:04,658][kafka.coordinator][INFO]Joined group 'kafka-python-default-group' (generation 4461) with member_id kafka-python-1.3.1-cc71fb28-e074-4efd-845c-e3c1bfaa2a04
[2016-09-15 14:23:04,666][kafka.coordinator][INFO]Successfully joined group kafka-python-default-group with generation 4461
[2016-09-15 14:23:04,666][kafka.consumer.subscription_state][INFO]Updated partition assignment: [TopicPartition(topic=u'spamtopic', partition=0)]
[2016-09-15 14:23:04,667][kafka.coordinator.consumer][INFO]Setting newly assigned partitions set([TopicPartition(topic=u'spamtopic', partition=0)]) for group kafka-python-default-group
[2016-09-15 14:23:07,675][kafka.coordinator][WARNING]Heartbeat failed for group kafka-python-default-group because it is rebalancing
[2016-09-15 14:23:07,675][kafka.coordinator][WARNING]Heartbeat failed ([Error 27] RebalanceInProgressError: ); retrying
[2016-09-15 14:23:07,776][kafka.coordinator][INFO]Skipping heartbeat: no auto-assignment or waiting on rebalance
[2016-09-15 14:23:08,177][kafka.coordinator.consumer][INFO]Revoking previously assigned partitions set([TopicPartition(topic=u'spamtopic', partition=0)]) for group kafka-python-default-group
[2016-09-15 14:23:08,177][kafka.coordinator][INFO](Re-)joining group kafka-python-default-group
[2016-09-15 14:23:08,178][kafka.coordinator][INFO]Joined group 'kafka-python-default-group' (generation 4462) with member_id kafka-python-1.3.1-cc71fb28-e074-4efd-845c-e3c1bfaa2a04
[2016-09-15 14:23:08,180][kafka.coordinator][INFO]Successfully joined group kafka-python-default-group with generation 4462
[2016-09-15 14:23:08,180][kafka.consumer.subscription_state][INFO]Updated partition assignment: [TopicPartition(topic=u'spamtopic', partition=0)]
[2016-09-15 14:23:08,180][kafka.coordinator.consumer][INFO]Setting newly assigned partitions set([TopicPartition(topic=u'spamtopic', partition=0)]) for group kafka-python-default-group
[2016-09-15 14:23:11,190][kafka.coordinator][WARNING]Heartbeat failed for group kafka-python-default-group because it is rebalancing
[2016-09-15 14:23:11,190][kafka.coordinator][WARNING]Heartbeat failed ([Error 27] RebalanceInProgressError: ); retrying
[2016-09-15 14:23:11,291][kafka.coordinator][INFO]Skipping heartbeat: no auto-assignment or waiting on rebalance
[2016-09-15 14:23:11,692][kafka.coordinator.consumer][INFO]Revoking previously assigned partitions set([TopicPartition(topic=u'spamtopic', partition=0)]) for group kafka-python-default-group
[2016-09-15 14:23:11,692][kafka.coordinator][INFO](Re-)joining group kafka-python-default-group
[2016-09-15 14:23:11,694][kafka.coordinator][INFO]Joined group 'kafka-python-default-group' (generation 4463) with member_id kafka-python-1.3.1-cc71fb28-e074-4efd-845c-e3c1bfaa2a04
[2016-09-15 14:23:11,698][kafka.coordinator][INFO]Successfully joined group kafka-python-default-group with generation 4463
[2016-09-15 14:23:11,698][kafka.consumer.subscription_state][INFO]Updated partition assignment: [TopicPartition(topic=u'spamtopic', partition=0)]
[2016-09-15 14:23:11,698][kafka.coordinator.consumer][INFO]Setting newly assigned partitions set([TopicPartition(topic=u'spamtopic', partition=0)]) for group kafka-python-default-group
[2016-09-15 14:23:14,709][kafka.coordinator][WARNING]Heartbeat failed for group kafka-python-default-group because it is rebalancing
[2016-09-15 14:23:14,709][kafka.coordinator][WARNING]Heartbeat failed ([Error 27] RebalanceInProgressError: ); retrying
[2016-09-15 14:23:14,810][kafka.coordinator][INFO]Skipping heartbeat: no auto-assignment or waiting on rebalance
[2016-09-15 14:23:15,211][kafka.coordinator.consumer][INFO]Revoking previously assigned partitions set([TopicPartition(topic=u'spamtopic', partition=0)]) for group kafka-python-default-group
[2016-09-15 14:23:15,212][kafka.coordinator][INFO](Re-)joining group kafka-python-default-group
[2016-09-15 14:23:15,212][kafka.coordinator][INFO]Joined group 'kafka-python-default-group' (generation 4464) with member_id kafka-python-1.3.1-cc71fb28-e074-4efd-845c-e3c1bfaa2a04
[2016-09-15 14:23:15,215][kafka.coordinator][INFO]Successfully joined group kafka-python-default-group with generation 4464
[2016-09-15 14:23:15,215][kafka.consumer.subscription_state][INFO]Updated partition assignment: [TopicPartition(topic=u'spamtopic', partition=0)]
[2016-09-15 14:23:15,215][kafka.coordinator.consumer][INFO]Setting newly assigned partitions set([TopicPartition(topic=u'spamtopic', partition=0)]) for group kafka-python-default-group
[2016-09-15 14:23:18,224][kafka.coordinator][WARNING]Heartbeat failed for group kafka-python-default-group because it is rebalancing
[2016-09-15 14:23:18,224][kafka.coordinator][WARNING]Heartbeat failed ([Error 27] RebalanceInProgressError: ); retrying
[2016-09-15 14:23:18,325][kafka.coordinator][INFO]Skipping heartbeat: no auto-assignment or waiting on rebalance
[2016-09-15 14:23:18,726][kafka.coordinator.consumer][INFO]Revoking previously assigned partitions set([TopicPartition(topic=u'spamtopic', partition=0)]) for group kafka-python-default-group
[2016-09-15 14:23:18,726][kafka.coordinator][INFO](Re-)joining group kafka-python-default-group
[2016-09-15 14:23:18,729][kafka.coordinator][INFO]Joined group 'kafka-python-default-group' (generation 4465) with member_id kafka-python-1.3.1-cc71fb28-e074-4efd-845c-e3c1bfaa2a04
[2016-09-15 14:23:18,731][kafka.coordinator][INFO]Successfully joined group kafka-python-default-group with generation 4465
[2016-09-15 14:23:18,731][kafka.consumer.subscription_state][INFO]Updated partition assignment: [TopicPartition(topic=u'spamtopic', partition=0)]
[2016-09-15 14:23:18,731][kafka.coordinator.consumer][INFO]Setting newly assigned partitions set([TopicPartition(topic=u'spamtopic', partition=0)]) for group kafka-python-default-group
[2016-09-15 14:23:21,740][kafka.coordinator][WARNING]Heartbeat failed for group kafka-python-default-group because it is rebalancing
[2016-09-15 14:23:21,740][kafka.coordinator][WARNING]Heartbeat failed ([Error 27] RebalanceInProgressError: ); retrying
[2016-09-15 14:23:21,842][kafka.coordinator][INFO]Skipping heartbeat: no auto-assignment or waiting on rebalance
[2016-09-15 14:23:22,242][kafka.coordinator.consumer][INFO]Revoking previously assigned partitions set([TopicPartition(topic=u'spamtopic', partition=0)]) for group kafka-python-default-group
[2016-09-15 14:23:22,242][kafka.coordinator][INFO](Re-)joining group kafka-python-default-group
[2016-09-15 14:23:22,244][kafka.coordinator][INFO]Joined group 'kafka-python-default-group' (generation 4466) with member_id kafka-python-1.3.1-cc71fb28-e074-4efd-845c-e3c1bfaa2a04
[2016-09-15 14:23:22,247][kafka.coordinator][INFO]Successfully joined group kafka-python-default-group with generation 4466
[2016-09-15 14:23:22,247][kafka.consumer.subscription_state][INFO]Updated partition assignment: [TopicPartition(topic=u'spamtopic', partition=0)]
[2016-09-15 14:23:22,247][kafka.coordinator.consumer][INFO]Setting newly assigned partitions set([TopicPartition(topic=u'spamtopic', partition=0)]) for group kafka-python-default-group
[2016-09-15 14:23:25,256][kafka.coordinator][WARNING]Heartbeat failed for group kafka-python-default-group because it is rebalancing
[2016-09-15 14:23:25,256][kafka.coordinator][WARNING]Heartbeat failed ([Error 27] RebalanceInProgressError: ); retrying
[2016-09-15 14:23:25,357][kafka.coordinator][INFO]Skipping heartbeat: no auto-assignment or waiting on rebalance
[2016-09-15 14:23:25,758][kafka.coordinator.consumer][INFO]Revoking previously assigned partitions set([TopicPartition(topic=u'spamtopic', partition=0)]) for group kafka-python-default-group
[2016-09-15 14:23:25,758][kafka.coordinator][INFO](Re-)joining group kafka-python-default-group
[2016-09-15 14:23:25,762][kafka.coordinator][INFO]Joined group 'kafka-python-default-group' (generation 4467) with member_id kafka-python-1.3.1-cc71fb28-e074-4efd-845c-e3c1bfaa2a04
[2016-09-15 14:23:25,763][kafka.coordinator][INFO]Successfully joined group kafka-python-default-group with generation 4467
[2016-09-15 14:23:25,763][kafka.consumer.subscription_state][INFO]Updated partition assignment: [TopicPartition(topic=u'spamtopic', partition=0)]
[2016-09-15 14:23:25,764][kafka.coordinator.consumer][INFO]Setting newly assigned partitions set([TopicPartition(topic=u'spamtopic', partition=0)]) for group kafka-python-default-group
[2016-09-15 14:23:28,772][kafka.coordinator][WARNING]Heartbeat failed for group kafka-python-default-group because it is rebalancing
[2016-09-15 14:23:28,773][kafka.coordinator][WARNING]Heartbeat failed ([Error 27] RebalanceInProgressError: ); retrying
[2016-09-15 14:23:28,874][kafka.coordinator][INFO]Skipping heartbeat: no auto-assignment or waiting on rebalance
[2016-09-15 14:23:29,274][kafka.coordinator.consumer][INFO]Revoking previously assigned partitions set([TopicPartition(topic=u'spamtopic', partition=0)]) for group kafka-python-default-group
[2016-09-15 14:23:29,274][kafka.coordinator][INFO](Re-)joining group kafka-python-default-group
[2016-09-15 14:23:29,276][kafka.coordinator][INFO]Joined group 'kafka-python-default-group' (generation 4468) with member_id kafka-python-1.3.1-cc71fb28-e074-4efd-845c-e3c1bfaa2a04
[2016-09-15 14:23:29,278][kafka.coordinator][INFO]Successfully joined group kafka-python-default-group with generation 4468
[2016-09-15 14:23:29,279][kafka.consumer.subscription_state][INFO]Updated partition assignment: [TopicPartition(topic=u'spamtopic', partition=0)]
[2016-09-15 14:23:29,279][kafka.coordinator.consumer][INFO]Setting newly assigned partitions set([TopicPartition(topic=u'spamtopic', partition=0)]) for group kafka-python-default-group
[2016-09-15 14:23:32,289][kafka.coordinator][WARNING]Heartbeat failed for group kafka-python-default-group because it is rebalancing
[2016-09-15 14:23:32,289][kafka.coordinator][WARNING]Heartbeat failed ([Error 27] RebalanceInProgressError: ); retrying
[2016-09-15 14:23:32,390][kafka.coordinator][INFO]Skipping heartbeat: no auto-assignment or waiting on rebalance
[2016-09-15 14:23:32,791][kafka.coordinator.consumer][INFO]Revoking previously assigned partitions set([TopicPartition(topic=u'spamtopic', partition=0)]) for group kafka-python-default-group
[2016-09-15 14:23:32,791][kafka.coordinator][INFO](Re-)joining group kafka-python-default-group
[2016-09-15 14:23:32,793][kafka.coordinator][INFO]Joined group 'kafka-python-default-group' (generation 4469) with member_id kafka-python-1.3.1-cc71fb28-e074-4efd-845c-e3c1bfaa2a04
[2016-09-15 14:23:32,796][kafka.coordinator][INFO]Successfully joined group kafka-python-default-group with generation 4469
[2016-09-15 14:23:32,797][kafka.consumer.subscription_state][INFO]Updated partition assignment: [TopicPartition(topic=u'spamtopic', partition=0)]
[2016-09-15 14:23:32,797][kafka.coordinator.consumer][INFO]Setting newly assigned partitions set([TopicPartition(topic=u'spamtopic', partition=0)]) for group kafka-python-default-group
[2016-09-15 14:23:35,806][kafka.coordinator][WARNING]Heartbeat failed for group kafka-python-default-group because it is rebalancing
[2016-09-15 14:23:35,807][kafka.coordinator][WARNING]Heartbeat failed ([Error 27] RebalanceInProgressError: ); retrying
[2016-09-15 14:23:35,908][kafka.coordinator][INFO]Skipping heartbeat: no auto-assignment or waiting on rebalance
[2016-09-15 14:23:36,309][kafka.coordinator.consumer][INFO]Revoking previously assigned partitions set([TopicPartition(topic=u'spamtopic', partition=0)]) for group kafka-python-default-group
[2016-09-15 14:23:36,309][kafka.coordinator][INFO](Re-)joining group kafka-python-default-group
[2016-09-15 14:23:36,311][kafka.coordinator][INFO]Joined group 'kafka-python-default-group' (generation 4470) with member_id kafka-python-1.3.1-cc71fb28-e074-4efd-845c-e3c1bfaa2a04
[2016-09-15 14:23:36,313][kafka.coordinator][INFO]Successfully joined group kafka-python-default-group with generation 4470
[2016-09-15 14:23:36,313][kafka.consumer.subscription_state][INFO]Updated partition assignment: [TopicPartition(topic=u'spamtopic', partition=0)]
[2016-09-15 14:23:36,314][kafka.coordinator.consumer][INFO]Setting newly assigned partitions set([TopicPartition(topic=u'spamtopic', partition=0)]) for group kafka-python-default-group
[2016-09-15 14:23:39,325][kafka.coordinator][WARNING]Heartbeat failed for group kafka-python-default-group because it is rebalancing
[2016-09-15 14:23:39,325][kafka.coordinator][WARNING]Heartbeat failed ([Error 27] RebalanceInProgressError: ); retrying
[2016-09-15 14:23:39,426][kafka.coordinator][INFO]Skipping heartbeat: no auto-assignment or waiting on rebalance
[2016-09-15 14:23:39,827][kafka.coordinator.consumer][INFO]Revoking previously assigned partitions set([TopicPartition(topic=u'spamtopic', partition=0)]) for group kafka-python-default-group
[2016-09-15 14:23:39,827][kafka.coordinator][INFO](Re-)joining group kafka-python-default-group
[2016-09-15 14:23:39,832][kafka.coordinator][INFO]Joined group 'kafka-python-default-group' (generation 4471) with member_id kafka-python-1.3.1-cc71fb28-e074-4efd-845c-e3c1bfaa2a04
[2016-09-15 14:23:39,835][kafka.coordinator][INFO]Successfully joined group kafka-python-default-group with generation 4471
[2016-09-15 14:23:39,835][kafka.consumer.subscription_state][INFO]Updated partition assignment: [TopicPartition(topic=u'spamtopic', partition=0)]
[2016-09-15 14:23:39,835][kafka.coordinator.consumer][INFO]Setting newly assigned partitions set([TopicPartition(topic=u'spamtopic', partition=0)]) for group kafka-python-default-group
[2016-09-15 14:23:42,844][kafka.coordinator][WARNING]Heartbeat failed for group kafka-python-default-group because it is rebalancing
[2016-09-15 14:23:42,844][kafka.coordinator][WARNING]Heartbeat failed ([Error 27] RebalanceInProgressError: ); retrying
[2016-09-15 14:23:42,945][kafka.coordinator][INFO]Skipping heartbeat: no auto-assignment or waiting on rebalance
[2016-09-15 14:23:43,346][kafka.coordinator.consumer][INFO]Revoking previously assigned partitions set([TopicPartition(topic=u'spamtopic', partition=0)]) for group kafka-python-default-group
[2016-09-15 14:23:43,346][kafka.coordinator][INFO](Re-)joining group kafka-python-default-group
[2016-09-15 14:23:43,347][kafka.coordinator][INFO]Joined group 'kafka-python-default-group' (generation 4472) with member_id kafka-python-1.3.1-cc71fb28-e074-4efd-845c-e3c1bfaa2a04
[2016-09-15 14:23:43,349][kafka.coordinator][INFO]Successfully joined group kafka-python-default-group with generation 4472
[2016-09-15 14:23:43,350][kafka.consumer.subscription_state][INFO]Updated partition assignment: [TopicPartition(topic=u'spamtopic', partition=0)]
[2016-09-15 14:23:43,350][kafka.coordinator.consumer][INFO]Setting newly assigned partitions set([TopicPartition(topic=u'spamtopic', partition=0)]) for group kafka-python-default-group
[2016-09-15 14:23:46,358][kafka.coordinator][WARNING]Heartbeat failed for group kafka-python-default-group because it is rebalancing
[2016-09-15 14:23:46,358][kafka.coordinator][WARNING]Heartbeat failed ([Error 27] RebalanceInProgressError: ); retrying
[2016-09-15 14:23:46,459][kafka.coordinator][INFO]Skipping heartbeat: no auto-assignment or waiting on rebalance
[2016-09-15 14:23:46,859][kafka.coordinator.consumer][INFO]Revoking previously assigned partitions set([TopicPartition(topic=u'spamtopic', partition=0)]) for group kafka-python-default-group
[2016-09-15 14:23:46,859][kafka.coordinator][INFO](Re-)joining group kafka-python-default-group
[2016-09-15 14:23:46,862][kafka.coordinator][INFO]Joined group 'kafka-python-default-group' (generation 4473) with member_id kafka-python-1.3.1-cc71fb28-e074-4efd-845c-e3c1bfaa2a04
[2016-09-15 14:23:46,865][kafka.coordinator][INFO]Successfully joined group kafka-python-default-group with generation 4473
[2016-09-15 14:23:46,865][kafka.consumer.subscription_state][INFO]Updated partition assignment: [TopicPartition(topic=u'spamtopic', partition=0)]
[2016-09-15 14:23:46,866][kafka.coordinator.consumer][INFO]Setting newly assigned partitions set([TopicPartition(topic=u'spamtopic', partition=0)]) for group kafka-python-default-group
[2016-09-15 14:23:49,874][kafka.coordinator][WARNING]Heartbeat failed for group kafka-python-default-group because it is rebalancing
[2016-09-15 14:23:49,875][kafka.coordinator][WARNING]Heartbeat failed ([Error 27] RebalanceInProgressError: ); retrying
[2016-09-15 14:23:49,976][kafka.coordinator][INFO]Skipping heartbeat: no auto-assignment or waiting on rebalance
[2016-09-15 14:23:50,378][kafka.coordinator.consumer][INFO]Revoking previously assigned partitions set([TopicPartition(topic=u'spamtopic', partition=0)]) for group kafka-python-default-group
[2016-09-15 14:23:50,378][kafka.coordinator][INFO](Re-)joining group kafka-python-default-group
[2016-09-15 14:23:50,380][kafka.coordinator][INFO]Joined group 'kafka-python-default-group' (generation 4474) with member_id kafka-python-1.3.1-cc71fb28-e074-4efd-845c-e3c1bfaa2a04
[2016-09-15 14:23:50,385][kafka.coordinator][INFO]Successfully joined group kafka-python-default-group with generation 4474
[2016-09-15 14:23:50,385][kafka.consumer.subscription_state][INFO]Updated partition assignment: [TopicPartition(topic=u'spamtopic', partition=0)]
[2016-09-15 14:23:50,385][kafka.coordinator.consumer][INFO]Setting newly assigned partitions set([TopicPartition(topic=u'spamtopic', partition=0)]) for group kafka-python-default-group
[2016-09-15 14:23:53,394][kafka.coordinator][WARNING]Heartbeat failed for group kafka-python-default-group because it is rebalancing
[2016-09-15 14:23:53,395][kafka.coordinator][WARNING]Heartbeat failed ([Error 27] RebalanceInProgressError: ); retrying
[2016-09-15 14:23:53,496][kafka.coordinator][INFO]Skipping heartbeat: no auto-assignment or waiting on rebalance
[2016-09-15 14:23:53,896][kafka.coordinator.consumer][INFO]Revoking previously assigned partitions set([TopicPartition(topic=u'spamtopic', partition=0)]) for group kafka-python-default-group
[2016-09-15 14:23:53,896][kafka.coordinator][INFO](Re-)joining group kafka-python-default-group
[2016-09-15 14:23:53,906][kafka.coordinator][INFO]Joined group 'kafka-python-default-group' (generation 4475) with member_id kafka-python-1.3.1-cc71fb28-e074-4efd-845c-e3c1bfaa2a04
[2016-09-15 14:23:53,908][kafka.coordinator][INFO]Successfully joined group kafka-python-default-group with generation 4475
[2016-09-15 14:23:53,908][kafka.consumer.subscription_state][INFO]Updated partition assignment: [TopicPartition(topic=u'spamtopic', partition=0)]
[2016-09-15 14:23:53,908][kafka.coordinator.consumer][INFO]Setting newly assigned partitions set([TopicPartition(topic=u'spamtopic', partition=0)]) for group kafka-python-default-group
[2016-09-15 14:23:56,915][kafka.coordinator][WARNING]Heartbeat failed for group kafka-python-default-group because it is rebalancing
[2016-09-15 14:23:56,915][kafka.coordinator][WARNING]Heartbeat failed ([Error 27] RebalanceInProgressError: ); retrying
[2016-09-15 14:23:57,016][kafka.coordinator][INFO]Skipping heartbeat: no auto-assignment or waiting on rebalance
[2016-09-15 14:23:57,417][kafka.coordinator.consumer][INFO]Revoking previously assigned partitions set([TopicPartition(topic=u'spamtopic', partition=0)]) for group kafka-python-default-group
[2016-09-15 14:23:57,417][kafka.coordinator][INFO](Re-)joining group kafka-python-default-group
[2016-09-15 14:23:57,418][kafka.coordinator][INFO]Joined group 'kafka-python-default-group' (generation 4476) with member_id kafka-python-1.3.1-cc71fb28-e074-4efd-845c-e3c1bfaa2a04
[2016-09-15 14:23:57,422][kafka.coordinator][INFO]Successfully joined group kafka-python-default-group with generation 4476
[2016-09-15 14:23:57,423][kafka.consumer.subscription_state][INFO]Updated partition assignment: [TopicPartition(topic=u'spamtopic', partition=0)]
[2016-09-15 14:23:57,423][kafka.coordinator.consumer][INFO]Setting newly assigned partitions set([TopicPartition(topic=u'spamtopic', partition=0)]) for group kafka-python-default-group
[2016-09-15 14:24:00,430][kafka.coordinator][WARNING]Heartbeat failed for group kafka-python-default-group because it is rebalancing
[2016-09-15 14:24:00,430][kafka.coordinator][WARNING]Heartbeat failed ([Error 27] RebalanceInProgressError: ); retrying
[2016-09-15 14:24:00,531][kafka.coordinator][INFO]Skipping heartbeat: no auto-assignment or waiting on rebalance
[2016-09-15 14:24:00,931][kafka.coordinator.consumer][INFO]Revoking previously assigned partitions set([TopicPartition(topic=u'spamtopic', partition=0)]) for group kafka-python-default-group
[2016-09-15 14:24:00,932][kafka.coordinator][INFO](Re-)joining group kafka-python-default-group
[2016-09-15 14:24:00,933][kafka.coordinator][INFO]Joined group 'kafka-python-default-group' (generation 4477) with member_id kafka-python-1.3.1-cc71fb28-e074-4efd-845c-e3c1bfaa2a04
[2016-09-15 14:24:00,937][kafka.coordinator][INFO]Successfully joined group kafka-python-default-group with generation 4477
[2016-09-15 14:24:00,938][kafka.consumer.subscription_state][INFO]Updated partition assignment: [TopicPartition(topic=u'spamtopic', partition=0)]
[2016-09-15 14:24:00,938][kafka.coordinator.consumer][INFO]Setting newly assigned partitions set([TopicPartition(topic=u'spamtopic', partition=0)]) for group kafka-python-default-group
[2016-09-15 14:24:03,947][kafka.coordinator][WARNING]Heartbeat failed for group kafka-python-default-group because it is rebalancing
[2016-09-15 14:24:03,947][kafka.coordinator][WARNING]Heartbeat failed ([Error 27] RebalanceInProgressError: ); retrying
[2016-09-15 14:24:04,048][kafka.coordinator][INFO]Skipping heartbeat: no auto-assignment or waiting on rebalance
[2016-09-15 14:24:04,449][kafka.coordinator.consumer][INFO]Revoking previously assigned partitions set([TopicPartition(topic=u'spamtopic', partition=0)]) for group kafka-python-default-group
[2016-09-15 14:24:04,449][kafka.coordinator][INFO](Re-)joining group kafka-python-default-group
[2016-09-15 14:24:04,451][kafka.coordinator][INFO]Joined group 'kafka-python-default-group' (generation 4478) with member_id kafka-python-1.3.1-cc71fb28-e074-4efd-845c-e3c1bfaa2a04
[2016-09-15 14:24:04,453][kafka.coordinator][INFO]Successfully joined group kafka-python-default-group with generation 4478
[2016-09-15 14:24:04,453][kafka.consumer.subscription_state][INFO]Updated partition assignment: [TopicPartition(topic=u'spamtopic', partition=0)]
[2016-09-15 14:24:04,453][kafka.coordinator.consumer][INFO]Setting newly assigned partitions set([TopicPartition(topic=u'spamtopic', partition=0)]) for group kafka-python-default-group
