Beginning task setup

/usr/bin/flock
Using existing venv: /tmp/petrel-spam-6-1473877022/venv
Task setup took 0 seconds
Launching: python -m petrel.run kafkaconsumer /home/pipe/topology/TopologyTweetTransformationSPAM/petrel24196_kafkaconsumer.log
/usr/local/lib/python2.7/dist-packages/petrel-1.0.1.0.3-py2.7.egg/petrel/run.py invoked with the following arguments: ['kafkaconsumer', '/home/pipe/topology/TopologyTweetTransformationSPAM/petrel24196_kafkaconsumer.log']
python version: 2.7.12
user=root
PATH=/tmp/petrel-spam-6-1473877022/venv/bin:/usr/local/sbin:/usr/local/bin:/usr/sbin:/usr/bin:/sbin:/bin:/snap/bin
LD_LIBRARY_PATH=/home/apache-storm-1.0.1/data/supervisor/stormdist/spam-6-1473877022/resources/Linux-amd64:/home/apache-storm-1.0.1/data/supervisor/stormdist/spam-6-1473877022/resources:/usr/local/lib:/opt/local/lib:/usr/lib
PYTHON_EGG_CACHE=/tmp/petrel-spam-6-1473877022/egg_cache
[2016-09-14 21:28:20,759][storm][INFO]Tuple profiling enabled. Will log tuple processing times.
[2016-09-14 21:28:21,222][storm][INFO]Task received setupInfo from Storm: {'pidDir': '/home/apache-storm-1.0.1/data/workers/bc83564d-13e4-442d-b84f-8cc4b5c3d059/pids', 'conf': {'storm.group.mapping.service.params': None, 'topology.tuple.serializer': 'org.apache.storm.serialization.types.ListDelegateSerializer', 'topology.workers': 1, 'drpc.worker.threads': 64, 'ui.filter.params': None, 'transactional.zookeeper.root': '/transactional', 'logviewer.cleanup.age.mins': 10080, 'worker.profiler.command': 'flight.bash', 'topology.executor.send.buffer.size': 1024, 'nimbus.file.copy.expiration.secs': 600, 'oauth.acess_token': ' 702208758362087425-HZiyl1x7Bh98cQa1WLBDYylyu10Bpl7', 'drpc.childopts': '-Xmx768m', 'nimbus.thrift.port': 6627, 'topology.disruptor.wait.timeout.millis': 1000, 'storm.zookeeper.retry.intervalceiling.millis': 30000, 'storm.local.dir': '/home/apache-storm-1.0.1/data', 'storm.auth.simple-acl.users': [], 'drpc.invocations.threads': 64, 'storm.zookeeper.superACL': None, 'storm.cluster.state.store': 'org.apache.storm.cluster_state.zookeeper_state_factory', 'storm.codedistributor.class': 'org.apache.storm.codedistributor.LocalFileSystemCodeDistributor', 'drpc.https.keystore.password': '', 'supervisor.blobstore.download.max_retries': 3, 'pacemaker.kerberos.users': [], 'storm.messaging.netty.client_worker_threads': 1, 'oauth.consumer_secret': 'ADf76fi3O1lKMzBxWnjqf93l3GHv28uar3bkblkvyBrAyoA23i', 'topology.component.resources.offheap.memory.mb': 0.0, 'supervisor.heartbeat.frequency.secs': 5, 'storm.group.mapping.service.cache.duration.secs': 120, 'storm.group.mapping.service': 'org.apache.storm.security.auth.ShellBasedGroupsMapping', 'storm.workers.artifacts.dir': 'workers-artifacts', 'drpc.request.timeout.secs': 600, 'pacemaker.childopts': '-Xmx1024m', 'nimbus.seeds': ['localhost'], 'topology.shellbolt.max.pending': 100, 'topology.min.replication.count': 1, 'topology.skip.missing.kryo.registrations': False, 'worker.heartbeat.frequency.secs': 1, 'storm.auth.simple-acl.users.commands': [], 'storm.zookepeer.port': 2181, 'zmq.hwm': 0, 'topology.worker.shared.thread.pool.size': 4, 'storm.zookeeper.connection.timeout': 15000, 'java.library.path': '/usr/local/lib:/opt/local/lib:/usr/lib', 'logviewer.max.sum.worker.logs.size.mb': 4096, 'task.refresh.poll.secs': 10, 'topology.max.error.report.per.interval': 5, 'topology.worker.logwriter.childopts': '-Xmx64m', 'ui.actions.enabled': True, 'storm.health.check.timeout.ms': 5000, 'topology.scheduler.strategy': 'org.apache.storm.scheduler.resource.strategies.scheduling.DefaultResourceAwareStrategy', 'ui.host': '0.0.0.0', 'storm.messaging.netty.server_worker_threads': 1, 'topology.disruptor.batch.size': 100, 'storm.id': 'spam-6-1473877022', 'supervisor.worker.start.timeout.secs': 120, 'zmq.threads': 1, 'topology.acker.executors': None, 'pacemaker.thread.timeout': 10, 'storm.local.mode.zmq': False, 'topology.eventlogger.executors': 0, 'topology.tick.tuple.freq.secs': 30, 'supervisor.memory.capacity.mb': 3072.0, 'supervisor.worker.shutdown.sleep.secs': 1, 'pacemaker.base.threads': 10, 'drpc.http.creds.plugin': 'org.apache.storm.security.auth.DefaultHttpCredentialsPlugin', 'storm.zookeeper.servers': ['localhost'], 'supervisor.localizer.cache.target.size.mb': 10240, 'storm.messaging.netty.transfer.batch.size': 262144, 'resource.aware.scheduler.eviction.strategy': 'org.apache.storm.scheduler.resource.strategies.eviction.DefaultEvictionStrategy', 'topology.environment': None, 'storm.zookeeper.port': 2181, 'storm.auth.simple-acl.admins': [], 'pacemaker.host': 'localhost', 'nimbus.childopts': '-Xmx1024m', 'storm.principal.tolocal': 'org.apache.storm.security.auth.DefaultPrincipalToLocal', 'storm.nimbus.retry.times': 5, 'topology.classpath': None, 'drpc.authorizer.acl.filename': 'drpc-auth-acl.yaml', 'topology.bolts.outgoing.overflow.buffer.enable': False, 'nimbus.credential.renewers.freq.secs': 600, 'worker.childopts': '-Xmx%HEAP-MEM%m -XX:+PrintGCDetails -Xloggc:artifacts/gc.log -XX:+PrintGCDateStamps -XX:+PrintGCTimeStamps -XX:+UseGCLogFileRotation -XX:NumberOfGCLogFiles=10 -XX:GCLogFileSize=1M -XX:+HeapDumpOnOutOfMemoryError -XX:HeapDumpPath=artifacts/heapdump', 'drpc.queue.size': 128, 'supervisor.blobstore.class': 'org.apache.storm.blobstore.NimbusBlobStore', 'topology.multilang.serializer': 'org.apache.storm.multilang.JsonSerializer', 'storm.zookeeper.retry.times': 5, 'topology.disable.loadaware': False, 'supervisor.run.worker.as.user': False, 'storm.blobstore.replication.factor': 3, 'worker.profiler.childopts': '-XX:+UnlockCommercialFeatures -XX:+FlightRecorder', 'nimbus.thrift.threads': 64, 'nimbus.monitor.freq.secs': 10, 'storm.blobstore.inputstream.buffer.size.bytes': 65536, 'dev.zookeeper.path': '/tmp/dev-storm-zookeeper', 'topology.users': [], 'storm.daemon.metrics.reporter.plugins': ['org.apache.storm.daemon.metrics.reporters.JmxPreparableReporter'], 'storm.exhibitor.poll.uripath': '/exhibitor/v1/cluster/list', 'pacemaker.max.threads': 50, 'drpc.https.keystore.type': 'JKS', 'topology.tasks': None, 'storm.zookeeper.root': '/storm', 'logviewer.childopts': '-Xmx128m', 'topology.max.replication.wait.time.sec': 60, 'worker.gc.childopts': '', 'backpressure.disruptor.low.watermark': 0.4, 'storm.meta.serialization.delegate': 'org.apache.storm.serialization.GzipThriftSerializationDelegate', 'transactional.zookeeper.port': None, 'drpc.max_buffer_size': 1048576, 'topology.worker.childopts': None, 'storm.auth.simple-white-list.users': [], 'topology.max.spout.pending': None, 'nimbus.topology.validator': 'org.apache.storm.nimbus.DefaultTopologyValidator', 'topology.kryo.register': None, 'petrel.host': 'localhost', 'client.blobstore.class': 'org.apache.storm.blobstore.NimbusBlobStore', 'nimbus.cleanup.inbox.freq.secs': 600, 'storm.nimbus.retry.intervalceiling.millis': 60000, 'storm.network.topography.plugin': 'org.apache.storm.networktopography.DefaultRackDNSToSwitchMapping', 'storm.messaging.netty.min_wait_ms': 100, 'nimbus.task.timeout.secs': 30, 'topology.disruptor.batch.timeout.millis': 1, 'topology.state.checkpoint.interval.ms': 1000, 'ui.header.buffer.bytes': 4096, 'nimbus.thrift.max_buffer_size': 1048576, 'ui.http.creds.plugin': 'org.apache.storm.security.auth.DefaultHttpCredentialsPlugin', 'topology.sleep.spout.wait.strategy.time.ms': 1, 'nimbus.blobstore.expiration.secs': 600, 'storm.cluster.mode': 'distributed', 'storm.messaging.netty.socket.backlog': 500, 'worker.profiler.enabled': False, 'nimbus.queue.size': 100000, 'logviewer.appender.name': 'A1', 'drpc.authorizer.acl.strict': False, 'ui.port': 8080, 'supervisor.slots.ports': [6700, 6701, 6702, 6703], 'worker.log.level.reset.poll.secs': 30, 'storm.nimbus.retry.interval.millis': 2000, 'drpc.invocations.port': 3773, 'supervisor.monitor.frequency.secs': 3, 'ui.childopts': '-Xmx768m', 'transactional.zookeeper.servers': None, 'storm.log4j2.conf.dir': 'log4j2', 'supervisor.supervisors': [], 'zmq.linger.millis': 5000, 'topology.error.throttle.interval.secs': 10, 'storm.health.check.dir': 'healthchecks', 'topology.executor.receive.buffer.size': 1024, 'nimbus.impersonation.authorizer': 'org.apache.storm.security.auth.authorizer.ImpersonationAuthorizer', 'topology.submitter.principal': '', 'topology.worker.max.heap.size.mb': 768.0, 'topology.spout.wait.strategy': 'org.apache.storm.spout.SleepSpoutWaitStrategy', 'task.heartbeat.frequency.secs': 3, 'topology.transfer.buffer.size': 1024, 'storm.zookeeper.session.timeout': 20000, 'topology.testing.always.try.serialize': False, 'nimbus.blobstore.class': 'org.apache.storm.blobstore.LocalFsBlobStore', 'topology.stats.sample.rate': 0.05, 'topology.fall.back.on.java.serialization': True, 'storm.exhibitor.port': 8080, 'storm.zookeeper.auth.password': None, 'supervisor.childopts': '-Xmx256m', 'topology.backpressure.enable': True, 'pacemaker.port': 6699, 'topology.enable.message.timeouts': True, 'nimbus.code.sync.freq.secs': 120, 'backpressure.disruptor.high.watermark': 0.9, 'storm.messaging.netty.max_wait_ms': 1000, 'topology.worker.receiver.thread.count': 1, 'topology.component.resources.onheap.memory.mb': 128.0, 'resource.aware.scheduler.priority.strategy': 'org.apache.storm.scheduler.resource.strategies.priority.DefaultSchedulingPriorityStrategy', 'nimbus.supervisor.timeout.secs': 60, 'pacemaker.auth.method': 'NONE', 'drpc.https.port': -1, 'nimbus.inbox.jar.expiration.secs': 3600, 'scheduler.display.resource': False, 'topology.kryo.factory': 'org.apache.storm.serialization.DefaultKryoFactory', 'storm.zookeeper.retry.interval': 1000, 'supervisor.supervisors.commands': [], 'supervisor.localizer.cleanup.interval.ms': 600000, 'storm.messaging.netty.max_retries': 300, 'task.credentials.poll.secs': 30, 'drpc.http.port': 3774, 'storm.messaging.transport': 'org.apache.storm.messaging.netty.Context', 'supervisor.enable': True, 'nimbus.task.launch.secs': 120, 'supervisor.blobstore.download.thread.count': 5, 'topology.message.timeout.secs': 30, 'oauth.acess_token_secret': 'IiNOTfgE3tEZvW2HDQhRKPMoOLU43NXJCXk8maj51SdAT', 'storm.messaging.netty.authentication': False, 'petrel.user': 'pipe', 'drpc.port': 3772, 'storm.messaging.netty.buffer_size': 5242880, 'topology.state.synchronization.timeout.secs': 60, 'worker.heap.memory.mb': 768, 'topology.name': 'spam', 'topology.priority': 29, 'supervisor.worker.timeout.secs': 30, 'ui.filter': None, 'topology.trident.batch.emit.interval.millis': 500, 'topology.max.task.parallelism': None, 'supervisor.cpu.capacity': 400.0, 'topology.submitter.user': 'root', 'logviewer.max.per.worker.logs.size.mb': 2048, 'nimbus.host': 'localhost', 'topology.builtin.metrics.bucket.size.secs': 60, 'topology.component.cpu.pcore.percent': 10.0, 'ui.users': None, 'storm.thrift.transport': 'org.apache.storm.security.auth.SimpleTransportPlugin', 'logs.users': None, 'logviewer.port': 8000, 'oauth.consumer_key': 'eaFmBSxUveRJfmyZYeabti9Q9', 'topology.kryo.decorators': [], 'topology.debug': False, 'storm.zookeeper.auth.user': None}, 'context': {'task->component': {'11': '__acker', '10': 'WordDivider', '1': 'CountThreeWords', '3': 'CountTwoWords', '2': 'CountThreeWords', '5': 'CountWord', '4': 'CountTwoWords', '7': 'KafkaConsumer', '6': 'CountWord', '9': 'TwoWordDivider', '8': 'ThreeWordDivider'}, 'stream->target->grouping': {'default': {'WordDivider': {'type': 'SHUFFLE'}, 'ThreeWordDivider': {'type': 'SHUFFLE'}, 'TwoWordDivider': {'type': 'SHUFFLE'}}}, 'source->stream->fields': {}, 'streams': ['default'], 'stream->outputfields': {'default': ['sentence', 'user']}, 'taskid': 7, 'source->stream->grouping': {}, 'componentid': 'KafkaConsumer'}}
[2016-09-14 21:28:21,230][storm][INFO]Task sent pid to Storm
[2016-09-14 21:28:21,397][kafka.conn][INFO]Broker version identifed as 0.10
[2016-09-14 21:28:21,397][kafka.conn][INFO]Set configuration api_version=(0, 10) to skip auto check_version requests on startup
[2016-09-14 21:28:21,399][kafka.consumer.subscription_state][INFO]Updating subscribed topics to: ['spamtopic']
[2016-09-14 21:28:21,401][kafka.cluster][INFO]Group coordinator for kafka-python-default-group is BrokerMetadata(nodeId=0, host=u'localhost', port=9092, rack=None)
[2016-09-14 21:28:21,401][kafka.coordinator][INFO]Discovered coordinator 0 for group kafka-python-default-group
[2016-09-14 21:28:21,401][kafka.coordinator.consumer][INFO]Revoking previously assigned partitions set([]) for group kafka-python-default-group
[2016-09-14 21:28:21,401][kafka.coordinator][INFO](Re-)joining group kafka-python-default-group
[2016-09-14 21:28:41,503][kafka.coordinator][INFO]Joined group 'kafka-python-default-group' (generation 2698) with member_id kafka-python-1.3.1-2111b14b-fc3f-4652-bf52-6acbd4d14230
[2016-09-14 21:28:41,507][kafka.coordinator][INFO]Successfully joined group kafka-python-default-group with generation 2698
[2016-09-14 21:28:41,507][kafka.consumer.subscription_state][INFO]Updated partition assignment: [TopicPartition(topic=u'spamtopic', partition=0)]
[2016-09-14 21:28:41,508][kafka.coordinator.consumer][INFO]Setting newly assigned partitions set([TopicPartition(topic=u'spamtopic', partition=0)]) for group kafka-python-default-group
[2016-09-14 21:28:44,535][kafka.coordinator][WARNING]Heartbeat failed for group kafka-python-default-group because it is rebalancing
[2016-09-14 21:28:44,535][kafka.coordinator][WARNING]Heartbeat failed ([Error 27] RebalanceInProgressError: ); retrying
[2016-09-14 21:28:44,636][kafka.coordinator][INFO]Skipping heartbeat: no auto-assignment or waiting on rebalance
[2016-09-14 21:28:45,037][kafka.coordinator.consumer][INFO]Revoking previously assigned partitions set([TopicPartition(topic=u'spamtopic', partition=0)]) for group kafka-python-default-group
[2016-09-14 21:28:45,037][kafka.coordinator][INFO](Re-)joining group kafka-python-default-group
[2016-09-14 21:28:45,038][kafka.coordinator][INFO]Joined group 'kafka-python-default-group' (generation 2699) with member_id kafka-python-1.3.1-2111b14b-fc3f-4652-bf52-6acbd4d14230
[2016-09-14 21:28:45,040][kafka.coordinator][INFO]Successfully joined group kafka-python-default-group with generation 2699
[2016-09-14 21:28:45,040][kafka.consumer.subscription_state][INFO]Updated partition assignment: [TopicPartition(topic=u'spamtopic', partition=0)]
[2016-09-14 21:28:45,040][kafka.coordinator.consumer][INFO]Setting newly assigned partitions set([TopicPartition(topic=u'spamtopic', partition=0)]) for group kafka-python-default-group
[2016-09-14 21:28:48,048][kafka.coordinator][WARNING]Heartbeat failed for group kafka-python-default-group because it is rebalancing
[2016-09-14 21:28:48,048][kafka.coordinator][WARNING]Heartbeat failed ([Error 27] RebalanceInProgressError: ); retrying
[2016-09-14 21:28:48,150][kafka.coordinator][INFO]Skipping heartbeat: no auto-assignment or waiting on rebalance
[2016-09-14 21:28:48,555][kafka.coordinator.consumer][INFO]Revoking previously assigned partitions set([TopicPartition(topic=u'spamtopic', partition=0)]) for group kafka-python-default-group
[2016-09-14 21:28:48,556][kafka.coordinator][INFO](Re-)joining group kafka-python-default-group
[2016-09-14 21:28:48,556][kafka.coordinator][INFO]Joined group 'kafka-python-default-group' (generation 2700) with member_id kafka-python-1.3.1-2111b14b-fc3f-4652-bf52-6acbd4d14230
[2016-09-14 21:28:48,558][kafka.coordinator][INFO]Successfully joined group kafka-python-default-group with generation 2700
[2016-09-14 21:28:48,559][kafka.consumer.subscription_state][INFO]Updated partition assignment: [TopicPartition(topic=u'spamtopic', partition=0)]
[2016-09-14 21:28:48,559][kafka.coordinator.consumer][INFO]Setting newly assigned partitions set([TopicPartition(topic=u'spamtopic', partition=0)]) for group kafka-python-default-group
[2016-09-14 21:28:51,567][kafka.coordinator][WARNING]Heartbeat failed for group kafka-python-default-group because it is rebalancing
[2016-09-14 21:28:51,567][kafka.coordinator][WARNING]Heartbeat failed ([Error 27] RebalanceInProgressError: ); retrying
[2016-09-14 21:28:51,668][kafka.coordinator][INFO]Skipping heartbeat: no auto-assignment or waiting on rebalance
[2016-09-14 21:28:52,068][kafka.coordinator.consumer][INFO]Revoking previously assigned partitions set([TopicPartition(topic=u'spamtopic', partition=0)]) for group kafka-python-default-group
[2016-09-14 21:28:52,068][kafka.coordinator][INFO](Re-)joining group kafka-python-default-group
[2016-09-14 21:28:52,070][kafka.coordinator][INFO]Joined group 'kafka-python-default-group' (generation 2701) with member_id kafka-python-1.3.1-2111b14b-fc3f-4652-bf52-6acbd4d14230
[2016-09-14 21:28:52,071][kafka.coordinator][INFO]Successfully joined group kafka-python-default-group with generation 2701
[2016-09-14 21:28:52,071][kafka.consumer.subscription_state][INFO]Updated partition assignment: [TopicPartition(topic=u'spamtopic', partition=0)]
[2016-09-14 21:28:52,071][kafka.coordinator.consumer][INFO]Setting newly assigned partitions set([TopicPartition(topic=u'spamtopic', partition=0)]) for group kafka-python-default-group
[2016-09-14 21:28:55,081][kafka.coordinator][WARNING]Heartbeat failed for group kafka-python-default-group because it is rebalancing
[2016-09-14 21:28:55,081][kafka.coordinator][WARNING]Heartbeat failed ([Error 27] RebalanceInProgressError: ); retrying
[2016-09-14 21:28:55,182][kafka.coordinator][INFO]Skipping heartbeat: no auto-assignment or waiting on rebalance
[2016-09-14 21:28:55,582][kafka.coordinator.consumer][INFO]Revoking previously assigned partitions set([TopicPartition(topic=u'spamtopic', partition=0)]) for group kafka-python-default-group
[2016-09-14 21:28:55,583][kafka.coordinator][INFO](Re-)joining group kafka-python-default-group
[2016-09-14 21:28:55,583][kafka.coordinator][INFO]Joined group 'kafka-python-default-group' (generation 2702) with member_id kafka-python-1.3.1-2111b14b-fc3f-4652-bf52-6acbd4d14230
[2016-09-14 21:28:55,589][kafka.coordinator][INFO]Successfully joined group kafka-python-default-group with generation 2702
[2016-09-14 21:28:55,590][kafka.consumer.subscription_state][INFO]Updated partition assignment: [TopicPartition(topic=u'spamtopic', partition=0)]
[2016-09-14 21:28:55,590][kafka.coordinator.consumer][INFO]Setting newly assigned partitions set([TopicPartition(topic=u'spamtopic', partition=0)]) for group kafka-python-default-group
[2016-09-14 21:28:58,599][kafka.coordinator][WARNING]Heartbeat failed for group kafka-python-default-group because it is rebalancing
[2016-09-14 21:28:58,599][kafka.coordinator][WARNING]Heartbeat failed ([Error 27] RebalanceInProgressError: ); retrying
[2016-09-14 21:28:58,700][kafka.coordinator][INFO]Skipping heartbeat: no auto-assignment or waiting on rebalance
[2016-09-14 21:28:59,101][kafka.coordinator.consumer][INFO]Revoking previously assigned partitions set([TopicPartition(topic=u'spamtopic', partition=0)]) for group kafka-python-default-group
[2016-09-14 21:28:59,101][kafka.coordinator][INFO](Re-)joining group kafka-python-default-group
[2016-09-14 21:28:59,103][kafka.coordinator][INFO]Joined group 'kafka-python-default-group' (generation 2703) with member_id kafka-python-1.3.1-2111b14b-fc3f-4652-bf52-6acbd4d14230
[2016-09-14 21:28:59,104][kafka.coordinator][INFO]Successfully joined group kafka-python-default-group with generation 2703
[2016-09-14 21:28:59,104][kafka.consumer.subscription_state][INFO]Updated partition assignment: [TopicPartition(topic=u'spamtopic', partition=0)]
[2016-09-14 21:28:59,104][kafka.coordinator.consumer][INFO]Setting newly assigned partitions set([TopicPartition(topic=u'spamtopic', partition=0)]) for group kafka-python-default-group
[2016-09-14 21:29:02,112][kafka.coordinator][WARNING]Heartbeat failed for group kafka-python-default-group because it is rebalancing
[2016-09-14 21:29:02,112][kafka.coordinator][WARNING]Heartbeat failed ([Error 27] RebalanceInProgressError: ); retrying
[2016-09-14 21:29:02,212][kafka.coordinator][INFO]Skipping heartbeat: no auto-assignment or waiting on rebalance
[2016-09-14 21:29:02,613][kafka.coordinator.consumer][INFO]Revoking previously assigned partitions set([TopicPartition(topic=u'spamtopic', partition=0)]) for group kafka-python-default-group
[2016-09-14 21:29:02,613][kafka.coordinator][INFO](Re-)joining group kafka-python-default-group
[2016-09-14 21:29:02,614][kafka.coordinator][INFO]Joined group 'kafka-python-default-group' (generation 2704) with member_id kafka-python-1.3.1-2111b14b-fc3f-4652-bf52-6acbd4d14230
[2016-09-14 21:29:02,616][kafka.coordinator][INFO]Successfully joined group kafka-python-default-group with generation 2704
[2016-09-14 21:29:02,616][kafka.consumer.subscription_state][INFO]Updated partition assignment: [TopicPartition(topic=u'spamtopic', partition=0)]
[2016-09-14 21:29:02,616][kafka.coordinator.consumer][INFO]Setting newly assigned partitions set([TopicPartition(topic=u'spamtopic', partition=0)]) for group kafka-python-default-group
[2016-09-14 21:29:05,623][kafka.coordinator][WARNING]Heartbeat failed for group kafka-python-default-group because it is rebalancing
[2016-09-14 21:29:05,623][kafka.coordinator][WARNING]Heartbeat failed ([Error 27] RebalanceInProgressError: ); retrying
[2016-09-14 21:29:05,724][kafka.coordinator][INFO]Skipping heartbeat: no auto-assignment or waiting on rebalance
[2016-09-14 21:29:06,126][kafka.coordinator.consumer][INFO]Revoking previously assigned partitions set([TopicPartition(topic=u'spamtopic', partition=0)]) for group kafka-python-default-group
[2016-09-14 21:29:06,127][kafka.coordinator][INFO](Re-)joining group kafka-python-default-group
[2016-09-14 21:29:06,129][kafka.coordinator][INFO]Joined group 'kafka-python-default-group' (generation 2705) with member_id kafka-python-1.3.1-2111b14b-fc3f-4652-bf52-6acbd4d14230
[2016-09-14 21:29:06,130][kafka.coordinator][INFO]Successfully joined group kafka-python-default-group with generation 2705
[2016-09-14 21:29:06,130][kafka.consumer.subscription_state][INFO]Updated partition assignment: [TopicPartition(topic=u'spamtopic', partition=0)]
[2016-09-14 21:29:06,130][kafka.coordinator.consumer][INFO]Setting newly assigned partitions set([TopicPartition(topic=u'spamtopic', partition=0)]) for group kafka-python-default-group
[2016-09-14 21:29:09,136][kafka.coordinator][WARNING]Heartbeat failed for group kafka-python-default-group because it is rebalancing
[2016-09-14 21:29:09,136][kafka.coordinator][WARNING]Heartbeat failed ([Error 27] RebalanceInProgressError: ); retrying
[2016-09-14 21:29:09,237][kafka.coordinator][INFO]Skipping heartbeat: no auto-assignment or waiting on rebalance
[2016-09-14 21:29:09,637][kafka.coordinator.consumer][INFO]Revoking previously assigned partitions set([TopicPartition(topic=u'spamtopic', partition=0)]) for group kafka-python-default-group
[2016-09-14 21:29:09,638][kafka.coordinator][INFO](Re-)joining group kafka-python-default-group
[2016-09-14 21:29:09,638][kafka.coordinator][INFO]Joined group 'kafka-python-default-group' (generation 2706) with member_id kafka-python-1.3.1-2111b14b-fc3f-4652-bf52-6acbd4d14230
[2016-09-14 21:29:09,640][kafka.coordinator][INFO]Successfully joined group kafka-python-default-group with generation 2706
[2016-09-14 21:29:09,640][kafka.consumer.subscription_state][INFO]Updated partition assignment: [TopicPartition(topic=u'spamtopic', partition=0)]
[2016-09-14 21:29:09,641][kafka.coordinator.consumer][INFO]Setting newly assigned partitions set([TopicPartition(topic=u'spamtopic', partition=0)]) for group kafka-python-default-group
[2016-09-14 21:29:12,649][kafka.coordinator][WARNING]Heartbeat failed for group kafka-python-default-group because it is rebalancing
[2016-09-14 21:29:12,741][kafka.coordinator][WARNING]Heartbeat failed ([Error 27] RebalanceInProgressError: ); retrying
[2016-09-14 21:29:12,842][kafka.coordinator][INFO]Skipping heartbeat: no auto-assignment or waiting on rebalance
[2016-09-14 21:29:13,243][kafka.coordinator.consumer][INFO]Revoking previously assigned partitions set([TopicPartition(topic=u'spamtopic', partition=0)]) for group kafka-python-default-group
[2016-09-14 21:29:13,243][kafka.coordinator][INFO](Re-)joining group kafka-python-default-group
[2016-09-14 21:29:13,244][kafka.coordinator][INFO]Joined group 'kafka-python-default-group' (generation 2707) with member_id kafka-python-1.3.1-2111b14b-fc3f-4652-bf52-6acbd4d14230
[2016-09-14 21:29:13,245][kafka.coordinator][INFO]Successfully joined group kafka-python-default-group with generation 2707
[2016-09-14 21:29:13,246][kafka.consumer.subscription_state][INFO]Updated partition assignment: [TopicPartition(topic=u'spamtopic', partition=0)]
[2016-09-14 21:29:13,246][kafka.coordinator.consumer][INFO]Setting newly assigned partitions set([TopicPartition(topic=u'spamtopic', partition=0)]) for group kafka-python-default-group
[2016-09-14 21:29:16,254][kafka.coordinator][WARNING]Heartbeat failed for group kafka-python-default-group because it is rebalancing
[2016-09-14 21:29:16,254][kafka.coordinator][WARNING]Heartbeat failed ([Error 27] RebalanceInProgressError: ); retrying
[2016-09-14 21:29:16,355][kafka.coordinator][INFO]Skipping heartbeat: no auto-assignment or waiting on rebalance
[2016-09-14 21:29:16,756][kafka.coordinator.consumer][INFO]Revoking previously assigned partitions set([TopicPartition(topic=u'spamtopic', partition=0)]) for group kafka-python-default-group
[2016-09-14 21:29:16,756][kafka.coordinator][INFO](Re-)joining group kafka-python-default-group
[2016-09-14 21:29:16,757][kafka.coordinator][INFO]Joined group 'kafka-python-default-group' (generation 2708) with member_id kafka-python-1.3.1-2111b14b-fc3f-4652-bf52-6acbd4d14230
[2016-09-14 21:29:16,758][kafka.coordinator][INFO]Successfully joined group kafka-python-default-group with generation 2708
[2016-09-14 21:29:16,758][kafka.consumer.subscription_state][INFO]Updated partition assignment: [TopicPartition(topic=u'spamtopic', partition=0)]
[2016-09-14 21:29:16,758][kafka.coordinator.consumer][INFO]Setting newly assigned partitions set([TopicPartition(topic=u'spamtopic', partition=0)]) for group kafka-python-default-group
[2016-09-14 21:29:19,766][kafka.coordinator][WARNING]Heartbeat failed for group kafka-python-default-group because it is rebalancing
[2016-09-14 21:29:19,766][kafka.coordinator][WARNING]Heartbeat failed ([Error 27] RebalanceInProgressError: ); retrying
[2016-09-14 21:29:19,867][kafka.coordinator][INFO]Skipping heartbeat: no auto-assignment or waiting on rebalance
[2016-09-14 21:29:20,267][kafka.coordinator.consumer][INFO]Revoking previously assigned partitions set([TopicPartition(topic=u'spamtopic', partition=0)]) for group kafka-python-default-group
[2016-09-14 21:29:20,267][kafka.coordinator][INFO](Re-)joining group kafka-python-default-group
[2016-09-14 21:29:20,268][kafka.coordinator][INFO]Joined group 'kafka-python-default-group' (generation 2709) with member_id kafka-python-1.3.1-2111b14b-fc3f-4652-bf52-6acbd4d14230
[2016-09-14 21:29:20,269][kafka.coordinator][INFO]Successfully joined group kafka-python-default-group with generation 2709
[2016-09-14 21:29:20,269][kafka.consumer.subscription_state][INFO]Updated partition assignment: [TopicPartition(topic=u'spamtopic', partition=0)]
[2016-09-14 21:29:20,269][kafka.coordinator.consumer][INFO]Setting newly assigned partitions set([TopicPartition(topic=u'spamtopic', partition=0)]) for group kafka-python-default-group
[2016-09-14 21:29:23,277][kafka.coordinator][WARNING]Heartbeat failed for group kafka-python-default-group because it is rebalancing
[2016-09-14 21:29:23,277][kafka.coordinator][WARNING]Heartbeat failed ([Error 27] RebalanceInProgressError: ); retrying
[2016-09-14 21:29:23,378][kafka.coordinator][INFO]Skipping heartbeat: no auto-assignment or waiting on rebalance
[2016-09-14 21:29:23,779][kafka.coordinator.consumer][INFO]Revoking previously assigned partitions set([TopicPartition(topic=u'spamtopic', partition=0)]) for group kafka-python-default-group
[2016-09-14 21:29:23,779][kafka.coordinator][INFO](Re-)joining group kafka-python-default-group
[2016-09-14 21:29:23,781][kafka.coordinator][INFO]Joined group 'kafka-python-default-group' (generation 2710) with member_id kafka-python-1.3.1-2111b14b-fc3f-4652-bf52-6acbd4d14230
[2016-09-14 21:29:23,783][kafka.coordinator][INFO]Successfully joined group kafka-python-default-group with generation 2710
[2016-09-14 21:29:23,783][kafka.consumer.subscription_state][INFO]Updated partition assignment: [TopicPartition(topic=u'spamtopic', partition=0)]
[2016-09-14 21:29:23,783][kafka.coordinator.consumer][INFO]Setting newly assigned partitions set([TopicPartition(topic=u'spamtopic', partition=0)]) for group kafka-python-default-group
[2016-09-14 21:29:26,790][kafka.coordinator][WARNING]Heartbeat failed for group kafka-python-default-group because it is rebalancing
[2016-09-14 21:29:26,791][kafka.coordinator][WARNING]Heartbeat failed ([Error 27] RebalanceInProgressError: ); retrying
[2016-09-14 21:29:26,891][kafka.coordinator][INFO]Skipping heartbeat: no auto-assignment or waiting on rebalance
[2016-09-14 21:29:27,292][kafka.coordinator.consumer][INFO]Revoking previously assigned partitions set([TopicPartition(topic=u'spamtopic', partition=0)]) for group kafka-python-default-group
[2016-09-14 21:29:27,292][kafka.coordinator][INFO](Re-)joining group kafka-python-default-group
[2016-09-14 21:29:27,293][kafka.coordinator][INFO]Joined group 'kafka-python-default-group' (generation 2711) with member_id kafka-python-1.3.1-2111b14b-fc3f-4652-bf52-6acbd4d14230
[2016-09-14 21:29:27,296][kafka.coordinator][INFO]Successfully joined group kafka-python-default-group with generation 2711
[2016-09-14 21:29:27,296][kafka.consumer.subscription_state][INFO]Updated partition assignment: [TopicPartition(topic=u'spamtopic', partition=0)]
[2016-09-14 21:29:27,296][kafka.coordinator.consumer][INFO]Setting newly assigned partitions set([TopicPartition(topic=u'spamtopic', partition=0)]) for group kafka-python-default-group
[2016-09-14 21:29:30,305][kafka.coordinator][WARNING]Heartbeat failed for group kafka-python-default-group because it is rebalancing
[2016-09-14 21:29:30,305][kafka.coordinator][WARNING]Heartbeat failed ([Error 27] RebalanceInProgressError: ); retrying
[2016-09-14 21:29:30,406][kafka.coordinator][INFO]Skipping heartbeat: no auto-assignment or waiting on rebalance
[2016-09-14 21:29:30,808][kafka.coordinator.consumer][INFO]Revoking previously assigned partitions set([TopicPartition(topic=u'spamtopic', partition=0)]) for group kafka-python-default-group
[2016-09-14 21:29:30,808][kafka.coordinator][INFO](Re-)joining group kafka-python-default-group
[2016-09-14 21:29:30,809][kafka.coordinator][INFO]Joined group 'kafka-python-default-group' (generation 2712) with member_id kafka-python-1.3.1-2111b14b-fc3f-4652-bf52-6acbd4d14230
[2016-09-14 21:29:30,811][kafka.coordinator][INFO]Successfully joined group kafka-python-default-group with generation 2712
[2016-09-14 21:29:30,811][kafka.consumer.subscription_state][INFO]Updated partition assignment: [TopicPartition(topic=u'spamtopic', partition=0)]
[2016-09-14 21:29:30,812][kafka.coordinator.consumer][INFO]Setting newly assigned partitions set([TopicPartition(topic=u'spamtopic', partition=0)]) for group kafka-python-default-group
[2016-09-14 21:29:33,818][kafka.coordinator][WARNING]Heartbeat failed for group kafka-python-default-group because it is rebalancing
[2016-09-14 21:29:33,818][kafka.coordinator][WARNING]Heartbeat failed ([Error 27] RebalanceInProgressError: ); retrying
[2016-09-14 21:29:33,918][kafka.coordinator][INFO]Skipping heartbeat: no auto-assignment or waiting on rebalance
[2016-09-14 21:29:34,319][kafka.coordinator.consumer][INFO]Revoking previously assigned partitions set([TopicPartition(topic=u'spamtopic', partition=0)]) for group kafka-python-default-group
[2016-09-14 21:29:34,320][kafka.coordinator][INFO](Re-)joining group kafka-python-default-group
[2016-09-14 21:29:34,320][kafka.coordinator][INFO]Joined group 'kafka-python-default-group' (generation 2713) with member_id kafka-python-1.3.1-2111b14b-fc3f-4652-bf52-6acbd4d14230
[2016-09-14 21:29:34,322][kafka.coordinator][INFO]Successfully joined group kafka-python-default-group with generation 2713
[2016-09-14 21:29:34,323][kafka.consumer.subscription_state][INFO]Updated partition assignment: [TopicPartition(topic=u'spamtopic', partition=0)]
[2016-09-14 21:29:34,324][kafka.coordinator.consumer][INFO]Setting newly assigned partitions set([TopicPartition(topic=u'spamtopic', partition=0)]) for group kafka-python-default-group
[2016-09-14 21:29:37,331][kafka.coordinator][WARNING]Heartbeat failed for group kafka-python-default-group because it is rebalancing
[2016-09-14 21:29:37,331][kafka.coordinator][WARNING]Heartbeat failed ([Error 27] RebalanceInProgressError: ); retrying
[2016-09-14 21:29:37,432][kafka.coordinator][INFO]Skipping heartbeat: no auto-assignment or waiting on rebalance
[2016-09-14 21:29:37,833][kafka.coordinator.consumer][INFO]Revoking previously assigned partitions set([TopicPartition(topic=u'spamtopic', partition=0)]) for group kafka-python-default-group
[2016-09-14 21:29:37,834][kafka.coordinator][INFO](Re-)joining group kafka-python-default-group
[2016-09-14 21:29:37,834][kafka.coordinator][INFO]Joined group 'kafka-python-default-group' (generation 2714) with member_id kafka-python-1.3.1-2111b14b-fc3f-4652-bf52-6acbd4d14230
[2016-09-14 21:29:37,836][kafka.coordinator][INFO]Successfully joined group kafka-python-default-group with generation 2714
[2016-09-14 21:29:37,837][kafka.consumer.subscription_state][INFO]Updated partition assignment: [TopicPartition(topic=u'spamtopic', partition=0)]
[2016-09-14 21:29:37,837][kafka.coordinator.consumer][INFO]Setting newly assigned partitions set([TopicPartition(topic=u'spamtopic', partition=0)]) for group kafka-python-default-group
[2016-09-14 21:29:40,842][kafka.coordinator][WARNING]Heartbeat failed for group kafka-python-default-group because it is rebalancing
[2016-09-14 21:29:40,842][kafka.coordinator][WARNING]Heartbeat failed ([Error 27] RebalanceInProgressError: ); retrying
[2016-09-14 21:29:40,943][kafka.coordinator][INFO]Skipping heartbeat: no auto-assignment or waiting on rebalance
[2016-09-14 21:29:41,343][kafka.coordinator.consumer][INFO]Revoking previously assigned partitions set([TopicPartition(topic=u'spamtopic', partition=0)]) for group kafka-python-default-group
[2016-09-14 21:29:41,343][kafka.coordinator][INFO](Re-)joining group kafka-python-default-group
[2016-09-14 21:29:41,344][kafka.coordinator][INFO]Joined group 'kafka-python-default-group' (generation 2715) with member_id kafka-python-1.3.1-2111b14b-fc3f-4652-bf52-6acbd4d14230
[2016-09-14 21:29:41,346][kafka.coordinator][INFO]Successfully joined group kafka-python-default-group with generation 2715
[2016-09-14 21:29:41,346][kafka.consumer.subscription_state][INFO]Updated partition assignment: [TopicPartition(topic=u'spamtopic', partition=0)]
[2016-09-14 21:29:41,346][kafka.coordinator.consumer][INFO]Setting newly assigned partitions set([TopicPartition(topic=u'spamtopic', partition=0)]) for group kafka-python-default-group
[2016-09-14 21:29:44,357][kafka.coordinator][WARNING]Heartbeat failed for group kafka-python-default-group because it is rebalancing
[2016-09-14 21:29:44,357][kafka.coordinator][WARNING]Heartbeat failed ([Error 27] RebalanceInProgressError: ); retrying
[2016-09-14 21:29:44,458][kafka.coordinator][INFO]Skipping heartbeat: no auto-assignment or waiting on rebalance
[2016-09-14 21:29:44,858][kafka.coordinator.consumer][INFO]Revoking previously assigned partitions set([TopicPartition(topic=u'spamtopic', partition=0)]) for group kafka-python-default-group
[2016-09-14 21:29:44,858][kafka.coordinator][INFO](Re-)joining group kafka-python-default-group
[2016-09-14 21:29:44,860][kafka.coordinator][INFO]Joined group 'kafka-python-default-group' (generation 2716) with member_id kafka-python-1.3.1-2111b14b-fc3f-4652-bf52-6acbd4d14230
[2016-09-14 21:29:44,861][kafka.coordinator][INFO]Successfully joined group kafka-python-default-group with generation 2716
[2016-09-14 21:29:44,861][kafka.consumer.subscription_state][INFO]Updated partition assignment: [TopicPartition(topic=u'spamtopic', partition=0)]
[2016-09-14 21:29:44,861][kafka.coordinator.consumer][INFO]Setting newly assigned partitions set([TopicPartition(topic=u'spamtopic', partition=0)]) for group kafka-python-default-group
[2016-09-14 21:29:47,868][kafka.coordinator][WARNING]Heartbeat failed for group kafka-python-default-group because it is rebalancing
[2016-09-14 21:29:47,868][kafka.coordinator][WARNING]Heartbeat failed ([Error 27] RebalanceInProgressError: ); retrying
[2016-09-14 21:29:47,969][kafka.coordinator][INFO]Skipping heartbeat: no auto-assignment or waiting on rebalance
[2016-09-14 21:29:48,368][kafka.coordinator.consumer][INFO]Revoking previously assigned partitions set([TopicPartition(topic=u'spamtopic', partition=0)]) for group kafka-python-default-group
[2016-09-14 21:29:48,369][kafka.coordinator][INFO](Re-)joining group kafka-python-default-group
[2016-09-14 21:29:48,369][kafka.coordinator][INFO]Joined group 'kafka-python-default-group' (generation 2717) with member_id kafka-python-1.3.1-2111b14b-fc3f-4652-bf52-6acbd4d14230
[2016-09-14 21:29:48,371][kafka.coordinator][INFO]Successfully joined group kafka-python-default-group with generation 2717
[2016-09-14 21:29:48,371][kafka.consumer.subscription_state][INFO]Updated partition assignment: [TopicPartition(topic=u'spamtopic', partition=0)]
[2016-09-14 21:29:48,371][kafka.coordinator.consumer][INFO]Setting newly assigned partitions set([TopicPartition(topic=u'spamtopic', partition=0)]) for group kafka-python-default-group
[2016-09-14 21:29:51,379][kafka.coordinator][WARNING]Heartbeat failed for group kafka-python-default-group because it is rebalancing
[2016-09-14 21:29:51,379][kafka.coordinator][WARNING]Heartbeat failed ([Error 27] RebalanceInProgressError: ); retrying
[2016-09-14 21:29:51,480][kafka.coordinator][INFO]Skipping heartbeat: no auto-assignment or waiting on rebalance
[2016-09-14 21:29:51,881][kafka.coordinator.consumer][INFO]Revoking previously assigned partitions set([TopicPartition(topic=u'spamtopic', partition=0)]) for group kafka-python-default-group
[2016-09-14 21:29:51,881][kafka.coordinator][INFO](Re-)joining group kafka-python-default-group
[2016-09-14 21:29:51,883][kafka.coordinator][INFO]Joined group 'kafka-python-default-group' (generation 2718) with member_id kafka-python-1.3.1-2111b14b-fc3f-4652-bf52-6acbd4d14230
[2016-09-14 21:29:51,884][kafka.coordinator][INFO]Successfully joined group kafka-python-default-group with generation 2718
[2016-09-14 21:29:51,886][kafka.consumer.subscription_state][INFO]Updated partition assignment: [TopicPartition(topic=u'spamtopic', partition=0)]
[2016-09-14 21:29:51,886][kafka.coordinator.consumer][INFO]Setting newly assigned partitions set([TopicPartition(topic=u'spamtopic', partition=0)]) for group kafka-python-default-group
[2016-09-14 21:29:54,893][kafka.coordinator][WARNING]Heartbeat failed for group kafka-python-default-group because it is rebalancing
[2016-09-14 21:29:54,893][kafka.coordinator][WARNING]Heartbeat failed ([Error 27] RebalanceInProgressError: ); retrying
[2016-09-14 21:29:54,994][kafka.coordinator][INFO]Skipping heartbeat: no auto-assignment or waiting on rebalance
[2016-09-14 21:29:55,394][kafka.coordinator.consumer][INFO]Revoking previously assigned partitions set([TopicPartition(topic=u'spamtopic', partition=0)]) for group kafka-python-default-group
[2016-09-14 21:29:55,394][kafka.coordinator][INFO](Re-)joining group kafka-python-default-group
[2016-09-14 21:29:55,395][kafka.coordinator][INFO]Joined group 'kafka-python-default-group' (generation 2719) with member_id kafka-python-1.3.1-2111b14b-fc3f-4652-bf52-6acbd4d14230
[2016-09-14 21:29:55,396][kafka.coordinator][INFO]Successfully joined group kafka-python-default-group with generation 2719
[2016-09-14 21:29:55,396][kafka.consumer.subscription_state][INFO]Updated partition assignment: [TopicPartition(topic=u'spamtopic', partition=0)]
[2016-09-14 21:29:55,397][kafka.coordinator.consumer][INFO]Setting newly assigned partitions set([TopicPartition(topic=u'spamtopic', partition=0)]) for group kafka-python-default-group
[2016-09-14 21:29:58,404][kafka.coordinator][WARNING]Heartbeat failed for group kafka-python-default-group because it is rebalancing
[2016-09-14 21:29:58,404][kafka.coordinator][WARNING]Heartbeat failed ([Error 27] RebalanceInProgressError: ); retrying
[2016-09-14 21:29:58,505][kafka.coordinator][INFO]Skipping heartbeat: no auto-assignment or waiting on rebalance
[2016-09-14 21:29:58,906][kafka.coordinator.consumer][INFO]Revoking previously assigned partitions set([TopicPartition(topic=u'spamtopic', partition=0)]) for group kafka-python-default-group
[2016-09-14 21:29:58,906][kafka.coordinator][INFO](Re-)joining group kafka-python-default-group
[2016-09-14 21:29:58,906][kafka.coordinator][INFO]Joined group 'kafka-python-default-group' (generation 2720) with member_id kafka-python-1.3.1-2111b14b-fc3f-4652-bf52-6acbd4d14230
[2016-09-14 21:29:58,909][kafka.coordinator][INFO]Successfully joined group kafka-python-default-group with generation 2720
[2016-09-14 21:29:58,910][kafka.consumer.subscription_state][INFO]Updated partition assignment: [TopicPartition(topic=u'spamtopic', partition=0)]
[2016-09-14 21:29:58,912][kafka.coordinator.consumer][INFO]Setting newly assigned partitions set([TopicPartition(topic=u'spamtopic', partition=0)]) for group kafka-python-default-group
[2016-09-14 21:30:01,921][kafka.coordinator][WARNING]Heartbeat failed for group kafka-python-default-group because it is rebalancing
[2016-09-14 21:30:01,921][kafka.coordinator][WARNING]Heartbeat failed ([Error 27] RebalanceInProgressError: ); retrying
[2016-09-14 21:30:02,022][kafka.coordinator][INFO]Skipping heartbeat: no auto-assignment or waiting on rebalance
[2016-09-14 21:30:02,422][kafka.coordinator.consumer][INFO]Revoking previously assigned partitions set([TopicPartition(topic=u'spamtopic', partition=0)]) for group kafka-python-default-group
[2016-09-14 21:30:02,422][kafka.coordinator][INFO](Re-)joining group kafka-python-default-group
[2016-09-14 21:30:02,423][kafka.coordinator][INFO]Joined group 'kafka-python-default-group' (generation 2721) with member_id kafka-python-1.3.1-2111b14b-fc3f-4652-bf52-6acbd4d14230
[2016-09-14 21:30:02,424][kafka.coordinator][INFO]Successfully joined group kafka-python-default-group with generation 2721
[2016-09-14 21:30:02,424][kafka.consumer.subscription_state][INFO]Updated partition assignment: [TopicPartition(topic=u'spamtopic', partition=0)]
[2016-09-14 21:30:02,424][kafka.coordinator.consumer][INFO]Setting newly assigned partitions set([TopicPartition(topic=u'spamtopic', partition=0)]) for group kafka-python-default-group
[2016-09-14 21:30:05,433][kafka.coordinator][WARNING]Heartbeat failed for group kafka-python-default-group because it is rebalancing
[2016-09-14 21:30:05,433][kafka.coordinator][WARNING]Heartbeat failed ([Error 27] RebalanceInProgressError: ); retrying
[2016-09-14 21:30:05,534][kafka.coordinator][INFO]Skipping heartbeat: no auto-assignment or waiting on rebalance
[2016-09-14 21:30:05,935][kafka.coordinator.consumer][INFO]Revoking previously assigned partitions set([TopicPartition(topic=u'spamtopic', partition=0)]) for group kafka-python-default-group
[2016-09-14 21:30:05,935][kafka.coordinator][INFO](Re-)joining group kafka-python-default-group
[2016-09-14 21:30:05,937][kafka.coordinator][INFO]Joined group 'kafka-python-default-group' (generation 2722) with member_id kafka-python-1.3.1-2111b14b-fc3f-4652-bf52-6acbd4d14230
[2016-09-14 21:30:05,938][kafka.coordinator][INFO]Successfully joined group kafka-python-default-group with generation 2722
[2016-09-14 21:30:05,938][kafka.consumer.subscription_state][INFO]Updated partition assignment: [TopicPartition(topic=u'spamtopic', partition=0)]
[2016-09-14 21:30:05,938][kafka.coordinator.consumer][INFO]Setting newly assigned partitions set([TopicPartition(topic=u'spamtopic', partition=0)]) for group kafka-python-default-group
[2016-09-14 21:30:08,944][kafka.coordinator][WARNING]Heartbeat failed for group kafka-python-default-group because it is rebalancing
[2016-09-14 21:30:08,944][kafka.coordinator][WARNING]Heartbeat failed ([Error 27] RebalanceInProgressError: ); retrying
[2016-09-14 21:30:09,045][kafka.coordinator][INFO]Skipping heartbeat: no auto-assignment or waiting on rebalance
[2016-09-14 21:30:09,445][kafka.coordinator.consumer][INFO]Revoking previously assigned partitions set([TopicPartition(topic=u'spamtopic', partition=0)]) for group kafka-python-default-group
[2016-09-14 21:30:09,445][kafka.coordinator][INFO](Re-)joining group kafka-python-default-group
[2016-09-14 21:30:09,449][kafka.coordinator][INFO]Joined group 'kafka-python-default-group' (generation 2723) with member_id kafka-python-1.3.1-2111b14b-fc3f-4652-bf52-6acbd4d14230
[2016-09-14 21:30:09,451][kafka.coordinator][INFO]Successfully joined group kafka-python-default-group with generation 2723
[2016-09-14 21:30:09,451][kafka.consumer.subscription_state][INFO]Updated partition assignment: [TopicPartition(topic=u'spamtopic', partition=0)]
[2016-09-14 21:30:09,451][kafka.coordinator.consumer][INFO]Setting newly assigned partitions set([TopicPartition(topic=u'spamtopic', partition=0)]) for group kafka-python-default-group
[2016-09-14 21:30:12,459][kafka.coordinator][WARNING]Heartbeat failed for group kafka-python-default-group because it is rebalancing
[2016-09-14 21:30:12,459][kafka.coordinator][WARNING]Heartbeat failed ([Error 27] RebalanceInProgressError: ); retrying
[2016-09-14 21:30:12,560][kafka.coordinator][INFO]Skipping heartbeat: no auto-assignment or waiting on rebalance
[2016-09-14 21:30:12,963][kafka.coordinator.consumer][INFO]Revoking previously assigned partitions set([TopicPartition(topic=u'spamtopic', partition=0)]) for group kafka-python-default-group
[2016-09-14 21:30:12,963][kafka.coordinator][INFO](Re-)joining group kafka-python-default-group
[2016-09-14 21:30:12,970][kafka.coordinator][INFO]Joined group 'kafka-python-default-group' (generation 2724) with member_id kafka-python-1.3.1-2111b14b-fc3f-4652-bf52-6acbd4d14230
[2016-09-14 21:30:12,971][kafka.coordinator][INFO]Successfully joined group kafka-python-default-group with generation 2724
[2016-09-14 21:30:12,971][kafka.consumer.subscription_state][INFO]Updated partition assignment: [TopicPartition(topic=u'spamtopic', partition=0)]
[2016-09-14 21:30:12,972][kafka.coordinator.consumer][INFO]Setting newly assigned partitions set([TopicPartition(topic=u'spamtopic', partition=0)]) for group kafka-python-default-group
