Beginning task setup

/usr/bin/flock
Using existing venv: /tmp/petrel-spam-5-1473800596/venv
Task setup took 0 seconds
Launching: python -m petrel.run kafkaconsumer /home/pipe/topology/TopologyTweetTransformationSPAM/petrel19533_kafkaconsumer.log
/usr/local/lib/python2.7/dist-packages/petrel-1.0.1.0.3-py2.7.egg/petrel/run.py invoked with the following arguments: ['kafkaconsumer', '/home/pipe/topology/TopologyTweetTransformationSPAM/petrel19533_kafkaconsumer.log']
python version: 2.7.12
user=root
PATH=/tmp/petrel-spam-5-1473800596/venv/bin:/usr/local/sbin:/usr/local/bin:/usr/sbin:/usr/bin:/sbin:/bin:/snap/bin
LD_LIBRARY_PATH=/home/apache-storm-1.0.1/data/supervisor/stormdist/spam-5-1473800596/resources/Linux-amd64:/home/apache-storm-1.0.1/data/supervisor/stormdist/spam-5-1473800596/resources:/usr/local/lib:/opt/local/lib:/usr/lib
PYTHON_EGG_CACHE=/tmp/petrel-spam-5-1473800596/egg_cache
[2016-09-14 02:02:54,429][storm][INFO]Tuple profiling enabled. Will log tuple processing times.
[2016-09-14 02:02:54,658][storm][INFO]Task received setupInfo from Storm: {'pidDir': '/home/apache-storm-1.0.1/data/workers/6a5fb9df-3deb-4562-9f23-6e7f52e5224b/pids', 'conf': {'storm.group.mapping.service.params': None, 'topology.tuple.serializer': 'org.apache.storm.serialization.types.ListDelegateSerializer', 'topology.workers': 1, 'drpc.worker.threads': 64, 'ui.filter.params': None, 'transactional.zookeeper.root': '/transactional', 'logviewer.cleanup.age.mins': 10080, 'worker.profiler.command': 'flight.bash', 'topology.executor.send.buffer.size': 1024, 'nimbus.file.copy.expiration.secs': 600, 'oauth.acess_token': ' 702208758362087425-HZiyl1x7Bh98cQa1WLBDYylyu10Bpl7', 'drpc.childopts': '-Xmx768m', 'nimbus.thrift.port': 6627, 'topology.disruptor.wait.timeout.millis': 1000, 'storm.zookeeper.retry.intervalceiling.millis': 30000, 'storm.local.dir': '/home/apache-storm-1.0.1/data', 'storm.auth.simple-acl.users': [], 'drpc.invocations.threads': 64, 'storm.zookeeper.superACL': None, 'storm.cluster.state.store': 'org.apache.storm.cluster_state.zookeeper_state_factory', 'storm.codedistributor.class': 'org.apache.storm.codedistributor.LocalFileSystemCodeDistributor', 'drpc.https.keystore.password': '', 'supervisor.blobstore.download.max_retries': 3, 'pacemaker.kerberos.users': [], 'storm.messaging.netty.client_worker_threads': 1, 'oauth.consumer_secret': 'ADf76fi3O1lKMzBxWnjqf93l3GHv28uar3bkblkvyBrAyoA23i', 'topology.component.resources.offheap.memory.mb': 0.0, 'supervisor.heartbeat.frequency.secs': 5, 'storm.group.mapping.service.cache.duration.secs': 120, 'storm.group.mapping.service': 'org.apache.storm.security.auth.ShellBasedGroupsMapping', 'storm.workers.artifacts.dir': 'workers-artifacts', 'drpc.request.timeout.secs': 600, 'pacemaker.childopts': '-Xmx1024m', 'nimbus.seeds': ['localhost'], 'topology.shellbolt.max.pending': 100, 'topology.min.replication.count': 1, 'topology.skip.missing.kryo.registrations': False, 'worker.heartbeat.frequency.secs': 1, 'storm.auth.simple-acl.users.commands': [], 'storm.zookepeer.port': 2181, 'zmq.hwm': 0, 'topology.worker.shared.thread.pool.size': 4, 'storm.zookeeper.connection.timeout': 15000, 'java.library.path': '/usr/local/lib:/opt/local/lib:/usr/lib', 'logviewer.max.sum.worker.logs.size.mb': 4096, 'task.refresh.poll.secs': 10, 'topology.max.error.report.per.interval': 5, 'topology.worker.logwriter.childopts': '-Xmx64m', 'ui.actions.enabled': True, 'storm.health.check.timeout.ms': 5000, 'topology.scheduler.strategy': 'org.apache.storm.scheduler.resource.strategies.scheduling.DefaultResourceAwareStrategy', 'ui.host': '0.0.0.0', 'storm.messaging.netty.server_worker_threads': 1, 'topology.disruptor.batch.size': 100, 'storm.id': 'spam-5-1473800596', 'supervisor.worker.start.timeout.secs': 120, 'zmq.threads': 1, 'topology.acker.executors': None, 'pacemaker.thread.timeout': 10, 'storm.local.mode.zmq': False, 'topology.eventlogger.executors': 0, 'topology.tick.tuple.freq.secs': 30, 'supervisor.memory.capacity.mb': 3072.0, 'supervisor.worker.shutdown.sleep.secs': 1, 'pacemaker.base.threads': 10, 'drpc.http.creds.plugin': 'org.apache.storm.security.auth.DefaultHttpCredentialsPlugin', 'storm.zookeeper.servers': ['localhost'], 'supervisor.localizer.cache.target.size.mb': 10240, 'storm.messaging.netty.transfer.batch.size': 262144, 'resource.aware.scheduler.eviction.strategy': 'org.apache.storm.scheduler.resource.strategies.eviction.DefaultEvictionStrategy', 'topology.environment': None, 'storm.zookeeper.port': 2181, 'storm.auth.simple-acl.admins': [], 'pacemaker.host': 'localhost', 'nimbus.childopts': '-Xmx1024m', 'storm.principal.tolocal': 'org.apache.storm.security.auth.DefaultPrincipalToLocal', 'storm.nimbus.retry.times': 5, 'topology.classpath': None, 'drpc.authorizer.acl.filename': 'drpc-auth-acl.yaml', 'topology.bolts.outgoing.overflow.buffer.enable': False, 'nimbus.credential.renewers.freq.secs': 600, 'worker.childopts': '-Xmx%HEAP-MEM%m -XX:+PrintGCDetails -Xloggc:artifacts/gc.log -XX:+PrintGCDateStamps -XX:+PrintGCTimeStamps -XX:+UseGCLogFileRotation -XX:NumberOfGCLogFiles=10 -XX:GCLogFileSize=1M -XX:+HeapDumpOnOutOfMemoryError -XX:HeapDumpPath=artifacts/heapdump', 'drpc.queue.size': 128, 'supervisor.blobstore.class': 'org.apache.storm.blobstore.NimbusBlobStore', 'topology.multilang.serializer': 'org.apache.storm.multilang.JsonSerializer', 'storm.zookeeper.retry.times': 5, 'topology.disable.loadaware': False, 'supervisor.run.worker.as.user': False, 'storm.blobstore.replication.factor': 3, 'worker.profiler.childopts': '-XX:+UnlockCommercialFeatures -XX:+FlightRecorder', 'nimbus.thrift.threads': 64, 'nimbus.monitor.freq.secs': 10, 'storm.blobstore.inputstream.buffer.size.bytes': 65536, 'dev.zookeeper.path': '/tmp/dev-storm-zookeeper', 'topology.users': [], 'storm.daemon.metrics.reporter.plugins': ['org.apache.storm.daemon.metrics.reporters.JmxPreparableReporter'], 'storm.exhibitor.poll.uripath': '/exhibitor/v1/cluster/list', 'pacemaker.max.threads': 50, 'drpc.https.keystore.type': 'JKS', 'topology.tasks': None, 'storm.zookeeper.root': '/storm', 'logviewer.childopts': '-Xmx128m', 'topology.max.replication.wait.time.sec': 60, 'worker.gc.childopts': '', 'backpressure.disruptor.low.watermark': 0.4, 'storm.meta.serialization.delegate': 'org.apache.storm.serialization.GzipThriftSerializationDelegate', 'transactional.zookeeper.port': None, 'drpc.max_buffer_size': 1048576, 'topology.worker.childopts': None, 'storm.auth.simple-white-list.users': [], 'topology.max.spout.pending': None, 'nimbus.topology.validator': 'org.apache.storm.nimbus.DefaultTopologyValidator', 'topology.kryo.register': None, 'petrel.host': 'localhost', 'client.blobstore.class': 'org.apache.storm.blobstore.NimbusBlobStore', 'nimbus.cleanup.inbox.freq.secs': 600, 'storm.nimbus.retry.intervalceiling.millis': 60000, 'storm.network.topography.plugin': 'org.apache.storm.networktopography.DefaultRackDNSToSwitchMapping', 'storm.messaging.netty.min_wait_ms': 100, 'nimbus.task.timeout.secs': 30, 'topology.disruptor.batch.timeout.millis': 1, 'topology.state.checkpoint.interval.ms': 1000, 'ui.header.buffer.bytes': 4096, 'nimbus.thrift.max_buffer_size': 1048576, 'ui.http.creds.plugin': 'org.apache.storm.security.auth.DefaultHttpCredentialsPlugin', 'topology.sleep.spout.wait.strategy.time.ms': 1, 'nimbus.blobstore.expiration.secs': 600, 'storm.cluster.mode': 'distributed', 'storm.messaging.netty.socket.backlog': 500, 'worker.profiler.enabled': False, 'nimbus.queue.size': 100000, 'logviewer.appender.name': 'A1', 'drpc.authorizer.acl.strict': False, 'ui.port': 8080, 'supervisor.slots.ports': [6700, 6701, 6702, 6703], 'worker.log.level.reset.poll.secs': 30, 'storm.nimbus.retry.interval.millis': 2000, 'drpc.invocations.port': 3773, 'supervisor.monitor.frequency.secs': 3, 'ui.childopts': '-Xmx768m', 'transactional.zookeeper.servers': None, 'storm.log4j2.conf.dir': 'log4j2', 'supervisor.supervisors': [], 'zmq.linger.millis': 5000, 'topology.error.throttle.interval.secs': 10, 'storm.health.check.dir': 'healthchecks', 'topology.executor.receive.buffer.size': 1024, 'nimbus.impersonation.authorizer': 'org.apache.storm.security.auth.authorizer.ImpersonationAuthorizer', 'topology.submitter.principal': '', 'topology.worker.max.heap.size.mb': 768.0, 'topology.spout.wait.strategy': 'org.apache.storm.spout.SleepSpoutWaitStrategy', 'task.heartbeat.frequency.secs': 3, 'topology.transfer.buffer.size': 1024, 'storm.zookeeper.session.timeout': 20000, 'topology.testing.always.try.serialize': False, 'nimbus.blobstore.class': 'org.apache.storm.blobstore.LocalFsBlobStore', 'topology.stats.sample.rate': 0.05, 'topology.fall.back.on.java.serialization': True, 'storm.exhibitor.port': 8080, 'storm.zookeeper.auth.password': None, 'supervisor.childopts': '-Xmx256m', 'topology.backpressure.enable': True, 'pacemaker.port': 6699, 'topology.enable.message.timeouts': True, 'nimbus.code.sync.freq.secs': 120, 'backpressure.disruptor.high.watermark': 0.9, 'storm.messaging.netty.max_wait_ms': 1000, 'topology.worker.receiver.thread.count': 1, 'topology.component.resources.onheap.memory.mb': 128.0, 'resource.aware.scheduler.priority.strategy': 'org.apache.storm.scheduler.resource.strategies.priority.DefaultSchedulingPriorityStrategy', 'nimbus.supervisor.timeout.secs': 60, 'pacemaker.auth.method': 'NONE', 'drpc.https.port': -1, 'nimbus.inbox.jar.expiration.secs': 3600, 'scheduler.display.resource': False, 'topology.kryo.factory': 'org.apache.storm.serialization.DefaultKryoFactory', 'storm.zookeeper.retry.interval': 1000, 'supervisor.supervisors.commands': [], 'supervisor.localizer.cleanup.interval.ms': 600000, 'storm.messaging.netty.max_retries': 300, 'task.credentials.poll.secs': 30, 'drpc.http.port': 3774, 'storm.messaging.transport': 'org.apache.storm.messaging.netty.Context', 'supervisor.enable': True, 'nimbus.task.launch.secs': 120, 'supervisor.blobstore.download.thread.count': 5, 'topology.message.timeout.secs': 30, 'oauth.acess_token_secret': 'IiNOTfgE3tEZvW2HDQhRKPMoOLU43NXJCXk8maj51SdAT', 'storm.messaging.netty.authentication': False, 'petrel.user': 'pipe', 'drpc.port': 3772, 'storm.messaging.netty.buffer_size': 5242880, 'topology.state.synchronization.timeout.secs': 60, 'worker.heap.memory.mb': 768, 'topology.name': 'spam', 'topology.priority': 29, 'supervisor.worker.timeout.secs': 30, 'ui.filter': None, 'topology.trident.batch.emit.interval.millis': 500, 'topology.max.task.parallelism': None, 'supervisor.cpu.capacity': 400.0, 'topology.submitter.user': 'root', 'logviewer.max.per.worker.logs.size.mb': 2048, 'nimbus.host': 'localhost', 'topology.builtin.metrics.bucket.size.secs': 60, 'topology.component.cpu.pcore.percent': 10.0, 'ui.users': None, 'storm.thrift.transport': 'org.apache.storm.security.auth.SimpleTransportPlugin', 'logs.users': None, 'logviewer.port': 8000, 'oauth.consumer_key': 'eaFmBSxUveRJfmyZYeabti9Q9', 'topology.kryo.decorators': [], 'topology.debug': False, 'storm.zookeeper.auth.user': None}, 'context': {'task->component': {'11': '__acker', '10': 'WordDivider', '1': 'CountThreeWords', '3': 'CountTwoWords', '2': 'CountThreeWords', '5': 'CountWord', '4': 'CountTwoWords', '7': 'KafkaConsumer', '6': 'CountWord', '9': 'TwoWordDivider', '8': 'ThreeWordDivider'}, 'stream->target->grouping': {'default': {'WordDivider': {'type': 'SHUFFLE'}, 'ThreeWordDivider': {'type': 'SHUFFLE'}, 'TwoWordDivider': {'type': 'SHUFFLE'}}}, 'source->stream->fields': {}, 'streams': ['default'], 'stream->outputfields': {'default': ['sentence', 'user']}, 'taskid': 7, 'source->stream->grouping': {}, 'componentid': 'KafkaConsumer'}}
[2016-09-14 02:02:54,664][storm][INFO]Task sent pid to Storm
[2016-09-14 02:02:54,776][kafka.conn][INFO]Broker version identifed as 0.10
[2016-09-14 02:02:54,776][kafka.conn][INFO]Set configuration api_version=(0, 10) to skip auto check_version requests on startup
[2016-09-14 02:02:54,796][kafka.consumer.subscription_state][INFO]Updating subscribed topics to: ['spamtopic']
[2016-09-14 02:02:54,797][kafka.cluster][INFO]Group coordinator for kafka-python-default-group is BrokerMetadata(nodeId=0, host=u'localhost', port=9092, rack=None)
[2016-09-14 02:02:54,797][kafka.coordinator][INFO]Discovered coordinator 0 for group kafka-python-default-group
[2016-09-14 02:02:54,798][kafka.coordinator.consumer][INFO]Revoking previously assigned partitions set([]) for group kafka-python-default-group
[2016-09-14 02:02:54,798][kafka.coordinator][INFO](Re-)joining group kafka-python-default-group
[2016-09-14 02:03:17,483][kafka.coordinator][INFO]Joined group 'kafka-python-default-group' (generation 567) with member_id kafka-python-1.3.1-8a4ab641-78f5-4b52-86f2-61e6eaf611dd
[2016-09-14 02:03:17,485][kafka.coordinator][INFO]Successfully joined group kafka-python-default-group with generation 567
[2016-09-14 02:03:17,486][kafka.consumer.subscription_state][INFO]Updated partition assignment: [TopicPartition(topic=u'spamtopic', partition=0)]
[2016-09-14 02:03:17,486][kafka.coordinator.consumer][INFO]Setting newly assigned partitions set([TopicPartition(topic=u'spamtopic', partition=0)]) for group kafka-python-default-group
[2016-09-14 02:03:20,498][kafka.coordinator][WARNING]Heartbeat failed for group kafka-python-default-group because it is rebalancing
[2016-09-14 02:03:20,498][kafka.coordinator][WARNING]Heartbeat failed ([Error 27] RebalanceInProgressError: ); retrying
[2016-09-14 02:03:20,599][kafka.coordinator][INFO]Skipping heartbeat: no auto-assignment or waiting on rebalance
[2016-09-14 02:03:21,000][kafka.coordinator.consumer][INFO]Revoking previously assigned partitions set([TopicPartition(topic=u'spamtopic', partition=0)]) for group kafka-python-default-group
[2016-09-14 02:03:21,001][kafka.coordinator][INFO](Re-)joining group kafka-python-default-group
[2016-09-14 02:03:21,002][kafka.coordinator][INFO]Joined group 'kafka-python-default-group' (generation 568) with member_id kafka-python-1.3.1-8a4ab641-78f5-4b52-86f2-61e6eaf611dd
[2016-09-14 02:03:21,004][kafka.coordinator][INFO]Successfully joined group kafka-python-default-group with generation 568
[2016-09-14 02:03:21,007][kafka.consumer.subscription_state][INFO]Updated partition assignment: [TopicPartition(topic=u'spamtopic', partition=0)]
[2016-09-14 02:03:21,007][kafka.coordinator.consumer][INFO]Setting newly assigned partitions set([TopicPartition(topic=u'spamtopic', partition=0)]) for group kafka-python-default-group
[2016-09-14 02:03:24,016][kafka.coordinator][WARNING]Heartbeat failed for group kafka-python-default-group because it is rebalancing
[2016-09-14 02:03:24,016][kafka.coordinator][WARNING]Heartbeat failed ([Error 27] RebalanceInProgressError: ); retrying
[2016-09-14 02:03:24,117][kafka.coordinator][INFO]Skipping heartbeat: no auto-assignment or waiting on rebalance
[2016-09-14 02:03:24,518][kafka.coordinator.consumer][INFO]Revoking previously assigned partitions set([TopicPartition(topic=u'spamtopic', partition=0)]) for group kafka-python-default-group
[2016-09-14 02:03:24,518][kafka.coordinator][INFO](Re-)joining group kafka-python-default-group
[2016-09-14 02:03:24,526][kafka.coordinator][INFO]Joined group 'kafka-python-default-group' (generation 569) with member_id kafka-python-1.3.1-8a4ab641-78f5-4b52-86f2-61e6eaf611dd
[2016-09-14 02:03:24,530][kafka.coordinator][INFO]Successfully joined group kafka-python-default-group with generation 569
[2016-09-14 02:03:24,531][kafka.consumer.subscription_state][INFO]Updated partition assignment: [TopicPartition(topic=u'spamtopic', partition=0)]
[2016-09-14 02:03:24,531][kafka.coordinator.consumer][INFO]Setting newly assigned partitions set([TopicPartition(topic=u'spamtopic', partition=0)]) for group kafka-python-default-group
[2016-09-14 02:03:27,540][kafka.coordinator][WARNING]Heartbeat failed for group kafka-python-default-group because it is rebalancing
[2016-09-14 02:03:27,540][kafka.coordinator][WARNING]Heartbeat failed ([Error 27] RebalanceInProgressError: ); retrying
[2016-09-14 02:03:27,642][kafka.coordinator][INFO]Skipping heartbeat: no auto-assignment or waiting on rebalance
[2016-09-14 02:03:28,042][kafka.coordinator.consumer][INFO]Revoking previously assigned partitions set([TopicPartition(topic=u'spamtopic', partition=0)]) for group kafka-python-default-group
[2016-09-14 02:03:28,042][kafka.coordinator][INFO](Re-)joining group kafka-python-default-group
[2016-09-14 02:03:28,043][kafka.coordinator][INFO]Joined group 'kafka-python-default-group' (generation 570) with member_id kafka-python-1.3.1-8a4ab641-78f5-4b52-86f2-61e6eaf611dd
[2016-09-14 02:03:28,045][kafka.coordinator][INFO]Successfully joined group kafka-python-default-group with generation 570
[2016-09-14 02:03:28,046][kafka.consumer.subscription_state][INFO]Updated partition assignment: [TopicPartition(topic=u'spamtopic', partition=0)]
[2016-09-14 02:03:28,046][kafka.coordinator.consumer][INFO]Setting newly assigned partitions set([TopicPartition(topic=u'spamtopic', partition=0)]) for group kafka-python-default-group
[2016-09-14 02:03:31,058][kafka.coordinator][WARNING]Heartbeat failed for group kafka-python-default-group because it is rebalancing
[2016-09-14 02:03:31,059][kafka.coordinator][WARNING]Heartbeat failed ([Error 27] RebalanceInProgressError: ); retrying
[2016-09-14 02:03:31,160][kafka.coordinator][INFO]Skipping heartbeat: no auto-assignment or waiting on rebalance
[2016-09-14 02:03:31,561][kafka.coordinator.consumer][INFO]Revoking previously assigned partitions set([TopicPartition(topic=u'spamtopic', partition=0)]) for group kafka-python-default-group
[2016-09-14 02:03:31,561][kafka.coordinator][INFO](Re-)joining group kafka-python-default-group
[2016-09-14 02:03:31,562][kafka.coordinator][INFO]Joined group 'kafka-python-default-group' (generation 571) with member_id kafka-python-1.3.1-8a4ab641-78f5-4b52-86f2-61e6eaf611dd
[2016-09-14 02:03:31,566][kafka.coordinator][INFO]Successfully joined group kafka-python-default-group with generation 571
[2016-09-14 02:03:31,567][kafka.consumer.subscription_state][INFO]Updated partition assignment: [TopicPartition(topic=u'spamtopic', partition=0)]
[2016-09-14 02:03:31,567][kafka.coordinator.consumer][INFO]Setting newly assigned partitions set([TopicPartition(topic=u'spamtopic', partition=0)]) for group kafka-python-default-group
[2016-09-14 02:03:34,578][kafka.coordinator][WARNING]Heartbeat failed for group kafka-python-default-group because it is rebalancing
[2016-09-14 02:03:34,578][kafka.coordinator][WARNING]Heartbeat failed ([Error 27] RebalanceInProgressError: ); retrying
[2016-09-14 02:03:34,680][kafka.coordinator][INFO]Skipping heartbeat: no auto-assignment or waiting on rebalance
[2016-09-14 02:03:35,080][kafka.coordinator.consumer][INFO]Revoking previously assigned partitions set([TopicPartition(topic=u'spamtopic', partition=0)]) for group kafka-python-default-group
[2016-09-14 02:03:35,080][kafka.coordinator][INFO](Re-)joining group kafka-python-default-group
[2016-09-14 02:03:35,081][kafka.coordinator][INFO]Joined group 'kafka-python-default-group' (generation 572) with member_id kafka-python-1.3.1-8a4ab641-78f5-4b52-86f2-61e6eaf611dd
[2016-09-14 02:03:35,085][kafka.coordinator][INFO]Successfully joined group kafka-python-default-group with generation 572
[2016-09-14 02:03:35,085][kafka.consumer.subscription_state][INFO]Updated partition assignment: [TopicPartition(topic=u'spamtopic', partition=0)]
[2016-09-14 02:03:35,086][kafka.coordinator.consumer][INFO]Setting newly assigned partitions set([TopicPartition(topic=u'spamtopic', partition=0)]) for group kafka-python-default-group
[2016-09-14 02:03:38,096][kafka.coordinator][WARNING]Heartbeat failed for group kafka-python-default-group because it is rebalancing
[2016-09-14 02:03:38,096][kafka.coordinator][WARNING]Heartbeat failed ([Error 27] RebalanceInProgressError: ); retrying
[2016-09-14 02:03:38,197][kafka.coordinator][INFO]Skipping heartbeat: no auto-assignment or waiting on rebalance
[2016-09-14 02:03:38,597][kafka.coordinator.consumer][INFO]Revoking previously assigned partitions set([TopicPartition(topic=u'spamtopic', partition=0)]) for group kafka-python-default-group
[2016-09-14 02:03:38,597][kafka.coordinator][INFO](Re-)joining group kafka-python-default-group
[2016-09-14 02:03:38,599][kafka.coordinator][INFO]Joined group 'kafka-python-default-group' (generation 573) with member_id kafka-python-1.3.1-8a4ab641-78f5-4b52-86f2-61e6eaf611dd
[2016-09-14 02:03:38,601][kafka.coordinator][INFO]Successfully joined group kafka-python-default-group with generation 573
[2016-09-14 02:03:38,602][kafka.consumer.subscription_state][INFO]Updated partition assignment: [TopicPartition(topic=u'spamtopic', partition=0)]
[2016-09-14 02:03:38,602][kafka.coordinator.consumer][INFO]Setting newly assigned partitions set([TopicPartition(topic=u'spamtopic', partition=0)]) for group kafka-python-default-group
[2016-09-14 02:03:41,613][kafka.coordinator][WARNING]Heartbeat failed for group kafka-python-default-group because it is rebalancing
[2016-09-14 02:03:41,613][kafka.coordinator][WARNING]Heartbeat failed ([Error 27] RebalanceInProgressError: ); retrying
[2016-09-14 02:03:41,714][kafka.coordinator][INFO]Skipping heartbeat: no auto-assignment or waiting on rebalance
[2016-09-14 02:03:42,114][kafka.coordinator.consumer][INFO]Revoking previously assigned partitions set([TopicPartition(topic=u'spamtopic', partition=0)]) for group kafka-python-default-group
[2016-09-14 02:03:42,114][kafka.coordinator][INFO](Re-)joining group kafka-python-default-group
[2016-09-14 02:03:42,116][kafka.coordinator][INFO]Joined group 'kafka-python-default-group' (generation 574) with member_id kafka-python-1.3.1-8a4ab641-78f5-4b52-86f2-61e6eaf611dd
[2016-09-14 02:03:42,118][kafka.coordinator][INFO]Successfully joined group kafka-python-default-group with generation 574
[2016-09-14 02:03:42,118][kafka.consumer.subscription_state][INFO]Updated partition assignment: [TopicPartition(topic=u'spamtopic', partition=0)]
[2016-09-14 02:03:42,118][kafka.coordinator.consumer][INFO]Setting newly assigned partitions set([TopicPartition(topic=u'spamtopic', partition=0)]) for group kafka-python-default-group
[2016-09-14 02:03:45,127][kafka.coordinator][WARNING]Heartbeat failed for group kafka-python-default-group because it is rebalancing
[2016-09-14 02:03:45,128][kafka.coordinator][WARNING]Heartbeat failed ([Error 27] RebalanceInProgressError: ); retrying
[2016-09-14 02:03:45,229][kafka.coordinator][INFO]Skipping heartbeat: no auto-assignment or waiting on rebalance
[2016-09-14 02:03:45,630][kafka.coordinator.consumer][INFO]Revoking previously assigned partitions set([TopicPartition(topic=u'spamtopic', partition=0)]) for group kafka-python-default-group
[2016-09-14 02:03:45,630][kafka.coordinator][INFO](Re-)joining group kafka-python-default-group
[2016-09-14 02:03:45,631][kafka.coordinator][INFO]Joined group 'kafka-python-default-group' (generation 575) with member_id kafka-python-1.3.1-8a4ab641-78f5-4b52-86f2-61e6eaf611dd
[2016-09-14 02:03:45,634][kafka.coordinator][INFO]Successfully joined group kafka-python-default-group with generation 575
[2016-09-14 02:03:45,634][kafka.consumer.subscription_state][INFO]Updated partition assignment: [TopicPartition(topic=u'spamtopic', partition=0)]
[2016-09-14 02:03:45,634][kafka.coordinator.consumer][INFO]Setting newly assigned partitions set([TopicPartition(topic=u'spamtopic', partition=0)]) for group kafka-python-default-group
[2016-09-14 02:03:48,645][kafka.coordinator][WARNING]Heartbeat failed for group kafka-python-default-group because it is rebalancing
[2016-09-14 02:03:48,645][kafka.coordinator][WARNING]Heartbeat failed ([Error 27] RebalanceInProgressError: ); retrying
[2016-09-14 02:03:48,746][kafka.coordinator][INFO]Skipping heartbeat: no auto-assignment or waiting on rebalance
[2016-09-14 02:03:49,147][kafka.coordinator.consumer][INFO]Revoking previously assigned partitions set([TopicPartition(topic=u'spamtopic', partition=0)]) for group kafka-python-default-group
[2016-09-14 02:03:49,148][kafka.coordinator][INFO](Re-)joining group kafka-python-default-group
[2016-09-14 02:03:49,149][kafka.coordinator][INFO]Joined group 'kafka-python-default-group' (generation 576) with member_id kafka-python-1.3.1-8a4ab641-78f5-4b52-86f2-61e6eaf611dd
[2016-09-14 02:03:49,151][kafka.coordinator][INFO]Successfully joined group kafka-python-default-group with generation 576
[2016-09-14 02:03:49,152][kafka.consumer.subscription_state][INFO]Updated partition assignment: [TopicPartition(topic=u'spamtopic', partition=0)]
[2016-09-14 02:03:49,152][kafka.coordinator.consumer][INFO]Setting newly assigned partitions set([TopicPartition(topic=u'spamtopic', partition=0)]) for group kafka-python-default-group
[2016-09-14 02:03:52,162][kafka.coordinator][WARNING]Heartbeat failed for group kafka-python-default-group because it is rebalancing
[2016-09-14 02:03:52,163][kafka.coordinator][WARNING]Heartbeat failed ([Error 27] RebalanceInProgressError: ); retrying
[2016-09-14 02:03:52,264][kafka.coordinator][INFO]Skipping heartbeat: no auto-assignment or waiting on rebalance
[2016-09-14 02:03:52,664][kafka.coordinator.consumer][INFO]Revoking previously assigned partitions set([TopicPartition(topic=u'spamtopic', partition=0)]) for group kafka-python-default-group
[2016-09-14 02:03:52,664][kafka.coordinator][INFO](Re-)joining group kafka-python-default-group
[2016-09-14 02:03:52,666][kafka.coordinator][INFO]Joined group 'kafka-python-default-group' (generation 577) with member_id kafka-python-1.3.1-8a4ab641-78f5-4b52-86f2-61e6eaf611dd
[2016-09-14 02:03:52,670][kafka.coordinator][INFO]Successfully joined group kafka-python-default-group with generation 577
[2016-09-14 02:03:52,670][kafka.consumer.subscription_state][INFO]Updated partition assignment: [TopicPartition(topic=u'spamtopic', partition=0)]
[2016-09-14 02:03:52,670][kafka.coordinator.consumer][INFO]Setting newly assigned partitions set([TopicPartition(topic=u'spamtopic', partition=0)]) for group kafka-python-default-group
[2016-09-14 02:03:55,682][kafka.coordinator][WARNING]Heartbeat failed for group kafka-python-default-group because it is rebalancing
[2016-09-14 02:03:55,682][kafka.coordinator][WARNING]Heartbeat failed ([Error 27] RebalanceInProgressError: ); retrying
[2016-09-14 02:03:55,783][kafka.coordinator][INFO]Skipping heartbeat: no auto-assignment or waiting on rebalance
[2016-09-14 02:03:56,184][kafka.coordinator.consumer][INFO]Revoking previously assigned partitions set([TopicPartition(topic=u'spamtopic', partition=0)]) for group kafka-python-default-group
[2016-09-14 02:03:56,185][kafka.coordinator][INFO](Re-)joining group kafka-python-default-group
[2016-09-14 02:03:56,187][kafka.coordinator][INFO]Joined group 'kafka-python-default-group' (generation 578) with member_id kafka-python-1.3.1-8a4ab641-78f5-4b52-86f2-61e6eaf611dd
[2016-09-14 02:03:56,189][kafka.coordinator][INFO]Successfully joined group kafka-python-default-group with generation 578
[2016-09-14 02:03:56,189][kafka.consumer.subscription_state][INFO]Updated partition assignment: [TopicPartition(topic=u'spamtopic', partition=0)]
[2016-09-14 02:03:56,189][kafka.coordinator.consumer][INFO]Setting newly assigned partitions set([TopicPartition(topic=u'spamtopic', partition=0)]) for group kafka-python-default-group
[2016-09-14 02:03:59,199][kafka.coordinator][WARNING]Heartbeat failed for group kafka-python-default-group because it is rebalancing
[2016-09-14 02:03:59,199][kafka.coordinator][WARNING]Heartbeat failed ([Error 27] RebalanceInProgressError: ); retrying
[2016-09-14 02:03:59,300][kafka.coordinator][INFO]Skipping heartbeat: no auto-assignment or waiting on rebalance
[2016-09-14 02:03:59,702][kafka.coordinator.consumer][INFO]Revoking previously assigned partitions set([TopicPartition(topic=u'spamtopic', partition=0)]) for group kafka-python-default-group
[2016-09-14 02:03:59,702][kafka.coordinator][INFO](Re-)joining group kafka-python-default-group
[2016-09-14 02:03:59,705][kafka.coordinator][INFO]Joined group 'kafka-python-default-group' (generation 579) with member_id kafka-python-1.3.1-8a4ab641-78f5-4b52-86f2-61e6eaf611dd
[2016-09-14 02:03:59,707][kafka.coordinator][INFO]Successfully joined group kafka-python-default-group with generation 579
[2016-09-14 02:03:59,707][kafka.consumer.subscription_state][INFO]Updated partition assignment: [TopicPartition(topic=u'spamtopic', partition=0)]
[2016-09-14 02:03:59,707][kafka.coordinator.consumer][INFO]Setting newly assigned partitions set([TopicPartition(topic=u'spamtopic', partition=0)]) for group kafka-python-default-group
[2016-09-14 02:04:02,717][kafka.coordinator][WARNING]Heartbeat failed for group kafka-python-default-group because it is rebalancing
[2016-09-14 02:04:02,717][kafka.coordinator][WARNING]Heartbeat failed ([Error 27] RebalanceInProgressError: ); retrying
[2016-09-14 02:04:02,818][kafka.coordinator][INFO]Skipping heartbeat: no auto-assignment or waiting on rebalance
[2016-09-14 02:04:03,219][kafka.coordinator.consumer][INFO]Revoking previously assigned partitions set([TopicPartition(topic=u'spamtopic', partition=0)]) for group kafka-python-default-group
[2016-09-14 02:04:03,220][kafka.coordinator][INFO](Re-)joining group kafka-python-default-group
[2016-09-14 02:04:03,223][kafka.coordinator][INFO]Joined group 'kafka-python-default-group' (generation 580) with member_id kafka-python-1.3.1-8a4ab641-78f5-4b52-86f2-61e6eaf611dd
[2016-09-14 02:04:03,229][kafka.coordinator][INFO]Successfully joined group kafka-python-default-group with generation 580
[2016-09-14 02:04:03,230][kafka.consumer.subscription_state][INFO]Updated partition assignment: [TopicPartition(topic=u'spamtopic', partition=0)]
[2016-09-14 02:04:03,230][kafka.coordinator.consumer][INFO]Setting newly assigned partitions set([TopicPartition(topic=u'spamtopic', partition=0)]) for group kafka-python-default-group
[2016-09-14 02:04:06,239][kafka.coordinator][WARNING]Heartbeat failed for group kafka-python-default-group because it is rebalancing
[2016-09-14 02:04:06,239][kafka.coordinator][WARNING]Heartbeat failed ([Error 27] RebalanceInProgressError: ); retrying
[2016-09-14 02:04:06,340][kafka.coordinator][INFO]Skipping heartbeat: no auto-assignment or waiting on rebalance
[2016-09-14 02:04:06,740][kafka.coordinator.consumer][INFO]Revoking previously assigned partitions set([TopicPartition(topic=u'spamtopic', partition=0)]) for group kafka-python-default-group
[2016-09-14 02:04:06,740][kafka.coordinator][INFO](Re-)joining group kafka-python-default-group
[2016-09-14 02:04:06,746][kafka.coordinator][INFO]Joined group 'kafka-python-default-group' (generation 581) with member_id kafka-python-1.3.1-8a4ab641-78f5-4b52-86f2-61e6eaf611dd
[2016-09-14 02:04:06,747][kafka.coordinator][INFO]Successfully joined group kafka-python-default-group with generation 581
[2016-09-14 02:04:06,747][kafka.consumer.subscription_state][INFO]Updated partition assignment: [TopicPartition(topic=u'spamtopic', partition=0)]
[2016-09-14 02:04:06,747][kafka.coordinator.consumer][INFO]Setting newly assigned partitions set([TopicPartition(topic=u'spamtopic', partition=0)]) for group kafka-python-default-group
[2016-09-14 02:04:09,758][kafka.coordinator][WARNING]Heartbeat failed for group kafka-python-default-group because it is rebalancing
[2016-09-14 02:04:09,758][kafka.coordinator][WARNING]Heartbeat failed ([Error 27] RebalanceInProgressError: ); retrying
[2016-09-14 02:04:09,859][kafka.coordinator][INFO]Skipping heartbeat: no auto-assignment or waiting on rebalance
[2016-09-14 02:04:10,259][kafka.coordinator.consumer][INFO]Revoking previously assigned partitions set([TopicPartition(topic=u'spamtopic', partition=0)]) for group kafka-python-default-group
[2016-09-14 02:04:10,259][kafka.coordinator][INFO](Re-)joining group kafka-python-default-group
[2016-09-14 02:04:10,261][kafka.coordinator][INFO]Joined group 'kafka-python-default-group' (generation 582) with member_id kafka-python-1.3.1-8a4ab641-78f5-4b52-86f2-61e6eaf611dd
[2016-09-14 02:04:10,264][kafka.coordinator][INFO]Successfully joined group kafka-python-default-group with generation 582
[2016-09-14 02:04:10,264][kafka.consumer.subscription_state][INFO]Updated partition assignment: [TopicPartition(topic=u'spamtopic', partition=0)]
[2016-09-14 02:04:10,264][kafka.coordinator.consumer][INFO]Setting newly assigned partitions set([TopicPartition(topic=u'spamtopic', partition=0)]) for group kafka-python-default-group
[2016-09-14 02:04:13,273][kafka.coordinator][WARNING]Heartbeat failed for group kafka-python-default-group because it is rebalancing
[2016-09-14 02:04:13,273][kafka.coordinator][WARNING]Heartbeat failed ([Error 27] RebalanceInProgressError: ); retrying
[2016-09-14 02:04:13,374][kafka.coordinator][INFO]Skipping heartbeat: no auto-assignment or waiting on rebalance
[2016-09-14 02:04:13,776][kafka.coordinator.consumer][INFO]Revoking previously assigned partitions set([TopicPartition(topic=u'spamtopic', partition=0)]) for group kafka-python-default-group
[2016-09-14 02:04:13,776][kafka.coordinator][INFO](Re-)joining group kafka-python-default-group
[2016-09-14 02:04:13,779][kafka.coordinator][INFO]Joined group 'kafka-python-default-group' (generation 583) with member_id kafka-python-1.3.1-8a4ab641-78f5-4b52-86f2-61e6eaf611dd
[2016-09-14 02:04:13,780][kafka.coordinator][INFO]Successfully joined group kafka-python-default-group with generation 583
[2016-09-14 02:04:13,781][kafka.consumer.subscription_state][INFO]Updated partition assignment: [TopicPartition(topic=u'spamtopic', partition=0)]
[2016-09-14 02:04:13,781][kafka.coordinator.consumer][INFO]Setting newly assigned partitions set([TopicPartition(topic=u'spamtopic', partition=0)]) for group kafka-python-default-group
[2016-09-14 02:04:16,790][kafka.coordinator][WARNING]Heartbeat failed for group kafka-python-default-group because it is rebalancing
[2016-09-14 02:04:16,791][kafka.coordinator][WARNING]Heartbeat failed ([Error 27] RebalanceInProgressError: ); retrying
[2016-09-14 02:04:16,892][kafka.coordinator][INFO]Skipping heartbeat: no auto-assignment or waiting on rebalance
[2016-09-14 02:04:17,292][kafka.coordinator.consumer][INFO]Revoking previously assigned partitions set([TopicPartition(topic=u'spamtopic', partition=0)]) for group kafka-python-default-group
[2016-09-14 02:04:17,292][kafka.coordinator][INFO](Re-)joining group kafka-python-default-group
[2016-09-14 02:04:17,294][kafka.coordinator][INFO]Joined group 'kafka-python-default-group' (generation 584) with member_id kafka-python-1.3.1-8a4ab641-78f5-4b52-86f2-61e6eaf611dd
[2016-09-14 02:04:17,298][kafka.coordinator][INFO]Successfully joined group kafka-python-default-group with generation 584
[2016-09-14 02:04:17,299][kafka.consumer.subscription_state][INFO]Updated partition assignment: [TopicPartition(topic=u'spamtopic', partition=0)]
[2016-09-14 02:04:17,299][kafka.coordinator.consumer][INFO]Setting newly assigned partitions set([TopicPartition(topic=u'spamtopic', partition=0)]) for group kafka-python-default-group
[2016-09-14 02:04:20,309][kafka.coordinator][WARNING]Heartbeat failed for group kafka-python-default-group because it is rebalancing
[2016-09-14 02:04:20,309][kafka.coordinator][WARNING]Heartbeat failed ([Error 27] RebalanceInProgressError: ); retrying
[2016-09-14 02:04:20,411][kafka.coordinator][INFO]Skipping heartbeat: no auto-assignment or waiting on rebalance
[2016-09-14 02:04:20,811][kafka.coordinator.consumer][INFO]Revoking previously assigned partitions set([TopicPartition(topic=u'spamtopic', partition=0)]) for group kafka-python-default-group
[2016-09-14 02:04:20,811][kafka.coordinator][INFO](Re-)joining group kafka-python-default-group
[2016-09-14 02:04:20,813][kafka.coordinator][INFO]Joined group 'kafka-python-default-group' (generation 585) with member_id kafka-python-1.3.1-8a4ab641-78f5-4b52-86f2-61e6eaf611dd
[2016-09-14 02:04:20,815][kafka.coordinator][INFO]Successfully joined group kafka-python-default-group with generation 585
[2016-09-14 02:04:20,815][kafka.consumer.subscription_state][INFO]Updated partition assignment: [TopicPartition(topic=u'spamtopic', partition=0)]
[2016-09-14 02:04:20,815][kafka.coordinator.consumer][INFO]Setting newly assigned partitions set([TopicPartition(topic=u'spamtopic', partition=0)]) for group kafka-python-default-group
[2016-09-14 02:04:23,826][kafka.coordinator][WARNING]Heartbeat failed for group kafka-python-default-group because it is rebalancing
[2016-09-14 02:04:23,826][kafka.coordinator][WARNING]Heartbeat failed ([Error 27] RebalanceInProgressError: ); retrying
[2016-09-14 02:04:23,927][kafka.coordinator][INFO]Skipping heartbeat: no auto-assignment or waiting on rebalance
[2016-09-14 02:04:24,327][kafka.coordinator.consumer][INFO]Revoking previously assigned partitions set([TopicPartition(topic=u'spamtopic', partition=0)]) for group kafka-python-default-group
[2016-09-14 02:04:24,327][kafka.coordinator][INFO](Re-)joining group kafka-python-default-group
[2016-09-14 02:04:24,330][kafka.coordinator][INFO]Joined group 'kafka-python-default-group' (generation 586) with member_id kafka-python-1.3.1-8a4ab641-78f5-4b52-86f2-61e6eaf611dd
[2016-09-14 02:04:24,332][kafka.coordinator][INFO]Successfully joined group kafka-python-default-group with generation 586
[2016-09-14 02:04:24,332][kafka.consumer.subscription_state][INFO]Updated partition assignment: [TopicPartition(topic=u'spamtopic', partition=0)]
[2016-09-14 02:04:24,332][kafka.coordinator.consumer][INFO]Setting newly assigned partitions set([TopicPartition(topic=u'spamtopic', partition=0)]) for group kafka-python-default-group
[2016-09-14 02:04:27,343][kafka.coordinator][WARNING]Heartbeat failed for group kafka-python-default-group because it is rebalancing
[2016-09-14 02:04:27,343][kafka.coordinator][WARNING]Heartbeat failed ([Error 27] RebalanceInProgressError: ); retrying
[2016-09-14 02:04:27,444][kafka.coordinator][INFO]Skipping heartbeat: no auto-assignment or waiting on rebalance
[2016-09-14 02:04:27,846][kafka.coordinator.consumer][INFO]Revoking previously assigned partitions set([TopicPartition(topic=u'spamtopic', partition=0)]) for group kafka-python-default-group
[2016-09-14 02:04:27,846][kafka.coordinator][INFO](Re-)joining group kafka-python-default-group
[2016-09-14 02:04:27,847][kafka.coordinator][INFO]Joined group 'kafka-python-default-group' (generation 587) with member_id kafka-python-1.3.1-8a4ab641-78f5-4b52-86f2-61e6eaf611dd
[2016-09-14 02:04:27,852][kafka.coordinator][INFO]Successfully joined group kafka-python-default-group with generation 587
[2016-09-14 02:04:27,852][kafka.consumer.subscription_state][INFO]Updated partition assignment: [TopicPartition(topic=u'spamtopic', partition=0)]
[2016-09-14 02:04:27,852][kafka.coordinator.consumer][INFO]Setting newly assigned partitions set([TopicPartition(topic=u'spamtopic', partition=0)]) for group kafka-python-default-group
[2016-09-14 02:04:30,862][kafka.coordinator][WARNING]Heartbeat failed for group kafka-python-default-group because it is rebalancing
[2016-09-14 02:04:30,862][kafka.coordinator][WARNING]Heartbeat failed ([Error 27] RebalanceInProgressError: ); retrying
[2016-09-14 02:04:30,963][kafka.coordinator][INFO]Skipping heartbeat: no auto-assignment or waiting on rebalance
[2016-09-14 02:04:31,363][kafka.coordinator.consumer][INFO]Revoking previously assigned partitions set([TopicPartition(topic=u'spamtopic', partition=0)]) for group kafka-python-default-group
[2016-09-14 02:04:31,363][kafka.coordinator][INFO](Re-)joining group kafka-python-default-group
[2016-09-14 02:04:31,364][kafka.coordinator][INFO]Joined group 'kafka-python-default-group' (generation 588) with member_id kafka-python-1.3.1-8a4ab641-78f5-4b52-86f2-61e6eaf611dd
[2016-09-14 02:04:31,368][kafka.coordinator][INFO]Successfully joined group kafka-python-default-group with generation 588
[2016-09-14 02:04:31,368][kafka.consumer.subscription_state][INFO]Updated partition assignment: [TopicPartition(topic=u'spamtopic', partition=0)]
[2016-09-14 02:04:31,369][kafka.coordinator.consumer][INFO]Setting newly assigned partitions set([TopicPartition(topic=u'spamtopic', partition=0)]) for group kafka-python-default-group
[2016-09-14 02:04:34,379][kafka.coordinator][WARNING]Heartbeat failed for group kafka-python-default-group because it is rebalancing
[2016-09-14 02:04:34,379][kafka.coordinator][WARNING]Heartbeat failed ([Error 27] RebalanceInProgressError: ); retrying
[2016-09-14 02:04:34,480][kafka.coordinator][INFO]Skipping heartbeat: no auto-assignment or waiting on rebalance
[2016-09-14 02:04:34,882][kafka.coordinator.consumer][INFO]Revoking previously assigned partitions set([TopicPartition(topic=u'spamtopic', partition=0)]) for group kafka-python-default-group
[2016-09-14 02:04:34,882][kafka.coordinator][INFO](Re-)joining group kafka-python-default-group
[2016-09-14 02:04:34,884][kafka.coordinator][INFO]Joined group 'kafka-python-default-group' (generation 589) with member_id kafka-python-1.3.1-8a4ab641-78f5-4b52-86f2-61e6eaf611dd
[2016-09-14 02:04:34,887][kafka.coordinator][INFO]Successfully joined group kafka-python-default-group with generation 589
[2016-09-14 02:04:34,887][kafka.consumer.subscription_state][INFO]Updated partition assignment: [TopicPartition(topic=u'spamtopic', partition=0)]
[2016-09-14 02:04:34,887][kafka.coordinator.consumer][INFO]Setting newly assigned partitions set([TopicPartition(topic=u'spamtopic', partition=0)]) for group kafka-python-default-group
[2016-09-14 02:04:37,896][kafka.coordinator][WARNING]Heartbeat failed for group kafka-python-default-group because it is rebalancing
[2016-09-14 02:04:37,896][kafka.coordinator][WARNING]Heartbeat failed ([Error 27] RebalanceInProgressError: ); retrying
[2016-09-14 02:04:37,997][kafka.coordinator][INFO]Skipping heartbeat: no auto-assignment or waiting on rebalance
[2016-09-14 02:04:38,398][kafka.coordinator.consumer][INFO]Revoking previously assigned partitions set([TopicPartition(topic=u'spamtopic', partition=0)]) for group kafka-python-default-group
[2016-09-14 02:04:38,398][kafka.coordinator][INFO](Re-)joining group kafka-python-default-group
[2016-09-14 02:04:38,400][kafka.coordinator][INFO]Joined group 'kafka-python-default-group' (generation 590) with member_id kafka-python-1.3.1-8a4ab641-78f5-4b52-86f2-61e6eaf611dd
[2016-09-14 02:04:38,403][kafka.coordinator][INFO]Successfully joined group kafka-python-default-group with generation 590
[2016-09-14 02:04:38,404][kafka.consumer.subscription_state][INFO]Updated partition assignment: [TopicPartition(topic=u'spamtopic', partition=0)]
[2016-09-14 02:04:38,404][kafka.coordinator.consumer][INFO]Setting newly assigned partitions set([TopicPartition(topic=u'spamtopic', partition=0)]) for group kafka-python-default-group
[2016-09-14 02:04:41,415][kafka.coordinator][WARNING]Heartbeat failed for group kafka-python-default-group because it is rebalancing
[2016-09-14 02:04:41,415][kafka.coordinator][WARNING]Heartbeat failed ([Error 27] RebalanceInProgressError: ); retrying
[2016-09-14 02:04:41,516][kafka.coordinator][INFO]Skipping heartbeat: no auto-assignment or waiting on rebalance
[2016-09-14 02:04:41,917][kafka.coordinator.consumer][INFO]Revoking previously assigned partitions set([TopicPartition(topic=u'spamtopic', partition=0)]) for group kafka-python-default-group
[2016-09-14 02:04:41,918][kafka.coordinator][INFO](Re-)joining group kafka-python-default-group
[2016-09-14 02:04:41,923][kafka.coordinator][INFO]Joined group 'kafka-python-default-group' (generation 591) with member_id kafka-python-1.3.1-8a4ab641-78f5-4b52-86f2-61e6eaf611dd
[2016-09-14 02:04:41,924][kafka.coordinator][INFO]Successfully joined group kafka-python-default-group with generation 591
[2016-09-14 02:04:41,924][kafka.consumer.subscription_state][INFO]Updated partition assignment: [TopicPartition(topic=u'spamtopic', partition=0)]
[2016-09-14 02:04:41,924][kafka.coordinator.consumer][INFO]Setting newly assigned partitions set([TopicPartition(topic=u'spamtopic', partition=0)]) for group kafka-python-default-group
[2016-09-14 02:04:44,933][kafka.coordinator][WARNING]Heartbeat failed for group kafka-python-default-group because it is rebalancing
[2016-09-14 02:04:44,934][kafka.coordinator][WARNING]Heartbeat failed ([Error 27] RebalanceInProgressError: ); retrying
[2016-09-14 02:04:45,035][kafka.coordinator][INFO]Skipping heartbeat: no auto-assignment or waiting on rebalance
[2016-09-14 02:04:45,435][kafka.coordinator.consumer][INFO]Revoking previously assigned partitions set([TopicPartition(topic=u'spamtopic', partition=0)]) for group kafka-python-default-group
[2016-09-14 02:04:45,435][kafka.coordinator][INFO](Re-)joining group kafka-python-default-group
[2016-09-14 02:04:45,437][kafka.coordinator][INFO]Joined group 'kafka-python-default-group' (generation 592) with member_id kafka-python-1.3.1-8a4ab641-78f5-4b52-86f2-61e6eaf611dd
[2016-09-14 02:04:45,439][kafka.coordinator][INFO]Successfully joined group kafka-python-default-group with generation 592
[2016-09-14 02:04:45,439][kafka.consumer.subscription_state][INFO]Updated partition assignment: [TopicPartition(topic=u'spamtopic', partition=0)]
[2016-09-14 02:04:45,439][kafka.coordinator.consumer][INFO]Setting newly assigned partitions set([TopicPartition(topic=u'spamtopic', partition=0)]) for group kafka-python-default-group
[2016-09-14 02:04:48,450][kafka.coordinator][WARNING]Heartbeat failed for group kafka-python-default-group because it is rebalancing
[2016-09-14 02:04:48,450][kafka.coordinator][WARNING]Heartbeat failed ([Error 27] RebalanceInProgressError: ); retrying
[2016-09-14 02:04:48,552][kafka.coordinator][INFO]Skipping heartbeat: no auto-assignment or waiting on rebalance
[2016-09-14 02:04:48,953][kafka.coordinator.consumer][INFO]Revoking previously assigned partitions set([TopicPartition(topic=u'spamtopic', partition=0)]) for group kafka-python-default-group
[2016-09-14 02:04:48,953][kafka.coordinator][INFO](Re-)joining group kafka-python-default-group
[2016-09-14 02:04:48,956][kafka.coordinator][INFO]Joined group 'kafka-python-default-group' (generation 593) with member_id kafka-python-1.3.1-8a4ab641-78f5-4b52-86f2-61e6eaf611dd
[2016-09-14 02:04:48,957][kafka.coordinator][INFO]Successfully joined group kafka-python-default-group with generation 593
[2016-09-14 02:04:48,958][kafka.consumer.subscription_state][INFO]Updated partition assignment: [TopicPartition(topic=u'spamtopic', partition=0)]
[2016-09-14 02:04:48,958][kafka.coordinator.consumer][INFO]Setting newly assigned partitions set([TopicPartition(topic=u'spamtopic', partition=0)]) for group kafka-python-default-group
[2016-09-14 02:04:51,967][kafka.coordinator][WARNING]Heartbeat failed for group kafka-python-default-group because it is rebalancing
[2016-09-14 02:04:51,967][kafka.coordinator][WARNING]Heartbeat failed ([Error 27] RebalanceInProgressError: ); retrying
[2016-09-14 02:04:52,068][kafka.coordinator][INFO]Skipping heartbeat: no auto-assignment or waiting on rebalance
[2016-09-14 02:04:52,469][kafka.coordinator.consumer][INFO]Revoking previously assigned partitions set([TopicPartition(topic=u'spamtopic', partition=0)]) for group kafka-python-default-group
[2016-09-14 02:04:52,470][kafka.coordinator][INFO](Re-)joining group kafka-python-default-group
[2016-09-14 02:04:52,471][kafka.coordinator][INFO]Joined group 'kafka-python-default-group' (generation 594) with member_id kafka-python-1.3.1-8a4ab641-78f5-4b52-86f2-61e6eaf611dd
[2016-09-14 02:04:52,474][kafka.coordinator][INFO]Successfully joined group kafka-python-default-group with generation 594
[2016-09-14 02:04:52,475][kafka.consumer.subscription_state][INFO]Updated partition assignment: [TopicPartition(topic=u'spamtopic', partition=0)]
[2016-09-14 02:04:52,475][kafka.coordinator.consumer][INFO]Setting newly assigned partitions set([TopicPartition(topic=u'spamtopic', partition=0)]) for group kafka-python-default-group
[2016-09-14 02:04:55,486][kafka.coordinator][WARNING]Heartbeat failed for group kafka-python-default-group because it is rebalancing
[2016-09-14 02:04:55,486][kafka.coordinator][WARNING]Heartbeat failed ([Error 27] RebalanceInProgressError: ); retrying
[2016-09-14 02:04:55,587][kafka.coordinator][INFO]Skipping heartbeat: no auto-assignment or waiting on rebalance
[2016-09-14 02:04:55,988][kafka.coordinator.consumer][INFO]Revoking previously assigned partitions set([TopicPartition(topic=u'spamtopic', partition=0)]) for group kafka-python-default-group
[2016-09-14 02:04:55,988][kafka.coordinator][INFO](Re-)joining group kafka-python-default-group
[2016-09-14 02:04:55,990][kafka.coordinator][INFO]Joined group 'kafka-python-default-group' (generation 595) with member_id kafka-python-1.3.1-8a4ab641-78f5-4b52-86f2-61e6eaf611dd
[2016-09-14 02:04:55,992][kafka.coordinator][INFO]Successfully joined group kafka-python-default-group with generation 595
[2016-09-14 02:04:55,993][kafka.consumer.subscription_state][INFO]Updated partition assignment: [TopicPartition(topic=u'spamtopic', partition=0)]
[2016-09-14 02:04:55,993][kafka.coordinator.consumer][INFO]Setting newly assigned partitions set([TopicPartition(topic=u'spamtopic', partition=0)]) for group kafka-python-default-group
[2016-09-14 02:04:59,002][kafka.coordinator][WARNING]Heartbeat failed for group kafka-python-default-group because it is rebalancing
[2016-09-14 02:04:59,003][kafka.coordinator][WARNING]Heartbeat failed ([Error 27] RebalanceInProgressError: ); retrying
[2016-09-14 02:04:59,104][kafka.coordinator][INFO]Skipping heartbeat: no auto-assignment or waiting on rebalance
[2016-09-14 02:04:59,504][kafka.coordinator.consumer][INFO]Revoking previously assigned partitions set([TopicPartition(topic=u'spamtopic', partition=0)]) for group kafka-python-default-group
[2016-09-14 02:04:59,504][kafka.coordinator][INFO](Re-)joining group kafka-python-default-group
[2016-09-14 02:04:59,511][kafka.coordinator][INFO]Joined group 'kafka-python-default-group' (generation 596) with member_id kafka-python-1.3.1-8a4ab641-78f5-4b52-86f2-61e6eaf611dd
[2016-09-14 02:04:59,513][kafka.coordinator][INFO]Successfully joined group kafka-python-default-group with generation 596
[2016-09-14 02:04:59,514][kafka.consumer.subscription_state][INFO]Updated partition assignment: [TopicPartition(topic=u'spamtopic', partition=0)]
[2016-09-14 02:04:59,514][kafka.coordinator.consumer][INFO]Setting newly assigned partitions set([TopicPartition(topic=u'spamtopic', partition=0)]) for group kafka-python-default-group
[2016-09-14 02:05:02,526][kafka.coordinator][WARNING]Heartbeat failed for group kafka-python-default-group because it is rebalancing
[2016-09-14 02:05:02,527][kafka.coordinator][WARNING]Heartbeat failed ([Error 27] RebalanceInProgressError: ); retrying
[2016-09-14 02:05:02,628][kafka.coordinator][INFO]Skipping heartbeat: no auto-assignment or waiting on rebalance
[2016-09-14 02:05:03,028][kafka.coordinator.consumer][INFO]Revoking previously assigned partitions set([TopicPartition(topic=u'spamtopic', partition=0)]) for group kafka-python-default-group
[2016-09-14 02:05:03,028][kafka.coordinator][INFO](Re-)joining group kafka-python-default-group
[2016-09-14 02:05:03,029][kafka.coordinator][INFO]Joined group 'kafka-python-default-group' (generation 597) with member_id kafka-python-1.3.1-8a4ab641-78f5-4b52-86f2-61e6eaf611dd
[2016-09-14 02:05:03,031][kafka.coordinator][INFO]Successfully joined group kafka-python-default-group with generation 597
[2016-09-14 02:05:03,032][kafka.consumer.subscription_state][INFO]Updated partition assignment: [TopicPartition(topic=u'spamtopic', partition=0)]
[2016-09-14 02:05:03,032][kafka.coordinator.consumer][INFO]Setting newly assigned partitions set([TopicPartition(topic=u'spamtopic', partition=0)]) for group kafka-python-default-group
[2016-09-14 02:05:06,042][kafka.coordinator][WARNING]Heartbeat failed for group kafka-python-default-group because it is rebalancing
[2016-09-14 02:05:06,042][kafka.coordinator][WARNING]Heartbeat failed ([Error 27] RebalanceInProgressError: ); retrying
[2016-09-14 02:05:06,143][kafka.coordinator][INFO]Skipping heartbeat: no auto-assignment or waiting on rebalance
[2016-09-14 02:05:06,544][kafka.coordinator.consumer][INFO]Revoking previously assigned partitions set([TopicPartition(topic=u'spamtopic', partition=0)]) for group kafka-python-default-group
[2016-09-14 02:05:06,545][kafka.coordinator][INFO](Re-)joining group kafka-python-default-group
[2016-09-14 02:05:06,546][kafka.coordinator][INFO]Joined group 'kafka-python-default-group' (generation 598) with member_id kafka-python-1.3.1-8a4ab641-78f5-4b52-86f2-61e6eaf611dd
[2016-09-14 02:05:06,552][kafka.coordinator][INFO]Successfully joined group kafka-python-default-group with generation 598
[2016-09-14 02:05:06,553][kafka.consumer.subscription_state][INFO]Updated partition assignment: [TopicPartition(topic=u'spamtopic', partition=0)]
[2016-09-14 02:05:06,553][kafka.coordinator.consumer][INFO]Setting newly assigned partitions set([TopicPartition(topic=u'spamtopic', partition=0)]) for group kafka-python-default-group
[2016-09-14 02:05:09,562][kafka.coordinator][WARNING]Heartbeat failed for group kafka-python-default-group because it is rebalancing
[2016-09-14 02:05:09,562][kafka.coordinator][WARNING]Heartbeat failed ([Error 27] RebalanceInProgressError: ); retrying
[2016-09-14 02:05:09,663][kafka.coordinator][INFO]Skipping heartbeat: no auto-assignment or waiting on rebalance
[2016-09-14 02:05:10,064][kafka.coordinator.consumer][INFO]Revoking previously assigned partitions set([TopicPartition(topic=u'spamtopic', partition=0)]) for group kafka-python-default-group
[2016-09-14 02:05:10,065][kafka.coordinator][INFO](Re-)joining group kafka-python-default-group
[2016-09-14 02:05:10,066][kafka.coordinator][INFO]Joined group 'kafka-python-default-group' (generation 599) with member_id kafka-python-1.3.1-8a4ab641-78f5-4b52-86f2-61e6eaf611dd
[2016-09-14 02:05:10,068][kafka.coordinator][INFO]Successfully joined group kafka-python-default-group with generation 599
[2016-09-14 02:05:10,069][kafka.consumer.subscription_state][INFO]Updated partition assignment: [TopicPartition(topic=u'spamtopic', partition=0)]
[2016-09-14 02:05:10,069][kafka.coordinator.consumer][INFO]Setting newly assigned partitions set([TopicPartition(topic=u'spamtopic', partition=0)]) for group kafka-python-default-group
