Beginning task setup

/usr/bin/flock
Using existing venv: /tmp/petrel-spam-3-1474274411/venv
Task setup took 0 seconds
Launching: python -m petrel.run kafkaconsumer /home/pipe/topology/TopologyTweetTransformationSPAM/petrel9920_kafkaconsumer.log
/usr/local/lib/python2.7/dist-packages/petrel-1.0.1.0.3-py2.7.egg/petrel/run.py invoked with the following arguments: ['kafkaconsumer', '/home/pipe/topology/TopologyTweetTransformationSPAM/petrel9920_kafkaconsumer.log']
python version: 2.7.12
user=root
PATH=/tmp/petrel-spam-3-1474274411/venv/bin:/usr/local/sbin:/usr/local/bin:/usr/sbin:/usr/bin:/sbin:/bin:/snap/bin
LD_LIBRARY_PATH=/home/apache-storm-1.0.1/data/supervisor/stormdist/spam-3-1474274411/resources/Linux-amd64:/home/apache-storm-1.0.1/data/supervisor/stormdist/spam-3-1474274411/resources:/usr/local/lib:/opt/local/lib:/usr/lib
PYTHON_EGG_CACHE=/tmp/petrel-spam-3-1474274411/egg_cache
[2016-09-19 09:58:10,862][storm][INFO]Tuple profiling enabled. Will log tuple processing times.
[2016-09-19 09:58:11,035][storm][INFO]Task received setupInfo from Storm: {'pidDir': '/home/apache-storm-1.0.1/data/workers/9be6d4b6-c0a7-4a73-afde-a52dc282b91f/pids', 'conf': {'storm.group.mapping.service.params': None, 'topology.tuple.serializer': 'org.apache.storm.serialization.types.ListDelegateSerializer', 'topology.workers': 1, 'drpc.worker.threads': 64, 'ui.filter.params': None, 'transactional.zookeeper.root': '/transactional', 'logviewer.cleanup.age.mins': 10080, 'worker.profiler.command': 'flight.bash', 'topology.executor.send.buffer.size': 1024, 'nimbus.file.copy.expiration.secs': 600, 'oauth.acess_token': ' 702208758362087425-HZiyl1x7Bh98cQa1WLBDYylyu10Bpl7', 'drpc.childopts': '-Xmx768m', 'nimbus.thrift.port': 6627, 'topology.disruptor.wait.timeout.millis': 1000, 'storm.zookeeper.retry.intervalceiling.millis': 30000, 'storm.local.dir': '/home/apache-storm-1.0.1/data', 'storm.auth.simple-acl.users': [], 'drpc.invocations.threads': 64, 'storm.zookeeper.superACL': None, 'storm.cluster.state.store': 'org.apache.storm.cluster_state.zookeeper_state_factory', 'storm.codedistributor.class': 'org.apache.storm.codedistributor.LocalFileSystemCodeDistributor', 'drpc.https.keystore.password': '', 'supervisor.blobstore.download.max_retries': 3, 'pacemaker.kerberos.users': [], 'storm.messaging.netty.client_worker_threads': 1, 'oauth.consumer_secret': 'ADf76fi3O1lKMzBxWnjqf93l3GHv28uar3bkblkvyBrAyoA23i', 'topology.component.resources.offheap.memory.mb': 0.0, 'supervisor.heartbeat.frequency.secs': 5, 'storm.group.mapping.service.cache.duration.secs': 120, 'storm.group.mapping.service': 'org.apache.storm.security.auth.ShellBasedGroupsMapping', 'storm.workers.artifacts.dir': 'workers-artifacts', 'drpc.request.timeout.secs': 600, 'pacemaker.childopts': '-Xmx1024m', 'nimbus.seeds': ['localhost'], 'topology.shellbolt.max.pending': 100, 'topology.min.replication.count': 1, 'topology.skip.missing.kryo.registrations': False, 'worker.heartbeat.frequency.secs': 1, 'storm.auth.simple-acl.users.commands': [], 'storm.zookepeer.port': 2181, 'zmq.hwm': 0, 'topology.worker.shared.thread.pool.size': 4, 'storm.zookeeper.connection.timeout': 15000, 'java.library.path': '/usr/local/lib:/opt/local/lib:/usr/lib', 'logviewer.max.sum.worker.logs.size.mb': 4096, 'task.refresh.poll.secs': 10, 'topology.max.error.report.per.interval': 5, 'topology.worker.logwriter.childopts': '-Xmx64m', 'ui.actions.enabled': True, 'storm.health.check.timeout.ms': 5000, 'topology.scheduler.strategy': 'org.apache.storm.scheduler.resource.strategies.scheduling.DefaultResourceAwareStrategy', 'ui.host': '0.0.0.0', 'storm.messaging.netty.server_worker_threads': 1, 'topology.disruptor.batch.size': 100, 'storm.id': 'spam-3-1474274411', 'supervisor.worker.start.timeout.secs': 120, 'zmq.threads': 1, 'topology.acker.executors': None, 'pacemaker.thread.timeout': 10, 'storm.local.mode.zmq': False, 'topology.eventlogger.executors': 0, 'topology.tick.tuple.freq.secs': 30, 'supervisor.memory.capacity.mb': 3072.0, 'supervisor.worker.shutdown.sleep.secs': 1, 'pacemaker.base.threads': 10, 'drpc.http.creds.plugin': 'org.apache.storm.security.auth.DefaultHttpCredentialsPlugin', 'storm.zookeeper.servers': ['localhost'], 'supervisor.localizer.cache.target.size.mb': 10240, 'storm.messaging.netty.transfer.batch.size': 262144, 'resource.aware.scheduler.eviction.strategy': 'org.apache.storm.scheduler.resource.strategies.eviction.DefaultEvictionStrategy', 'topology.environment': None, 'storm.zookeeper.port': 2181, 'storm.auth.simple-acl.admins': [], 'pacemaker.host': 'localhost', 'nimbus.childopts': '-Xmx1024m', 'storm.principal.tolocal': 'org.apache.storm.security.auth.DefaultPrincipalToLocal', 'storm.nimbus.retry.times': 5, 'topology.classpath': None, 'drpc.authorizer.acl.filename': 'drpc-auth-acl.yaml', 'topology.bolts.outgoing.overflow.buffer.enable': False, 'nimbus.credential.renewers.freq.secs': 600, 'worker.childopts': '-Xmx%HEAP-MEM%m -XX:+PrintGCDetails -Xloggc:artifacts/gc.log -XX:+PrintGCDateStamps -XX:+PrintGCTimeStamps -XX:+UseGCLogFileRotation -XX:NumberOfGCLogFiles=10 -XX:GCLogFileSize=1M -XX:+HeapDumpOnOutOfMemoryError -XX:HeapDumpPath=artifacts/heapdump', 'drpc.queue.size': 128, 'supervisor.blobstore.class': 'org.apache.storm.blobstore.NimbusBlobStore', 'topology.multilang.serializer': 'org.apache.storm.multilang.JsonSerializer', 'storm.zookeeper.retry.times': 5, 'topology.disable.loadaware': False, 'supervisor.run.worker.as.user': False, 'storm.blobstore.replication.factor': 3, 'worker.profiler.childopts': '-XX:+UnlockCommercialFeatures -XX:+FlightRecorder', 'nimbus.thrift.threads': 64, 'nimbus.monitor.freq.secs': 10, 'storm.blobstore.inputstream.buffer.size.bytes': 65536, 'dev.zookeeper.path': '/tmp/dev-storm-zookeeper', 'topology.users': [], 'storm.daemon.metrics.reporter.plugins': ['org.apache.storm.daemon.metrics.reporters.JmxPreparableReporter'], 'storm.exhibitor.poll.uripath': '/exhibitor/v1/cluster/list', 'pacemaker.max.threads': 50, 'drpc.https.keystore.type': 'JKS', 'topology.tasks': None, 'storm.zookeeper.root': '/storm', 'logviewer.childopts': '-Xmx128m', 'topology.max.replication.wait.time.sec': 60, 'worker.gc.childopts': '', 'backpressure.disruptor.low.watermark': 0.4, 'storm.meta.serialization.delegate': 'org.apache.storm.serialization.GzipThriftSerializationDelegate', 'transactional.zookeeper.port': None, 'drpc.max_buffer_size': 1048576, 'topology.worker.childopts': None, 'storm.auth.simple-white-list.users': [], 'topology.max.spout.pending': None, 'nimbus.topology.validator': 'org.apache.storm.nimbus.DefaultTopologyValidator', 'topology.kryo.register': None, 'petrel.host': 'localhost', 'client.blobstore.class': 'org.apache.storm.blobstore.NimbusBlobStore', 'nimbus.cleanup.inbox.freq.secs': 600, 'storm.nimbus.retry.intervalceiling.millis': 60000, 'storm.network.topography.plugin': 'org.apache.storm.networktopography.DefaultRackDNSToSwitchMapping', 'storm.messaging.netty.min_wait_ms': 100, 'nimbus.task.timeout.secs': 30, 'topology.disruptor.batch.timeout.millis': 1, 'topology.state.checkpoint.interval.ms': 1000, 'ui.header.buffer.bytes': 4096, 'nimbus.thrift.max_buffer_size': 1048576, 'ui.http.creds.plugin': 'org.apache.storm.security.auth.DefaultHttpCredentialsPlugin', 'topology.sleep.spout.wait.strategy.time.ms': 1, 'nimbus.blobstore.expiration.secs': 600, 'storm.cluster.mode': 'distributed', 'storm.messaging.netty.socket.backlog': 500, 'worker.profiler.enabled': False, 'nimbus.queue.size': 100000, 'logviewer.appender.name': 'A1', 'drpc.authorizer.acl.strict': False, 'ui.port': 8080, 'supervisor.slots.ports': [6700, 6701, 6702, 6703], 'worker.log.level.reset.poll.secs': 30, 'storm.nimbus.retry.interval.millis': 2000, 'drpc.invocations.port': 3773, 'supervisor.monitor.frequency.secs': 3, 'ui.childopts': '-Xmx768m', 'transactional.zookeeper.servers': None, 'storm.log4j2.conf.dir': 'log4j2', 'supervisor.supervisors': [], 'zmq.linger.millis': 5000, 'topology.error.throttle.interval.secs': 10, 'storm.health.check.dir': 'healthchecks', 'topology.executor.receive.buffer.size': 1024, 'nimbus.impersonation.authorizer': 'org.apache.storm.security.auth.authorizer.ImpersonationAuthorizer', 'topology.submitter.principal': '', 'topology.worker.max.heap.size.mb': 768.0, 'topology.spout.wait.strategy': 'org.apache.storm.spout.SleepSpoutWaitStrategy', 'task.heartbeat.frequency.secs': 3, 'topology.transfer.buffer.size': 1024, 'storm.zookeeper.session.timeout': 20000, 'topology.testing.always.try.serialize': False, 'nimbus.blobstore.class': 'org.apache.storm.blobstore.LocalFsBlobStore', 'topology.stats.sample.rate': 0.05, 'topology.fall.back.on.java.serialization': True, 'storm.exhibitor.port': 8080, 'storm.zookeeper.auth.password': None, 'supervisor.childopts': '-Xmx256m', 'topology.backpressure.enable': True, 'pacemaker.port': 6699, 'topology.enable.message.timeouts': True, 'nimbus.code.sync.freq.secs': 120, 'backpressure.disruptor.high.watermark': 0.9, 'storm.messaging.netty.max_wait_ms': 1000, 'topology.worker.receiver.thread.count': 1, 'topology.component.resources.onheap.memory.mb': 128.0, 'resource.aware.scheduler.priority.strategy': 'org.apache.storm.scheduler.resource.strategies.priority.DefaultSchedulingPriorityStrategy', 'nimbus.supervisor.timeout.secs': 60, 'pacemaker.auth.method': 'NONE', 'drpc.https.port': -1, 'nimbus.inbox.jar.expiration.secs': 3600, 'scheduler.display.resource': False, 'topology.kryo.factory': 'org.apache.storm.serialization.DefaultKryoFactory', 'storm.zookeeper.retry.interval': 1000, 'supervisor.supervisors.commands': [], 'supervisor.localizer.cleanup.interval.ms': 600000, 'storm.messaging.netty.max_retries': 300, 'task.credentials.poll.secs': 30, 'drpc.http.port': 3774, 'storm.messaging.transport': 'org.apache.storm.messaging.netty.Context', 'supervisor.enable': True, 'nimbus.task.launch.secs': 120, 'supervisor.blobstore.download.thread.count': 5, 'topology.message.timeout.secs': 30, 'oauth.acess_token_secret': 'IiNOTfgE3tEZvW2HDQhRKPMoOLU43NXJCXk8maj51SdAT', 'storm.messaging.netty.authentication': False, 'petrel.user': 'pipe', 'drpc.port': 3772, 'storm.messaging.netty.buffer_size': 5242880, 'topology.state.synchronization.timeout.secs': 60, 'worker.heap.memory.mb': 768, 'topology.name': 'spam', 'topology.priority': 29, 'supervisor.worker.timeout.secs': 30, 'ui.filter': None, 'topology.trident.batch.emit.interval.millis': 500, 'topology.max.task.parallelism': None, 'supervisor.cpu.capacity': 400.0, 'topology.submitter.user': 'root', 'logviewer.max.per.worker.logs.size.mb': 2048, 'nimbus.host': 'localhost', 'topology.builtin.metrics.bucket.size.secs': 60, 'topology.component.cpu.pcore.percent': 10.0, 'ui.users': None, 'storm.thrift.transport': 'org.apache.storm.security.auth.SimpleTransportPlugin', 'logs.users': None, 'logviewer.port': 8000, 'oauth.consumer_key': 'eaFmBSxUveRJfmyZYeabti9Q9', 'topology.kryo.decorators': [], 'topology.debug': False, 'storm.zookeeper.auth.user': None}, 'context': {'task->component': {'11': '__acker', '10': 'WordDivider', '1': 'CountThreeWords', '3': 'CountTwoWords', '2': 'CountThreeWords', '5': 'CountWord', '4': 'CountTwoWords', '7': 'KafkaConsumer', '6': 'CountWord', '9': 'TwoWordDivider', '8': 'ThreeWordDivider'}, 'stream->target->grouping': {'default': {'WordDivider': {'type': 'SHUFFLE'}, 'ThreeWordDivider': {'type': 'SHUFFLE'}, 'TwoWordDivider': {'type': 'SHUFFLE'}}}, 'source->stream->fields': {}, 'streams': ['default'], 'stream->outputfields': {'default': ['sentence', 'user']}, 'taskid': 7, 'source->stream->grouping': {}, 'componentid': 'KafkaConsumer'}}
[2016-09-19 09:58:11,042][storm][INFO]Task sent pid to Storm
[2016-09-19 09:58:11,159][kafka.conn][INFO]Broker version identifed as 0.10
[2016-09-19 09:58:11,159][kafka.conn][INFO]Set configuration api_version=(0, 10) to skip auto check_version requests on startup
[2016-09-19 09:58:11,169][kafka.consumer.subscription_state][INFO]Updating subscribed topics to: ['spamtopic']
[2016-09-19 09:58:11,170][kafka.cluster][INFO]Group coordinator for kafka-python-default-group is BrokerMetadata(nodeId=0, host=u'localhost', port=9092, rack=None)
[2016-09-19 09:58:11,171][kafka.coordinator][INFO]Discovered coordinator 0 for group kafka-python-default-group
[2016-09-19 09:58:11,171][kafka.coordinator.consumer][INFO]Revoking previously assigned partitions set([]) for group kafka-python-default-group
[2016-09-19 09:58:11,171][kafka.coordinator][INFO](Re-)joining group kafka-python-default-group
[2016-09-19 09:58:33,567][kafka.coordinator][INFO]Joined group 'kafka-python-default-group' (generation 21) with member_id kafka-python-1.3.1-389aee8e-e459-4362-90f4-1452b280e7f1
[2016-09-19 09:58:33,568][kafka.coordinator][INFO]Successfully joined group kafka-python-default-group with generation 21
[2016-09-19 09:58:33,568][kafka.consumer.subscription_state][INFO]Updated partition assignment: [TopicPartition(topic=u'spamtopic', partition=0)]
[2016-09-19 09:58:33,569][kafka.coordinator.consumer][INFO]Setting newly assigned partitions set([TopicPartition(topic=u'spamtopic', partition=0)]) for group kafka-python-default-group
[2016-09-19 09:58:36,582][kafka.coordinator][WARNING]Heartbeat failed for group kafka-python-default-group because it is rebalancing
[2016-09-19 09:58:36,582][kafka.coordinator][WARNING]Heartbeat failed ([Error 27] RebalanceInProgressError: ); retrying
[2016-09-19 09:58:36,683][kafka.coordinator][INFO]Skipping heartbeat: no auto-assignment or waiting on rebalance
[2016-09-19 09:58:37,084][kafka.coordinator.consumer][INFO]Revoking previously assigned partitions set([TopicPartition(topic=u'spamtopic', partition=0)]) for group kafka-python-default-group
[2016-09-19 09:58:37,085][kafka.coordinator][INFO](Re-)joining group kafka-python-default-group
[2016-09-19 09:58:37,086][kafka.coordinator][INFO]Joined group 'kafka-python-default-group' (generation 22) with member_id kafka-python-1.3.1-389aee8e-e459-4362-90f4-1452b280e7f1
[2016-09-19 09:58:37,089][kafka.coordinator][INFO]Successfully joined group kafka-python-default-group with generation 22
[2016-09-19 09:58:37,089][kafka.consumer.subscription_state][INFO]Updated partition assignment: [TopicPartition(topic=u'spamtopic', partition=0)]
[2016-09-19 09:58:37,089][kafka.coordinator.consumer][INFO]Setting newly assigned partitions set([TopicPartition(topic=u'spamtopic', partition=0)]) for group kafka-python-default-group
[2016-09-19 09:58:40,100][kafka.coordinator][WARNING]Heartbeat failed for group kafka-python-default-group because it is rebalancing
[2016-09-19 09:58:40,100][kafka.coordinator][WARNING]Heartbeat failed ([Error 27] RebalanceInProgressError: ); retrying
[2016-09-19 09:58:40,201][kafka.coordinator][INFO]Skipping heartbeat: no auto-assignment or waiting on rebalance
[2016-09-19 09:58:40,602][kafka.coordinator.consumer][INFO]Revoking previously assigned partitions set([TopicPartition(topic=u'spamtopic', partition=0)]) for group kafka-python-default-group
[2016-09-19 09:58:40,602][kafka.coordinator][INFO](Re-)joining group kafka-python-default-group
[2016-09-19 09:58:40,604][kafka.coordinator][INFO]Joined group 'kafka-python-default-group' (generation 23) with member_id kafka-python-1.3.1-389aee8e-e459-4362-90f4-1452b280e7f1
[2016-09-19 09:58:40,608][kafka.coordinator][INFO]Successfully joined group kafka-python-default-group with generation 23
[2016-09-19 09:58:40,608][kafka.consumer.subscription_state][INFO]Updated partition assignment: [TopicPartition(topic=u'spamtopic', partition=0)]
[2016-09-19 09:58:40,608][kafka.coordinator.consumer][INFO]Setting newly assigned partitions set([TopicPartition(topic=u'spamtopic', partition=0)]) for group kafka-python-default-group
[2016-09-19 09:58:43,619][kafka.coordinator][WARNING]Heartbeat failed for group kafka-python-default-group because it is rebalancing
[2016-09-19 09:58:43,619][kafka.coordinator][WARNING]Heartbeat failed ([Error 27] RebalanceInProgressError: ); retrying
[2016-09-19 09:58:43,720][kafka.coordinator][INFO]Skipping heartbeat: no auto-assignment or waiting on rebalance
[2016-09-19 09:58:44,122][kafka.coordinator.consumer][INFO]Revoking previously assigned partitions set([TopicPartition(topic=u'spamtopic', partition=0)]) for group kafka-python-default-group
[2016-09-19 09:58:44,122][kafka.coordinator][INFO](Re-)joining group kafka-python-default-group
[2016-09-19 09:58:44,124][kafka.coordinator][INFO]Joined group 'kafka-python-default-group' (generation 24) with member_id kafka-python-1.3.1-389aee8e-e459-4362-90f4-1452b280e7f1
[2016-09-19 09:58:44,127][kafka.coordinator][INFO]Successfully joined group kafka-python-default-group with generation 24
[2016-09-19 09:58:44,128][kafka.consumer.subscription_state][INFO]Updated partition assignment: [TopicPartition(topic=u'spamtopic', partition=0)]
[2016-09-19 09:58:44,128][kafka.coordinator.consumer][INFO]Setting newly assigned partitions set([TopicPartition(topic=u'spamtopic', partition=0)]) for group kafka-python-default-group
[2016-09-19 09:58:47,139][kafka.coordinator][WARNING]Heartbeat failed for group kafka-python-default-group because it is rebalancing
[2016-09-19 09:58:47,139][kafka.coordinator][WARNING]Heartbeat failed ([Error 27] RebalanceInProgressError: ); retrying
[2016-09-19 09:58:47,240][kafka.coordinator][INFO]Skipping heartbeat: no auto-assignment or waiting on rebalance
[2016-09-19 09:58:47,642][kafka.coordinator.consumer][INFO]Revoking previously assigned partitions set([TopicPartition(topic=u'spamtopic', partition=0)]) for group kafka-python-default-group
[2016-09-19 09:58:47,642][kafka.coordinator][INFO](Re-)joining group kafka-python-default-group
[2016-09-19 09:58:47,644][kafka.coordinator][INFO]Joined group 'kafka-python-default-group' (generation 25) with member_id kafka-python-1.3.1-389aee8e-e459-4362-90f4-1452b280e7f1
[2016-09-19 09:58:47,647][kafka.coordinator][INFO]Successfully joined group kafka-python-default-group with generation 25
[2016-09-19 09:58:47,647][kafka.consumer.subscription_state][INFO]Updated partition assignment: [TopicPartition(topic=u'spamtopic', partition=0)]
[2016-09-19 09:58:47,647][kafka.coordinator.consumer][INFO]Setting newly assigned partitions set([TopicPartition(topic=u'spamtopic', partition=0)]) for group kafka-python-default-group
[2016-09-19 09:58:50,658][kafka.coordinator][WARNING]Heartbeat failed for group kafka-python-default-group because it is rebalancing
[2016-09-19 09:58:50,659][kafka.coordinator][WARNING]Heartbeat failed ([Error 27] RebalanceInProgressError: ); retrying
[2016-09-19 09:58:50,760][kafka.coordinator][INFO]Skipping heartbeat: no auto-assignment or waiting on rebalance
[2016-09-19 09:58:51,161][kafka.coordinator.consumer][INFO]Revoking previously assigned partitions set([TopicPartition(topic=u'spamtopic', partition=0)]) for group kafka-python-default-group
[2016-09-19 09:58:51,162][kafka.coordinator][INFO](Re-)joining group kafka-python-default-group
[2016-09-19 09:58:51,174][kafka.coordinator][INFO]Joined group 'kafka-python-default-group' (generation 26) with member_id kafka-python-1.3.1-389aee8e-e459-4362-90f4-1452b280e7f1
[2016-09-19 09:58:51,175][kafka.coordinator][INFO](Re-)joining group kafka-python-default-group
[2016-09-19 09:58:54,682][kafka.coordinator][INFO]Joined group 'kafka-python-default-group' (generation 27) with member_id kafka-python-1.3.1-389aee8e-e459-4362-90f4-1452b280e7f1
[2016-09-19 09:58:54,683][kafka.coordinator.consumer][WARNING]Auto offset commit failed for group kafka-python-default-group: CommitFailedError: Commit cannot be completed since the group has already rebalanced and assigned the partitions to another member. This means that the time between subsequent calls to poll() was longer than the configured session.timeout.ms, which typically implies that the poll loop is spending too much time message processing. You can address this either by increasing the session timeout or by reducing the maximum size of batches returned in poll() with max.poll.records.
[2016-09-19 09:58:54,687][kafka.coordinator][INFO]Successfully joined group kafka-python-default-group with generation 27
[2016-09-19 09:58:54,687][kafka.consumer.subscription_state][INFO]Updated partition assignment: [TopicPartition(topic=u'spamtopic', partition=0)]
[2016-09-19 09:58:54,687][kafka.coordinator.consumer][INFO]Setting newly assigned partitions set([TopicPartition(topic=u'spamtopic', partition=0)]) for group kafka-python-default-group
[2016-09-19 09:58:57,697][kafka.coordinator][WARNING]Heartbeat failed for group kafka-python-default-group because it is rebalancing
[2016-09-19 09:58:57,697][kafka.coordinator][WARNING]Heartbeat failed ([Error 27] RebalanceInProgressError: ); retrying
[2016-09-19 09:58:57,799][kafka.coordinator][INFO]Skipping heartbeat: no auto-assignment or waiting on rebalance
[2016-09-19 09:58:58,199][kafka.coordinator.consumer][INFO]Revoking previously assigned partitions set([TopicPartition(topic=u'spamtopic', partition=0)]) for group kafka-python-default-group
[2016-09-19 09:58:58,199][kafka.coordinator][INFO](Re-)joining group kafka-python-default-group
[2016-09-19 09:58:58,204][kafka.coordinator][INFO]Joined group 'kafka-python-default-group' (generation 28) with member_id kafka-python-1.3.1-389aee8e-e459-4362-90f4-1452b280e7f1
[2016-09-19 09:58:58,205][kafka.coordinator][INFO]Successfully joined group kafka-python-default-group with generation 28
[2016-09-19 09:58:58,205][kafka.consumer.subscription_state][INFO]Updated partition assignment: [TopicPartition(topic=u'spamtopic', partition=0)]
[2016-09-19 09:58:58,205][kafka.coordinator.consumer][INFO]Setting newly assigned partitions set([TopicPartition(topic=u'spamtopic', partition=0)]) for group kafka-python-default-group
[2016-09-19 09:59:01,217][kafka.coordinator][WARNING]Heartbeat failed for group kafka-python-default-group because it is rebalancing
[2016-09-19 09:59:01,218][kafka.coordinator][WARNING]Heartbeat failed ([Error 27] RebalanceInProgressError: ); retrying
[2016-09-19 09:59:01,319][kafka.coordinator][INFO]Skipping heartbeat: no auto-assignment or waiting on rebalance
[2016-09-19 09:59:01,719][kafka.coordinator.consumer][INFO]Revoking previously assigned partitions set([TopicPartition(topic=u'spamtopic', partition=0)]) for group kafka-python-default-group
[2016-09-19 09:59:01,720][kafka.coordinator][INFO](Re-)joining group kafka-python-default-group
[2016-09-19 09:59:01,722][kafka.coordinator][INFO]Joined group 'kafka-python-default-group' (generation 29) with member_id kafka-python-1.3.1-389aee8e-e459-4362-90f4-1452b280e7f1
[2016-09-19 09:59:01,725][kafka.coordinator][INFO]Successfully joined group kafka-python-default-group with generation 29
[2016-09-19 09:59:01,725][kafka.consumer.subscription_state][INFO]Updated partition assignment: [TopicPartition(topic=u'spamtopic', partition=0)]
[2016-09-19 09:59:01,725][kafka.coordinator.consumer][INFO]Setting newly assigned partitions set([TopicPartition(topic=u'spamtopic', partition=0)]) for group kafka-python-default-group
[2016-09-19 09:59:04,737][kafka.coordinator][WARNING]Heartbeat failed for group kafka-python-default-group because it is rebalancing
[2016-09-19 09:59:04,737][kafka.coordinator][WARNING]Heartbeat failed ([Error 27] RebalanceInProgressError: ); retrying
[2016-09-19 09:59:04,839][kafka.coordinator][INFO]Skipping heartbeat: no auto-assignment or waiting on rebalance
[2016-09-19 09:59:05,240][kafka.coordinator.consumer][INFO]Revoking previously assigned partitions set([TopicPartition(topic=u'spamtopic', partition=0)]) for group kafka-python-default-group
[2016-09-19 09:59:05,241][kafka.coordinator][INFO](Re-)joining group kafka-python-default-group
[2016-09-19 09:59:05,243][kafka.coordinator][INFO]Joined group 'kafka-python-default-group' (generation 30) with member_id kafka-python-1.3.1-389aee8e-e459-4362-90f4-1452b280e7f1
[2016-09-19 09:59:05,246][kafka.coordinator][INFO]Successfully joined group kafka-python-default-group with generation 30
[2016-09-19 09:59:05,246][kafka.consumer.subscription_state][INFO]Updated partition assignment: [TopicPartition(topic=u'spamtopic', partition=0)]
[2016-09-19 09:59:05,246][kafka.coordinator.consumer][INFO]Setting newly assigned partitions set([TopicPartition(topic=u'spamtopic', partition=0)]) for group kafka-python-default-group
[2016-09-19 09:59:08,261][kafka.coordinator][WARNING]Heartbeat failed for group kafka-python-default-group because it is rebalancing
[2016-09-19 09:59:08,261][kafka.coordinator][WARNING]Heartbeat failed ([Error 27] RebalanceInProgressError: ); retrying
[2016-09-19 09:59:08,363][kafka.coordinator][INFO]Skipping heartbeat: no auto-assignment or waiting on rebalance
[2016-09-19 09:59:08,764][kafka.coordinator.consumer][INFO]Revoking previously assigned partitions set([TopicPartition(topic=u'spamtopic', partition=0)]) for group kafka-python-default-group
[2016-09-19 09:59:08,764][kafka.coordinator][INFO](Re-)joining group kafka-python-default-group
[2016-09-19 09:59:08,766][kafka.coordinator][INFO]Joined group 'kafka-python-default-group' (generation 31) with member_id kafka-python-1.3.1-389aee8e-e459-4362-90f4-1452b280e7f1
[2016-09-19 09:59:08,770][kafka.coordinator][INFO]Successfully joined group kafka-python-default-group with generation 31
[2016-09-19 09:59:08,770][kafka.consumer.subscription_state][INFO]Updated partition assignment: [TopicPartition(topic=u'spamtopic', partition=0)]
[2016-09-19 09:59:08,770][kafka.coordinator.consumer][INFO]Setting newly assigned partitions set([TopicPartition(topic=u'spamtopic', partition=0)]) for group kafka-python-default-group
[2016-09-19 09:59:11,779][kafka.coordinator][WARNING]Heartbeat failed for group kafka-python-default-group because it is rebalancing
[2016-09-19 09:59:11,779][kafka.coordinator][WARNING]Heartbeat failed ([Error 27] RebalanceInProgressError: ); retrying
[2016-09-19 09:59:11,881][kafka.coordinator][INFO]Skipping heartbeat: no auto-assignment or waiting on rebalance
[2016-09-19 09:59:12,281][kafka.coordinator.consumer][INFO]Revoking previously assigned partitions set([TopicPartition(topic=u'spamtopic', partition=0)]) for group kafka-python-default-group
[2016-09-19 09:59:12,282][kafka.coordinator][INFO](Re-)joining group kafka-python-default-group
[2016-09-19 09:59:12,283][kafka.coordinator][INFO]Joined group 'kafka-python-default-group' (generation 32) with member_id kafka-python-1.3.1-389aee8e-e459-4362-90f4-1452b280e7f1
[2016-09-19 09:59:12,288][kafka.coordinator][INFO]Successfully joined group kafka-python-default-group with generation 32
[2016-09-19 09:59:12,288][kafka.consumer.subscription_state][INFO]Updated partition assignment: [TopicPartition(topic=u'spamtopic', partition=0)]
[2016-09-19 09:59:12,288][kafka.coordinator.consumer][INFO]Setting newly assigned partitions set([TopicPartition(topic=u'spamtopic', partition=0)]) for group kafka-python-default-group
[2016-09-19 09:59:15,300][kafka.coordinator][WARNING]Heartbeat failed for group kafka-python-default-group because it is rebalancing
[2016-09-19 09:59:15,300][kafka.coordinator][WARNING]Heartbeat failed ([Error 27] RebalanceInProgressError: ); retrying
[2016-09-19 09:59:15,402][kafka.coordinator][INFO]Skipping heartbeat: no auto-assignment or waiting on rebalance
[2016-09-19 09:59:15,802][kafka.coordinator.consumer][INFO]Revoking previously assigned partitions set([TopicPartition(topic=u'spamtopic', partition=0)]) for group kafka-python-default-group
[2016-09-19 09:59:15,802][kafka.coordinator][INFO](Re-)joining group kafka-python-default-group
[2016-09-19 09:59:15,803][kafka.coordinator][INFO]Joined group 'kafka-python-default-group' (generation 33) with member_id kafka-python-1.3.1-389aee8e-e459-4362-90f4-1452b280e7f1
[2016-09-19 09:59:15,810][kafka.coordinator][INFO]Successfully joined group kafka-python-default-group with generation 33
[2016-09-19 09:59:15,810][kafka.consumer.subscription_state][INFO]Updated partition assignment: [TopicPartition(topic=u'spamtopic', partition=0)]
[2016-09-19 09:59:15,811][kafka.coordinator.consumer][INFO]Setting newly assigned partitions set([TopicPartition(topic=u'spamtopic', partition=0)]) for group kafka-python-default-group
[2016-09-19 09:59:18,822][kafka.coordinator][WARNING]Heartbeat failed for group kafka-python-default-group because it is rebalancing
[2016-09-19 09:59:18,822][kafka.coordinator][WARNING]Heartbeat failed ([Error 27] RebalanceInProgressError: ); retrying
[2016-09-19 09:59:18,923][kafka.coordinator][INFO]Skipping heartbeat: no auto-assignment or waiting on rebalance
[2016-09-19 09:59:19,325][kafka.coordinator.consumer][INFO]Revoking previously assigned partitions set([TopicPartition(topic=u'spamtopic', partition=0)]) for group kafka-python-default-group
[2016-09-19 09:59:19,325][kafka.coordinator][INFO](Re-)joining group kafka-python-default-group
[2016-09-19 09:59:19,327][kafka.coordinator][INFO]Joined group 'kafka-python-default-group' (generation 34) with member_id kafka-python-1.3.1-389aee8e-e459-4362-90f4-1452b280e7f1
[2016-09-19 09:59:19,338][kafka.coordinator][INFO]Successfully joined group kafka-python-default-group with generation 34
[2016-09-19 09:59:19,338][kafka.consumer.subscription_state][INFO]Updated partition assignment: [TopicPartition(topic=u'spamtopic', partition=0)]
[2016-09-19 09:59:19,339][kafka.coordinator.consumer][INFO]Setting newly assigned partitions set([TopicPartition(topic=u'spamtopic', partition=0)]) for group kafka-python-default-group
[2016-09-19 09:59:22,349][kafka.coordinator][WARNING]Heartbeat failed for group kafka-python-default-group because it is rebalancing
[2016-09-19 09:59:22,349][kafka.coordinator][WARNING]Heartbeat failed ([Error 27] RebalanceInProgressError: ); retrying
[2016-09-19 09:59:22,450][kafka.coordinator][INFO]Skipping heartbeat: no auto-assignment or waiting on rebalance
[2016-09-19 09:59:22,852][kafka.coordinator.consumer][INFO]Revoking previously assigned partitions set([TopicPartition(topic=u'spamtopic', partition=0)]) for group kafka-python-default-group
[2016-09-19 09:59:22,852][kafka.coordinator][INFO](Re-)joining group kafka-python-default-group
[2016-09-19 09:59:22,854][kafka.coordinator][INFO]Joined group 'kafka-python-default-group' (generation 35) with member_id kafka-python-1.3.1-389aee8e-e459-4362-90f4-1452b280e7f1
[2016-09-19 09:59:22,857][kafka.coordinator][INFO]Successfully joined group kafka-python-default-group with generation 35
[2016-09-19 09:59:22,857][kafka.consumer.subscription_state][INFO]Updated partition assignment: [TopicPartition(topic=u'spamtopic', partition=0)]
[2016-09-19 09:59:22,857][kafka.coordinator.consumer][INFO]Setting newly assigned partitions set([TopicPartition(topic=u'spamtopic', partition=0)]) for group kafka-python-default-group
[2016-09-19 09:59:25,868][kafka.coordinator][WARNING]Heartbeat failed for group kafka-python-default-group because it is rebalancing
[2016-09-19 09:59:25,869][kafka.coordinator][WARNING]Heartbeat failed ([Error 27] RebalanceInProgressError: ); retrying
[2016-09-19 09:59:25,970][kafka.coordinator][INFO]Skipping heartbeat: no auto-assignment or waiting on rebalance
[2016-09-19 09:59:26,371][kafka.coordinator.consumer][INFO]Revoking previously assigned partitions set([TopicPartition(topic=u'spamtopic', partition=0)]) for group kafka-python-default-group
[2016-09-19 09:59:26,371][kafka.coordinator][INFO](Re-)joining group kafka-python-default-group
[2016-09-19 09:59:26,374][kafka.coordinator][INFO]Joined group 'kafka-python-default-group' (generation 36) with member_id kafka-python-1.3.1-389aee8e-e459-4362-90f4-1452b280e7f1
[2016-09-19 09:59:26,378][kafka.coordinator][INFO]Successfully joined group kafka-python-default-group with generation 36
[2016-09-19 09:59:26,379][kafka.consumer.subscription_state][INFO]Updated partition assignment: [TopicPartition(topic=u'spamtopic', partition=0)]
[2016-09-19 09:59:26,379][kafka.coordinator.consumer][INFO]Setting newly assigned partitions set([TopicPartition(topic=u'spamtopic', partition=0)]) for group kafka-python-default-group
[2016-09-19 09:59:29,389][kafka.coordinator][WARNING]Heartbeat failed for group kafka-python-default-group because it is rebalancing
[2016-09-19 09:59:29,389][kafka.coordinator][WARNING]Heartbeat failed ([Error 27] RebalanceInProgressError: ); retrying
[2016-09-19 09:59:29,491][kafka.coordinator][INFO]Skipping heartbeat: no auto-assignment or waiting on rebalance
[2016-09-19 09:59:29,892][kafka.coordinator.consumer][INFO]Revoking previously assigned partitions set([TopicPartition(topic=u'spamtopic', partition=0)]) for group kafka-python-default-group
[2016-09-19 09:59:29,892][kafka.coordinator][INFO](Re-)joining group kafka-python-default-group
[2016-09-19 09:59:29,894][kafka.coordinator][INFO]Joined group 'kafka-python-default-group' (generation 37) with member_id kafka-python-1.3.1-389aee8e-e459-4362-90f4-1452b280e7f1
[2016-09-19 09:59:29,897][kafka.coordinator][INFO]Successfully joined group kafka-python-default-group with generation 37
[2016-09-19 09:59:29,898][kafka.consumer.subscription_state][INFO]Updated partition assignment: [TopicPartition(topic=u'spamtopic', partition=0)]
[2016-09-19 09:59:29,898][kafka.coordinator.consumer][INFO]Setting newly assigned partitions set([TopicPartition(topic=u'spamtopic', partition=0)]) for group kafka-python-default-group
[2016-09-19 09:59:32,908][kafka.coordinator][WARNING]Heartbeat failed for group kafka-python-default-group because it is rebalancing
[2016-09-19 09:59:32,909][kafka.coordinator][WARNING]Heartbeat failed ([Error 27] RebalanceInProgressError: ); retrying
[2016-09-19 09:59:33,010][kafka.coordinator][INFO]Skipping heartbeat: no auto-assignment or waiting on rebalance
[2016-09-19 09:59:33,410][kafka.coordinator.consumer][INFO]Revoking previously assigned partitions set([TopicPartition(topic=u'spamtopic', partition=0)]) for group kafka-python-default-group
[2016-09-19 09:59:33,410][kafka.coordinator][INFO](Re-)joining group kafka-python-default-group
[2016-09-19 09:59:33,412][kafka.coordinator][INFO]Joined group 'kafka-python-default-group' (generation 38) with member_id kafka-python-1.3.1-389aee8e-e459-4362-90f4-1452b280e7f1
[2016-09-19 09:59:33,414][kafka.coordinator][INFO]Successfully joined group kafka-python-default-group with generation 38
[2016-09-19 09:59:33,415][kafka.consumer.subscription_state][INFO]Updated partition assignment: [TopicPartition(topic=u'spamtopic', partition=0)]
[2016-09-19 09:59:33,415][kafka.coordinator.consumer][INFO]Setting newly assigned partitions set([TopicPartition(topic=u'spamtopic', partition=0)]) for group kafka-python-default-group
[2016-09-19 09:59:36,427][kafka.coordinator][WARNING]Heartbeat failed for group kafka-python-default-group because it is rebalancing
[2016-09-19 09:59:36,427][kafka.coordinator][WARNING]Heartbeat failed ([Error 27] RebalanceInProgressError: ); retrying
[2016-09-19 09:59:36,528][kafka.coordinator][INFO]Skipping heartbeat: no auto-assignment or waiting on rebalance
[2016-09-19 09:59:36,929][kafka.coordinator.consumer][INFO]Revoking previously assigned partitions set([TopicPartition(topic=u'spamtopic', partition=0)]) for group kafka-python-default-group
[2016-09-19 09:59:36,929][kafka.coordinator][INFO](Re-)joining group kafka-python-default-group
[2016-09-19 09:59:36,931][kafka.coordinator][INFO]Joined group 'kafka-python-default-group' (generation 39) with member_id kafka-python-1.3.1-389aee8e-e459-4362-90f4-1452b280e7f1
[2016-09-19 09:59:36,933][kafka.coordinator][INFO]Successfully joined group kafka-python-default-group with generation 39
[2016-09-19 09:59:36,933][kafka.consumer.subscription_state][INFO]Updated partition assignment: [TopicPartition(topic=u'spamtopic', partition=0)]
[2016-09-19 09:59:36,934][kafka.coordinator.consumer][INFO]Setting newly assigned partitions set([TopicPartition(topic=u'spamtopic', partition=0)]) for group kafka-python-default-group
[2016-09-19 09:59:39,946][kafka.coordinator][WARNING]Heartbeat failed for group kafka-python-default-group because it is rebalancing
[2016-09-19 09:59:39,946][kafka.coordinator][WARNING]Heartbeat failed ([Error 27] RebalanceInProgressError: ); retrying
[2016-09-19 09:59:40,047][kafka.coordinator][INFO]Skipping heartbeat: no auto-assignment or waiting on rebalance
[2016-09-19 09:59:40,449][kafka.coordinator.consumer][INFO]Revoking previously assigned partitions set([TopicPartition(topic=u'spamtopic', partition=0)]) for group kafka-python-default-group
[2016-09-19 09:59:40,449][kafka.coordinator][INFO](Re-)joining group kafka-python-default-group
[2016-09-19 09:59:40,451][kafka.coordinator][INFO]Joined group 'kafka-python-default-group' (generation 40) with member_id kafka-python-1.3.1-389aee8e-e459-4362-90f4-1452b280e7f1
[2016-09-19 09:59:40,453][kafka.coordinator][INFO]Successfully joined group kafka-python-default-group with generation 40
[2016-09-19 09:59:40,453][kafka.consumer.subscription_state][INFO]Updated partition assignment: [TopicPartition(topic=u'spamtopic', partition=0)]
[2016-09-19 09:59:40,454][kafka.coordinator.consumer][INFO]Setting newly assigned partitions set([TopicPartition(topic=u'spamtopic', partition=0)]) for group kafka-python-default-group
[2016-09-19 09:59:43,463][kafka.coordinator][WARNING]Heartbeat failed for group kafka-python-default-group because it is rebalancing
[2016-09-19 09:59:43,463][kafka.coordinator][WARNING]Heartbeat failed ([Error 27] RebalanceInProgressError: ); retrying
[2016-09-19 09:59:43,565][kafka.coordinator][INFO]Skipping heartbeat: no auto-assignment or waiting on rebalance
[2016-09-19 09:59:43,966][kafka.coordinator.consumer][INFO]Revoking previously assigned partitions set([TopicPartition(topic=u'spamtopic', partition=0)]) for group kafka-python-default-group
[2016-09-19 09:59:43,966][kafka.coordinator][INFO](Re-)joining group kafka-python-default-group
[2016-09-19 09:59:43,968][kafka.coordinator][INFO]Joined group 'kafka-python-default-group' (generation 41) with member_id kafka-python-1.3.1-389aee8e-e459-4362-90f4-1452b280e7f1
[2016-09-19 09:59:43,981][kafka.coordinator][INFO]Successfully joined group kafka-python-default-group with generation 41
[2016-09-19 09:59:43,981][kafka.consumer.subscription_state][INFO]Updated partition assignment: [TopicPartition(topic=u'spamtopic', partition=0)]
[2016-09-19 09:59:43,982][kafka.coordinator.consumer][INFO]Setting newly assigned partitions set([TopicPartition(topic=u'spamtopic', partition=0)]) for group kafka-python-default-group
[2016-09-19 09:59:46,991][kafka.coordinator][WARNING]Heartbeat failed for group kafka-python-default-group because it is rebalancing
[2016-09-19 09:59:46,991][kafka.coordinator][WARNING]Heartbeat failed ([Error 27] RebalanceInProgressError: ); retrying
[2016-09-19 09:59:47,093][kafka.coordinator][INFO]Skipping heartbeat: no auto-assignment or waiting on rebalance
[2016-09-19 09:59:47,494][kafka.coordinator.consumer][INFO]Revoking previously assigned partitions set([TopicPartition(topic=u'spamtopic', partition=0)]) for group kafka-python-default-group
[2016-09-19 09:59:47,494][kafka.coordinator][INFO](Re-)joining group kafka-python-default-group
[2016-09-19 09:59:47,497][kafka.coordinator][INFO]Joined group 'kafka-python-default-group' (generation 42) with member_id kafka-python-1.3.1-389aee8e-e459-4362-90f4-1452b280e7f1
[2016-09-19 09:59:47,499][kafka.coordinator][INFO]Successfully joined group kafka-python-default-group with generation 42
[2016-09-19 09:59:47,499][kafka.consumer.subscription_state][INFO]Updated partition assignment: [TopicPartition(topic=u'spamtopic', partition=0)]
[2016-09-19 09:59:47,499][kafka.coordinator.consumer][INFO]Setting newly assigned partitions set([TopicPartition(topic=u'spamtopic', partition=0)]) for group kafka-python-default-group
[2016-09-19 09:59:50,509][kafka.coordinator][WARNING]Heartbeat failed for group kafka-python-default-group because it is rebalancing
[2016-09-19 09:59:50,509][kafka.coordinator][WARNING]Heartbeat failed ([Error 27] RebalanceInProgressError: ); retrying
[2016-09-19 09:59:50,611][kafka.coordinator][INFO]Skipping heartbeat: no auto-assignment or waiting on rebalance
[2016-09-19 09:59:51,012][kafka.coordinator.consumer][INFO]Revoking previously assigned partitions set([TopicPartition(topic=u'spamtopic', partition=0)]) for group kafka-python-default-group
[2016-09-19 09:59:51,012][kafka.coordinator][INFO](Re-)joining group kafka-python-default-group
[2016-09-19 09:59:51,014][kafka.coordinator][INFO]Joined group 'kafka-python-default-group' (generation 43) with member_id kafka-python-1.3.1-389aee8e-e459-4362-90f4-1452b280e7f1
[2016-09-19 09:59:51,019][kafka.coordinator][INFO]Successfully joined group kafka-python-default-group with generation 43
[2016-09-19 09:59:51,019][kafka.consumer.subscription_state][INFO]Updated partition assignment: [TopicPartition(topic=u'spamtopic', partition=0)]
[2016-09-19 09:59:51,019][kafka.coordinator.consumer][INFO]Setting newly assigned partitions set([TopicPartition(topic=u'spamtopic', partition=0)]) for group kafka-python-default-group
[2016-09-19 09:59:54,031][kafka.coordinator][WARNING]Heartbeat failed for group kafka-python-default-group because it is rebalancing
[2016-09-19 09:59:54,031][kafka.coordinator][WARNING]Heartbeat failed ([Error 27] RebalanceInProgressError: ); retrying
[2016-09-19 09:59:54,132][kafka.coordinator][INFO]Skipping heartbeat: no auto-assignment or waiting on rebalance
[2016-09-19 09:59:54,533][kafka.coordinator.consumer][INFO]Revoking previously assigned partitions set([TopicPartition(topic=u'spamtopic', partition=0)]) for group kafka-python-default-group
[2016-09-19 09:59:54,533][kafka.coordinator][INFO](Re-)joining group kafka-python-default-group
[2016-09-19 09:59:54,535][kafka.coordinator][INFO]Joined group 'kafka-python-default-group' (generation 44) with member_id kafka-python-1.3.1-389aee8e-e459-4362-90f4-1452b280e7f1
[2016-09-19 09:59:54,538][kafka.coordinator][INFO]Successfully joined group kafka-python-default-group with generation 44
[2016-09-19 09:59:54,538][kafka.consumer.subscription_state][INFO]Updated partition assignment: [TopicPartition(topic=u'spamtopic', partition=0)]
[2016-09-19 09:59:54,538][kafka.coordinator.consumer][INFO]Setting newly assigned partitions set([TopicPartition(topic=u'spamtopic', partition=0)]) for group kafka-python-default-group
[2016-09-19 09:59:57,550][kafka.coordinator][WARNING]Heartbeat failed for group kafka-python-default-group because it is rebalancing
[2016-09-19 09:59:57,550][kafka.coordinator][WARNING]Heartbeat failed ([Error 27] RebalanceInProgressError: ); retrying
[2016-09-19 09:59:57,651][kafka.coordinator][INFO]Skipping heartbeat: no auto-assignment or waiting on rebalance
[2016-09-19 09:59:58,052][kafka.coordinator.consumer][INFO]Revoking previously assigned partitions set([TopicPartition(topic=u'spamtopic', partition=0)]) for group kafka-python-default-group
[2016-09-19 09:59:58,052][kafka.coordinator][INFO](Re-)joining group kafka-python-default-group
[2016-09-19 09:59:58,054][kafka.coordinator][INFO]Joined group 'kafka-python-default-group' (generation 45) with member_id kafka-python-1.3.1-389aee8e-e459-4362-90f4-1452b280e7f1
[2016-09-19 09:59:58,057][kafka.coordinator][INFO]Successfully joined group kafka-python-default-group with generation 45
[2016-09-19 09:59:58,057][kafka.consumer.subscription_state][INFO]Updated partition assignment: [TopicPartition(topic=u'spamtopic', partition=0)]
[2016-09-19 09:59:58,058][kafka.coordinator.consumer][INFO]Setting newly assigned partitions set([TopicPartition(topic=u'spamtopic', partition=0)]) for group kafka-python-default-group
[2016-09-19 10:00:01,068][kafka.coordinator][WARNING]Heartbeat failed for group kafka-python-default-group because it is rebalancing
[2016-09-19 10:00:01,069][kafka.coordinator][WARNING]Heartbeat failed ([Error 27] RebalanceInProgressError: ); retrying
[2016-09-19 10:00:01,170][kafka.coordinator][INFO]Skipping heartbeat: no auto-assignment or waiting on rebalance
[2016-09-19 10:00:01,570][kafka.coordinator.consumer][INFO]Revoking previously assigned partitions set([TopicPartition(topic=u'spamtopic', partition=0)]) for group kafka-python-default-group
[2016-09-19 10:00:01,570][kafka.coordinator][INFO](Re-)joining group kafka-python-default-group
[2016-09-19 10:00:01,582][kafka.coordinator][INFO]Joined group 'kafka-python-default-group' (generation 46) with member_id kafka-python-1.3.1-389aee8e-e459-4362-90f4-1452b280e7f1
[2016-09-19 10:00:01,586][kafka.coordinator][INFO]Successfully joined group kafka-python-default-group with generation 46
[2016-09-19 10:00:01,587][kafka.consumer.subscription_state][INFO]Updated partition assignment: [TopicPartition(topic=u'spamtopic', partition=0)]
[2016-09-19 10:00:01,587][kafka.coordinator.consumer][INFO]Setting newly assigned partitions set([TopicPartition(topic=u'spamtopic', partition=0)]) for group kafka-python-default-group
[2016-09-19 10:00:04,597][kafka.coordinator][WARNING]Heartbeat failed for group kafka-python-default-group because it is rebalancing
[2016-09-19 10:00:04,597][kafka.coordinator][WARNING]Heartbeat failed ([Error 27] RebalanceInProgressError: ); retrying
[2016-09-19 10:00:04,698][kafka.coordinator][INFO]Skipping heartbeat: no auto-assignment or waiting on rebalance
[2016-09-19 10:00:05,100][kafka.coordinator.consumer][INFO]Revoking previously assigned partitions set([TopicPartition(topic=u'spamtopic', partition=0)]) for group kafka-python-default-group
[2016-09-19 10:00:05,100][kafka.coordinator][INFO](Re-)joining group kafka-python-default-group
[2016-09-19 10:00:05,103][kafka.coordinator][INFO]Joined group 'kafka-python-default-group' (generation 47) with member_id kafka-python-1.3.1-389aee8e-e459-4362-90f4-1452b280e7f1
[2016-09-19 10:00:05,105][kafka.coordinator][INFO]Successfully joined group kafka-python-default-group with generation 47
[2016-09-19 10:00:05,105][kafka.consumer.subscription_state][INFO]Updated partition assignment: [TopicPartition(topic=u'spamtopic', partition=0)]
[2016-09-19 10:00:05,105][kafka.coordinator.consumer][INFO]Setting newly assigned partitions set([TopicPartition(topic=u'spamtopic', partition=0)]) for group kafka-python-default-group
[2016-09-19 10:00:08,116][kafka.coordinator][WARNING]Heartbeat failed for group kafka-python-default-group because it is rebalancing
[2016-09-19 10:00:08,116][kafka.coordinator][WARNING]Heartbeat failed ([Error 27] RebalanceInProgressError: ); retrying
[2016-09-19 10:00:08,217][kafka.coordinator][INFO]Skipping heartbeat: no auto-assignment or waiting on rebalance
[2016-09-19 10:00:08,618][kafka.coordinator.consumer][INFO]Revoking previously assigned partitions set([TopicPartition(topic=u'spamtopic', partition=0)]) for group kafka-python-default-group
[2016-09-19 10:00:08,619][kafka.coordinator][INFO](Re-)joining group kafka-python-default-group
[2016-09-19 10:00:08,621][kafka.coordinator][INFO]Joined group 'kafka-python-default-group' (generation 48) with member_id kafka-python-1.3.1-389aee8e-e459-4362-90f4-1452b280e7f1
[2016-09-19 10:00:08,624][kafka.coordinator][INFO]Successfully joined group kafka-python-default-group with generation 48
[2016-09-19 10:00:08,624][kafka.consumer.subscription_state][INFO]Updated partition assignment: [TopicPartition(topic=u'spamtopic', partition=0)]
[2016-09-19 10:00:08,625][kafka.coordinator.consumer][INFO]Setting newly assigned partitions set([TopicPartition(topic=u'spamtopic', partition=0)]) for group kafka-python-default-group
[2016-09-19 10:00:11,634][kafka.coordinator][WARNING]Heartbeat failed for group kafka-python-default-group because it is rebalancing
[2016-09-19 10:00:11,634][kafka.coordinator][WARNING]Heartbeat failed ([Error 27] RebalanceInProgressError: ); retrying
[2016-09-19 10:00:11,735][kafka.coordinator][INFO]Skipping heartbeat: no auto-assignment or waiting on rebalance
[2016-09-19 10:00:12,137][kafka.coordinator.consumer][INFO]Revoking previously assigned partitions set([TopicPartition(topic=u'spamtopic', partition=0)]) for group kafka-python-default-group
[2016-09-19 10:00:12,137][kafka.coordinator][INFO](Re-)joining group kafka-python-default-group
[2016-09-19 10:00:12,139][kafka.coordinator][INFO]Joined group 'kafka-python-default-group' (generation 49) with member_id kafka-python-1.3.1-389aee8e-e459-4362-90f4-1452b280e7f1
[2016-09-19 10:00:12,142][kafka.coordinator][INFO]Successfully joined group kafka-python-default-group with generation 49
[2016-09-19 10:00:12,142][kafka.consumer.subscription_state][INFO]Updated partition assignment: [TopicPartition(topic=u'spamtopic', partition=0)]
[2016-09-19 10:00:12,142][kafka.coordinator.consumer][INFO]Setting newly assigned partitions set([TopicPartition(topic=u'spamtopic', partition=0)]) for group kafka-python-default-group
