Beginning task setup

/usr/bin/flock
Using existing venv: /tmp/petrel-spam-3-1474274411/venv
Task setup took 0 seconds
Launching: python -m petrel.run kafkaconsumer /home/pipe/topology/TopologyTweetTransformationSPAM/petrel13435_kafkaconsumer.log
/usr/local/lib/python2.7/dist-packages/petrel-1.0.1.0.3-py2.7.egg/petrel/run.py invoked with the following arguments: ['kafkaconsumer', '/home/pipe/topology/TopologyTweetTransformationSPAM/petrel13435_kafkaconsumer.log']
python version: 2.7.12
user=root
PATH=/tmp/petrel-spam-3-1474274411/venv/bin:/usr/local/sbin:/usr/local/bin:/usr/sbin:/usr/bin:/sbin:/bin:/snap/bin
LD_LIBRARY_PATH=/home/apache-storm-1.0.1/data/supervisor/stormdist/spam-3-1474274411/resources/Linux-amd64:/home/apache-storm-1.0.1/data/supervisor/stormdist/spam-3-1474274411/resources:/usr/local/lib:/opt/local/lib:/usr/lib
PYTHON_EGG_CACHE=/tmp/petrel-spam-3-1474274411/egg_cache
[2016-09-19 10:44:59,001][storm][INFO]Tuple profiling enabled. Will log tuple processing times.
[2016-09-19 10:44:59,176][storm][INFO]Task received setupInfo from Storm: {'pidDir': '/home/apache-storm-1.0.1/data/workers/2139907f-69b5-41c7-a1e8-66f29c28d9d6/pids', 'conf': {'storm.group.mapping.service.params': None, 'topology.tuple.serializer': 'org.apache.storm.serialization.types.ListDelegateSerializer', 'topology.workers': 1, 'drpc.worker.threads': 64, 'ui.filter.params': None, 'transactional.zookeeper.root': '/transactional', 'logviewer.cleanup.age.mins': 10080, 'worker.profiler.command': 'flight.bash', 'topology.executor.send.buffer.size': 1024, 'nimbus.file.copy.expiration.secs': 600, 'oauth.acess_token': ' 702208758362087425-HZiyl1x7Bh98cQa1WLBDYylyu10Bpl7', 'drpc.childopts': '-Xmx768m', 'nimbus.thrift.port': 6627, 'topology.disruptor.wait.timeout.millis': 1000, 'storm.zookeeper.retry.intervalceiling.millis': 30000, 'storm.local.dir': '/home/apache-storm-1.0.1/data', 'storm.auth.simple-acl.users': [], 'drpc.invocations.threads': 64, 'storm.zookeeper.superACL': None, 'storm.cluster.state.store': 'org.apache.storm.cluster_state.zookeeper_state_factory', 'storm.codedistributor.class': 'org.apache.storm.codedistributor.LocalFileSystemCodeDistributor', 'drpc.https.keystore.password': '', 'supervisor.blobstore.download.max_retries': 3, 'pacemaker.kerberos.users': [], 'storm.messaging.netty.client_worker_threads': 1, 'oauth.consumer_secret': 'ADf76fi3O1lKMzBxWnjqf93l3GHv28uar3bkblkvyBrAyoA23i', 'topology.component.resources.offheap.memory.mb': 0.0, 'supervisor.heartbeat.frequency.secs': 5, 'storm.group.mapping.service.cache.duration.secs': 120, 'storm.group.mapping.service': 'org.apache.storm.security.auth.ShellBasedGroupsMapping', 'storm.workers.artifacts.dir': 'workers-artifacts', 'drpc.request.timeout.secs': 600, 'pacemaker.childopts': '-Xmx1024m', 'nimbus.seeds': ['localhost'], 'topology.shellbolt.max.pending': 100, 'topology.min.replication.count': 1, 'topology.skip.missing.kryo.registrations': False, 'worker.heartbeat.frequency.secs': 1, 'storm.auth.simple-acl.users.commands': [], 'storm.zookepeer.port': 2181, 'zmq.hwm': 0, 'topology.worker.shared.thread.pool.size': 4, 'storm.zookeeper.connection.timeout': 15000, 'java.library.path': '/usr/local/lib:/opt/local/lib:/usr/lib', 'logviewer.max.sum.worker.logs.size.mb': 4096, 'task.refresh.poll.secs': 10, 'topology.max.error.report.per.interval': 5, 'topology.worker.logwriter.childopts': '-Xmx64m', 'ui.actions.enabled': True, 'storm.health.check.timeout.ms': 5000, 'topology.scheduler.strategy': 'org.apache.storm.scheduler.resource.strategies.scheduling.DefaultResourceAwareStrategy', 'ui.host': '0.0.0.0', 'storm.messaging.netty.server_worker_threads': 1, 'topology.disruptor.batch.size': 100, 'storm.id': 'spam-3-1474274411', 'supervisor.worker.start.timeout.secs': 120, 'zmq.threads': 1, 'topology.acker.executors': None, 'pacemaker.thread.timeout': 10, 'storm.local.mode.zmq': False, 'topology.eventlogger.executors': 0, 'topology.tick.tuple.freq.secs': 30, 'supervisor.memory.capacity.mb': 3072.0, 'supervisor.worker.shutdown.sleep.secs': 1, 'pacemaker.base.threads': 10, 'drpc.http.creds.plugin': 'org.apache.storm.security.auth.DefaultHttpCredentialsPlugin', 'storm.zookeeper.servers': ['localhost'], 'supervisor.localizer.cache.target.size.mb': 10240, 'storm.messaging.netty.transfer.batch.size': 262144, 'resource.aware.scheduler.eviction.strategy': 'org.apache.storm.scheduler.resource.strategies.eviction.DefaultEvictionStrategy', 'topology.environment': None, 'storm.zookeeper.port': 2181, 'storm.auth.simple-acl.admins': [], 'pacemaker.host': 'localhost', 'nimbus.childopts': '-Xmx1024m', 'storm.principal.tolocal': 'org.apache.storm.security.auth.DefaultPrincipalToLocal', 'storm.nimbus.retry.times': 5, 'topology.classpath': None, 'drpc.authorizer.acl.filename': 'drpc-auth-acl.yaml', 'topology.bolts.outgoing.overflow.buffer.enable': False, 'nimbus.credential.renewers.freq.secs': 600, 'worker.childopts': '-Xmx%HEAP-MEM%m -XX:+PrintGCDetails -Xloggc:artifacts/gc.log -XX:+PrintGCDateStamps -XX:+PrintGCTimeStamps -XX:+UseGCLogFileRotation -XX:NumberOfGCLogFiles=10 -XX:GCLogFileSize=1M -XX:+HeapDumpOnOutOfMemoryError -XX:HeapDumpPath=artifacts/heapdump', 'drpc.queue.size': 128, 'supervisor.blobstore.class': 'org.apache.storm.blobstore.NimbusBlobStore', 'topology.multilang.serializer': 'org.apache.storm.multilang.JsonSerializer', 'storm.zookeeper.retry.times': 5, 'topology.disable.loadaware': False, 'supervisor.run.worker.as.user': False, 'storm.blobstore.replication.factor': 3, 'worker.profiler.childopts': '-XX:+UnlockCommercialFeatures -XX:+FlightRecorder', 'nimbus.thrift.threads': 64, 'nimbus.monitor.freq.secs': 10, 'storm.blobstore.inputstream.buffer.size.bytes': 65536, 'dev.zookeeper.path': '/tmp/dev-storm-zookeeper', 'topology.users': [], 'storm.daemon.metrics.reporter.plugins': ['org.apache.storm.daemon.metrics.reporters.JmxPreparableReporter'], 'storm.exhibitor.poll.uripath': '/exhibitor/v1/cluster/list', 'pacemaker.max.threads': 50, 'drpc.https.keystore.type': 'JKS', 'topology.tasks': None, 'storm.zookeeper.root': '/storm', 'logviewer.childopts': '-Xmx128m', 'topology.max.replication.wait.time.sec': 60, 'worker.gc.childopts': '', 'backpressure.disruptor.low.watermark': 0.4, 'storm.meta.serialization.delegate': 'org.apache.storm.serialization.GzipThriftSerializationDelegate', 'transactional.zookeeper.port': None, 'drpc.max_buffer_size': 1048576, 'topology.worker.childopts': None, 'storm.auth.simple-white-list.users': [], 'topology.max.spout.pending': None, 'nimbus.topology.validator': 'org.apache.storm.nimbus.DefaultTopologyValidator', 'topology.kryo.register': None, 'petrel.host': 'localhost', 'client.blobstore.class': 'org.apache.storm.blobstore.NimbusBlobStore', 'nimbus.cleanup.inbox.freq.secs': 600, 'storm.nimbus.retry.intervalceiling.millis': 60000, 'storm.network.topography.plugin': 'org.apache.storm.networktopography.DefaultRackDNSToSwitchMapping', 'storm.messaging.netty.min_wait_ms': 100, 'nimbus.task.timeout.secs': 30, 'topology.disruptor.batch.timeout.millis': 1, 'topology.state.checkpoint.interval.ms': 1000, 'ui.header.buffer.bytes': 4096, 'nimbus.thrift.max_buffer_size': 1048576, 'ui.http.creds.plugin': 'org.apache.storm.security.auth.DefaultHttpCredentialsPlugin', 'topology.sleep.spout.wait.strategy.time.ms': 1, 'nimbus.blobstore.expiration.secs': 600, 'storm.cluster.mode': 'distributed', 'storm.messaging.netty.socket.backlog': 500, 'worker.profiler.enabled': False, 'nimbus.queue.size': 100000, 'logviewer.appender.name': 'A1', 'drpc.authorizer.acl.strict': False, 'ui.port': 8080, 'supervisor.slots.ports': [6700, 6701, 6702, 6703], 'worker.log.level.reset.poll.secs': 30, 'storm.nimbus.retry.interval.millis': 2000, 'drpc.invocations.port': 3773, 'supervisor.monitor.frequency.secs': 3, 'ui.childopts': '-Xmx768m', 'transactional.zookeeper.servers': None, 'storm.log4j2.conf.dir': 'log4j2', 'supervisor.supervisors': [], 'zmq.linger.millis': 5000, 'topology.error.throttle.interval.secs': 10, 'storm.health.check.dir': 'healthchecks', 'topology.executor.receive.buffer.size': 1024, 'nimbus.impersonation.authorizer': 'org.apache.storm.security.auth.authorizer.ImpersonationAuthorizer', 'topology.submitter.principal': '', 'topology.worker.max.heap.size.mb': 768.0, 'topology.spout.wait.strategy': 'org.apache.storm.spout.SleepSpoutWaitStrategy', 'task.heartbeat.frequency.secs': 3, 'topology.transfer.buffer.size': 1024, 'storm.zookeeper.session.timeout': 20000, 'topology.testing.always.try.serialize': False, 'nimbus.blobstore.class': 'org.apache.storm.blobstore.LocalFsBlobStore', 'topology.stats.sample.rate': 0.05, 'topology.fall.back.on.java.serialization': True, 'storm.exhibitor.port': 8080, 'storm.zookeeper.auth.password': None, 'supervisor.childopts': '-Xmx256m', 'topology.backpressure.enable': True, 'pacemaker.port': 6699, 'topology.enable.message.timeouts': True, 'nimbus.code.sync.freq.secs': 120, 'backpressure.disruptor.high.watermark': 0.9, 'storm.messaging.netty.max_wait_ms': 1000, 'topology.worker.receiver.thread.count': 1, 'topology.component.resources.onheap.memory.mb': 128.0, 'resource.aware.scheduler.priority.strategy': 'org.apache.storm.scheduler.resource.strategies.priority.DefaultSchedulingPriorityStrategy', 'nimbus.supervisor.timeout.secs': 60, 'pacemaker.auth.method': 'NONE', 'drpc.https.port': -1, 'nimbus.inbox.jar.expiration.secs': 3600, 'scheduler.display.resource': False, 'topology.kryo.factory': 'org.apache.storm.serialization.DefaultKryoFactory', 'storm.zookeeper.retry.interval': 1000, 'supervisor.supervisors.commands': [], 'supervisor.localizer.cleanup.interval.ms': 600000, 'storm.messaging.netty.max_retries': 300, 'task.credentials.poll.secs': 30, 'drpc.http.port': 3774, 'storm.messaging.transport': 'org.apache.storm.messaging.netty.Context', 'supervisor.enable': True, 'nimbus.task.launch.secs': 120, 'supervisor.blobstore.download.thread.count': 5, 'topology.message.timeout.secs': 30, 'oauth.acess_token_secret': 'IiNOTfgE3tEZvW2HDQhRKPMoOLU43NXJCXk8maj51SdAT', 'storm.messaging.netty.authentication': False, 'petrel.user': 'pipe', 'drpc.port': 3772, 'storm.messaging.netty.buffer_size': 5242880, 'topology.state.synchronization.timeout.secs': 60, 'worker.heap.memory.mb': 768, 'topology.name': 'spam', 'topology.priority': 29, 'supervisor.worker.timeout.secs': 30, 'ui.filter': None, 'topology.trident.batch.emit.interval.millis': 500, 'topology.max.task.parallelism': None, 'supervisor.cpu.capacity': 400.0, 'topology.submitter.user': 'root', 'logviewer.max.per.worker.logs.size.mb': 2048, 'nimbus.host': 'localhost', 'topology.builtin.metrics.bucket.size.secs': 60, 'topology.component.cpu.pcore.percent': 10.0, 'ui.users': None, 'storm.thrift.transport': 'org.apache.storm.security.auth.SimpleTransportPlugin', 'logs.users': None, 'logviewer.port': 8000, 'oauth.consumer_key': 'eaFmBSxUveRJfmyZYeabti9Q9', 'topology.kryo.decorators': [], 'topology.debug': False, 'storm.zookeeper.auth.user': None}, 'context': {'task->component': {'11': '__acker', '10': 'WordDivider', '1': 'CountThreeWords', '3': 'CountTwoWords', '2': 'CountThreeWords', '5': 'CountWord', '4': 'CountTwoWords', '7': 'KafkaConsumer', '6': 'CountWord', '9': 'TwoWordDivider', '8': 'ThreeWordDivider'}, 'stream->target->grouping': {'default': {'WordDivider': {'type': 'SHUFFLE'}, 'ThreeWordDivider': {'type': 'SHUFFLE'}, 'TwoWordDivider': {'type': 'SHUFFLE'}}}, 'source->stream->fields': {}, 'streams': ['default'], 'stream->outputfields': {'default': ['sentence', 'user']}, 'taskid': 7, 'source->stream->grouping': {}, 'componentid': 'KafkaConsumer'}}
[2016-09-19 10:44:59,186][storm][INFO]Task sent pid to Storm
[2016-09-19 10:44:59,297][kafka.conn][INFO]Broker version identifed as 0.10
[2016-09-19 10:44:59,297][kafka.conn][INFO]Set configuration api_version=(0, 10) to skip auto check_version requests on startup
[2016-09-19 10:44:59,310][kafka.consumer.subscription_state][INFO]Updating subscribed topics to: ['spamtopic']
[2016-09-19 10:44:59,311][kafka.cluster][INFO]Group coordinator for kafka-python-default-group is BrokerMetadata(nodeId=0, host=u'localhost', port=9092, rack=None)
[2016-09-19 10:44:59,311][kafka.coordinator][INFO]Discovered coordinator 0 for group kafka-python-default-group
[2016-09-19 10:44:59,311][kafka.coordinator.consumer][INFO]Revoking previously assigned partitions set([]) for group kafka-python-default-group
[2016-09-19 10:44:59,312][kafka.coordinator][INFO](Re-)joining group kafka-python-default-group
[2016-09-19 10:45:23,325][kafka.coordinator][INFO]Joined group 'kafka-python-default-group' (generation 188) with member_id kafka-python-1.3.1-b1e11443-7e8e-45f5-a920-c901a1aec08b
[2016-09-19 10:45:23,328][kafka.coordinator][INFO]Successfully joined group kafka-python-default-group with generation 188
[2016-09-19 10:45:23,328][kafka.consumer.subscription_state][INFO]Updated partition assignment: [TopicPartition(topic=u'spamtopic', partition=0)]
[2016-09-19 10:45:23,328][kafka.coordinator.consumer][INFO]Setting newly assigned partitions set([TopicPartition(topic=u'spamtopic', partition=0)]) for group kafka-python-default-group
[2016-09-19 10:45:26,339][kafka.coordinator][WARNING]Heartbeat failed for group kafka-python-default-group because it is rebalancing
[2016-09-19 10:45:26,339][kafka.coordinator][WARNING]Heartbeat failed ([Error 27] RebalanceInProgressError: ); retrying
[2016-09-19 10:45:26,441][kafka.coordinator][INFO]Skipping heartbeat: no auto-assignment or waiting on rebalance
[2016-09-19 10:45:26,842][kafka.coordinator.consumer][INFO]Revoking previously assigned partitions set([TopicPartition(topic=u'spamtopic', partition=0)]) for group kafka-python-default-group
[2016-09-19 10:45:26,842][kafka.coordinator][INFO](Re-)joining group kafka-python-default-group
[2016-09-19 10:45:26,844][kafka.coordinator][INFO]Joined group 'kafka-python-default-group' (generation 189) with member_id kafka-python-1.3.1-b1e11443-7e8e-45f5-a920-c901a1aec08b
[2016-09-19 10:45:26,846][kafka.coordinator][INFO]Successfully joined group kafka-python-default-group with generation 189
[2016-09-19 10:45:26,846][kafka.consumer.subscription_state][INFO]Updated partition assignment: [TopicPartition(topic=u'spamtopic', partition=0)]
[2016-09-19 10:45:26,846][kafka.coordinator.consumer][INFO]Setting newly assigned partitions set([TopicPartition(topic=u'spamtopic', partition=0)]) for group kafka-python-default-group
[2016-09-19 10:45:29,858][kafka.coordinator][WARNING]Heartbeat failed for group kafka-python-default-group because it is rebalancing
[2016-09-19 10:45:29,858][kafka.coordinator][WARNING]Heartbeat failed ([Error 27] RebalanceInProgressError: ); retrying
[2016-09-19 10:45:29,960][kafka.coordinator][INFO]Skipping heartbeat: no auto-assignment or waiting on rebalance
[2016-09-19 10:45:30,360][kafka.coordinator.consumer][INFO]Revoking previously assigned partitions set([TopicPartition(topic=u'spamtopic', partition=0)]) for group kafka-python-default-group
[2016-09-19 10:45:30,361][kafka.coordinator][INFO](Re-)joining group kafka-python-default-group
[2016-09-19 10:45:30,362][kafka.coordinator][INFO]Joined group 'kafka-python-default-group' (generation 190) with member_id kafka-python-1.3.1-b1e11443-7e8e-45f5-a920-c901a1aec08b
[2016-09-19 10:45:30,364][kafka.coordinator][INFO]Successfully joined group kafka-python-default-group with generation 190
[2016-09-19 10:45:30,364][kafka.consumer.subscription_state][INFO]Updated partition assignment: [TopicPartition(topic=u'spamtopic', partition=0)]
[2016-09-19 10:45:30,364][kafka.coordinator.consumer][INFO]Setting newly assigned partitions set([TopicPartition(topic=u'spamtopic', partition=0)]) for group kafka-python-default-group
[2016-09-19 10:45:33,374][kafka.coordinator][WARNING]Heartbeat failed for group kafka-python-default-group because it is rebalancing
[2016-09-19 10:45:33,374][kafka.coordinator][WARNING]Heartbeat failed ([Error 27] RebalanceInProgressError: ); retrying
[2016-09-19 10:45:33,475][kafka.coordinator][INFO]Skipping heartbeat: no auto-assignment or waiting on rebalance
[2016-09-19 10:45:33,876][kafka.coordinator.consumer][INFO]Revoking previously assigned partitions set([TopicPartition(topic=u'spamtopic', partition=0)]) for group kafka-python-default-group
[2016-09-19 10:45:33,877][kafka.coordinator][INFO](Re-)joining group kafka-python-default-group
[2016-09-19 10:45:33,879][kafka.coordinator][INFO]Joined group 'kafka-python-default-group' (generation 191) with member_id kafka-python-1.3.1-b1e11443-7e8e-45f5-a920-c901a1aec08b
[2016-09-19 10:45:33,881][kafka.coordinator][INFO]Successfully joined group kafka-python-default-group with generation 191
[2016-09-19 10:45:33,881][kafka.consumer.subscription_state][INFO]Updated partition assignment: [TopicPartition(topic=u'spamtopic', partition=0)]
[2016-09-19 10:45:33,881][kafka.coordinator.consumer][INFO]Setting newly assigned partitions set([TopicPartition(topic=u'spamtopic', partition=0)]) for group kafka-python-default-group
[2016-09-19 10:45:36,892][kafka.coordinator][WARNING]Heartbeat failed for group kafka-python-default-group because it is rebalancing
[2016-09-19 10:45:36,892][kafka.coordinator][WARNING]Heartbeat failed ([Error 27] RebalanceInProgressError: ); retrying
[2016-09-19 10:45:36,993][kafka.coordinator][INFO]Skipping heartbeat: no auto-assignment or waiting on rebalance
[2016-09-19 10:45:37,394][kafka.coordinator.consumer][INFO]Revoking previously assigned partitions set([TopicPartition(topic=u'spamtopic', partition=0)]) for group kafka-python-default-group
[2016-09-19 10:45:37,395][kafka.coordinator][INFO](Re-)joining group kafka-python-default-group
[2016-09-19 10:45:37,397][kafka.coordinator][INFO]Joined group 'kafka-python-default-group' (generation 192) with member_id kafka-python-1.3.1-b1e11443-7e8e-45f5-a920-c901a1aec08b
[2016-09-19 10:45:37,399][kafka.coordinator][INFO]Successfully joined group kafka-python-default-group with generation 192
[2016-09-19 10:45:37,399][kafka.consumer.subscription_state][INFO]Updated partition assignment: [TopicPartition(topic=u'spamtopic', partition=0)]
[2016-09-19 10:45:37,399][kafka.coordinator.consumer][INFO]Setting newly assigned partitions set([TopicPartition(topic=u'spamtopic', partition=0)]) for group kafka-python-default-group
[2016-09-19 10:45:40,410][kafka.coordinator][WARNING]Heartbeat failed for group kafka-python-default-group because it is rebalancing
[2016-09-19 10:45:40,410][kafka.coordinator][WARNING]Heartbeat failed ([Error 27] RebalanceInProgressError: ); retrying
[2016-09-19 10:45:40,511][kafka.coordinator][INFO]Skipping heartbeat: no auto-assignment or waiting on rebalance
[2016-09-19 10:45:40,913][kafka.coordinator.consumer][INFO]Revoking previously assigned partitions set([TopicPartition(topic=u'spamtopic', partition=0)]) for group kafka-python-default-group
[2016-09-19 10:45:40,913][kafka.coordinator][INFO](Re-)joining group kafka-python-default-group
[2016-09-19 10:45:40,914][kafka.coordinator][INFO]Joined group 'kafka-python-default-group' (generation 193) with member_id kafka-python-1.3.1-b1e11443-7e8e-45f5-a920-c901a1aec08b
[2016-09-19 10:45:40,917][kafka.coordinator][INFO]Successfully joined group kafka-python-default-group with generation 193
[2016-09-19 10:45:40,917][kafka.consumer.subscription_state][INFO]Updated partition assignment: [TopicPartition(topic=u'spamtopic', partition=0)]
[2016-09-19 10:45:40,917][kafka.coordinator.consumer][INFO]Setting newly assigned partitions set([TopicPartition(topic=u'spamtopic', partition=0)]) for group kafka-python-default-group
[2016-09-19 10:45:43,930][kafka.coordinator][WARNING]Heartbeat failed for group kafka-python-default-group because it is rebalancing
[2016-09-19 10:45:43,931][kafka.coordinator][WARNING]Heartbeat failed ([Error 27] RebalanceInProgressError: ); retrying
[2016-09-19 10:45:44,032][kafka.coordinator][INFO]Skipping heartbeat: no auto-assignment or waiting on rebalance
[2016-09-19 10:45:44,432][kafka.coordinator.consumer][INFO]Revoking previously assigned partitions set([TopicPartition(topic=u'spamtopic', partition=0)]) for group kafka-python-default-group
[2016-09-19 10:45:44,432][kafka.coordinator][INFO](Re-)joining group kafka-python-default-group
[2016-09-19 10:45:44,434][kafka.coordinator][INFO]Joined group 'kafka-python-default-group' (generation 194) with member_id kafka-python-1.3.1-b1e11443-7e8e-45f5-a920-c901a1aec08b
[2016-09-19 10:45:44,436][kafka.coordinator][INFO]Successfully joined group kafka-python-default-group with generation 194
[2016-09-19 10:45:44,437][kafka.consumer.subscription_state][INFO]Updated partition assignment: [TopicPartition(topic=u'spamtopic', partition=0)]
[2016-09-19 10:45:44,437][kafka.coordinator.consumer][INFO]Setting newly assigned partitions set([TopicPartition(topic=u'spamtopic', partition=0)]) for group kafka-python-default-group
[2016-09-19 10:45:47,449][kafka.coordinator][WARNING]Heartbeat failed for group kafka-python-default-group because it is rebalancing
[2016-09-19 10:45:47,449][kafka.coordinator][WARNING]Heartbeat failed ([Error 27] RebalanceInProgressError: ); retrying
[2016-09-19 10:45:47,550][kafka.coordinator][INFO]Skipping heartbeat: no auto-assignment or waiting on rebalance
[2016-09-19 10:45:47,950][kafka.coordinator.consumer][INFO]Revoking previously assigned partitions set([TopicPartition(topic=u'spamtopic', partition=0)]) for group kafka-python-default-group
[2016-09-19 10:45:47,951][kafka.coordinator][INFO](Re-)joining group kafka-python-default-group
[2016-09-19 10:45:47,952][kafka.coordinator][INFO]Joined group 'kafka-python-default-group' (generation 195) with member_id kafka-python-1.3.1-b1e11443-7e8e-45f5-a920-c901a1aec08b
[2016-09-19 10:45:47,954][kafka.coordinator][INFO]Successfully joined group kafka-python-default-group with generation 195
[2016-09-19 10:45:47,955][kafka.consumer.subscription_state][INFO]Updated partition assignment: [TopicPartition(topic=u'spamtopic', partition=0)]
[2016-09-19 10:45:47,955][kafka.coordinator.consumer][INFO]Setting newly assigned partitions set([TopicPartition(topic=u'spamtopic', partition=0)]) for group kafka-python-default-group
[2016-09-19 10:45:50,965][kafka.coordinator][WARNING]Heartbeat failed for group kafka-python-default-group because it is rebalancing
[2016-09-19 10:45:50,965][kafka.coordinator][WARNING]Heartbeat failed ([Error 27] RebalanceInProgressError: ); retrying
[2016-09-19 10:45:51,067][kafka.coordinator][INFO]Skipping heartbeat: no auto-assignment or waiting on rebalance
[2016-09-19 10:45:51,467][kafka.coordinator.consumer][INFO]Revoking previously assigned partitions set([TopicPartition(topic=u'spamtopic', partition=0)]) for group kafka-python-default-group
[2016-09-19 10:45:51,467][kafka.coordinator][INFO](Re-)joining group kafka-python-default-group
[2016-09-19 10:45:51,471][kafka.coordinator][INFO]Joined group 'kafka-python-default-group' (generation 196) with member_id kafka-python-1.3.1-b1e11443-7e8e-45f5-a920-c901a1aec08b
[2016-09-19 10:45:51,473][kafka.coordinator][INFO]Successfully joined group kafka-python-default-group with generation 196
[2016-09-19 10:45:51,473][kafka.consumer.subscription_state][INFO]Updated partition assignment: [TopicPartition(topic=u'spamtopic', partition=0)]
[2016-09-19 10:45:51,473][kafka.coordinator.consumer][INFO]Setting newly assigned partitions set([TopicPartition(topic=u'spamtopic', partition=0)]) for group kafka-python-default-group
[2016-09-19 10:45:54,482][kafka.coordinator][WARNING]Heartbeat failed for group kafka-python-default-group because it is rebalancing
[2016-09-19 10:45:54,483][kafka.coordinator][WARNING]Heartbeat failed ([Error 27] RebalanceInProgressError: ); retrying
[2016-09-19 10:45:54,584][kafka.coordinator][INFO]Skipping heartbeat: no auto-assignment or waiting on rebalance
[2016-09-19 10:45:54,985][kafka.coordinator.consumer][INFO]Revoking previously assigned partitions set([TopicPartition(topic=u'spamtopic', partition=0)]) for group kafka-python-default-group
[2016-09-19 10:45:54,985][kafka.coordinator][INFO](Re-)joining group kafka-python-default-group
[2016-09-19 10:45:54,987][kafka.coordinator][INFO]Joined group 'kafka-python-default-group' (generation 197) with member_id kafka-python-1.3.1-b1e11443-7e8e-45f5-a920-c901a1aec08b
[2016-09-19 10:45:54,989][kafka.coordinator][INFO]Successfully joined group kafka-python-default-group with generation 197
[2016-09-19 10:45:54,989][kafka.consumer.subscription_state][INFO]Updated partition assignment: [TopicPartition(topic=u'spamtopic', partition=0)]
[2016-09-19 10:45:54,990][kafka.coordinator.consumer][INFO]Setting newly assigned partitions set([TopicPartition(topic=u'spamtopic', partition=0)]) for group kafka-python-default-group
[2016-09-19 10:45:57,999][kafka.coordinator][WARNING]Heartbeat failed for group kafka-python-default-group because it is rebalancing
[2016-09-19 10:45:57,999][kafka.coordinator][WARNING]Heartbeat failed ([Error 27] RebalanceInProgressError: ); retrying
[2016-09-19 10:45:58,101][kafka.coordinator][INFO]Skipping heartbeat: no auto-assignment or waiting on rebalance
[2016-09-19 10:45:58,502][kafka.coordinator.consumer][INFO]Revoking previously assigned partitions set([TopicPartition(topic=u'spamtopic', partition=0)]) for group kafka-python-default-group
[2016-09-19 10:45:58,502][kafka.coordinator][INFO](Re-)joining group kafka-python-default-group
[2016-09-19 10:45:58,506][kafka.coordinator][INFO]Joined group 'kafka-python-default-group' (generation 198) with member_id kafka-python-1.3.1-b1e11443-7e8e-45f5-a920-c901a1aec08b
[2016-09-19 10:45:58,508][kafka.coordinator][INFO]Successfully joined group kafka-python-default-group with generation 198
[2016-09-19 10:45:58,508][kafka.consumer.subscription_state][INFO]Updated partition assignment: [TopicPartition(topic=u'spamtopic', partition=0)]
[2016-09-19 10:45:58,508][kafka.coordinator.consumer][INFO]Setting newly assigned partitions set([TopicPartition(topic=u'spamtopic', partition=0)]) for group kafka-python-default-group
[2016-09-19 10:46:01,518][kafka.coordinator][WARNING]Heartbeat failed for group kafka-python-default-group because it is rebalancing
[2016-09-19 10:46:01,518][kafka.coordinator][WARNING]Heartbeat failed ([Error 27] RebalanceInProgressError: ); retrying
[2016-09-19 10:46:01,619][kafka.coordinator][INFO]Skipping heartbeat: no auto-assignment or waiting on rebalance
[2016-09-19 10:46:02,020][kafka.coordinator.consumer][INFO]Revoking previously assigned partitions set([TopicPartition(topic=u'spamtopic', partition=0)]) for group kafka-python-default-group
[2016-09-19 10:46:02,021][kafka.coordinator][INFO](Re-)joining group kafka-python-default-group
[2016-09-19 10:46:02,022][kafka.coordinator][INFO]Joined group 'kafka-python-default-group' (generation 199) with member_id kafka-python-1.3.1-b1e11443-7e8e-45f5-a920-c901a1aec08b
[2016-09-19 10:46:02,025][kafka.coordinator][INFO]Successfully joined group kafka-python-default-group with generation 199
[2016-09-19 10:46:02,025][kafka.consumer.subscription_state][INFO]Updated partition assignment: [TopicPartition(topic=u'spamtopic', partition=0)]
[2016-09-19 10:46:02,025][kafka.coordinator.consumer][INFO]Setting newly assigned partitions set([TopicPartition(topic=u'spamtopic', partition=0)]) for group kafka-python-default-group
[2016-09-19 10:46:05,036][kafka.coordinator][WARNING]Heartbeat failed for group kafka-python-default-group because it is rebalancing
[2016-09-19 10:46:05,036][kafka.coordinator][WARNING]Heartbeat failed ([Error 27] RebalanceInProgressError: ); retrying
[2016-09-19 10:46:05,137][kafka.coordinator][INFO]Skipping heartbeat: no auto-assignment or waiting on rebalance
[2016-09-19 10:46:05,539][kafka.coordinator.consumer][INFO]Revoking previously assigned partitions set([TopicPartition(topic=u'spamtopic', partition=0)]) for group kafka-python-default-group
[2016-09-19 10:46:05,539][kafka.coordinator][INFO](Re-)joining group kafka-python-default-group
[2016-09-19 10:46:05,540][kafka.coordinator][INFO]Joined group 'kafka-python-default-group' (generation 200) with member_id kafka-python-1.3.1-b1e11443-7e8e-45f5-a920-c901a1aec08b
[2016-09-19 10:46:05,542][kafka.coordinator][INFO]Successfully joined group kafka-python-default-group with generation 200
[2016-09-19 10:46:05,543][kafka.consumer.subscription_state][INFO]Updated partition assignment: [TopicPartition(topic=u'spamtopic', partition=0)]
[2016-09-19 10:46:05,543][kafka.coordinator.consumer][INFO]Setting newly assigned partitions set([TopicPartition(topic=u'spamtopic', partition=0)]) for group kafka-python-default-group
[2016-09-19 10:46:08,554][kafka.coordinator][WARNING]Heartbeat failed for group kafka-python-default-group because it is rebalancing
[2016-09-19 10:46:08,554][kafka.coordinator][WARNING]Heartbeat failed ([Error 27] RebalanceInProgressError: ); retrying
[2016-09-19 10:46:08,655][kafka.coordinator][INFO]Skipping heartbeat: no auto-assignment or waiting on rebalance
[2016-09-19 10:46:09,055][kafka.coordinator.consumer][INFO]Revoking previously assigned partitions set([TopicPartition(topic=u'spamtopic', partition=0)]) for group kafka-python-default-group
[2016-09-19 10:46:09,056][kafka.coordinator][INFO](Re-)joining group kafka-python-default-group
[2016-09-19 10:46:09,058][kafka.coordinator][INFO]Joined group 'kafka-python-default-group' (generation 201) with member_id kafka-python-1.3.1-b1e11443-7e8e-45f5-a920-c901a1aec08b
[2016-09-19 10:46:09,062][kafka.coordinator][INFO]Successfully joined group kafka-python-default-group with generation 201
[2016-09-19 10:46:09,062][kafka.consumer.subscription_state][INFO]Updated partition assignment: [TopicPartition(topic=u'spamtopic', partition=0)]
[2016-09-19 10:46:09,062][kafka.coordinator.consumer][INFO]Setting newly assigned partitions set([TopicPartition(topic=u'spamtopic', partition=0)]) for group kafka-python-default-group
[2016-09-19 10:46:12,072][kafka.coordinator][WARNING]Heartbeat failed for group kafka-python-default-group because it is rebalancing
[2016-09-19 10:46:12,073][kafka.coordinator][WARNING]Heartbeat failed ([Error 27] RebalanceInProgressError: ); retrying
[2016-09-19 10:46:12,174][kafka.coordinator][INFO]Skipping heartbeat: no auto-assignment or waiting on rebalance
[2016-09-19 10:46:12,574][kafka.coordinator.consumer][INFO]Revoking previously assigned partitions set([TopicPartition(topic=u'spamtopic', partition=0)]) for group kafka-python-default-group
[2016-09-19 10:46:12,574][kafka.coordinator][INFO](Re-)joining group kafka-python-default-group
[2016-09-19 10:46:12,576][kafka.coordinator][INFO]Joined group 'kafka-python-default-group' (generation 202) with member_id kafka-python-1.3.1-b1e11443-7e8e-45f5-a920-c901a1aec08b
[2016-09-19 10:46:12,578][kafka.coordinator][INFO]Successfully joined group kafka-python-default-group with generation 202
[2016-09-19 10:46:12,578][kafka.consumer.subscription_state][INFO]Updated partition assignment: [TopicPartition(topic=u'spamtopic', partition=0)]
[2016-09-19 10:46:12,578][kafka.coordinator.consumer][INFO]Setting newly assigned partitions set([TopicPartition(topic=u'spamtopic', partition=0)]) for group kafka-python-default-group
[2016-09-19 10:46:15,588][kafka.coordinator][WARNING]Heartbeat failed for group kafka-python-default-group because it is rebalancing
[2016-09-19 10:46:15,588][kafka.coordinator][WARNING]Heartbeat failed ([Error 27] RebalanceInProgressError: ); retrying
[2016-09-19 10:46:15,689][kafka.coordinator][INFO]Skipping heartbeat: no auto-assignment or waiting on rebalance
[2016-09-19 10:46:16,092][kafka.coordinator.consumer][INFO]Revoking previously assigned partitions set([TopicPartition(topic=u'spamtopic', partition=0)]) for group kafka-python-default-group
[2016-09-19 10:46:16,092][kafka.coordinator][INFO](Re-)joining group kafka-python-default-group
[2016-09-19 10:46:16,094][kafka.coordinator][INFO]Joined group 'kafka-python-default-group' (generation 203) with member_id kafka-python-1.3.1-b1e11443-7e8e-45f5-a920-c901a1aec08b
[2016-09-19 10:46:16,097][kafka.coordinator][INFO]Successfully joined group kafka-python-default-group with generation 203
[2016-09-19 10:46:16,097][kafka.consumer.subscription_state][INFO]Updated partition assignment: [TopicPartition(topic=u'spamtopic', partition=0)]
[2016-09-19 10:46:16,098][kafka.coordinator.consumer][INFO]Setting newly assigned partitions set([TopicPartition(topic=u'spamtopic', partition=0)]) for group kafka-python-default-group
[2016-09-19 10:46:19,108][kafka.coordinator][WARNING]Heartbeat failed for group kafka-python-default-group because it is rebalancing
[2016-09-19 10:46:19,108][kafka.coordinator][WARNING]Heartbeat failed ([Error 27] RebalanceInProgressError: ); retrying
[2016-09-19 10:46:19,209][kafka.coordinator][INFO]Skipping heartbeat: no auto-assignment or waiting on rebalance
[2016-09-19 10:46:19,611][kafka.coordinator.consumer][INFO]Revoking previously assigned partitions set([TopicPartition(topic=u'spamtopic', partition=0)]) for group kafka-python-default-group
[2016-09-19 10:46:19,611][kafka.coordinator][INFO](Re-)joining group kafka-python-default-group
[2016-09-19 10:46:19,612][kafka.coordinator][INFO]Joined group 'kafka-python-default-group' (generation 204) with member_id kafka-python-1.3.1-b1e11443-7e8e-45f5-a920-c901a1aec08b
[2016-09-19 10:46:19,614][kafka.coordinator][INFO]Successfully joined group kafka-python-default-group with generation 204
[2016-09-19 10:46:19,615][kafka.consumer.subscription_state][INFO]Updated partition assignment: [TopicPartition(topic=u'spamtopic', partition=0)]
[2016-09-19 10:46:19,615][kafka.coordinator.consumer][INFO]Setting newly assigned partitions set([TopicPartition(topic=u'spamtopic', partition=0)]) for group kafka-python-default-group
[2016-09-19 10:46:22,626][kafka.coordinator][WARNING]Heartbeat failed for group kafka-python-default-group because it is rebalancing
[2016-09-19 10:46:22,627][kafka.coordinator][WARNING]Heartbeat failed ([Error 27] RebalanceInProgressError: ); retrying
[2016-09-19 10:46:22,728][kafka.coordinator][INFO]Skipping heartbeat: no auto-assignment or waiting on rebalance
[2016-09-19 10:46:23,129][kafka.coordinator.consumer][INFO]Revoking previously assigned partitions set([TopicPartition(topic=u'spamtopic', partition=0)]) for group kafka-python-default-group
[2016-09-19 10:46:23,129][kafka.coordinator][INFO](Re-)joining group kafka-python-default-group
[2016-09-19 10:46:23,130][kafka.coordinator][INFO]Joined group 'kafka-python-default-group' (generation 205) with member_id kafka-python-1.3.1-b1e11443-7e8e-45f5-a920-c901a1aec08b
[2016-09-19 10:46:23,136][kafka.coordinator][INFO]Successfully joined group kafka-python-default-group with generation 205
[2016-09-19 10:46:23,136][kafka.consumer.subscription_state][INFO]Updated partition assignment: [TopicPartition(topic=u'spamtopic', partition=0)]
[2016-09-19 10:46:23,136][kafka.coordinator.consumer][INFO]Setting newly assigned partitions set([TopicPartition(topic=u'spamtopic', partition=0)]) for group kafka-python-default-group
[2016-09-19 10:46:26,147][kafka.coordinator][WARNING]Heartbeat failed for group kafka-python-default-group because it is rebalancing
[2016-09-19 10:46:26,147][kafka.coordinator][WARNING]Heartbeat failed ([Error 27] RebalanceInProgressError: ); retrying
[2016-09-19 10:46:26,248][kafka.coordinator][INFO]Skipping heartbeat: no auto-assignment or waiting on rebalance
[2016-09-19 10:46:26,648][kafka.coordinator.consumer][INFO]Revoking previously assigned partitions set([TopicPartition(topic=u'spamtopic', partition=0)]) for group kafka-python-default-group
[2016-09-19 10:46:26,649][kafka.coordinator][INFO](Re-)joining group kafka-python-default-group
[2016-09-19 10:46:26,650][kafka.coordinator][INFO]Joined group 'kafka-python-default-group' (generation 206) with member_id kafka-python-1.3.1-b1e11443-7e8e-45f5-a920-c901a1aec08b
[2016-09-19 10:46:26,652][kafka.coordinator][INFO]Successfully joined group kafka-python-default-group with generation 206
[2016-09-19 10:46:26,653][kafka.consumer.subscription_state][INFO]Updated partition assignment: [TopicPartition(topic=u'spamtopic', partition=0)]
[2016-09-19 10:46:26,653][kafka.coordinator.consumer][INFO]Setting newly assigned partitions set([TopicPartition(topic=u'spamtopic', partition=0)]) for group kafka-python-default-group
[2016-09-19 10:46:29,661][kafka.coordinator][WARNING]Heartbeat failed for group kafka-python-default-group because it is rebalancing
[2016-09-19 10:46:29,661][kafka.coordinator][WARNING]Heartbeat failed ([Error 27] RebalanceInProgressError: ); retrying
[2016-09-19 10:46:29,762][kafka.coordinator][INFO]Skipping heartbeat: no auto-assignment or waiting on rebalance
[2016-09-19 10:46:30,164][kafka.coordinator.consumer][INFO]Revoking previously assigned partitions set([TopicPartition(topic=u'spamtopic', partition=0)]) for group kafka-python-default-group
[2016-09-19 10:46:30,164][kafka.coordinator][INFO](Re-)joining group kafka-python-default-group
[2016-09-19 10:46:30,167][kafka.coordinator][INFO]Joined group 'kafka-python-default-group' (generation 207) with member_id kafka-python-1.3.1-b1e11443-7e8e-45f5-a920-c901a1aec08b
[2016-09-19 10:46:30,168][kafka.coordinator][INFO]Successfully joined group kafka-python-default-group with generation 207
[2016-09-19 10:46:30,168][kafka.consumer.subscription_state][INFO]Updated partition assignment: [TopicPartition(topic=u'spamtopic', partition=0)]
[2016-09-19 10:46:30,169][kafka.coordinator.consumer][INFO]Setting newly assigned partitions set([TopicPartition(topic=u'spamtopic', partition=0)]) for group kafka-python-default-group
[2016-09-19 10:46:33,179][kafka.coordinator][WARNING]Heartbeat failed for group kafka-python-default-group because it is rebalancing
[2016-09-19 10:46:33,179][kafka.coordinator][WARNING]Heartbeat failed ([Error 27] RebalanceInProgressError: ); retrying
[2016-09-19 10:46:33,281][kafka.coordinator][INFO]Skipping heartbeat: no auto-assignment or waiting on rebalance
[2016-09-19 10:46:33,681][kafka.coordinator.consumer][INFO]Revoking previously assigned partitions set([TopicPartition(topic=u'spamtopic', partition=0)]) for group kafka-python-default-group
[2016-09-19 10:46:33,681][kafka.coordinator][INFO](Re-)joining group kafka-python-default-group
[2016-09-19 10:46:33,682][kafka.coordinator][INFO]Joined group 'kafka-python-default-group' (generation 208) with member_id kafka-python-1.3.1-b1e11443-7e8e-45f5-a920-c901a1aec08b
[2016-09-19 10:46:33,684][kafka.coordinator][INFO]Successfully joined group kafka-python-default-group with generation 208
[2016-09-19 10:46:33,685][kafka.consumer.subscription_state][INFO]Updated partition assignment: [TopicPartition(topic=u'spamtopic', partition=0)]
[2016-09-19 10:46:33,685][kafka.coordinator.consumer][INFO]Setting newly assigned partitions set([TopicPartition(topic=u'spamtopic', partition=0)]) for group kafka-python-default-group
[2016-09-19 10:46:36,698][kafka.coordinator][WARNING]Heartbeat failed for group kafka-python-default-group because it is rebalancing
[2016-09-19 10:46:36,698][kafka.coordinator][WARNING]Heartbeat failed ([Error 27] RebalanceInProgressError: ); retrying
[2016-09-19 10:46:36,799][kafka.coordinator][INFO]Skipping heartbeat: no auto-assignment or waiting on rebalance
[2016-09-19 10:46:37,199][kafka.coordinator.consumer][INFO]Revoking previously assigned partitions set([TopicPartition(topic=u'spamtopic', partition=0)]) for group kafka-python-default-group
[2016-09-19 10:46:37,199][kafka.coordinator][INFO](Re-)joining group kafka-python-default-group
[2016-09-19 10:46:37,201][kafka.coordinator][INFO]Joined group 'kafka-python-default-group' (generation 209) with member_id kafka-python-1.3.1-b1e11443-7e8e-45f5-a920-c901a1aec08b
[2016-09-19 10:46:37,203][kafka.coordinator][INFO]Successfully joined group kafka-python-default-group with generation 209
[2016-09-19 10:46:37,203][kafka.consumer.subscription_state][INFO]Updated partition assignment: [TopicPartition(topic=u'spamtopic', partition=0)]
[2016-09-19 10:46:37,203][kafka.coordinator.consumer][INFO]Setting newly assigned partitions set([TopicPartition(topic=u'spamtopic', partition=0)]) for group kafka-python-default-group
[2016-09-19 10:46:40,214][kafka.coordinator][WARNING]Heartbeat failed for group kafka-python-default-group because it is rebalancing
[2016-09-19 10:46:40,215][kafka.coordinator][WARNING]Heartbeat failed ([Error 27] RebalanceInProgressError: ); retrying
[2016-09-19 10:46:40,316][kafka.coordinator][INFO]Skipping heartbeat: no auto-assignment or waiting on rebalance
[2016-09-19 10:46:40,716][kafka.coordinator.consumer][INFO]Revoking previously assigned partitions set([TopicPartition(topic=u'spamtopic', partition=0)]) for group kafka-python-default-group
[2016-09-19 10:46:40,716][kafka.coordinator][INFO](Re-)joining group kafka-python-default-group
[2016-09-19 10:46:40,718][kafka.coordinator][INFO]Joined group 'kafka-python-default-group' (generation 210) with member_id kafka-python-1.3.1-b1e11443-7e8e-45f5-a920-c901a1aec08b
[2016-09-19 10:46:40,721][kafka.coordinator][INFO]Successfully joined group kafka-python-default-group with generation 210
[2016-09-19 10:46:40,721][kafka.consumer.subscription_state][INFO]Updated partition assignment: [TopicPartition(topic=u'spamtopic', partition=0)]
[2016-09-19 10:46:40,721][kafka.coordinator.consumer][INFO]Setting newly assigned partitions set([TopicPartition(topic=u'spamtopic', partition=0)]) for group kafka-python-default-group
[2016-09-19 10:46:43,732][kafka.coordinator][WARNING]Heartbeat failed for group kafka-python-default-group because it is rebalancing
[2016-09-19 10:46:43,732][kafka.coordinator][WARNING]Heartbeat failed ([Error 27] RebalanceInProgressError: ); retrying
[2016-09-19 10:46:43,834][kafka.coordinator][INFO]Skipping heartbeat: no auto-assignment or waiting on rebalance
[2016-09-19 10:46:44,234][kafka.coordinator.consumer][INFO]Revoking previously assigned partitions set([TopicPartition(topic=u'spamtopic', partition=0)]) for group kafka-python-default-group
[2016-09-19 10:46:44,234][kafka.coordinator][INFO](Re-)joining group kafka-python-default-group
[2016-09-19 10:46:44,236][kafka.coordinator][INFO]Joined group 'kafka-python-default-group' (generation 211) with member_id kafka-python-1.3.1-b1e11443-7e8e-45f5-a920-c901a1aec08b
[2016-09-19 10:46:44,239][kafka.coordinator][INFO]Successfully joined group kafka-python-default-group with generation 211
[2016-09-19 10:46:44,239][kafka.consumer.subscription_state][INFO]Updated partition assignment: [TopicPartition(topic=u'spamtopic', partition=0)]
[2016-09-19 10:46:44,239][kafka.coordinator.consumer][INFO]Setting newly assigned partitions set([TopicPartition(topic=u'spamtopic', partition=0)]) for group kafka-python-default-group
[2016-09-19 10:46:47,250][kafka.coordinator][WARNING]Heartbeat failed for group kafka-python-default-group because it is rebalancing
[2016-09-19 10:46:47,250][kafka.coordinator][WARNING]Heartbeat failed ([Error 27] RebalanceInProgressError: ); retrying
[2016-09-19 10:46:47,351][kafka.coordinator][INFO]Skipping heartbeat: no auto-assignment or waiting on rebalance
[2016-09-19 10:46:47,753][kafka.coordinator.consumer][INFO]Revoking previously assigned partitions set([TopicPartition(topic=u'spamtopic', partition=0)]) for group kafka-python-default-group
[2016-09-19 10:46:47,753][kafka.coordinator][INFO](Re-)joining group kafka-python-default-group
[2016-09-19 10:46:47,755][kafka.coordinator][INFO]Joined group 'kafka-python-default-group' (generation 212) with member_id kafka-python-1.3.1-b1e11443-7e8e-45f5-a920-c901a1aec08b
[2016-09-19 10:46:47,762][kafka.coordinator][INFO]Successfully joined group kafka-python-default-group with generation 212
[2016-09-19 10:46:47,762][kafka.consumer.subscription_state][INFO]Updated partition assignment: [TopicPartition(topic=u'spamtopic', partition=0)]
[2016-09-19 10:46:47,763][kafka.coordinator.consumer][INFO]Setting newly assigned partitions set([TopicPartition(topic=u'spamtopic', partition=0)]) for group kafka-python-default-group
[2016-09-19 10:46:50,774][kafka.coordinator][WARNING]Heartbeat failed for group kafka-python-default-group because it is rebalancing
[2016-09-19 10:46:50,774][kafka.coordinator][WARNING]Heartbeat failed ([Error 27] RebalanceInProgressError: ); retrying
[2016-09-19 10:46:50,876][kafka.coordinator][INFO]Skipping heartbeat: no auto-assignment or waiting on rebalance
[2016-09-19 10:46:51,276][kafka.coordinator.consumer][INFO]Revoking previously assigned partitions set([TopicPartition(topic=u'spamtopic', partition=0)]) for group kafka-python-default-group
[2016-09-19 10:46:51,277][kafka.coordinator][INFO](Re-)joining group kafka-python-default-group
[2016-09-19 10:46:51,278][kafka.coordinator][INFO]Joined group 'kafka-python-default-group' (generation 213) with member_id kafka-python-1.3.1-b1e11443-7e8e-45f5-a920-c901a1aec08b
[2016-09-19 10:46:51,280][kafka.coordinator][INFO]Successfully joined group kafka-python-default-group with generation 213
[2016-09-19 10:46:51,281][kafka.consumer.subscription_state][INFO]Updated partition assignment: [TopicPartition(topic=u'spamtopic', partition=0)]
[2016-09-19 10:46:51,281][kafka.coordinator.consumer][INFO]Setting newly assigned partitions set([TopicPartition(topic=u'spamtopic', partition=0)]) for group kafka-python-default-group
[2016-09-19 10:46:54,293][kafka.coordinator][WARNING]Heartbeat failed for group kafka-python-default-group because it is rebalancing
[2016-09-19 10:46:54,294][kafka.coordinator][WARNING]Heartbeat failed ([Error 27] RebalanceInProgressError: ); retrying
[2016-09-19 10:46:54,395][kafka.coordinator][INFO]Skipping heartbeat: no auto-assignment or waiting on rebalance
[2016-09-19 10:46:54,795][kafka.coordinator.consumer][INFO]Revoking previously assigned partitions set([TopicPartition(topic=u'spamtopic', partition=0)]) for group kafka-python-default-group
[2016-09-19 10:46:54,795][kafka.coordinator][INFO](Re-)joining group kafka-python-default-group
[2016-09-19 10:46:54,797][kafka.coordinator][INFO]Joined group 'kafka-python-default-group' (generation 214) with member_id kafka-python-1.3.1-b1e11443-7e8e-45f5-a920-c901a1aec08b
[2016-09-19 10:46:54,800][kafka.coordinator][INFO]Successfully joined group kafka-python-default-group with generation 214
[2016-09-19 10:46:54,800][kafka.consumer.subscription_state][INFO]Updated partition assignment: [TopicPartition(topic=u'spamtopic', partition=0)]
[2016-09-19 10:46:54,801][kafka.coordinator.consumer][INFO]Setting newly assigned partitions set([TopicPartition(topic=u'spamtopic', partition=0)]) for group kafka-python-default-group
[2016-09-19 10:46:57,812][kafka.coordinator][WARNING]Heartbeat failed for group kafka-python-default-group because it is rebalancing
[2016-09-19 10:46:57,813][kafka.coordinator][WARNING]Heartbeat failed ([Error 27] RebalanceInProgressError: ); retrying
[2016-09-19 10:46:57,914][kafka.coordinator][INFO]Skipping heartbeat: no auto-assignment or waiting on rebalance
[2016-09-19 10:46:58,315][kafka.coordinator.consumer][INFO]Revoking previously assigned partitions set([TopicPartition(topic=u'spamtopic', partition=0)]) for group kafka-python-default-group
[2016-09-19 10:46:58,315][kafka.coordinator][INFO](Re-)joining group kafka-python-default-group
[2016-09-19 10:46:58,317][kafka.coordinator][INFO]Joined group 'kafka-python-default-group' (generation 215) with member_id kafka-python-1.3.1-b1e11443-7e8e-45f5-a920-c901a1aec08b
[2016-09-19 10:46:58,319][kafka.coordinator][INFO]Successfully joined group kafka-python-default-group with generation 215
[2016-09-19 10:46:58,319][kafka.consumer.subscription_state][INFO]Updated partition assignment: [TopicPartition(topic=u'spamtopic', partition=0)]
[2016-09-19 10:46:58,319][kafka.coordinator.consumer][INFO]Setting newly assigned partitions set([TopicPartition(topic=u'spamtopic', partition=0)]) for group kafka-python-default-group
[2016-09-19 10:47:01,330][kafka.coordinator][WARNING]Heartbeat failed for group kafka-python-default-group because it is rebalancing
[2016-09-19 10:47:01,330][kafka.coordinator][WARNING]Heartbeat failed ([Error 27] RebalanceInProgressError: ); retrying
[2016-09-19 10:47:01,431][kafka.coordinator][INFO]Skipping heartbeat: no auto-assignment or waiting on rebalance
[2016-09-19 10:47:01,832][kafka.coordinator.consumer][INFO]Revoking previously assigned partitions set([TopicPartition(topic=u'spamtopic', partition=0)]) for group kafka-python-default-group
[2016-09-19 10:47:01,833][kafka.coordinator][INFO](Re-)joining group kafka-python-default-group
[2016-09-19 10:47:01,834][kafka.coordinator][INFO]Joined group 'kafka-python-default-group' (generation 216) with member_id kafka-python-1.3.1-b1e11443-7e8e-45f5-a920-c901a1aec08b
[2016-09-19 10:47:01,837][kafka.coordinator][INFO]Successfully joined group kafka-python-default-group with generation 216
[2016-09-19 10:47:01,837][kafka.consumer.subscription_state][INFO]Updated partition assignment: [TopicPartition(topic=u'spamtopic', partition=0)]
[2016-09-19 10:47:01,837][kafka.coordinator.consumer][INFO]Setting newly assigned partitions set([TopicPartition(topic=u'spamtopic', partition=0)]) for group kafka-python-default-group
[2016-09-19 10:47:04,848][kafka.coordinator][WARNING]Heartbeat failed for group kafka-python-default-group because it is rebalancing
[2016-09-19 10:47:04,848][kafka.coordinator][WARNING]Heartbeat failed ([Error 27] RebalanceInProgressError: ); retrying
[2016-09-19 10:47:04,949][kafka.coordinator][INFO]Skipping heartbeat: no auto-assignment or waiting on rebalance
[2016-09-19 10:47:05,351][kafka.coordinator.consumer][INFO]Revoking previously assigned partitions set([TopicPartition(topic=u'spamtopic', partition=0)]) for group kafka-python-default-group
[2016-09-19 10:47:05,351][kafka.coordinator][INFO](Re-)joining group kafka-python-default-group
[2016-09-19 10:47:05,352][kafka.coordinator][INFO]Joined group 'kafka-python-default-group' (generation 217) with member_id kafka-python-1.3.1-b1e11443-7e8e-45f5-a920-c901a1aec08b
[2016-09-19 10:47:05,355][kafka.coordinator][INFO]Successfully joined group kafka-python-default-group with generation 217
[2016-09-19 10:47:05,355][kafka.consumer.subscription_state][INFO]Updated partition assignment: [TopicPartition(topic=u'spamtopic', partition=0)]
[2016-09-19 10:47:05,355][kafka.coordinator.consumer][INFO]Setting newly assigned partitions set([TopicPartition(topic=u'spamtopic', partition=0)]) for group kafka-python-default-group
[2016-09-19 10:47:08,365][kafka.coordinator][WARNING]Heartbeat failed for group kafka-python-default-group because it is rebalancing
[2016-09-19 10:47:08,366][kafka.coordinator][WARNING]Heartbeat failed ([Error 27] RebalanceInProgressError: ); retrying
[2016-09-19 10:47:08,467][kafka.coordinator][INFO]Skipping heartbeat: no auto-assignment or waiting on rebalance
[2016-09-19 10:47:08,867][kafka.coordinator.consumer][INFO]Revoking previously assigned partitions set([TopicPartition(topic=u'spamtopic', partition=0)]) for group kafka-python-default-group
[2016-09-19 10:47:08,868][kafka.coordinator][INFO](Re-)joining group kafka-python-default-group
[2016-09-19 10:47:08,870][kafka.coordinator][INFO]Joined group 'kafka-python-default-group' (generation 218) with member_id kafka-python-1.3.1-b1e11443-7e8e-45f5-a920-c901a1aec08b
[2016-09-19 10:47:08,872][kafka.coordinator][INFO]Successfully joined group kafka-python-default-group with generation 218
[2016-09-19 10:47:08,872][kafka.consumer.subscription_state][INFO]Updated partition assignment: [TopicPartition(topic=u'spamtopic', partition=0)]
[2016-09-19 10:47:08,873][kafka.coordinator.consumer][INFO]Setting newly assigned partitions set([TopicPartition(topic=u'spamtopic', partition=0)]) for group kafka-python-default-group
[2016-09-19 10:47:11,883][kafka.coordinator][WARNING]Heartbeat failed for group kafka-python-default-group because it is rebalancing
[2016-09-19 10:47:11,883][kafka.coordinator][WARNING]Heartbeat failed ([Error 27] RebalanceInProgressError: ); retrying
[2016-09-19 10:47:11,984][kafka.coordinator][INFO]Skipping heartbeat: no auto-assignment or waiting on rebalance
[2016-09-19 10:47:12,386][kafka.coordinator.consumer][INFO]Revoking previously assigned partitions set([TopicPartition(topic=u'spamtopic', partition=0)]) for group kafka-python-default-group
[2016-09-19 10:47:12,386][kafka.coordinator][INFO](Re-)joining group kafka-python-default-group
[2016-09-19 10:47:12,392][kafka.coordinator][INFO]Joined group 'kafka-python-default-group' (generation 219) with member_id kafka-python-1.3.1-b1e11443-7e8e-45f5-a920-c901a1aec08b
[2016-09-19 10:47:12,393][kafka.coordinator][INFO](Re-)joining group kafka-python-default-group
[2016-09-19 10:47:15,905][kafka.coordinator][INFO]Joined group 'kafka-python-default-group' (generation 220) with member_id kafka-python-1.3.1-b1e11443-7e8e-45f5-a920-c901a1aec08b
[2016-09-19 10:47:15,906][kafka.coordinator.consumer][WARNING]Auto offset commit failed for group kafka-python-default-group: CommitFailedError: Commit cannot be completed since the group has already rebalanced and assigned the partitions to another member. This means that the time between subsequent calls to poll() was longer than the configured session.timeout.ms, which typically implies that the poll loop is spending too much time message processing. You can address this either by increasing the session timeout or by reducing the maximum size of batches returned in poll() with max.poll.records.
[2016-09-19 10:47:15,907][kafka.coordinator][INFO]Successfully joined group kafka-python-default-group with generation 220
[2016-09-19 10:47:15,907][kafka.consumer.subscription_state][INFO]Updated partition assignment: [TopicPartition(topic=u'spamtopic', partition=0)]
[2016-09-19 10:47:15,908][kafka.coordinator.consumer][INFO]Setting newly assigned partitions set([TopicPartition(topic=u'spamtopic', partition=0)]) for group kafka-python-default-group
[2016-09-19 10:47:18,918][kafka.coordinator][WARNING]Heartbeat failed for group kafka-python-default-group because it is rebalancing
[2016-09-19 10:47:18,918][kafka.coordinator][WARNING]Heartbeat failed ([Error 27] RebalanceInProgressError: ); retrying
[2016-09-19 10:47:19,020][kafka.coordinator][INFO]Skipping heartbeat: no auto-assignment or waiting on rebalance
[2016-09-19 10:47:19,420][kafka.coordinator.consumer][INFO]Revoking previously assigned partitions set([TopicPartition(topic=u'spamtopic', partition=0)]) for group kafka-python-default-group
[2016-09-19 10:47:19,420][kafka.coordinator][INFO](Re-)joining group kafka-python-default-group
[2016-09-19 10:47:19,422][kafka.coordinator][INFO]Joined group 'kafka-python-default-group' (generation 221) with member_id kafka-python-1.3.1-b1e11443-7e8e-45f5-a920-c901a1aec08b
[2016-09-19 10:47:19,424][kafka.coordinator][INFO]Successfully joined group kafka-python-default-group with generation 221
[2016-09-19 10:47:19,425][kafka.consumer.subscription_state][INFO]Updated partition assignment: [TopicPartition(topic=u'spamtopic', partition=0)]
[2016-09-19 10:47:19,425][kafka.coordinator.consumer][INFO]Setting newly assigned partitions set([TopicPartition(topic=u'spamtopic', partition=0)]) for group kafka-python-default-group
[2016-09-19 10:47:22,436][kafka.coordinator][WARNING]Heartbeat failed for group kafka-python-default-group because it is rebalancing
[2016-09-19 10:47:22,436][kafka.coordinator][WARNING]Heartbeat failed ([Error 27] RebalanceInProgressError: ); retrying
[2016-09-19 10:47:22,537][kafka.coordinator][INFO]Skipping heartbeat: no auto-assignment or waiting on rebalance
[2016-09-19 10:47:22,937][kafka.coordinator.consumer][INFO]Revoking previously assigned partitions set([TopicPartition(topic=u'spamtopic', partition=0)]) for group kafka-python-default-group
[2016-09-19 10:47:22,938][kafka.coordinator][INFO](Re-)joining group kafka-python-default-group
[2016-09-19 10:47:22,940][kafka.coordinator][INFO]Joined group 'kafka-python-default-group' (generation 222) with member_id kafka-python-1.3.1-b1e11443-7e8e-45f5-a920-c901a1aec08b
[2016-09-19 10:47:22,942][kafka.coordinator][INFO]Successfully joined group kafka-python-default-group with generation 222
[2016-09-19 10:47:22,942][kafka.consumer.subscription_state][INFO]Updated partition assignment: [TopicPartition(topic=u'spamtopic', partition=0)]
[2016-09-19 10:47:22,942][kafka.coordinator.consumer][INFO]Setting newly assigned partitions set([TopicPartition(topic=u'spamtopic', partition=0)]) for group kafka-python-default-group
[2016-09-19 10:47:25,955][kafka.coordinator][WARNING]Heartbeat failed for group kafka-python-default-group because it is rebalancing
[2016-09-19 10:47:25,955][kafka.coordinator][WARNING]Heartbeat failed ([Error 27] RebalanceInProgressError: ); retrying
[2016-09-19 10:47:26,056][kafka.coordinator][INFO]Skipping heartbeat: no auto-assignment or waiting on rebalance
[2016-09-19 10:47:26,456][kafka.coordinator.consumer][INFO]Revoking previously assigned partitions set([TopicPartition(topic=u'spamtopic', partition=0)]) for group kafka-python-default-group
[2016-09-19 10:47:26,457][kafka.coordinator][INFO](Re-)joining group kafka-python-default-group
[2016-09-19 10:47:26,458][kafka.coordinator][INFO]Joined group 'kafka-python-default-group' (generation 223) with member_id kafka-python-1.3.1-b1e11443-7e8e-45f5-a920-c901a1aec08b
[2016-09-19 10:47:26,460][kafka.coordinator][INFO]Successfully joined group kafka-python-default-group with generation 223
[2016-09-19 10:47:26,461][kafka.consumer.subscription_state][INFO]Updated partition assignment: [TopicPartition(topic=u'spamtopic', partition=0)]
[2016-09-19 10:47:26,461][kafka.coordinator.consumer][INFO]Setting newly assigned partitions set([TopicPartition(topic=u'spamtopic', partition=0)]) for group kafka-python-default-group
[2016-09-19 10:47:29,473][kafka.coordinator][WARNING]Heartbeat failed for group kafka-python-default-group because it is rebalancing
[2016-09-19 10:47:29,473][kafka.coordinator][WARNING]Heartbeat failed ([Error 27] RebalanceInProgressError: ); retrying
[2016-09-19 10:47:29,574][kafka.coordinator][INFO]Skipping heartbeat: no auto-assignment or waiting on rebalance
[2016-09-19 10:47:29,974][kafka.coordinator.consumer][INFO]Revoking previously assigned partitions set([TopicPartition(topic=u'spamtopic', partition=0)]) for group kafka-python-default-group
[2016-09-19 10:47:29,974][kafka.coordinator][INFO](Re-)joining group kafka-python-default-group
[2016-09-19 10:47:29,977][kafka.coordinator][INFO]Joined group 'kafka-python-default-group' (generation 224) with member_id kafka-python-1.3.1-b1e11443-7e8e-45f5-a920-c901a1aec08b
[2016-09-19 10:47:29,980][kafka.coordinator][INFO]Successfully joined group kafka-python-default-group with generation 224
[2016-09-19 10:47:29,981][kafka.consumer.subscription_state][INFO]Updated partition assignment: [TopicPartition(topic=u'spamtopic', partition=0)]
[2016-09-19 10:47:29,981][kafka.coordinator.consumer][INFO]Setting newly assigned partitions set([TopicPartition(topic=u'spamtopic', partition=0)]) for group kafka-python-default-group
[2016-09-19 10:47:32,991][kafka.coordinator][WARNING]Heartbeat failed for group kafka-python-default-group because it is rebalancing
[2016-09-19 10:47:32,991][kafka.coordinator][WARNING]Heartbeat failed ([Error 27] RebalanceInProgressError: ); retrying
[2016-09-19 10:47:33,093][kafka.coordinator][INFO]Skipping heartbeat: no auto-assignment or waiting on rebalance
[2016-09-19 10:47:33,494][kafka.coordinator.consumer][INFO]Revoking previously assigned partitions set([TopicPartition(topic=u'spamtopic', partition=0)]) for group kafka-python-default-group
[2016-09-19 10:47:33,494][kafka.coordinator][INFO](Re-)joining group kafka-python-default-group
[2016-09-19 10:47:33,496][kafka.coordinator][INFO]Joined group 'kafka-python-default-group' (generation 225) with member_id kafka-python-1.3.1-b1e11443-7e8e-45f5-a920-c901a1aec08b
[2016-09-19 10:47:33,498][kafka.coordinator][INFO]Successfully joined group kafka-python-default-group with generation 225
[2016-09-19 10:47:33,499][kafka.consumer.subscription_state][INFO]Updated partition assignment: [TopicPartition(topic=u'spamtopic', partition=0)]
[2016-09-19 10:47:33,499][kafka.coordinator.consumer][INFO]Setting newly assigned partitions set([TopicPartition(topic=u'spamtopic', partition=0)]) for group kafka-python-default-group
[2016-09-19 10:47:36,509][kafka.coordinator][WARNING]Heartbeat failed for group kafka-python-default-group because it is rebalancing
[2016-09-19 10:47:36,509][kafka.coordinator][WARNING]Heartbeat failed ([Error 27] RebalanceInProgressError: ); retrying
[2016-09-19 10:47:36,610][kafka.coordinator][INFO]Skipping heartbeat: no auto-assignment or waiting on rebalance
[2016-09-19 10:47:37,012][kafka.coordinator.consumer][INFO]Revoking previously assigned partitions set([TopicPartition(topic=u'spamtopic', partition=0)]) for group kafka-python-default-group
[2016-09-19 10:47:37,012][kafka.coordinator][INFO](Re-)joining group kafka-python-default-group
[2016-09-19 10:47:37,014][kafka.coordinator][INFO]Joined group 'kafka-python-default-group' (generation 226) with member_id kafka-python-1.3.1-b1e11443-7e8e-45f5-a920-c901a1aec08b
[2016-09-19 10:47:37,017][kafka.coordinator][INFO]Successfully joined group kafka-python-default-group with generation 226
[2016-09-19 10:47:37,017][kafka.consumer.subscription_state][INFO]Updated partition assignment: [TopicPartition(topic=u'spamtopic', partition=0)]
[2016-09-19 10:47:37,018][kafka.coordinator.consumer][INFO]Setting newly assigned partitions set([TopicPartition(topic=u'spamtopic', partition=0)]) for group kafka-python-default-group
[2016-09-19 10:47:40,028][kafka.coordinator][WARNING]Heartbeat failed for group kafka-python-default-group because it is rebalancing
[2016-09-19 10:47:40,028][kafka.coordinator][WARNING]Heartbeat failed ([Error 27] RebalanceInProgressError: ); retrying
[2016-09-19 10:47:40,129][kafka.coordinator][INFO]Skipping heartbeat: no auto-assignment or waiting on rebalance
[2016-09-19 10:47:40,531][kafka.coordinator.consumer][INFO]Revoking previously assigned partitions set([TopicPartition(topic=u'spamtopic', partition=0)]) for group kafka-python-default-group
[2016-09-19 10:47:40,531][kafka.coordinator][INFO](Re-)joining group kafka-python-default-group
[2016-09-19 10:47:40,533][kafka.coordinator][INFO]Joined group 'kafka-python-default-group' (generation 227) with member_id kafka-python-1.3.1-b1e11443-7e8e-45f5-a920-c901a1aec08b
[2016-09-19 10:47:40,535][kafka.coordinator][INFO]Successfully joined group kafka-python-default-group with generation 227
[2016-09-19 10:47:40,535][kafka.consumer.subscription_state][INFO]Updated partition assignment: [TopicPartition(topic=u'spamtopic', partition=0)]
[2016-09-19 10:47:40,535][kafka.coordinator.consumer][INFO]Setting newly assigned partitions set([TopicPartition(topic=u'spamtopic', partition=0)]) for group kafka-python-default-group
[2016-09-19 10:47:43,547][kafka.coordinator][WARNING]Heartbeat failed for group kafka-python-default-group because it is rebalancing
[2016-09-19 10:47:43,547][kafka.coordinator][WARNING]Heartbeat failed ([Error 27] RebalanceInProgressError: ); retrying
[2016-09-19 10:47:43,648][kafka.coordinator][INFO]Skipping heartbeat: no auto-assignment or waiting on rebalance
[2016-09-19 10:47:44,048][kafka.coordinator.consumer][INFO]Revoking previously assigned partitions set([TopicPartition(topic=u'spamtopic', partition=0)]) for group kafka-python-default-group
[2016-09-19 10:47:44,048][kafka.coordinator][INFO](Re-)joining group kafka-python-default-group
[2016-09-19 10:47:44,051][kafka.coordinator][INFO]Joined group 'kafka-python-default-group' (generation 228) with member_id kafka-python-1.3.1-b1e11443-7e8e-45f5-a920-c901a1aec08b
[2016-09-19 10:47:44,052][kafka.coordinator][INFO]Successfully joined group kafka-python-default-group with generation 228
[2016-09-19 10:47:44,053][kafka.consumer.subscription_state][INFO]Updated partition assignment: [TopicPartition(topic=u'spamtopic', partition=0)]
[2016-09-19 10:47:44,053][kafka.coordinator.consumer][INFO]Setting newly assigned partitions set([TopicPartition(topic=u'spamtopic', partition=0)]) for group kafka-python-default-group
[2016-09-19 10:47:47,063][kafka.coordinator][WARNING]Heartbeat failed for group kafka-python-default-group because it is rebalancing
[2016-09-19 10:47:47,063][kafka.coordinator][WARNING]Heartbeat failed ([Error 27] RebalanceInProgressError: ); retrying
[2016-09-19 10:47:47,164][kafka.coordinator][INFO]Skipping heartbeat: no auto-assignment or waiting on rebalance
[2016-09-19 10:47:47,566][kafka.coordinator.consumer][INFO]Revoking previously assigned partitions set([TopicPartition(topic=u'spamtopic', partition=0)]) for group kafka-python-default-group
[2016-09-19 10:47:47,566][kafka.coordinator][INFO](Re-)joining group kafka-python-default-group
[2016-09-19 10:47:47,568][kafka.coordinator][INFO]Joined group 'kafka-python-default-group' (generation 229) with member_id kafka-python-1.3.1-b1e11443-7e8e-45f5-a920-c901a1aec08b
[2016-09-19 10:47:47,570][kafka.coordinator][INFO]Successfully joined group kafka-python-default-group with generation 229
[2016-09-19 10:47:47,571][kafka.consumer.subscription_state][INFO]Updated partition assignment: [TopicPartition(topic=u'spamtopic', partition=0)]
[2016-09-19 10:47:47,571][kafka.coordinator.consumer][INFO]Setting newly assigned partitions set([TopicPartition(topic=u'spamtopic', partition=0)]) for group kafka-python-default-group
[2016-09-19 10:47:50,580][kafka.coordinator][WARNING]Heartbeat failed for group kafka-python-default-group because it is rebalancing
[2016-09-19 10:47:50,580][kafka.coordinator][WARNING]Heartbeat failed ([Error 27] RebalanceInProgressError: ); retrying
[2016-09-19 10:47:50,681][kafka.coordinator][INFO]Skipping heartbeat: no auto-assignment or waiting on rebalance
[2016-09-19 10:47:51,083][kafka.coordinator.consumer][INFO]Revoking previously assigned partitions set([TopicPartition(topic=u'spamtopic', partition=0)]) for group kafka-python-default-group
[2016-09-19 10:47:51,083][kafka.coordinator][INFO](Re-)joining group kafka-python-default-group
[2016-09-19 10:47:51,087][kafka.coordinator][INFO]Joined group 'kafka-python-default-group' (generation 230) with member_id kafka-python-1.3.1-b1e11443-7e8e-45f5-a920-c901a1aec08b
[2016-09-19 10:47:51,089][kafka.coordinator][INFO]Successfully joined group kafka-python-default-group with generation 230
[2016-09-19 10:47:51,090][kafka.consumer.subscription_state][INFO]Updated partition assignment: [TopicPartition(topic=u'spamtopic', partition=0)]
[2016-09-19 10:47:51,090][kafka.coordinator.consumer][INFO]Setting newly assigned partitions set([TopicPartition(topic=u'spamtopic', partition=0)]) for group kafka-python-default-group
