Beginning task setup

/usr/bin/flock
Using existing venv: /tmp/petrel-spam-6-1473877022/venv
Task setup took 0 seconds
Launching: python -m petrel.run kafkaconsumer /home/pipe/topology/TopologyTweetTransformationSPAM/petrel18387_kafkaconsumer.log
/usr/local/lib/python2.7/dist-packages/petrel-1.0.1.0.3-py2.7.egg/petrel/run.py invoked with the following arguments: ['kafkaconsumer', '/home/pipe/topology/TopologyTweetTransformationSPAM/petrel18387_kafkaconsumer.log']
python version: 2.7.12
user=root
PATH=/tmp/petrel-spam-6-1473877022/venv/bin:/usr/local/sbin:/usr/local/bin:/usr/sbin:/usr/bin:/sbin:/bin:/snap/bin
LD_LIBRARY_PATH=/home/apache-storm-1.0.1/data/supervisor/stormdist/spam-6-1473877022/resources/Linux-amd64:/home/apache-storm-1.0.1/data/supervisor/stormdist/spam-6-1473877022/resources:/usr/local/lib:/opt/local/lib:/usr/lib
PYTHON_EGG_CACHE=/tmp/petrel-spam-6-1473877022/egg_cache
[2016-09-15 02:50:56,096][storm][INFO]Tuple profiling enabled. Will log tuple processing times.
[2016-09-15 02:50:56,344][storm][INFO]Task received setupInfo from Storm: {'pidDir': '/home/apache-storm-1.0.1/data/workers/bb99915e-e1eb-4c0c-8716-b9ba114ef2d7/pids', 'conf': {'storm.group.mapping.service.params': None, 'topology.tuple.serializer': 'org.apache.storm.serialization.types.ListDelegateSerializer', 'topology.workers': 1, 'drpc.worker.threads': 64, 'ui.filter.params': None, 'transactional.zookeeper.root': '/transactional', 'logviewer.cleanup.age.mins': 10080, 'worker.profiler.command': 'flight.bash', 'topology.executor.send.buffer.size': 1024, 'nimbus.file.copy.expiration.secs': 600, 'oauth.acess_token': ' 702208758362087425-HZiyl1x7Bh98cQa1WLBDYylyu10Bpl7', 'drpc.childopts': '-Xmx768m', 'nimbus.thrift.port': 6627, 'topology.disruptor.wait.timeout.millis': 1000, 'storm.zookeeper.retry.intervalceiling.millis': 30000, 'storm.local.dir': '/home/apache-storm-1.0.1/data', 'storm.auth.simple-acl.users': [], 'drpc.invocations.threads': 64, 'storm.zookeeper.superACL': None, 'storm.cluster.state.store': 'org.apache.storm.cluster_state.zookeeper_state_factory', 'storm.codedistributor.class': 'org.apache.storm.codedistributor.LocalFileSystemCodeDistributor', 'drpc.https.keystore.password': '', 'supervisor.blobstore.download.max_retries': 3, 'pacemaker.kerberos.users': [], 'storm.messaging.netty.client_worker_threads': 1, 'oauth.consumer_secret': 'ADf76fi3O1lKMzBxWnjqf93l3GHv28uar3bkblkvyBrAyoA23i', 'topology.component.resources.offheap.memory.mb': 0.0, 'supervisor.heartbeat.frequency.secs': 5, 'storm.group.mapping.service.cache.duration.secs': 120, 'storm.group.mapping.service': 'org.apache.storm.security.auth.ShellBasedGroupsMapping', 'storm.workers.artifacts.dir': 'workers-artifacts', 'drpc.request.timeout.secs': 600, 'pacemaker.childopts': '-Xmx1024m', 'nimbus.seeds': ['localhost'], 'topology.shellbolt.max.pending': 100, 'topology.min.replication.count': 1, 'topology.skip.missing.kryo.registrations': False, 'worker.heartbeat.frequency.secs': 1, 'storm.auth.simple-acl.users.commands': [], 'storm.zookepeer.port': 2181, 'zmq.hwm': 0, 'topology.worker.shared.thread.pool.size': 4, 'storm.zookeeper.connection.timeout': 15000, 'java.library.path': '/usr/local/lib:/opt/local/lib:/usr/lib', 'logviewer.max.sum.worker.logs.size.mb': 4096, 'task.refresh.poll.secs': 10, 'topology.max.error.report.per.interval': 5, 'topology.worker.logwriter.childopts': '-Xmx64m', 'ui.actions.enabled': True, 'storm.health.check.timeout.ms': 5000, 'topology.scheduler.strategy': 'org.apache.storm.scheduler.resource.strategies.scheduling.DefaultResourceAwareStrategy', 'ui.host': '0.0.0.0', 'storm.messaging.netty.server_worker_threads': 1, 'topology.disruptor.batch.size': 100, 'storm.id': 'spam-6-1473877022', 'supervisor.worker.start.timeout.secs': 120, 'zmq.threads': 1, 'topology.acker.executors': None, 'pacemaker.thread.timeout': 10, 'storm.local.mode.zmq': False, 'topology.eventlogger.executors': 0, 'topology.tick.tuple.freq.secs': 30, 'supervisor.memory.capacity.mb': 3072.0, 'supervisor.worker.shutdown.sleep.secs': 1, 'pacemaker.base.threads': 10, 'drpc.http.creds.plugin': 'org.apache.storm.security.auth.DefaultHttpCredentialsPlugin', 'storm.zookeeper.servers': ['localhost'], 'supervisor.localizer.cache.target.size.mb': 10240, 'storm.messaging.netty.transfer.batch.size': 262144, 'resource.aware.scheduler.eviction.strategy': 'org.apache.storm.scheduler.resource.strategies.eviction.DefaultEvictionStrategy', 'topology.environment': None, 'storm.zookeeper.port': 2181, 'storm.auth.simple-acl.admins': [], 'pacemaker.host': 'localhost', 'nimbus.childopts': '-Xmx1024m', 'storm.principal.tolocal': 'org.apache.storm.security.auth.DefaultPrincipalToLocal', 'storm.nimbus.retry.times': 5, 'topology.classpath': None, 'drpc.authorizer.acl.filename': 'drpc-auth-acl.yaml', 'topology.bolts.outgoing.overflow.buffer.enable': False, 'nimbus.credential.renewers.freq.secs': 600, 'worker.childopts': '-Xmx%HEAP-MEM%m -XX:+PrintGCDetails -Xloggc:artifacts/gc.log -XX:+PrintGCDateStamps -XX:+PrintGCTimeStamps -XX:+UseGCLogFileRotation -XX:NumberOfGCLogFiles=10 -XX:GCLogFileSize=1M -XX:+HeapDumpOnOutOfMemoryError -XX:HeapDumpPath=artifacts/heapdump', 'drpc.queue.size': 128, 'supervisor.blobstore.class': 'org.apache.storm.blobstore.NimbusBlobStore', 'topology.multilang.serializer': 'org.apache.storm.multilang.JsonSerializer', 'storm.zookeeper.retry.times': 5, 'topology.disable.loadaware': False, 'supervisor.run.worker.as.user': False, 'storm.blobstore.replication.factor': 3, 'worker.profiler.childopts': '-XX:+UnlockCommercialFeatures -XX:+FlightRecorder', 'nimbus.thrift.threads': 64, 'nimbus.monitor.freq.secs': 10, 'storm.blobstore.inputstream.buffer.size.bytes': 65536, 'dev.zookeeper.path': '/tmp/dev-storm-zookeeper', 'topology.users': [], 'storm.daemon.metrics.reporter.plugins': ['org.apache.storm.daemon.metrics.reporters.JmxPreparableReporter'], 'storm.exhibitor.poll.uripath': '/exhibitor/v1/cluster/list', 'pacemaker.max.threads': 50, 'drpc.https.keystore.type': 'JKS', 'topology.tasks': None, 'storm.zookeeper.root': '/storm', 'logviewer.childopts': '-Xmx128m', 'topology.max.replication.wait.time.sec': 60, 'worker.gc.childopts': '', 'backpressure.disruptor.low.watermark': 0.4, 'storm.meta.serialization.delegate': 'org.apache.storm.serialization.GzipThriftSerializationDelegate', 'transactional.zookeeper.port': None, 'drpc.max_buffer_size': 1048576, 'topology.worker.childopts': None, 'storm.auth.simple-white-list.users': [], 'topology.max.spout.pending': None, 'nimbus.topology.validator': 'org.apache.storm.nimbus.DefaultTopologyValidator', 'topology.kryo.register': None, 'petrel.host': 'localhost', 'client.blobstore.class': 'org.apache.storm.blobstore.NimbusBlobStore', 'nimbus.cleanup.inbox.freq.secs': 600, 'storm.nimbus.retry.intervalceiling.millis': 60000, 'storm.network.topography.plugin': 'org.apache.storm.networktopography.DefaultRackDNSToSwitchMapping', 'storm.messaging.netty.min_wait_ms': 100, 'nimbus.task.timeout.secs': 30, 'topology.disruptor.batch.timeout.millis': 1, 'topology.state.checkpoint.interval.ms': 1000, 'ui.header.buffer.bytes': 4096, 'nimbus.thrift.max_buffer_size': 1048576, 'ui.http.creds.plugin': 'org.apache.storm.security.auth.DefaultHttpCredentialsPlugin', 'topology.sleep.spout.wait.strategy.time.ms': 1, 'nimbus.blobstore.expiration.secs': 600, 'storm.cluster.mode': 'distributed', 'storm.messaging.netty.socket.backlog': 500, 'worker.profiler.enabled': False, 'nimbus.queue.size': 100000, 'logviewer.appender.name': 'A1', 'drpc.authorizer.acl.strict': False, 'ui.port': 8080, 'supervisor.slots.ports': [6700, 6701, 6702, 6703], 'worker.log.level.reset.poll.secs': 30, 'storm.nimbus.retry.interval.millis': 2000, 'drpc.invocations.port': 3773, 'supervisor.monitor.frequency.secs': 3, 'ui.childopts': '-Xmx768m', 'transactional.zookeeper.servers': None, 'storm.log4j2.conf.dir': 'log4j2', 'supervisor.supervisors': [], 'zmq.linger.millis': 5000, 'topology.error.throttle.interval.secs': 10, 'storm.health.check.dir': 'healthchecks', 'topology.executor.receive.buffer.size': 1024, 'nimbus.impersonation.authorizer': 'org.apache.storm.security.auth.authorizer.ImpersonationAuthorizer', 'topology.submitter.principal': '', 'topology.worker.max.heap.size.mb': 768.0, 'topology.spout.wait.strategy': 'org.apache.storm.spout.SleepSpoutWaitStrategy', 'task.heartbeat.frequency.secs': 3, 'topology.transfer.buffer.size': 1024, 'storm.zookeeper.session.timeout': 20000, 'topology.testing.always.try.serialize': False, 'nimbus.blobstore.class': 'org.apache.storm.blobstore.LocalFsBlobStore', 'topology.stats.sample.rate': 0.05, 'topology.fall.back.on.java.serialization': True, 'storm.exhibitor.port': 8080, 'storm.zookeeper.auth.password': None, 'supervisor.childopts': '-Xmx256m', 'topology.backpressure.enable': True, 'pacemaker.port': 6699, 'topology.enable.message.timeouts': True, 'nimbus.code.sync.freq.secs': 120, 'backpressure.disruptor.high.watermark': 0.9, 'storm.messaging.netty.max_wait_ms': 1000, 'topology.worker.receiver.thread.count': 1, 'topology.component.resources.onheap.memory.mb': 128.0, 'resource.aware.scheduler.priority.strategy': 'org.apache.storm.scheduler.resource.strategies.priority.DefaultSchedulingPriorityStrategy', 'nimbus.supervisor.timeout.secs': 60, 'pacemaker.auth.method': 'NONE', 'drpc.https.port': -1, 'nimbus.inbox.jar.expiration.secs': 3600, 'scheduler.display.resource': False, 'topology.kryo.factory': 'org.apache.storm.serialization.DefaultKryoFactory', 'storm.zookeeper.retry.interval': 1000, 'supervisor.supervisors.commands': [], 'supervisor.localizer.cleanup.interval.ms': 600000, 'storm.messaging.netty.max_retries': 300, 'task.credentials.poll.secs': 30, 'drpc.http.port': 3774, 'storm.messaging.transport': 'org.apache.storm.messaging.netty.Context', 'supervisor.enable': True, 'nimbus.task.launch.secs': 120, 'supervisor.blobstore.download.thread.count': 5, 'topology.message.timeout.secs': 30, 'oauth.acess_token_secret': 'IiNOTfgE3tEZvW2HDQhRKPMoOLU43NXJCXk8maj51SdAT', 'storm.messaging.netty.authentication': False, 'petrel.user': 'pipe', 'drpc.port': 3772, 'storm.messaging.netty.buffer_size': 5242880, 'topology.state.synchronization.timeout.secs': 60, 'worker.heap.memory.mb': 768, 'topology.name': 'spam', 'topology.priority': 29, 'supervisor.worker.timeout.secs': 30, 'ui.filter': None, 'topology.trident.batch.emit.interval.millis': 500, 'topology.max.task.parallelism': None, 'supervisor.cpu.capacity': 400.0, 'topology.submitter.user': 'root', 'logviewer.max.per.worker.logs.size.mb': 2048, 'nimbus.host': 'localhost', 'topology.builtin.metrics.bucket.size.secs': 60, 'topology.component.cpu.pcore.percent': 10.0, 'ui.users': None, 'storm.thrift.transport': 'org.apache.storm.security.auth.SimpleTransportPlugin', 'logs.users': None, 'logviewer.port': 8000, 'oauth.consumer_key': 'eaFmBSxUveRJfmyZYeabti9Q9', 'topology.kryo.decorators': [], 'topology.debug': False, 'storm.zookeeper.auth.user': None}, 'context': {'task->component': {'11': '__acker', '10': 'WordDivider', '1': 'CountThreeWords', '3': 'CountTwoWords', '2': 'CountThreeWords', '5': 'CountWord', '4': 'CountTwoWords', '7': 'KafkaConsumer', '6': 'CountWord', '9': 'TwoWordDivider', '8': 'ThreeWordDivider'}, 'stream->target->grouping': {'default': {'WordDivider': {'type': 'SHUFFLE'}, 'ThreeWordDivider': {'type': 'SHUFFLE'}, 'TwoWordDivider': {'type': 'SHUFFLE'}}}, 'source->stream->fields': {}, 'streams': ['default'], 'stream->outputfields': {'default': ['sentence', 'user']}, 'taskid': 7, 'source->stream->grouping': {}, 'componentid': 'KafkaConsumer'}}
[2016-09-15 02:50:56,350][storm][INFO]Task sent pid to Storm
[2016-09-15 02:50:56,497][kafka.conn][INFO]Broker version identifed as 0.10
[2016-09-15 02:50:56,497][kafka.conn][INFO]Set configuration api_version=(0, 10) to skip auto check_version requests on startup
[2016-09-15 02:50:56,509][kafka.consumer.subscription_state][INFO]Updating subscribed topics to: ['spamtopic']
[2016-09-15 02:50:56,510][kafka.cluster][INFO]Group coordinator for kafka-python-default-group is BrokerMetadata(nodeId=0, host=u'localhost', port=9092, rack=None)
[2016-09-15 02:50:56,510][kafka.coordinator][INFO]Discovered coordinator 0 for group kafka-python-default-group
[2016-09-15 02:50:56,510][kafka.coordinator.consumer][INFO]Revoking previously assigned partitions set([]) for group kafka-python-default-group
[2016-09-15 02:50:56,510][kafka.coordinator][INFO](Re-)joining group kafka-python-default-group
[2016-09-15 02:51:20,468][kafka.coordinator][INFO]Joined group 'kafka-python-default-group' (generation 3323) with member_id kafka-python-1.3.1-a2972845-9dfa-434b-a573-0bc3b96a4da6
[2016-09-15 02:51:20,472][kafka.coordinator][INFO]Successfully joined group kafka-python-default-group with generation 3323
[2016-09-15 02:51:20,472][kafka.consumer.subscription_state][INFO]Updated partition assignment: [TopicPartition(topic=u'spamtopic', partition=0)]
[2016-09-15 02:51:20,472][kafka.coordinator.consumer][INFO]Setting newly assigned partitions set([TopicPartition(topic=u'spamtopic', partition=0)]) for group kafka-python-default-group
[2016-09-15 02:51:23,482][kafka.coordinator][WARNING]Heartbeat failed for group kafka-python-default-group because it is rebalancing
[2016-09-15 02:51:23,482][kafka.coordinator][WARNING]Heartbeat failed ([Error 27] RebalanceInProgressError: ); retrying
[2016-09-15 02:51:23,583][kafka.coordinator][INFO]Skipping heartbeat: no auto-assignment or waiting on rebalance
[2016-09-15 02:51:23,984][kafka.coordinator.consumer][INFO]Revoking previously assigned partitions set([TopicPartition(topic=u'spamtopic', partition=0)]) for group kafka-python-default-group
[2016-09-15 02:51:23,985][kafka.coordinator][INFO](Re-)joining group kafka-python-default-group
[2016-09-15 02:51:23,985][kafka.coordinator][INFO]Joined group 'kafka-python-default-group' (generation 3324) with member_id kafka-python-1.3.1-a2972845-9dfa-434b-a573-0bc3b96a4da6
[2016-09-15 02:51:23,994][kafka.coordinator][INFO]Successfully joined group kafka-python-default-group with generation 3324
[2016-09-15 02:51:23,995][kafka.consumer.subscription_state][INFO]Updated partition assignment: [TopicPartition(topic=u'spamtopic', partition=0)]
[2016-09-15 02:51:23,995][kafka.coordinator.consumer][INFO]Setting newly assigned partitions set([TopicPartition(topic=u'spamtopic', partition=0)]) for group kafka-python-default-group
[2016-09-15 02:51:27,002][kafka.coordinator][WARNING]Heartbeat failed for group kafka-python-default-group because it is rebalancing
[2016-09-15 02:51:27,002][kafka.coordinator][WARNING]Heartbeat failed ([Error 27] RebalanceInProgressError: ); retrying
[2016-09-15 02:51:27,103][kafka.coordinator][INFO]Skipping heartbeat: no auto-assignment or waiting on rebalance
[2016-09-15 02:51:27,504][kafka.coordinator.consumer][INFO]Revoking previously assigned partitions set([TopicPartition(topic=u'spamtopic', partition=0)]) for group kafka-python-default-group
[2016-09-15 02:51:27,504][kafka.coordinator][INFO](Re-)joining group kafka-python-default-group
[2016-09-15 02:51:27,505][kafka.coordinator][INFO]Joined group 'kafka-python-default-group' (generation 3325) with member_id kafka-python-1.3.1-a2972845-9dfa-434b-a573-0bc3b96a4da6
[2016-09-15 02:51:27,509][kafka.coordinator][INFO]Successfully joined group kafka-python-default-group with generation 3325
[2016-09-15 02:51:27,509][kafka.consumer.subscription_state][INFO]Updated partition assignment: [TopicPartition(topic=u'spamtopic', partition=0)]
[2016-09-15 02:51:27,509][kafka.coordinator.consumer][INFO]Setting newly assigned partitions set([TopicPartition(topic=u'spamtopic', partition=0)]) for group kafka-python-default-group
[2016-09-15 02:51:30,518][kafka.coordinator][WARNING]Heartbeat failed for group kafka-python-default-group because it is rebalancing
[2016-09-15 02:51:30,519][kafka.coordinator][WARNING]Heartbeat failed ([Error 27] RebalanceInProgressError: ); retrying
[2016-09-15 02:51:30,620][kafka.coordinator][INFO]Skipping heartbeat: no auto-assignment or waiting on rebalance
[2016-09-15 02:51:31,020][kafka.coordinator.consumer][INFO]Revoking previously assigned partitions set([TopicPartition(topic=u'spamtopic', partition=0)]) for group kafka-python-default-group
[2016-09-15 02:51:31,020][kafka.coordinator][INFO](Re-)joining group kafka-python-default-group
[2016-09-15 02:51:31,021][kafka.coordinator][INFO]Joined group 'kafka-python-default-group' (generation 3326) with member_id kafka-python-1.3.1-a2972845-9dfa-434b-a573-0bc3b96a4da6
[2016-09-15 02:51:31,024][kafka.coordinator][INFO]Successfully joined group kafka-python-default-group with generation 3326
[2016-09-15 02:51:31,024][kafka.consumer.subscription_state][INFO]Updated partition assignment: [TopicPartition(topic=u'spamtopic', partition=0)]
[2016-09-15 02:51:31,024][kafka.coordinator.consumer][INFO]Setting newly assigned partitions set([TopicPartition(topic=u'spamtopic', partition=0)]) for group kafka-python-default-group
[2016-09-15 02:51:34,034][kafka.coordinator][WARNING]Heartbeat failed for group kafka-python-default-group because it is rebalancing
[2016-09-15 02:51:34,034][kafka.coordinator][WARNING]Heartbeat failed ([Error 27] RebalanceInProgressError: ); retrying
[2016-09-15 02:51:34,135][kafka.coordinator][INFO]Skipping heartbeat: no auto-assignment or waiting on rebalance
[2016-09-15 02:51:34,536][kafka.coordinator.consumer][INFO]Revoking previously assigned partitions set([TopicPartition(topic=u'spamtopic', partition=0)]) for group kafka-python-default-group
[2016-09-15 02:51:34,536][kafka.coordinator][INFO](Re-)joining group kafka-python-default-group
[2016-09-15 02:51:34,538][kafka.coordinator][INFO]Joined group 'kafka-python-default-group' (generation 3327) with member_id kafka-python-1.3.1-a2972845-9dfa-434b-a573-0bc3b96a4da6
[2016-09-15 02:51:34,546][kafka.coordinator][INFO]Successfully joined group kafka-python-default-group with generation 3327
[2016-09-15 02:51:34,547][kafka.consumer.subscription_state][INFO]Updated partition assignment: [TopicPartition(topic=u'spamtopic', partition=0)]
[2016-09-15 02:51:34,547][kafka.coordinator.consumer][INFO]Setting newly assigned partitions set([TopicPartition(topic=u'spamtopic', partition=0)]) for group kafka-python-default-group
[2016-09-15 02:51:37,555][kafka.coordinator][WARNING]Heartbeat failed for group kafka-python-default-group because it is rebalancing
[2016-09-15 02:51:37,555][kafka.coordinator][WARNING]Heartbeat failed ([Error 27] RebalanceInProgressError: ); retrying
[2016-09-15 02:51:37,656][kafka.coordinator][INFO]Skipping heartbeat: no auto-assignment or waiting on rebalance
[2016-09-15 02:51:38,057][kafka.coordinator.consumer][INFO]Revoking previously assigned partitions set([TopicPartition(topic=u'spamtopic', partition=0)]) for group kafka-python-default-group
[2016-09-15 02:51:38,058][kafka.coordinator][INFO](Re-)joining group kafka-python-default-group
[2016-09-15 02:51:38,059][kafka.coordinator][INFO]Joined group 'kafka-python-default-group' (generation 3328) with member_id kafka-python-1.3.1-a2972845-9dfa-434b-a573-0bc3b96a4da6
[2016-09-15 02:51:38,062][kafka.coordinator][INFO]Successfully joined group kafka-python-default-group with generation 3328
[2016-09-15 02:51:38,063][kafka.consumer.subscription_state][INFO]Updated partition assignment: [TopicPartition(topic=u'spamtopic', partition=0)]
[2016-09-15 02:51:38,063][kafka.coordinator.consumer][INFO]Setting newly assigned partitions set([TopicPartition(topic=u'spamtopic', partition=0)]) for group kafka-python-default-group
[2016-09-15 02:51:41,075][kafka.coordinator][WARNING]Heartbeat failed for group kafka-python-default-group because it is rebalancing
[2016-09-15 02:51:41,075][kafka.coordinator][WARNING]Heartbeat failed ([Error 27] RebalanceInProgressError: ); retrying
[2016-09-15 02:51:41,177][kafka.coordinator][INFO]Skipping heartbeat: no auto-assignment or waiting on rebalance
[2016-09-15 02:51:41,577][kafka.coordinator.consumer][INFO]Revoking previously assigned partitions set([TopicPartition(topic=u'spamtopic', partition=0)]) for group kafka-python-default-group
[2016-09-15 02:51:41,578][kafka.coordinator][INFO](Re-)joining group kafka-python-default-group
[2016-09-15 02:51:41,579][kafka.coordinator][INFO]Joined group 'kafka-python-default-group' (generation 3329) with member_id kafka-python-1.3.1-a2972845-9dfa-434b-a573-0bc3b96a4da6
[2016-09-15 02:51:41,581][kafka.coordinator][INFO]Successfully joined group kafka-python-default-group with generation 3329
[2016-09-15 02:51:41,581][kafka.consumer.subscription_state][INFO]Updated partition assignment: [TopicPartition(topic=u'spamtopic', partition=0)]
[2016-09-15 02:51:41,582][kafka.coordinator.consumer][INFO]Setting newly assigned partitions set([TopicPartition(topic=u'spamtopic', partition=0)]) for group kafka-python-default-group
[2016-09-15 02:51:44,594][kafka.coordinator][WARNING]Heartbeat failed for group kafka-python-default-group because it is rebalancing
[2016-09-15 02:51:44,595][kafka.coordinator][WARNING]Heartbeat failed ([Error 27] RebalanceInProgressError: ); retrying
[2016-09-15 02:51:44,696][kafka.coordinator][INFO]Skipping heartbeat: no auto-assignment or waiting on rebalance
[2016-09-15 02:51:45,096][kafka.coordinator.consumer][INFO]Revoking previously assigned partitions set([TopicPartition(topic=u'spamtopic', partition=0)]) for group kafka-python-default-group
[2016-09-15 02:51:45,096][kafka.coordinator][INFO](Re-)joining group kafka-python-default-group
[2016-09-15 02:51:45,098][kafka.coordinator][INFO]Joined group 'kafka-python-default-group' (generation 3330) with member_id kafka-python-1.3.1-a2972845-9dfa-434b-a573-0bc3b96a4da6
[2016-09-15 02:51:45,100][kafka.coordinator][INFO]Successfully joined group kafka-python-default-group with generation 3330
[2016-09-15 02:51:45,100][kafka.consumer.subscription_state][INFO]Updated partition assignment: [TopicPartition(topic=u'spamtopic', partition=0)]
[2016-09-15 02:51:45,101][kafka.coordinator.consumer][INFO]Setting newly assigned partitions set([TopicPartition(topic=u'spamtopic', partition=0)]) for group kafka-python-default-group
[2016-09-15 02:51:48,110][kafka.coordinator][WARNING]Heartbeat failed for group kafka-python-default-group because it is rebalancing
[2016-09-15 02:51:48,110][kafka.coordinator][WARNING]Heartbeat failed ([Error 27] RebalanceInProgressError: ); retrying
[2016-09-15 02:51:48,211][kafka.coordinator][INFO]Skipping heartbeat: no auto-assignment or waiting on rebalance
[2016-09-15 02:51:48,611][kafka.coordinator.consumer][INFO]Revoking previously assigned partitions set([TopicPartition(topic=u'spamtopic', partition=0)]) for group kafka-python-default-group
[2016-09-15 02:51:48,611][kafka.coordinator][INFO](Re-)joining group kafka-python-default-group
[2016-09-15 02:51:48,616][kafka.coordinator][INFO]Joined group 'kafka-python-default-group' (generation 3331) with member_id kafka-python-1.3.1-a2972845-9dfa-434b-a573-0bc3b96a4da6
[2016-09-15 02:51:48,616][kafka.coordinator][INFO]Successfully joined group kafka-python-default-group with generation 3331
[2016-09-15 02:51:48,616][kafka.consumer.subscription_state][INFO]Updated partition assignment: [TopicPartition(topic=u'spamtopic', partition=0)]
[2016-09-15 02:51:48,617][kafka.coordinator.consumer][INFO]Setting newly assigned partitions set([TopicPartition(topic=u'spamtopic', partition=0)]) for group kafka-python-default-group
[2016-09-15 02:51:51,625][kafka.coordinator][WARNING]Heartbeat failed for group kafka-python-default-group because it is rebalancing
[2016-09-15 02:51:51,625][kafka.coordinator][WARNING]Heartbeat failed ([Error 27] RebalanceInProgressError: ); retrying
[2016-09-15 02:51:51,727][kafka.coordinator][INFO]Skipping heartbeat: no auto-assignment or waiting on rebalance
[2016-09-15 02:51:52,127][kafka.coordinator.consumer][INFO]Revoking previously assigned partitions set([TopicPartition(topic=u'spamtopic', partition=0)]) for group kafka-python-default-group
[2016-09-15 02:51:52,127][kafka.coordinator][INFO](Re-)joining group kafka-python-default-group
[2016-09-15 02:51:52,128][kafka.coordinator][INFO]Joined group 'kafka-python-default-group' (generation 3332) with member_id kafka-python-1.3.1-a2972845-9dfa-434b-a573-0bc3b96a4da6
[2016-09-15 02:51:52,132][kafka.coordinator][INFO]Successfully joined group kafka-python-default-group with generation 3332
[2016-09-15 02:51:52,132][kafka.consumer.subscription_state][INFO]Updated partition assignment: [TopicPartition(topic=u'spamtopic', partition=0)]
[2016-09-15 02:51:52,132][kafka.coordinator.consumer][INFO]Setting newly assigned partitions set([TopicPartition(topic=u'spamtopic', partition=0)]) for group kafka-python-default-group
[2016-09-15 02:51:55,147][kafka.coordinator][WARNING]Heartbeat failed for group kafka-python-default-group because it is rebalancing
[2016-09-15 02:51:55,147][kafka.coordinator][WARNING]Heartbeat failed ([Error 27] RebalanceInProgressError: ); retrying
[2016-09-15 02:51:55,248][kafka.coordinator][INFO]Skipping heartbeat: no auto-assignment or waiting on rebalance
[2016-09-15 02:51:55,648][kafka.coordinator.consumer][INFO]Revoking previously assigned partitions set([TopicPartition(topic=u'spamtopic', partition=0)]) for group kafka-python-default-group
[2016-09-15 02:51:55,648][kafka.coordinator][INFO](Re-)joining group kafka-python-default-group
[2016-09-15 02:51:55,649][kafka.coordinator][INFO]Joined group 'kafka-python-default-group' (generation 3333) with member_id kafka-python-1.3.1-a2972845-9dfa-434b-a573-0bc3b96a4da6
[2016-09-15 02:51:55,651][kafka.coordinator][INFO]Successfully joined group kafka-python-default-group with generation 3333
[2016-09-15 02:51:55,651][kafka.consumer.subscription_state][INFO]Updated partition assignment: [TopicPartition(topic=u'spamtopic', partition=0)]
[2016-09-15 02:51:55,651][kafka.coordinator.consumer][INFO]Setting newly assigned partitions set([TopicPartition(topic=u'spamtopic', partition=0)]) for group kafka-python-default-group
[2016-09-15 02:51:58,663][kafka.coordinator][WARNING]Heartbeat failed for group kafka-python-default-group because it is rebalancing
[2016-09-15 02:51:58,663][kafka.coordinator][WARNING]Heartbeat failed ([Error 27] RebalanceInProgressError: ); retrying
[2016-09-15 02:51:58,764][kafka.coordinator][INFO]Skipping heartbeat: no auto-assignment or waiting on rebalance
[2016-09-15 02:51:59,165][kafka.coordinator.consumer][INFO]Revoking previously assigned partitions set([TopicPartition(topic=u'spamtopic', partition=0)]) for group kafka-python-default-group
[2016-09-15 02:51:59,165][kafka.coordinator][INFO](Re-)joining group kafka-python-default-group
[2016-09-15 02:51:59,166][kafka.coordinator][INFO]Joined group 'kafka-python-default-group' (generation 3334) with member_id kafka-python-1.3.1-a2972845-9dfa-434b-a573-0bc3b96a4da6
[2016-09-15 02:51:59,170][kafka.coordinator][INFO]Successfully joined group kafka-python-default-group with generation 3334
[2016-09-15 02:51:59,170][kafka.consumer.subscription_state][INFO]Updated partition assignment: [TopicPartition(topic=u'spamtopic', partition=0)]
[2016-09-15 02:51:59,170][kafka.coordinator.consumer][INFO]Setting newly assigned partitions set([TopicPartition(topic=u'spamtopic', partition=0)]) for group kafka-python-default-group
[2016-09-15 02:52:02,180][kafka.coordinator][WARNING]Heartbeat failed for group kafka-python-default-group because it is rebalancing
[2016-09-15 02:52:02,180][kafka.coordinator][WARNING]Heartbeat failed ([Error 27] RebalanceInProgressError: ); retrying
[2016-09-15 02:52:02,281][kafka.coordinator][INFO]Skipping heartbeat: no auto-assignment or waiting on rebalance
[2016-09-15 02:52:02,682][kafka.coordinator.consumer][INFO]Revoking previously assigned partitions set([TopicPartition(topic=u'spamtopic', partition=0)]) for group kafka-python-default-group
[2016-09-15 02:52:02,682][kafka.coordinator][INFO](Re-)joining group kafka-python-default-group
[2016-09-15 02:52:02,683][kafka.coordinator][INFO]Joined group 'kafka-python-default-group' (generation 3335) with member_id kafka-python-1.3.1-a2972845-9dfa-434b-a573-0bc3b96a4da6
[2016-09-15 02:52:02,685][kafka.coordinator][INFO]Successfully joined group kafka-python-default-group with generation 3335
[2016-09-15 02:52:02,685][kafka.consumer.subscription_state][INFO]Updated partition assignment: [TopicPartition(topic=u'spamtopic', partition=0)]
[2016-09-15 02:52:02,685][kafka.coordinator.consumer][INFO]Setting newly assigned partitions set([TopicPartition(topic=u'spamtopic', partition=0)]) for group kafka-python-default-group
[2016-09-15 02:52:05,697][kafka.coordinator][WARNING]Heartbeat failed for group kafka-python-default-group because it is rebalancing
[2016-09-15 02:52:05,698][kafka.coordinator][WARNING]Heartbeat failed ([Error 27] RebalanceInProgressError: ); retrying
[2016-09-15 02:52:05,799][kafka.coordinator][INFO]Skipping heartbeat: no auto-assignment or waiting on rebalance
[2016-09-15 02:52:06,199][kafka.coordinator.consumer][INFO]Revoking previously assigned partitions set([TopicPartition(topic=u'spamtopic', partition=0)]) for group kafka-python-default-group
[2016-09-15 02:52:06,199][kafka.coordinator][INFO](Re-)joining group kafka-python-default-group
[2016-09-15 02:52:06,204][kafka.coordinator][INFO]Joined group 'kafka-python-default-group' (generation 3336) with member_id kafka-python-1.3.1-a2972845-9dfa-434b-a573-0bc3b96a4da6
[2016-09-15 02:52:06,206][kafka.coordinator][INFO](Re-)joining group kafka-python-default-group
[2016-09-15 02:52:09,722][kafka.coordinator][INFO]Joined group 'kafka-python-default-group' (generation 3337) with member_id kafka-python-1.3.1-a2972845-9dfa-434b-a573-0bc3b96a4da6
[2016-09-15 02:52:09,722][kafka.coordinator.consumer][WARNING]Auto offset commit failed for group kafka-python-default-group: CommitFailedError: Commit cannot be completed since the group has already rebalanced and assigned the partitions to another member. This means that the time between subsequent calls to poll() was longer than the configured session.timeout.ms, which typically implies that the poll loop is spending too much time message processing. You can address this either by increasing the session timeout or by reducing the maximum size of batches returned in poll() with max.poll.records.
[2016-09-15 02:52:09,723][kafka.coordinator][INFO]Successfully joined group kafka-python-default-group with generation 3337
[2016-09-15 02:52:09,723][kafka.consumer.subscription_state][INFO]Updated partition assignment: [TopicPartition(topic=u'spamtopic', partition=0)]
[2016-09-15 02:52:09,723][kafka.coordinator.consumer][INFO]Setting newly assigned partitions set([TopicPartition(topic=u'spamtopic', partition=0)]) for group kafka-python-default-group
[2016-09-15 02:52:12,733][kafka.coordinator][WARNING]Heartbeat failed for group kafka-python-default-group because it is rebalancing
[2016-09-15 02:52:12,733][kafka.coordinator][WARNING]Heartbeat failed ([Error 27] RebalanceInProgressError: ); retrying
[2016-09-15 02:52:12,834][kafka.coordinator][INFO]Skipping heartbeat: no auto-assignment or waiting on rebalance
[2016-09-15 02:52:13,234][kafka.coordinator.consumer][INFO]Revoking previously assigned partitions set([TopicPartition(topic=u'spamtopic', partition=0)]) for group kafka-python-default-group
[2016-09-15 02:52:13,234][kafka.coordinator][INFO](Re-)joining group kafka-python-default-group
[2016-09-15 02:52:13,236][kafka.coordinator][INFO]Joined group 'kafka-python-default-group' (generation 3338) with member_id kafka-python-1.3.1-a2972845-9dfa-434b-a573-0bc3b96a4da6
[2016-09-15 02:52:13,243][kafka.coordinator][INFO]Successfully joined group kafka-python-default-group with generation 3338
[2016-09-15 02:52:13,243][kafka.consumer.subscription_state][INFO]Updated partition assignment: [TopicPartition(topic=u'spamtopic', partition=0)]
[2016-09-15 02:52:13,243][kafka.coordinator.consumer][INFO]Setting newly assigned partitions set([TopicPartition(topic=u'spamtopic', partition=0)]) for group kafka-python-default-group
[2016-09-15 02:52:16,252][kafka.coordinator][WARNING]Heartbeat failed for group kafka-python-default-group because it is rebalancing
[2016-09-15 02:52:16,252][kafka.coordinator][WARNING]Heartbeat failed ([Error 27] RebalanceInProgressError: ); retrying
[2016-09-15 02:52:16,354][kafka.coordinator][INFO]Skipping heartbeat: no auto-assignment or waiting on rebalance
[2016-09-15 02:52:16,754][kafka.coordinator.consumer][INFO]Revoking previously assigned partitions set([TopicPartition(topic=u'spamtopic', partition=0)]) for group kafka-python-default-group
[2016-09-15 02:52:16,755][kafka.coordinator][INFO](Re-)joining group kafka-python-default-group
[2016-09-15 02:52:16,757][kafka.coordinator][INFO]Joined group 'kafka-python-default-group' (generation 3339) with member_id kafka-python-1.3.1-a2972845-9dfa-434b-a573-0bc3b96a4da6
[2016-09-15 02:52:16,761][kafka.coordinator][INFO]Successfully joined group kafka-python-default-group with generation 3339
[2016-09-15 02:52:16,761][kafka.consumer.subscription_state][INFO]Updated partition assignment: [TopicPartition(topic=u'spamtopic', partition=0)]
[2016-09-15 02:52:16,761][kafka.coordinator.consumer][INFO]Setting newly assigned partitions set([TopicPartition(topic=u'spamtopic', partition=0)]) for group kafka-python-default-group
[2016-09-15 02:52:19,771][kafka.coordinator][WARNING]Heartbeat failed for group kafka-python-default-group because it is rebalancing
[2016-09-15 02:52:19,771][kafka.coordinator][WARNING]Heartbeat failed ([Error 27] RebalanceInProgressError: ); retrying
[2016-09-15 02:52:19,873][kafka.coordinator][INFO]Skipping heartbeat: no auto-assignment or waiting on rebalance
[2016-09-15 02:52:20,273][kafka.coordinator.consumer][INFO]Revoking previously assigned partitions set([TopicPartition(topic=u'spamtopic', partition=0)]) for group kafka-python-default-group
[2016-09-15 02:52:20,273][kafka.coordinator][INFO](Re-)joining group kafka-python-default-group
[2016-09-15 02:52:20,274][kafka.coordinator][INFO]Joined group 'kafka-python-default-group' (generation 3340) with member_id kafka-python-1.3.1-a2972845-9dfa-434b-a573-0bc3b96a4da6
[2016-09-15 02:52:20,283][kafka.coordinator][INFO]Successfully joined group kafka-python-default-group with generation 3340
[2016-09-15 02:52:20,284][kafka.consumer.subscription_state][INFO]Updated partition assignment: [TopicPartition(topic=u'spamtopic', partition=0)]
[2016-09-15 02:52:20,284][kafka.coordinator.consumer][INFO]Setting newly assigned partitions set([TopicPartition(topic=u'spamtopic', partition=0)]) for group kafka-python-default-group
[2016-09-15 02:52:23,292][kafka.coordinator][WARNING]Heartbeat failed for group kafka-python-default-group because it is rebalancing
[2016-09-15 02:52:23,292][kafka.coordinator][WARNING]Heartbeat failed ([Error 27] RebalanceInProgressError: ); retrying
[2016-09-15 02:52:23,393][kafka.coordinator][INFO]Skipping heartbeat: no auto-assignment or waiting on rebalance
[2016-09-15 02:52:23,794][kafka.coordinator.consumer][INFO]Revoking previously assigned partitions set([TopicPartition(topic=u'spamtopic', partition=0)]) for group kafka-python-default-group
[2016-09-15 02:52:23,795][kafka.coordinator][INFO](Re-)joining group kafka-python-default-group
[2016-09-15 02:52:23,796][kafka.coordinator][INFO]Joined group 'kafka-python-default-group' (generation 3341) with member_id kafka-python-1.3.1-a2972845-9dfa-434b-a573-0bc3b96a4da6
[2016-09-15 02:52:23,797][kafka.coordinator][INFO]Successfully joined group kafka-python-default-group with generation 3341
[2016-09-15 02:52:23,799][kafka.consumer.subscription_state][INFO]Updated partition assignment: [TopicPartition(topic=u'spamtopic', partition=0)]
[2016-09-15 02:52:23,799][kafka.coordinator.consumer][INFO]Setting newly assigned partitions set([TopicPartition(topic=u'spamtopic', partition=0)]) for group kafka-python-default-group
[2016-09-15 02:52:26,811][kafka.coordinator][WARNING]Heartbeat failed for group kafka-python-default-group because it is rebalancing
[2016-09-15 02:52:26,812][kafka.coordinator][WARNING]Heartbeat failed ([Error 27] RebalanceInProgressError: ); retrying
[2016-09-15 02:52:26,913][kafka.coordinator][INFO]Skipping heartbeat: no auto-assignment or waiting on rebalance
[2016-09-15 02:52:27,313][kafka.coordinator.consumer][INFO]Revoking previously assigned partitions set([TopicPartition(topic=u'spamtopic', partition=0)]) for group kafka-python-default-group
[2016-09-15 02:52:27,313][kafka.coordinator][INFO](Re-)joining group kafka-python-default-group
[2016-09-15 02:52:27,315][kafka.coordinator][INFO]Joined group 'kafka-python-default-group' (generation 3342) with member_id kafka-python-1.3.1-a2972845-9dfa-434b-a573-0bc3b96a4da6
[2016-09-15 02:52:27,318][kafka.coordinator][INFO]Successfully joined group kafka-python-default-group with generation 3342
[2016-09-15 02:52:27,319][kafka.consumer.subscription_state][INFO]Updated partition assignment: [TopicPartition(topic=u'spamtopic', partition=0)]
[2016-09-15 02:52:27,319][kafka.coordinator.consumer][INFO]Setting newly assigned partitions set([TopicPartition(topic=u'spamtopic', partition=0)]) for group kafka-python-default-group
[2016-09-15 02:52:30,329][kafka.coordinator][WARNING]Heartbeat failed for group kafka-python-default-group because it is rebalancing
[2016-09-15 02:52:30,329][kafka.coordinator][WARNING]Heartbeat failed ([Error 27] RebalanceInProgressError: ); retrying
[2016-09-15 02:52:30,430][kafka.coordinator][INFO]Skipping heartbeat: no auto-assignment or waiting on rebalance
[2016-09-15 02:52:30,831][kafka.coordinator.consumer][INFO]Revoking previously assigned partitions set([TopicPartition(topic=u'spamtopic', partition=0)]) for group kafka-python-default-group
[2016-09-15 02:52:30,832][kafka.coordinator][INFO](Re-)joining group kafka-python-default-group
[2016-09-15 02:52:30,834][kafka.coordinator][INFO]Joined group 'kafka-python-default-group' (generation 3343) with member_id kafka-python-1.3.1-a2972845-9dfa-434b-a573-0bc3b96a4da6
[2016-09-15 02:52:30,835][kafka.coordinator][INFO]Successfully joined group kafka-python-default-group with generation 3343
[2016-09-15 02:52:30,836][kafka.consumer.subscription_state][INFO]Updated partition assignment: [TopicPartition(topic=u'spamtopic', partition=0)]
[2016-09-15 02:52:30,838][kafka.coordinator.consumer][INFO]Setting newly assigned partitions set([TopicPartition(topic=u'spamtopic', partition=0)]) for group kafka-python-default-group
[2016-09-15 02:52:33,848][kafka.coordinator][WARNING]Heartbeat failed for group kafka-python-default-group because it is rebalancing
[2016-09-15 02:52:33,848][kafka.coordinator][WARNING]Heartbeat failed ([Error 27] RebalanceInProgressError: ); retrying
[2016-09-15 02:52:33,949][kafka.coordinator][INFO]Skipping heartbeat: no auto-assignment or waiting on rebalance
[2016-09-15 02:52:34,350][kafka.coordinator.consumer][INFO]Revoking previously assigned partitions set([TopicPartition(topic=u'spamtopic', partition=0)]) for group kafka-python-default-group
[2016-09-15 02:52:34,350][kafka.coordinator][INFO](Re-)joining group kafka-python-default-group
[2016-09-15 02:52:34,352][kafka.coordinator][INFO]Joined group 'kafka-python-default-group' (generation 3344) with member_id kafka-python-1.3.1-a2972845-9dfa-434b-a573-0bc3b96a4da6
[2016-09-15 02:52:34,354][kafka.coordinator][INFO]Successfully joined group kafka-python-default-group with generation 3344
[2016-09-15 02:52:34,354][kafka.consumer.subscription_state][INFO]Updated partition assignment: [TopicPartition(topic=u'spamtopic', partition=0)]
[2016-09-15 02:52:34,354][kafka.coordinator.consumer][INFO]Setting newly assigned partitions set([TopicPartition(topic=u'spamtopic', partition=0)]) for group kafka-python-default-group
[2016-09-15 02:52:37,365][kafka.coordinator][WARNING]Heartbeat failed for group kafka-python-default-group because it is rebalancing
[2016-09-15 02:52:37,365][kafka.coordinator][WARNING]Heartbeat failed ([Error 27] RebalanceInProgressError: ); retrying
[2016-09-15 02:52:37,466][kafka.coordinator][INFO]Skipping heartbeat: no auto-assignment or waiting on rebalance
[2016-09-15 02:52:37,867][kafka.coordinator.consumer][INFO]Revoking previously assigned partitions set([TopicPartition(topic=u'spamtopic', partition=0)]) for group kafka-python-default-group
[2016-09-15 02:52:37,868][kafka.coordinator][INFO](Re-)joining group kafka-python-default-group
[2016-09-15 02:52:37,869][kafka.coordinator][INFO]Joined group 'kafka-python-default-group' (generation 3345) with member_id kafka-python-1.3.1-a2972845-9dfa-434b-a573-0bc3b96a4da6
[2016-09-15 02:52:37,871][kafka.coordinator][INFO]Successfully joined group kafka-python-default-group with generation 3345
[2016-09-15 02:52:37,871][kafka.consumer.subscription_state][INFO]Updated partition assignment: [TopicPartition(topic=u'spamtopic', partition=0)]
[2016-09-15 02:52:37,872][kafka.coordinator.consumer][INFO]Setting newly assigned partitions set([TopicPartition(topic=u'spamtopic', partition=0)]) for group kafka-python-default-group
