Beginning task setup

/usr/bin/flock
Using existing venv: /tmp/petrel-spam-6-1473877022/venv
Task setup took 0 seconds
Launching: python -m petrel.run kafkaconsumer /home/pipe/topology/TopologyTweetTransformationSPAM/petrel25549_kafkaconsumer.log
/usr/local/lib/python2.7/dist-packages/petrel-1.0.1.0.3-py2.7.egg/petrel/run.py invoked with the following arguments: ['kafkaconsumer', '/home/pipe/topology/TopologyTweetTransformationSPAM/petrel25549_kafkaconsumer.log']
python version: 2.7.12
user=root
PATH=/tmp/petrel-spam-6-1473877022/venv/bin:/usr/local/sbin:/usr/local/bin:/usr/sbin:/usr/bin:/sbin:/bin:/snap/bin
LD_LIBRARY_PATH=/home/apache-storm-1.0.1/data/supervisor/stormdist/spam-6-1473877022/resources/Linux-amd64:/home/apache-storm-1.0.1/data/supervisor/stormdist/spam-6-1473877022/resources:/usr/local/lib:/opt/local/lib:/usr/lib
PYTHON_EGG_CACHE=/tmp/petrel-spam-6-1473877022/egg_cache
[2016-09-14 21:44:05,609][storm][INFO]Tuple profiling enabled. Will log tuple processing times.
[2016-09-14 21:44:06,046][storm][INFO]Task received setupInfo from Storm: {'pidDir': '/home/apache-storm-1.0.1/data/workers/35dcc349-c497-444c-bc51-b9856f43b688/pids', 'conf': {'storm.group.mapping.service.params': None, 'topology.tuple.serializer': 'org.apache.storm.serialization.types.ListDelegateSerializer', 'topology.workers': 1, 'drpc.worker.threads': 64, 'ui.filter.params': None, 'transactional.zookeeper.root': '/transactional', 'logviewer.cleanup.age.mins': 10080, 'worker.profiler.command': 'flight.bash', 'topology.executor.send.buffer.size': 1024, 'nimbus.file.copy.expiration.secs': 600, 'oauth.acess_token': ' 702208758362087425-HZiyl1x7Bh98cQa1WLBDYylyu10Bpl7', 'drpc.childopts': '-Xmx768m', 'nimbus.thrift.port': 6627, 'topology.disruptor.wait.timeout.millis': 1000, 'storm.zookeeper.retry.intervalceiling.millis': 30000, 'storm.local.dir': '/home/apache-storm-1.0.1/data', 'storm.auth.simple-acl.users': [], 'drpc.invocations.threads': 64, 'storm.zookeeper.superACL': None, 'storm.cluster.state.store': 'org.apache.storm.cluster_state.zookeeper_state_factory', 'storm.codedistributor.class': 'org.apache.storm.codedistributor.LocalFileSystemCodeDistributor', 'drpc.https.keystore.password': '', 'supervisor.blobstore.download.max_retries': 3, 'pacemaker.kerberos.users': [], 'storm.messaging.netty.client_worker_threads': 1, 'oauth.consumer_secret': 'ADf76fi3O1lKMzBxWnjqf93l3GHv28uar3bkblkvyBrAyoA23i', 'topology.component.resources.offheap.memory.mb': 0.0, 'supervisor.heartbeat.frequency.secs': 5, 'storm.group.mapping.service.cache.duration.secs': 120, 'storm.group.mapping.service': 'org.apache.storm.security.auth.ShellBasedGroupsMapping', 'storm.workers.artifacts.dir': 'workers-artifacts', 'drpc.request.timeout.secs': 600, 'pacemaker.childopts': '-Xmx1024m', 'nimbus.seeds': ['localhost'], 'topology.shellbolt.max.pending': 100, 'topology.min.replication.count': 1, 'topology.skip.missing.kryo.registrations': False, 'worker.heartbeat.frequency.secs': 1, 'storm.auth.simple-acl.users.commands': [], 'storm.zookepeer.port': 2181, 'zmq.hwm': 0, 'topology.worker.shared.thread.pool.size': 4, 'storm.zookeeper.connection.timeout': 15000, 'java.library.path': '/usr/local/lib:/opt/local/lib:/usr/lib', 'logviewer.max.sum.worker.logs.size.mb': 4096, 'task.refresh.poll.secs': 10, 'topology.max.error.report.per.interval': 5, 'topology.worker.logwriter.childopts': '-Xmx64m', 'ui.actions.enabled': True, 'storm.health.check.timeout.ms': 5000, 'topology.scheduler.strategy': 'org.apache.storm.scheduler.resource.strategies.scheduling.DefaultResourceAwareStrategy', 'ui.host': '0.0.0.0', 'storm.messaging.netty.server_worker_threads': 1, 'topology.disruptor.batch.size': 100, 'storm.id': 'spam-6-1473877022', 'supervisor.worker.start.timeout.secs': 120, 'zmq.threads': 1, 'topology.acker.executors': None, 'pacemaker.thread.timeout': 10, 'storm.local.mode.zmq': False, 'topology.eventlogger.executors': 0, 'topology.tick.tuple.freq.secs': 30, 'supervisor.memory.capacity.mb': 3072.0, 'supervisor.worker.shutdown.sleep.secs': 1, 'pacemaker.base.threads': 10, 'drpc.http.creds.plugin': 'org.apache.storm.security.auth.DefaultHttpCredentialsPlugin', 'storm.zookeeper.servers': ['localhost'], 'supervisor.localizer.cache.target.size.mb': 10240, 'storm.messaging.netty.transfer.batch.size': 262144, 'resource.aware.scheduler.eviction.strategy': 'org.apache.storm.scheduler.resource.strategies.eviction.DefaultEvictionStrategy', 'topology.environment': None, 'storm.zookeeper.port': 2181, 'storm.auth.simple-acl.admins': [], 'pacemaker.host': 'localhost', 'nimbus.childopts': '-Xmx1024m', 'storm.principal.tolocal': 'org.apache.storm.security.auth.DefaultPrincipalToLocal', 'storm.nimbus.retry.times': 5, 'topology.classpath': None, 'drpc.authorizer.acl.filename': 'drpc-auth-acl.yaml', 'topology.bolts.outgoing.overflow.buffer.enable': False, 'nimbus.credential.renewers.freq.secs': 600, 'worker.childopts': '-Xmx%HEAP-MEM%m -XX:+PrintGCDetails -Xloggc:artifacts/gc.log -XX:+PrintGCDateStamps -XX:+PrintGCTimeStamps -XX:+UseGCLogFileRotation -XX:NumberOfGCLogFiles=10 -XX:GCLogFileSize=1M -XX:+HeapDumpOnOutOfMemoryError -XX:HeapDumpPath=artifacts/heapdump', 'drpc.queue.size': 128, 'supervisor.blobstore.class': 'org.apache.storm.blobstore.NimbusBlobStore', 'topology.multilang.serializer': 'org.apache.storm.multilang.JsonSerializer', 'storm.zookeeper.retry.times': 5, 'topology.disable.loadaware': False, 'supervisor.run.worker.as.user': False, 'storm.blobstore.replication.factor': 3, 'worker.profiler.childopts': '-XX:+UnlockCommercialFeatures -XX:+FlightRecorder', 'nimbus.thrift.threads': 64, 'nimbus.monitor.freq.secs': 10, 'storm.blobstore.inputstream.buffer.size.bytes': 65536, 'dev.zookeeper.path': '/tmp/dev-storm-zookeeper', 'topology.users': [], 'storm.daemon.metrics.reporter.plugins': ['org.apache.storm.daemon.metrics.reporters.JmxPreparableReporter'], 'storm.exhibitor.poll.uripath': '/exhibitor/v1/cluster/list', 'pacemaker.max.threads': 50, 'drpc.https.keystore.type': 'JKS', 'topology.tasks': None, 'storm.zookeeper.root': '/storm', 'logviewer.childopts': '-Xmx128m', 'topology.max.replication.wait.time.sec': 60, 'worker.gc.childopts': '', 'backpressure.disruptor.low.watermark': 0.4, 'storm.meta.serialization.delegate': 'org.apache.storm.serialization.GzipThriftSerializationDelegate', 'transactional.zookeeper.port': None, 'drpc.max_buffer_size': 1048576, 'topology.worker.childopts': None, 'storm.auth.simple-white-list.users': [], 'topology.max.spout.pending': None, 'nimbus.topology.validator': 'org.apache.storm.nimbus.DefaultTopologyValidator', 'topology.kryo.register': None, 'petrel.host': 'localhost', 'client.blobstore.class': 'org.apache.storm.blobstore.NimbusBlobStore', 'nimbus.cleanup.inbox.freq.secs': 600, 'storm.nimbus.retry.intervalceiling.millis': 60000, 'storm.network.topography.plugin': 'org.apache.storm.networktopography.DefaultRackDNSToSwitchMapping', 'storm.messaging.netty.min_wait_ms': 100, 'nimbus.task.timeout.secs': 30, 'topology.disruptor.batch.timeout.millis': 1, 'topology.state.checkpoint.interval.ms': 1000, 'ui.header.buffer.bytes': 4096, 'nimbus.thrift.max_buffer_size': 1048576, 'ui.http.creds.plugin': 'org.apache.storm.security.auth.DefaultHttpCredentialsPlugin', 'topology.sleep.spout.wait.strategy.time.ms': 1, 'nimbus.blobstore.expiration.secs': 600, 'storm.cluster.mode': 'distributed', 'storm.messaging.netty.socket.backlog': 500, 'worker.profiler.enabled': False, 'nimbus.queue.size': 100000, 'logviewer.appender.name': 'A1', 'drpc.authorizer.acl.strict': False, 'ui.port': 8080, 'supervisor.slots.ports': [6700, 6701, 6702, 6703], 'worker.log.level.reset.poll.secs': 30, 'storm.nimbus.retry.interval.millis': 2000, 'drpc.invocations.port': 3773, 'supervisor.monitor.frequency.secs': 3, 'ui.childopts': '-Xmx768m', 'transactional.zookeeper.servers': None, 'storm.log4j2.conf.dir': 'log4j2', 'supervisor.supervisors': [], 'zmq.linger.millis': 5000, 'topology.error.throttle.interval.secs': 10, 'storm.health.check.dir': 'healthchecks', 'topology.executor.receive.buffer.size': 1024, 'nimbus.impersonation.authorizer': 'org.apache.storm.security.auth.authorizer.ImpersonationAuthorizer', 'topology.submitter.principal': '', 'topology.worker.max.heap.size.mb': 768.0, 'topology.spout.wait.strategy': 'org.apache.storm.spout.SleepSpoutWaitStrategy', 'task.heartbeat.frequency.secs': 3, 'topology.transfer.buffer.size': 1024, 'storm.zookeeper.session.timeout': 20000, 'topology.testing.always.try.serialize': False, 'nimbus.blobstore.class': 'org.apache.storm.blobstore.LocalFsBlobStore', 'topology.stats.sample.rate': 0.05, 'topology.fall.back.on.java.serialization': True, 'storm.exhibitor.port': 8080, 'storm.zookeeper.auth.password': None, 'supervisor.childopts': '-Xmx256m', 'topology.backpressure.enable': True, 'pacemaker.port': 6699, 'topology.enable.message.timeouts': True, 'nimbus.code.sync.freq.secs': 120, 'backpressure.disruptor.high.watermark': 0.9, 'storm.messaging.netty.max_wait_ms': 1000, 'topology.worker.receiver.thread.count': 1, 'topology.component.resources.onheap.memory.mb': 128.0, 'resource.aware.scheduler.priority.strategy': 'org.apache.storm.scheduler.resource.strategies.priority.DefaultSchedulingPriorityStrategy', 'nimbus.supervisor.timeout.secs': 60, 'pacemaker.auth.method': 'NONE', 'drpc.https.port': -1, 'nimbus.inbox.jar.expiration.secs': 3600, 'scheduler.display.resource': False, 'topology.kryo.factory': 'org.apache.storm.serialization.DefaultKryoFactory', 'storm.zookeeper.retry.interval': 1000, 'supervisor.supervisors.commands': [], 'supervisor.localizer.cleanup.interval.ms': 600000, 'storm.messaging.netty.max_retries': 300, 'task.credentials.poll.secs': 30, 'drpc.http.port': 3774, 'storm.messaging.transport': 'org.apache.storm.messaging.netty.Context', 'supervisor.enable': True, 'nimbus.task.launch.secs': 120, 'supervisor.blobstore.download.thread.count': 5, 'topology.message.timeout.secs': 30, 'oauth.acess_token_secret': 'IiNOTfgE3tEZvW2HDQhRKPMoOLU43NXJCXk8maj51SdAT', 'storm.messaging.netty.authentication': False, 'petrel.user': 'pipe', 'drpc.port': 3772, 'storm.messaging.netty.buffer_size': 5242880, 'topology.state.synchronization.timeout.secs': 60, 'worker.heap.memory.mb': 768, 'topology.name': 'spam', 'topology.priority': 29, 'supervisor.worker.timeout.secs': 30, 'ui.filter': None, 'topology.trident.batch.emit.interval.millis': 500, 'topology.max.task.parallelism': None, 'supervisor.cpu.capacity': 400.0, 'topology.submitter.user': 'root', 'logviewer.max.per.worker.logs.size.mb': 2048, 'nimbus.host': 'localhost', 'topology.builtin.metrics.bucket.size.secs': 60, 'topology.component.cpu.pcore.percent': 10.0, 'ui.users': None, 'storm.thrift.transport': 'org.apache.storm.security.auth.SimpleTransportPlugin', 'logs.users': None, 'logviewer.port': 8000, 'oauth.consumer_key': 'eaFmBSxUveRJfmyZYeabti9Q9', 'topology.kryo.decorators': [], 'topology.debug': False, 'storm.zookeeper.auth.user': None}, 'context': {'task->component': {'11': '__acker', '10': 'WordDivider', '1': 'CountThreeWords', '3': 'CountTwoWords', '2': 'CountThreeWords', '5': 'CountWord', '4': 'CountTwoWords', '7': 'KafkaConsumer', '6': 'CountWord', '9': 'TwoWordDivider', '8': 'ThreeWordDivider'}, 'stream->target->grouping': {'default': {'WordDivider': {'type': 'SHUFFLE'}, 'ThreeWordDivider': {'type': 'SHUFFLE'}, 'TwoWordDivider': {'type': 'SHUFFLE'}}}, 'source->stream->fields': {}, 'streams': ['default'], 'stream->outputfields': {'default': ['sentence', 'user']}, 'taskid': 7, 'source->stream->grouping': {}, 'componentid': 'KafkaConsumer'}}
[2016-09-14 21:44:06,052][storm][INFO]Task sent pid to Storm
[2016-09-14 21:44:06,168][kafka.conn][INFO]Broker version identifed as 0.10
[2016-09-14 21:44:06,168][kafka.conn][INFO]Set configuration api_version=(0, 10) to skip auto check_version requests on startup
[2016-09-14 21:44:06,182][kafka.consumer.subscription_state][INFO]Updating subscribed topics to: ['spamtopic']
[2016-09-14 21:44:06,184][kafka.cluster][INFO]Group coordinator for kafka-python-default-group is BrokerMetadata(nodeId=0, host=u'localhost', port=9092, rack=None)
[2016-09-14 21:44:06,185][kafka.coordinator][INFO]Discovered coordinator 0 for group kafka-python-default-group
[2016-09-14 21:44:06,185][kafka.coordinator.consumer][INFO]Revoking previously assigned partitions set([]) for group kafka-python-default-group
[2016-09-14 21:44:06,185][kafka.coordinator][INFO](Re-)joining group kafka-python-default-group
[2016-09-14 21:44:26,775][kafka.coordinator][INFO]Joined group 'kafka-python-default-group' (generation 2739) with member_id kafka-python-1.3.1-b7d8a3bf-0a2b-4d28-8505-dfa799f7b7ff
[2016-09-14 21:44:26,777][kafka.coordinator][INFO]Successfully joined group kafka-python-default-group with generation 2739
[2016-09-14 21:44:26,778][kafka.consumer.subscription_state][INFO]Updated partition assignment: [TopicPartition(topic=u'spamtopic', partition=0)]
[2016-09-14 21:44:26,778][kafka.coordinator.consumer][INFO]Setting newly assigned partitions set([TopicPartition(topic=u'spamtopic', partition=0)]) for group kafka-python-default-group
[2016-09-14 21:44:29,786][kafka.coordinator][WARNING]Heartbeat failed for group kafka-python-default-group because it is rebalancing
[2016-09-14 21:44:29,786][kafka.coordinator][WARNING]Heartbeat failed ([Error 27] RebalanceInProgressError: ); retrying
[2016-09-14 21:44:29,887][kafka.coordinator][INFO]Skipping heartbeat: no auto-assignment or waiting on rebalance
[2016-09-14 21:44:30,290][kafka.coordinator.consumer][INFO]Revoking previously assigned partitions set([TopicPartition(topic=u'spamtopic', partition=0)]) for group kafka-python-default-group
[2016-09-14 21:44:30,290][kafka.coordinator][INFO](Re-)joining group kafka-python-default-group
[2016-09-14 21:44:30,308][kafka.coordinator][INFO]Joined group 'kafka-python-default-group' (generation 2740) with member_id kafka-python-1.3.1-b7d8a3bf-0a2b-4d28-8505-dfa799f7b7ff
[2016-09-14 21:44:30,308][kafka.coordinator][INFO]Successfully joined group kafka-python-default-group with generation 2740
[2016-09-14 21:44:30,309][kafka.consumer.subscription_state][INFO]Updated partition assignment: [TopicPartition(topic=u'spamtopic', partition=0)]
[2016-09-14 21:44:30,309][kafka.coordinator.consumer][INFO]Setting newly assigned partitions set([TopicPartition(topic=u'spamtopic', partition=0)]) for group kafka-python-default-group
[2016-09-14 21:44:33,319][kafka.coordinator][WARNING]Heartbeat failed for group kafka-python-default-group because it is rebalancing
[2016-09-14 21:44:33,319][kafka.coordinator][WARNING]Heartbeat failed ([Error 27] RebalanceInProgressError: ); retrying
[2016-09-14 21:44:33,421][kafka.coordinator][INFO]Skipping heartbeat: no auto-assignment or waiting on rebalance
[2016-09-14 21:44:33,821][kafka.coordinator.consumer][INFO]Revoking previously assigned partitions set([TopicPartition(topic=u'spamtopic', partition=0)]) for group kafka-python-default-group
[2016-09-14 21:44:33,821][kafka.coordinator][INFO](Re-)joining group kafka-python-default-group
[2016-09-14 21:44:33,822][kafka.coordinator][INFO]Joined group 'kafka-python-default-group' (generation 2741) with member_id kafka-python-1.3.1-b7d8a3bf-0a2b-4d28-8505-dfa799f7b7ff
[2016-09-14 21:44:33,823][kafka.coordinator][INFO]Successfully joined group kafka-python-default-group with generation 2741
[2016-09-14 21:44:33,824][kafka.consumer.subscription_state][INFO]Updated partition assignment: [TopicPartition(topic=u'spamtopic', partition=0)]
[2016-09-14 21:44:33,824][kafka.coordinator.consumer][INFO]Setting newly assigned partitions set([TopicPartition(topic=u'spamtopic', partition=0)]) for group kafka-python-default-group
[2016-09-14 21:44:36,832][kafka.coordinator][WARNING]Heartbeat failed for group kafka-python-default-group because it is rebalancing
[2016-09-14 21:44:36,832][kafka.coordinator][WARNING]Heartbeat failed ([Error 27] RebalanceInProgressError: ); retrying
[2016-09-14 21:44:36,933][kafka.coordinator][INFO]Skipping heartbeat: no auto-assignment or waiting on rebalance
[2016-09-14 21:44:37,333][kafka.coordinator.consumer][INFO]Revoking previously assigned partitions set([TopicPartition(topic=u'spamtopic', partition=0)]) for group kafka-python-default-group
[2016-09-14 21:44:37,333][kafka.coordinator][INFO](Re-)joining group kafka-python-default-group
[2016-09-14 21:44:37,339][kafka.coordinator][INFO]Joined group 'kafka-python-default-group' (generation 2742) with member_id kafka-python-1.3.1-b7d8a3bf-0a2b-4d28-8505-dfa799f7b7ff
[2016-09-14 21:44:37,340][kafka.coordinator][INFO](Re-)joining group kafka-python-default-group
[2016-09-14 21:44:40,857][kafka.coordinator][INFO]Joined group 'kafka-python-default-group' (generation 2743) with member_id kafka-python-1.3.1-b7d8a3bf-0a2b-4d28-8505-dfa799f7b7ff
[2016-09-14 21:44:40,859][kafka.coordinator.consumer][WARNING]Auto offset commit failed for group kafka-python-default-group: CommitFailedError: Commit cannot be completed since the group has already rebalanced and assigned the partitions to another member. This means that the time between subsequent calls to poll() was longer than the configured session.timeout.ms, which typically implies that the poll loop is spending too much time message processing. You can address this either by increasing the session timeout or by reducing the maximum size of batches returned in poll() with max.poll.records.
[2016-09-14 21:44:40,859][kafka.coordinator][INFO]Successfully joined group kafka-python-default-group with generation 2743
[2016-09-14 21:44:40,860][kafka.consumer.subscription_state][INFO]Updated partition assignment: [TopicPartition(topic=u'spamtopic', partition=0)]
[2016-09-14 21:44:40,860][kafka.coordinator.consumer][INFO]Setting newly assigned partitions set([TopicPartition(topic=u'spamtopic', partition=0)]) for group kafka-python-default-group
[2016-09-14 21:44:43,872][kafka.coordinator][WARNING]Heartbeat failed for group kafka-python-default-group because it is rebalancing
[2016-09-14 21:44:43,872][kafka.coordinator][WARNING]Heartbeat failed ([Error 27] RebalanceInProgressError: ); retrying
[2016-09-14 21:44:43,974][kafka.coordinator][INFO]Skipping heartbeat: no auto-assignment or waiting on rebalance
[2016-09-14 21:44:44,374][kafka.coordinator.consumer][INFO]Revoking previously assigned partitions set([TopicPartition(topic=u'spamtopic', partition=0)]) for group kafka-python-default-group
[2016-09-14 21:44:44,374][kafka.coordinator][INFO](Re-)joining group kafka-python-default-group
[2016-09-14 21:44:44,376][kafka.coordinator][INFO]Joined group 'kafka-python-default-group' (generation 2744) with member_id kafka-python-1.3.1-b7d8a3bf-0a2b-4d28-8505-dfa799f7b7ff
[2016-09-14 21:44:44,377][kafka.coordinator][INFO]Successfully joined group kafka-python-default-group with generation 2744
[2016-09-14 21:44:44,377][kafka.consumer.subscription_state][INFO]Updated partition assignment: [TopicPartition(topic=u'spamtopic', partition=0)]
[2016-09-14 21:44:44,377][kafka.coordinator.consumer][INFO]Setting newly assigned partitions set([TopicPartition(topic=u'spamtopic', partition=0)]) for group kafka-python-default-group
[2016-09-14 21:44:47,387][kafka.coordinator][WARNING]Heartbeat failed for group kafka-python-default-group because it is rebalancing
[2016-09-14 21:44:47,387][kafka.coordinator][WARNING]Heartbeat failed ([Error 27] RebalanceInProgressError: ); retrying
[2016-09-14 21:44:47,488][kafka.coordinator][INFO]Skipping heartbeat: no auto-assignment or waiting on rebalance
[2016-09-14 21:44:47,889][kafka.coordinator.consumer][INFO]Revoking previously assigned partitions set([TopicPartition(topic=u'spamtopic', partition=0)]) for group kafka-python-default-group
[2016-09-14 21:44:47,889][kafka.coordinator][INFO](Re-)joining group kafka-python-default-group
[2016-09-14 21:44:47,891][kafka.coordinator][INFO]Joined group 'kafka-python-default-group' (generation 2745) with member_id kafka-python-1.3.1-b7d8a3bf-0a2b-4d28-8505-dfa799f7b7ff
[2016-09-14 21:44:47,892][kafka.coordinator][INFO]Successfully joined group kafka-python-default-group with generation 2745
[2016-09-14 21:44:47,893][kafka.consumer.subscription_state][INFO]Updated partition assignment: [TopicPartition(topic=u'spamtopic', partition=0)]
[2016-09-14 21:44:47,893][kafka.coordinator.consumer][INFO]Setting newly assigned partitions set([TopicPartition(topic=u'spamtopic', partition=0)]) for group kafka-python-default-group
[2016-09-14 21:44:50,901][kafka.coordinator][WARNING]Heartbeat failed for group kafka-python-default-group because it is rebalancing
[2016-09-14 21:44:50,902][kafka.coordinator][WARNING]Heartbeat failed ([Error 27] RebalanceInProgressError: ); retrying
[2016-09-14 21:44:51,003][kafka.coordinator][INFO]Skipping heartbeat: no auto-assignment or waiting on rebalance
[2016-09-14 21:44:51,403][kafka.coordinator.consumer][INFO]Revoking previously assigned partitions set([TopicPartition(topic=u'spamtopic', partition=0)]) for group kafka-python-default-group
[2016-09-14 21:44:51,403][kafka.coordinator][INFO](Re-)joining group kafka-python-default-group
[2016-09-14 21:44:51,406][kafka.coordinator][INFO]Joined group 'kafka-python-default-group' (generation 2746) with member_id kafka-python-1.3.1-b7d8a3bf-0a2b-4d28-8505-dfa799f7b7ff
[2016-09-14 21:44:51,409][kafka.coordinator][INFO]Successfully joined group kafka-python-default-group with generation 2746
[2016-09-14 21:44:51,410][kafka.consumer.subscription_state][INFO]Updated partition assignment: [TopicPartition(topic=u'spamtopic', partition=0)]
[2016-09-14 21:44:51,410][kafka.coordinator.consumer][INFO]Setting newly assigned partitions set([TopicPartition(topic=u'spamtopic', partition=0)]) for group kafka-python-default-group
[2016-09-14 21:44:54,418][kafka.coordinator][WARNING]Heartbeat failed for group kafka-python-default-group because it is rebalancing
[2016-09-14 21:44:54,418][kafka.coordinator][WARNING]Heartbeat failed ([Error 27] RebalanceInProgressError: ); retrying
[2016-09-14 21:44:54,519][kafka.coordinator][INFO]Skipping heartbeat: no auto-assignment or waiting on rebalance
[2016-09-14 21:44:54,919][kafka.coordinator.consumer][INFO]Revoking previously assigned partitions set([TopicPartition(topic=u'spamtopic', partition=0)]) for group kafka-python-default-group
[2016-09-14 21:44:54,920][kafka.coordinator][INFO](Re-)joining group kafka-python-default-group
[2016-09-14 21:44:54,922][kafka.coordinator][INFO]Joined group 'kafka-python-default-group' (generation 2747) with member_id kafka-python-1.3.1-b7d8a3bf-0a2b-4d28-8505-dfa799f7b7ff
[2016-09-14 21:44:54,926][kafka.coordinator][INFO]Successfully joined group kafka-python-default-group with generation 2747
[2016-09-14 21:44:54,927][kafka.consumer.subscription_state][INFO]Updated partition assignment: [TopicPartition(topic=u'spamtopic', partition=0)]
[2016-09-14 21:44:54,927][kafka.coordinator.consumer][INFO]Setting newly assigned partitions set([TopicPartition(topic=u'spamtopic', partition=0)]) for group kafka-python-default-group
[2016-09-14 21:44:57,934][kafka.coordinator][WARNING]Heartbeat failed for group kafka-python-default-group because it is rebalancing
[2016-09-14 21:44:57,934][kafka.coordinator][WARNING]Heartbeat failed ([Error 27] RebalanceInProgressError: ); retrying
[2016-09-14 21:44:58,035][kafka.coordinator][INFO]Skipping heartbeat: no auto-assignment or waiting on rebalance
[2016-09-14 21:44:58,436][kafka.coordinator.consumer][INFO]Revoking previously assigned partitions set([TopicPartition(topic=u'spamtopic', partition=0)]) for group kafka-python-default-group
[2016-09-14 21:44:58,436][kafka.coordinator][INFO](Re-)joining group kafka-python-default-group
[2016-09-14 21:44:58,438][kafka.coordinator][INFO]Joined group 'kafka-python-default-group' (generation 2748) with member_id kafka-python-1.3.1-b7d8a3bf-0a2b-4d28-8505-dfa799f7b7ff
[2016-09-14 21:44:58,439][kafka.coordinator][INFO]Successfully joined group kafka-python-default-group with generation 2748
[2016-09-14 21:44:58,439][kafka.consumer.subscription_state][INFO]Updated partition assignment: [TopicPartition(topic=u'spamtopic', partition=0)]
[2016-09-14 21:44:58,439][kafka.coordinator.consumer][INFO]Setting newly assigned partitions set([TopicPartition(topic=u'spamtopic', partition=0)]) for group kafka-python-default-group
[2016-09-14 21:45:01,450][kafka.coordinator][WARNING]Heartbeat failed for group kafka-python-default-group because it is rebalancing
[2016-09-14 21:45:01,450][kafka.coordinator][WARNING]Heartbeat failed ([Error 27] RebalanceInProgressError: ); retrying
[2016-09-14 21:45:01,551][kafka.coordinator][INFO]Skipping heartbeat: no auto-assignment or waiting on rebalance
[2016-09-14 21:45:01,951][kafka.coordinator.consumer][INFO]Revoking previously assigned partitions set([TopicPartition(topic=u'spamtopic', partition=0)]) for group kafka-python-default-group
[2016-09-14 21:45:01,951][kafka.coordinator][INFO](Re-)joining group kafka-python-default-group
[2016-09-14 21:45:01,957][kafka.coordinator][INFO]Joined group 'kafka-python-default-group' (generation 2749) with member_id kafka-python-1.3.1-b7d8a3bf-0a2b-4d28-8505-dfa799f7b7ff
[2016-09-14 21:45:01,957][kafka.coordinator][INFO]Successfully joined group kafka-python-default-group with generation 2749
[2016-09-14 21:45:01,958][kafka.consumer.subscription_state][INFO]Updated partition assignment: [TopicPartition(topic=u'spamtopic', partition=0)]
[2016-09-14 21:45:01,958][kafka.coordinator.consumer][INFO]Setting newly assigned partitions set([TopicPartition(topic=u'spamtopic', partition=0)]) for group kafka-python-default-group
[2016-09-14 21:45:04,967][kafka.coordinator][WARNING]Heartbeat failed for group kafka-python-default-group because it is rebalancing
[2016-09-14 21:45:04,967][kafka.coordinator][WARNING]Heartbeat failed ([Error 27] RebalanceInProgressError: ); retrying
[2016-09-14 21:45:05,068][kafka.coordinator][INFO]Skipping heartbeat: no auto-assignment or waiting on rebalance
[2016-09-14 21:45:05,468][kafka.coordinator.consumer][INFO]Revoking previously assigned partitions set([TopicPartition(topic=u'spamtopic', partition=0)]) for group kafka-python-default-group
[2016-09-14 21:45:05,468][kafka.coordinator][INFO](Re-)joining group kafka-python-default-group
[2016-09-14 21:45:05,469][kafka.coordinator][INFO]Joined group 'kafka-python-default-group' (generation 2750) with member_id kafka-python-1.3.1-b7d8a3bf-0a2b-4d28-8505-dfa799f7b7ff
[2016-09-14 21:45:05,472][kafka.coordinator][INFO]Successfully joined group kafka-python-default-group with generation 2750
[2016-09-14 21:45:05,472][kafka.consumer.subscription_state][INFO]Updated partition assignment: [TopicPartition(topic=u'spamtopic', partition=0)]
[2016-09-14 21:45:05,472][kafka.coordinator.consumer][INFO]Setting newly assigned partitions set([TopicPartition(topic=u'spamtopic', partition=0)]) for group kafka-python-default-group
[2016-09-14 21:45:08,482][kafka.coordinator][WARNING]Heartbeat failed for group kafka-python-default-group because it is rebalancing
[2016-09-14 21:45:08,482][kafka.coordinator][WARNING]Heartbeat failed ([Error 27] RebalanceInProgressError: ); retrying
[2016-09-14 21:45:08,584][kafka.coordinator][INFO]Skipping heartbeat: no auto-assignment or waiting on rebalance
[2016-09-14 21:45:08,984][kafka.coordinator.consumer][INFO]Revoking previously assigned partitions set([TopicPartition(topic=u'spamtopic', partition=0)]) for group kafka-python-default-group
[2016-09-14 21:45:08,984][kafka.coordinator][INFO](Re-)joining group kafka-python-default-group
[2016-09-14 21:45:08,985][kafka.coordinator][INFO]Joined group 'kafka-python-default-group' (generation 2751) with member_id kafka-python-1.3.1-b7d8a3bf-0a2b-4d28-8505-dfa799f7b7ff
[2016-09-14 21:45:08,987][kafka.coordinator][INFO]Successfully joined group kafka-python-default-group with generation 2751
[2016-09-14 21:45:08,988][kafka.consumer.subscription_state][INFO]Updated partition assignment: [TopicPartition(topic=u'spamtopic', partition=0)]
[2016-09-14 21:45:08,988][kafka.coordinator.consumer][INFO]Setting newly assigned partitions set([TopicPartition(topic=u'spamtopic', partition=0)]) for group kafka-python-default-group
[2016-09-14 21:45:11,998][kafka.coordinator][WARNING]Heartbeat failed for group kafka-python-default-group because it is rebalancing
[2016-09-14 21:45:11,998][kafka.coordinator][WARNING]Heartbeat failed ([Error 27] RebalanceInProgressError: ); retrying
[2016-09-14 21:45:12,099][kafka.coordinator][INFO]Skipping heartbeat: no auto-assignment or waiting on rebalance
[2016-09-14 21:45:12,499][kafka.coordinator.consumer][INFO]Revoking previously assigned partitions set([TopicPartition(topic=u'spamtopic', partition=0)]) for group kafka-python-default-group
[2016-09-14 21:45:12,499][kafka.coordinator][INFO](Re-)joining group kafka-python-default-group
[2016-09-14 21:45:12,500][kafka.coordinator][INFO]Joined group 'kafka-python-default-group' (generation 2752) with member_id kafka-python-1.3.1-b7d8a3bf-0a2b-4d28-8505-dfa799f7b7ff
[2016-09-14 21:45:12,502][kafka.coordinator][INFO]Successfully joined group kafka-python-default-group with generation 2752
[2016-09-14 21:45:12,503][kafka.consumer.subscription_state][INFO]Updated partition assignment: [TopicPartition(topic=u'spamtopic', partition=0)]
[2016-09-14 21:45:12,503][kafka.coordinator.consumer][INFO]Setting newly assigned partitions set([TopicPartition(topic=u'spamtopic', partition=0)]) for group kafka-python-default-group
[2016-09-14 21:45:15,513][kafka.coordinator][WARNING]Heartbeat failed for group kafka-python-default-group because it is rebalancing
[2016-09-14 21:45:15,513][kafka.coordinator][WARNING]Heartbeat failed ([Error 27] RebalanceInProgressError: ); retrying
[2016-09-14 21:45:15,614][kafka.coordinator][INFO]Skipping heartbeat: no auto-assignment or waiting on rebalance
[2016-09-14 21:45:16,015][kafka.coordinator.consumer][INFO]Revoking previously assigned partitions set([TopicPartition(topic=u'spamtopic', partition=0)]) for group kafka-python-default-group
[2016-09-14 21:45:16,015][kafka.coordinator][INFO](Re-)joining group kafka-python-default-group
[2016-09-14 21:45:16,016][kafka.coordinator][INFO]Joined group 'kafka-python-default-group' (generation 2753) with member_id kafka-python-1.3.1-b7d8a3bf-0a2b-4d28-8505-dfa799f7b7ff
[2016-09-14 21:45:16,018][kafka.coordinator][INFO]Successfully joined group kafka-python-default-group with generation 2753
[2016-09-14 21:45:16,018][kafka.consumer.subscription_state][INFO]Updated partition assignment: [TopicPartition(topic=u'spamtopic', partition=0)]
[2016-09-14 21:45:16,018][kafka.coordinator.consumer][INFO]Setting newly assigned partitions set([TopicPartition(topic=u'spamtopic', partition=0)]) for group kafka-python-default-group
[2016-09-14 21:45:19,029][kafka.coordinator][WARNING]Heartbeat failed for group kafka-python-default-group because it is rebalancing
[2016-09-14 21:45:19,029][kafka.coordinator][WARNING]Heartbeat failed ([Error 27] RebalanceInProgressError: ); retrying
[2016-09-14 21:45:19,130][kafka.coordinator][INFO]Skipping heartbeat: no auto-assignment or waiting on rebalance
[2016-09-14 21:45:19,530][kafka.coordinator.consumer][INFO]Revoking previously assigned partitions set([TopicPartition(topic=u'spamtopic', partition=0)]) for group kafka-python-default-group
[2016-09-14 21:45:19,531][kafka.coordinator][INFO](Re-)joining group kafka-python-default-group
[2016-09-14 21:45:19,531][kafka.coordinator][INFO]Joined group 'kafka-python-default-group' (generation 2754) with member_id kafka-python-1.3.1-b7d8a3bf-0a2b-4d28-8505-dfa799f7b7ff
[2016-09-14 21:45:19,535][kafka.coordinator][INFO]Successfully joined group kafka-python-default-group with generation 2754
[2016-09-14 21:45:19,535][kafka.consumer.subscription_state][INFO]Updated partition assignment: [TopicPartition(topic=u'spamtopic', partition=0)]
[2016-09-14 21:45:19,535][kafka.coordinator.consumer][INFO]Setting newly assigned partitions set([TopicPartition(topic=u'spamtopic', partition=0)]) for group kafka-python-default-group
[2016-09-14 21:45:22,542][kafka.coordinator][WARNING]Heartbeat failed for group kafka-python-default-group because it is rebalancing
[2016-09-14 21:45:22,542][kafka.coordinator][WARNING]Heartbeat failed ([Error 27] RebalanceInProgressError: ); retrying
[2016-09-14 21:45:22,643][kafka.coordinator][INFO]Skipping heartbeat: no auto-assignment or waiting on rebalance
[2016-09-14 21:45:23,043][kafka.coordinator.consumer][INFO]Revoking previously assigned partitions set([TopicPartition(topic=u'spamtopic', partition=0)]) for group kafka-python-default-group
[2016-09-14 21:45:23,043][kafka.coordinator][INFO](Re-)joining group kafka-python-default-group
[2016-09-14 21:45:23,045][kafka.coordinator][INFO]Joined group 'kafka-python-default-group' (generation 2755) with member_id kafka-python-1.3.1-b7d8a3bf-0a2b-4d28-8505-dfa799f7b7ff
[2016-09-14 21:45:23,046][kafka.coordinator][INFO]Successfully joined group kafka-python-default-group with generation 2755
[2016-09-14 21:45:23,046][kafka.consumer.subscription_state][INFO]Updated partition assignment: [TopicPartition(topic=u'spamtopic', partition=0)]
[2016-09-14 21:45:23,046][kafka.coordinator.consumer][INFO]Setting newly assigned partitions set([TopicPartition(topic=u'spamtopic', partition=0)]) for group kafka-python-default-group
[2016-09-14 21:45:26,054][kafka.coordinator][WARNING]Heartbeat failed for group kafka-python-default-group because it is rebalancing
[2016-09-14 21:45:26,054][kafka.coordinator][WARNING]Heartbeat failed ([Error 27] RebalanceInProgressError: ); retrying
[2016-09-14 21:45:26,155][kafka.coordinator][INFO]Skipping heartbeat: no auto-assignment or waiting on rebalance
[2016-09-14 21:45:26,555][kafka.coordinator.consumer][INFO]Revoking previously assigned partitions set([TopicPartition(topic=u'spamtopic', partition=0)]) for group kafka-python-default-group
[2016-09-14 21:45:26,555][kafka.coordinator][INFO](Re-)joining group kafka-python-default-group
[2016-09-14 21:45:26,556][kafka.coordinator][INFO]Joined group 'kafka-python-default-group' (generation 2756) with member_id kafka-python-1.3.1-b7d8a3bf-0a2b-4d28-8505-dfa799f7b7ff
[2016-09-14 21:45:26,557][kafka.coordinator][INFO]Successfully joined group kafka-python-default-group with generation 2756
[2016-09-14 21:45:26,558][kafka.consumer.subscription_state][INFO]Updated partition assignment: [TopicPartition(topic=u'spamtopic', partition=0)]
[2016-09-14 21:45:26,558][kafka.coordinator.consumer][INFO]Setting newly assigned partitions set([TopicPartition(topic=u'spamtopic', partition=0)]) for group kafka-python-default-group
[2016-09-14 21:45:29,565][kafka.coordinator][WARNING]Heartbeat failed for group kafka-python-default-group because it is rebalancing
[2016-09-14 21:45:29,565][kafka.coordinator][WARNING]Heartbeat failed ([Error 27] RebalanceInProgressError: ); retrying
[2016-09-14 21:45:29,666][kafka.coordinator][INFO]Skipping heartbeat: no auto-assignment or waiting on rebalance
[2016-09-14 21:45:30,067][kafka.coordinator.consumer][INFO]Revoking previously assigned partitions set([TopicPartition(topic=u'spamtopic', partition=0)]) for group kafka-python-default-group
[2016-09-14 21:45:30,068][kafka.coordinator][INFO](Re-)joining group kafka-python-default-group
[2016-09-14 21:45:30,070][kafka.coordinator][INFO]Joined group 'kafka-python-default-group' (generation 2757) with member_id kafka-python-1.3.1-b7d8a3bf-0a2b-4d28-8505-dfa799f7b7ff
[2016-09-14 21:45:30,072][kafka.coordinator][INFO]Successfully joined group kafka-python-default-group with generation 2757
[2016-09-14 21:45:30,073][kafka.consumer.subscription_state][INFO]Updated partition assignment: [TopicPartition(topic=u'spamtopic', partition=0)]
[2016-09-14 21:45:30,073][kafka.coordinator.consumer][INFO]Setting newly assigned partitions set([TopicPartition(topic=u'spamtopic', partition=0)]) for group kafka-python-default-group
[2016-09-14 21:45:33,084][kafka.coordinator][WARNING]Heartbeat failed for group kafka-python-default-group because it is rebalancing
[2016-09-14 21:45:33,084][kafka.coordinator][WARNING]Heartbeat failed ([Error 27] RebalanceInProgressError: ); retrying
[2016-09-14 21:45:33,185][kafka.coordinator][INFO]Skipping heartbeat: no auto-assignment or waiting on rebalance
[2016-09-14 21:45:33,586][kafka.coordinator.consumer][INFO]Revoking previously assigned partitions set([TopicPartition(topic=u'spamtopic', partition=0)]) for group kafka-python-default-group
[2016-09-14 21:45:33,587][kafka.coordinator][INFO](Re-)joining group kafka-python-default-group
[2016-09-14 21:45:33,587][kafka.coordinator][INFO]Joined group 'kafka-python-default-group' (generation 2758) with member_id kafka-python-1.3.1-b7d8a3bf-0a2b-4d28-8505-dfa799f7b7ff
[2016-09-14 21:45:33,589][kafka.coordinator][INFO]Successfully joined group kafka-python-default-group with generation 2758
[2016-09-14 21:45:33,589][kafka.consumer.subscription_state][INFO]Updated partition assignment: [TopicPartition(topic=u'spamtopic', partition=0)]
[2016-09-14 21:45:33,590][kafka.coordinator.consumer][INFO]Setting newly assigned partitions set([TopicPartition(topic=u'spamtopic', partition=0)]) for group kafka-python-default-group
[2016-09-14 21:45:36,603][kafka.coordinator][WARNING]Heartbeat failed for group kafka-python-default-group because it is rebalancing
[2016-09-14 21:45:36,604][kafka.coordinator][WARNING]Heartbeat failed ([Error 27] RebalanceInProgressError: ); retrying
[2016-09-14 21:45:36,705][kafka.coordinator][INFO]Skipping heartbeat: no auto-assignment or waiting on rebalance
[2016-09-14 21:45:37,105][kafka.coordinator.consumer][INFO]Revoking previously assigned partitions set([TopicPartition(topic=u'spamtopic', partition=0)]) for group kafka-python-default-group
[2016-09-14 21:45:37,105][kafka.coordinator][INFO](Re-)joining group kafka-python-default-group
[2016-09-14 21:45:37,108][kafka.coordinator][INFO]Joined group 'kafka-python-default-group' (generation 2759) with member_id kafka-python-1.3.1-b7d8a3bf-0a2b-4d28-8505-dfa799f7b7ff
[2016-09-14 21:45:37,116][kafka.coordinator][INFO]Successfully joined group kafka-python-default-group with generation 2759
[2016-09-14 21:45:37,117][kafka.consumer.subscription_state][INFO]Updated partition assignment: [TopicPartition(topic=u'spamtopic', partition=0)]
[2016-09-14 21:45:37,117][kafka.coordinator.consumer][INFO]Setting newly assigned partitions set([TopicPartition(topic=u'spamtopic', partition=0)]) for group kafka-python-default-group
[2016-09-14 21:45:40,124][kafka.coordinator][WARNING]Heartbeat failed for group kafka-python-default-group because it is rebalancing
[2016-09-14 21:45:40,124][kafka.coordinator][WARNING]Heartbeat failed ([Error 27] RebalanceInProgressError: ); retrying
[2016-09-14 21:45:40,225][kafka.coordinator][INFO]Skipping heartbeat: no auto-assignment or waiting on rebalance
[2016-09-14 21:45:40,625][kafka.coordinator.consumer][INFO]Revoking previously assigned partitions set([TopicPartition(topic=u'spamtopic', partition=0)]) for group kafka-python-default-group
[2016-09-14 21:45:40,625][kafka.coordinator][INFO](Re-)joining group kafka-python-default-group
[2016-09-14 21:45:40,628][kafka.coordinator][INFO]Joined group 'kafka-python-default-group' (generation 2760) with member_id kafka-python-1.3.1-b7d8a3bf-0a2b-4d28-8505-dfa799f7b7ff
[2016-09-14 21:45:40,632][kafka.coordinator][INFO]Successfully joined group kafka-python-default-group with generation 2760
[2016-09-14 21:45:40,632][kafka.consumer.subscription_state][INFO]Updated partition assignment: [TopicPartition(topic=u'spamtopic', partition=0)]
[2016-09-14 21:45:40,632][kafka.coordinator.consumer][INFO]Setting newly assigned partitions set([TopicPartition(topic=u'spamtopic', partition=0)]) for group kafka-python-default-group
[2016-09-14 21:45:43,639][kafka.coordinator][WARNING]Heartbeat failed for group kafka-python-default-group because it is rebalancing
[2016-09-14 21:45:43,639][kafka.coordinator][WARNING]Heartbeat failed ([Error 27] RebalanceInProgressError: ); retrying
[2016-09-14 21:45:43,740][kafka.coordinator][INFO]Skipping heartbeat: no auto-assignment or waiting on rebalance
[2016-09-14 21:45:44,141][kafka.coordinator.consumer][INFO]Revoking previously assigned partitions set([TopicPartition(topic=u'spamtopic', partition=0)]) for group kafka-python-default-group
[2016-09-14 21:45:44,141][kafka.coordinator][INFO](Re-)joining group kafka-python-default-group
[2016-09-14 21:45:44,142][kafka.coordinator][INFO]Joined group 'kafka-python-default-group' (generation 2761) with member_id kafka-python-1.3.1-b7d8a3bf-0a2b-4d28-8505-dfa799f7b7ff
[2016-09-14 21:45:44,144][kafka.coordinator][INFO]Successfully joined group kafka-python-default-group with generation 2761
[2016-09-14 21:45:44,144][kafka.consumer.subscription_state][INFO]Updated partition assignment: [TopicPartition(topic=u'spamtopic', partition=0)]
[2016-09-14 21:45:44,144][kafka.coordinator.consumer][INFO]Setting newly assigned partitions set([TopicPartition(topic=u'spamtopic', partition=0)]) for group kafka-python-default-group
[2016-09-14 21:45:47,152][kafka.coordinator][WARNING]Heartbeat failed for group kafka-python-default-group because it is rebalancing
[2016-09-14 21:45:47,153][kafka.coordinator][WARNING]Heartbeat failed ([Error 27] RebalanceInProgressError: ); retrying
[2016-09-14 21:45:47,254][kafka.coordinator][INFO]Skipping heartbeat: no auto-assignment or waiting on rebalance
[2016-09-14 21:45:47,654][kafka.coordinator.consumer][INFO]Revoking previously assigned partitions set([TopicPartition(topic=u'spamtopic', partition=0)]) for group kafka-python-default-group
[2016-09-14 21:45:47,654][kafka.coordinator][INFO](Re-)joining group kafka-python-default-group
[2016-09-14 21:45:47,655][kafka.coordinator][INFO]Joined group 'kafka-python-default-group' (generation 2762) with member_id kafka-python-1.3.1-b7d8a3bf-0a2b-4d28-8505-dfa799f7b7ff
[2016-09-14 21:45:47,657][kafka.coordinator][INFO]Successfully joined group kafka-python-default-group with generation 2762
[2016-09-14 21:45:47,658][kafka.consumer.subscription_state][INFO]Updated partition assignment: [TopicPartition(topic=u'spamtopic', partition=0)]
[2016-09-14 21:45:47,658][kafka.coordinator.consumer][INFO]Setting newly assigned partitions set([TopicPartition(topic=u'spamtopic', partition=0)]) for group kafka-python-default-group
[2016-09-14 21:45:50,667][kafka.coordinator][WARNING]Heartbeat failed for group kafka-python-default-group because it is rebalancing
[2016-09-14 21:45:50,667][kafka.coordinator][WARNING]Heartbeat failed ([Error 27] RebalanceInProgressError: ); retrying
[2016-09-14 21:45:50,768][kafka.coordinator][INFO]Skipping heartbeat: no auto-assignment or waiting on rebalance
[2016-09-14 21:45:51,168][kafka.coordinator.consumer][INFO]Revoking previously assigned partitions set([TopicPartition(topic=u'spamtopic', partition=0)]) for group kafka-python-default-group
[2016-09-14 21:45:51,169][kafka.coordinator][INFO](Re-)joining group kafka-python-default-group
[2016-09-14 21:45:51,169][kafka.coordinator][INFO]Joined group 'kafka-python-default-group' (generation 2763) with member_id kafka-python-1.3.1-b7d8a3bf-0a2b-4d28-8505-dfa799f7b7ff
[2016-09-14 21:45:51,171][kafka.coordinator][INFO]Successfully joined group kafka-python-default-group with generation 2763
[2016-09-14 21:45:51,171][kafka.consumer.subscription_state][INFO]Updated partition assignment: [TopicPartition(topic=u'spamtopic', partition=0)]
[2016-09-14 21:45:51,172][kafka.coordinator.consumer][INFO]Setting newly assigned partitions set([TopicPartition(topic=u'spamtopic', partition=0)]) for group kafka-python-default-group
[2016-09-14 21:45:54,181][kafka.coordinator][WARNING]Heartbeat failed for group kafka-python-default-group because it is rebalancing
[2016-09-14 21:45:54,181][kafka.coordinator][WARNING]Heartbeat failed ([Error 27] RebalanceInProgressError: ); retrying
[2016-09-14 21:45:54,282][kafka.coordinator][INFO]Skipping heartbeat: no auto-assignment or waiting on rebalance
[2016-09-14 21:45:54,683][kafka.coordinator.consumer][INFO]Revoking previously assigned partitions set([TopicPartition(topic=u'spamtopic', partition=0)]) for group kafka-python-default-group
[2016-09-14 21:45:54,683][kafka.coordinator][INFO](Re-)joining group kafka-python-default-group
[2016-09-14 21:45:54,684][kafka.coordinator][INFO]Joined group 'kafka-python-default-group' (generation 2764) with member_id kafka-python-1.3.1-b7d8a3bf-0a2b-4d28-8505-dfa799f7b7ff
[2016-09-14 21:45:54,685][kafka.coordinator][INFO]Successfully joined group kafka-python-default-group with generation 2764
[2016-09-14 21:45:54,685][kafka.consumer.subscription_state][INFO]Updated partition assignment: [TopicPartition(topic=u'spamtopic', partition=0)]
[2016-09-14 21:45:54,685][kafka.coordinator.consumer][INFO]Setting newly assigned partitions set([TopicPartition(topic=u'spamtopic', partition=0)]) for group kafka-python-default-group
[2016-09-14 21:45:57,693][kafka.coordinator][WARNING]Heartbeat failed for group kafka-python-default-group because it is rebalancing
[2016-09-14 21:45:57,693][kafka.coordinator][WARNING]Heartbeat failed ([Error 27] RebalanceInProgressError: ); retrying
[2016-09-14 21:45:57,794][kafka.coordinator][INFO]Skipping heartbeat: no auto-assignment or waiting on rebalance
[2016-09-14 21:45:58,194][kafka.coordinator.consumer][INFO]Revoking previously assigned partitions set([TopicPartition(topic=u'spamtopic', partition=0)]) for group kafka-python-default-group
[2016-09-14 21:45:58,195][kafka.coordinator][INFO](Re-)joining group kafka-python-default-group
[2016-09-14 21:45:58,197][kafka.coordinator][INFO]Joined group 'kafka-python-default-group' (generation 2765) with member_id kafka-python-1.3.1-b7d8a3bf-0a2b-4d28-8505-dfa799f7b7ff
[2016-09-14 21:45:58,200][kafka.coordinator][INFO]Successfully joined group kafka-python-default-group with generation 2765
[2016-09-14 21:45:58,201][kafka.consumer.subscription_state][INFO]Updated partition assignment: [TopicPartition(topic=u'spamtopic', partition=0)]
[2016-09-14 21:45:58,202][kafka.coordinator.consumer][INFO]Setting newly assigned partitions set([TopicPartition(topic=u'spamtopic', partition=0)]) for group kafka-python-default-group
[2016-09-14 21:46:01,214][kafka.coordinator][WARNING]Heartbeat failed for group kafka-python-default-group because it is rebalancing
[2016-09-14 21:46:01,214][kafka.coordinator][WARNING]Heartbeat failed ([Error 27] RebalanceInProgressError: ); retrying
[2016-09-14 21:46:01,315][kafka.coordinator][INFO]Skipping heartbeat: no auto-assignment or waiting on rebalance
[2016-09-14 21:46:01,716][kafka.coordinator.consumer][INFO]Revoking previously assigned partitions set([TopicPartition(topic=u'spamtopic', partition=0)]) for group kafka-python-default-group
[2016-09-14 21:46:01,716][kafka.coordinator][INFO](Re-)joining group kafka-python-default-group
[2016-09-14 21:46:01,717][kafka.coordinator][INFO]Joined group 'kafka-python-default-group' (generation 2766) with member_id kafka-python-1.3.1-b7d8a3bf-0a2b-4d28-8505-dfa799f7b7ff
[2016-09-14 21:46:01,726][kafka.coordinator][INFO]Successfully joined group kafka-python-default-group with generation 2766
[2016-09-14 21:46:01,727][kafka.consumer.subscription_state][INFO]Updated partition assignment: [TopicPartition(topic=u'spamtopic', partition=0)]
[2016-09-14 21:46:01,727][kafka.coordinator.consumer][INFO]Setting newly assigned partitions set([TopicPartition(topic=u'spamtopic', partition=0)]) for group kafka-python-default-group
[2016-09-14 21:46:04,734][kafka.coordinator][WARNING]Heartbeat failed for group kafka-python-default-group because it is rebalancing
[2016-09-14 21:46:04,735][kafka.coordinator][WARNING]Heartbeat failed ([Error 27] RebalanceInProgressError: ); retrying
[2016-09-14 21:46:04,836][kafka.coordinator][INFO]Skipping heartbeat: no auto-assignment or waiting on rebalance
[2016-09-14 21:46:05,236][kafka.coordinator.consumer][INFO]Revoking previously assigned partitions set([TopicPartition(topic=u'spamtopic', partition=0)]) for group kafka-python-default-group
[2016-09-14 21:46:05,236][kafka.coordinator][INFO](Re-)joining group kafka-python-default-group
[2016-09-14 21:46:05,239][kafka.coordinator][INFO]Joined group 'kafka-python-default-group' (generation 2767) with member_id kafka-python-1.3.1-b7d8a3bf-0a2b-4d28-8505-dfa799f7b7ff
[2016-09-14 21:46:05,243][kafka.coordinator][INFO]Successfully joined group kafka-python-default-group with generation 2767
[2016-09-14 21:46:05,243][kafka.consumer.subscription_state][INFO]Updated partition assignment: [TopicPartition(topic=u'spamtopic', partition=0)]
[2016-09-14 21:46:05,244][kafka.coordinator.consumer][INFO]Setting newly assigned partitions set([TopicPartition(topic=u'spamtopic', partition=0)]) for group kafka-python-default-group
[2016-09-14 21:46:08,252][kafka.coordinator][WARNING]Heartbeat failed for group kafka-python-default-group because it is rebalancing
[2016-09-14 21:46:08,252][kafka.coordinator][WARNING]Heartbeat failed ([Error 27] RebalanceInProgressError: ); retrying
[2016-09-14 21:46:08,353][kafka.coordinator][INFO]Skipping heartbeat: no auto-assignment or waiting on rebalance
[2016-09-14 21:46:08,753][kafka.coordinator.consumer][INFO]Revoking previously assigned partitions set([TopicPartition(topic=u'spamtopic', partition=0)]) for group kafka-python-default-group
[2016-09-14 21:46:08,753][kafka.coordinator][INFO](Re-)joining group kafka-python-default-group
[2016-09-14 21:46:08,754][kafka.coordinator][INFO]Joined group 'kafka-python-default-group' (generation 2768) with member_id kafka-python-1.3.1-b7d8a3bf-0a2b-4d28-8505-dfa799f7b7ff
[2016-09-14 21:46:08,758][kafka.coordinator][INFO]Successfully joined group kafka-python-default-group with generation 2768
[2016-09-14 21:46:08,758][kafka.consumer.subscription_state][INFO]Updated partition assignment: [TopicPartition(topic=u'spamtopic', partition=0)]
[2016-09-14 21:46:08,759][kafka.coordinator.consumer][INFO]Setting newly assigned partitions set([TopicPartition(topic=u'spamtopic', partition=0)]) for group kafka-python-default-group
[2016-09-14 21:46:11,767][kafka.coordinator][WARNING]Heartbeat failed for group kafka-python-default-group because it is rebalancing
[2016-09-14 21:46:11,767][kafka.coordinator][WARNING]Heartbeat failed ([Error 27] RebalanceInProgressError: ); retrying
[2016-09-14 21:46:11,868][kafka.coordinator][INFO]Skipping heartbeat: no auto-assignment or waiting on rebalance
[2016-09-14 21:46:12,269][kafka.coordinator.consumer][INFO]Revoking previously assigned partitions set([TopicPartition(topic=u'spamtopic', partition=0)]) for group kafka-python-default-group
[2016-09-14 21:46:12,269][kafka.coordinator][INFO](Re-)joining group kafka-python-default-group
[2016-09-14 21:46:12,273][kafka.coordinator][INFO]Joined group 'kafka-python-default-group' (generation 2769) with member_id kafka-python-1.3.1-b7d8a3bf-0a2b-4d28-8505-dfa799f7b7ff
[2016-09-14 21:46:12,273][kafka.coordinator][INFO]Successfully joined group kafka-python-default-group with generation 2769
[2016-09-14 21:46:12,273][kafka.consumer.subscription_state][INFO]Updated partition assignment: [TopicPartition(topic=u'spamtopic', partition=0)]
[2016-09-14 21:46:12,274][kafka.coordinator.consumer][INFO]Setting newly assigned partitions set([TopicPartition(topic=u'spamtopic', partition=0)]) for group kafka-python-default-group
[2016-09-14 21:46:15,282][kafka.coordinator][WARNING]Heartbeat failed for group kafka-python-default-group because it is rebalancing
[2016-09-14 21:46:15,282][kafka.coordinator][WARNING]Heartbeat failed ([Error 27] RebalanceInProgressError: ); retrying
[2016-09-14 21:46:15,383][kafka.coordinator][INFO]Skipping heartbeat: no auto-assignment or waiting on rebalance
[2016-09-14 21:46:15,785][kafka.coordinator.consumer][INFO]Revoking previously assigned partitions set([TopicPartition(topic=u'spamtopic', partition=0)]) for group kafka-python-default-group
[2016-09-14 21:46:15,785][kafka.coordinator][INFO](Re-)joining group kafka-python-default-group
[2016-09-14 21:46:15,786][kafka.coordinator][INFO]Joined group 'kafka-python-default-group' (generation 2770) with member_id kafka-python-1.3.1-b7d8a3bf-0a2b-4d28-8505-dfa799f7b7ff
[2016-09-14 21:46:15,787][kafka.coordinator][INFO]Successfully joined group kafka-python-default-group with generation 2770
[2016-09-14 21:46:15,788][kafka.consumer.subscription_state][INFO]Updated partition assignment: [TopicPartition(topic=u'spamtopic', partition=0)]
[2016-09-14 21:46:15,788][kafka.coordinator.consumer][INFO]Setting newly assigned partitions set([TopicPartition(topic=u'spamtopic', partition=0)]) for group kafka-python-default-group
[2016-09-14 21:46:18,796][kafka.coordinator][WARNING]Heartbeat failed for group kafka-python-default-group because it is rebalancing
[2016-09-14 21:46:18,796][kafka.coordinator][WARNING]Heartbeat failed ([Error 27] RebalanceInProgressError: ); retrying
[2016-09-14 21:46:18,897][kafka.coordinator][INFO]Skipping heartbeat: no auto-assignment or waiting on rebalance
[2016-09-14 21:46:19,298][kafka.coordinator.consumer][INFO]Revoking previously assigned partitions set([TopicPartition(topic=u'spamtopic', partition=0)]) for group kafka-python-default-group
[2016-09-14 21:46:19,298][kafka.coordinator][INFO](Re-)joining group kafka-python-default-group
[2016-09-14 21:46:19,299][kafka.coordinator][INFO]Joined group 'kafka-python-default-group' (generation 2771) with member_id kafka-python-1.3.1-b7d8a3bf-0a2b-4d28-8505-dfa799f7b7ff
[2016-09-14 21:46:19,300][kafka.coordinator][INFO]Successfully joined group kafka-python-default-group with generation 2771
[2016-09-14 21:46:19,301][kafka.consumer.subscription_state][INFO]Updated partition assignment: [TopicPartition(topic=u'spamtopic', partition=0)]
[2016-09-14 21:46:19,301][kafka.coordinator.consumer][INFO]Setting newly assigned partitions set([TopicPartition(topic=u'spamtopic', partition=0)]) for group kafka-python-default-group
[2016-09-14 21:46:22,328][kafka.coordinator][WARNING]Heartbeat failed for group kafka-python-default-group because it is rebalancing
[2016-09-14 21:46:22,328][kafka.coordinator][WARNING]Heartbeat failed ([Error 27] RebalanceInProgressError: ); retrying
[2016-09-14 21:46:22,429][kafka.coordinator][INFO]Skipping heartbeat: no auto-assignment or waiting on rebalance
[2016-09-14 21:46:22,829][kafka.coordinator.consumer][INFO]Revoking previously assigned partitions set([TopicPartition(topic=u'spamtopic', partition=0)]) for group kafka-python-default-group
[2016-09-14 21:46:22,830][kafka.coordinator][INFO](Re-)joining group kafka-python-default-group
[2016-09-14 21:46:22,831][kafka.coordinator][INFO]Joined group 'kafka-python-default-group' (generation 2772) with member_id kafka-python-1.3.1-b7d8a3bf-0a2b-4d28-8505-dfa799f7b7ff
[2016-09-14 21:46:22,835][kafka.coordinator][INFO]Successfully joined group kafka-python-default-group with generation 2772
[2016-09-14 21:46:22,835][kafka.consumer.subscription_state][INFO]Updated partition assignment: [TopicPartition(topic=u'spamtopic', partition=0)]
[2016-09-14 21:46:22,835][kafka.coordinator.consumer][INFO]Setting newly assigned partitions set([TopicPartition(topic=u'spamtopic', partition=0)]) for group kafka-python-default-group
[2016-09-14 21:46:25,846][kafka.coordinator][WARNING]Heartbeat failed for group kafka-python-default-group because it is rebalancing
[2016-09-14 21:46:25,846][kafka.coordinator][WARNING]Heartbeat failed ([Error 27] RebalanceInProgressError: ); retrying
[2016-09-14 21:46:25,947][kafka.coordinator][INFO]Skipping heartbeat: no auto-assignment or waiting on rebalance
[2016-09-14 21:46:26,348][kafka.coordinator.consumer][INFO]Revoking previously assigned partitions set([TopicPartition(topic=u'spamtopic', partition=0)]) for group kafka-python-default-group
[2016-09-14 21:46:26,348][kafka.coordinator][INFO](Re-)joining group kafka-python-default-group
[2016-09-14 21:46:26,348][kafka.coordinator][INFO]Joined group 'kafka-python-default-group' (generation 2773) with member_id kafka-python-1.3.1-b7d8a3bf-0a2b-4d28-8505-dfa799f7b7ff
[2016-09-14 21:46:26,350][kafka.coordinator][INFO]Successfully joined group kafka-python-default-group with generation 2773
[2016-09-14 21:46:26,350][kafka.consumer.subscription_state][INFO]Updated partition assignment: [TopicPartition(topic=u'spamtopic', partition=0)]
[2016-09-14 21:46:26,350][kafka.coordinator.consumer][INFO]Setting newly assigned partitions set([TopicPartition(topic=u'spamtopic', partition=0)]) for group kafka-python-default-group
