Beginning task setup

/usr/bin/flock
Using existing venv: /tmp/petrel-spam-5-1473800596/venv
Task setup took 0 seconds
Launching: python -m petrel.run kafkaconsumer /home/pipe/topology/TopologyTweetTransformationSPAM/petrel7263_kafkaconsumer.log
/usr/local/lib/python2.7/dist-packages/petrel-1.0.1.0.3-py2.7.egg/petrel/run.py invoked with the following arguments: ['kafkaconsumer', '/home/pipe/topology/TopologyTweetTransformationSPAM/petrel7263_kafkaconsumer.log']
python version: 2.7.12
user=root
PATH=/tmp/petrel-spam-5-1473800596/venv/bin:/usr/local/sbin:/usr/local/bin:/usr/sbin:/usr/bin:/sbin:/bin:/snap/bin
LD_LIBRARY_PATH=/home/apache-storm-1.0.1/data/supervisor/stormdist/spam-5-1473800596/resources/Linux-amd64:/home/apache-storm-1.0.1/data/supervisor/stormdist/spam-5-1473800596/resources:/usr/local/lib:/opt/local/lib:/usr/lib
PYTHON_EGG_CACHE=/tmp/petrel-spam-5-1473800596/egg_cache
[2016-09-13 23:21:42,038][storm][INFO]Tuple profiling enabled. Will log tuple processing times.
[2016-09-13 23:21:42,223][storm][INFO]Task received setupInfo from Storm: {'pidDir': '/home/apache-storm-1.0.1/data/workers/82875a44-ef9a-4084-9ab6-3adefb46f5f4/pids', 'conf': {'storm.group.mapping.service.params': None, 'topology.tuple.serializer': 'org.apache.storm.serialization.types.ListDelegateSerializer', 'topology.workers': 1, 'drpc.worker.threads': 64, 'ui.filter.params': None, 'transactional.zookeeper.root': '/transactional', 'logviewer.cleanup.age.mins': 10080, 'worker.profiler.command': 'flight.bash', 'topology.executor.send.buffer.size': 1024, 'nimbus.file.copy.expiration.secs': 600, 'oauth.acess_token': ' 702208758362087425-HZiyl1x7Bh98cQa1WLBDYylyu10Bpl7', 'drpc.childopts': '-Xmx768m', 'nimbus.thrift.port': 6627, 'topology.disruptor.wait.timeout.millis': 1000, 'storm.zookeeper.retry.intervalceiling.millis': 30000, 'storm.local.dir': '/home/apache-storm-1.0.1/data', 'storm.auth.simple-acl.users': [], 'drpc.invocations.threads': 64, 'storm.zookeeper.superACL': None, 'storm.cluster.state.store': 'org.apache.storm.cluster_state.zookeeper_state_factory', 'storm.codedistributor.class': 'org.apache.storm.codedistributor.LocalFileSystemCodeDistributor', 'drpc.https.keystore.password': '', 'supervisor.blobstore.download.max_retries': 3, 'pacemaker.kerberos.users': [], 'storm.messaging.netty.client_worker_threads': 1, 'oauth.consumer_secret': 'ADf76fi3O1lKMzBxWnjqf93l3GHv28uar3bkblkvyBrAyoA23i', 'topology.component.resources.offheap.memory.mb': 0.0, 'supervisor.heartbeat.frequency.secs': 5, 'storm.group.mapping.service.cache.duration.secs': 120, 'storm.group.mapping.service': 'org.apache.storm.security.auth.ShellBasedGroupsMapping', 'storm.workers.artifacts.dir': 'workers-artifacts', 'drpc.request.timeout.secs': 600, 'pacemaker.childopts': '-Xmx1024m', 'nimbus.seeds': ['localhost'], 'topology.shellbolt.max.pending': 100, 'topology.min.replication.count': 1, 'topology.skip.missing.kryo.registrations': False, 'worker.heartbeat.frequency.secs': 1, 'storm.auth.simple-acl.users.commands': [], 'storm.zookepeer.port': 2181, 'zmq.hwm': 0, 'topology.worker.shared.thread.pool.size': 4, 'storm.zookeeper.connection.timeout': 15000, 'java.library.path': '/usr/local/lib:/opt/local/lib:/usr/lib', 'logviewer.max.sum.worker.logs.size.mb': 4096, 'task.refresh.poll.secs': 10, 'topology.max.error.report.per.interval': 5, 'topology.worker.logwriter.childopts': '-Xmx64m', 'ui.actions.enabled': True, 'storm.health.check.timeout.ms': 5000, 'topology.scheduler.strategy': 'org.apache.storm.scheduler.resource.strategies.scheduling.DefaultResourceAwareStrategy', 'ui.host': '0.0.0.0', 'storm.messaging.netty.server_worker_threads': 1, 'topology.disruptor.batch.size': 100, 'storm.id': 'spam-5-1473800596', 'supervisor.worker.start.timeout.secs': 120, 'zmq.threads': 1, 'topology.acker.executors': None, 'pacemaker.thread.timeout': 10, 'storm.local.mode.zmq': False, 'topology.eventlogger.executors': 0, 'topology.tick.tuple.freq.secs': 30, 'supervisor.memory.capacity.mb': 3072.0, 'supervisor.worker.shutdown.sleep.secs': 1, 'pacemaker.base.threads': 10, 'drpc.http.creds.plugin': 'org.apache.storm.security.auth.DefaultHttpCredentialsPlugin', 'storm.zookeeper.servers': ['localhost'], 'supervisor.localizer.cache.target.size.mb': 10240, 'storm.messaging.netty.transfer.batch.size': 262144, 'resource.aware.scheduler.eviction.strategy': 'org.apache.storm.scheduler.resource.strategies.eviction.DefaultEvictionStrategy', 'topology.environment': None, 'storm.zookeeper.port': 2181, 'storm.auth.simple-acl.admins': [], 'pacemaker.host': 'localhost', 'nimbus.childopts': '-Xmx1024m', 'storm.principal.tolocal': 'org.apache.storm.security.auth.DefaultPrincipalToLocal', 'storm.nimbus.retry.times': 5, 'topology.classpath': None, 'drpc.authorizer.acl.filename': 'drpc-auth-acl.yaml', 'topology.bolts.outgoing.overflow.buffer.enable': False, 'nimbus.credential.renewers.freq.secs': 600, 'worker.childopts': '-Xmx%HEAP-MEM%m -XX:+PrintGCDetails -Xloggc:artifacts/gc.log -XX:+PrintGCDateStamps -XX:+PrintGCTimeStamps -XX:+UseGCLogFileRotation -XX:NumberOfGCLogFiles=10 -XX:GCLogFileSize=1M -XX:+HeapDumpOnOutOfMemoryError -XX:HeapDumpPath=artifacts/heapdump', 'drpc.queue.size': 128, 'supervisor.blobstore.class': 'org.apache.storm.blobstore.NimbusBlobStore', 'topology.multilang.serializer': 'org.apache.storm.multilang.JsonSerializer', 'storm.zookeeper.retry.times': 5, 'topology.disable.loadaware': False, 'supervisor.run.worker.as.user': False, 'storm.blobstore.replication.factor': 3, 'worker.profiler.childopts': '-XX:+UnlockCommercialFeatures -XX:+FlightRecorder', 'nimbus.thrift.threads': 64, 'nimbus.monitor.freq.secs': 10, 'storm.blobstore.inputstream.buffer.size.bytes': 65536, 'dev.zookeeper.path': '/tmp/dev-storm-zookeeper', 'topology.users': [], 'storm.daemon.metrics.reporter.plugins': ['org.apache.storm.daemon.metrics.reporters.JmxPreparableReporter'], 'storm.exhibitor.poll.uripath': '/exhibitor/v1/cluster/list', 'pacemaker.max.threads': 50, 'drpc.https.keystore.type': 'JKS', 'topology.tasks': None, 'storm.zookeeper.root': '/storm', 'logviewer.childopts': '-Xmx128m', 'topology.max.replication.wait.time.sec': 60, 'worker.gc.childopts': '', 'backpressure.disruptor.low.watermark': 0.4, 'storm.meta.serialization.delegate': 'org.apache.storm.serialization.GzipThriftSerializationDelegate', 'transactional.zookeeper.port': None, 'drpc.max_buffer_size': 1048576, 'topology.worker.childopts': None, 'storm.auth.simple-white-list.users': [], 'topology.max.spout.pending': None, 'nimbus.topology.validator': 'org.apache.storm.nimbus.DefaultTopologyValidator', 'topology.kryo.register': None, 'petrel.host': 'localhost', 'client.blobstore.class': 'org.apache.storm.blobstore.NimbusBlobStore', 'nimbus.cleanup.inbox.freq.secs': 600, 'storm.nimbus.retry.intervalceiling.millis': 60000, 'storm.network.topography.plugin': 'org.apache.storm.networktopography.DefaultRackDNSToSwitchMapping', 'storm.messaging.netty.min_wait_ms': 100, 'nimbus.task.timeout.secs': 30, 'topology.disruptor.batch.timeout.millis': 1, 'topology.state.checkpoint.interval.ms': 1000, 'ui.header.buffer.bytes': 4096, 'nimbus.thrift.max_buffer_size': 1048576, 'ui.http.creds.plugin': 'org.apache.storm.security.auth.DefaultHttpCredentialsPlugin', 'topology.sleep.spout.wait.strategy.time.ms': 1, 'nimbus.blobstore.expiration.secs': 600, 'storm.cluster.mode': 'distributed', 'storm.messaging.netty.socket.backlog': 500, 'worker.profiler.enabled': False, 'nimbus.queue.size': 100000, 'logviewer.appender.name': 'A1', 'drpc.authorizer.acl.strict': False, 'ui.port': 8080, 'supervisor.slots.ports': [6700, 6701, 6702, 6703], 'worker.log.level.reset.poll.secs': 30, 'storm.nimbus.retry.interval.millis': 2000, 'drpc.invocations.port': 3773, 'supervisor.monitor.frequency.secs': 3, 'ui.childopts': '-Xmx768m', 'transactional.zookeeper.servers': None, 'storm.log4j2.conf.dir': 'log4j2', 'supervisor.supervisors': [], 'zmq.linger.millis': 5000, 'topology.error.throttle.interval.secs': 10, 'storm.health.check.dir': 'healthchecks', 'topology.executor.receive.buffer.size': 1024, 'nimbus.impersonation.authorizer': 'org.apache.storm.security.auth.authorizer.ImpersonationAuthorizer', 'topology.submitter.principal': '', 'topology.worker.max.heap.size.mb': 768.0, 'topology.spout.wait.strategy': 'org.apache.storm.spout.SleepSpoutWaitStrategy', 'task.heartbeat.frequency.secs': 3, 'topology.transfer.buffer.size': 1024, 'storm.zookeeper.session.timeout': 20000, 'topology.testing.always.try.serialize': False, 'nimbus.blobstore.class': 'org.apache.storm.blobstore.LocalFsBlobStore', 'topology.stats.sample.rate': 0.05, 'topology.fall.back.on.java.serialization': True, 'storm.exhibitor.port': 8080, 'storm.zookeeper.auth.password': None, 'supervisor.childopts': '-Xmx256m', 'topology.backpressure.enable': True, 'pacemaker.port': 6699, 'topology.enable.message.timeouts': True, 'nimbus.code.sync.freq.secs': 120, 'backpressure.disruptor.high.watermark': 0.9, 'storm.messaging.netty.max_wait_ms': 1000, 'topology.worker.receiver.thread.count': 1, 'topology.component.resources.onheap.memory.mb': 128.0, 'resource.aware.scheduler.priority.strategy': 'org.apache.storm.scheduler.resource.strategies.priority.DefaultSchedulingPriorityStrategy', 'nimbus.supervisor.timeout.secs': 60, 'pacemaker.auth.method': 'NONE', 'drpc.https.port': -1, 'nimbus.inbox.jar.expiration.secs': 3600, 'scheduler.display.resource': False, 'topology.kryo.factory': 'org.apache.storm.serialization.DefaultKryoFactory', 'storm.zookeeper.retry.interval': 1000, 'supervisor.supervisors.commands': [], 'supervisor.localizer.cleanup.interval.ms': 600000, 'storm.messaging.netty.max_retries': 300, 'task.credentials.poll.secs': 30, 'drpc.http.port': 3774, 'storm.messaging.transport': 'org.apache.storm.messaging.netty.Context', 'supervisor.enable': True, 'nimbus.task.launch.secs': 120, 'supervisor.blobstore.download.thread.count': 5, 'topology.message.timeout.secs': 30, 'oauth.acess_token_secret': 'IiNOTfgE3tEZvW2HDQhRKPMoOLU43NXJCXk8maj51SdAT', 'storm.messaging.netty.authentication': False, 'petrel.user': 'pipe', 'drpc.port': 3772, 'storm.messaging.netty.buffer_size': 5242880, 'topology.state.synchronization.timeout.secs': 60, 'worker.heap.memory.mb': 768, 'topology.name': 'spam', 'topology.priority': 29, 'supervisor.worker.timeout.secs': 30, 'ui.filter': None, 'topology.trident.batch.emit.interval.millis': 500, 'topology.max.task.parallelism': None, 'supervisor.cpu.capacity': 400.0, 'topology.submitter.user': 'root', 'logviewer.max.per.worker.logs.size.mb': 2048, 'nimbus.host': 'localhost', 'topology.builtin.metrics.bucket.size.secs': 60, 'topology.component.cpu.pcore.percent': 10.0, 'ui.users': None, 'storm.thrift.transport': 'org.apache.storm.security.auth.SimpleTransportPlugin', 'logs.users': None, 'logviewer.port': 8000, 'oauth.consumer_key': 'eaFmBSxUveRJfmyZYeabti9Q9', 'topology.kryo.decorators': [], 'topology.debug': False, 'storm.zookeeper.auth.user': None}, 'context': {'task->component': {'11': '__acker', '10': 'WordDivider', '1': 'CountThreeWords', '3': 'CountTwoWords', '2': 'CountThreeWords', '5': 'CountWord', '4': 'CountTwoWords', '7': 'KafkaConsumer', '6': 'CountWord', '9': 'TwoWordDivider', '8': 'ThreeWordDivider'}, 'stream->target->grouping': {'default': {'WordDivider': {'type': 'SHUFFLE'}, 'ThreeWordDivider': {'type': 'SHUFFLE'}, 'TwoWordDivider': {'type': 'SHUFFLE'}}}, 'source->stream->fields': {}, 'streams': ['default'], 'stream->outputfields': {'default': ['sentence', 'user']}, 'taskid': 7, 'source->stream->grouping': {}, 'componentid': 'KafkaConsumer'}}
[2016-09-13 23:21:42,235][storm][INFO]Task sent pid to Storm
[2016-09-13 23:21:42,348][kafka.conn][INFO]Broker version identifed as 0.10
[2016-09-13 23:21:42,348][kafka.conn][INFO]Set configuration api_version=(0, 10) to skip auto check_version requests on startup
[2016-09-13 23:21:42,362][kafka.consumer.subscription_state][INFO]Updating subscribed topics to: ['spamtopic']
[2016-09-13 23:21:42,363][kafka.cluster][INFO]Group coordinator for kafka-python-default-group is BrokerMetadata(nodeId=0, host=u'localhost', port=9092, rack=None)
[2016-09-13 23:21:42,363][kafka.coordinator][INFO]Discovered coordinator 0 for group kafka-python-default-group
[2016-09-13 23:21:42,364][kafka.coordinator.consumer][INFO]Revoking previously assigned partitions set([]) for group kafka-python-default-group
[2016-09-13 23:21:42,364][kafka.coordinator][INFO](Re-)joining group kafka-python-default-group
[2016-09-13 23:22:06,446][kafka.coordinator][INFO]Joined group 'kafka-python-default-group' (generation 170) with member_id kafka-python-1.3.1-2fb8d836-1045-4248-8527-fac05f7dd9df
[2016-09-13 23:22:06,447][kafka.coordinator][INFO]Successfully joined group kafka-python-default-group with generation 170
[2016-09-13 23:22:06,447][kafka.consumer.subscription_state][INFO]Updated partition assignment: [TopicPartition(topic=u'spamtopic', partition=0)]
[2016-09-13 23:22:06,447][kafka.coordinator.consumer][INFO]Setting newly assigned partitions set([TopicPartition(topic=u'spamtopic', partition=0)]) for group kafka-python-default-group
[2016-09-13 23:22:09,457][kafka.coordinator][WARNING]Heartbeat failed for group kafka-python-default-group because it is rebalancing
[2016-09-13 23:22:09,457][kafka.coordinator][WARNING]Heartbeat failed ([Error 27] RebalanceInProgressError: ); retrying
[2016-09-13 23:22:09,558][kafka.coordinator][INFO]Skipping heartbeat: no auto-assignment or waiting on rebalance
[2016-09-13 23:22:09,958][kafka.coordinator.consumer][INFO]Revoking previously assigned partitions set([TopicPartition(topic=u'spamtopic', partition=0)]) for group kafka-python-default-group
[2016-09-13 23:22:09,958][kafka.coordinator][INFO](Re-)joining group kafka-python-default-group
[2016-09-13 23:22:09,960][kafka.coordinator][INFO]Joined group 'kafka-python-default-group' (generation 171) with member_id kafka-python-1.3.1-2fb8d836-1045-4248-8527-fac05f7dd9df
[2016-09-13 23:22:09,962][kafka.coordinator][INFO]Successfully joined group kafka-python-default-group with generation 171
[2016-09-13 23:22:09,963][kafka.consumer.subscription_state][INFO]Updated partition assignment: [TopicPartition(topic=u'spamtopic', partition=0)]
[2016-09-13 23:22:09,963][kafka.coordinator.consumer][INFO]Setting newly assigned partitions set([TopicPartition(topic=u'spamtopic', partition=0)]) for group kafka-python-default-group
[2016-09-13 23:22:12,976][kafka.coordinator][WARNING]Heartbeat failed for group kafka-python-default-group because it is rebalancing
[2016-09-13 23:22:12,976][kafka.coordinator][WARNING]Heartbeat failed ([Error 27] RebalanceInProgressError: ); retrying
[2016-09-13 23:22:13,078][kafka.coordinator][INFO]Skipping heartbeat: no auto-assignment or waiting on rebalance
[2016-09-13 23:22:13,479][kafka.coordinator.consumer][INFO]Revoking previously assigned partitions set([TopicPartition(topic=u'spamtopic', partition=0)]) for group kafka-python-default-group
[2016-09-13 23:22:13,479][kafka.coordinator][INFO](Re-)joining group kafka-python-default-group
[2016-09-13 23:22:13,480][kafka.coordinator][INFO]Joined group 'kafka-python-default-group' (generation 172) with member_id kafka-python-1.3.1-2fb8d836-1045-4248-8527-fac05f7dd9df
[2016-09-13 23:22:13,483][kafka.coordinator][INFO]Successfully joined group kafka-python-default-group with generation 172
[2016-09-13 23:22:13,484][kafka.consumer.subscription_state][INFO]Updated partition assignment: [TopicPartition(topic=u'spamtopic', partition=0)]
[2016-09-13 23:22:13,484][kafka.coordinator.consumer][INFO]Setting newly assigned partitions set([TopicPartition(topic=u'spamtopic', partition=0)]) for group kafka-python-default-group
[2016-09-13 23:22:16,494][kafka.coordinator][WARNING]Heartbeat failed for group kafka-python-default-group because it is rebalancing
[2016-09-13 23:22:16,494][kafka.coordinator][WARNING]Heartbeat failed ([Error 27] RebalanceInProgressError: ); retrying
[2016-09-13 23:22:16,595][kafka.coordinator][INFO]Skipping heartbeat: no auto-assignment or waiting on rebalance
[2016-09-13 23:22:16,996][kafka.coordinator.consumer][INFO]Revoking previously assigned partitions set([TopicPartition(topic=u'spamtopic', partition=0)]) for group kafka-python-default-group
[2016-09-13 23:22:16,996][kafka.coordinator][INFO](Re-)joining group kafka-python-default-group
[2016-09-13 23:22:16,998][kafka.coordinator][INFO]Joined group 'kafka-python-default-group' (generation 173) with member_id kafka-python-1.3.1-2fb8d836-1045-4248-8527-fac05f7dd9df
[2016-09-13 23:22:17,001][kafka.coordinator][INFO]Successfully joined group kafka-python-default-group with generation 173
[2016-09-13 23:22:17,002][kafka.consumer.subscription_state][INFO]Updated partition assignment: [TopicPartition(topic=u'spamtopic', partition=0)]
[2016-09-13 23:22:17,002][kafka.coordinator.consumer][INFO]Setting newly assigned partitions set([TopicPartition(topic=u'spamtopic', partition=0)]) for group kafka-python-default-group
[2016-09-13 23:22:20,013][kafka.coordinator][WARNING]Heartbeat failed for group kafka-python-default-group because it is rebalancing
[2016-09-13 23:22:20,013][kafka.coordinator][WARNING]Heartbeat failed ([Error 27] RebalanceInProgressError: ); retrying
[2016-09-13 23:22:20,115][kafka.coordinator][INFO]Skipping heartbeat: no auto-assignment or waiting on rebalance
[2016-09-13 23:22:20,516][kafka.coordinator.consumer][INFO]Revoking previously assigned partitions set([TopicPartition(topic=u'spamtopic', partition=0)]) for group kafka-python-default-group
[2016-09-13 23:22:20,516][kafka.coordinator][INFO](Re-)joining group kafka-python-default-group
[2016-09-13 23:22:20,518][kafka.coordinator][INFO]Joined group 'kafka-python-default-group' (generation 174) with member_id kafka-python-1.3.1-2fb8d836-1045-4248-8527-fac05f7dd9df
[2016-09-13 23:22:20,520][kafka.coordinator][INFO]Successfully joined group kafka-python-default-group with generation 174
[2016-09-13 23:22:20,521][kafka.consumer.subscription_state][INFO]Updated partition assignment: [TopicPartition(topic=u'spamtopic', partition=0)]
[2016-09-13 23:22:20,521][kafka.coordinator.consumer][INFO]Setting newly assigned partitions set([TopicPartition(topic=u'spamtopic', partition=0)]) for group kafka-python-default-group
[2016-09-13 23:22:23,532][kafka.coordinator][WARNING]Heartbeat failed for group kafka-python-default-group because it is rebalancing
[2016-09-13 23:22:23,532][kafka.coordinator][WARNING]Heartbeat failed ([Error 27] RebalanceInProgressError: ); retrying
[2016-09-13 23:22:23,634][kafka.coordinator][INFO]Skipping heartbeat: no auto-assignment or waiting on rebalance
[2016-09-13 23:22:24,035][kafka.coordinator.consumer][INFO]Revoking previously assigned partitions set([TopicPartition(topic=u'spamtopic', partition=0)]) for group kafka-python-default-group
[2016-09-13 23:22:24,035][kafka.coordinator][INFO](Re-)joining group kafka-python-default-group
[2016-09-13 23:22:24,036][kafka.coordinator][INFO]Joined group 'kafka-python-default-group' (generation 175) with member_id kafka-python-1.3.1-2fb8d836-1045-4248-8527-fac05f7dd9df
[2016-09-13 23:22:24,039][kafka.coordinator][INFO]Successfully joined group kafka-python-default-group with generation 175
[2016-09-13 23:22:24,040][kafka.consumer.subscription_state][INFO]Updated partition assignment: [TopicPartition(topic=u'spamtopic', partition=0)]
[2016-09-13 23:22:24,040][kafka.coordinator.consumer][INFO]Setting newly assigned partitions set([TopicPartition(topic=u'spamtopic', partition=0)]) for group kafka-python-default-group
[2016-09-13 23:22:27,051][kafka.coordinator][WARNING]Heartbeat failed for group kafka-python-default-group because it is rebalancing
[2016-09-13 23:22:27,051][kafka.coordinator][WARNING]Heartbeat failed ([Error 27] RebalanceInProgressError: ); retrying
[2016-09-13 23:22:27,153][kafka.coordinator][INFO]Skipping heartbeat: no auto-assignment or waiting on rebalance
[2016-09-13 23:22:27,553][kafka.coordinator.consumer][INFO]Revoking previously assigned partitions set([TopicPartition(topic=u'spamtopic', partition=0)]) for group kafka-python-default-group
[2016-09-13 23:22:27,553][kafka.coordinator][INFO](Re-)joining group kafka-python-default-group
[2016-09-13 23:22:27,554][kafka.coordinator][INFO]Joined group 'kafka-python-default-group' (generation 176) with member_id kafka-python-1.3.1-2fb8d836-1045-4248-8527-fac05f7dd9df
[2016-09-13 23:22:27,558][kafka.coordinator][INFO]Successfully joined group kafka-python-default-group with generation 176
[2016-09-13 23:22:27,558][kafka.consumer.subscription_state][INFO]Updated partition assignment: [TopicPartition(topic=u'spamtopic', partition=0)]
[2016-09-13 23:22:27,558][kafka.coordinator.consumer][INFO]Setting newly assigned partitions set([TopicPartition(topic=u'spamtopic', partition=0)]) for group kafka-python-default-group
[2016-09-13 23:22:30,567][kafka.coordinator][WARNING]Heartbeat failed for group kafka-python-default-group because it is rebalancing
[2016-09-13 23:22:30,567][kafka.coordinator][WARNING]Heartbeat failed ([Error 27] RebalanceInProgressError: ); retrying
[2016-09-13 23:22:30,668][kafka.coordinator][INFO]Skipping heartbeat: no auto-assignment or waiting on rebalance
[2016-09-13 23:22:31,070][kafka.coordinator.consumer][INFO]Revoking previously assigned partitions set([TopicPartition(topic=u'spamtopic', partition=0)]) for group kafka-python-default-group
[2016-09-13 23:22:31,070][kafka.coordinator][INFO](Re-)joining group kafka-python-default-group
[2016-09-13 23:22:31,073][kafka.coordinator][INFO]Joined group 'kafka-python-default-group' (generation 177) with member_id kafka-python-1.3.1-2fb8d836-1045-4248-8527-fac05f7dd9df
[2016-09-13 23:22:31,077][kafka.coordinator][INFO]Successfully joined group kafka-python-default-group with generation 177
[2016-09-13 23:22:31,077][kafka.consumer.subscription_state][INFO]Updated partition assignment: [TopicPartition(topic=u'spamtopic', partition=0)]
[2016-09-13 23:22:31,077][kafka.coordinator.consumer][INFO]Setting newly assigned partitions set([TopicPartition(topic=u'spamtopic', partition=0)]) for group kafka-python-default-group
[2016-09-13 23:22:34,088][kafka.coordinator][WARNING]Heartbeat failed for group kafka-python-default-group because it is rebalancing
[2016-09-13 23:22:34,088][kafka.coordinator][WARNING]Heartbeat failed ([Error 27] RebalanceInProgressError: ); retrying
[2016-09-13 23:22:34,189][kafka.coordinator][INFO]Skipping heartbeat: no auto-assignment or waiting on rebalance
[2016-09-13 23:22:34,590][kafka.coordinator.consumer][INFO]Revoking previously assigned partitions set([TopicPartition(topic=u'spamtopic', partition=0)]) for group kafka-python-default-group
[2016-09-13 23:22:34,591][kafka.coordinator][INFO](Re-)joining group kafka-python-default-group
[2016-09-13 23:22:34,595][kafka.coordinator][INFO]Joined group 'kafka-python-default-group' (generation 178) with member_id kafka-python-1.3.1-2fb8d836-1045-4248-8527-fac05f7dd9df
[2016-09-13 23:22:34,599][kafka.coordinator][INFO]Successfully joined group kafka-python-default-group with generation 178
[2016-09-13 23:22:34,599][kafka.consumer.subscription_state][INFO]Updated partition assignment: [TopicPartition(topic=u'spamtopic', partition=0)]
[2016-09-13 23:22:34,599][kafka.coordinator.consumer][INFO]Setting newly assigned partitions set([TopicPartition(topic=u'spamtopic', partition=0)]) for group kafka-python-default-group
[2016-09-13 23:22:37,606][kafka.coordinator][WARNING]Heartbeat failed for group kafka-python-default-group because it is rebalancing
[2016-09-13 23:22:37,606][kafka.coordinator][WARNING]Heartbeat failed ([Error 27] RebalanceInProgressError: ); retrying
[2016-09-13 23:22:37,707][kafka.coordinator][INFO]Skipping heartbeat: no auto-assignment or waiting on rebalance
[2016-09-13 23:22:38,107][kafka.coordinator.consumer][INFO]Revoking previously assigned partitions set([TopicPartition(topic=u'spamtopic', partition=0)]) for group kafka-python-default-group
[2016-09-13 23:22:38,108][kafka.coordinator][INFO](Re-)joining group kafka-python-default-group
[2016-09-13 23:22:38,110][kafka.coordinator][INFO]Joined group 'kafka-python-default-group' (generation 179) with member_id kafka-python-1.3.1-2fb8d836-1045-4248-8527-fac05f7dd9df
[2016-09-13 23:22:38,112][kafka.coordinator][INFO]Successfully joined group kafka-python-default-group with generation 179
[2016-09-13 23:22:38,112][kafka.consumer.subscription_state][INFO]Updated partition assignment: [TopicPartition(topic=u'spamtopic', partition=0)]
[2016-09-13 23:22:38,113][kafka.coordinator.consumer][INFO]Setting newly assigned partitions set([TopicPartition(topic=u'spamtopic', partition=0)]) for group kafka-python-default-group
[2016-09-13 23:22:41,123][kafka.coordinator][WARNING]Heartbeat failed for group kafka-python-default-group because it is rebalancing
[2016-09-13 23:22:41,123][kafka.coordinator][WARNING]Heartbeat failed ([Error 27] RebalanceInProgressError: ); retrying
[2016-09-13 23:22:41,225][kafka.coordinator][INFO]Skipping heartbeat: no auto-assignment or waiting on rebalance
[2016-09-13 23:22:41,625][kafka.coordinator.consumer][INFO]Revoking previously assigned partitions set([TopicPartition(topic=u'spamtopic', partition=0)]) for group kafka-python-default-group
[2016-09-13 23:22:41,625][kafka.coordinator][INFO](Re-)joining group kafka-python-default-group
[2016-09-13 23:22:41,628][kafka.coordinator][INFO]Joined group 'kafka-python-default-group' (generation 180) with member_id kafka-python-1.3.1-2fb8d836-1045-4248-8527-fac05f7dd9df
[2016-09-13 23:22:41,632][kafka.coordinator][INFO]Successfully joined group kafka-python-default-group with generation 180
[2016-09-13 23:22:41,633][kafka.consumer.subscription_state][INFO]Updated partition assignment: [TopicPartition(topic=u'spamtopic', partition=0)]
[2016-09-13 23:22:41,633][kafka.coordinator.consumer][INFO]Setting newly assigned partitions set([TopicPartition(topic=u'spamtopic', partition=0)]) for group kafka-python-default-group
[2016-09-13 23:22:44,644][kafka.coordinator][WARNING]Heartbeat failed for group kafka-python-default-group because it is rebalancing
[2016-09-13 23:22:44,644][kafka.coordinator][WARNING]Heartbeat failed ([Error 27] RebalanceInProgressError: ); retrying
[2016-09-13 23:22:44,745][kafka.coordinator][INFO]Skipping heartbeat: no auto-assignment or waiting on rebalance
[2016-09-13 23:22:45,146][kafka.coordinator.consumer][INFO]Revoking previously assigned partitions set([TopicPartition(topic=u'spamtopic', partition=0)]) for group kafka-python-default-group
[2016-09-13 23:22:45,147][kafka.coordinator][INFO](Re-)joining group kafka-python-default-group
[2016-09-13 23:22:45,148][kafka.coordinator][INFO]Joined group 'kafka-python-default-group' (generation 181) with member_id kafka-python-1.3.1-2fb8d836-1045-4248-8527-fac05f7dd9df
[2016-09-13 23:22:45,150][kafka.coordinator][INFO]Successfully joined group kafka-python-default-group with generation 181
[2016-09-13 23:22:45,150][kafka.consumer.subscription_state][INFO]Updated partition assignment: [TopicPartition(topic=u'spamtopic', partition=0)]
[2016-09-13 23:22:45,150][kafka.coordinator.consumer][INFO]Setting newly assigned partitions set([TopicPartition(topic=u'spamtopic', partition=0)]) for group kafka-python-default-group
[2016-09-13 23:22:48,162][kafka.coordinator][WARNING]Heartbeat failed for group kafka-python-default-group because it is rebalancing
[2016-09-13 23:22:48,163][kafka.coordinator][WARNING]Heartbeat failed ([Error 27] RebalanceInProgressError: ); retrying
[2016-09-13 23:22:48,264][kafka.coordinator][INFO]Skipping heartbeat: no auto-assignment or waiting on rebalance
[2016-09-13 23:22:48,664][kafka.coordinator.consumer][INFO]Revoking previously assigned partitions set([TopicPartition(topic=u'spamtopic', partition=0)]) for group kafka-python-default-group
[2016-09-13 23:22:48,665][kafka.coordinator][INFO](Re-)joining group kafka-python-default-group
[2016-09-13 23:22:48,666][kafka.coordinator][INFO]Joined group 'kafka-python-default-group' (generation 182) with member_id kafka-python-1.3.1-2fb8d836-1045-4248-8527-fac05f7dd9df
[2016-09-13 23:22:48,668][kafka.coordinator][INFO]Successfully joined group kafka-python-default-group with generation 182
[2016-09-13 23:22:48,668][kafka.consumer.subscription_state][INFO]Updated partition assignment: [TopicPartition(topic=u'spamtopic', partition=0)]
[2016-09-13 23:22:48,668][kafka.coordinator.consumer][INFO]Setting newly assigned partitions set([TopicPartition(topic=u'spamtopic', partition=0)]) for group kafka-python-default-group
[2016-09-13 23:22:51,678][kafka.coordinator][WARNING]Heartbeat failed for group kafka-python-default-group because it is rebalancing
[2016-09-13 23:22:51,678][kafka.coordinator][WARNING]Heartbeat failed ([Error 27] RebalanceInProgressError: ); retrying
[2016-09-13 23:22:51,780][kafka.coordinator][INFO]Skipping heartbeat: no auto-assignment or waiting on rebalance
[2016-09-13 23:22:52,181][kafka.coordinator.consumer][INFO]Revoking previously assigned partitions set([TopicPartition(topic=u'spamtopic', partition=0)]) for group kafka-python-default-group
[2016-09-13 23:22:52,181][kafka.coordinator][INFO](Re-)joining group kafka-python-default-group
[2016-09-13 23:22:52,184][kafka.coordinator][INFO]Joined group 'kafka-python-default-group' (generation 183) with member_id kafka-python-1.3.1-2fb8d836-1045-4248-8527-fac05f7dd9df
[2016-09-13 23:22:52,186][kafka.coordinator][INFO]Successfully joined group kafka-python-default-group with generation 183
[2016-09-13 23:22:52,186][kafka.consumer.subscription_state][INFO]Updated partition assignment: [TopicPartition(topic=u'spamtopic', partition=0)]
[2016-09-13 23:22:52,186][kafka.coordinator.consumer][INFO]Setting newly assigned partitions set([TopicPartition(topic=u'spamtopic', partition=0)]) for group kafka-python-default-group
[2016-09-13 23:22:55,196][kafka.coordinator][WARNING]Heartbeat failed for group kafka-python-default-group because it is rebalancing
[2016-09-13 23:22:55,196][kafka.coordinator][WARNING]Heartbeat failed ([Error 27] RebalanceInProgressError: ); retrying
[2016-09-13 23:22:55,297][kafka.coordinator][INFO]Skipping heartbeat: no auto-assignment or waiting on rebalance
[2016-09-13 23:22:55,698][kafka.coordinator.consumer][INFO]Revoking previously assigned partitions set([TopicPartition(topic=u'spamtopic', partition=0)]) for group kafka-python-default-group
[2016-09-13 23:22:55,699][kafka.coordinator][INFO](Re-)joining group kafka-python-default-group
[2016-09-13 23:22:55,701][kafka.coordinator][INFO]Joined group 'kafka-python-default-group' (generation 184) with member_id kafka-python-1.3.1-2fb8d836-1045-4248-8527-fac05f7dd9df
[2016-09-13 23:22:55,705][kafka.coordinator][INFO]Successfully joined group kafka-python-default-group with generation 184
[2016-09-13 23:22:55,706][kafka.consumer.subscription_state][INFO]Updated partition assignment: [TopicPartition(topic=u'spamtopic', partition=0)]
[2016-09-13 23:22:55,706][kafka.coordinator.consumer][INFO]Setting newly assigned partitions set([TopicPartition(topic=u'spamtopic', partition=0)]) for group kafka-python-default-group
[2016-09-13 23:22:58,716][kafka.coordinator][WARNING]Heartbeat failed for group kafka-python-default-group because it is rebalancing
[2016-09-13 23:22:58,716][kafka.coordinator][WARNING]Heartbeat failed ([Error 27] RebalanceInProgressError: ); retrying
[2016-09-13 23:22:58,817][kafka.coordinator][INFO]Skipping heartbeat: no auto-assignment or waiting on rebalance
[2016-09-13 23:22:59,218][kafka.coordinator.consumer][INFO]Revoking previously assigned partitions set([TopicPartition(topic=u'spamtopic', partition=0)]) for group kafka-python-default-group
[2016-09-13 23:22:59,219][kafka.coordinator][INFO](Re-)joining group kafka-python-default-group
[2016-09-13 23:22:59,220][kafka.coordinator][INFO]Joined group 'kafka-python-default-group' (generation 185) with member_id kafka-python-1.3.1-2fb8d836-1045-4248-8527-fac05f7dd9df
[2016-09-13 23:22:59,222][kafka.coordinator][INFO]Successfully joined group kafka-python-default-group with generation 185
[2016-09-13 23:22:59,222][kafka.consumer.subscription_state][INFO]Updated partition assignment: [TopicPartition(topic=u'spamtopic', partition=0)]
[2016-09-13 23:22:59,223][kafka.coordinator.consumer][INFO]Setting newly assigned partitions set([TopicPartition(topic=u'spamtopic', partition=0)]) for group kafka-python-default-group
[2016-09-13 23:23:02,235][kafka.coordinator][WARNING]Heartbeat failed for group kafka-python-default-group because it is rebalancing
[2016-09-13 23:23:02,236][kafka.coordinator][WARNING]Heartbeat failed ([Error 27] RebalanceInProgressError: ); retrying
[2016-09-13 23:23:02,337][kafka.coordinator][INFO]Skipping heartbeat: no auto-assignment or waiting on rebalance
[2016-09-13 23:23:02,738][kafka.coordinator.consumer][INFO]Revoking previously assigned partitions set([TopicPartition(topic=u'spamtopic', partition=0)]) for group kafka-python-default-group
[2016-09-13 23:23:02,738][kafka.coordinator][INFO](Re-)joining group kafka-python-default-group
[2016-09-13 23:23:02,740][kafka.coordinator][INFO]Joined group 'kafka-python-default-group' (generation 186) with member_id kafka-python-1.3.1-2fb8d836-1045-4248-8527-fac05f7dd9df
[2016-09-13 23:23:02,743][kafka.coordinator][INFO]Successfully joined group kafka-python-default-group with generation 186
[2016-09-13 23:23:02,743][kafka.consumer.subscription_state][INFO]Updated partition assignment: [TopicPartition(topic=u'spamtopic', partition=0)]
[2016-09-13 23:23:02,744][kafka.coordinator.consumer][INFO]Setting newly assigned partitions set([TopicPartition(topic=u'spamtopic', partition=0)]) for group kafka-python-default-group
[2016-09-13 23:23:05,753][kafka.coordinator][WARNING]Heartbeat failed for group kafka-python-default-group because it is rebalancing
[2016-09-13 23:23:05,753][kafka.coordinator][WARNING]Heartbeat failed ([Error 27] RebalanceInProgressError: ); retrying
[2016-09-13 23:23:05,855][kafka.coordinator][INFO]Skipping heartbeat: no auto-assignment or waiting on rebalance
[2016-09-13 23:23:06,255][kafka.coordinator.consumer][INFO]Revoking previously assigned partitions set([TopicPartition(topic=u'spamtopic', partition=0)]) for group kafka-python-default-group
[2016-09-13 23:23:06,255][kafka.coordinator][INFO](Re-)joining group kafka-python-default-group
[2016-09-13 23:23:06,257][kafka.coordinator][INFO]Joined group 'kafka-python-default-group' (generation 187) with member_id kafka-python-1.3.1-2fb8d836-1045-4248-8527-fac05f7dd9df
[2016-09-13 23:23:06,264][kafka.coordinator][INFO]Successfully joined group kafka-python-default-group with generation 187
[2016-09-13 23:23:06,265][kafka.consumer.subscription_state][INFO]Updated partition assignment: [TopicPartition(topic=u'spamtopic', partition=0)]
[2016-09-13 23:23:06,265][kafka.coordinator.consumer][INFO]Setting newly assigned partitions set([TopicPartition(topic=u'spamtopic', partition=0)]) for group kafka-python-default-group
[2016-09-13 23:23:09,276][kafka.coordinator][WARNING]Heartbeat failed for group kafka-python-default-group because it is rebalancing
[2016-09-13 23:23:09,276][kafka.coordinator][WARNING]Heartbeat failed ([Error 27] RebalanceInProgressError: ); retrying
[2016-09-13 23:23:09,377][kafka.coordinator][INFO]Skipping heartbeat: no auto-assignment or waiting on rebalance
[2016-09-13 23:23:09,779][kafka.coordinator.consumer][INFO]Revoking previously assigned partitions set([TopicPartition(topic=u'spamtopic', partition=0)]) for group kafka-python-default-group
[2016-09-13 23:23:09,779][kafka.coordinator][INFO](Re-)joining group kafka-python-default-group
[2016-09-13 23:23:09,783][kafka.coordinator][INFO]Joined group 'kafka-python-default-group' (generation 188) with member_id kafka-python-1.3.1-2fb8d836-1045-4248-8527-fac05f7dd9df
[2016-09-13 23:23:09,785][kafka.coordinator][INFO]Successfully joined group kafka-python-default-group with generation 188
[2016-09-13 23:23:09,785][kafka.consumer.subscription_state][INFO]Updated partition assignment: [TopicPartition(topic=u'spamtopic', partition=0)]
[2016-09-13 23:23:09,786][kafka.coordinator.consumer][INFO]Setting newly assigned partitions set([TopicPartition(topic=u'spamtopic', partition=0)]) for group kafka-python-default-group
[2016-09-13 23:23:12,795][kafka.coordinator][WARNING]Heartbeat failed for group kafka-python-default-group because it is rebalancing
[2016-09-13 23:23:12,795][kafka.coordinator][WARNING]Heartbeat failed ([Error 27] RebalanceInProgressError: ); retrying
[2016-09-13 23:23:12,896][kafka.coordinator][INFO]Skipping heartbeat: no auto-assignment or waiting on rebalance
[2016-09-13 23:23:13,296][kafka.coordinator.consumer][INFO]Revoking previously assigned partitions set([TopicPartition(topic=u'spamtopic', partition=0)]) for group kafka-python-default-group
[2016-09-13 23:23:13,297][kafka.coordinator][INFO](Re-)joining group kafka-python-default-group
[2016-09-13 23:23:13,298][kafka.coordinator][INFO]Joined group 'kafka-python-default-group' (generation 189) with member_id kafka-python-1.3.1-2fb8d836-1045-4248-8527-fac05f7dd9df
[2016-09-13 23:23:13,300][kafka.coordinator][INFO]Successfully joined group kafka-python-default-group with generation 189
[2016-09-13 23:23:13,302][kafka.consumer.subscription_state][INFO]Updated partition assignment: [TopicPartition(topic=u'spamtopic', partition=0)]
[2016-09-13 23:23:13,302][kafka.coordinator.consumer][INFO]Setting newly assigned partitions set([TopicPartition(topic=u'spamtopic', partition=0)]) for group kafka-python-default-group
[2016-09-13 23:23:16,312][kafka.coordinator][WARNING]Heartbeat failed for group kafka-python-default-group because it is rebalancing
[2016-09-13 23:23:16,312][kafka.coordinator][WARNING]Heartbeat failed ([Error 27] RebalanceInProgressError: ); retrying
[2016-09-13 23:23:16,413][kafka.coordinator][INFO]Skipping heartbeat: no auto-assignment or waiting on rebalance
[2016-09-13 23:23:16,813][kafka.coordinator.consumer][INFO]Revoking previously assigned partitions set([TopicPartition(topic=u'spamtopic', partition=0)]) for group kafka-python-default-group
[2016-09-13 23:23:16,813][kafka.coordinator][INFO](Re-)joining group kafka-python-default-group
[2016-09-13 23:23:16,817][kafka.coordinator][INFO]Joined group 'kafka-python-default-group' (generation 190) with member_id kafka-python-1.3.1-2fb8d836-1045-4248-8527-fac05f7dd9df
[2016-09-13 23:23:16,819][kafka.coordinator][INFO]Successfully joined group kafka-python-default-group with generation 190
[2016-09-13 23:23:16,820][kafka.consumer.subscription_state][INFO]Updated partition assignment: [TopicPartition(topic=u'spamtopic', partition=0)]
[2016-09-13 23:23:16,820][kafka.coordinator.consumer][INFO]Setting newly assigned partitions set([TopicPartition(topic=u'spamtopic', partition=0)]) for group kafka-python-default-group
[2016-09-13 23:23:19,830][kafka.coordinator][WARNING]Heartbeat failed for group kafka-python-default-group because it is rebalancing
[2016-09-13 23:23:19,830][kafka.coordinator][WARNING]Heartbeat failed ([Error 27] RebalanceInProgressError: ); retrying
[2016-09-13 23:23:19,932][kafka.coordinator][INFO]Skipping heartbeat: no auto-assignment or waiting on rebalance
[2016-09-13 23:23:20,333][kafka.coordinator.consumer][INFO]Revoking previously assigned partitions set([TopicPartition(topic=u'spamtopic', partition=0)]) for group kafka-python-default-group
[2016-09-13 23:23:20,333][kafka.coordinator][INFO](Re-)joining group kafka-python-default-group
[2016-09-13 23:23:20,334][kafka.coordinator][INFO]Joined group 'kafka-python-default-group' (generation 191) with member_id kafka-python-1.3.1-2fb8d836-1045-4248-8527-fac05f7dd9df
[2016-09-13 23:23:20,337][kafka.coordinator][INFO]Successfully joined group kafka-python-default-group with generation 191
[2016-09-13 23:23:20,337][kafka.consumer.subscription_state][INFO]Updated partition assignment: [TopicPartition(topic=u'spamtopic', partition=0)]
[2016-09-13 23:23:20,337][kafka.coordinator.consumer][INFO]Setting newly assigned partitions set([TopicPartition(topic=u'spamtopic', partition=0)]) for group kafka-python-default-group
[2016-09-13 23:23:23,348][kafka.coordinator][WARNING]Heartbeat failed for group kafka-python-default-group because it is rebalancing
[2016-09-13 23:23:23,348][kafka.coordinator][WARNING]Heartbeat failed ([Error 27] RebalanceInProgressError: ); retrying
[2016-09-13 23:23:23,449][kafka.coordinator][INFO]Skipping heartbeat: no auto-assignment or waiting on rebalance
[2016-09-13 23:23:23,850][kafka.coordinator.consumer][INFO]Revoking previously assigned partitions set([TopicPartition(topic=u'spamtopic', partition=0)]) for group kafka-python-default-group
[2016-09-13 23:23:23,851][kafka.coordinator][INFO](Re-)joining group kafka-python-default-group
[2016-09-13 23:23:23,852][kafka.coordinator][INFO]Joined group 'kafka-python-default-group' (generation 192) with member_id kafka-python-1.3.1-2fb8d836-1045-4248-8527-fac05f7dd9df
[2016-09-13 23:23:23,854][kafka.coordinator][INFO]Successfully joined group kafka-python-default-group with generation 192
[2016-09-13 23:23:23,856][kafka.consumer.subscription_state][INFO]Updated partition assignment: [TopicPartition(topic=u'spamtopic', partition=0)]
[2016-09-13 23:23:23,857][kafka.coordinator.consumer][INFO]Setting newly assigned partitions set([TopicPartition(topic=u'spamtopic', partition=0)]) for group kafka-python-default-group
[2016-09-13 23:23:26,866][kafka.coordinator][WARNING]Heartbeat failed for group kafka-python-default-group because it is rebalancing
[2016-09-13 23:23:26,867][kafka.coordinator][WARNING]Heartbeat failed ([Error 27] RebalanceInProgressError: ); retrying
[2016-09-13 23:23:26,968][kafka.coordinator][INFO]Skipping heartbeat: no auto-assignment or waiting on rebalance
[2016-09-13 23:23:27,368][kafka.coordinator.consumer][INFO]Revoking previously assigned partitions set([TopicPartition(topic=u'spamtopic', partition=0)]) for group kafka-python-default-group
[2016-09-13 23:23:27,368][kafka.coordinator][INFO](Re-)joining group kafka-python-default-group
[2016-09-13 23:23:27,370][kafka.coordinator][INFO]Joined group 'kafka-python-default-group' (generation 193) with member_id kafka-python-1.3.1-2fb8d836-1045-4248-8527-fac05f7dd9df
[2016-09-13 23:23:27,372][kafka.coordinator][INFO]Successfully joined group kafka-python-default-group with generation 193
[2016-09-13 23:23:27,372][kafka.consumer.subscription_state][INFO]Updated partition assignment: [TopicPartition(topic=u'spamtopic', partition=0)]
[2016-09-13 23:23:27,372][kafka.coordinator.consumer][INFO]Setting newly assigned partitions set([TopicPartition(topic=u'spamtopic', partition=0)]) for group kafka-python-default-group
[2016-09-13 23:23:30,385][kafka.coordinator][WARNING]Heartbeat failed for group kafka-python-default-group because it is rebalancing
[2016-09-13 23:23:30,385][kafka.coordinator][WARNING]Heartbeat failed ([Error 27] RebalanceInProgressError: ); retrying
[2016-09-13 23:23:30,486][kafka.coordinator][INFO]Skipping heartbeat: no auto-assignment or waiting on rebalance
[2016-09-13 23:23:30,887][kafka.coordinator.consumer][INFO]Revoking previously assigned partitions set([TopicPartition(topic=u'spamtopic', partition=0)]) for group kafka-python-default-group
[2016-09-13 23:23:30,888][kafka.coordinator][INFO](Re-)joining group kafka-python-default-group
[2016-09-13 23:23:30,889][kafka.coordinator][INFO]Joined group 'kafka-python-default-group' (generation 194) with member_id kafka-python-1.3.1-2fb8d836-1045-4248-8527-fac05f7dd9df
[2016-09-13 23:23:30,893][kafka.coordinator][INFO]Successfully joined group kafka-python-default-group with generation 194
[2016-09-13 23:23:30,894][kafka.consumer.subscription_state][INFO]Updated partition assignment: [TopicPartition(topic=u'spamtopic', partition=0)]
[2016-09-13 23:23:30,894][kafka.coordinator.consumer][INFO]Setting newly assigned partitions set([TopicPartition(topic=u'spamtopic', partition=0)]) for group kafka-python-default-group
[2016-09-13 23:23:33,903][kafka.coordinator][WARNING]Heartbeat failed for group kafka-python-default-group because it is rebalancing
[2016-09-13 23:23:33,903][kafka.coordinator][WARNING]Heartbeat failed ([Error 27] RebalanceInProgressError: ); retrying
[2016-09-13 23:23:34,004][kafka.coordinator][INFO]Skipping heartbeat: no auto-assignment or waiting on rebalance
[2016-09-13 23:23:34,406][kafka.coordinator.consumer][INFO]Revoking previously assigned partitions set([TopicPartition(topic=u'spamtopic', partition=0)]) for group kafka-python-default-group
[2016-09-13 23:23:34,406][kafka.coordinator][INFO](Re-)joining group kafka-python-default-group
[2016-09-13 23:23:34,408][kafka.coordinator][INFO]Joined group 'kafka-python-default-group' (generation 195) with member_id kafka-python-1.3.1-2fb8d836-1045-4248-8527-fac05f7dd9df
[2016-09-13 23:23:34,413][kafka.coordinator][INFO]Successfully joined group kafka-python-default-group with generation 195
[2016-09-13 23:23:34,413][kafka.consumer.subscription_state][INFO]Updated partition assignment: [TopicPartition(topic=u'spamtopic', partition=0)]
[2016-09-13 23:23:34,413][kafka.coordinator.consumer][INFO]Setting newly assigned partitions set([TopicPartition(topic=u'spamtopic', partition=0)]) for group kafka-python-default-group
[2016-09-13 23:23:37,423][kafka.coordinator][WARNING]Heartbeat failed for group kafka-python-default-group because it is rebalancing
[2016-09-13 23:23:37,423][kafka.coordinator][WARNING]Heartbeat failed ([Error 27] RebalanceInProgressError: ); retrying
[2016-09-13 23:23:37,524][kafka.coordinator][INFO]Skipping heartbeat: no auto-assignment or waiting on rebalance
[2016-09-13 23:23:37,924][kafka.coordinator.consumer][INFO]Revoking previously assigned partitions set([TopicPartition(topic=u'spamtopic', partition=0)]) for group kafka-python-default-group
[2016-09-13 23:23:37,924][kafka.coordinator][INFO](Re-)joining group kafka-python-default-group
[2016-09-13 23:23:37,926][kafka.coordinator][INFO]Joined group 'kafka-python-default-group' (generation 196) with member_id kafka-python-1.3.1-2fb8d836-1045-4248-8527-fac05f7dd9df
[2016-09-13 23:23:37,928][kafka.coordinator][INFO]Successfully joined group kafka-python-default-group with generation 196
[2016-09-13 23:23:37,931][kafka.consumer.subscription_state][INFO]Updated partition assignment: [TopicPartition(topic=u'spamtopic', partition=0)]
[2016-09-13 23:23:37,932][kafka.coordinator.consumer][INFO]Setting newly assigned partitions set([TopicPartition(topic=u'spamtopic', partition=0)]) for group kafka-python-default-group
[2016-09-13 23:23:40,940][kafka.coordinator][WARNING]Heartbeat failed for group kafka-python-default-group because it is rebalancing
[2016-09-13 23:23:40,941][kafka.coordinator][WARNING]Heartbeat failed ([Error 27] RebalanceInProgressError: ); retrying
[2016-09-13 23:23:41,042][kafka.coordinator][INFO]Skipping heartbeat: no auto-assignment or waiting on rebalance
[2016-09-13 23:23:41,442][kafka.coordinator.consumer][INFO]Revoking previously assigned partitions set([TopicPartition(topic=u'spamtopic', partition=0)]) for group kafka-python-default-group
[2016-09-13 23:23:41,442][kafka.coordinator][INFO](Re-)joining group kafka-python-default-group
[2016-09-13 23:23:41,444][kafka.coordinator][INFO]Joined group 'kafka-python-default-group' (generation 197) with member_id kafka-python-1.3.1-2fb8d836-1045-4248-8527-fac05f7dd9df
[2016-09-13 23:23:41,446][kafka.coordinator][INFO]Successfully joined group kafka-python-default-group with generation 197
[2016-09-13 23:23:41,446][kafka.consumer.subscription_state][INFO]Updated partition assignment: [TopicPartition(topic=u'spamtopic', partition=0)]
[2016-09-13 23:23:41,448][kafka.coordinator.consumer][INFO]Setting newly assigned partitions set([TopicPartition(topic=u'spamtopic', partition=0)]) for group kafka-python-default-group
[2016-09-13 23:23:44,458][kafka.coordinator][WARNING]Heartbeat failed for group kafka-python-default-group because it is rebalancing
[2016-09-13 23:23:44,459][kafka.coordinator][WARNING]Heartbeat failed ([Error 27] RebalanceInProgressError: ); retrying
[2016-09-13 23:23:44,560][kafka.coordinator][INFO]Skipping heartbeat: no auto-assignment or waiting on rebalance
[2016-09-13 23:23:44,960][kafka.coordinator.consumer][INFO]Revoking previously assigned partitions set([TopicPartition(topic=u'spamtopic', partition=0)]) for group kafka-python-default-group
[2016-09-13 23:23:44,960][kafka.coordinator][INFO](Re-)joining group kafka-python-default-group
[2016-09-13 23:23:44,962][kafka.coordinator][INFO]Joined group 'kafka-python-default-group' (generation 198) with member_id kafka-python-1.3.1-2fb8d836-1045-4248-8527-fac05f7dd9df
[2016-09-13 23:23:44,970][kafka.coordinator][INFO]Successfully joined group kafka-python-default-group with generation 198
[2016-09-13 23:23:44,970][kafka.consumer.subscription_state][INFO]Updated partition assignment: [TopicPartition(topic=u'spamtopic', partition=0)]
[2016-09-13 23:23:44,970][kafka.coordinator.consumer][INFO]Setting newly assigned partitions set([TopicPartition(topic=u'spamtopic', partition=0)]) for group kafka-python-default-group
