Beginning task setup

/usr/bin/flock
Using existing venv: /tmp/petrel-spam-3-1474326247/venv
Task setup took 0 seconds
Launching: python -m petrel.run kafkaconsumer /home/pipe/topology/TopologyTweetTransformationSPAM/petrel12287_kafkaconsumer.log
/usr/local/lib/python2.7/dist-packages/petrel-1.0.1.0.3-py2.7.egg/petrel/run.py invoked with the following arguments: ['kafkaconsumer', '/home/pipe/topology/TopologyTweetTransformationSPAM/petrel12287_kafkaconsumer.log']
python version: 2.7.12
user=root
PATH=/tmp/petrel-spam-3-1474326247/venv/bin:/usr/local/sbin:/usr/local/bin:/usr/sbin:/usr/bin:/sbin:/bin:/snap/bin
LD_LIBRARY_PATH=/home/apache-storm-1.0.1/data/supervisor/stormdist/spam-3-1474326247/resources/Linux-amd64:/home/apache-storm-1.0.1/data/supervisor/stormdist/spam-3-1474326247/resources:/usr/local/lib:/opt/local/lib:/usr/lib
PYTHON_EGG_CACHE=/tmp/petrel-spam-3-1474326247/egg_cache
[2016-09-20 01:13:19,658][storm][INFO]Tuple profiling enabled. Will log tuple processing times.
[2016-09-20 01:13:19,892][storm][INFO]Task received setupInfo from Storm: {'pidDir': '/home/apache-storm-1.0.1/data/workers/1fbb67d2-b594-41ce-ad55-7972b0450bde/pids', 'conf': {'storm.group.mapping.service.params': None, 'topology.tuple.serializer': 'org.apache.storm.serialization.types.ListDelegateSerializer', 'topology.workers': 1, 'drpc.worker.threads': 64, 'ui.filter.params': None, 'transactional.zookeeper.root': '/transactional', 'logviewer.cleanup.age.mins': 10080, 'worker.profiler.command': 'flight.bash', 'topology.executor.send.buffer.size': 1024, 'nimbus.file.copy.expiration.secs': 600, 'oauth.acess_token': ' 702208758362087425-HZiyl1x7Bh98cQa1WLBDYylyu10Bpl7', 'drpc.childopts': '-Xmx768m', 'nimbus.thrift.port': 6627, 'topology.disruptor.wait.timeout.millis': 1000, 'storm.zookeeper.retry.intervalceiling.millis': 30000, 'storm.local.dir': '/home/apache-storm-1.0.1/data', 'storm.auth.simple-acl.users': [], 'drpc.invocations.threads': 64, 'storm.zookeeper.superACL': None, 'storm.cluster.state.store': 'org.apache.storm.cluster_state.zookeeper_state_factory', 'storm.codedistributor.class': 'org.apache.storm.codedistributor.LocalFileSystemCodeDistributor', 'drpc.https.keystore.password': '', 'supervisor.blobstore.download.max_retries': 3, 'pacemaker.kerberos.users': [], 'storm.messaging.netty.client_worker_threads': 1, 'oauth.consumer_secret': 'ADf76fi3O1lKMzBxWnjqf93l3GHv28uar3bkblkvyBrAyoA23i', 'topology.component.resources.offheap.memory.mb': 0.0, 'supervisor.heartbeat.frequency.secs': 5, 'storm.group.mapping.service.cache.duration.secs': 120, 'storm.group.mapping.service': 'org.apache.storm.security.auth.ShellBasedGroupsMapping', 'storm.workers.artifacts.dir': 'workers-artifacts', 'drpc.request.timeout.secs': 600, 'pacemaker.childopts': '-Xmx1024m', 'nimbus.seeds': ['localhost'], 'topology.shellbolt.max.pending': 100, 'topology.min.replication.count': 1, 'topology.skip.missing.kryo.registrations': False, 'worker.heartbeat.frequency.secs': 1, 'storm.auth.simple-acl.users.commands': [], 'storm.zookepeer.port': 2181, 'zmq.hwm': 0, 'topology.worker.shared.thread.pool.size': 4, 'storm.zookeeper.connection.timeout': 15000, 'java.library.path': '/usr/local/lib:/opt/local/lib:/usr/lib', 'logviewer.max.sum.worker.logs.size.mb': 4096, 'task.refresh.poll.secs': 10, 'topology.max.error.report.per.interval': 5, 'topology.worker.logwriter.childopts': '-Xmx64m', 'ui.actions.enabled': True, 'storm.health.check.timeout.ms': 5000, 'topology.scheduler.strategy': 'org.apache.storm.scheduler.resource.strategies.scheduling.DefaultResourceAwareStrategy', 'ui.host': '0.0.0.0', 'storm.messaging.netty.server_worker_threads': 1, 'topology.disruptor.batch.size': 100, 'storm.id': 'spam-3-1474326247', 'supervisor.worker.start.timeout.secs': 120, 'zmq.threads': 1, 'topology.acker.executors': None, 'pacemaker.thread.timeout': 10, 'storm.local.mode.zmq': False, 'topology.eventlogger.executors': 0, 'topology.tick.tuple.freq.secs': 30, 'supervisor.memory.capacity.mb': 3072.0, 'supervisor.worker.shutdown.sleep.secs': 1, 'pacemaker.base.threads': 10, 'drpc.http.creds.plugin': 'org.apache.storm.security.auth.DefaultHttpCredentialsPlugin', 'storm.zookeeper.servers': ['localhost'], 'supervisor.localizer.cache.target.size.mb': 10240, 'storm.messaging.netty.transfer.batch.size': 262144, 'resource.aware.scheduler.eviction.strategy': 'org.apache.storm.scheduler.resource.strategies.eviction.DefaultEvictionStrategy', 'topology.environment': None, 'storm.zookeeper.port': 2181, 'storm.auth.simple-acl.admins': [], 'pacemaker.host': 'localhost', 'nimbus.childopts': '-Xmx1024m', 'storm.principal.tolocal': 'org.apache.storm.security.auth.DefaultPrincipalToLocal', 'storm.nimbus.retry.times': 5, 'topology.classpath': None, 'drpc.authorizer.acl.filename': 'drpc-auth-acl.yaml', 'topology.bolts.outgoing.overflow.buffer.enable': False, 'nimbus.credential.renewers.freq.secs': 600, 'worker.childopts': '-Xmx%HEAP-MEM%m -XX:+PrintGCDetails -Xloggc:artifacts/gc.log -XX:+PrintGCDateStamps -XX:+PrintGCTimeStamps -XX:+UseGCLogFileRotation -XX:NumberOfGCLogFiles=10 -XX:GCLogFileSize=1M -XX:+HeapDumpOnOutOfMemoryError -XX:HeapDumpPath=artifacts/heapdump', 'drpc.queue.size': 128, 'supervisor.blobstore.class': 'org.apache.storm.blobstore.NimbusBlobStore', 'topology.multilang.serializer': 'org.apache.storm.multilang.JsonSerializer', 'storm.zookeeper.retry.times': 5, 'topology.disable.loadaware': False, 'supervisor.run.worker.as.user': False, 'storm.blobstore.replication.factor': 3, 'worker.profiler.childopts': '-XX:+UnlockCommercialFeatures -XX:+FlightRecorder', 'nimbus.thrift.threads': 64, 'nimbus.monitor.freq.secs': 10, 'storm.blobstore.inputstream.buffer.size.bytes': 65536, 'dev.zookeeper.path': '/tmp/dev-storm-zookeeper', 'topology.users': [], 'storm.daemon.metrics.reporter.plugins': ['org.apache.storm.daemon.metrics.reporters.JmxPreparableReporter'], 'storm.exhibitor.poll.uripath': '/exhibitor/v1/cluster/list', 'pacemaker.max.threads': 50, 'drpc.https.keystore.type': 'JKS', 'topology.tasks': None, 'storm.zookeeper.root': '/storm', 'logviewer.childopts': '-Xmx128m', 'topology.max.replication.wait.time.sec': 60, 'worker.gc.childopts': '', 'backpressure.disruptor.low.watermark': 0.4, 'storm.meta.serialization.delegate': 'org.apache.storm.serialization.GzipThriftSerializationDelegate', 'transactional.zookeeper.port': None, 'drpc.max_buffer_size': 1048576, 'topology.worker.childopts': None, 'storm.auth.simple-white-list.users': [], 'topology.max.spout.pending': None, 'nimbus.topology.validator': 'org.apache.storm.nimbus.DefaultTopologyValidator', 'topology.kryo.register': None, 'petrel.host': 'localhost', 'client.blobstore.class': 'org.apache.storm.blobstore.NimbusBlobStore', 'nimbus.cleanup.inbox.freq.secs': 600, 'storm.nimbus.retry.intervalceiling.millis': 60000, 'storm.network.topography.plugin': 'org.apache.storm.networktopography.DefaultRackDNSToSwitchMapping', 'storm.messaging.netty.min_wait_ms': 100, 'nimbus.task.timeout.secs': 30, 'topology.disruptor.batch.timeout.millis': 1, 'topology.state.checkpoint.interval.ms': 1000, 'ui.header.buffer.bytes': 4096, 'nimbus.thrift.max_buffer_size': 1048576, 'ui.http.creds.plugin': 'org.apache.storm.security.auth.DefaultHttpCredentialsPlugin', 'topology.sleep.spout.wait.strategy.time.ms': 1, 'nimbus.blobstore.expiration.secs': 600, 'storm.cluster.mode': 'distributed', 'storm.messaging.netty.socket.backlog': 500, 'worker.profiler.enabled': False, 'nimbus.queue.size': 100000, 'logviewer.appender.name': 'A1', 'drpc.authorizer.acl.strict': False, 'ui.port': 8080, 'supervisor.slots.ports': [6700, 6701, 6702, 6703], 'worker.log.level.reset.poll.secs': 30, 'storm.nimbus.retry.interval.millis': 2000, 'drpc.invocations.port': 3773, 'supervisor.monitor.frequency.secs': 3, 'ui.childopts': '-Xmx768m', 'transactional.zookeeper.servers': None, 'storm.log4j2.conf.dir': 'log4j2', 'supervisor.supervisors': [], 'zmq.linger.millis': 5000, 'topology.error.throttle.interval.secs': 10, 'storm.health.check.dir': 'healthchecks', 'topology.executor.receive.buffer.size': 1024, 'nimbus.impersonation.authorizer': 'org.apache.storm.security.auth.authorizer.ImpersonationAuthorizer', 'topology.submitter.principal': '', 'topology.worker.max.heap.size.mb': 768.0, 'topology.spout.wait.strategy': 'org.apache.storm.spout.SleepSpoutWaitStrategy', 'task.heartbeat.frequency.secs': 3, 'topology.transfer.buffer.size': 1024, 'storm.zookeeper.session.timeout': 20000, 'topology.testing.always.try.serialize': False, 'nimbus.blobstore.class': 'org.apache.storm.blobstore.LocalFsBlobStore', 'topology.stats.sample.rate': 0.05, 'topology.fall.back.on.java.serialization': True, 'storm.exhibitor.port': 8080, 'storm.zookeeper.auth.password': None, 'supervisor.childopts': '-Xmx256m', 'topology.backpressure.enable': True, 'pacemaker.port': 6699, 'topology.enable.message.timeouts': True, 'nimbus.code.sync.freq.secs': 120, 'backpressure.disruptor.high.watermark': 0.9, 'storm.messaging.netty.max_wait_ms': 1000, 'topology.worker.receiver.thread.count': 1, 'topology.component.resources.onheap.memory.mb': 128.0, 'resource.aware.scheduler.priority.strategy': 'org.apache.storm.scheduler.resource.strategies.priority.DefaultSchedulingPriorityStrategy', 'nimbus.supervisor.timeout.secs': 60, 'pacemaker.auth.method': 'NONE', 'drpc.https.port': -1, 'nimbus.inbox.jar.expiration.secs': 3600, 'scheduler.display.resource': False, 'topology.kryo.factory': 'org.apache.storm.serialization.DefaultKryoFactory', 'storm.zookeeper.retry.interval': 1000, 'supervisor.supervisors.commands': [], 'supervisor.localizer.cleanup.interval.ms': 600000, 'storm.messaging.netty.max_retries': 300, 'task.credentials.poll.secs': 30, 'drpc.http.port': 3774, 'storm.messaging.transport': 'org.apache.storm.messaging.netty.Context', 'supervisor.enable': True, 'nimbus.task.launch.secs': 120, 'supervisor.blobstore.download.thread.count': 5, 'topology.message.timeout.secs': 30, 'oauth.acess_token_secret': 'IiNOTfgE3tEZvW2HDQhRKPMoOLU43NXJCXk8maj51SdAT', 'storm.messaging.netty.authentication': False, 'petrel.user': 'pipe', 'drpc.port': 3772, 'storm.messaging.netty.buffer_size': 5242880, 'topology.state.synchronization.timeout.secs': 60, 'worker.heap.memory.mb': 768, 'topology.name': 'spam', 'topology.priority': 29, 'supervisor.worker.timeout.secs': 30, 'ui.filter': None, 'topology.trident.batch.emit.interval.millis': 500, 'topology.max.task.parallelism': None, 'supervisor.cpu.capacity': 400.0, 'topology.submitter.user': 'root', 'logviewer.max.per.worker.logs.size.mb': 2048, 'nimbus.host': 'localhost', 'topology.builtin.metrics.bucket.size.secs': 60, 'topology.component.cpu.pcore.percent': 10.0, 'ui.users': None, 'storm.thrift.transport': 'org.apache.storm.security.auth.SimpleTransportPlugin', 'logs.users': None, 'logviewer.port': 8000, 'oauth.consumer_key': 'eaFmBSxUveRJfmyZYeabti9Q9', 'topology.kryo.decorators': [], 'topology.debug': False, 'storm.zookeeper.auth.user': None}, 'context': {'task->component': {'11': '__acker', '10': 'WordDivider', '1': 'CountThreeWords', '3': 'CountTwoWords', '2': 'CountThreeWords', '5': 'CountWord', '4': 'CountTwoWords', '7': 'KafkaConsumer', '6': 'CountWord', '9': 'TwoWordDivider', '8': 'ThreeWordDivider'}, 'stream->target->grouping': {'default': {'WordDivider': {'type': 'SHUFFLE'}, 'ThreeWordDivider': {'type': 'SHUFFLE'}, 'TwoWordDivider': {'type': 'SHUFFLE'}}}, 'source->stream->fields': {}, 'streams': ['default'], 'stream->outputfields': {'default': ['sentence', 'user']}, 'taskid': 7, 'source->stream->grouping': {}, 'componentid': 'KafkaConsumer'}}
[2016-09-20 01:13:19,904][storm][INFO]Task sent pid to Storm
[2016-09-20 01:13:20,021][kafka.conn][INFO]Broker version identifed as 0.10
[2016-09-20 01:13:20,021][kafka.conn][INFO]Set configuration api_version=(0, 10) to skip auto check_version requests on startup
[2016-09-20 01:13:20,023][kafka.consumer.subscription_state][INFO]Updating subscribed topics to: ['spamtopic']
[2016-09-20 01:13:20,024][kafka.cluster][INFO]Group coordinator for kafka-python-default-group is BrokerMetadata(nodeId=0, host=u'localhost', port=9092, rack=None)
[2016-09-20 01:13:20,024][kafka.coordinator][INFO]Discovered coordinator 0 for group kafka-python-default-group
[2016-09-20 01:13:20,024][kafka.coordinator.consumer][INFO]Revoking previously assigned partitions set([]) for group kafka-python-default-group
[2016-09-20 01:13:20,024][kafka.coordinator][INFO](Re-)joining group kafka-python-default-group
[2016-09-20 01:13:41,681][kafka.coordinator][INFO]Joined group 'kafka-python-default-group' (generation 153) with member_id kafka-python-1.3.1-1d6fd4a9-c160-485f-aa8f-c5951daaf0a6
[2016-09-20 01:13:41,683][kafka.coordinator][INFO]Successfully joined group kafka-python-default-group with generation 153
[2016-09-20 01:13:41,683][kafka.consumer.subscription_state][INFO]Updated partition assignment: [TopicPartition(topic=u'spamtopic', partition=0)]
[2016-09-20 01:13:41,683][kafka.coordinator.consumer][INFO]Setting newly assigned partitions set([TopicPartition(topic=u'spamtopic', partition=0)]) for group kafka-python-default-group
[2016-09-20 01:13:44,694][kafka.coordinator][WARNING]Heartbeat failed for group kafka-python-default-group because it is rebalancing
[2016-09-20 01:13:44,695][kafka.coordinator][WARNING]Heartbeat failed ([Error 27] RebalanceInProgressError: ); retrying
[2016-09-20 01:13:44,796][kafka.coordinator][INFO]Skipping heartbeat: no auto-assignment or waiting on rebalance
[2016-09-20 01:13:45,196][kafka.coordinator.consumer][INFO]Revoking previously assigned partitions set([TopicPartition(topic=u'spamtopic', partition=0)]) for group kafka-python-default-group
[2016-09-20 01:13:45,196][kafka.coordinator][INFO](Re-)joining group kafka-python-default-group
[2016-09-20 01:13:45,198][kafka.coordinator][INFO]Joined group 'kafka-python-default-group' (generation 154) with member_id kafka-python-1.3.1-1d6fd4a9-c160-485f-aa8f-c5951daaf0a6
[2016-09-20 01:13:45,201][kafka.coordinator][INFO]Successfully joined group kafka-python-default-group with generation 154
[2016-09-20 01:13:45,201][kafka.consumer.subscription_state][INFO]Updated partition assignment: [TopicPartition(topic=u'spamtopic', partition=0)]
[2016-09-20 01:13:45,201][kafka.coordinator.consumer][INFO]Setting newly assigned partitions set([TopicPartition(topic=u'spamtopic', partition=0)]) for group kafka-python-default-group
[2016-09-20 01:13:48,215][kafka.coordinator][WARNING]Heartbeat failed for group kafka-python-default-group because it is rebalancing
[2016-09-20 01:13:48,215][kafka.coordinator][WARNING]Heartbeat failed ([Error 27] RebalanceInProgressError: ); retrying
[2016-09-20 01:13:48,316][kafka.coordinator][INFO]Skipping heartbeat: no auto-assignment or waiting on rebalance
[2016-09-20 01:13:48,717][kafka.coordinator.consumer][INFO]Revoking previously assigned partitions set([TopicPartition(topic=u'spamtopic', partition=0)]) for group kafka-python-default-group
[2016-09-20 01:13:48,718][kafka.coordinator][INFO](Re-)joining group kafka-python-default-group
[2016-09-20 01:13:48,719][kafka.coordinator][INFO]Joined group 'kafka-python-default-group' (generation 155) with member_id kafka-python-1.3.1-1d6fd4a9-c160-485f-aa8f-c5951daaf0a6
[2016-09-20 01:13:48,721][kafka.coordinator][INFO]Successfully joined group kafka-python-default-group with generation 155
[2016-09-20 01:13:48,721][kafka.consumer.subscription_state][INFO]Updated partition assignment: [TopicPartition(topic=u'spamtopic', partition=0)]
[2016-09-20 01:13:48,721][kafka.coordinator.consumer][INFO]Setting newly assigned partitions set([TopicPartition(topic=u'spamtopic', partition=0)]) for group kafka-python-default-group
[2016-09-20 01:13:51,732][kafka.coordinator][WARNING]Heartbeat failed for group kafka-python-default-group because it is rebalancing
[2016-09-20 01:13:51,732][kafka.coordinator][WARNING]Heartbeat failed ([Error 27] RebalanceInProgressError: ); retrying
[2016-09-20 01:13:51,834][kafka.coordinator][INFO]Skipping heartbeat: no auto-assignment or waiting on rebalance
[2016-09-20 01:13:52,235][kafka.coordinator.consumer][INFO]Revoking previously assigned partitions set([TopicPartition(topic=u'spamtopic', partition=0)]) for group kafka-python-default-group
[2016-09-20 01:13:52,235][kafka.coordinator][INFO](Re-)joining group kafka-python-default-group
[2016-09-20 01:13:52,237][kafka.coordinator][INFO]Joined group 'kafka-python-default-group' (generation 156) with member_id kafka-python-1.3.1-1d6fd4a9-c160-485f-aa8f-c5951daaf0a6
[2016-09-20 01:13:52,244][kafka.coordinator][INFO]Successfully joined group kafka-python-default-group with generation 156
[2016-09-20 01:13:52,244][kafka.consumer.subscription_state][INFO]Updated partition assignment: [TopicPartition(topic=u'spamtopic', partition=0)]
[2016-09-20 01:13:52,244][kafka.coordinator.consumer][INFO]Setting newly assigned partitions set([TopicPartition(topic=u'spamtopic', partition=0)]) for group kafka-python-default-group
[2016-09-20 01:13:55,255][kafka.coordinator][WARNING]Heartbeat failed for group kafka-python-default-group because it is rebalancing
[2016-09-20 01:13:55,255][kafka.coordinator][WARNING]Heartbeat failed ([Error 27] RebalanceInProgressError: ); retrying
[2016-09-20 01:13:55,356][kafka.coordinator][INFO]Skipping heartbeat: no auto-assignment or waiting on rebalance
[2016-09-20 01:13:55,758][kafka.coordinator.consumer][INFO]Revoking previously assigned partitions set([TopicPartition(topic=u'spamtopic', partition=0)]) for group kafka-python-default-group
[2016-09-20 01:13:55,758][kafka.coordinator][INFO](Re-)joining group kafka-python-default-group
[2016-09-20 01:13:55,759][kafka.coordinator][INFO]Joined group 'kafka-python-default-group' (generation 157) with member_id kafka-python-1.3.1-1d6fd4a9-c160-485f-aa8f-c5951daaf0a6
[2016-09-20 01:13:55,764][kafka.coordinator][INFO]Successfully joined group kafka-python-default-group with generation 157
[2016-09-20 01:13:55,764][kafka.consumer.subscription_state][INFO]Updated partition assignment: [TopicPartition(topic=u'spamtopic', partition=0)]
[2016-09-20 01:13:55,764][kafka.coordinator.consumer][INFO]Setting newly assigned partitions set([TopicPartition(topic=u'spamtopic', partition=0)]) for group kafka-python-default-group
[2016-09-20 01:13:58,772][kafka.coordinator][WARNING]Heartbeat failed for group kafka-python-default-group because it is rebalancing
[2016-09-20 01:13:58,772][kafka.coordinator][WARNING]Heartbeat failed ([Error 27] RebalanceInProgressError: ); retrying
[2016-09-20 01:13:58,873][kafka.coordinator][INFO]Skipping heartbeat: no auto-assignment or waiting on rebalance
[2016-09-20 01:13:59,274][kafka.coordinator.consumer][INFO]Revoking previously assigned partitions set([TopicPartition(topic=u'spamtopic', partition=0)]) for group kafka-python-default-group
[2016-09-20 01:13:59,275][kafka.coordinator][INFO](Re-)joining group kafka-python-default-group
[2016-09-20 01:13:59,277][kafka.coordinator][INFO]Joined group 'kafka-python-default-group' (generation 158) with member_id kafka-python-1.3.1-1d6fd4a9-c160-485f-aa8f-c5951daaf0a6
[2016-09-20 01:13:59,279][kafka.coordinator][INFO]Successfully joined group kafka-python-default-group with generation 158
[2016-09-20 01:13:59,279][kafka.consumer.subscription_state][INFO]Updated partition assignment: [TopicPartition(topic=u'spamtopic', partition=0)]
[2016-09-20 01:13:59,279][kafka.coordinator.consumer][INFO]Setting newly assigned partitions set([TopicPartition(topic=u'spamtopic', partition=0)]) for group kafka-python-default-group
[2016-09-20 01:14:02,290][kafka.coordinator][WARNING]Heartbeat failed for group kafka-python-default-group because it is rebalancing
[2016-09-20 01:14:02,290][kafka.coordinator][WARNING]Heartbeat failed ([Error 27] RebalanceInProgressError: ); retrying
[2016-09-20 01:14:02,391][kafka.coordinator][INFO]Skipping heartbeat: no auto-assignment or waiting on rebalance
[2016-09-20 01:14:02,793][kafka.coordinator.consumer][INFO]Revoking previously assigned partitions set([TopicPartition(topic=u'spamtopic', partition=0)]) for group kafka-python-default-group
[2016-09-20 01:14:02,793][kafka.coordinator][INFO](Re-)joining group kafka-python-default-group
[2016-09-20 01:14:02,795][kafka.coordinator][INFO]Joined group 'kafka-python-default-group' (generation 159) with member_id kafka-python-1.3.1-1d6fd4a9-c160-485f-aa8f-c5951daaf0a6
[2016-09-20 01:14:02,797][kafka.coordinator][INFO]Successfully joined group kafka-python-default-group with generation 159
[2016-09-20 01:14:02,797][kafka.consumer.subscription_state][INFO]Updated partition assignment: [TopicPartition(topic=u'spamtopic', partition=0)]
[2016-09-20 01:14:02,797][kafka.coordinator.consumer][INFO]Setting newly assigned partitions set([TopicPartition(topic=u'spamtopic', partition=0)]) for group kafka-python-default-group
[2016-09-20 01:14:05,807][kafka.coordinator][WARNING]Heartbeat failed for group kafka-python-default-group because it is rebalancing
[2016-09-20 01:14:05,808][kafka.coordinator][WARNING]Heartbeat failed ([Error 27] RebalanceInProgressError: ); retrying
[2016-09-20 01:14:05,909][kafka.coordinator][INFO]Skipping heartbeat: no auto-assignment or waiting on rebalance
[2016-09-20 01:14:06,311][kafka.coordinator.consumer][INFO]Revoking previously assigned partitions set([TopicPartition(topic=u'spamtopic', partition=0)]) for group kafka-python-default-group
[2016-09-20 01:14:06,311][kafka.coordinator][INFO](Re-)joining group kafka-python-default-group
[2016-09-20 01:14:06,313][kafka.coordinator][INFO]Joined group 'kafka-python-default-group' (generation 160) with member_id kafka-python-1.3.1-1d6fd4a9-c160-485f-aa8f-c5951daaf0a6
[2016-09-20 01:14:06,316][kafka.coordinator][INFO]Successfully joined group kafka-python-default-group with generation 160
[2016-09-20 01:14:06,316][kafka.consumer.subscription_state][INFO]Updated partition assignment: [TopicPartition(topic=u'spamtopic', partition=0)]
[2016-09-20 01:14:06,316][kafka.coordinator.consumer][INFO]Setting newly assigned partitions set([TopicPartition(topic=u'spamtopic', partition=0)]) for group kafka-python-default-group
[2016-09-20 01:14:09,325][kafka.coordinator][WARNING]Heartbeat failed for group kafka-python-default-group because it is rebalancing
[2016-09-20 01:14:09,325][kafka.coordinator][WARNING]Heartbeat failed ([Error 27] RebalanceInProgressError: ); retrying
[2016-09-20 01:14:09,426][kafka.coordinator][INFO]Skipping heartbeat: no auto-assignment or waiting on rebalance
[2016-09-20 01:14:09,828][kafka.coordinator.consumer][INFO]Revoking previously assigned partitions set([TopicPartition(topic=u'spamtopic', partition=0)]) for group kafka-python-default-group
[2016-09-20 01:14:09,828][kafka.coordinator][INFO](Re-)joining group kafka-python-default-group
[2016-09-20 01:14:09,830][kafka.coordinator][INFO]Joined group 'kafka-python-default-group' (generation 161) with member_id kafka-python-1.3.1-1d6fd4a9-c160-485f-aa8f-c5951daaf0a6
[2016-09-20 01:14:09,832][kafka.coordinator][INFO]Successfully joined group kafka-python-default-group with generation 161
[2016-09-20 01:14:09,833][kafka.consumer.subscription_state][INFO]Updated partition assignment: [TopicPartition(topic=u'spamtopic', partition=0)]
[2016-09-20 01:14:09,833][kafka.coordinator.consumer][INFO]Setting newly assigned partitions set([TopicPartition(topic=u'spamtopic', partition=0)]) for group kafka-python-default-group
[2016-09-20 01:14:12,842][kafka.coordinator][WARNING]Heartbeat failed for group kafka-python-default-group because it is rebalancing
[2016-09-20 01:14:12,842][kafka.coordinator][WARNING]Heartbeat failed ([Error 27] RebalanceInProgressError: ); retrying
[2016-09-20 01:14:12,944][kafka.coordinator][INFO]Skipping heartbeat: no auto-assignment or waiting on rebalance
[2016-09-20 01:14:13,345][kafka.coordinator.consumer][INFO]Revoking previously assigned partitions set([TopicPartition(topic=u'spamtopic', partition=0)]) for group kafka-python-default-group
[2016-09-20 01:14:13,345][kafka.coordinator][INFO](Re-)joining group kafka-python-default-group
[2016-09-20 01:14:13,347][kafka.coordinator][INFO]Joined group 'kafka-python-default-group' (generation 162) with member_id kafka-python-1.3.1-1d6fd4a9-c160-485f-aa8f-c5951daaf0a6
[2016-09-20 01:14:13,349][kafka.coordinator][INFO]Successfully joined group kafka-python-default-group with generation 162
[2016-09-20 01:14:13,350][kafka.consumer.subscription_state][INFO]Updated partition assignment: [TopicPartition(topic=u'spamtopic', partition=0)]
[2016-09-20 01:14:13,350][kafka.coordinator.consumer][INFO]Setting newly assigned partitions set([TopicPartition(topic=u'spamtopic', partition=0)]) for group kafka-python-default-group
[2016-09-20 01:14:16,364][kafka.coordinator][WARNING]Heartbeat failed for group kafka-python-default-group because it is rebalancing
[2016-09-20 01:14:16,364][kafka.coordinator][WARNING]Heartbeat failed ([Error 27] RebalanceInProgressError: ); retrying
[2016-09-20 01:14:16,465][kafka.coordinator][INFO]Skipping heartbeat: no auto-assignment or waiting on rebalance
[2016-09-20 01:14:16,866][kafka.coordinator.consumer][INFO]Revoking previously assigned partitions set([TopicPartition(topic=u'spamtopic', partition=0)]) for group kafka-python-default-group
[2016-09-20 01:14:16,867][kafka.coordinator][INFO](Re-)joining group kafka-python-default-group
[2016-09-20 01:14:16,868][kafka.coordinator][INFO]Joined group 'kafka-python-default-group' (generation 163) with member_id kafka-python-1.3.1-1d6fd4a9-c160-485f-aa8f-c5951daaf0a6
[2016-09-20 01:14:16,870][kafka.coordinator][INFO]Successfully joined group kafka-python-default-group with generation 163
[2016-09-20 01:14:16,870][kafka.consumer.subscription_state][INFO]Updated partition assignment: [TopicPartition(topic=u'spamtopic', partition=0)]
[2016-09-20 01:14:16,871][kafka.coordinator.consumer][INFO]Setting newly assigned partitions set([TopicPartition(topic=u'spamtopic', partition=0)]) for group kafka-python-default-group
[2016-09-20 01:14:19,882][kafka.coordinator][WARNING]Heartbeat failed for group kafka-python-default-group because it is rebalancing
[2016-09-20 01:14:19,882][kafka.coordinator][WARNING]Heartbeat failed ([Error 27] RebalanceInProgressError: ); retrying
[2016-09-20 01:14:19,983][kafka.coordinator][INFO]Skipping heartbeat: no auto-assignment or waiting on rebalance
[2016-09-20 01:14:20,383][kafka.coordinator.consumer][INFO]Revoking previously assigned partitions set([TopicPartition(topic=u'spamtopic', partition=0)]) for group kafka-python-default-group
[2016-09-20 01:14:20,384][kafka.coordinator][INFO](Re-)joining group kafka-python-default-group
[2016-09-20 01:14:20,385][kafka.coordinator][INFO]Joined group 'kafka-python-default-group' (generation 164) with member_id kafka-python-1.3.1-1d6fd4a9-c160-485f-aa8f-c5951daaf0a6
[2016-09-20 01:14:20,388][kafka.coordinator][INFO]Successfully joined group kafka-python-default-group with generation 164
[2016-09-20 01:14:20,388][kafka.consumer.subscription_state][INFO]Updated partition assignment: [TopicPartition(topic=u'spamtopic', partition=0)]
[2016-09-20 01:14:20,388][kafka.coordinator.consumer][INFO]Setting newly assigned partitions set([TopicPartition(topic=u'spamtopic', partition=0)]) for group kafka-python-default-group
[2016-09-20 01:14:23,400][kafka.coordinator][WARNING]Heartbeat failed for group kafka-python-default-group because it is rebalancing
[2016-09-20 01:14:23,400][kafka.coordinator][WARNING]Heartbeat failed ([Error 27] RebalanceInProgressError: ); retrying
[2016-09-20 01:14:23,501][kafka.coordinator][INFO]Skipping heartbeat: no auto-assignment or waiting on rebalance
[2016-09-20 01:14:23,902][kafka.coordinator.consumer][INFO]Revoking previously assigned partitions set([TopicPartition(topic=u'spamtopic', partition=0)]) for group kafka-python-default-group
[2016-09-20 01:14:23,903][kafka.coordinator][INFO](Re-)joining group kafka-python-default-group
[2016-09-20 01:14:23,904][kafka.coordinator][INFO]Joined group 'kafka-python-default-group' (generation 165) with member_id kafka-python-1.3.1-1d6fd4a9-c160-485f-aa8f-c5951daaf0a6
[2016-09-20 01:14:23,906][kafka.coordinator][INFO]Successfully joined group kafka-python-default-group with generation 165
[2016-09-20 01:14:23,907][kafka.consumer.subscription_state][INFO]Updated partition assignment: [TopicPartition(topic=u'spamtopic', partition=0)]
[2016-09-20 01:14:23,907][kafka.coordinator.consumer][INFO]Setting newly assigned partitions set([TopicPartition(topic=u'spamtopic', partition=0)]) for group kafka-python-default-group
[2016-09-20 01:14:26,917][kafka.coordinator][WARNING]Heartbeat failed for group kafka-python-default-group because it is rebalancing
[2016-09-20 01:14:26,917][kafka.coordinator][WARNING]Heartbeat failed ([Error 27] RebalanceInProgressError: ); retrying
[2016-09-20 01:14:27,018][kafka.coordinator][INFO]Skipping heartbeat: no auto-assignment or waiting on rebalance
[2016-09-20 01:14:27,420][kafka.coordinator.consumer][INFO]Revoking previously assigned partitions set([TopicPartition(topic=u'spamtopic', partition=0)]) for group kafka-python-default-group
[2016-09-20 01:14:27,420][kafka.coordinator][INFO](Re-)joining group kafka-python-default-group
[2016-09-20 01:14:27,422][kafka.coordinator][INFO]Joined group 'kafka-python-default-group' (generation 166) with member_id kafka-python-1.3.1-1d6fd4a9-c160-485f-aa8f-c5951daaf0a6
[2016-09-20 01:14:27,424][kafka.coordinator][INFO]Successfully joined group kafka-python-default-group with generation 166
[2016-09-20 01:14:27,424][kafka.consumer.subscription_state][INFO]Updated partition assignment: [TopicPartition(topic=u'spamtopic', partition=0)]
[2016-09-20 01:14:27,424][kafka.coordinator.consumer][INFO]Setting newly assigned partitions set([TopicPartition(topic=u'spamtopic', partition=0)]) for group kafka-python-default-group
[2016-09-20 01:14:30,437][kafka.coordinator][WARNING]Heartbeat failed for group kafka-python-default-group because it is rebalancing
[2016-09-20 01:14:30,437][kafka.coordinator][WARNING]Heartbeat failed ([Error 27] RebalanceInProgressError: ); retrying
[2016-09-20 01:14:30,538][kafka.coordinator][INFO]Skipping heartbeat: no auto-assignment or waiting on rebalance
[2016-09-20 01:14:30,940][kafka.coordinator.consumer][INFO]Revoking previously assigned partitions set([TopicPartition(topic=u'spamtopic', partition=0)]) for group kafka-python-default-group
[2016-09-20 01:14:30,940][kafka.coordinator][INFO](Re-)joining group kafka-python-default-group
[2016-09-20 01:14:30,942][kafka.coordinator][INFO]Joined group 'kafka-python-default-group' (generation 167) with member_id kafka-python-1.3.1-1d6fd4a9-c160-485f-aa8f-c5951daaf0a6
[2016-09-20 01:14:30,946][kafka.coordinator][INFO]Successfully joined group kafka-python-default-group with generation 167
[2016-09-20 01:14:30,947][kafka.consumer.subscription_state][INFO]Updated partition assignment: [TopicPartition(topic=u'spamtopic', partition=0)]
[2016-09-20 01:14:30,947][kafka.coordinator.consumer][INFO]Setting newly assigned partitions set([TopicPartition(topic=u'spamtopic', partition=0)]) for group kafka-python-default-group
[2016-09-20 01:14:33,957][kafka.coordinator][WARNING]Heartbeat failed for group kafka-python-default-group because it is rebalancing
[2016-09-20 01:14:33,958][kafka.coordinator][WARNING]Heartbeat failed ([Error 27] RebalanceInProgressError: ); retrying
[2016-09-20 01:14:34,059][kafka.coordinator][INFO]Skipping heartbeat: no auto-assignment or waiting on rebalance
[2016-09-20 01:14:34,459][kafka.coordinator.consumer][INFO]Revoking previously assigned partitions set([TopicPartition(topic=u'spamtopic', partition=0)]) for group kafka-python-default-group
[2016-09-20 01:14:34,459][kafka.coordinator][INFO](Re-)joining group kafka-python-default-group
[2016-09-20 01:14:34,461][kafka.coordinator][INFO]Joined group 'kafka-python-default-group' (generation 168) with member_id kafka-python-1.3.1-1d6fd4a9-c160-485f-aa8f-c5951daaf0a6
[2016-09-20 01:14:34,465][kafka.coordinator][INFO]Successfully joined group kafka-python-default-group with generation 168
[2016-09-20 01:14:34,465][kafka.consumer.subscription_state][INFO]Updated partition assignment: [TopicPartition(topic=u'spamtopic', partition=0)]
[2016-09-20 01:14:34,465][kafka.coordinator.consumer][INFO]Setting newly assigned partitions set([TopicPartition(topic=u'spamtopic', partition=0)]) for group kafka-python-default-group
[2016-09-20 01:14:37,476][kafka.coordinator][WARNING]Heartbeat failed for group kafka-python-default-group because it is rebalancing
[2016-09-20 01:14:37,476][kafka.coordinator][WARNING]Heartbeat failed ([Error 27] RebalanceInProgressError: ); retrying
[2016-09-20 01:14:37,577][kafka.coordinator][INFO]Skipping heartbeat: no auto-assignment or waiting on rebalance
[2016-09-20 01:14:37,978][kafka.coordinator.consumer][INFO]Revoking previously assigned partitions set([TopicPartition(topic=u'spamtopic', partition=0)]) for group kafka-python-default-group
[2016-09-20 01:14:37,978][kafka.coordinator][INFO](Re-)joining group kafka-python-default-group
[2016-09-20 01:14:37,979][kafka.coordinator][INFO]Joined group 'kafka-python-default-group' (generation 169) with member_id kafka-python-1.3.1-1d6fd4a9-c160-485f-aa8f-c5951daaf0a6
[2016-09-20 01:14:37,982][kafka.coordinator][INFO]Successfully joined group kafka-python-default-group with generation 169
[2016-09-20 01:14:37,982][kafka.consumer.subscription_state][INFO]Updated partition assignment: [TopicPartition(topic=u'spamtopic', partition=0)]
[2016-09-20 01:14:37,982][kafka.coordinator.consumer][INFO]Setting newly assigned partitions set([TopicPartition(topic=u'spamtopic', partition=0)]) for group kafka-python-default-group
[2016-09-20 01:14:40,993][kafka.coordinator][WARNING]Heartbeat failed for group kafka-python-default-group because it is rebalancing
[2016-09-20 01:14:40,993][kafka.coordinator][WARNING]Heartbeat failed ([Error 27] RebalanceInProgressError: ); retrying
[2016-09-20 01:14:41,094][kafka.coordinator][INFO]Skipping heartbeat: no auto-assignment or waiting on rebalance
[2016-09-20 01:14:41,496][kafka.coordinator.consumer][INFO]Revoking previously assigned partitions set([TopicPartition(topic=u'spamtopic', partition=0)]) for group kafka-python-default-group
[2016-09-20 01:14:41,496][kafka.coordinator][INFO](Re-)joining group kafka-python-default-group
[2016-09-20 01:14:41,498][kafka.coordinator][INFO]Joined group 'kafka-python-default-group' (generation 170) with member_id kafka-python-1.3.1-1d6fd4a9-c160-485f-aa8f-c5951daaf0a6
[2016-09-20 01:14:41,500][kafka.coordinator][INFO]Successfully joined group kafka-python-default-group with generation 170
[2016-09-20 01:14:41,500][kafka.consumer.subscription_state][INFO]Updated partition assignment: [TopicPartition(topic=u'spamtopic', partition=0)]
[2016-09-20 01:14:41,501][kafka.coordinator.consumer][INFO]Setting newly assigned partitions set([TopicPartition(topic=u'spamtopic', partition=0)]) for group kafka-python-default-group
[2016-09-20 01:14:44,512][kafka.coordinator][WARNING]Heartbeat failed for group kafka-python-default-group because it is rebalancing
[2016-09-20 01:14:44,512][kafka.coordinator][WARNING]Heartbeat failed ([Error 27] RebalanceInProgressError: ); retrying
[2016-09-20 01:14:44,613][kafka.coordinator][INFO]Skipping heartbeat: no auto-assignment or waiting on rebalance
[2016-09-20 01:14:45,015][kafka.coordinator.consumer][INFO]Revoking previously assigned partitions set([TopicPartition(topic=u'spamtopic', partition=0)]) for group kafka-python-default-group
[2016-09-20 01:14:45,015][kafka.coordinator][INFO](Re-)joining group kafka-python-default-group
[2016-09-20 01:14:45,018][kafka.coordinator][INFO]Joined group 'kafka-python-default-group' (generation 171) with member_id kafka-python-1.3.1-1d6fd4a9-c160-485f-aa8f-c5951daaf0a6
[2016-09-20 01:14:45,024][kafka.coordinator][INFO]Successfully joined group kafka-python-default-group with generation 171
[2016-09-20 01:14:45,024][kafka.consumer.subscription_state][INFO]Updated partition assignment: [TopicPartition(topic=u'spamtopic', partition=0)]
[2016-09-20 01:14:45,024][kafka.coordinator.consumer][INFO]Setting newly assigned partitions set([TopicPartition(topic=u'spamtopic', partition=0)]) for group kafka-python-default-group
[2016-09-20 01:14:48,034][kafka.coordinator][WARNING]Heartbeat failed for group kafka-python-default-group because it is rebalancing
[2016-09-20 01:14:48,034][kafka.coordinator][WARNING]Heartbeat failed ([Error 27] RebalanceInProgressError: ); retrying
[2016-09-20 01:14:48,135][kafka.coordinator][INFO]Skipping heartbeat: no auto-assignment or waiting on rebalance
[2016-09-20 01:14:48,537][kafka.coordinator.consumer][INFO]Revoking previously assigned partitions set([TopicPartition(topic=u'spamtopic', partition=0)]) for group kafka-python-default-group
[2016-09-20 01:14:48,537][kafka.coordinator][INFO](Re-)joining group kafka-python-default-group
[2016-09-20 01:14:48,538][kafka.coordinator][INFO]Joined group 'kafka-python-default-group' (generation 172) with member_id kafka-python-1.3.1-1d6fd4a9-c160-485f-aa8f-c5951daaf0a6
[2016-09-20 01:14:48,541][kafka.coordinator][INFO]Successfully joined group kafka-python-default-group with generation 172
[2016-09-20 01:14:48,541][kafka.consumer.subscription_state][INFO]Updated partition assignment: [TopicPartition(topic=u'spamtopic', partition=0)]
[2016-09-20 01:14:48,541][kafka.coordinator.consumer][INFO]Setting newly assigned partitions set([TopicPartition(topic=u'spamtopic', partition=0)]) for group kafka-python-default-group
[2016-09-20 01:14:51,551][kafka.coordinator][WARNING]Heartbeat failed for group kafka-python-default-group because it is rebalancing
[2016-09-20 01:14:51,551][kafka.coordinator][WARNING]Heartbeat failed ([Error 27] RebalanceInProgressError: ); retrying
[2016-09-20 01:14:51,652][kafka.coordinator][INFO]Skipping heartbeat: no auto-assignment or waiting on rebalance
[2016-09-20 01:14:52,054][kafka.coordinator.consumer][INFO]Revoking previously assigned partitions set([TopicPartition(topic=u'spamtopic', partition=0)]) for group kafka-python-default-group
[2016-09-20 01:14:52,054][kafka.coordinator][INFO](Re-)joining group kafka-python-default-group
[2016-09-20 01:14:52,055][kafka.coordinator][INFO]Joined group 'kafka-python-default-group' (generation 173) with member_id kafka-python-1.3.1-1d6fd4a9-c160-485f-aa8f-c5951daaf0a6
[2016-09-20 01:14:52,058][kafka.coordinator][INFO]Successfully joined group kafka-python-default-group with generation 173
[2016-09-20 01:14:52,058][kafka.consumer.subscription_state][INFO]Updated partition assignment: [TopicPartition(topic=u'spamtopic', partition=0)]
[2016-09-20 01:14:52,059][kafka.coordinator.consumer][INFO]Setting newly assigned partitions set([TopicPartition(topic=u'spamtopic', partition=0)]) for group kafka-python-default-group
[2016-09-20 01:14:55,070][kafka.coordinator][WARNING]Heartbeat failed for group kafka-python-default-group because it is rebalancing
[2016-09-20 01:14:55,070][kafka.coordinator][WARNING]Heartbeat failed ([Error 27] RebalanceInProgressError: ); retrying
[2016-09-20 01:14:55,171][kafka.coordinator][INFO]Skipping heartbeat: no auto-assignment or waiting on rebalance
[2016-09-20 01:14:55,571][kafka.coordinator.consumer][INFO]Revoking previously assigned partitions set([TopicPartition(topic=u'spamtopic', partition=0)]) for group kafka-python-default-group
[2016-09-20 01:14:55,571][kafka.coordinator][INFO](Re-)joining group kafka-python-default-group
[2016-09-20 01:14:55,573][kafka.coordinator][INFO]Joined group 'kafka-python-default-group' (generation 174) with member_id kafka-python-1.3.1-1d6fd4a9-c160-485f-aa8f-c5951daaf0a6
[2016-09-20 01:14:55,575][kafka.coordinator][INFO]Successfully joined group kafka-python-default-group with generation 174
[2016-09-20 01:14:55,576][kafka.consumer.subscription_state][INFO]Updated partition assignment: [TopicPartition(topic=u'spamtopic', partition=0)]
[2016-09-20 01:14:55,576][kafka.coordinator.consumer][INFO]Setting newly assigned partitions set([TopicPartition(topic=u'spamtopic', partition=0)]) for group kafka-python-default-group
[2016-09-20 01:14:58,587][kafka.coordinator][WARNING]Heartbeat failed for group kafka-python-default-group because it is rebalancing
[2016-09-20 01:14:58,587][kafka.coordinator][WARNING]Heartbeat failed ([Error 27] RebalanceInProgressError: ); retrying
[2016-09-20 01:14:58,688][kafka.coordinator][INFO]Skipping heartbeat: no auto-assignment or waiting on rebalance
[2016-09-20 01:14:59,088][kafka.coordinator.consumer][INFO]Revoking previously assigned partitions set([TopicPartition(topic=u'spamtopic', partition=0)]) for group kafka-python-default-group
[2016-09-20 01:14:59,088][kafka.coordinator][INFO](Re-)joining group kafka-python-default-group
[2016-09-20 01:14:59,090][kafka.coordinator][INFO]Joined group 'kafka-python-default-group' (generation 175) with member_id kafka-python-1.3.1-1d6fd4a9-c160-485f-aa8f-c5951daaf0a6
[2016-09-20 01:14:59,092][kafka.coordinator][INFO]Successfully joined group kafka-python-default-group with generation 175
[2016-09-20 01:14:59,093][kafka.consumer.subscription_state][INFO]Updated partition assignment: [TopicPartition(topic=u'spamtopic', partition=0)]
[2016-09-20 01:14:59,093][kafka.coordinator.consumer][INFO]Setting newly assigned partitions set([TopicPartition(topic=u'spamtopic', partition=0)]) for group kafka-python-default-group
[2016-09-20 01:15:02,103][kafka.coordinator][WARNING]Heartbeat failed for group kafka-python-default-group because it is rebalancing
[2016-09-20 01:15:02,103][kafka.coordinator][WARNING]Heartbeat failed ([Error 27] RebalanceInProgressError: ); retrying
[2016-09-20 01:15:02,204][kafka.coordinator][INFO]Skipping heartbeat: no auto-assignment or waiting on rebalance
[2016-09-20 01:15:02,606][kafka.coordinator.consumer][INFO]Revoking previously assigned partitions set([TopicPartition(topic=u'spamtopic', partition=0)]) for group kafka-python-default-group
[2016-09-20 01:15:02,606][kafka.coordinator][INFO](Re-)joining group kafka-python-default-group
[2016-09-20 01:15:02,607][kafka.coordinator][INFO]Joined group 'kafka-python-default-group' (generation 176) with member_id kafka-python-1.3.1-1d6fd4a9-c160-485f-aa8f-c5951daaf0a6
[2016-09-20 01:15:02,610][kafka.coordinator][INFO]Successfully joined group kafka-python-default-group with generation 176
[2016-09-20 01:15:02,610][kafka.consumer.subscription_state][INFO]Updated partition assignment: [TopicPartition(topic=u'spamtopic', partition=0)]
[2016-09-20 01:15:02,610][kafka.coordinator.consumer][INFO]Setting newly assigned partitions set([TopicPartition(topic=u'spamtopic', partition=0)]) for group kafka-python-default-group
[2016-09-20 01:15:05,622][kafka.coordinator][WARNING]Heartbeat failed for group kafka-python-default-group because it is rebalancing
[2016-09-20 01:15:05,622][kafka.coordinator][WARNING]Heartbeat failed ([Error 27] RebalanceInProgressError: ); retrying
[2016-09-20 01:15:05,723][kafka.coordinator][INFO]Skipping heartbeat: no auto-assignment or waiting on rebalance
[2016-09-20 01:15:06,123][kafka.coordinator.consumer][INFO]Revoking previously assigned partitions set([TopicPartition(topic=u'spamtopic', partition=0)]) for group kafka-python-default-group
[2016-09-20 01:15:06,123][kafka.coordinator][INFO](Re-)joining group kafka-python-default-group
[2016-09-20 01:15:06,126][kafka.coordinator][INFO]Joined group 'kafka-python-default-group' (generation 177) with member_id kafka-python-1.3.1-1d6fd4a9-c160-485f-aa8f-c5951daaf0a6
[2016-09-20 01:15:06,128][kafka.coordinator][INFO]Successfully joined group kafka-python-default-group with generation 177
[2016-09-20 01:15:06,128][kafka.consumer.subscription_state][INFO]Updated partition assignment: [TopicPartition(topic=u'spamtopic', partition=0)]
[2016-09-20 01:15:06,128][kafka.coordinator.consumer][INFO]Setting newly assigned partitions set([TopicPartition(topic=u'spamtopic', partition=0)]) for group kafka-python-default-group
