Beginning task setup

/usr/bin/flock
Using existing venv: /tmp/petrel-spam-5-1473800596/venv
Task setup took 0 seconds
Launching: python -m petrel.run kafkaconsumer /home/pipe/topology/TopologyTweetTransformationSPAM/petrel4762_kafkaconsumer.log
/usr/local/lib/python2.7/dist-packages/petrel-1.0.1.0.3-py2.7.egg/petrel/run.py invoked with the following arguments: ['kafkaconsumer', '/home/pipe/topology/TopologyTweetTransformationSPAM/petrel4762_kafkaconsumer.log']
python version: 2.7.12
user=root
PATH=/tmp/petrel-spam-5-1473800596/venv/bin:/usr/local/sbin:/usr/local/bin:/usr/sbin:/usr/bin:/sbin:/bin:/snap/bin
LD_LIBRARY_PATH=/home/apache-storm-1.0.1/data/supervisor/stormdist/spam-5-1473800596/resources/Linux-amd64:/home/apache-storm-1.0.1/data/supervisor/stormdist/spam-5-1473800596/resources:/usr/local/lib:/opt/local/lib:/usr/lib
PYTHON_EGG_CACHE=/tmp/petrel-spam-5-1473800596/egg_cache
[2016-09-13 22:55:41,988][storm][INFO]Tuple profiling enabled. Will log tuple processing times.
[2016-09-13 22:55:42,213][storm][INFO]Task received setupInfo from Storm: {'pidDir': '/home/apache-storm-1.0.1/data/workers/3c55e11d-dc7e-469a-b7ef-1f4107d57288/pids', 'conf': {'storm.group.mapping.service.params': None, 'topology.tuple.serializer': 'org.apache.storm.serialization.types.ListDelegateSerializer', 'topology.workers': 1, 'drpc.worker.threads': 64, 'ui.filter.params': None, 'transactional.zookeeper.root': '/transactional', 'logviewer.cleanup.age.mins': 10080, 'worker.profiler.command': 'flight.bash', 'topology.executor.send.buffer.size': 1024, 'nimbus.file.copy.expiration.secs': 600, 'oauth.acess_token': ' 702208758362087425-HZiyl1x7Bh98cQa1WLBDYylyu10Bpl7', 'drpc.childopts': '-Xmx768m', 'nimbus.thrift.port': 6627, 'topology.disruptor.wait.timeout.millis': 1000, 'storm.zookeeper.retry.intervalceiling.millis': 30000, 'storm.local.dir': '/home/apache-storm-1.0.1/data', 'storm.auth.simple-acl.users': [], 'drpc.invocations.threads': 64, 'storm.zookeeper.superACL': None, 'storm.cluster.state.store': 'org.apache.storm.cluster_state.zookeeper_state_factory', 'storm.codedistributor.class': 'org.apache.storm.codedistributor.LocalFileSystemCodeDistributor', 'drpc.https.keystore.password': '', 'supervisor.blobstore.download.max_retries': 3, 'pacemaker.kerberos.users': [], 'storm.messaging.netty.client_worker_threads': 1, 'oauth.consumer_secret': 'ADf76fi3O1lKMzBxWnjqf93l3GHv28uar3bkblkvyBrAyoA23i', 'topology.component.resources.offheap.memory.mb': 0.0, 'supervisor.heartbeat.frequency.secs': 5, 'storm.group.mapping.service.cache.duration.secs': 120, 'storm.group.mapping.service': 'org.apache.storm.security.auth.ShellBasedGroupsMapping', 'storm.workers.artifacts.dir': 'workers-artifacts', 'drpc.request.timeout.secs': 600, 'pacemaker.childopts': '-Xmx1024m', 'nimbus.seeds': ['localhost'], 'topology.shellbolt.max.pending': 100, 'topology.min.replication.count': 1, 'topology.skip.missing.kryo.registrations': False, 'worker.heartbeat.frequency.secs': 1, 'storm.auth.simple-acl.users.commands': [], 'storm.zookepeer.port': 2181, 'zmq.hwm': 0, 'topology.worker.shared.thread.pool.size': 4, 'storm.zookeeper.connection.timeout': 15000, 'java.library.path': '/usr/local/lib:/opt/local/lib:/usr/lib', 'logviewer.max.sum.worker.logs.size.mb': 4096, 'task.refresh.poll.secs': 10, 'topology.max.error.report.per.interval': 5, 'topology.worker.logwriter.childopts': '-Xmx64m', 'ui.actions.enabled': True, 'storm.health.check.timeout.ms': 5000, 'topology.scheduler.strategy': 'org.apache.storm.scheduler.resource.strategies.scheduling.DefaultResourceAwareStrategy', 'ui.host': '0.0.0.0', 'storm.messaging.netty.server_worker_threads': 1, 'topology.disruptor.batch.size': 100, 'storm.id': 'spam-5-1473800596', 'supervisor.worker.start.timeout.secs': 120, 'zmq.threads': 1, 'topology.acker.executors': None, 'pacemaker.thread.timeout': 10, 'storm.local.mode.zmq': False, 'topology.eventlogger.executors': 0, 'topology.tick.tuple.freq.secs': 30, 'supervisor.memory.capacity.mb': 3072.0, 'supervisor.worker.shutdown.sleep.secs': 1, 'pacemaker.base.threads': 10, 'drpc.http.creds.plugin': 'org.apache.storm.security.auth.DefaultHttpCredentialsPlugin', 'storm.zookeeper.servers': ['localhost'], 'supervisor.localizer.cache.target.size.mb': 10240, 'storm.messaging.netty.transfer.batch.size': 262144, 'resource.aware.scheduler.eviction.strategy': 'org.apache.storm.scheduler.resource.strategies.eviction.DefaultEvictionStrategy', 'topology.environment': None, 'storm.zookeeper.port': 2181, 'storm.auth.simple-acl.admins': [], 'pacemaker.host': 'localhost', 'nimbus.childopts': '-Xmx1024m', 'storm.principal.tolocal': 'org.apache.storm.security.auth.DefaultPrincipalToLocal', 'storm.nimbus.retry.times': 5, 'topology.classpath': None, 'drpc.authorizer.acl.filename': 'drpc-auth-acl.yaml', 'topology.bolts.outgoing.overflow.buffer.enable': False, 'nimbus.credential.renewers.freq.secs': 600, 'worker.childopts': '-Xmx%HEAP-MEM%m -XX:+PrintGCDetails -Xloggc:artifacts/gc.log -XX:+PrintGCDateStamps -XX:+PrintGCTimeStamps -XX:+UseGCLogFileRotation -XX:NumberOfGCLogFiles=10 -XX:GCLogFileSize=1M -XX:+HeapDumpOnOutOfMemoryError -XX:HeapDumpPath=artifacts/heapdump', 'drpc.queue.size': 128, 'supervisor.blobstore.class': 'org.apache.storm.blobstore.NimbusBlobStore', 'topology.multilang.serializer': 'org.apache.storm.multilang.JsonSerializer', 'storm.zookeeper.retry.times': 5, 'topology.disable.loadaware': False, 'supervisor.run.worker.as.user': False, 'storm.blobstore.replication.factor': 3, 'worker.profiler.childopts': '-XX:+UnlockCommercialFeatures -XX:+FlightRecorder', 'nimbus.thrift.threads': 64, 'nimbus.monitor.freq.secs': 10, 'storm.blobstore.inputstream.buffer.size.bytes': 65536, 'dev.zookeeper.path': '/tmp/dev-storm-zookeeper', 'topology.users': [], 'storm.daemon.metrics.reporter.plugins': ['org.apache.storm.daemon.metrics.reporters.JmxPreparableReporter'], 'storm.exhibitor.poll.uripath': '/exhibitor/v1/cluster/list', 'pacemaker.max.threads': 50, 'drpc.https.keystore.type': 'JKS', 'topology.tasks': None, 'storm.zookeeper.root': '/storm', 'logviewer.childopts': '-Xmx128m', 'topology.max.replication.wait.time.sec': 60, 'worker.gc.childopts': '', 'backpressure.disruptor.low.watermark': 0.4, 'storm.meta.serialization.delegate': 'org.apache.storm.serialization.GzipThriftSerializationDelegate', 'transactional.zookeeper.port': None, 'drpc.max_buffer_size': 1048576, 'topology.worker.childopts': None, 'storm.auth.simple-white-list.users': [], 'topology.max.spout.pending': None, 'nimbus.topology.validator': 'org.apache.storm.nimbus.DefaultTopologyValidator', 'topology.kryo.register': None, 'petrel.host': 'localhost', 'client.blobstore.class': 'org.apache.storm.blobstore.NimbusBlobStore', 'nimbus.cleanup.inbox.freq.secs': 600, 'storm.nimbus.retry.intervalceiling.millis': 60000, 'storm.network.topography.plugin': 'org.apache.storm.networktopography.DefaultRackDNSToSwitchMapping', 'storm.messaging.netty.min_wait_ms': 100, 'nimbus.task.timeout.secs': 30, 'topology.disruptor.batch.timeout.millis': 1, 'topology.state.checkpoint.interval.ms': 1000, 'ui.header.buffer.bytes': 4096, 'nimbus.thrift.max_buffer_size': 1048576, 'ui.http.creds.plugin': 'org.apache.storm.security.auth.DefaultHttpCredentialsPlugin', 'topology.sleep.spout.wait.strategy.time.ms': 1, 'nimbus.blobstore.expiration.secs': 600, 'storm.cluster.mode': 'distributed', 'storm.messaging.netty.socket.backlog': 500, 'worker.profiler.enabled': False, 'nimbus.queue.size': 100000, 'logviewer.appender.name': 'A1', 'drpc.authorizer.acl.strict': False, 'ui.port': 8080, 'supervisor.slots.ports': [6700, 6701, 6702, 6703], 'worker.log.level.reset.poll.secs': 30, 'storm.nimbus.retry.interval.millis': 2000, 'drpc.invocations.port': 3773, 'supervisor.monitor.frequency.secs': 3, 'ui.childopts': '-Xmx768m', 'transactional.zookeeper.servers': None, 'storm.log4j2.conf.dir': 'log4j2', 'supervisor.supervisors': [], 'zmq.linger.millis': 5000, 'topology.error.throttle.interval.secs': 10, 'storm.health.check.dir': 'healthchecks', 'topology.executor.receive.buffer.size': 1024, 'nimbus.impersonation.authorizer': 'org.apache.storm.security.auth.authorizer.ImpersonationAuthorizer', 'topology.submitter.principal': '', 'topology.worker.max.heap.size.mb': 768.0, 'topology.spout.wait.strategy': 'org.apache.storm.spout.SleepSpoutWaitStrategy', 'task.heartbeat.frequency.secs': 3, 'topology.transfer.buffer.size': 1024, 'storm.zookeeper.session.timeout': 20000, 'topology.testing.always.try.serialize': False, 'nimbus.blobstore.class': 'org.apache.storm.blobstore.LocalFsBlobStore', 'topology.stats.sample.rate': 0.05, 'topology.fall.back.on.java.serialization': True, 'storm.exhibitor.port': 8080, 'storm.zookeeper.auth.password': None, 'supervisor.childopts': '-Xmx256m', 'topology.backpressure.enable': True, 'pacemaker.port': 6699, 'topology.enable.message.timeouts': True, 'nimbus.code.sync.freq.secs': 120, 'backpressure.disruptor.high.watermark': 0.9, 'storm.messaging.netty.max_wait_ms': 1000, 'topology.worker.receiver.thread.count': 1, 'topology.component.resources.onheap.memory.mb': 128.0, 'resource.aware.scheduler.priority.strategy': 'org.apache.storm.scheduler.resource.strategies.priority.DefaultSchedulingPriorityStrategy', 'nimbus.supervisor.timeout.secs': 60, 'pacemaker.auth.method': 'NONE', 'drpc.https.port': -1, 'nimbus.inbox.jar.expiration.secs': 3600, 'scheduler.display.resource': False, 'topology.kryo.factory': 'org.apache.storm.serialization.DefaultKryoFactory', 'storm.zookeeper.retry.interval': 1000, 'supervisor.supervisors.commands': [], 'supervisor.localizer.cleanup.interval.ms': 600000, 'storm.messaging.netty.max_retries': 300, 'task.credentials.poll.secs': 30, 'drpc.http.port': 3774, 'storm.messaging.transport': 'org.apache.storm.messaging.netty.Context', 'supervisor.enable': True, 'nimbus.task.launch.secs': 120, 'supervisor.blobstore.download.thread.count': 5, 'topology.message.timeout.secs': 30, 'oauth.acess_token_secret': 'IiNOTfgE3tEZvW2HDQhRKPMoOLU43NXJCXk8maj51SdAT', 'storm.messaging.netty.authentication': False, 'petrel.user': 'pipe', 'drpc.port': 3772, 'storm.messaging.netty.buffer_size': 5242880, 'topology.state.synchronization.timeout.secs': 60, 'worker.heap.memory.mb': 768, 'topology.name': 'spam', 'topology.priority': 29, 'supervisor.worker.timeout.secs': 30, 'ui.filter': None, 'topology.trident.batch.emit.interval.millis': 500, 'topology.max.task.parallelism': None, 'supervisor.cpu.capacity': 400.0, 'topology.submitter.user': 'root', 'logviewer.max.per.worker.logs.size.mb': 2048, 'nimbus.host': 'localhost', 'topology.builtin.metrics.bucket.size.secs': 60, 'topology.component.cpu.pcore.percent': 10.0, 'ui.users': None, 'storm.thrift.transport': 'org.apache.storm.security.auth.SimpleTransportPlugin', 'logs.users': None, 'logviewer.port': 8000, 'oauth.consumer_key': 'eaFmBSxUveRJfmyZYeabti9Q9', 'topology.kryo.decorators': [], 'topology.debug': False, 'storm.zookeeper.auth.user': None}, 'context': {'task->component': {'11': '__acker', '10': 'WordDivider', '1': 'CountThreeWords', '3': 'CountTwoWords', '2': 'CountThreeWords', '5': 'CountWord', '4': 'CountTwoWords', '7': 'KafkaConsumer', '6': 'CountWord', '9': 'TwoWordDivider', '8': 'ThreeWordDivider'}, 'stream->target->grouping': {'default': {'WordDivider': {'type': 'SHUFFLE'}, 'ThreeWordDivider': {'type': 'SHUFFLE'}, 'TwoWordDivider': {'type': 'SHUFFLE'}}}, 'source->stream->fields': {}, 'streams': ['default'], 'stream->outputfields': {'default': ['sentence', 'user']}, 'taskid': 7, 'source->stream->grouping': {}, 'componentid': 'KafkaConsumer'}}
[2016-09-13 22:55:42,219][storm][INFO]Task sent pid to Storm
[2016-09-13 22:55:42,326][kafka.conn][INFO]Broker version identifed as 0.10
[2016-09-13 22:55:42,326][kafka.conn][INFO]Set configuration api_version=(0, 10) to skip auto check_version requests on startup
[2016-09-13 22:55:42,328][kafka.consumer.subscription_state][INFO]Updating subscribed topics to: ['spamtopic']
[2016-09-13 22:55:42,329][kafka.cluster][INFO]Group coordinator for kafka-python-default-group is BrokerMetadata(nodeId=0, host=u'localhost', port=9092, rack=None)
[2016-09-13 22:55:42,329][kafka.coordinator][INFO]Discovered coordinator 0 for group kafka-python-default-group
[2016-09-13 22:55:42,329][kafka.coordinator.consumer][INFO]Revoking previously assigned partitions set([]) for group kafka-python-default-group
[2016-09-13 22:55:42,329][kafka.coordinator][INFO](Re-)joining group kafka-python-default-group
[2016-09-13 22:56:04,953][kafka.coordinator][INFO]Joined group 'kafka-python-default-group' (generation 101) with member_id kafka-python-1.3.1-2f8f457a-30ff-46f4-9800-e5036f7ea69c
[2016-09-13 22:56:04,958][kafka.coordinator][INFO]Successfully joined group kafka-python-default-group with generation 101
[2016-09-13 22:56:04,958][kafka.consumer.subscription_state][INFO]Updated partition assignment: [TopicPartition(topic=u'spamtopic', partition=0)]
[2016-09-13 22:56:04,958][kafka.coordinator.consumer][INFO]Setting newly assigned partitions set([TopicPartition(topic=u'spamtopic', partition=0)]) for group kafka-python-default-group
[2016-09-13 22:56:07,968][kafka.coordinator][WARNING]Heartbeat failed for group kafka-python-default-group because it is rebalancing
[2016-09-13 22:56:07,968][kafka.coordinator][WARNING]Heartbeat failed ([Error 27] RebalanceInProgressError: ); retrying
[2016-09-13 22:56:08,069][kafka.coordinator][INFO]Skipping heartbeat: no auto-assignment or waiting on rebalance
[2016-09-13 22:56:08,470][kafka.coordinator.consumer][INFO]Revoking previously assigned partitions set([TopicPartition(topic=u'spamtopic', partition=0)]) for group kafka-python-default-group
[2016-09-13 22:56:08,471][kafka.coordinator][INFO](Re-)joining group kafka-python-default-group
[2016-09-13 22:56:08,472][kafka.coordinator][INFO]Joined group 'kafka-python-default-group' (generation 102) with member_id kafka-python-1.3.1-2f8f457a-30ff-46f4-9800-e5036f7ea69c
[2016-09-13 22:56:08,475][kafka.coordinator][INFO]Successfully joined group kafka-python-default-group with generation 102
[2016-09-13 22:56:08,475][kafka.consumer.subscription_state][INFO]Updated partition assignment: [TopicPartition(topic=u'spamtopic', partition=0)]
[2016-09-13 22:56:08,475][kafka.coordinator.consumer][INFO]Setting newly assigned partitions set([TopicPartition(topic=u'spamtopic', partition=0)]) for group kafka-python-default-group
[2016-09-13 22:56:11,486][kafka.coordinator][WARNING]Heartbeat failed for group kafka-python-default-group because it is rebalancing
[2016-09-13 22:56:11,486][kafka.coordinator][WARNING]Heartbeat failed ([Error 27] RebalanceInProgressError: ); retrying
[2016-09-13 22:56:11,587][kafka.coordinator][INFO]Skipping heartbeat: no auto-assignment or waiting on rebalance
[2016-09-13 22:56:11,987][kafka.coordinator.consumer][INFO]Revoking previously assigned partitions set([TopicPartition(topic=u'spamtopic', partition=0)]) for group kafka-python-default-group
[2016-09-13 22:56:11,987][kafka.coordinator][INFO](Re-)joining group kafka-python-default-group
[2016-09-13 22:56:11,989][kafka.coordinator][INFO]Joined group 'kafka-python-default-group' (generation 103) with member_id kafka-python-1.3.1-2f8f457a-30ff-46f4-9800-e5036f7ea69c
[2016-09-13 22:56:11,991][kafka.coordinator][INFO]Successfully joined group kafka-python-default-group with generation 103
[2016-09-13 22:56:11,992][kafka.consumer.subscription_state][INFO]Updated partition assignment: [TopicPartition(topic=u'spamtopic', partition=0)]
[2016-09-13 22:56:11,992][kafka.coordinator.consumer][INFO]Setting newly assigned partitions set([TopicPartition(topic=u'spamtopic', partition=0)]) for group kafka-python-default-group
[2016-09-13 22:56:15,005][kafka.coordinator][WARNING]Heartbeat failed for group kafka-python-default-group because it is rebalancing
[2016-09-13 22:56:15,005][kafka.coordinator][WARNING]Heartbeat failed ([Error 27] RebalanceInProgressError: ); retrying
[2016-09-13 22:56:15,106][kafka.coordinator][INFO]Skipping heartbeat: no auto-assignment or waiting on rebalance
[2016-09-13 22:56:15,506][kafka.coordinator.consumer][INFO]Revoking previously assigned partitions set([TopicPartition(topic=u'spamtopic', partition=0)]) for group kafka-python-default-group
[2016-09-13 22:56:15,506][kafka.coordinator][INFO](Re-)joining group kafka-python-default-group
[2016-09-13 22:56:15,508][kafka.coordinator][INFO]Joined group 'kafka-python-default-group' (generation 104) with member_id kafka-python-1.3.1-2f8f457a-30ff-46f4-9800-e5036f7ea69c
[2016-09-13 22:56:15,510][kafka.coordinator][INFO]Successfully joined group kafka-python-default-group with generation 104
[2016-09-13 22:56:15,511][kafka.consumer.subscription_state][INFO]Updated partition assignment: [TopicPartition(topic=u'spamtopic', partition=0)]
[2016-09-13 22:56:15,511][kafka.coordinator.consumer][INFO]Setting newly assigned partitions set([TopicPartition(topic=u'spamtopic', partition=0)]) for group kafka-python-default-group
[2016-09-13 22:56:18,521][kafka.coordinator][WARNING]Heartbeat failed for group kafka-python-default-group because it is rebalancing
[2016-09-13 22:56:18,522][kafka.coordinator][WARNING]Heartbeat failed ([Error 27] RebalanceInProgressError: ); retrying
[2016-09-13 22:56:18,622][kafka.coordinator][INFO]Skipping heartbeat: no auto-assignment or waiting on rebalance
[2016-09-13 22:56:19,023][kafka.coordinator.consumer][INFO]Revoking previously assigned partitions set([TopicPartition(topic=u'spamtopic', partition=0)]) for group kafka-python-default-group
[2016-09-13 22:56:19,023][kafka.coordinator][INFO](Re-)joining group kafka-python-default-group
[2016-09-13 22:56:19,026][kafka.coordinator][INFO]Joined group 'kafka-python-default-group' (generation 105) with member_id kafka-python-1.3.1-2f8f457a-30ff-46f4-9800-e5036f7ea69c
[2016-09-13 22:56:19,028][kafka.coordinator][INFO]Successfully joined group kafka-python-default-group with generation 105
[2016-09-13 22:56:19,028][kafka.consumer.subscription_state][INFO]Updated partition assignment: [TopicPartition(topic=u'spamtopic', partition=0)]
[2016-09-13 22:56:19,028][kafka.coordinator.consumer][INFO]Setting newly assigned partitions set([TopicPartition(topic=u'spamtopic', partition=0)]) for group kafka-python-default-group
[2016-09-13 22:56:22,041][kafka.coordinator][WARNING]Heartbeat failed for group kafka-python-default-group because it is rebalancing
[2016-09-13 22:56:22,041][kafka.coordinator][WARNING]Heartbeat failed ([Error 27] RebalanceInProgressError: ); retrying
[2016-09-13 22:56:22,142][kafka.coordinator][INFO]Skipping heartbeat: no auto-assignment or waiting on rebalance
[2016-09-13 22:56:22,543][kafka.coordinator.consumer][INFO]Revoking previously assigned partitions set([TopicPartition(topic=u'spamtopic', partition=0)]) for group kafka-python-default-group
[2016-09-13 22:56:22,543][kafka.coordinator][INFO](Re-)joining group kafka-python-default-group
[2016-09-13 22:56:22,545][kafka.coordinator][INFO]Joined group 'kafka-python-default-group' (generation 106) with member_id kafka-python-1.3.1-2f8f457a-30ff-46f4-9800-e5036f7ea69c
[2016-09-13 22:56:22,549][kafka.coordinator][INFO]Successfully joined group kafka-python-default-group with generation 106
[2016-09-13 22:56:22,549][kafka.consumer.subscription_state][INFO]Updated partition assignment: [TopicPartition(topic=u'spamtopic', partition=0)]
[2016-09-13 22:56:22,549][kafka.coordinator.consumer][INFO]Setting newly assigned partitions set([TopicPartition(topic=u'spamtopic', partition=0)]) for group kafka-python-default-group
[2016-09-13 22:56:25,560][kafka.coordinator][WARNING]Heartbeat failed for group kafka-python-default-group because it is rebalancing
[2016-09-13 22:56:25,561][kafka.coordinator][WARNING]Heartbeat failed ([Error 27] RebalanceInProgressError: ); retrying
[2016-09-13 22:56:25,662][kafka.coordinator][INFO]Skipping heartbeat: no auto-assignment or waiting on rebalance
[2016-09-13 22:56:26,063][kafka.coordinator.consumer][INFO]Revoking previously assigned partitions set([TopicPartition(topic=u'spamtopic', partition=0)]) for group kafka-python-default-group
[2016-09-13 22:56:26,063][kafka.coordinator][INFO](Re-)joining group kafka-python-default-group
[2016-09-13 22:56:26,065][kafka.coordinator][INFO]Joined group 'kafka-python-default-group' (generation 107) with member_id kafka-python-1.3.1-2f8f457a-30ff-46f4-9800-e5036f7ea69c
[2016-09-13 22:56:26,071][kafka.coordinator][INFO]Successfully joined group kafka-python-default-group with generation 107
[2016-09-13 22:56:26,071][kafka.consumer.subscription_state][INFO]Updated partition assignment: [TopicPartition(topic=u'spamtopic', partition=0)]
[2016-09-13 22:56:26,071][kafka.coordinator.consumer][INFO]Setting newly assigned partitions set([TopicPartition(topic=u'spamtopic', partition=0)]) for group kafka-python-default-group
[2016-09-13 22:56:29,082][kafka.coordinator][WARNING]Heartbeat failed for group kafka-python-default-group because it is rebalancing
[2016-09-13 22:56:29,082][kafka.coordinator][WARNING]Heartbeat failed ([Error 27] RebalanceInProgressError: ); retrying
[2016-09-13 22:56:29,183][kafka.coordinator][INFO]Skipping heartbeat: no auto-assignment or waiting on rebalance
[2016-09-13 22:56:29,584][kafka.coordinator.consumer][INFO]Revoking previously assigned partitions set([TopicPartition(topic=u'spamtopic', partition=0)]) for group kafka-python-default-group
[2016-09-13 22:56:29,584][kafka.coordinator][INFO](Re-)joining group kafka-python-default-group
[2016-09-13 22:56:29,588][kafka.coordinator][INFO]Joined group 'kafka-python-default-group' (generation 108) with member_id kafka-python-1.3.1-2f8f457a-30ff-46f4-9800-e5036f7ea69c
[2016-09-13 22:56:29,589][kafka.coordinator][INFO]Successfully joined group kafka-python-default-group with generation 108
[2016-09-13 22:56:29,589][kafka.consumer.subscription_state][INFO]Updated partition assignment: [TopicPartition(topic=u'spamtopic', partition=0)]
[2016-09-13 22:56:29,589][kafka.coordinator.consumer][INFO]Setting newly assigned partitions set([TopicPartition(topic=u'spamtopic', partition=0)]) for group kafka-python-default-group
[2016-09-13 22:56:32,599][kafka.coordinator][WARNING]Heartbeat failed for group kafka-python-default-group because it is rebalancing
[2016-09-13 22:56:32,599][kafka.coordinator][WARNING]Heartbeat failed ([Error 27] RebalanceInProgressError: ); retrying
[2016-09-13 22:56:32,701][kafka.coordinator][INFO]Skipping heartbeat: no auto-assignment or waiting on rebalance
[2016-09-13 22:56:33,101][kafka.coordinator.consumer][INFO]Revoking previously assigned partitions set([TopicPartition(topic=u'spamtopic', partition=0)]) for group kafka-python-default-group
[2016-09-13 22:56:33,101][kafka.coordinator][INFO](Re-)joining group kafka-python-default-group
[2016-09-13 22:56:33,104][kafka.coordinator][INFO]Joined group 'kafka-python-default-group' (generation 109) with member_id kafka-python-1.3.1-2f8f457a-30ff-46f4-9800-e5036f7ea69c
[2016-09-13 22:56:33,107][kafka.coordinator][INFO]Successfully joined group kafka-python-default-group with generation 109
[2016-09-13 22:56:33,107][kafka.consumer.subscription_state][INFO]Updated partition assignment: [TopicPartition(topic=u'spamtopic', partition=0)]
[2016-09-13 22:56:33,108][kafka.coordinator.consumer][INFO]Setting newly assigned partitions set([TopicPartition(topic=u'spamtopic', partition=0)]) for group kafka-python-default-group
[2016-09-13 22:56:36,116][kafka.coordinator][WARNING]Heartbeat failed for group kafka-python-default-group because it is rebalancing
[2016-09-13 22:56:36,117][kafka.coordinator][WARNING]Heartbeat failed ([Error 27] RebalanceInProgressError: ); retrying
[2016-09-13 22:56:36,218][kafka.coordinator][INFO]Skipping heartbeat: no auto-assignment or waiting on rebalance
[2016-09-13 22:56:36,618][kafka.coordinator.consumer][INFO]Revoking previously assigned partitions set([TopicPartition(topic=u'spamtopic', partition=0)]) for group kafka-python-default-group
[2016-09-13 22:56:36,618][kafka.coordinator][INFO](Re-)joining group kafka-python-default-group
[2016-09-13 22:56:36,622][kafka.coordinator][INFO]Joined group 'kafka-python-default-group' (generation 110) with member_id kafka-python-1.3.1-2f8f457a-30ff-46f4-9800-e5036f7ea69c
[2016-09-13 22:56:36,624][kafka.coordinator][INFO]Successfully joined group kafka-python-default-group with generation 110
[2016-09-13 22:56:36,625][kafka.consumer.subscription_state][INFO]Updated partition assignment: [TopicPartition(topic=u'spamtopic', partition=0)]
[2016-09-13 22:56:36,625][kafka.coordinator.consumer][INFO]Setting newly assigned partitions set([TopicPartition(topic=u'spamtopic', partition=0)]) for group kafka-python-default-group
[2016-09-13 22:56:39,637][kafka.coordinator][WARNING]Heartbeat failed for group kafka-python-default-group because it is rebalancing
[2016-09-13 22:56:39,637][kafka.coordinator][WARNING]Heartbeat failed ([Error 27] RebalanceInProgressError: ); retrying
[2016-09-13 22:56:39,738][kafka.coordinator][INFO]Skipping heartbeat: no auto-assignment or waiting on rebalance
[2016-09-13 22:56:40,139][kafka.coordinator.consumer][INFO]Revoking previously assigned partitions set([TopicPartition(topic=u'spamtopic', partition=0)]) for group kafka-python-default-group
[2016-09-13 22:56:40,139][kafka.coordinator][INFO](Re-)joining group kafka-python-default-group
[2016-09-13 22:56:40,142][kafka.coordinator][INFO]Joined group 'kafka-python-default-group' (generation 111) with member_id kafka-python-1.3.1-2f8f457a-30ff-46f4-9800-e5036f7ea69c
[2016-09-13 22:56:40,144][kafka.coordinator][INFO]Successfully joined group kafka-python-default-group with generation 111
[2016-09-13 22:56:40,145][kafka.consumer.subscription_state][INFO]Updated partition assignment: [TopicPartition(topic=u'spamtopic', partition=0)]
[2016-09-13 22:56:40,145][kafka.coordinator.consumer][INFO]Setting newly assigned partitions set([TopicPartition(topic=u'spamtopic', partition=0)]) for group kafka-python-default-group
[2016-09-13 22:56:43,157][kafka.coordinator][WARNING]Heartbeat failed for group kafka-python-default-group because it is rebalancing
[2016-09-13 22:56:43,157][kafka.coordinator][WARNING]Heartbeat failed ([Error 27] RebalanceInProgressError: ); retrying
[2016-09-13 22:56:43,258][kafka.coordinator][INFO]Skipping heartbeat: no auto-assignment or waiting on rebalance
[2016-09-13 22:56:43,660][kafka.coordinator.consumer][INFO]Revoking previously assigned partitions set([TopicPartition(topic=u'spamtopic', partition=0)]) for group kafka-python-default-group
[2016-09-13 22:56:43,660][kafka.coordinator][INFO](Re-)joining group kafka-python-default-group
[2016-09-13 22:56:43,664][kafka.coordinator][INFO]Joined group 'kafka-python-default-group' (generation 112) with member_id kafka-python-1.3.1-2f8f457a-30ff-46f4-9800-e5036f7ea69c
[2016-09-13 22:56:43,666][kafka.coordinator][INFO]Successfully joined group kafka-python-default-group with generation 112
[2016-09-13 22:56:43,666][kafka.consumer.subscription_state][INFO]Updated partition assignment: [TopicPartition(topic=u'spamtopic', partition=0)]
[2016-09-13 22:56:43,667][kafka.coordinator.consumer][INFO]Setting newly assigned partitions set([TopicPartition(topic=u'spamtopic', partition=0)]) for group kafka-python-default-group
[2016-09-13 22:56:46,675][kafka.coordinator][WARNING]Heartbeat failed for group kafka-python-default-group because it is rebalancing
[2016-09-13 22:56:46,675][kafka.coordinator][WARNING]Heartbeat failed ([Error 27] RebalanceInProgressError: ); retrying
[2016-09-13 22:56:46,776][kafka.coordinator][INFO]Skipping heartbeat: no auto-assignment or waiting on rebalance
[2016-09-13 22:56:47,177][kafka.coordinator.consumer][INFO]Revoking previously assigned partitions set([TopicPartition(topic=u'spamtopic', partition=0)]) for group kafka-python-default-group
[2016-09-13 22:56:47,177][kafka.coordinator][INFO](Re-)joining group kafka-python-default-group
[2016-09-13 22:56:47,179][kafka.coordinator][INFO]Joined group 'kafka-python-default-group' (generation 113) with member_id kafka-python-1.3.1-2f8f457a-30ff-46f4-9800-e5036f7ea69c
[2016-09-13 22:56:47,181][kafka.coordinator][INFO]Successfully joined group kafka-python-default-group with generation 113
[2016-09-13 22:56:47,181][kafka.consumer.subscription_state][INFO]Updated partition assignment: [TopicPartition(topic=u'spamtopic', partition=0)]
[2016-09-13 22:56:47,181][kafka.coordinator.consumer][INFO]Setting newly assigned partitions set([TopicPartition(topic=u'spamtopic', partition=0)]) for group kafka-python-default-group
[2016-09-13 22:56:50,191][kafka.coordinator][WARNING]Heartbeat failed for group kafka-python-default-group because it is rebalancing
[2016-09-13 22:56:50,191][kafka.coordinator][WARNING]Heartbeat failed ([Error 27] RebalanceInProgressError: ); retrying
[2016-09-13 22:56:50,293][kafka.coordinator][INFO]Skipping heartbeat: no auto-assignment or waiting on rebalance
[2016-09-13 22:56:50,693][kafka.coordinator.consumer][INFO]Revoking previously assigned partitions set([TopicPartition(topic=u'spamtopic', partition=0)]) for group kafka-python-default-group
[2016-09-13 22:56:50,693][kafka.coordinator][INFO](Re-)joining group kafka-python-default-group
[2016-09-13 22:56:50,696][kafka.coordinator][INFO]Joined group 'kafka-python-default-group' (generation 114) with member_id kafka-python-1.3.1-2f8f457a-30ff-46f4-9800-e5036f7ea69c
[2016-09-13 22:56:50,699][kafka.coordinator][INFO]Successfully joined group kafka-python-default-group with generation 114
[2016-09-13 22:56:50,700][kafka.consumer.subscription_state][INFO]Updated partition assignment: [TopicPartition(topic=u'spamtopic', partition=0)]
[2016-09-13 22:56:50,700][kafka.coordinator.consumer][INFO]Setting newly assigned partitions set([TopicPartition(topic=u'spamtopic', partition=0)]) for group kafka-python-default-group
[2016-09-13 22:56:53,710][kafka.coordinator][WARNING]Heartbeat failed for group kafka-python-default-group because it is rebalancing
[2016-09-13 22:56:53,710][kafka.coordinator][WARNING]Heartbeat failed ([Error 27] RebalanceInProgressError: ); retrying
[2016-09-13 22:56:53,812][kafka.coordinator][INFO]Skipping heartbeat: no auto-assignment or waiting on rebalance
[2016-09-13 22:56:54,212][kafka.coordinator.consumer][INFO]Revoking previously assigned partitions set([TopicPartition(topic=u'spamtopic', partition=0)]) for group kafka-python-default-group
[2016-09-13 22:56:54,212][kafka.coordinator][INFO](Re-)joining group kafka-python-default-group
[2016-09-13 22:56:54,214][kafka.coordinator][INFO]Joined group 'kafka-python-default-group' (generation 115) with member_id kafka-python-1.3.1-2f8f457a-30ff-46f4-9800-e5036f7ea69c
[2016-09-13 22:56:54,217][kafka.coordinator][INFO]Successfully joined group kafka-python-default-group with generation 115
[2016-09-13 22:56:54,218][kafka.consumer.subscription_state][INFO]Updated partition assignment: [TopicPartition(topic=u'spamtopic', partition=0)]
[2016-09-13 22:56:54,218][kafka.coordinator.consumer][INFO]Setting newly assigned partitions set([TopicPartition(topic=u'spamtopic', partition=0)]) for group kafka-python-default-group
[2016-09-13 22:56:57,229][kafka.coordinator][WARNING]Heartbeat failed for group kafka-python-default-group because it is rebalancing
[2016-09-13 22:56:57,229][kafka.coordinator][WARNING]Heartbeat failed ([Error 27] RebalanceInProgressError: ); retrying
[2016-09-13 22:56:57,330][kafka.coordinator][INFO]Skipping heartbeat: no auto-assignment or waiting on rebalance
[2016-09-13 22:56:57,730][kafka.coordinator.consumer][INFO]Revoking previously assigned partitions set([TopicPartition(topic=u'spamtopic', partition=0)]) for group kafka-python-default-group
[2016-09-13 22:56:57,731][kafka.coordinator][INFO](Re-)joining group kafka-python-default-group
[2016-09-13 22:56:57,733][kafka.coordinator][INFO]Joined group 'kafka-python-default-group' (generation 116) with member_id kafka-python-1.3.1-2f8f457a-30ff-46f4-9800-e5036f7ea69c
[2016-09-13 22:56:57,735][kafka.coordinator][INFO]Successfully joined group kafka-python-default-group with generation 116
[2016-09-13 22:56:57,735][kafka.consumer.subscription_state][INFO]Updated partition assignment: [TopicPartition(topic=u'spamtopic', partition=0)]
[2016-09-13 22:56:57,735][kafka.coordinator.consumer][INFO]Setting newly assigned partitions set([TopicPartition(topic=u'spamtopic', partition=0)]) for group kafka-python-default-group
[2016-09-13 22:57:00,746][kafka.coordinator][WARNING]Heartbeat failed for group kafka-python-default-group because it is rebalancing
[2016-09-13 22:57:00,746][kafka.coordinator][WARNING]Heartbeat failed ([Error 27] RebalanceInProgressError: ); retrying
[2016-09-13 22:57:00,848][kafka.coordinator][INFO]Skipping heartbeat: no auto-assignment or waiting on rebalance
[2016-09-13 22:57:01,248][kafka.coordinator.consumer][INFO]Revoking previously assigned partitions set([TopicPartition(topic=u'spamtopic', partition=0)]) for group kafka-python-default-group
[2016-09-13 22:57:01,248][kafka.coordinator][INFO](Re-)joining group kafka-python-default-group
[2016-09-13 22:57:01,252][kafka.coordinator][INFO]Joined group 'kafka-python-default-group' (generation 117) with member_id kafka-python-1.3.1-2f8f457a-30ff-46f4-9800-e5036f7ea69c
[2016-09-13 22:57:01,255][kafka.coordinator][INFO]Successfully joined group kafka-python-default-group with generation 117
[2016-09-13 22:57:01,256][kafka.consumer.subscription_state][INFO]Updated partition assignment: [TopicPartition(topic=u'spamtopic', partition=0)]
[2016-09-13 22:57:01,257][kafka.coordinator.consumer][INFO]Setting newly assigned partitions set([TopicPartition(topic=u'spamtopic', partition=0)]) for group kafka-python-default-group
[2016-09-13 22:57:04,267][kafka.coordinator][WARNING]Heartbeat failed for group kafka-python-default-group because it is rebalancing
[2016-09-13 22:57:04,267][kafka.coordinator][WARNING]Heartbeat failed ([Error 27] RebalanceInProgressError: ); retrying
[2016-09-13 22:57:04,368][kafka.coordinator][INFO]Skipping heartbeat: no auto-assignment or waiting on rebalance
[2016-09-13 22:57:04,768][kafka.coordinator.consumer][INFO]Revoking previously assigned partitions set([TopicPartition(topic=u'spamtopic', partition=0)]) for group kafka-python-default-group
[2016-09-13 22:57:04,768][kafka.coordinator][INFO](Re-)joining group kafka-python-default-group
[2016-09-13 22:57:04,770][kafka.coordinator][INFO]Joined group 'kafka-python-default-group' (generation 118) with member_id kafka-python-1.3.1-2f8f457a-30ff-46f4-9800-e5036f7ea69c
[2016-09-13 22:57:04,774][kafka.coordinator][INFO]Successfully joined group kafka-python-default-group with generation 118
[2016-09-13 22:57:04,774][kafka.consumer.subscription_state][INFO]Updated partition assignment: [TopicPartition(topic=u'spamtopic', partition=0)]
[2016-09-13 22:57:04,774][kafka.coordinator.consumer][INFO]Setting newly assigned partitions set([TopicPartition(topic=u'spamtopic', partition=0)]) for group kafka-python-default-group
[2016-09-13 22:57:07,785][kafka.coordinator][WARNING]Heartbeat failed for group kafka-python-default-group because it is rebalancing
[2016-09-13 22:57:07,785][kafka.coordinator][WARNING]Heartbeat failed ([Error 27] RebalanceInProgressError: ); retrying
[2016-09-13 22:57:07,886][kafka.coordinator][INFO]Skipping heartbeat: no auto-assignment or waiting on rebalance
[2016-09-13 22:57:08,287][kafka.coordinator.consumer][INFO]Revoking previously assigned partitions set([TopicPartition(topic=u'spamtopic', partition=0)]) for group kafka-python-default-group
[2016-09-13 22:57:08,288][kafka.coordinator][INFO](Re-)joining group kafka-python-default-group
[2016-09-13 22:57:08,289][kafka.coordinator][INFO]Joined group 'kafka-python-default-group' (generation 119) with member_id kafka-python-1.3.1-2f8f457a-30ff-46f4-9800-e5036f7ea69c
[2016-09-13 22:57:08,292][kafka.coordinator][INFO]Successfully joined group kafka-python-default-group with generation 119
[2016-09-13 22:57:08,292][kafka.consumer.subscription_state][INFO]Updated partition assignment: [TopicPartition(topic=u'spamtopic', partition=0)]
[2016-09-13 22:57:08,292][kafka.coordinator.consumer][INFO]Setting newly assigned partitions set([TopicPartition(topic=u'spamtopic', partition=0)]) for group kafka-python-default-group
[2016-09-13 22:57:11,302][kafka.coordinator][WARNING]Heartbeat failed for group kafka-python-default-group because it is rebalancing
[2016-09-13 22:57:11,302][kafka.coordinator][WARNING]Heartbeat failed ([Error 27] RebalanceInProgressError: ); retrying
[2016-09-13 22:57:11,403][kafka.coordinator][INFO]Skipping heartbeat: no auto-assignment or waiting on rebalance
[2016-09-13 22:57:11,804][kafka.coordinator.consumer][INFO]Revoking previously assigned partitions set([TopicPartition(topic=u'spamtopic', partition=0)]) for group kafka-python-default-group
[2016-09-13 22:57:11,805][kafka.coordinator][INFO](Re-)joining group kafka-python-default-group
[2016-09-13 22:57:11,808][kafka.coordinator][INFO]Joined group 'kafka-python-default-group' (generation 120) with member_id kafka-python-1.3.1-2f8f457a-30ff-46f4-9800-e5036f7ea69c
[2016-09-13 22:57:11,811][kafka.coordinator][INFO]Successfully joined group kafka-python-default-group with generation 120
[2016-09-13 22:57:11,812][kafka.consumer.subscription_state][INFO]Updated partition assignment: [TopicPartition(topic=u'spamtopic', partition=0)]
[2016-09-13 22:57:11,812][kafka.coordinator.consumer][INFO]Setting newly assigned partitions set([TopicPartition(topic=u'spamtopic', partition=0)]) for group kafka-python-default-group
[2016-09-13 22:57:14,825][kafka.coordinator][WARNING]Heartbeat failed for group kafka-python-default-group because it is rebalancing
[2016-09-13 22:57:14,825][kafka.coordinator][WARNING]Heartbeat failed ([Error 27] RebalanceInProgressError: ); retrying
[2016-09-13 22:57:14,926][kafka.coordinator][INFO]Skipping heartbeat: no auto-assignment or waiting on rebalance
[2016-09-13 22:57:15,327][kafka.coordinator.consumer][INFO]Revoking previously assigned partitions set([TopicPartition(topic=u'spamtopic', partition=0)]) for group kafka-python-default-group
[2016-09-13 22:57:15,328][kafka.coordinator][INFO](Re-)joining group kafka-python-default-group
[2016-09-13 22:57:15,329][kafka.coordinator][INFO]Joined group 'kafka-python-default-group' (generation 121) with member_id kafka-python-1.3.1-2f8f457a-30ff-46f4-9800-e5036f7ea69c
[2016-09-13 22:57:15,332][kafka.coordinator][INFO]Successfully joined group kafka-python-default-group with generation 121
[2016-09-13 22:57:15,333][kafka.consumer.subscription_state][INFO]Updated partition assignment: [TopicPartition(topic=u'spamtopic', partition=0)]
[2016-09-13 22:57:15,333][kafka.coordinator.consumer][INFO]Setting newly assigned partitions set([TopicPartition(topic=u'spamtopic', partition=0)]) for group kafka-python-default-group
[2016-09-13 22:57:18,345][kafka.coordinator][WARNING]Heartbeat failed for group kafka-python-default-group because it is rebalancing
[2016-09-13 22:57:18,345][kafka.coordinator][WARNING]Heartbeat failed ([Error 27] RebalanceInProgressError: ); retrying
[2016-09-13 22:57:18,446][kafka.coordinator][INFO]Skipping heartbeat: no auto-assignment or waiting on rebalance
[2016-09-13 22:57:18,847][kafka.coordinator.consumer][INFO]Revoking previously assigned partitions set([TopicPartition(topic=u'spamtopic', partition=0)]) for group kafka-python-default-group
[2016-09-13 22:57:18,848][kafka.coordinator][INFO](Re-)joining group kafka-python-default-group
[2016-09-13 22:57:18,849][kafka.coordinator][INFO]Joined group 'kafka-python-default-group' (generation 122) with member_id kafka-python-1.3.1-2f8f457a-30ff-46f4-9800-e5036f7ea69c
[2016-09-13 22:57:18,851][kafka.coordinator][INFO]Successfully joined group kafka-python-default-group with generation 122
[2016-09-13 22:57:18,852][kafka.consumer.subscription_state][INFO]Updated partition assignment: [TopicPartition(topic=u'spamtopic', partition=0)]
[2016-09-13 22:57:18,852][kafka.coordinator.consumer][INFO]Setting newly assigned partitions set([TopicPartition(topic=u'spamtopic', partition=0)]) for group kafka-python-default-group
[2016-09-13 22:57:21,866][kafka.coordinator][WARNING]Heartbeat failed for group kafka-python-default-group because it is rebalancing
[2016-09-13 22:57:21,866][kafka.coordinator][WARNING]Heartbeat failed ([Error 27] RebalanceInProgressError: ); retrying
[2016-09-13 22:57:21,967][kafka.coordinator][INFO]Skipping heartbeat: no auto-assignment or waiting on rebalance
[2016-09-13 22:57:22,368][kafka.coordinator.consumer][INFO]Revoking previously assigned partitions set([TopicPartition(topic=u'spamtopic', partition=0)]) for group kafka-python-default-group
[2016-09-13 22:57:22,368][kafka.coordinator][INFO](Re-)joining group kafka-python-default-group
[2016-09-13 22:57:22,369][kafka.coordinator][INFO]Joined group 'kafka-python-default-group' (generation 123) with member_id kafka-python-1.3.1-2f8f457a-30ff-46f4-9800-e5036f7ea69c
[2016-09-13 22:57:22,371][kafka.coordinator][INFO]Successfully joined group kafka-python-default-group with generation 123
[2016-09-13 22:57:22,371][kafka.consumer.subscription_state][INFO]Updated partition assignment: [TopicPartition(topic=u'spamtopic', partition=0)]
[2016-09-13 22:57:22,371][kafka.coordinator.consumer][INFO]Setting newly assigned partitions set([TopicPartition(topic=u'spamtopic', partition=0)]) for group kafka-python-default-group
[2016-09-13 22:57:25,381][kafka.coordinator][WARNING]Heartbeat failed for group kafka-python-default-group because it is rebalancing
[2016-09-13 22:57:25,381][kafka.coordinator][WARNING]Heartbeat failed ([Error 27] RebalanceInProgressError: ); retrying
[2016-09-13 22:57:25,483][kafka.coordinator][INFO]Skipping heartbeat: no auto-assignment or waiting on rebalance
[2016-09-13 22:57:25,884][kafka.coordinator.consumer][INFO]Revoking previously assigned partitions set([TopicPartition(topic=u'spamtopic', partition=0)]) for group kafka-python-default-group
[2016-09-13 22:57:25,884][kafka.coordinator][INFO](Re-)joining group kafka-python-default-group
[2016-09-13 22:57:25,886][kafka.coordinator][INFO]Joined group 'kafka-python-default-group' (generation 124) with member_id kafka-python-1.3.1-2f8f457a-30ff-46f4-9800-e5036f7ea69c
[2016-09-13 22:57:25,890][kafka.coordinator][INFO]Successfully joined group kafka-python-default-group with generation 124
[2016-09-13 22:57:25,891][kafka.consumer.subscription_state][INFO]Updated partition assignment: [TopicPartition(topic=u'spamtopic', partition=0)]
[2016-09-13 22:57:25,891][kafka.coordinator.consumer][INFO]Setting newly assigned partitions set([TopicPartition(topic=u'spamtopic', partition=0)]) for group kafka-python-default-group
[2016-09-13 22:57:28,900][kafka.coordinator][WARNING]Heartbeat failed for group kafka-python-default-group because it is rebalancing
[2016-09-13 22:57:28,901][kafka.coordinator][WARNING]Heartbeat failed ([Error 27] RebalanceInProgressError: ); retrying
[2016-09-13 22:57:29,002][kafka.coordinator][INFO]Skipping heartbeat: no auto-assignment or waiting on rebalance
[2016-09-13 22:57:29,402][kafka.coordinator.consumer][INFO]Revoking previously assigned partitions set([TopicPartition(topic=u'spamtopic', partition=0)]) for group kafka-python-default-group
[2016-09-13 22:57:29,402][kafka.coordinator][INFO](Re-)joining group kafka-python-default-group
[2016-09-13 22:57:29,406][kafka.coordinator][INFO]Joined group 'kafka-python-default-group' (generation 125) with member_id kafka-python-1.3.1-2f8f457a-30ff-46f4-9800-e5036f7ea69c
[2016-09-13 22:57:29,409][kafka.coordinator][INFO]Successfully joined group kafka-python-default-group with generation 125
[2016-09-13 22:57:29,409][kafka.consumer.subscription_state][INFO]Updated partition assignment: [TopicPartition(topic=u'spamtopic', partition=0)]
[2016-09-13 22:57:29,410][kafka.coordinator.consumer][INFO]Setting newly assigned partitions set([TopicPartition(topic=u'spamtopic', partition=0)]) for group kafka-python-default-group
[2016-09-13 22:57:32,422][kafka.coordinator][WARNING]Heartbeat failed for group kafka-python-default-group because it is rebalancing
[2016-09-13 22:57:32,422][kafka.coordinator][WARNING]Heartbeat failed ([Error 27] RebalanceInProgressError: ); retrying
[2016-09-13 22:57:32,523][kafka.coordinator][INFO]Skipping heartbeat: no auto-assignment or waiting on rebalance
[2016-09-13 22:57:32,924][kafka.coordinator.consumer][INFO]Revoking previously assigned partitions set([TopicPartition(topic=u'spamtopic', partition=0)]) for group kafka-python-default-group
[2016-09-13 22:57:32,924][kafka.coordinator][INFO](Re-)joining group kafka-python-default-group
[2016-09-13 22:57:32,934][kafka.coordinator][INFO]Joined group 'kafka-python-default-group' (generation 126) with member_id kafka-python-1.3.1-2f8f457a-30ff-46f4-9800-e5036f7ea69c
[2016-09-13 22:57:32,936][kafka.coordinator][INFO](Re-)joining group kafka-python-default-group
[2016-09-13 22:57:32,938][kafka.coordinator][INFO]Joined group 'kafka-python-default-group' (generation 127) with member_id kafka-python-1.3.1-2f8f457a-30ff-46f4-9800-e5036f7ea69c
[2016-09-13 22:57:32,941][kafka.coordinator][INFO]Successfully joined group kafka-python-default-group with generation 127
[2016-09-13 22:57:32,942][kafka.consumer.subscription_state][INFO]Updated partition assignment: [TopicPartition(topic=u'spamtopic', partition=0)]
[2016-09-13 22:57:32,942][kafka.coordinator.consumer][INFO]Setting newly assigned partitions set([TopicPartition(topic=u'spamtopic', partition=0)]) for group kafka-python-default-group
