Beginning task setup

/usr/bin/flock
Using existing venv: /tmp/petrel-spam-3-1474326247/venv
Task setup took 0 seconds
Launching: python -m petrel.run kafkaconsumer /home/pipe/topology/TopologyTweetTransformationSPAM/petrel15930_kafkaconsumer.log
/usr/local/lib/python2.7/dist-packages/petrel-1.0.1.0.3-py2.7.egg/petrel/run.py invoked with the following arguments: ['kafkaconsumer', '/home/pipe/topology/TopologyTweetTransformationSPAM/petrel15930_kafkaconsumer.log']
python version: 2.7.12
user=root
PATH=/tmp/petrel-spam-3-1474326247/venv/bin:/usr/local/sbin:/usr/local/bin:/usr/sbin:/usr/bin:/sbin:/bin:/snap/bin
LD_LIBRARY_PATH=/home/apache-storm-1.0.1/data/supervisor/stormdist/spam-3-1474326247/resources/Linux-amd64:/home/apache-storm-1.0.1/data/supervisor/stormdist/spam-3-1474326247/resources:/usr/local/lib:/opt/local/lib:/usr/lib
PYTHON_EGG_CACHE=/tmp/petrel-spam-3-1474326247/egg_cache
[2016-09-20 17:17:43,784][storm][INFO]Tuple profiling enabled. Will log tuple processing times.
[2016-09-20 17:17:43,994][storm][INFO]Task received setupInfo from Storm: {'pidDir': '/home/apache-storm-1.0.1/data/workers/a8fb5976-561c-44de-b427-110f9f739cbc/pids', 'conf': {'storm.group.mapping.service.params': None, 'topology.tuple.serializer': 'org.apache.storm.serialization.types.ListDelegateSerializer', 'topology.workers': 1, 'drpc.worker.threads': 64, 'ui.filter.params': None, 'transactional.zookeeper.root': '/transactional', 'logviewer.cleanup.age.mins': 10080, 'worker.profiler.command': 'flight.bash', 'topology.executor.send.buffer.size': 1024, 'nimbus.file.copy.expiration.secs': 600, 'oauth.acess_token': ' 702208758362087425-HZiyl1x7Bh98cQa1WLBDYylyu10Bpl7', 'drpc.childopts': '-Xmx768m', 'nimbus.thrift.port': 6627, 'topology.disruptor.wait.timeout.millis': 1000, 'storm.zookeeper.retry.intervalceiling.millis': 30000, 'storm.local.dir': '/home/apache-storm-1.0.1/data', 'storm.auth.simple-acl.users': [], 'drpc.invocations.threads': 64, 'storm.zookeeper.superACL': None, 'storm.cluster.state.store': 'org.apache.storm.cluster_state.zookeeper_state_factory', 'storm.codedistributor.class': 'org.apache.storm.codedistributor.LocalFileSystemCodeDistributor', 'drpc.https.keystore.password': '', 'supervisor.blobstore.download.max_retries': 3, 'pacemaker.kerberos.users': [], 'storm.messaging.netty.client_worker_threads': 1, 'oauth.consumer_secret': 'ADf76fi3O1lKMzBxWnjqf93l3GHv28uar3bkblkvyBrAyoA23i', 'topology.component.resources.offheap.memory.mb': 0.0, 'supervisor.heartbeat.frequency.secs': 5, 'storm.group.mapping.service.cache.duration.secs': 120, 'storm.group.mapping.service': 'org.apache.storm.security.auth.ShellBasedGroupsMapping', 'storm.workers.artifacts.dir': 'workers-artifacts', 'drpc.request.timeout.secs': 600, 'pacemaker.childopts': '-Xmx1024m', 'nimbus.seeds': ['localhost'], 'topology.shellbolt.max.pending': 100, 'topology.min.replication.count': 1, 'topology.skip.missing.kryo.registrations': False, 'worker.heartbeat.frequency.secs': 1, 'storm.auth.simple-acl.users.commands': [], 'storm.zookepeer.port': 2181, 'zmq.hwm': 0, 'topology.worker.shared.thread.pool.size': 4, 'storm.zookeeper.connection.timeout': 15000, 'java.library.path': '/usr/local/lib:/opt/local/lib:/usr/lib', 'logviewer.max.sum.worker.logs.size.mb': 4096, 'task.refresh.poll.secs': 10, 'topology.max.error.report.per.interval': 5, 'topology.worker.logwriter.childopts': '-Xmx64m', 'ui.actions.enabled': True, 'storm.health.check.timeout.ms': 5000, 'topology.scheduler.strategy': 'org.apache.storm.scheduler.resource.strategies.scheduling.DefaultResourceAwareStrategy', 'ui.host': '0.0.0.0', 'storm.messaging.netty.server_worker_threads': 1, 'topology.disruptor.batch.size': 100, 'storm.id': 'spam-3-1474326247', 'supervisor.worker.start.timeout.secs': 120, 'zmq.threads': 1, 'topology.acker.executors': None, 'pacemaker.thread.timeout': 10, 'storm.local.mode.zmq': False, 'topology.eventlogger.executors': 0, 'topology.tick.tuple.freq.secs': 30, 'supervisor.memory.capacity.mb': 3072.0, 'supervisor.worker.shutdown.sleep.secs': 1, 'pacemaker.base.threads': 10, 'drpc.http.creds.plugin': 'org.apache.storm.security.auth.DefaultHttpCredentialsPlugin', 'storm.zookeeper.servers': ['localhost'], 'supervisor.localizer.cache.target.size.mb': 10240, 'storm.messaging.netty.transfer.batch.size': 262144, 'resource.aware.scheduler.eviction.strategy': 'org.apache.storm.scheduler.resource.strategies.eviction.DefaultEvictionStrategy', 'topology.environment': None, 'storm.zookeeper.port': 2181, 'storm.auth.simple-acl.admins': [], 'pacemaker.host': 'localhost', 'nimbus.childopts': '-Xmx1024m', 'storm.principal.tolocal': 'org.apache.storm.security.auth.DefaultPrincipalToLocal', 'storm.nimbus.retry.times': 5, 'topology.classpath': None, 'drpc.authorizer.acl.filename': 'drpc-auth-acl.yaml', 'topology.bolts.outgoing.overflow.buffer.enable': False, 'nimbus.credential.renewers.freq.secs': 600, 'worker.childopts': '-Xmx%HEAP-MEM%m -XX:+PrintGCDetails -Xloggc:artifacts/gc.log -XX:+PrintGCDateStamps -XX:+PrintGCTimeStamps -XX:+UseGCLogFileRotation -XX:NumberOfGCLogFiles=10 -XX:GCLogFileSize=1M -XX:+HeapDumpOnOutOfMemoryError -XX:HeapDumpPath=artifacts/heapdump', 'drpc.queue.size': 128, 'supervisor.blobstore.class': 'org.apache.storm.blobstore.NimbusBlobStore', 'topology.multilang.serializer': 'org.apache.storm.multilang.JsonSerializer', 'storm.zookeeper.retry.times': 5, 'topology.disable.loadaware': False, 'supervisor.run.worker.as.user': False, 'storm.blobstore.replication.factor': 3, 'worker.profiler.childopts': '-XX:+UnlockCommercialFeatures -XX:+FlightRecorder', 'nimbus.thrift.threads': 64, 'nimbus.monitor.freq.secs': 10, 'storm.blobstore.inputstream.buffer.size.bytes': 65536, 'dev.zookeeper.path': '/tmp/dev-storm-zookeeper', 'topology.users': [], 'storm.daemon.metrics.reporter.plugins': ['org.apache.storm.daemon.metrics.reporters.JmxPreparableReporter'], 'storm.exhibitor.poll.uripath': '/exhibitor/v1/cluster/list', 'pacemaker.max.threads': 50, 'drpc.https.keystore.type': 'JKS', 'topology.tasks': None, 'storm.zookeeper.root': '/storm', 'logviewer.childopts': '-Xmx128m', 'topology.max.replication.wait.time.sec': 60, 'worker.gc.childopts': '', 'backpressure.disruptor.low.watermark': 0.4, 'storm.meta.serialization.delegate': 'org.apache.storm.serialization.GzipThriftSerializationDelegate', 'transactional.zookeeper.port': None, 'drpc.max_buffer_size': 1048576, 'topology.worker.childopts': None, 'storm.auth.simple-white-list.users': [], 'topology.max.spout.pending': None, 'nimbus.topology.validator': 'org.apache.storm.nimbus.DefaultTopologyValidator', 'topology.kryo.register': None, 'petrel.host': 'localhost', 'client.blobstore.class': 'org.apache.storm.blobstore.NimbusBlobStore', 'nimbus.cleanup.inbox.freq.secs': 600, 'storm.nimbus.retry.intervalceiling.millis': 60000, 'storm.network.topography.plugin': 'org.apache.storm.networktopography.DefaultRackDNSToSwitchMapping', 'storm.messaging.netty.min_wait_ms': 100, 'nimbus.task.timeout.secs': 30, 'topology.disruptor.batch.timeout.millis': 1, 'topology.state.checkpoint.interval.ms': 1000, 'ui.header.buffer.bytes': 4096, 'nimbus.thrift.max_buffer_size': 1048576, 'ui.http.creds.plugin': 'org.apache.storm.security.auth.DefaultHttpCredentialsPlugin', 'topology.sleep.spout.wait.strategy.time.ms': 1, 'nimbus.blobstore.expiration.secs': 600, 'storm.cluster.mode': 'distributed', 'storm.messaging.netty.socket.backlog': 500, 'worker.profiler.enabled': False, 'nimbus.queue.size': 100000, 'logviewer.appender.name': 'A1', 'drpc.authorizer.acl.strict': False, 'ui.port': 8080, 'supervisor.slots.ports': [6700, 6701, 6702, 6703], 'worker.log.level.reset.poll.secs': 30, 'storm.nimbus.retry.interval.millis': 2000, 'drpc.invocations.port': 3773, 'supervisor.monitor.frequency.secs': 3, 'ui.childopts': '-Xmx768m', 'transactional.zookeeper.servers': None, 'storm.log4j2.conf.dir': 'log4j2', 'supervisor.supervisors': [], 'zmq.linger.millis': 5000, 'topology.error.throttle.interval.secs': 10, 'storm.health.check.dir': 'healthchecks', 'topology.executor.receive.buffer.size': 1024, 'nimbus.impersonation.authorizer': 'org.apache.storm.security.auth.authorizer.ImpersonationAuthorizer', 'topology.submitter.principal': '', 'topology.worker.max.heap.size.mb': 768.0, 'topology.spout.wait.strategy': 'org.apache.storm.spout.SleepSpoutWaitStrategy', 'task.heartbeat.frequency.secs': 3, 'topology.transfer.buffer.size': 1024, 'storm.zookeeper.session.timeout': 20000, 'topology.testing.always.try.serialize': False, 'nimbus.blobstore.class': 'org.apache.storm.blobstore.LocalFsBlobStore', 'topology.stats.sample.rate': 0.05, 'topology.fall.back.on.java.serialization': True, 'storm.exhibitor.port': 8080, 'storm.zookeeper.auth.password': None, 'supervisor.childopts': '-Xmx256m', 'topology.backpressure.enable': True, 'pacemaker.port': 6699, 'topology.enable.message.timeouts': True, 'nimbus.code.sync.freq.secs': 120, 'backpressure.disruptor.high.watermark': 0.9, 'storm.messaging.netty.max_wait_ms': 1000, 'topology.worker.receiver.thread.count': 1, 'topology.component.resources.onheap.memory.mb': 128.0, 'resource.aware.scheduler.priority.strategy': 'org.apache.storm.scheduler.resource.strategies.priority.DefaultSchedulingPriorityStrategy', 'nimbus.supervisor.timeout.secs': 60, 'pacemaker.auth.method': 'NONE', 'drpc.https.port': -1, 'nimbus.inbox.jar.expiration.secs': 3600, 'scheduler.display.resource': False, 'topology.kryo.factory': 'org.apache.storm.serialization.DefaultKryoFactory', 'storm.zookeeper.retry.interval': 1000, 'supervisor.supervisors.commands': [], 'supervisor.localizer.cleanup.interval.ms': 600000, 'storm.messaging.netty.max_retries': 300, 'task.credentials.poll.secs': 30, 'drpc.http.port': 3774, 'storm.messaging.transport': 'org.apache.storm.messaging.netty.Context', 'supervisor.enable': True, 'nimbus.task.launch.secs': 120, 'supervisor.blobstore.download.thread.count': 5, 'topology.message.timeout.secs': 30, 'oauth.acess_token_secret': 'IiNOTfgE3tEZvW2HDQhRKPMoOLU43NXJCXk8maj51SdAT', 'storm.messaging.netty.authentication': False, 'petrel.user': 'pipe', 'drpc.port': 3772, 'storm.messaging.netty.buffer_size': 5242880, 'topology.state.synchronization.timeout.secs': 60, 'worker.heap.memory.mb': 768, 'topology.name': 'spam', 'topology.priority': 29, 'supervisor.worker.timeout.secs': 30, 'ui.filter': None, 'topology.trident.batch.emit.interval.millis': 500, 'topology.max.task.parallelism': None, 'supervisor.cpu.capacity': 400.0, 'topology.submitter.user': 'root', 'logviewer.max.per.worker.logs.size.mb': 2048, 'nimbus.host': 'localhost', 'topology.builtin.metrics.bucket.size.secs': 60, 'topology.component.cpu.pcore.percent': 10.0, 'ui.users': None, 'storm.thrift.transport': 'org.apache.storm.security.auth.SimpleTransportPlugin', 'logs.users': None, 'logviewer.port': 8000, 'oauth.consumer_key': 'eaFmBSxUveRJfmyZYeabti9Q9', 'topology.kryo.decorators': [], 'topology.debug': False, 'storm.zookeeper.auth.user': None}, 'context': {'task->component': {'11': '__acker', '10': 'WordDivider', '1': 'CountThreeWords', '3': 'CountTwoWords', '2': 'CountThreeWords', '5': 'CountWord', '4': 'CountTwoWords', '7': 'KafkaConsumer', '6': 'CountWord', '9': 'TwoWordDivider', '8': 'ThreeWordDivider'}, 'stream->target->grouping': {'default': {'WordDivider': {'type': 'SHUFFLE'}, 'ThreeWordDivider': {'type': 'SHUFFLE'}, 'TwoWordDivider': {'type': 'SHUFFLE'}}}, 'source->stream->fields': {}, 'streams': ['default'], 'stream->outputfields': {'default': ['sentence', 'user']}, 'taskid': 7, 'source->stream->grouping': {}, 'componentid': 'KafkaConsumer'}}
[2016-09-20 17:17:43,999][storm][INFO]Task sent pid to Storm
[2016-09-20 17:17:44,112][kafka.conn][INFO]Broker version identifed as 0.10
[2016-09-20 17:17:44,112][kafka.conn][INFO]Set configuration api_version=(0, 10) to skip auto check_version requests on startup
[2016-09-20 17:17:44,120][kafka.consumer.subscription_state][INFO]Updating subscribed topics to: ['spamtopic']
[2016-09-20 17:17:44,120][kafka.cluster][INFO]Group coordinator for kafka-python-default-group is BrokerMetadata(nodeId=0, host=u'localhost', port=9092, rack=None)
[2016-09-20 17:17:44,121][kafka.coordinator][INFO]Discovered coordinator 0 for group kafka-python-default-group
[2016-09-20 17:17:44,121][kafka.coordinator.consumer][INFO]Revoking previously assigned partitions set([]) for group kafka-python-default-group
[2016-09-20 17:17:44,121][kafka.coordinator][INFO](Re-)joining group kafka-python-default-group
[2016-09-20 17:18:07,388][kafka.coordinator][INFO]Joined group 'kafka-python-default-group' (generation 576) with member_id kafka-python-1.3.1-fa1c3680-83ea-4421-98ae-c7fd969d1324
[2016-09-20 17:18:07,392][kafka.coordinator][INFO]Successfully joined group kafka-python-default-group with generation 576
[2016-09-20 17:18:07,393][kafka.consumer.subscription_state][INFO]Updated partition assignment: [TopicPartition(topic=u'spamtopic', partition=0)]
[2016-09-20 17:18:07,393][kafka.coordinator.consumer][INFO]Setting newly assigned partitions set([TopicPartition(topic=u'spamtopic', partition=0)]) for group kafka-python-default-group
[2016-09-20 17:18:10,403][kafka.coordinator][WARNING]Heartbeat failed for group kafka-python-default-group because it is rebalancing
[2016-09-20 17:18:10,403][kafka.coordinator][WARNING]Heartbeat failed ([Error 27] RebalanceInProgressError: ); retrying
[2016-09-20 17:18:10,505][kafka.coordinator][INFO]Skipping heartbeat: no auto-assignment or waiting on rebalance
[2016-09-20 17:18:10,905][kafka.coordinator.consumer][INFO]Revoking previously assigned partitions set([TopicPartition(topic=u'spamtopic', partition=0)]) for group kafka-python-default-group
[2016-09-20 17:18:10,905][kafka.coordinator][INFO](Re-)joining group kafka-python-default-group
[2016-09-20 17:18:10,946][kafka.coordinator][INFO]Joined group 'kafka-python-default-group' (generation 577) with member_id kafka-python-1.3.1-fa1c3680-83ea-4421-98ae-c7fd969d1324
[2016-09-20 17:18:10,948][kafka.coordinator][INFO]Successfully joined group kafka-python-default-group with generation 577
[2016-09-20 17:18:10,948][kafka.consumer.subscription_state][INFO]Updated partition assignment: [TopicPartition(topic=u'spamtopic', partition=0)]
[2016-09-20 17:18:10,948][kafka.coordinator.consumer][INFO]Setting newly assigned partitions set([TopicPartition(topic=u'spamtopic', partition=0)]) for group kafka-python-default-group
[2016-09-20 17:18:13,959][kafka.coordinator][WARNING]Heartbeat failed for group kafka-python-default-group because it is rebalancing
[2016-09-20 17:18:13,959][kafka.coordinator][WARNING]Heartbeat failed ([Error 27] RebalanceInProgressError: ); retrying
[2016-09-20 17:18:14,061][kafka.coordinator][INFO]Skipping heartbeat: no auto-assignment or waiting on rebalance
[2016-09-20 17:18:14,461][kafka.coordinator.consumer][INFO]Revoking previously assigned partitions set([TopicPartition(topic=u'spamtopic', partition=0)]) for group kafka-python-default-group
[2016-09-20 17:18:14,461][kafka.coordinator][INFO](Re-)joining group kafka-python-default-group
[2016-09-20 17:18:14,463][kafka.coordinator][INFO]Joined group 'kafka-python-default-group' (generation 578) with member_id kafka-python-1.3.1-fa1c3680-83ea-4421-98ae-c7fd969d1324
[2016-09-20 17:18:14,464][kafka.coordinator][INFO]Successfully joined group kafka-python-default-group with generation 578
[2016-09-20 17:18:14,465][kafka.consumer.subscription_state][INFO]Updated partition assignment: [TopicPartition(topic=u'spamtopic', partition=0)]
[2016-09-20 17:18:14,465][kafka.coordinator.consumer][INFO]Setting newly assigned partitions set([TopicPartition(topic=u'spamtopic', partition=0)]) for group kafka-python-default-group
[2016-09-20 17:18:17,473][kafka.coordinator][WARNING]Heartbeat failed for group kafka-python-default-group because it is rebalancing
[2016-09-20 17:18:17,473][kafka.coordinator][WARNING]Heartbeat failed ([Error 27] RebalanceInProgressError: ); retrying
[2016-09-20 17:18:17,575][kafka.coordinator][INFO]Skipping heartbeat: no auto-assignment or waiting on rebalance
[2016-09-20 17:18:17,975][kafka.coordinator.consumer][INFO]Revoking previously assigned partitions set([TopicPartition(topic=u'spamtopic', partition=0)]) for group kafka-python-default-group
[2016-09-20 17:18:17,975][kafka.coordinator][INFO](Re-)joining group kafka-python-default-group
[2016-09-20 17:18:17,976][kafka.coordinator][INFO]Joined group 'kafka-python-default-group' (generation 579) with member_id kafka-python-1.3.1-fa1c3680-83ea-4421-98ae-c7fd969d1324
[2016-09-20 17:18:17,978][kafka.coordinator][INFO]Successfully joined group kafka-python-default-group with generation 579
[2016-09-20 17:18:17,978][kafka.consumer.subscription_state][INFO]Updated partition assignment: [TopicPartition(topic=u'spamtopic', partition=0)]
[2016-09-20 17:18:17,978][kafka.coordinator.consumer][INFO]Setting newly assigned partitions set([TopicPartition(topic=u'spamtopic', partition=0)]) for group kafka-python-default-group
[2016-09-20 17:18:20,987][kafka.coordinator][WARNING]Heartbeat failed for group kafka-python-default-group because it is rebalancing
[2016-09-20 17:18:20,988][kafka.coordinator][WARNING]Heartbeat failed ([Error 27] RebalanceInProgressError: ); retrying
[2016-09-20 17:18:21,089][kafka.coordinator][INFO]Skipping heartbeat: no auto-assignment or waiting on rebalance
[2016-09-20 17:18:21,489][kafka.coordinator.consumer][INFO]Revoking previously assigned partitions set([TopicPartition(topic=u'spamtopic', partition=0)]) for group kafka-python-default-group
[2016-09-20 17:18:21,489][kafka.coordinator][INFO](Re-)joining group kafka-python-default-group
[2016-09-20 17:18:21,550][kafka.coordinator][INFO]Joined group 'kafka-python-default-group' (generation 580) with member_id kafka-python-1.3.1-fa1c3680-83ea-4421-98ae-c7fd969d1324
[2016-09-20 17:18:21,551][kafka.coordinator][INFO]Successfully joined group kafka-python-default-group with generation 580
[2016-09-20 17:18:21,552][kafka.consumer.subscription_state][INFO]Updated partition assignment: [TopicPartition(topic=u'spamtopic', partition=0)]
[2016-09-20 17:18:21,552][kafka.coordinator.consumer][INFO]Setting newly assigned partitions set([TopicPartition(topic=u'spamtopic', partition=0)]) for group kafka-python-default-group
[2016-09-20 17:18:24,560][kafka.coordinator][WARNING]Heartbeat failed for group kafka-python-default-group because it is rebalancing
[2016-09-20 17:18:24,561][kafka.coordinator][WARNING]Heartbeat failed ([Error 27] RebalanceInProgressError: ); retrying
[2016-09-20 17:18:24,662][kafka.coordinator][INFO]Skipping heartbeat: no auto-assignment or waiting on rebalance
[2016-09-20 17:18:25,063][kafka.coordinator.consumer][INFO]Revoking previously assigned partitions set([TopicPartition(topic=u'spamtopic', partition=0)]) for group kafka-python-default-group
[2016-09-20 17:18:25,063][kafka.coordinator][INFO](Re-)joining group kafka-python-default-group
[2016-09-20 17:18:25,064][kafka.coordinator][INFO]Joined group 'kafka-python-default-group' (generation 581) with member_id kafka-python-1.3.1-fa1c3680-83ea-4421-98ae-c7fd969d1324
[2016-09-20 17:18:25,066][kafka.coordinator][INFO]Successfully joined group kafka-python-default-group with generation 581
[2016-09-20 17:18:25,066][kafka.consumer.subscription_state][INFO]Updated partition assignment: [TopicPartition(topic=u'spamtopic', partition=0)]
[2016-09-20 17:18:25,066][kafka.coordinator.consumer][INFO]Setting newly assigned partitions set([TopicPartition(topic=u'spamtopic', partition=0)]) for group kafka-python-default-group
[2016-09-20 17:18:28,076][kafka.coordinator][WARNING]Heartbeat failed for group kafka-python-default-group because it is rebalancing
[2016-09-20 17:18:28,076][kafka.coordinator][WARNING]Heartbeat failed ([Error 27] RebalanceInProgressError: ); retrying
[2016-09-20 17:18:28,177][kafka.coordinator][INFO]Skipping heartbeat: no auto-assignment or waiting on rebalance
[2016-09-20 17:18:28,578][kafka.coordinator.consumer][INFO]Revoking previously assigned partitions set([TopicPartition(topic=u'spamtopic', partition=0)]) for group kafka-python-default-group
[2016-09-20 17:18:28,578][kafka.coordinator][INFO](Re-)joining group kafka-python-default-group
[2016-09-20 17:18:28,579][kafka.coordinator][INFO]Joined group 'kafka-python-default-group' (generation 582) with member_id kafka-python-1.3.1-fa1c3680-83ea-4421-98ae-c7fd969d1324
[2016-09-20 17:18:28,583][kafka.coordinator][INFO]Successfully joined group kafka-python-default-group with generation 582
[2016-09-20 17:18:28,584][kafka.consumer.subscription_state][INFO]Updated partition assignment: [TopicPartition(topic=u'spamtopic', partition=0)]
[2016-09-20 17:18:28,584][kafka.coordinator.consumer][INFO]Setting newly assigned partitions set([TopicPartition(topic=u'spamtopic', partition=0)]) for group kafka-python-default-group
[2016-09-20 17:18:31,593][kafka.coordinator][WARNING]Heartbeat failed for group kafka-python-default-group because it is rebalancing
[2016-09-20 17:18:31,593][kafka.coordinator][WARNING]Heartbeat failed ([Error 27] RebalanceInProgressError: ); retrying
[2016-09-20 17:18:31,694][kafka.coordinator][INFO]Skipping heartbeat: no auto-assignment or waiting on rebalance
[2016-09-20 17:18:32,096][kafka.coordinator.consumer][INFO]Revoking previously assigned partitions set([TopicPartition(topic=u'spamtopic', partition=0)]) for group kafka-python-default-group
[2016-09-20 17:18:32,096][kafka.coordinator][INFO](Re-)joining group kafka-python-default-group
[2016-09-20 17:18:32,097][kafka.coordinator][INFO]Joined group 'kafka-python-default-group' (generation 583) with member_id kafka-python-1.3.1-fa1c3680-83ea-4421-98ae-c7fd969d1324
[2016-09-20 17:18:32,098][kafka.coordinator][INFO]Successfully joined group kafka-python-default-group with generation 583
[2016-09-20 17:18:32,099][kafka.consumer.subscription_state][INFO]Updated partition assignment: [TopicPartition(topic=u'spamtopic', partition=0)]
[2016-09-20 17:18:32,099][kafka.coordinator.consumer][INFO]Setting newly assigned partitions set([TopicPartition(topic=u'spamtopic', partition=0)]) for group kafka-python-default-group
[2016-09-20 17:18:35,109][kafka.coordinator][WARNING]Heartbeat failed for group kafka-python-default-group because it is rebalancing
[2016-09-20 17:18:35,109][kafka.coordinator][WARNING]Heartbeat failed ([Error 27] RebalanceInProgressError: ); retrying
[2016-09-20 17:18:35,210][kafka.coordinator][INFO]Skipping heartbeat: no auto-assignment or waiting on rebalance
[2016-09-20 17:18:35,611][kafka.coordinator.consumer][INFO]Revoking previously assigned partitions set([TopicPartition(topic=u'spamtopic', partition=0)]) for group kafka-python-default-group
[2016-09-20 17:18:35,612][kafka.coordinator][INFO](Re-)joining group kafka-python-default-group
[2016-09-20 17:18:35,613][kafka.coordinator][INFO]Joined group 'kafka-python-default-group' (generation 584) with member_id kafka-python-1.3.1-fa1c3680-83ea-4421-98ae-c7fd969d1324
[2016-09-20 17:18:35,614][kafka.coordinator][INFO]Successfully joined group kafka-python-default-group with generation 584
[2016-09-20 17:18:35,615][kafka.consumer.subscription_state][INFO]Updated partition assignment: [TopicPartition(topic=u'spamtopic', partition=0)]
[2016-09-20 17:18:35,615][kafka.coordinator.consumer][INFO]Setting newly assigned partitions set([TopicPartition(topic=u'spamtopic', partition=0)]) for group kafka-python-default-group
[2016-09-20 17:18:38,624][kafka.coordinator][WARNING]Heartbeat failed for group kafka-python-default-group because it is rebalancing
[2016-09-20 17:18:38,624][kafka.coordinator][WARNING]Heartbeat failed ([Error 27] RebalanceInProgressError: ); retrying
[2016-09-20 17:18:38,725][kafka.coordinator][INFO]Skipping heartbeat: no auto-assignment or waiting on rebalance
[2016-09-20 17:18:39,126][kafka.coordinator.consumer][INFO]Revoking previously assigned partitions set([TopicPartition(topic=u'spamtopic', partition=0)]) for group kafka-python-default-group
[2016-09-20 17:18:39,126][kafka.coordinator][INFO](Re-)joining group kafka-python-default-group
[2016-09-20 17:18:39,128][kafka.coordinator][INFO]Joined group 'kafka-python-default-group' (generation 585) with member_id kafka-python-1.3.1-fa1c3680-83ea-4421-98ae-c7fd969d1324
[2016-09-20 17:18:39,129][kafka.coordinator][INFO]Successfully joined group kafka-python-default-group with generation 585
[2016-09-20 17:18:39,130][kafka.consumer.subscription_state][INFO]Updated partition assignment: [TopicPartition(topic=u'spamtopic', partition=0)]
[2016-09-20 17:18:39,130][kafka.coordinator.consumer][INFO]Setting newly assigned partitions set([TopicPartition(topic=u'spamtopic', partition=0)]) for group kafka-python-default-group
[2016-09-20 17:18:42,138][kafka.coordinator][WARNING]Heartbeat failed for group kafka-python-default-group because it is rebalancing
[2016-09-20 17:18:42,138][kafka.coordinator][WARNING]Heartbeat failed ([Error 27] RebalanceInProgressError: ); retrying
[2016-09-20 17:18:42,240][kafka.coordinator][INFO]Skipping heartbeat: no auto-assignment or waiting on rebalance
[2016-09-20 17:18:42,641][kafka.coordinator.consumer][INFO]Revoking previously assigned partitions set([TopicPartition(topic=u'spamtopic', partition=0)]) for group kafka-python-default-group
[2016-09-20 17:18:42,641][kafka.coordinator][INFO](Re-)joining group kafka-python-default-group
[2016-09-20 17:18:42,651][kafka.coordinator][INFO]Joined group 'kafka-python-default-group' (generation 586) with member_id kafka-python-1.3.1-fa1c3680-83ea-4421-98ae-c7fd969d1324
[2016-09-20 17:18:42,653][kafka.coordinator][INFO]Successfully joined group kafka-python-default-group with generation 586
[2016-09-20 17:18:42,655][kafka.consumer.subscription_state][INFO]Updated partition assignment: [TopicPartition(topic=u'spamtopic', partition=0)]
[2016-09-20 17:18:42,655][kafka.coordinator.consumer][INFO]Setting newly assigned partitions set([TopicPartition(topic=u'spamtopic', partition=0)]) for group kafka-python-default-group
[2016-09-20 17:18:45,667][kafka.coordinator][WARNING]Heartbeat failed for group kafka-python-default-group because it is rebalancing
[2016-09-20 17:18:45,667][kafka.coordinator][WARNING]Heartbeat failed ([Error 27] RebalanceInProgressError: ); retrying
[2016-09-20 17:18:45,768][kafka.coordinator][INFO]Skipping heartbeat: no auto-assignment or waiting on rebalance
[2016-09-20 17:18:46,168][kafka.coordinator.consumer][INFO]Revoking previously assigned partitions set([TopicPartition(topic=u'spamtopic', partition=0)]) for group kafka-python-default-group
[2016-09-20 17:18:46,168][kafka.coordinator][INFO](Re-)joining group kafka-python-default-group
[2016-09-20 17:18:46,170][kafka.coordinator][INFO]Joined group 'kafka-python-default-group' (generation 587) with member_id kafka-python-1.3.1-fa1c3680-83ea-4421-98ae-c7fd969d1324
[2016-09-20 17:18:46,171][kafka.coordinator][INFO]Successfully joined group kafka-python-default-group with generation 587
[2016-09-20 17:18:46,172][kafka.consumer.subscription_state][INFO]Updated partition assignment: [TopicPartition(topic=u'spamtopic', partition=0)]
[2016-09-20 17:18:46,172][kafka.coordinator.consumer][INFO]Setting newly assigned partitions set([TopicPartition(topic=u'spamtopic', partition=0)]) for group kafka-python-default-group
[2016-09-20 17:18:49,183][kafka.coordinator][WARNING]Heartbeat failed for group kafka-python-default-group because it is rebalancing
[2016-09-20 17:18:49,183][kafka.coordinator][WARNING]Heartbeat failed ([Error 27] RebalanceInProgressError: ); retrying
[2016-09-20 17:18:49,284][kafka.coordinator][INFO]Skipping heartbeat: no auto-assignment or waiting on rebalance
[2016-09-20 17:18:49,684][kafka.coordinator.consumer][INFO]Revoking previously assigned partitions set([TopicPartition(topic=u'spamtopic', partition=0)]) for group kafka-python-default-group
[2016-09-20 17:18:49,684][kafka.coordinator][INFO](Re-)joining group kafka-python-default-group
[2016-09-20 17:18:49,685][kafka.coordinator][INFO]Joined group 'kafka-python-default-group' (generation 588) with member_id kafka-python-1.3.1-fa1c3680-83ea-4421-98ae-c7fd969d1324
[2016-09-20 17:18:49,688][kafka.coordinator][INFO]Successfully joined group kafka-python-default-group with generation 588
[2016-09-20 17:18:49,688][kafka.consumer.subscription_state][INFO]Updated partition assignment: [TopicPartition(topic=u'spamtopic', partition=0)]
[2016-09-20 17:18:49,689][kafka.coordinator.consumer][INFO]Setting newly assigned partitions set([TopicPartition(topic=u'spamtopic', partition=0)]) for group kafka-python-default-group
[2016-09-20 17:18:52,699][kafka.coordinator][WARNING]Heartbeat failed for group kafka-python-default-group because it is rebalancing
[2016-09-20 17:18:52,699][kafka.coordinator][WARNING]Heartbeat failed ([Error 27] RebalanceInProgressError: ); retrying
[2016-09-20 17:18:52,800][kafka.coordinator][INFO]Skipping heartbeat: no auto-assignment or waiting on rebalance
[2016-09-20 17:18:53,201][kafka.coordinator.consumer][INFO]Revoking previously assigned partitions set([TopicPartition(topic=u'spamtopic', partition=0)]) for group kafka-python-default-group
[2016-09-20 17:18:53,202][kafka.coordinator][INFO](Re-)joining group kafka-python-default-group
[2016-09-20 17:18:53,203][kafka.coordinator][INFO]Joined group 'kafka-python-default-group' (generation 589) with member_id kafka-python-1.3.1-fa1c3680-83ea-4421-98ae-c7fd969d1324
[2016-09-20 17:18:53,204][kafka.coordinator][INFO]Successfully joined group kafka-python-default-group with generation 589
[2016-09-20 17:18:53,205][kafka.consumer.subscription_state][INFO]Updated partition assignment: [TopicPartition(topic=u'spamtopic', partition=0)]
[2016-09-20 17:18:53,205][kafka.coordinator.consumer][INFO]Setting newly assigned partitions set([TopicPartition(topic=u'spamtopic', partition=0)]) for group kafka-python-default-group
[2016-09-20 17:18:56,214][kafka.coordinator][WARNING]Heartbeat failed for group kafka-python-default-group because it is rebalancing
[2016-09-20 17:18:56,215][kafka.coordinator][WARNING]Heartbeat failed ([Error 27] RebalanceInProgressError: ); retrying
[2016-09-20 17:18:56,316][kafka.coordinator][INFO]Skipping heartbeat: no auto-assignment or waiting on rebalance
[2016-09-20 17:18:56,717][kafka.coordinator.consumer][INFO]Revoking previously assigned partitions set([TopicPartition(topic=u'spamtopic', partition=0)]) for group kafka-python-default-group
[2016-09-20 17:18:56,717][kafka.coordinator][INFO](Re-)joining group kafka-python-default-group
[2016-09-20 17:18:56,719][kafka.coordinator][INFO]Joined group 'kafka-python-default-group' (generation 590) with member_id kafka-python-1.3.1-fa1c3680-83ea-4421-98ae-c7fd969d1324
[2016-09-20 17:18:56,721][kafka.coordinator][INFO]Successfully joined group kafka-python-default-group with generation 590
[2016-09-20 17:18:56,721][kafka.consumer.subscription_state][INFO]Updated partition assignment: [TopicPartition(topic=u'spamtopic', partition=0)]
[2016-09-20 17:18:56,721][kafka.coordinator.consumer][INFO]Setting newly assigned partitions set([TopicPartition(topic=u'spamtopic', partition=0)]) for group kafka-python-default-group
[2016-09-20 17:18:59,729][kafka.coordinator][WARNING]Heartbeat failed for group kafka-python-default-group because it is rebalancing
[2016-09-20 17:18:59,729][kafka.coordinator][WARNING]Heartbeat failed ([Error 27] RebalanceInProgressError: ); retrying
[2016-09-20 17:18:59,831][kafka.coordinator][INFO]Skipping heartbeat: no auto-assignment or waiting on rebalance
[2016-09-20 17:19:00,231][kafka.coordinator.consumer][INFO]Revoking previously assigned partitions set([TopicPartition(topic=u'spamtopic', partition=0)]) for group kafka-python-default-group
[2016-09-20 17:19:00,231][kafka.coordinator][INFO](Re-)joining group kafka-python-default-group
[2016-09-20 17:19:00,235][kafka.coordinator][INFO]Joined group 'kafka-python-default-group' (generation 591) with member_id kafka-python-1.3.1-fa1c3680-83ea-4421-98ae-c7fd969d1324
[2016-09-20 17:19:00,237][kafka.coordinator][INFO]Successfully joined group kafka-python-default-group with generation 591
[2016-09-20 17:19:00,237][kafka.consumer.subscription_state][INFO]Updated partition assignment: [TopicPartition(topic=u'spamtopic', partition=0)]
[2016-09-20 17:19:00,237][kafka.coordinator.consumer][INFO]Setting newly assigned partitions set([TopicPartition(topic=u'spamtopic', partition=0)]) for group kafka-python-default-group
[2016-09-20 17:19:03,248][kafka.coordinator][WARNING]Heartbeat failed for group kafka-python-default-group because it is rebalancing
[2016-09-20 17:19:03,248][kafka.coordinator][WARNING]Heartbeat failed ([Error 27] RebalanceInProgressError: ); retrying
[2016-09-20 17:19:03,349][kafka.coordinator][INFO]Skipping heartbeat: no auto-assignment or waiting on rebalance
[2016-09-20 17:19:03,749][kafka.coordinator.consumer][INFO]Revoking previously assigned partitions set([TopicPartition(topic=u'spamtopic', partition=0)]) for group kafka-python-default-group
[2016-09-20 17:19:03,749][kafka.coordinator][INFO](Re-)joining group kafka-python-default-group
[2016-09-20 17:19:03,751][kafka.coordinator][INFO]Joined group 'kafka-python-default-group' (generation 592) with member_id kafka-python-1.3.1-fa1c3680-83ea-4421-98ae-c7fd969d1324
[2016-09-20 17:19:03,752][kafka.coordinator][INFO]Successfully joined group kafka-python-default-group with generation 592
[2016-09-20 17:19:03,753][kafka.consumer.subscription_state][INFO]Updated partition assignment: [TopicPartition(topic=u'spamtopic', partition=0)]
[2016-09-20 17:19:03,753][kafka.coordinator.consumer][INFO]Setting newly assigned partitions set([TopicPartition(topic=u'spamtopic', partition=0)]) for group kafka-python-default-group
[2016-09-20 17:19:06,762][kafka.coordinator][WARNING]Heartbeat failed for group kafka-python-default-group because it is rebalancing
[2016-09-20 17:19:06,763][kafka.coordinator][WARNING]Heartbeat failed ([Error 27] RebalanceInProgressError: ); retrying
[2016-09-20 17:19:06,864][kafka.coordinator][INFO]Skipping heartbeat: no auto-assignment or waiting on rebalance
[2016-09-20 17:19:07,264][kafka.coordinator.consumer][INFO]Revoking previously assigned partitions set([TopicPartition(topic=u'spamtopic', partition=0)]) for group kafka-python-default-group
[2016-09-20 17:19:07,264][kafka.coordinator][INFO](Re-)joining group kafka-python-default-group
[2016-09-20 17:19:07,265][kafka.coordinator][INFO]Joined group 'kafka-python-default-group' (generation 593) with member_id kafka-python-1.3.1-fa1c3680-83ea-4421-98ae-c7fd969d1324
[2016-09-20 17:19:07,267][kafka.coordinator][INFO]Successfully joined group kafka-python-default-group with generation 593
[2016-09-20 17:19:07,267][kafka.consumer.subscription_state][INFO]Updated partition assignment: [TopicPartition(topic=u'spamtopic', partition=0)]
[2016-09-20 17:19:07,267][kafka.coordinator.consumer][INFO]Setting newly assigned partitions set([TopicPartition(topic=u'spamtopic', partition=0)]) for group kafka-python-default-group
[2016-09-20 17:19:10,277][kafka.coordinator][WARNING]Heartbeat failed for group kafka-python-default-group because it is rebalancing
[2016-09-20 17:19:10,278][kafka.coordinator][WARNING]Heartbeat failed ([Error 27] RebalanceInProgressError: ); retrying
[2016-09-20 17:19:10,379][kafka.coordinator][INFO]Skipping heartbeat: no auto-assignment or waiting on rebalance
[2016-09-20 17:19:10,780][kafka.coordinator.consumer][INFO]Revoking previously assigned partitions set([TopicPartition(topic=u'spamtopic', partition=0)]) for group kafka-python-default-group
[2016-09-20 17:19:10,780][kafka.coordinator][INFO](Re-)joining group kafka-python-default-group
[2016-09-20 17:19:10,782][kafka.coordinator][INFO]Joined group 'kafka-python-default-group' (generation 594) with member_id kafka-python-1.3.1-fa1c3680-83ea-4421-98ae-c7fd969d1324
[2016-09-20 17:19:10,784][kafka.coordinator][INFO]Successfully joined group kafka-python-default-group with generation 594
[2016-09-20 17:19:10,784][kafka.consumer.subscription_state][INFO]Updated partition assignment: [TopicPartition(topic=u'spamtopic', partition=0)]
[2016-09-20 17:19:10,784][kafka.coordinator.consumer][INFO]Setting newly assigned partitions set([TopicPartition(topic=u'spamtopic', partition=0)]) for group kafka-python-default-group
[2016-09-20 17:19:13,792][kafka.coordinator][WARNING]Heartbeat failed for group kafka-python-default-group because it is rebalancing
[2016-09-20 17:19:13,792][kafka.coordinator][WARNING]Heartbeat failed ([Error 27] RebalanceInProgressError: ); retrying
[2016-09-20 17:19:13,894][kafka.coordinator][INFO]Skipping heartbeat: no auto-assignment or waiting on rebalance
[2016-09-20 17:19:14,294][kafka.coordinator.consumer][INFO]Revoking previously assigned partitions set([TopicPartition(topic=u'spamtopic', partition=0)]) for group kafka-python-default-group
[2016-09-20 17:19:14,294][kafka.coordinator][INFO](Re-)joining group kafka-python-default-group
[2016-09-20 17:19:14,296][kafka.coordinator][INFO]Joined group 'kafka-python-default-group' (generation 595) with member_id kafka-python-1.3.1-fa1c3680-83ea-4421-98ae-c7fd969d1324
[2016-09-20 17:19:14,298][kafka.coordinator][INFO]Successfully joined group kafka-python-default-group with generation 595
[2016-09-20 17:19:14,298][kafka.consumer.subscription_state][INFO]Updated partition assignment: [TopicPartition(topic=u'spamtopic', partition=0)]
[2016-09-20 17:19:14,298][kafka.coordinator.consumer][INFO]Setting newly assigned partitions set([TopicPartition(topic=u'spamtopic', partition=0)]) for group kafka-python-default-group
[2016-09-20 17:19:17,308][kafka.coordinator][WARNING]Heartbeat failed for group kafka-python-default-group because it is rebalancing
[2016-09-20 17:19:17,309][kafka.coordinator][WARNING]Heartbeat failed ([Error 27] RebalanceInProgressError: ); retrying
[2016-09-20 17:19:17,410][kafka.coordinator][INFO]Skipping heartbeat: no auto-assignment or waiting on rebalance
[2016-09-20 17:19:17,810][kafka.coordinator.consumer][INFO]Revoking previously assigned partitions set([TopicPartition(topic=u'spamtopic', partition=0)]) for group kafka-python-default-group
[2016-09-20 17:19:17,810][kafka.coordinator][INFO](Re-)joining group kafka-python-default-group
[2016-09-20 17:19:17,812][kafka.coordinator][INFO]Joined group 'kafka-python-default-group' (generation 596) with member_id kafka-python-1.3.1-fa1c3680-83ea-4421-98ae-c7fd969d1324
[2016-09-20 17:19:17,813][kafka.coordinator][INFO]Successfully joined group kafka-python-default-group with generation 596
[2016-09-20 17:19:17,813][kafka.consumer.subscription_state][INFO]Updated partition assignment: [TopicPartition(topic=u'spamtopic', partition=0)]
[2016-09-20 17:19:17,814][kafka.coordinator.consumer][INFO]Setting newly assigned partitions set([TopicPartition(topic=u'spamtopic', partition=0)]) for group kafka-python-default-group
[2016-09-20 17:19:20,823][kafka.coordinator][WARNING]Heartbeat failed for group kafka-python-default-group because it is rebalancing
[2016-09-20 17:19:20,823][kafka.coordinator][WARNING]Heartbeat failed ([Error 27] RebalanceInProgressError: ); retrying
[2016-09-20 17:19:20,924][kafka.coordinator][INFO]Skipping heartbeat: no auto-assignment or waiting on rebalance
[2016-09-20 17:19:21,324][kafka.coordinator.consumer][INFO]Revoking previously assigned partitions set([TopicPartition(topic=u'spamtopic', partition=0)]) for group kafka-python-default-group
[2016-09-20 17:19:21,324][kafka.coordinator][INFO](Re-)joining group kafka-python-default-group
[2016-09-20 17:19:21,327][kafka.coordinator][INFO]Joined group 'kafka-python-default-group' (generation 597) with member_id kafka-python-1.3.1-fa1c3680-83ea-4421-98ae-c7fd969d1324
[2016-09-20 17:19:21,329][kafka.coordinator][INFO]Successfully joined group kafka-python-default-group with generation 597
[2016-09-20 17:19:21,329][kafka.consumer.subscription_state][INFO]Updated partition assignment: [TopicPartition(topic=u'spamtopic', partition=0)]
[2016-09-20 17:19:21,330][kafka.coordinator.consumer][INFO]Setting newly assigned partitions set([TopicPartition(topic=u'spamtopic', partition=0)]) for group kafka-python-default-group
[2016-09-20 17:19:24,340][kafka.coordinator][WARNING]Heartbeat failed for group kafka-python-default-group because it is rebalancing
[2016-09-20 17:19:24,341][kafka.coordinator][WARNING]Heartbeat failed ([Error 27] RebalanceInProgressError: ); retrying
[2016-09-20 17:19:24,442][kafka.coordinator][INFO]Skipping heartbeat: no auto-assignment or waiting on rebalance
[2016-09-20 17:19:24,841][kafka.coordinator.consumer][INFO]Revoking previously assigned partitions set([TopicPartition(topic=u'spamtopic', partition=0)]) for group kafka-python-default-group
[2016-09-20 17:19:24,842][kafka.coordinator][INFO](Re-)joining group kafka-python-default-group
[2016-09-20 17:19:24,844][kafka.coordinator][INFO]Joined group 'kafka-python-default-group' (generation 598) with member_id kafka-python-1.3.1-fa1c3680-83ea-4421-98ae-c7fd969d1324
[2016-09-20 17:19:24,846][kafka.coordinator][INFO]Successfully joined group kafka-python-default-group with generation 598
[2016-09-20 17:19:24,846][kafka.consumer.subscription_state][INFO]Updated partition assignment: [TopicPartition(topic=u'spamtopic', partition=0)]
[2016-09-20 17:19:24,847][kafka.coordinator.consumer][INFO]Setting newly assigned partitions set([TopicPartition(topic=u'spamtopic', partition=0)]) for group kafka-python-default-group
[2016-09-20 17:19:27,854][kafka.coordinator][WARNING]Heartbeat failed for group kafka-python-default-group because it is rebalancing
[2016-09-20 17:19:27,854][kafka.coordinator][WARNING]Heartbeat failed ([Error 27] RebalanceInProgressError: ); retrying
[2016-09-20 17:19:27,956][kafka.coordinator][INFO]Skipping heartbeat: no auto-assignment or waiting on rebalance
[2016-09-20 17:19:28,357][kafka.coordinator.consumer][INFO]Revoking previously assigned partitions set([TopicPartition(topic=u'spamtopic', partition=0)]) for group kafka-python-default-group
[2016-09-20 17:19:28,357][kafka.coordinator][INFO](Re-)joining group kafka-python-default-group
[2016-09-20 17:19:28,358][kafka.coordinator][INFO]Joined group 'kafka-python-default-group' (generation 599) with member_id kafka-python-1.3.1-fa1c3680-83ea-4421-98ae-c7fd969d1324
[2016-09-20 17:19:28,361][kafka.coordinator][INFO]Successfully joined group kafka-python-default-group with generation 599
[2016-09-20 17:19:28,361][kafka.consumer.subscription_state][INFO]Updated partition assignment: [TopicPartition(topic=u'spamtopic', partition=0)]
[2016-09-20 17:19:28,361][kafka.coordinator.consumer][INFO]Setting newly assigned partitions set([TopicPartition(topic=u'spamtopic', partition=0)]) for group kafka-python-default-group
[2016-09-20 17:19:31,371][kafka.coordinator][WARNING]Heartbeat failed for group kafka-python-default-group because it is rebalancing
[2016-09-20 17:19:31,372][kafka.coordinator][WARNING]Heartbeat failed ([Error 27] RebalanceInProgressError: ); retrying
[2016-09-20 17:19:31,473][kafka.coordinator][INFO]Skipping heartbeat: no auto-assignment or waiting on rebalance
[2016-09-20 17:19:31,873][kafka.coordinator.consumer][INFO]Revoking previously assigned partitions set([TopicPartition(topic=u'spamtopic', partition=0)]) for group kafka-python-default-group
[2016-09-20 17:19:31,873][kafka.coordinator][INFO](Re-)joining group kafka-python-default-group
[2016-09-20 17:19:31,875][kafka.coordinator][INFO]Joined group 'kafka-python-default-group' (generation 600) with member_id kafka-python-1.3.1-fa1c3680-83ea-4421-98ae-c7fd969d1324
[2016-09-20 17:19:31,876][kafka.coordinator][INFO]Successfully joined group kafka-python-default-group with generation 600
[2016-09-20 17:19:31,876][kafka.consumer.subscription_state][INFO]Updated partition assignment: [TopicPartition(topic=u'spamtopic', partition=0)]
[2016-09-20 17:19:31,876][kafka.coordinator.consumer][INFO]Setting newly assigned partitions set([TopicPartition(topic=u'spamtopic', partition=0)]) for group kafka-python-default-group
[2016-09-20 17:19:34,885][kafka.coordinator][WARNING]Heartbeat failed for group kafka-python-default-group because it is rebalancing
[2016-09-20 17:19:34,885][kafka.coordinator][WARNING]Heartbeat failed ([Error 27] RebalanceInProgressError: ); retrying
[2016-09-20 17:19:34,986][kafka.coordinator][INFO]Skipping heartbeat: no auto-assignment or waiting on rebalance
[2016-09-20 17:19:35,387][kafka.coordinator.consumer][INFO]Revoking previously assigned partitions set([TopicPartition(topic=u'spamtopic', partition=0)]) for group kafka-python-default-group
[2016-09-20 17:19:35,388][kafka.coordinator][INFO](Re-)joining group kafka-python-default-group
[2016-09-20 17:19:35,390][kafka.coordinator][INFO]Joined group 'kafka-python-default-group' (generation 601) with member_id kafka-python-1.3.1-fa1c3680-83ea-4421-98ae-c7fd969d1324
[2016-09-20 17:19:35,391][kafka.coordinator][INFO]Successfully joined group kafka-python-default-group with generation 601
[2016-09-20 17:19:35,392][kafka.consumer.subscription_state][INFO]Updated partition assignment: [TopicPartition(topic=u'spamtopic', partition=0)]
[2016-09-20 17:19:35,392][kafka.coordinator.consumer][INFO]Setting newly assigned partitions set([TopicPartition(topic=u'spamtopic', partition=0)]) for group kafka-python-default-group
[2016-09-20 17:19:38,401][kafka.coordinator][WARNING]Heartbeat failed for group kafka-python-default-group because it is rebalancing
[2016-09-20 17:19:38,401][kafka.coordinator][WARNING]Heartbeat failed ([Error 27] RebalanceInProgressError: ); retrying
[2016-09-20 17:19:38,503][kafka.coordinator][INFO]Skipping heartbeat: no auto-assignment or waiting on rebalance
[2016-09-20 17:19:38,904][kafka.coordinator.consumer][INFO]Revoking previously assigned partitions set([TopicPartition(topic=u'spamtopic', partition=0)]) for group kafka-python-default-group
[2016-09-20 17:19:38,904][kafka.coordinator][INFO](Re-)joining group kafka-python-default-group
[2016-09-20 17:19:38,905][kafka.coordinator][INFO]Joined group 'kafka-python-default-group' (generation 602) with member_id kafka-python-1.3.1-fa1c3680-83ea-4421-98ae-c7fd969d1324
[2016-09-20 17:19:38,907][kafka.coordinator][INFO]Successfully joined group kafka-python-default-group with generation 602
[2016-09-20 17:19:38,907][kafka.consumer.subscription_state][INFO]Updated partition assignment: [TopicPartition(topic=u'spamtopic', partition=0)]
[2016-09-20 17:19:38,907][kafka.coordinator.consumer][INFO]Setting newly assigned partitions set([TopicPartition(topic=u'spamtopic', partition=0)]) for group kafka-python-default-group
[2016-09-20 17:19:41,916][kafka.coordinator][WARNING]Heartbeat failed for group kafka-python-default-group because it is rebalancing
[2016-09-20 17:19:41,916][kafka.coordinator][WARNING]Heartbeat failed ([Error 27] RebalanceInProgressError: ); retrying
[2016-09-20 17:19:42,016][kafka.coordinator][INFO]Skipping heartbeat: no auto-assignment or waiting on rebalance
[2016-09-20 17:19:42,418][kafka.coordinator.consumer][INFO]Revoking previously assigned partitions set([TopicPartition(topic=u'spamtopic', partition=0)]) for group kafka-python-default-group
[2016-09-20 17:19:42,418][kafka.coordinator][INFO](Re-)joining group kafka-python-default-group
[2016-09-20 17:19:42,420][kafka.coordinator][INFO]Joined group 'kafka-python-default-group' (generation 603) with member_id kafka-python-1.3.1-fa1c3680-83ea-4421-98ae-c7fd969d1324
[2016-09-20 17:19:42,422][kafka.coordinator][INFO]Successfully joined group kafka-python-default-group with generation 603
[2016-09-20 17:19:42,422][kafka.consumer.subscription_state][INFO]Updated partition assignment: [TopicPartition(topic=u'spamtopic', partition=0)]
[2016-09-20 17:19:42,422][kafka.coordinator.consumer][INFO]Setting newly assigned partitions set([TopicPartition(topic=u'spamtopic', partition=0)]) for group kafka-python-default-group
[2016-09-20 17:19:45,433][kafka.coordinator][WARNING]Heartbeat failed for group kafka-python-default-group because it is rebalancing
[2016-09-20 17:19:45,433][kafka.coordinator][WARNING]Heartbeat failed ([Error 27] RebalanceInProgressError: ); retrying
[2016-09-20 17:19:45,534][kafka.coordinator][INFO]Skipping heartbeat: no auto-assignment or waiting on rebalance
[2016-09-20 17:19:45,935][kafka.coordinator.consumer][INFO]Revoking previously assigned partitions set([TopicPartition(topic=u'spamtopic', partition=0)]) for group kafka-python-default-group
[2016-09-20 17:19:45,935][kafka.coordinator][INFO](Re-)joining group kafka-python-default-group
[2016-09-20 17:19:45,937][kafka.coordinator][INFO]Joined group 'kafka-python-default-group' (generation 604) with member_id kafka-python-1.3.1-fa1c3680-83ea-4421-98ae-c7fd969d1324
[2016-09-20 17:19:45,939][kafka.coordinator][INFO]Successfully joined group kafka-python-default-group with generation 604
[2016-09-20 17:19:45,939][kafka.consumer.subscription_state][INFO]Updated partition assignment: [TopicPartition(topic=u'spamtopic', partition=0)]
[2016-09-20 17:19:45,940][kafka.coordinator.consumer][INFO]Setting newly assigned partitions set([TopicPartition(topic=u'spamtopic', partition=0)]) for group kafka-python-default-group
[2016-09-20 17:19:48,948][kafka.coordinator][WARNING]Heartbeat failed for group kafka-python-default-group because it is rebalancing
[2016-09-20 17:19:48,948][kafka.coordinator][WARNING]Heartbeat failed ([Error 27] RebalanceInProgressError: ); retrying
[2016-09-20 17:19:49,049][kafka.coordinator][INFO]Skipping heartbeat: no auto-assignment or waiting on rebalance
[2016-09-20 17:19:49,450][kafka.coordinator.consumer][INFO]Revoking previously assigned partitions set([TopicPartition(topic=u'spamtopic', partition=0)]) for group kafka-python-default-group
[2016-09-20 17:19:49,450][kafka.coordinator][INFO](Re-)joining group kafka-python-default-group
[2016-09-20 17:19:49,452][kafka.coordinator][INFO]Joined group 'kafka-python-default-group' (generation 605) with member_id kafka-python-1.3.1-fa1c3680-83ea-4421-98ae-c7fd969d1324
[2016-09-20 17:19:49,453][kafka.coordinator][INFO]Successfully joined group kafka-python-default-group with generation 605
[2016-09-20 17:19:49,454][kafka.consumer.subscription_state][INFO]Updated partition assignment: [TopicPartition(topic=u'spamtopic', partition=0)]
[2016-09-20 17:19:49,454][kafka.coordinator.consumer][INFO]Setting newly assigned partitions set([TopicPartition(topic=u'spamtopic', partition=0)]) for group kafka-python-default-group
[2016-09-20 17:19:52,463][kafka.coordinator][WARNING]Heartbeat failed for group kafka-python-default-group because it is rebalancing
[2016-09-20 17:19:52,463][kafka.coordinator][WARNING]Heartbeat failed ([Error 27] RebalanceInProgressError: ); retrying
[2016-09-20 17:19:52,564][kafka.coordinator][INFO]Skipping heartbeat: no auto-assignment or waiting on rebalance
[2016-09-20 17:19:52,966][kafka.coordinator.consumer][INFO]Revoking previously assigned partitions set([TopicPartition(topic=u'spamtopic', partition=0)]) for group kafka-python-default-group
[2016-09-20 17:19:52,966][kafka.coordinator][INFO](Re-)joining group kafka-python-default-group
[2016-09-20 17:19:52,967][kafka.coordinator][INFO]Joined group 'kafka-python-default-group' (generation 606) with member_id kafka-python-1.3.1-fa1c3680-83ea-4421-98ae-c7fd969d1324
[2016-09-20 17:19:52,969][kafka.coordinator][INFO]Successfully joined group kafka-python-default-group with generation 606
[2016-09-20 17:19:52,969][kafka.consumer.subscription_state][INFO]Updated partition assignment: [TopicPartition(topic=u'spamtopic', partition=0)]
[2016-09-20 17:19:52,969][kafka.coordinator.consumer][INFO]Setting newly assigned partitions set([TopicPartition(topic=u'spamtopic', partition=0)]) for group kafka-python-default-group
[2016-09-20 17:19:55,979][kafka.coordinator][WARNING]Heartbeat failed for group kafka-python-default-group because it is rebalancing
[2016-09-20 17:19:55,979][kafka.coordinator][WARNING]Heartbeat failed ([Error 27] RebalanceInProgressError: ); retrying
[2016-09-20 17:19:56,080][kafka.coordinator][INFO]Skipping heartbeat: no auto-assignment or waiting on rebalance
[2016-09-20 17:19:56,481][kafka.coordinator.consumer][INFO]Revoking previously assigned partitions set([TopicPartition(topic=u'spamtopic', partition=0)]) for group kafka-python-default-group
[2016-09-20 17:19:56,481][kafka.coordinator][INFO](Re-)joining group kafka-python-default-group
[2016-09-20 17:19:56,483][kafka.coordinator][INFO]Joined group 'kafka-python-default-group' (generation 607) with member_id kafka-python-1.3.1-fa1c3680-83ea-4421-98ae-c7fd969d1324
[2016-09-20 17:19:56,485][kafka.coordinator][INFO]Successfully joined group kafka-python-default-group with generation 607
[2016-09-20 17:19:56,485][kafka.consumer.subscription_state][INFO]Updated partition assignment: [TopicPartition(topic=u'spamtopic', partition=0)]
[2016-09-20 17:19:56,485][kafka.coordinator.consumer][INFO]Setting newly assigned partitions set([TopicPartition(topic=u'spamtopic', partition=0)]) for group kafka-python-default-group
[2016-09-20 17:19:59,494][kafka.coordinator][WARNING]Heartbeat failed for group kafka-python-default-group because it is rebalancing
[2016-09-20 17:19:59,494][kafka.coordinator][WARNING]Heartbeat failed ([Error 27] RebalanceInProgressError: ); retrying
[2016-09-20 17:19:59,595][kafka.coordinator][INFO]Skipping heartbeat: no auto-assignment or waiting on rebalance
[2016-09-20 17:19:59,996][kafka.coordinator.consumer][INFO]Revoking previously assigned partitions set([TopicPartition(topic=u'spamtopic', partition=0)]) for group kafka-python-default-group
[2016-09-20 17:19:59,996][kafka.coordinator][INFO](Re-)joining group kafka-python-default-group
[2016-09-20 17:19:59,999][kafka.coordinator][INFO]Joined group 'kafka-python-default-group' (generation 608) with member_id kafka-python-1.3.1-fa1c3680-83ea-4421-98ae-c7fd969d1324
[2016-09-20 17:20:00,001][kafka.coordinator][INFO](Re-)joining group kafka-python-default-group
[2016-09-20 17:20:03,510][kafka.coordinator][INFO]Joined group 'kafka-python-default-group' (generation 609) with member_id kafka-python-1.3.1-fa1c3680-83ea-4421-98ae-c7fd969d1324
[2016-09-20 17:20:03,511][kafka.coordinator.consumer][WARNING]Auto offset commit failed for group kafka-python-default-group: CommitFailedError: Commit cannot be completed since the group has already rebalanced and assigned the partitions to another member. This means that the time between subsequent calls to poll() was longer than the configured session.timeout.ms, which typically implies that the poll loop is spending too much time message processing. You can address this either by increasing the session timeout or by reducing the maximum size of batches returned in poll() with max.poll.records.
[2016-09-20 17:20:03,512][kafka.coordinator][INFO]Successfully joined group kafka-python-default-group with generation 609
[2016-09-20 17:20:03,512][kafka.consumer.subscription_state][INFO]Updated partition assignment: [TopicPartition(topic=u'spamtopic', partition=0)]
[2016-09-20 17:20:03,512][kafka.coordinator.consumer][INFO]Setting newly assigned partitions set([TopicPartition(topic=u'spamtopic', partition=0)]) for group kafka-python-default-group
[2016-09-20 17:20:06,520][kafka.coordinator][WARNING]Heartbeat failed for group kafka-python-default-group because it is rebalancing
[2016-09-20 17:20:06,521][kafka.coordinator][WARNING]Heartbeat failed ([Error 27] RebalanceInProgressError: ); retrying
[2016-09-20 17:20:06,622][kafka.coordinator][INFO]Skipping heartbeat: no auto-assignment or waiting on rebalance
[2016-09-20 17:20:07,022][kafka.coordinator.consumer][INFO]Revoking previously assigned partitions set([TopicPartition(topic=u'spamtopic', partition=0)]) for group kafka-python-default-group
[2016-09-20 17:20:07,022][kafka.coordinator][INFO](Re-)joining group kafka-python-default-group
[2016-09-20 17:20:07,025][kafka.coordinator][INFO]Joined group 'kafka-python-default-group' (generation 610) with member_id kafka-python-1.3.1-fa1c3680-83ea-4421-98ae-c7fd969d1324
[2016-09-20 17:20:07,027][kafka.coordinator][INFO]Successfully joined group kafka-python-default-group with generation 610
[2016-09-20 17:20:07,028][kafka.consumer.subscription_state][INFO]Updated partition assignment: [TopicPartition(topic=u'spamtopic', partition=0)]
[2016-09-20 17:20:07,028][kafka.coordinator.consumer][INFO]Setting newly assigned partitions set([TopicPartition(topic=u'spamtopic', partition=0)]) for group kafka-python-default-group
