Beginning task setup

/usr/bin/flock
Using existing venv: /tmp/petrel-spam-3-1474274411/venv
Task setup took 0 seconds
Launching: python -m petrel.run kafkaconsumer /home/pipe/topology/TopologyTweetTransformationSPAM/petrel12682_kafkaconsumer.log
/usr/local/lib/python2.7/dist-packages/petrel-1.0.1.0.3-py2.7.egg/petrel/run.py invoked with the following arguments: ['kafkaconsumer', '/home/pipe/topology/TopologyTweetTransformationSPAM/petrel12682_kafkaconsumer.log']
python version: 2.7.12
user=root
PATH=/tmp/petrel-spam-3-1474274411/venv/bin:/usr/local/sbin:/usr/local/bin:/usr/sbin:/usr/bin:/sbin:/bin:/snap/bin
LD_LIBRARY_PATH=/home/apache-storm-1.0.1/data/supervisor/stormdist/spam-3-1474274411/resources/Linux-amd64:/home/apache-storm-1.0.1/data/supervisor/stormdist/spam-3-1474274411/resources:/usr/local/lib:/opt/local/lib:/usr/lib
PYTHON_EGG_CACHE=/tmp/petrel-spam-3-1474274411/egg_cache
[2016-09-19 10:34:35,058][storm][INFO]Tuple profiling enabled. Will log tuple processing times.
[2016-09-19 10:34:35,241][storm][INFO]Task received setupInfo from Storm: {'pidDir': '/home/apache-storm-1.0.1/data/workers/28d3249a-872f-434f-a0df-faa124e07e57/pids', 'conf': {'storm.group.mapping.service.params': None, 'topology.tuple.serializer': 'org.apache.storm.serialization.types.ListDelegateSerializer', 'topology.workers': 1, 'drpc.worker.threads': 64, 'ui.filter.params': None, 'transactional.zookeeper.root': '/transactional', 'logviewer.cleanup.age.mins': 10080, 'worker.profiler.command': 'flight.bash', 'topology.executor.send.buffer.size': 1024, 'nimbus.file.copy.expiration.secs': 600, 'oauth.acess_token': ' 702208758362087425-HZiyl1x7Bh98cQa1WLBDYylyu10Bpl7', 'drpc.childopts': '-Xmx768m', 'nimbus.thrift.port': 6627, 'topology.disruptor.wait.timeout.millis': 1000, 'storm.zookeeper.retry.intervalceiling.millis': 30000, 'storm.local.dir': '/home/apache-storm-1.0.1/data', 'storm.auth.simple-acl.users': [], 'drpc.invocations.threads': 64, 'storm.zookeeper.superACL': None, 'storm.cluster.state.store': 'org.apache.storm.cluster_state.zookeeper_state_factory', 'storm.codedistributor.class': 'org.apache.storm.codedistributor.LocalFileSystemCodeDistributor', 'drpc.https.keystore.password': '', 'supervisor.blobstore.download.max_retries': 3, 'pacemaker.kerberos.users': [], 'storm.messaging.netty.client_worker_threads': 1, 'oauth.consumer_secret': 'ADf76fi3O1lKMzBxWnjqf93l3GHv28uar3bkblkvyBrAyoA23i', 'topology.component.resources.offheap.memory.mb': 0.0, 'supervisor.heartbeat.frequency.secs': 5, 'storm.group.mapping.service.cache.duration.secs': 120, 'storm.group.mapping.service': 'org.apache.storm.security.auth.ShellBasedGroupsMapping', 'storm.workers.artifacts.dir': 'workers-artifacts', 'drpc.request.timeout.secs': 600, 'pacemaker.childopts': '-Xmx1024m', 'nimbus.seeds': ['localhost'], 'topology.shellbolt.max.pending': 100, 'topology.min.replication.count': 1, 'topology.skip.missing.kryo.registrations': False, 'worker.heartbeat.frequency.secs': 1, 'storm.auth.simple-acl.users.commands': [], 'storm.zookepeer.port': 2181, 'zmq.hwm': 0, 'topology.worker.shared.thread.pool.size': 4, 'storm.zookeeper.connection.timeout': 15000, 'java.library.path': '/usr/local/lib:/opt/local/lib:/usr/lib', 'logviewer.max.sum.worker.logs.size.mb': 4096, 'task.refresh.poll.secs': 10, 'topology.max.error.report.per.interval': 5, 'topology.worker.logwriter.childopts': '-Xmx64m', 'ui.actions.enabled': True, 'storm.health.check.timeout.ms': 5000, 'topology.scheduler.strategy': 'org.apache.storm.scheduler.resource.strategies.scheduling.DefaultResourceAwareStrategy', 'ui.host': '0.0.0.0', 'storm.messaging.netty.server_worker_threads': 1, 'topology.disruptor.batch.size': 100, 'storm.id': 'spam-3-1474274411', 'supervisor.worker.start.timeout.secs': 120, 'zmq.threads': 1, 'topology.acker.executors': None, 'pacemaker.thread.timeout': 10, 'storm.local.mode.zmq': False, 'topology.eventlogger.executors': 0, 'topology.tick.tuple.freq.secs': 30, 'supervisor.memory.capacity.mb': 3072.0, 'supervisor.worker.shutdown.sleep.secs': 1, 'pacemaker.base.threads': 10, 'drpc.http.creds.plugin': 'org.apache.storm.security.auth.DefaultHttpCredentialsPlugin', 'storm.zookeeper.servers': ['localhost'], 'supervisor.localizer.cache.target.size.mb': 10240, 'storm.messaging.netty.transfer.batch.size': 262144, 'resource.aware.scheduler.eviction.strategy': 'org.apache.storm.scheduler.resource.strategies.eviction.DefaultEvictionStrategy', 'topology.environment': None, 'storm.zookeeper.port': 2181, 'storm.auth.simple-acl.admins': [], 'pacemaker.host': 'localhost', 'nimbus.childopts': '-Xmx1024m', 'storm.principal.tolocal': 'org.apache.storm.security.auth.DefaultPrincipalToLocal', 'storm.nimbus.retry.times': 5, 'topology.classpath': None, 'drpc.authorizer.acl.filename': 'drpc-auth-acl.yaml', 'topology.bolts.outgoing.overflow.buffer.enable': False, 'nimbus.credential.renewers.freq.secs': 600, 'worker.childopts': '-Xmx%HEAP-MEM%m -XX:+PrintGCDetails -Xloggc:artifacts/gc.log -XX:+PrintGCDateStamps -XX:+PrintGCTimeStamps -XX:+UseGCLogFileRotation -XX:NumberOfGCLogFiles=10 -XX:GCLogFileSize=1M -XX:+HeapDumpOnOutOfMemoryError -XX:HeapDumpPath=artifacts/heapdump', 'drpc.queue.size': 128, 'supervisor.blobstore.class': 'org.apache.storm.blobstore.NimbusBlobStore', 'topology.multilang.serializer': 'org.apache.storm.multilang.JsonSerializer', 'storm.zookeeper.retry.times': 5, 'topology.disable.loadaware': False, 'supervisor.run.worker.as.user': False, 'storm.blobstore.replication.factor': 3, 'worker.profiler.childopts': '-XX:+UnlockCommercialFeatures -XX:+FlightRecorder', 'nimbus.thrift.threads': 64, 'nimbus.monitor.freq.secs': 10, 'storm.blobstore.inputstream.buffer.size.bytes': 65536, 'dev.zookeeper.path': '/tmp/dev-storm-zookeeper', 'topology.users': [], 'storm.daemon.metrics.reporter.plugins': ['org.apache.storm.daemon.metrics.reporters.JmxPreparableReporter'], 'storm.exhibitor.poll.uripath': '/exhibitor/v1/cluster/list', 'pacemaker.max.threads': 50, 'drpc.https.keystore.type': 'JKS', 'topology.tasks': None, 'storm.zookeeper.root': '/storm', 'logviewer.childopts': '-Xmx128m', 'topology.max.replication.wait.time.sec': 60, 'worker.gc.childopts': '', 'backpressure.disruptor.low.watermark': 0.4, 'storm.meta.serialization.delegate': 'org.apache.storm.serialization.GzipThriftSerializationDelegate', 'transactional.zookeeper.port': None, 'drpc.max_buffer_size': 1048576, 'topology.worker.childopts': None, 'storm.auth.simple-white-list.users': [], 'topology.max.spout.pending': None, 'nimbus.topology.validator': 'org.apache.storm.nimbus.DefaultTopologyValidator', 'topology.kryo.register': None, 'petrel.host': 'localhost', 'client.blobstore.class': 'org.apache.storm.blobstore.NimbusBlobStore', 'nimbus.cleanup.inbox.freq.secs': 600, 'storm.nimbus.retry.intervalceiling.millis': 60000, 'storm.network.topography.plugin': 'org.apache.storm.networktopography.DefaultRackDNSToSwitchMapping', 'storm.messaging.netty.min_wait_ms': 100, 'nimbus.task.timeout.secs': 30, 'topology.disruptor.batch.timeout.millis': 1, 'topology.state.checkpoint.interval.ms': 1000, 'ui.header.buffer.bytes': 4096, 'nimbus.thrift.max_buffer_size': 1048576, 'ui.http.creds.plugin': 'org.apache.storm.security.auth.DefaultHttpCredentialsPlugin', 'topology.sleep.spout.wait.strategy.time.ms': 1, 'nimbus.blobstore.expiration.secs': 600, 'storm.cluster.mode': 'distributed', 'storm.messaging.netty.socket.backlog': 500, 'worker.profiler.enabled': False, 'nimbus.queue.size': 100000, 'logviewer.appender.name': 'A1', 'drpc.authorizer.acl.strict': False, 'ui.port': 8080, 'supervisor.slots.ports': [6700, 6701, 6702, 6703], 'worker.log.level.reset.poll.secs': 30, 'storm.nimbus.retry.interval.millis': 2000, 'drpc.invocations.port': 3773, 'supervisor.monitor.frequency.secs': 3, 'ui.childopts': '-Xmx768m', 'transactional.zookeeper.servers': None, 'storm.log4j2.conf.dir': 'log4j2', 'supervisor.supervisors': [], 'zmq.linger.millis': 5000, 'topology.error.throttle.interval.secs': 10, 'storm.health.check.dir': 'healthchecks', 'topology.executor.receive.buffer.size': 1024, 'nimbus.impersonation.authorizer': 'org.apache.storm.security.auth.authorizer.ImpersonationAuthorizer', 'topology.submitter.principal': '', 'topology.worker.max.heap.size.mb': 768.0, 'topology.spout.wait.strategy': 'org.apache.storm.spout.SleepSpoutWaitStrategy', 'task.heartbeat.frequency.secs': 3, 'topology.transfer.buffer.size': 1024, 'storm.zookeeper.session.timeout': 20000, 'topology.testing.always.try.serialize': False, 'nimbus.blobstore.class': 'org.apache.storm.blobstore.LocalFsBlobStore', 'topology.stats.sample.rate': 0.05, 'topology.fall.back.on.java.serialization': True, 'storm.exhibitor.port': 8080, 'storm.zookeeper.auth.password': None, 'supervisor.childopts': '-Xmx256m', 'topology.backpressure.enable': True, 'pacemaker.port': 6699, 'topology.enable.message.timeouts': True, 'nimbus.code.sync.freq.secs': 120, 'backpressure.disruptor.high.watermark': 0.9, 'storm.messaging.netty.max_wait_ms': 1000, 'topology.worker.receiver.thread.count': 1, 'topology.component.resources.onheap.memory.mb': 128.0, 'resource.aware.scheduler.priority.strategy': 'org.apache.storm.scheduler.resource.strategies.priority.DefaultSchedulingPriorityStrategy', 'nimbus.supervisor.timeout.secs': 60, 'pacemaker.auth.method': 'NONE', 'drpc.https.port': -1, 'nimbus.inbox.jar.expiration.secs': 3600, 'scheduler.display.resource': False, 'topology.kryo.factory': 'org.apache.storm.serialization.DefaultKryoFactory', 'storm.zookeeper.retry.interval': 1000, 'supervisor.supervisors.commands': [], 'supervisor.localizer.cleanup.interval.ms': 600000, 'storm.messaging.netty.max_retries': 300, 'task.credentials.poll.secs': 30, 'drpc.http.port': 3774, 'storm.messaging.transport': 'org.apache.storm.messaging.netty.Context', 'supervisor.enable': True, 'nimbus.task.launch.secs': 120, 'supervisor.blobstore.download.thread.count': 5, 'topology.message.timeout.secs': 30, 'oauth.acess_token_secret': 'IiNOTfgE3tEZvW2HDQhRKPMoOLU43NXJCXk8maj51SdAT', 'storm.messaging.netty.authentication': False, 'petrel.user': 'pipe', 'drpc.port': 3772, 'storm.messaging.netty.buffer_size': 5242880, 'topology.state.synchronization.timeout.secs': 60, 'worker.heap.memory.mb': 768, 'topology.name': 'spam', 'topology.priority': 29, 'supervisor.worker.timeout.secs': 30, 'ui.filter': None, 'topology.trident.batch.emit.interval.millis': 500, 'topology.max.task.parallelism': None, 'supervisor.cpu.capacity': 400.0, 'topology.submitter.user': 'root', 'logviewer.max.per.worker.logs.size.mb': 2048, 'nimbus.host': 'localhost', 'topology.builtin.metrics.bucket.size.secs': 60, 'topology.component.cpu.pcore.percent': 10.0, 'ui.users': None, 'storm.thrift.transport': 'org.apache.storm.security.auth.SimpleTransportPlugin', 'logs.users': None, 'logviewer.port': 8000, 'oauth.consumer_key': 'eaFmBSxUveRJfmyZYeabti9Q9', 'topology.kryo.decorators': [], 'topology.debug': False, 'storm.zookeeper.auth.user': None}, 'context': {'task->component': {'11': '__acker', '10': 'WordDivider', '1': 'CountThreeWords', '3': 'CountTwoWords', '2': 'CountThreeWords', '5': 'CountWord', '4': 'CountTwoWords', '7': 'KafkaConsumer', '6': 'CountWord', '9': 'TwoWordDivider', '8': 'ThreeWordDivider'}, 'stream->target->grouping': {'default': {'WordDivider': {'type': 'SHUFFLE'}, 'ThreeWordDivider': {'type': 'SHUFFLE'}, 'TwoWordDivider': {'type': 'SHUFFLE'}}}, 'source->stream->fields': {}, 'streams': ['default'], 'stream->outputfields': {'default': ['sentence', 'user']}, 'taskid': 7, 'source->stream->grouping': {}, 'componentid': 'KafkaConsumer'}}
[2016-09-19 10:34:35,255][storm][INFO]Task sent pid to Storm
[2016-09-19 10:34:35,363][kafka.conn][INFO]Broker version identifed as 0.10
[2016-09-19 10:34:35,364][kafka.conn][INFO]Set configuration api_version=(0, 10) to skip auto check_version requests on startup
[2016-09-19 10:34:35,365][kafka.consumer.subscription_state][INFO]Updating subscribed topics to: ['spamtopic']
[2016-09-19 10:34:35,366][kafka.cluster][INFO]Group coordinator for kafka-python-default-group is BrokerMetadata(nodeId=0, host=u'localhost', port=9092, rack=None)
[2016-09-19 10:34:35,366][kafka.coordinator][INFO]Discovered coordinator 0 for group kafka-python-default-group
[2016-09-19 10:34:35,367][kafka.coordinator.consumer][INFO]Revoking previously assigned partitions set([]) for group kafka-python-default-group
[2016-09-19 10:34:35,367][kafka.coordinator][INFO](Re-)joining group kafka-python-default-group
[2016-09-19 10:34:57,523][kafka.coordinator][INFO]Joined group 'kafka-python-default-group' (generation 130) with member_id kafka-python-1.3.1-e78ef9db-78f5-471f-a84d-8904f7475ce3
[2016-09-19 10:34:57,527][kafka.coordinator][INFO]Successfully joined group kafka-python-default-group with generation 130
[2016-09-19 10:34:57,527][kafka.consumer.subscription_state][INFO]Updated partition assignment: [TopicPartition(topic=u'spamtopic', partition=0)]
[2016-09-19 10:34:57,528][kafka.coordinator.consumer][INFO]Setting newly assigned partitions set([TopicPartition(topic=u'spamtopic', partition=0)]) for group kafka-python-default-group
[2016-09-19 10:35:00,539][kafka.coordinator][WARNING]Heartbeat failed for group kafka-python-default-group because it is rebalancing
[2016-09-19 10:35:00,539][kafka.coordinator][WARNING]Heartbeat failed ([Error 27] RebalanceInProgressError: ); retrying
[2016-09-19 10:35:00,640][kafka.coordinator][INFO]Skipping heartbeat: no auto-assignment or waiting on rebalance
[2016-09-19 10:35:01,042][kafka.coordinator.consumer][INFO]Revoking previously assigned partitions set([TopicPartition(topic=u'spamtopic', partition=0)]) for group kafka-python-default-group
[2016-09-19 10:35:01,042][kafka.coordinator][INFO](Re-)joining group kafka-python-default-group
[2016-09-19 10:35:01,044][kafka.coordinator][INFO]Joined group 'kafka-python-default-group' (generation 131) with member_id kafka-python-1.3.1-e78ef9db-78f5-471f-a84d-8904f7475ce3
[2016-09-19 10:35:01,047][kafka.coordinator][INFO]Successfully joined group kafka-python-default-group with generation 131
[2016-09-19 10:35:01,047][kafka.consumer.subscription_state][INFO]Updated partition assignment: [TopicPartition(topic=u'spamtopic', partition=0)]
[2016-09-19 10:35:01,047][kafka.coordinator.consumer][INFO]Setting newly assigned partitions set([TopicPartition(topic=u'spamtopic', partition=0)]) for group kafka-python-default-group
[2016-09-19 10:35:04,060][kafka.coordinator][WARNING]Heartbeat failed for group kafka-python-default-group because it is rebalancing
[2016-09-19 10:35:04,060][kafka.coordinator][WARNING]Heartbeat failed ([Error 27] RebalanceInProgressError: ); retrying
[2016-09-19 10:35:04,161][kafka.coordinator][INFO]Skipping heartbeat: no auto-assignment or waiting on rebalance
[2016-09-19 10:35:04,562][kafka.coordinator.consumer][INFO]Revoking previously assigned partitions set([TopicPartition(topic=u'spamtopic', partition=0)]) for group kafka-python-default-group
[2016-09-19 10:35:04,562][kafka.coordinator][INFO](Re-)joining group kafka-python-default-group
[2016-09-19 10:35:04,563][kafka.coordinator][INFO]Joined group 'kafka-python-default-group' (generation 132) with member_id kafka-python-1.3.1-e78ef9db-78f5-471f-a84d-8904f7475ce3
[2016-09-19 10:35:04,567][kafka.coordinator][INFO]Successfully joined group kafka-python-default-group with generation 132
[2016-09-19 10:35:04,568][kafka.consumer.subscription_state][INFO]Updated partition assignment: [TopicPartition(topic=u'spamtopic', partition=0)]
[2016-09-19 10:35:04,568][kafka.coordinator.consumer][INFO]Setting newly assigned partitions set([TopicPartition(topic=u'spamtopic', partition=0)]) for group kafka-python-default-group
[2016-09-19 10:35:07,577][kafka.coordinator][WARNING]Heartbeat failed for group kafka-python-default-group because it is rebalancing
[2016-09-19 10:35:07,577][kafka.coordinator][WARNING]Heartbeat failed ([Error 27] RebalanceInProgressError: ); retrying
[2016-09-19 10:35:07,678][kafka.coordinator][INFO]Skipping heartbeat: no auto-assignment or waiting on rebalance
[2016-09-19 10:35:08,080][kafka.coordinator.consumer][INFO]Revoking previously assigned partitions set([TopicPartition(topic=u'spamtopic', partition=0)]) for group kafka-python-default-group
[2016-09-19 10:35:08,080][kafka.coordinator][INFO](Re-)joining group kafka-python-default-group
[2016-09-19 10:35:08,082][kafka.coordinator][INFO]Joined group 'kafka-python-default-group' (generation 133) with member_id kafka-python-1.3.1-e78ef9db-78f5-471f-a84d-8904f7475ce3
[2016-09-19 10:35:08,086][kafka.coordinator][INFO]Successfully joined group kafka-python-default-group with generation 133
[2016-09-19 10:35:08,087][kafka.consumer.subscription_state][INFO]Updated partition assignment: [TopicPartition(topic=u'spamtopic', partition=0)]
[2016-09-19 10:35:08,087][kafka.coordinator.consumer][INFO]Setting newly assigned partitions set([TopicPartition(topic=u'spamtopic', partition=0)]) for group kafka-python-default-group
[2016-09-19 10:35:11,096][kafka.coordinator][WARNING]Heartbeat failed for group kafka-python-default-group because it is rebalancing
[2016-09-19 10:35:11,096][kafka.coordinator][WARNING]Heartbeat failed ([Error 27] RebalanceInProgressError: ); retrying
[2016-09-19 10:35:11,198][kafka.coordinator][INFO]Skipping heartbeat: no auto-assignment or waiting on rebalance
[2016-09-19 10:35:11,598][kafka.coordinator.consumer][INFO]Revoking previously assigned partitions set([TopicPartition(topic=u'spamtopic', partition=0)]) for group kafka-python-default-group
[2016-09-19 10:35:11,598][kafka.coordinator][INFO](Re-)joining group kafka-python-default-group
[2016-09-19 10:35:11,599][kafka.coordinator][INFO]Joined group 'kafka-python-default-group' (generation 134) with member_id kafka-python-1.3.1-e78ef9db-78f5-471f-a84d-8904f7475ce3
[2016-09-19 10:35:11,602][kafka.coordinator][INFO]Successfully joined group kafka-python-default-group with generation 134
[2016-09-19 10:35:11,602][kafka.consumer.subscription_state][INFO]Updated partition assignment: [TopicPartition(topic=u'spamtopic', partition=0)]
[2016-09-19 10:35:11,602][kafka.coordinator.consumer][INFO]Setting newly assigned partitions set([TopicPartition(topic=u'spamtopic', partition=0)]) for group kafka-python-default-group
[2016-09-19 10:35:14,612][kafka.coordinator][WARNING]Heartbeat failed for group kafka-python-default-group because it is rebalancing
[2016-09-19 10:35:14,613][kafka.coordinator][WARNING]Heartbeat failed ([Error 27] RebalanceInProgressError: ); retrying
[2016-09-19 10:35:14,714][kafka.coordinator][INFO]Skipping heartbeat: no auto-assignment or waiting on rebalance
[2016-09-19 10:35:15,115][kafka.coordinator.consumer][INFO]Revoking previously assigned partitions set([TopicPartition(topic=u'spamtopic', partition=0)]) for group kafka-python-default-group
[2016-09-19 10:35:15,115][kafka.coordinator][INFO](Re-)joining group kafka-python-default-group
[2016-09-19 10:35:15,117][kafka.coordinator][INFO]Joined group 'kafka-python-default-group' (generation 135) with member_id kafka-python-1.3.1-e78ef9db-78f5-471f-a84d-8904f7475ce3
[2016-09-19 10:35:15,119][kafka.coordinator][INFO]Successfully joined group kafka-python-default-group with generation 135
[2016-09-19 10:35:15,120][kafka.consumer.subscription_state][INFO]Updated partition assignment: [TopicPartition(topic=u'spamtopic', partition=0)]
[2016-09-19 10:35:15,120][kafka.coordinator.consumer][INFO]Setting newly assigned partitions set([TopicPartition(topic=u'spamtopic', partition=0)]) for group kafka-python-default-group
[2016-09-19 10:35:18,129][kafka.coordinator][WARNING]Heartbeat failed for group kafka-python-default-group because it is rebalancing
[2016-09-19 10:35:18,129][kafka.coordinator][WARNING]Heartbeat failed ([Error 27] RebalanceInProgressError: ); retrying
[2016-09-19 10:35:18,231][kafka.coordinator][INFO]Skipping heartbeat: no auto-assignment or waiting on rebalance
[2016-09-19 10:35:18,632][kafka.coordinator.consumer][INFO]Revoking previously assigned partitions set([TopicPartition(topic=u'spamtopic', partition=0)]) for group kafka-python-default-group
[2016-09-19 10:35:18,632][kafka.coordinator][INFO](Re-)joining group kafka-python-default-group
[2016-09-19 10:35:18,633][kafka.coordinator][INFO]Joined group 'kafka-python-default-group' (generation 136) with member_id kafka-python-1.3.1-e78ef9db-78f5-471f-a84d-8904f7475ce3
[2016-09-19 10:35:18,636][kafka.coordinator][INFO]Successfully joined group kafka-python-default-group with generation 136
[2016-09-19 10:35:18,636][kafka.consumer.subscription_state][INFO]Updated partition assignment: [TopicPartition(topic=u'spamtopic', partition=0)]
[2016-09-19 10:35:18,636][kafka.coordinator.consumer][INFO]Setting newly assigned partitions set([TopicPartition(topic=u'spamtopic', partition=0)]) for group kafka-python-default-group
[2016-09-19 10:35:21,649][kafka.coordinator][WARNING]Heartbeat failed for group kafka-python-default-group because it is rebalancing
[2016-09-19 10:35:21,649][kafka.coordinator][WARNING]Heartbeat failed ([Error 27] RebalanceInProgressError: ); retrying
[2016-09-19 10:35:21,750][kafka.coordinator][INFO]Skipping heartbeat: no auto-assignment or waiting on rebalance
[2016-09-19 10:35:22,151][kafka.coordinator.consumer][INFO]Revoking previously assigned partitions set([TopicPartition(topic=u'spamtopic', partition=0)]) for group kafka-python-default-group
[2016-09-19 10:35:22,152][kafka.coordinator][INFO](Re-)joining group kafka-python-default-group
[2016-09-19 10:35:22,153][kafka.coordinator][INFO]Joined group 'kafka-python-default-group' (generation 137) with member_id kafka-python-1.3.1-e78ef9db-78f5-471f-a84d-8904f7475ce3
[2016-09-19 10:35:22,156][kafka.coordinator][INFO]Successfully joined group kafka-python-default-group with generation 137
[2016-09-19 10:35:22,156][kafka.consumer.subscription_state][INFO]Updated partition assignment: [TopicPartition(topic=u'spamtopic', partition=0)]
[2016-09-19 10:35:22,156][kafka.coordinator.consumer][INFO]Setting newly assigned partitions set([TopicPartition(topic=u'spamtopic', partition=0)]) for group kafka-python-default-group
[2016-09-19 10:35:25,168][kafka.coordinator][WARNING]Heartbeat failed for group kafka-python-default-group because it is rebalancing
[2016-09-19 10:35:25,169][kafka.coordinator][WARNING]Heartbeat failed ([Error 27] RebalanceInProgressError: ); retrying
[2016-09-19 10:35:25,270][kafka.coordinator][INFO]Skipping heartbeat: no auto-assignment or waiting on rebalance
[2016-09-19 10:35:25,670][kafka.coordinator.consumer][INFO]Revoking previously assigned partitions set([TopicPartition(topic=u'spamtopic', partition=0)]) for group kafka-python-default-group
[2016-09-19 10:35:25,670][kafka.coordinator][INFO](Re-)joining group kafka-python-default-group
[2016-09-19 10:35:25,671][kafka.coordinator][INFO]Joined group 'kafka-python-default-group' (generation 138) with member_id kafka-python-1.3.1-e78ef9db-78f5-471f-a84d-8904f7475ce3
[2016-09-19 10:35:25,674][kafka.coordinator][INFO]Successfully joined group kafka-python-default-group with generation 138
[2016-09-19 10:35:25,674][kafka.consumer.subscription_state][INFO]Updated partition assignment: [TopicPartition(topic=u'spamtopic', partition=0)]
[2016-09-19 10:35:25,674][kafka.coordinator.consumer][INFO]Setting newly assigned partitions set([TopicPartition(topic=u'spamtopic', partition=0)]) for group kafka-python-default-group
[2016-09-19 10:35:28,687][kafka.coordinator][WARNING]Heartbeat failed for group kafka-python-default-group because it is rebalancing
[2016-09-19 10:35:28,687][kafka.coordinator][WARNING]Heartbeat failed ([Error 27] RebalanceInProgressError: ); retrying
[2016-09-19 10:35:28,788][kafka.coordinator][INFO]Skipping heartbeat: no auto-assignment or waiting on rebalance
[2016-09-19 10:35:29,189][kafka.coordinator.consumer][INFO]Revoking previously assigned partitions set([TopicPartition(topic=u'spamtopic', partition=0)]) for group kafka-python-default-group
[2016-09-19 10:35:29,190][kafka.coordinator][INFO](Re-)joining group kafka-python-default-group
[2016-09-19 10:35:29,191][kafka.coordinator][INFO]Joined group 'kafka-python-default-group' (generation 139) with member_id kafka-python-1.3.1-e78ef9db-78f5-471f-a84d-8904f7475ce3
[2016-09-19 10:35:29,193][kafka.coordinator][INFO]Successfully joined group kafka-python-default-group with generation 139
[2016-09-19 10:35:29,193][kafka.consumer.subscription_state][INFO]Updated partition assignment: [TopicPartition(topic=u'spamtopic', partition=0)]
[2016-09-19 10:35:29,193][kafka.coordinator.consumer][INFO]Setting newly assigned partitions set([TopicPartition(topic=u'spamtopic', partition=0)]) for group kafka-python-default-group
[2016-09-19 10:35:32,204][kafka.coordinator][WARNING]Heartbeat failed for group kafka-python-default-group because it is rebalancing
[2016-09-19 10:35:32,204][kafka.coordinator][WARNING]Heartbeat failed ([Error 27] RebalanceInProgressError: ); retrying
[2016-09-19 10:35:32,305][kafka.coordinator][INFO]Skipping heartbeat: no auto-assignment or waiting on rebalance
[2016-09-19 10:35:32,705][kafka.coordinator.consumer][INFO]Revoking previously assigned partitions set([TopicPartition(topic=u'spamtopic', partition=0)]) for group kafka-python-default-group
[2016-09-19 10:35:32,705][kafka.coordinator][INFO](Re-)joining group kafka-python-default-group
[2016-09-19 10:35:32,709][kafka.coordinator][INFO]Joined group 'kafka-python-default-group' (generation 140) with member_id kafka-python-1.3.1-e78ef9db-78f5-471f-a84d-8904f7475ce3
[2016-09-19 10:35:32,711][kafka.coordinator][INFO]Successfully joined group kafka-python-default-group with generation 140
[2016-09-19 10:35:32,711][kafka.consumer.subscription_state][INFO]Updated partition assignment: [TopicPartition(topic=u'spamtopic', partition=0)]
[2016-09-19 10:35:32,711][kafka.coordinator.consumer][INFO]Setting newly assigned partitions set([TopicPartition(topic=u'spamtopic', partition=0)]) for group kafka-python-default-group
[2016-09-19 10:35:35,721][kafka.coordinator][WARNING]Heartbeat failed for group kafka-python-default-group because it is rebalancing
[2016-09-19 10:35:35,721][kafka.coordinator][WARNING]Heartbeat failed ([Error 27] RebalanceInProgressError: ); retrying
[2016-09-19 10:35:35,823][kafka.coordinator][INFO]Skipping heartbeat: no auto-assignment or waiting on rebalance
[2016-09-19 10:35:36,223][kafka.coordinator.consumer][INFO]Revoking previously assigned partitions set([TopicPartition(topic=u'spamtopic', partition=0)]) for group kafka-python-default-group
[2016-09-19 10:35:36,223][kafka.coordinator][INFO](Re-)joining group kafka-python-default-group
[2016-09-19 10:35:36,225][kafka.coordinator][INFO]Joined group 'kafka-python-default-group' (generation 141) with member_id kafka-python-1.3.1-e78ef9db-78f5-471f-a84d-8904f7475ce3
[2016-09-19 10:35:36,227][kafka.coordinator][INFO]Successfully joined group kafka-python-default-group with generation 141
[2016-09-19 10:35:36,228][kafka.consumer.subscription_state][INFO]Updated partition assignment: [TopicPartition(topic=u'spamtopic', partition=0)]
[2016-09-19 10:35:36,228][kafka.coordinator.consumer][INFO]Setting newly assigned partitions set([TopicPartition(topic=u'spamtopic', partition=0)]) for group kafka-python-default-group
[2016-09-19 10:35:39,237][kafka.coordinator][WARNING]Heartbeat failed for group kafka-python-default-group because it is rebalancing
[2016-09-19 10:35:39,238][kafka.coordinator][WARNING]Heartbeat failed ([Error 27] RebalanceInProgressError: ); retrying
[2016-09-19 10:35:39,339][kafka.coordinator][INFO]Skipping heartbeat: no auto-assignment or waiting on rebalance
[2016-09-19 10:35:39,739][kafka.coordinator.consumer][INFO]Revoking previously assigned partitions set([TopicPartition(topic=u'spamtopic', partition=0)]) for group kafka-python-default-group
[2016-09-19 10:35:39,739][kafka.coordinator][INFO](Re-)joining group kafka-python-default-group
[2016-09-19 10:35:39,741][kafka.coordinator][INFO]Joined group 'kafka-python-default-group' (generation 142) with member_id kafka-python-1.3.1-e78ef9db-78f5-471f-a84d-8904f7475ce3
[2016-09-19 10:35:39,744][kafka.coordinator][INFO]Successfully joined group kafka-python-default-group with generation 142
[2016-09-19 10:35:39,744][kafka.consumer.subscription_state][INFO]Updated partition assignment: [TopicPartition(topic=u'spamtopic', partition=0)]
[2016-09-19 10:35:39,745][kafka.coordinator.consumer][INFO]Setting newly assigned partitions set([TopicPartition(topic=u'spamtopic', partition=0)]) for group kafka-python-default-group
[2016-09-19 10:35:42,754][kafka.coordinator][WARNING]Heartbeat failed for group kafka-python-default-group because it is rebalancing
[2016-09-19 10:35:42,754][kafka.coordinator][WARNING]Heartbeat failed ([Error 27] RebalanceInProgressError: ); retrying
[2016-09-19 10:35:42,856][kafka.coordinator][INFO]Skipping heartbeat: no auto-assignment or waiting on rebalance
[2016-09-19 10:35:43,256][kafka.coordinator.consumer][INFO]Revoking previously assigned partitions set([TopicPartition(topic=u'spamtopic', partition=0)]) for group kafka-python-default-group
[2016-09-19 10:35:43,256][kafka.coordinator][INFO](Re-)joining group kafka-python-default-group
[2016-09-19 10:35:43,258][kafka.coordinator][INFO]Joined group 'kafka-python-default-group' (generation 143) with member_id kafka-python-1.3.1-e78ef9db-78f5-471f-a84d-8904f7475ce3
[2016-09-19 10:35:43,260][kafka.coordinator][INFO]Successfully joined group kafka-python-default-group with generation 143
[2016-09-19 10:35:43,260][kafka.consumer.subscription_state][INFO]Updated partition assignment: [TopicPartition(topic=u'spamtopic', partition=0)]
[2016-09-19 10:35:43,261][kafka.coordinator.consumer][INFO]Setting newly assigned partitions set([TopicPartition(topic=u'spamtopic', partition=0)]) for group kafka-python-default-group
[2016-09-19 10:35:46,271][kafka.coordinator][WARNING]Heartbeat failed for group kafka-python-default-group because it is rebalancing
[2016-09-19 10:35:46,271][kafka.coordinator][WARNING]Heartbeat failed ([Error 27] RebalanceInProgressError: ); retrying
[2016-09-19 10:35:46,373][kafka.coordinator][INFO]Skipping heartbeat: no auto-assignment or waiting on rebalance
[2016-09-19 10:35:46,774][kafka.coordinator.consumer][INFO]Revoking previously assigned partitions set([TopicPartition(topic=u'spamtopic', partition=0)]) for group kafka-python-default-group
[2016-09-19 10:35:46,774][kafka.coordinator][INFO](Re-)joining group kafka-python-default-group
[2016-09-19 10:35:46,776][kafka.coordinator][INFO]Joined group 'kafka-python-default-group' (generation 144) with member_id kafka-python-1.3.1-e78ef9db-78f5-471f-a84d-8904f7475ce3
[2016-09-19 10:35:46,778][kafka.coordinator][INFO]Successfully joined group kafka-python-default-group with generation 144
[2016-09-19 10:35:46,778][kafka.consumer.subscription_state][INFO]Updated partition assignment: [TopicPartition(topic=u'spamtopic', partition=0)]
[2016-09-19 10:35:46,779][kafka.coordinator.consumer][INFO]Setting newly assigned partitions set([TopicPartition(topic=u'spamtopic', partition=0)]) for group kafka-python-default-group
[2016-09-19 10:35:49,788][kafka.coordinator][WARNING]Heartbeat failed for group kafka-python-default-group because it is rebalancing
[2016-09-19 10:35:49,788][kafka.coordinator][WARNING]Heartbeat failed ([Error 27] RebalanceInProgressError: ); retrying
[2016-09-19 10:35:49,890][kafka.coordinator][INFO]Skipping heartbeat: no auto-assignment or waiting on rebalance
[2016-09-19 10:35:50,290][kafka.coordinator.consumer][INFO]Revoking previously assigned partitions set([TopicPartition(topic=u'spamtopic', partition=0)]) for group kafka-python-default-group
[2016-09-19 10:35:50,290][kafka.coordinator][INFO](Re-)joining group kafka-python-default-group
[2016-09-19 10:35:50,293][kafka.coordinator][INFO]Joined group 'kafka-python-default-group' (generation 145) with member_id kafka-python-1.3.1-e78ef9db-78f5-471f-a84d-8904f7475ce3
[2016-09-19 10:35:50,298][kafka.coordinator][INFO]Successfully joined group kafka-python-default-group with generation 145
[2016-09-19 10:35:50,299][kafka.consumer.subscription_state][INFO]Updated partition assignment: [TopicPartition(topic=u'spamtopic', partition=0)]
[2016-09-19 10:35:50,299][kafka.coordinator.consumer][INFO]Setting newly assigned partitions set([TopicPartition(topic=u'spamtopic', partition=0)]) for group kafka-python-default-group
[2016-09-19 10:35:53,308][kafka.coordinator][WARNING]Heartbeat failed for group kafka-python-default-group because it is rebalancing
[2016-09-19 10:35:53,308][kafka.coordinator][WARNING]Heartbeat failed ([Error 27] RebalanceInProgressError: ); retrying
[2016-09-19 10:35:53,409][kafka.coordinator][INFO]Skipping heartbeat: no auto-assignment or waiting on rebalance
[2016-09-19 10:35:53,809][kafka.coordinator.consumer][INFO]Revoking previously assigned partitions set([TopicPartition(topic=u'spamtopic', partition=0)]) for group kafka-python-default-group
[2016-09-19 10:35:53,809][kafka.coordinator][INFO](Re-)joining group kafka-python-default-group
[2016-09-19 10:35:53,811][kafka.coordinator][INFO]Joined group 'kafka-python-default-group' (generation 146) with member_id kafka-python-1.3.1-e78ef9db-78f5-471f-a84d-8904f7475ce3
[2016-09-19 10:35:53,813][kafka.coordinator][INFO]Successfully joined group kafka-python-default-group with generation 146
[2016-09-19 10:35:53,813][kafka.consumer.subscription_state][INFO]Updated partition assignment: [TopicPartition(topic=u'spamtopic', partition=0)]
[2016-09-19 10:35:53,813][kafka.coordinator.consumer][INFO]Setting newly assigned partitions set([TopicPartition(topic=u'spamtopic', partition=0)]) for group kafka-python-default-group
[2016-09-19 10:35:56,823][kafka.coordinator][WARNING]Heartbeat failed for group kafka-python-default-group because it is rebalancing
[2016-09-19 10:35:56,823][kafka.coordinator][WARNING]Heartbeat failed ([Error 27] RebalanceInProgressError: ); retrying
[2016-09-19 10:35:56,925][kafka.coordinator][INFO]Skipping heartbeat: no auto-assignment or waiting on rebalance
[2016-09-19 10:35:57,326][kafka.coordinator.consumer][INFO]Revoking previously assigned partitions set([TopicPartition(topic=u'spamtopic', partition=0)]) for group kafka-python-default-group
[2016-09-19 10:35:57,326][kafka.coordinator][INFO](Re-)joining group kafka-python-default-group
[2016-09-19 10:35:57,330][kafka.coordinator][INFO]Joined group 'kafka-python-default-group' (generation 147) with member_id kafka-python-1.3.1-e78ef9db-78f5-471f-a84d-8904f7475ce3
[2016-09-19 10:35:57,333][kafka.coordinator][INFO](Re-)joining group kafka-python-default-group
[2016-09-19 10:36:00,848][kafka.coordinator][INFO]Joined group 'kafka-python-default-group' (generation 148) with member_id kafka-python-1.3.1-e78ef9db-78f5-471f-a84d-8904f7475ce3
[2016-09-19 10:36:00,848][kafka.coordinator.consumer][WARNING]Auto offset commit failed for group kafka-python-default-group: CommitFailedError: Commit cannot be completed since the group has already rebalanced and assigned the partitions to another member. This means that the time between subsequent calls to poll() was longer than the configured session.timeout.ms, which typically implies that the poll loop is spending too much time message processing. You can address this either by increasing the session timeout or by reducing the maximum size of batches returned in poll() with max.poll.records.
[2016-09-19 10:36:00,849][kafka.coordinator][INFO]Successfully joined group kafka-python-default-group with generation 148
[2016-09-19 10:36:00,850][kafka.consumer.subscription_state][INFO]Updated partition assignment: [TopicPartition(topic=u'spamtopic', partition=0)]
[2016-09-19 10:36:00,850][kafka.coordinator.consumer][INFO]Setting newly assigned partitions set([TopicPartition(topic=u'spamtopic', partition=0)]) for group kafka-python-default-group
[2016-09-19 10:36:03,861][kafka.coordinator][WARNING]Heartbeat failed for group kafka-python-default-group because it is rebalancing
[2016-09-19 10:36:03,861][kafka.coordinator][WARNING]Heartbeat failed ([Error 27] RebalanceInProgressError: ); retrying
[2016-09-19 10:36:03,962][kafka.coordinator][INFO]Skipping heartbeat: no auto-assignment or waiting on rebalance
[2016-09-19 10:36:04,363][kafka.coordinator.consumer][INFO]Revoking previously assigned partitions set([TopicPartition(topic=u'spamtopic', partition=0)]) for group kafka-python-default-group
[2016-09-19 10:36:04,364][kafka.coordinator][INFO](Re-)joining group kafka-python-default-group
[2016-09-19 10:36:04,365][kafka.coordinator][INFO]Joined group 'kafka-python-default-group' (generation 149) with member_id kafka-python-1.3.1-e78ef9db-78f5-471f-a84d-8904f7475ce3
[2016-09-19 10:36:04,368][kafka.coordinator][INFO]Successfully joined group kafka-python-default-group with generation 149
[2016-09-19 10:36:04,368][kafka.consumer.subscription_state][INFO]Updated partition assignment: [TopicPartition(topic=u'spamtopic', partition=0)]
[2016-09-19 10:36:04,368][kafka.coordinator.consumer][INFO]Setting newly assigned partitions set([TopicPartition(topic=u'spamtopic', partition=0)]) for group kafka-python-default-group
[2016-09-19 10:36:07,379][kafka.coordinator][WARNING]Heartbeat failed for group kafka-python-default-group because it is rebalancing
[2016-09-19 10:36:07,379][kafka.coordinator][WARNING]Heartbeat failed ([Error 27] RebalanceInProgressError: ); retrying
[2016-09-19 10:36:07,480][kafka.coordinator][INFO]Skipping heartbeat: no auto-assignment or waiting on rebalance
[2016-09-19 10:36:07,881][kafka.coordinator.consumer][INFO]Revoking previously assigned partitions set([TopicPartition(topic=u'spamtopic', partition=0)]) for group kafka-python-default-group
[2016-09-19 10:36:07,882][kafka.coordinator][INFO](Re-)joining group kafka-python-default-group
[2016-09-19 10:36:07,884][kafka.coordinator][INFO]Joined group 'kafka-python-default-group' (generation 150) with member_id kafka-python-1.3.1-e78ef9db-78f5-471f-a84d-8904f7475ce3
[2016-09-19 10:36:07,885][kafka.coordinator][INFO]Successfully joined group kafka-python-default-group with generation 150
[2016-09-19 10:36:07,886][kafka.consumer.subscription_state][INFO]Updated partition assignment: [TopicPartition(topic=u'spamtopic', partition=0)]
[2016-09-19 10:36:07,886][kafka.coordinator.consumer][INFO]Setting newly assigned partitions set([TopicPartition(topic=u'spamtopic', partition=0)]) for group kafka-python-default-group
[2016-09-19 10:36:10,898][kafka.coordinator][WARNING]Heartbeat failed for group kafka-python-default-group because it is rebalancing
[2016-09-19 10:36:10,898][kafka.coordinator][WARNING]Heartbeat failed ([Error 27] RebalanceInProgressError: ); retrying
[2016-09-19 10:36:10,999][kafka.coordinator][INFO]Skipping heartbeat: no auto-assignment or waiting on rebalance
[2016-09-19 10:36:11,400][kafka.coordinator.consumer][INFO]Revoking previously assigned partitions set([TopicPartition(topic=u'spamtopic', partition=0)]) for group kafka-python-default-group
[2016-09-19 10:36:11,401][kafka.coordinator][INFO](Re-)joining group kafka-python-default-group
[2016-09-19 10:36:11,402][kafka.coordinator][INFO]Joined group 'kafka-python-default-group' (generation 151) with member_id kafka-python-1.3.1-e78ef9db-78f5-471f-a84d-8904f7475ce3
[2016-09-19 10:36:11,404][kafka.coordinator][INFO]Successfully joined group kafka-python-default-group with generation 151
[2016-09-19 10:36:11,404][kafka.consumer.subscription_state][INFO]Updated partition assignment: [TopicPartition(topic=u'spamtopic', partition=0)]
[2016-09-19 10:36:11,404][kafka.coordinator.consumer][INFO]Setting newly assigned partitions set([TopicPartition(topic=u'spamtopic', partition=0)]) for group kafka-python-default-group
[2016-09-19 10:36:14,417][kafka.coordinator][WARNING]Heartbeat failed for group kafka-python-default-group because it is rebalancing
[2016-09-19 10:36:14,417][kafka.coordinator][WARNING]Heartbeat failed ([Error 27] RebalanceInProgressError: ); retrying
[2016-09-19 10:36:14,518][kafka.coordinator][INFO]Skipping heartbeat: no auto-assignment or waiting on rebalance
[2016-09-19 10:36:14,918][kafka.coordinator.consumer][INFO]Revoking previously assigned partitions set([TopicPartition(topic=u'spamtopic', partition=0)]) for group kafka-python-default-group
[2016-09-19 10:36:14,918][kafka.coordinator][INFO](Re-)joining group kafka-python-default-group
[2016-09-19 10:36:14,920][kafka.coordinator][INFO]Joined group 'kafka-python-default-group' (generation 152) with member_id kafka-python-1.3.1-e78ef9db-78f5-471f-a84d-8904f7475ce3
[2016-09-19 10:36:14,922][kafka.coordinator][INFO]Successfully joined group kafka-python-default-group with generation 152
[2016-09-19 10:36:14,922][kafka.consumer.subscription_state][INFO]Updated partition assignment: [TopicPartition(topic=u'spamtopic', partition=0)]
[2016-09-19 10:36:14,922][kafka.coordinator.consumer][INFO]Setting newly assigned partitions set([TopicPartition(topic=u'spamtopic', partition=0)]) for group kafka-python-default-group
[2016-09-19 10:36:17,934][kafka.coordinator][WARNING]Heartbeat failed for group kafka-python-default-group because it is rebalancing
[2016-09-19 10:36:17,934][kafka.coordinator][WARNING]Heartbeat failed ([Error 27] RebalanceInProgressError: ); retrying
[2016-09-19 10:36:18,035][kafka.coordinator][INFO]Skipping heartbeat: no auto-assignment or waiting on rebalance
[2016-09-19 10:36:18,437][kafka.coordinator.consumer][INFO]Revoking previously assigned partitions set([TopicPartition(topic=u'spamtopic', partition=0)]) for group kafka-python-default-group
[2016-09-19 10:36:18,437][kafka.coordinator][INFO](Re-)joining group kafka-python-default-group
[2016-09-19 10:36:18,438][kafka.coordinator][INFO]Joined group 'kafka-python-default-group' (generation 153) with member_id kafka-python-1.3.1-e78ef9db-78f5-471f-a84d-8904f7475ce3
[2016-09-19 10:36:18,441][kafka.coordinator][INFO]Successfully joined group kafka-python-default-group with generation 153
[2016-09-19 10:36:18,441][kafka.consumer.subscription_state][INFO]Updated partition assignment: [TopicPartition(topic=u'spamtopic', partition=0)]
[2016-09-19 10:36:18,441][kafka.coordinator.consumer][INFO]Setting newly assigned partitions set([TopicPartition(topic=u'spamtopic', partition=0)]) for group kafka-python-default-group
[2016-09-19 10:36:21,451][kafka.coordinator][WARNING]Heartbeat failed for group kafka-python-default-group because it is rebalancing
[2016-09-19 10:36:21,451][kafka.coordinator][WARNING]Heartbeat failed ([Error 27] RebalanceInProgressError: ); retrying
[2016-09-19 10:36:21,552][kafka.coordinator][INFO]Skipping heartbeat: no auto-assignment or waiting on rebalance
[2016-09-19 10:36:21,953][kafka.coordinator.consumer][INFO]Revoking previously assigned partitions set([TopicPartition(topic=u'spamtopic', partition=0)]) for group kafka-python-default-group
[2016-09-19 10:36:21,954][kafka.coordinator][INFO](Re-)joining group kafka-python-default-group
[2016-09-19 10:36:21,956][kafka.coordinator][INFO]Joined group 'kafka-python-default-group' (generation 154) with member_id kafka-python-1.3.1-e78ef9db-78f5-471f-a84d-8904f7475ce3
[2016-09-19 10:36:21,958][kafka.coordinator][INFO]Successfully joined group kafka-python-default-group with generation 154
[2016-09-19 10:36:21,958][kafka.consumer.subscription_state][INFO]Updated partition assignment: [TopicPartition(topic=u'spamtopic', partition=0)]
[2016-09-19 10:36:21,958][kafka.coordinator.consumer][INFO]Setting newly assigned partitions set([TopicPartition(topic=u'spamtopic', partition=0)]) for group kafka-python-default-group
[2016-09-19 10:36:24,969][kafka.coordinator][WARNING]Heartbeat failed for group kafka-python-default-group because it is rebalancing
[2016-09-19 10:36:24,969][kafka.coordinator][WARNING]Heartbeat failed ([Error 27] RebalanceInProgressError: ); retrying
[2016-09-19 10:36:25,070][kafka.coordinator][INFO]Skipping heartbeat: no auto-assignment or waiting on rebalance
[2016-09-19 10:36:25,472][kafka.coordinator.consumer][INFO]Revoking previously assigned partitions set([TopicPartition(topic=u'spamtopic', partition=0)]) for group kafka-python-default-group
[2016-09-19 10:36:25,472][kafka.coordinator][INFO](Re-)joining group kafka-python-default-group
[2016-09-19 10:36:25,474][kafka.coordinator][INFO]Joined group 'kafka-python-default-group' (generation 155) with member_id kafka-python-1.3.1-e78ef9db-78f5-471f-a84d-8904f7475ce3
[2016-09-19 10:36:25,476][kafka.coordinator][INFO]Successfully joined group kafka-python-default-group with generation 155
[2016-09-19 10:36:25,476][kafka.consumer.subscription_state][INFO]Updated partition assignment: [TopicPartition(topic=u'spamtopic', partition=0)]
[2016-09-19 10:36:25,477][kafka.coordinator.consumer][INFO]Setting newly assigned partitions set([TopicPartition(topic=u'spamtopic', partition=0)]) for group kafka-python-default-group
[2016-09-19 10:36:28,488][kafka.coordinator][WARNING]Heartbeat failed for group kafka-python-default-group because it is rebalancing
[2016-09-19 10:36:28,488][kafka.coordinator][WARNING]Heartbeat failed ([Error 27] RebalanceInProgressError: ); retrying
[2016-09-19 10:36:28,589][kafka.coordinator][INFO]Skipping heartbeat: no auto-assignment or waiting on rebalance
[2016-09-19 10:36:28,989][kafka.coordinator.consumer][INFO]Revoking previously assigned partitions set([TopicPartition(topic=u'spamtopic', partition=0)]) for group kafka-python-default-group
[2016-09-19 10:36:28,989][kafka.coordinator][INFO](Re-)joining group kafka-python-default-group
[2016-09-19 10:36:28,992][kafka.coordinator][INFO]Joined group 'kafka-python-default-group' (generation 156) with member_id kafka-python-1.3.1-e78ef9db-78f5-471f-a84d-8904f7475ce3
[2016-09-19 10:36:28,994][kafka.coordinator][INFO]Successfully joined group kafka-python-default-group with generation 156
[2016-09-19 10:36:28,995][kafka.consumer.subscription_state][INFO]Updated partition assignment: [TopicPartition(topic=u'spamtopic', partition=0)]
[2016-09-19 10:36:28,995][kafka.coordinator.consumer][INFO]Setting newly assigned partitions set([TopicPartition(topic=u'spamtopic', partition=0)]) for group kafka-python-default-group
[2016-09-19 10:36:32,012][kafka.coordinator][WARNING]Heartbeat failed for group kafka-python-default-group because it is rebalancing
[2016-09-19 10:36:32,012][kafka.coordinator][WARNING]Heartbeat failed ([Error 27] RebalanceInProgressError: ); retrying
[2016-09-19 10:36:32,113][kafka.coordinator][INFO]Skipping heartbeat: no auto-assignment or waiting on rebalance
[2016-09-19 10:36:32,515][kafka.coordinator.consumer][INFO]Revoking previously assigned partitions set([TopicPartition(topic=u'spamtopic', partition=0)]) for group kafka-python-default-group
[2016-09-19 10:36:32,515][kafka.coordinator][INFO](Re-)joining group kafka-python-default-group
[2016-09-19 10:36:32,517][kafka.coordinator][INFO]Joined group 'kafka-python-default-group' (generation 157) with member_id kafka-python-1.3.1-e78ef9db-78f5-471f-a84d-8904f7475ce3
[2016-09-19 10:36:32,519][kafka.coordinator][INFO]Successfully joined group kafka-python-default-group with generation 157
[2016-09-19 10:36:32,520][kafka.consumer.subscription_state][INFO]Updated partition assignment: [TopicPartition(topic=u'spamtopic', partition=0)]
[2016-09-19 10:36:32,520][kafka.coordinator.consumer][INFO]Setting newly assigned partitions set([TopicPartition(topic=u'spamtopic', partition=0)]) for group kafka-python-default-group
[2016-09-19 10:36:35,531][kafka.coordinator][WARNING]Heartbeat failed for group kafka-python-default-group because it is rebalancing
[2016-09-19 10:36:35,532][kafka.coordinator][WARNING]Heartbeat failed ([Error 27] RebalanceInProgressError: ); retrying
[2016-09-19 10:36:35,633][kafka.coordinator][INFO]Skipping heartbeat: no auto-assignment or waiting on rebalance
[2016-09-19 10:36:36,033][kafka.coordinator.consumer][INFO]Revoking previously assigned partitions set([TopicPartition(topic=u'spamtopic', partition=0)]) for group kafka-python-default-group
[2016-09-19 10:36:36,033][kafka.coordinator][INFO](Re-)joining group kafka-python-default-group
[2016-09-19 10:36:36,035][kafka.coordinator][INFO]Joined group 'kafka-python-default-group' (generation 158) with member_id kafka-python-1.3.1-e78ef9db-78f5-471f-a84d-8904f7475ce3
[2016-09-19 10:36:36,037][kafka.coordinator][INFO]Successfully joined group kafka-python-default-group with generation 158
[2016-09-19 10:36:36,037][kafka.consumer.subscription_state][INFO]Updated partition assignment: [TopicPartition(topic=u'spamtopic', partition=0)]
[2016-09-19 10:36:36,037][kafka.coordinator.consumer][INFO]Setting newly assigned partitions set([TopicPartition(topic=u'spamtopic', partition=0)]) for group kafka-python-default-group
[2016-09-19 10:36:39,047][kafka.coordinator][WARNING]Heartbeat failed for group kafka-python-default-group because it is rebalancing
[2016-09-19 10:36:39,047][kafka.coordinator][WARNING]Heartbeat failed ([Error 27] RebalanceInProgressError: ); retrying
[2016-09-19 10:36:39,148][kafka.coordinator][INFO]Skipping heartbeat: no auto-assignment or waiting on rebalance
[2016-09-19 10:36:39,549][kafka.coordinator.consumer][INFO]Revoking previously assigned partitions set([TopicPartition(topic=u'spamtopic', partition=0)]) for group kafka-python-default-group
[2016-09-19 10:36:39,550][kafka.coordinator][INFO](Re-)joining group kafka-python-default-group
[2016-09-19 10:36:39,552][kafka.coordinator][INFO]Joined group 'kafka-python-default-group' (generation 159) with member_id kafka-python-1.3.1-e78ef9db-78f5-471f-a84d-8904f7475ce3
[2016-09-19 10:36:39,554][kafka.coordinator][INFO]Successfully joined group kafka-python-default-group with generation 159
[2016-09-19 10:36:39,554][kafka.consumer.subscription_state][INFO]Updated partition assignment: [TopicPartition(topic=u'spamtopic', partition=0)]
[2016-09-19 10:36:39,555][kafka.coordinator.consumer][INFO]Setting newly assigned partitions set([TopicPartition(topic=u'spamtopic', partition=0)]) for group kafka-python-default-group
[2016-09-19 10:36:42,565][kafka.coordinator][WARNING]Heartbeat failed for group kafka-python-default-group because it is rebalancing
[2016-09-19 10:36:42,565][kafka.coordinator][WARNING]Heartbeat failed ([Error 27] RebalanceInProgressError: ); retrying
[2016-09-19 10:36:42,667][kafka.coordinator][INFO]Skipping heartbeat: no auto-assignment or waiting on rebalance
[2016-09-19 10:36:43,106][kafka.coordinator.consumer][INFO]Revoking previously assigned partitions set([TopicPartition(topic=u'spamtopic', partition=0)]) for group kafka-python-default-group
[2016-09-19 10:36:43,106][kafka.coordinator][INFO](Re-)joining group kafka-python-default-group
[2016-09-19 10:36:43,119][kafka.coordinator][INFO]Joined group 'kafka-python-default-group' (generation 160) with member_id kafka-python-1.3.1-e78ef9db-78f5-471f-a84d-8904f7475ce3
[2016-09-19 10:36:43,135][kafka.coordinator][INFO]Successfully joined group kafka-python-default-group with generation 160
[2016-09-19 10:36:43,135][kafka.consumer.subscription_state][INFO]Updated partition assignment: [TopicPartition(topic=u'spamtopic', partition=0)]
[2016-09-19 10:36:43,135][kafka.coordinator.consumer][INFO]Setting newly assigned partitions set([TopicPartition(topic=u'spamtopic', partition=0)]) for group kafka-python-default-group
[2016-09-19 10:36:46,152][kafka.coordinator][WARNING]Heartbeat failed for group kafka-python-default-group because it is rebalancing
[2016-09-19 10:36:46,152][kafka.coordinator][WARNING]Heartbeat failed ([Error 27] RebalanceInProgressError: ); retrying
[2016-09-19 10:36:46,253][kafka.coordinator][INFO]Skipping heartbeat: no auto-assignment or waiting on rebalance
[2016-09-19 10:36:46,666][kafka.coordinator.consumer][INFO]Revoking previously assigned partitions set([TopicPartition(topic=u'spamtopic', partition=0)]) for group kafka-python-default-group
[2016-09-19 10:36:46,666][kafka.coordinator][INFO](Re-)joining group kafka-python-default-group
[2016-09-19 10:36:46,667][kafka.coordinator][INFO]Joined group 'kafka-python-default-group' (generation 161) with member_id kafka-python-1.3.1-e78ef9db-78f5-471f-a84d-8904f7475ce3
[2016-09-19 10:36:46,669][kafka.coordinator][INFO]Successfully joined group kafka-python-default-group with generation 161
[2016-09-19 10:36:46,669][kafka.consumer.subscription_state][INFO]Updated partition assignment: [TopicPartition(topic=u'spamtopic', partition=0)]
[2016-09-19 10:36:46,670][kafka.coordinator.consumer][INFO]Setting newly assigned partitions set([TopicPartition(topic=u'spamtopic', partition=0)]) for group kafka-python-default-group
[2016-09-19 10:36:49,679][kafka.coordinator][WARNING]Heartbeat failed for group kafka-python-default-group because it is rebalancing
[2016-09-19 10:36:49,679][kafka.coordinator][WARNING]Heartbeat failed ([Error 27] RebalanceInProgressError: ); retrying
[2016-09-19 10:36:49,781][kafka.coordinator][INFO]Skipping heartbeat: no auto-assignment or waiting on rebalance
[2016-09-19 10:36:50,182][kafka.coordinator.consumer][INFO]Revoking previously assigned partitions set([TopicPartition(topic=u'spamtopic', partition=0)]) for group kafka-python-default-group
[2016-09-19 10:36:50,182][kafka.coordinator][INFO](Re-)joining group kafka-python-default-group
[2016-09-19 10:36:50,184][kafka.coordinator][INFO]Joined group 'kafka-python-default-group' (generation 162) with member_id kafka-python-1.3.1-e78ef9db-78f5-471f-a84d-8904f7475ce3
[2016-09-19 10:36:50,188][kafka.coordinator][INFO]Successfully joined group kafka-python-default-group with generation 162
[2016-09-19 10:36:50,189][kafka.consumer.subscription_state][INFO]Updated partition assignment: [TopicPartition(topic=u'spamtopic', partition=0)]
[2016-09-19 10:36:50,189][kafka.coordinator.consumer][INFO]Setting newly assigned partitions set([TopicPartition(topic=u'spamtopic', partition=0)]) for group kafka-python-default-group
