Beginning task setup

/usr/bin/flock
Using existing venv: /tmp/petrel-spam-6-1473877022/venv
Task setup took 0 seconds
Launching: python -m petrel.run kafkaconsumer /home/pipe/topology/TopologyTweetTransformationSPAM/petrel20387_kafkaconsumer.log
/usr/local/lib/python2.7/dist-packages/petrel-1.0.1.0.3-py2.7.egg/petrel/run.py invoked with the following arguments: ['kafkaconsumer', '/home/pipe/topology/TopologyTweetTransformationSPAM/petrel20387_kafkaconsumer.log']
python version: 2.7.12
user=root
PATH=/tmp/petrel-spam-6-1473877022/venv/bin:/usr/local/sbin:/usr/local/bin:/usr/sbin:/usr/bin:/sbin:/bin:/snap/bin
LD_LIBRARY_PATH=/home/apache-storm-1.0.1/data/supervisor/stormdist/spam-6-1473877022/resources/Linux-amd64:/home/apache-storm-1.0.1/data/supervisor/stormdist/spam-6-1473877022/resources:/usr/local/lib:/opt/local/lib:/usr/lib
PYTHON_EGG_CACHE=/tmp/petrel-spam-6-1473877022/egg_cache
[2016-09-15 03:16:56,276][storm][INFO]Tuple profiling enabled. Will log tuple processing times.
[2016-09-15 03:16:56,467][storm][INFO]Task received setupInfo from Storm: {'pidDir': '/home/apache-storm-1.0.1/data/workers/2214e1d2-aff4-4e67-9008-9ebbe66f954b/pids', 'conf': {'storm.group.mapping.service.params': None, 'topology.tuple.serializer': 'org.apache.storm.serialization.types.ListDelegateSerializer', 'topology.workers': 1, 'drpc.worker.threads': 64, 'ui.filter.params': None, 'transactional.zookeeper.root': '/transactional', 'logviewer.cleanup.age.mins': 10080, 'worker.profiler.command': 'flight.bash', 'topology.executor.send.buffer.size': 1024, 'nimbus.file.copy.expiration.secs': 600, 'oauth.acess_token': ' 702208758362087425-HZiyl1x7Bh98cQa1WLBDYylyu10Bpl7', 'drpc.childopts': '-Xmx768m', 'nimbus.thrift.port': 6627, 'topology.disruptor.wait.timeout.millis': 1000, 'storm.zookeeper.retry.intervalceiling.millis': 30000, 'storm.local.dir': '/home/apache-storm-1.0.1/data', 'storm.auth.simple-acl.users': [], 'drpc.invocations.threads': 64, 'storm.zookeeper.superACL': None, 'storm.cluster.state.store': 'org.apache.storm.cluster_state.zookeeper_state_factory', 'storm.codedistributor.class': 'org.apache.storm.codedistributor.LocalFileSystemCodeDistributor', 'drpc.https.keystore.password': '', 'supervisor.blobstore.download.max_retries': 3, 'pacemaker.kerberos.users': [], 'storm.messaging.netty.client_worker_threads': 1, 'oauth.consumer_secret': 'ADf76fi3O1lKMzBxWnjqf93l3GHv28uar3bkblkvyBrAyoA23i', 'topology.component.resources.offheap.memory.mb': 0.0, 'supervisor.heartbeat.frequency.secs': 5, 'storm.group.mapping.service.cache.duration.secs': 120, 'storm.group.mapping.service': 'org.apache.storm.security.auth.ShellBasedGroupsMapping', 'storm.workers.artifacts.dir': 'workers-artifacts', 'drpc.request.timeout.secs': 600, 'pacemaker.childopts': '-Xmx1024m', 'nimbus.seeds': ['localhost'], 'topology.shellbolt.max.pending': 100, 'topology.min.replication.count': 1, 'topology.skip.missing.kryo.registrations': False, 'worker.heartbeat.frequency.secs': 1, 'storm.auth.simple-acl.users.commands': [], 'storm.zookepeer.port': 2181, 'zmq.hwm': 0, 'topology.worker.shared.thread.pool.size': 4, 'storm.zookeeper.connection.timeout': 15000, 'java.library.path': '/usr/local/lib:/opt/local/lib:/usr/lib', 'logviewer.max.sum.worker.logs.size.mb': 4096, 'task.refresh.poll.secs': 10, 'topology.max.error.report.per.interval': 5, 'topology.worker.logwriter.childopts': '-Xmx64m', 'ui.actions.enabled': True, 'storm.health.check.timeout.ms': 5000, 'topology.scheduler.strategy': 'org.apache.storm.scheduler.resource.strategies.scheduling.DefaultResourceAwareStrategy', 'ui.host': '0.0.0.0', 'storm.messaging.netty.server_worker_threads': 1, 'topology.disruptor.batch.size': 100, 'storm.id': 'spam-6-1473877022', 'supervisor.worker.start.timeout.secs': 120, 'zmq.threads': 1, 'topology.acker.executors': None, 'pacemaker.thread.timeout': 10, 'storm.local.mode.zmq': False, 'topology.eventlogger.executors': 0, 'topology.tick.tuple.freq.secs': 30, 'supervisor.memory.capacity.mb': 3072.0, 'supervisor.worker.shutdown.sleep.secs': 1, 'pacemaker.base.threads': 10, 'drpc.http.creds.plugin': 'org.apache.storm.security.auth.DefaultHttpCredentialsPlugin', 'storm.zookeeper.servers': ['localhost'], 'supervisor.localizer.cache.target.size.mb': 10240, 'storm.messaging.netty.transfer.batch.size': 262144, 'resource.aware.scheduler.eviction.strategy': 'org.apache.storm.scheduler.resource.strategies.eviction.DefaultEvictionStrategy', 'topology.environment': None, 'storm.zookeeper.port': 2181, 'storm.auth.simple-acl.admins': [], 'pacemaker.host': 'localhost', 'nimbus.childopts': '-Xmx1024m', 'storm.principal.tolocal': 'org.apache.storm.security.auth.DefaultPrincipalToLocal', 'storm.nimbus.retry.times': 5, 'topology.classpath': None, 'drpc.authorizer.acl.filename': 'drpc-auth-acl.yaml', 'topology.bolts.outgoing.overflow.buffer.enable': False, 'nimbus.credential.renewers.freq.secs': 600, 'worker.childopts': '-Xmx%HEAP-MEM%m -XX:+PrintGCDetails -Xloggc:artifacts/gc.log -XX:+PrintGCDateStamps -XX:+PrintGCTimeStamps -XX:+UseGCLogFileRotation -XX:NumberOfGCLogFiles=10 -XX:GCLogFileSize=1M -XX:+HeapDumpOnOutOfMemoryError -XX:HeapDumpPath=artifacts/heapdump', 'drpc.queue.size': 128, 'supervisor.blobstore.class': 'org.apache.storm.blobstore.NimbusBlobStore', 'topology.multilang.serializer': 'org.apache.storm.multilang.JsonSerializer', 'storm.zookeeper.retry.times': 5, 'topology.disable.loadaware': False, 'supervisor.run.worker.as.user': False, 'storm.blobstore.replication.factor': 3, 'worker.profiler.childopts': '-XX:+UnlockCommercialFeatures -XX:+FlightRecorder', 'nimbus.thrift.threads': 64, 'nimbus.monitor.freq.secs': 10, 'storm.blobstore.inputstream.buffer.size.bytes': 65536, 'dev.zookeeper.path': '/tmp/dev-storm-zookeeper', 'topology.users': [], 'storm.daemon.metrics.reporter.plugins': ['org.apache.storm.daemon.metrics.reporters.JmxPreparableReporter'], 'storm.exhibitor.poll.uripath': '/exhibitor/v1/cluster/list', 'pacemaker.max.threads': 50, 'drpc.https.keystore.type': 'JKS', 'topology.tasks': None, 'storm.zookeeper.root': '/storm', 'logviewer.childopts': '-Xmx128m', 'topology.max.replication.wait.time.sec': 60, 'worker.gc.childopts': '', 'backpressure.disruptor.low.watermark': 0.4, 'storm.meta.serialization.delegate': 'org.apache.storm.serialization.GzipThriftSerializationDelegate', 'transactional.zookeeper.port': None, 'drpc.max_buffer_size': 1048576, 'topology.worker.childopts': None, 'storm.auth.simple-white-list.users': [], 'topology.max.spout.pending': None, 'nimbus.topology.validator': 'org.apache.storm.nimbus.DefaultTopologyValidator', 'topology.kryo.register': None, 'petrel.host': 'localhost', 'client.blobstore.class': 'org.apache.storm.blobstore.NimbusBlobStore', 'nimbus.cleanup.inbox.freq.secs': 600, 'storm.nimbus.retry.intervalceiling.millis': 60000, 'storm.network.topography.plugin': 'org.apache.storm.networktopography.DefaultRackDNSToSwitchMapping', 'storm.messaging.netty.min_wait_ms': 100, 'nimbus.task.timeout.secs': 30, 'topology.disruptor.batch.timeout.millis': 1, 'topology.state.checkpoint.interval.ms': 1000, 'ui.header.buffer.bytes': 4096, 'nimbus.thrift.max_buffer_size': 1048576, 'ui.http.creds.plugin': 'org.apache.storm.security.auth.DefaultHttpCredentialsPlugin', 'topology.sleep.spout.wait.strategy.time.ms': 1, 'nimbus.blobstore.expiration.secs': 600, 'storm.cluster.mode': 'distributed', 'storm.messaging.netty.socket.backlog': 500, 'worker.profiler.enabled': False, 'nimbus.queue.size': 100000, 'logviewer.appender.name': 'A1', 'drpc.authorizer.acl.strict': False, 'ui.port': 8080, 'supervisor.slots.ports': [6700, 6701, 6702, 6703], 'worker.log.level.reset.poll.secs': 30, 'storm.nimbus.retry.interval.millis': 2000, 'drpc.invocations.port': 3773, 'supervisor.monitor.frequency.secs': 3, 'ui.childopts': '-Xmx768m', 'transactional.zookeeper.servers': None, 'storm.log4j2.conf.dir': 'log4j2', 'supervisor.supervisors': [], 'zmq.linger.millis': 5000, 'topology.error.throttle.interval.secs': 10, 'storm.health.check.dir': 'healthchecks', 'topology.executor.receive.buffer.size': 1024, 'nimbus.impersonation.authorizer': 'org.apache.storm.security.auth.authorizer.ImpersonationAuthorizer', 'topology.submitter.principal': '', 'topology.worker.max.heap.size.mb': 768.0, 'topology.spout.wait.strategy': 'org.apache.storm.spout.SleepSpoutWaitStrategy', 'task.heartbeat.frequency.secs': 3, 'topology.transfer.buffer.size': 1024, 'storm.zookeeper.session.timeout': 20000, 'topology.testing.always.try.serialize': False, 'nimbus.blobstore.class': 'org.apache.storm.blobstore.LocalFsBlobStore', 'topology.stats.sample.rate': 0.05, 'topology.fall.back.on.java.serialization': True, 'storm.exhibitor.port': 8080, 'storm.zookeeper.auth.password': None, 'supervisor.childopts': '-Xmx256m', 'topology.backpressure.enable': True, 'pacemaker.port': 6699, 'topology.enable.message.timeouts': True, 'nimbus.code.sync.freq.secs': 120, 'backpressure.disruptor.high.watermark': 0.9, 'storm.messaging.netty.max_wait_ms': 1000, 'topology.worker.receiver.thread.count': 1, 'topology.component.resources.onheap.memory.mb': 128.0, 'resource.aware.scheduler.priority.strategy': 'org.apache.storm.scheduler.resource.strategies.priority.DefaultSchedulingPriorityStrategy', 'nimbus.supervisor.timeout.secs': 60, 'pacemaker.auth.method': 'NONE', 'drpc.https.port': -1, 'nimbus.inbox.jar.expiration.secs': 3600, 'scheduler.display.resource': False, 'topology.kryo.factory': 'org.apache.storm.serialization.DefaultKryoFactory', 'storm.zookeeper.retry.interval': 1000, 'supervisor.supervisors.commands': [], 'supervisor.localizer.cleanup.interval.ms': 600000, 'storm.messaging.netty.max_retries': 300, 'task.credentials.poll.secs': 30, 'drpc.http.port': 3774, 'storm.messaging.transport': 'org.apache.storm.messaging.netty.Context', 'supervisor.enable': True, 'nimbus.task.launch.secs': 120, 'supervisor.blobstore.download.thread.count': 5, 'topology.message.timeout.secs': 30, 'oauth.acess_token_secret': 'IiNOTfgE3tEZvW2HDQhRKPMoOLU43NXJCXk8maj51SdAT', 'storm.messaging.netty.authentication': False, 'petrel.user': 'pipe', 'drpc.port': 3772, 'storm.messaging.netty.buffer_size': 5242880, 'topology.state.synchronization.timeout.secs': 60, 'worker.heap.memory.mb': 768, 'topology.name': 'spam', 'topology.priority': 29, 'supervisor.worker.timeout.secs': 30, 'ui.filter': None, 'topology.trident.batch.emit.interval.millis': 500, 'topology.max.task.parallelism': None, 'supervisor.cpu.capacity': 400.0, 'topology.submitter.user': 'root', 'logviewer.max.per.worker.logs.size.mb': 2048, 'nimbus.host': 'localhost', 'topology.builtin.metrics.bucket.size.secs': 60, 'topology.component.cpu.pcore.percent': 10.0, 'ui.users': None, 'storm.thrift.transport': 'org.apache.storm.security.auth.SimpleTransportPlugin', 'logs.users': None, 'logviewer.port': 8000, 'oauth.consumer_key': 'eaFmBSxUveRJfmyZYeabti9Q9', 'topology.kryo.decorators': [], 'topology.debug': False, 'storm.zookeeper.auth.user': None}, 'context': {'task->component': {'11': '__acker', '10': 'WordDivider', '1': 'CountThreeWords', '3': 'CountTwoWords', '2': 'CountThreeWords', '5': 'CountWord', '4': 'CountTwoWords', '7': 'KafkaConsumer', '6': 'CountWord', '9': 'TwoWordDivider', '8': 'ThreeWordDivider'}, 'stream->target->grouping': {'default': {'WordDivider': {'type': 'SHUFFLE'}, 'ThreeWordDivider': {'type': 'SHUFFLE'}, 'TwoWordDivider': {'type': 'SHUFFLE'}}}, 'source->stream->fields': {}, 'streams': ['default'], 'stream->outputfields': {'default': ['sentence', 'user']}, 'taskid': 7, 'source->stream->grouping': {}, 'componentid': 'KafkaConsumer'}}
[2016-09-15 03:16:56,480][storm][INFO]Task sent pid to Storm
[2016-09-15 03:16:56,595][kafka.conn][INFO]Broker version identifed as 0.10
[2016-09-15 03:16:56,596][kafka.conn][INFO]Set configuration api_version=(0, 10) to skip auto check_version requests on startup
[2016-09-15 03:16:56,609][kafka.consumer.subscription_state][INFO]Updating subscribed topics to: ['spamtopic']
[2016-09-15 03:16:56,610][kafka.cluster][INFO]Group coordinator for kafka-python-default-group is BrokerMetadata(nodeId=0, host=u'localhost', port=9092, rack=None)
[2016-09-15 03:16:56,610][kafka.coordinator][INFO]Discovered coordinator 0 for group kafka-python-default-group
[2016-09-15 03:16:56,610][kafka.coordinator.consumer][INFO]Revoking previously assigned partitions set([]) for group kafka-python-default-group
[2016-09-15 03:16:56,610][kafka.coordinator][INFO](Re-)joining group kafka-python-default-group
[2016-09-15 03:17:20,299][kafka.coordinator][INFO]Joined group 'kafka-python-default-group' (generation 3378) with member_id kafka-python-1.3.1-a6cb9788-1fed-47f2-9bb3-bca0eeff279a
[2016-09-15 03:17:20,301][kafka.coordinator][INFO]Successfully joined group kafka-python-default-group with generation 3378
[2016-09-15 03:17:20,302][kafka.consumer.subscription_state][INFO]Updated partition assignment: [TopicPartition(topic=u'spamtopic', partition=0)]
[2016-09-15 03:17:20,302][kafka.coordinator.consumer][INFO]Setting newly assigned partitions set([TopicPartition(topic=u'spamtopic', partition=0)]) for group kafka-python-default-group
[2016-09-15 03:17:23,310][kafka.coordinator][WARNING]Heartbeat failed for group kafka-python-default-group because it is rebalancing
[2016-09-15 03:17:23,310][kafka.coordinator][WARNING]Heartbeat failed ([Error 27] RebalanceInProgressError: ); retrying
[2016-09-15 03:17:23,411][kafka.coordinator][INFO]Skipping heartbeat: no auto-assignment or waiting on rebalance
[2016-09-15 03:17:23,812][kafka.coordinator.consumer][INFO]Revoking previously assigned partitions set([TopicPartition(topic=u'spamtopic', partition=0)]) for group kafka-python-default-group
[2016-09-15 03:17:23,812][kafka.coordinator][INFO](Re-)joining group kafka-python-default-group
[2016-09-15 03:17:23,812][kafka.coordinator][INFO]Joined group 'kafka-python-default-group' (generation 3379) with member_id kafka-python-1.3.1-a6cb9788-1fed-47f2-9bb3-bca0eeff279a
[2016-09-15 03:17:23,814][kafka.coordinator][INFO]Successfully joined group kafka-python-default-group with generation 3379
[2016-09-15 03:17:23,815][kafka.consumer.subscription_state][INFO]Updated partition assignment: [TopicPartition(topic=u'spamtopic', partition=0)]
[2016-09-15 03:17:23,815][kafka.coordinator.consumer][INFO]Setting newly assigned partitions set([TopicPartition(topic=u'spamtopic', partition=0)]) for group kafka-python-default-group
[2016-09-15 03:17:26,824][kafka.coordinator][WARNING]Heartbeat failed for group kafka-python-default-group because it is rebalancing
[2016-09-15 03:17:26,824][kafka.coordinator][WARNING]Heartbeat failed ([Error 27] RebalanceInProgressError: ); retrying
[2016-09-15 03:17:26,925][kafka.coordinator][INFO]Skipping heartbeat: no auto-assignment or waiting on rebalance
[2016-09-15 03:17:27,326][kafka.coordinator.consumer][INFO]Revoking previously assigned partitions set([TopicPartition(topic=u'spamtopic', partition=0)]) for group kafka-python-default-group
[2016-09-15 03:17:27,326][kafka.coordinator][INFO](Re-)joining group kafka-python-default-group
[2016-09-15 03:17:27,332][kafka.coordinator][INFO]Joined group 'kafka-python-default-group' (generation 3380) with member_id kafka-python-1.3.1-a6cb9788-1fed-47f2-9bb3-bca0eeff279a
[2016-09-15 03:17:27,333][kafka.coordinator][INFO]Successfully joined group kafka-python-default-group with generation 3380
[2016-09-15 03:17:27,333][kafka.consumer.subscription_state][INFO]Updated partition assignment: [TopicPartition(topic=u'spamtopic', partition=0)]
[2016-09-15 03:17:27,333][kafka.coordinator.consumer][INFO]Setting newly assigned partitions set([TopicPartition(topic=u'spamtopic', partition=0)]) for group kafka-python-default-group
[2016-09-15 03:17:30,345][kafka.coordinator][WARNING]Heartbeat failed for group kafka-python-default-group because it is rebalancing
[2016-09-15 03:17:30,345][kafka.coordinator][WARNING]Heartbeat failed ([Error 27] RebalanceInProgressError: ); retrying
[2016-09-15 03:17:30,446][kafka.coordinator][INFO]Skipping heartbeat: no auto-assignment or waiting on rebalance
[2016-09-15 03:17:30,848][kafka.coordinator.consumer][INFO]Revoking previously assigned partitions set([TopicPartition(topic=u'spamtopic', partition=0)]) for group kafka-python-default-group
[2016-09-15 03:17:30,848][kafka.coordinator][INFO](Re-)joining group kafka-python-default-group
[2016-09-15 03:17:30,849][kafka.coordinator][INFO]Joined group 'kafka-python-default-group' (generation 3381) with member_id kafka-python-1.3.1-a6cb9788-1fed-47f2-9bb3-bca0eeff279a
[2016-09-15 03:17:30,858][kafka.coordinator][INFO]Successfully joined group kafka-python-default-group with generation 3381
[2016-09-15 03:17:30,858][kafka.consumer.subscription_state][INFO]Updated partition assignment: [TopicPartition(topic=u'spamtopic', partition=0)]
[2016-09-15 03:17:30,858][kafka.coordinator.consumer][INFO]Setting newly assigned partitions set([TopicPartition(topic=u'spamtopic', partition=0)]) for group kafka-python-default-group
[2016-09-15 03:17:33,865][kafka.coordinator][WARNING]Heartbeat failed for group kafka-python-default-group because it is rebalancing
[2016-09-15 03:17:33,865][kafka.coordinator][WARNING]Heartbeat failed ([Error 27] RebalanceInProgressError: ); retrying
[2016-09-15 03:17:33,967][kafka.coordinator][INFO]Skipping heartbeat: no auto-assignment or waiting on rebalance
[2016-09-15 03:17:34,367][kafka.coordinator.consumer][INFO]Revoking previously assigned partitions set([TopicPartition(topic=u'spamtopic', partition=0)]) for group kafka-python-default-group
[2016-09-15 03:17:34,368][kafka.coordinator][INFO](Re-)joining group kafka-python-default-group
[2016-09-15 03:17:34,369][kafka.coordinator][INFO]Joined group 'kafka-python-default-group' (generation 3382) with member_id kafka-python-1.3.1-a6cb9788-1fed-47f2-9bb3-bca0eeff279a
[2016-09-15 03:17:34,375][kafka.coordinator][INFO]Successfully joined group kafka-python-default-group with generation 3382
[2016-09-15 03:17:34,375][kafka.consumer.subscription_state][INFO]Updated partition assignment: [TopicPartition(topic=u'spamtopic', partition=0)]
[2016-09-15 03:17:34,375][kafka.coordinator.consumer][INFO]Setting newly assigned partitions set([TopicPartition(topic=u'spamtopic', partition=0)]) for group kafka-python-default-group
[2016-09-15 03:17:37,386][kafka.coordinator][WARNING]Heartbeat failed for group kafka-python-default-group because it is rebalancing
[2016-09-15 03:17:37,386][kafka.coordinator][WARNING]Heartbeat failed ([Error 27] RebalanceInProgressError: ); retrying
[2016-09-15 03:17:37,487][kafka.coordinator][INFO]Skipping heartbeat: no auto-assignment or waiting on rebalance
[2016-09-15 03:17:37,887][kafka.coordinator.consumer][INFO]Revoking previously assigned partitions set([TopicPartition(topic=u'spamtopic', partition=0)]) for group kafka-python-default-group
[2016-09-15 03:17:37,887][kafka.coordinator][INFO](Re-)joining group kafka-python-default-group
[2016-09-15 03:17:37,889][kafka.coordinator][INFO]Joined group 'kafka-python-default-group' (generation 3383) with member_id kafka-python-1.3.1-a6cb9788-1fed-47f2-9bb3-bca0eeff279a
[2016-09-15 03:17:37,891][kafka.coordinator][INFO]Successfully joined group kafka-python-default-group with generation 3383
[2016-09-15 03:17:37,892][kafka.consumer.subscription_state][INFO]Updated partition assignment: [TopicPartition(topic=u'spamtopic', partition=0)]
[2016-09-15 03:17:37,892][kafka.coordinator.consumer][INFO]Setting newly assigned partitions set([TopicPartition(topic=u'spamtopic', partition=0)]) for group kafka-python-default-group
[2016-09-15 03:17:40,901][kafka.coordinator][WARNING]Heartbeat failed for group kafka-python-default-group because it is rebalancing
[2016-09-15 03:17:40,901][kafka.coordinator][WARNING]Heartbeat failed ([Error 27] RebalanceInProgressError: ); retrying
[2016-09-15 03:17:41,002][kafka.coordinator][INFO]Skipping heartbeat: no auto-assignment or waiting on rebalance
[2016-09-15 03:17:41,402][kafka.coordinator.consumer][INFO]Revoking previously assigned partitions set([TopicPartition(topic=u'spamtopic', partition=0)]) for group kafka-python-default-group
[2016-09-15 03:17:41,402][kafka.coordinator][INFO](Re-)joining group kafka-python-default-group
[2016-09-15 03:17:41,403][kafka.coordinator][INFO]Joined group 'kafka-python-default-group' (generation 3384) with member_id kafka-python-1.3.1-a6cb9788-1fed-47f2-9bb3-bca0eeff279a
[2016-09-15 03:17:41,406][kafka.coordinator][INFO]Successfully joined group kafka-python-default-group with generation 3384
[2016-09-15 03:17:41,406][kafka.consumer.subscription_state][INFO]Updated partition assignment: [TopicPartition(topic=u'spamtopic', partition=0)]
[2016-09-15 03:17:41,406][kafka.coordinator.consumer][INFO]Setting newly assigned partitions set([TopicPartition(topic=u'spamtopic', partition=0)]) for group kafka-python-default-group
[2016-09-15 03:17:44,420][kafka.coordinator][WARNING]Heartbeat failed for group kafka-python-default-group because it is rebalancing
[2016-09-15 03:17:44,420][kafka.coordinator][WARNING]Heartbeat failed ([Error 27] RebalanceInProgressError: ); retrying
[2016-09-15 03:17:44,521][kafka.coordinator][INFO]Skipping heartbeat: no auto-assignment or waiting on rebalance
[2016-09-15 03:17:44,922][kafka.coordinator.consumer][INFO]Revoking previously assigned partitions set([TopicPartition(topic=u'spamtopic', partition=0)]) for group kafka-python-default-group
[2016-09-15 03:17:44,922][kafka.coordinator][INFO](Re-)joining group kafka-python-default-group
[2016-09-15 03:17:44,928][kafka.coordinator][INFO]Joined group 'kafka-python-default-group' (generation 3385) with member_id kafka-python-1.3.1-a6cb9788-1fed-47f2-9bb3-bca0eeff279a
[2016-09-15 03:17:44,929][kafka.coordinator][INFO](Re-)joining group kafka-python-default-group
[2016-09-15 03:17:48,442][kafka.coordinator][INFO]Joined group 'kafka-python-default-group' (generation 3386) with member_id kafka-python-1.3.1-a6cb9788-1fed-47f2-9bb3-bca0eeff279a
[2016-09-15 03:17:48,446][kafka.coordinator.consumer][WARNING]Auto offset commit failed for group kafka-python-default-group: CommitFailedError: Commit cannot be completed since the group has already rebalanced and assigned the partitions to another member. This means that the time between subsequent calls to poll() was longer than the configured session.timeout.ms, which typically implies that the poll loop is spending too much time message processing. You can address this either by increasing the session timeout or by reducing the maximum size of batches returned in poll() with max.poll.records.
[2016-09-15 03:17:48,446][kafka.coordinator][INFO]Successfully joined group kafka-python-default-group with generation 3386
[2016-09-15 03:17:48,446][kafka.consumer.subscription_state][INFO]Updated partition assignment: [TopicPartition(topic=u'spamtopic', partition=0)]
[2016-09-15 03:17:48,446][kafka.coordinator.consumer][INFO]Setting newly assigned partitions set([TopicPartition(topic=u'spamtopic', partition=0)]) for group kafka-python-default-group
[2016-09-15 03:17:51,454][kafka.coordinator][WARNING]Heartbeat failed for group kafka-python-default-group because it is rebalancing
[2016-09-15 03:17:51,454][kafka.coordinator][WARNING]Heartbeat failed ([Error 27] RebalanceInProgressError: ); retrying
[2016-09-15 03:17:51,555][kafka.coordinator][INFO]Skipping heartbeat: no auto-assignment or waiting on rebalance
[2016-09-15 03:17:51,956][kafka.coordinator.consumer][INFO]Revoking previously assigned partitions set([TopicPartition(topic=u'spamtopic', partition=0)]) for group kafka-python-default-group
[2016-09-15 03:17:51,956][kafka.coordinator][INFO](Re-)joining group kafka-python-default-group
[2016-09-15 03:17:51,957][kafka.coordinator][INFO]Joined group 'kafka-python-default-group' (generation 3387) with member_id kafka-python-1.3.1-a6cb9788-1fed-47f2-9bb3-bca0eeff279a
[2016-09-15 03:17:51,967][kafka.coordinator][INFO]Successfully joined group kafka-python-default-group with generation 3387
[2016-09-15 03:17:51,968][kafka.consumer.subscription_state][INFO]Updated partition assignment: [TopicPartition(topic=u'spamtopic', partition=0)]
[2016-09-15 03:17:51,968][kafka.coordinator.consumer][INFO]Setting newly assigned partitions set([TopicPartition(topic=u'spamtopic', partition=0)]) for group kafka-python-default-group
[2016-09-15 03:17:54,976][kafka.coordinator][WARNING]Heartbeat failed for group kafka-python-default-group because it is rebalancing
[2016-09-15 03:17:54,977][kafka.coordinator][WARNING]Heartbeat failed ([Error 27] RebalanceInProgressError: ); retrying
[2016-09-15 03:17:55,078][kafka.coordinator][INFO]Skipping heartbeat: no auto-assignment or waiting on rebalance
[2016-09-15 03:17:55,478][kafka.coordinator.consumer][INFO]Revoking previously assigned partitions set([TopicPartition(topic=u'spamtopic', partition=0)]) for group kafka-python-default-group
[2016-09-15 03:17:55,478][kafka.coordinator][INFO](Re-)joining group kafka-python-default-group
[2016-09-15 03:17:55,479][kafka.coordinator][INFO]Joined group 'kafka-python-default-group' (generation 3388) with member_id kafka-python-1.3.1-a6cb9788-1fed-47f2-9bb3-bca0eeff279a
[2016-09-15 03:17:55,481][kafka.coordinator][INFO]Successfully joined group kafka-python-default-group with generation 3388
[2016-09-15 03:17:55,481][kafka.consumer.subscription_state][INFO]Updated partition assignment: [TopicPartition(topic=u'spamtopic', partition=0)]
[2016-09-15 03:17:55,481][kafka.coordinator.consumer][INFO]Setting newly assigned partitions set([TopicPartition(topic=u'spamtopic', partition=0)]) for group kafka-python-default-group
[2016-09-15 03:17:58,492][kafka.coordinator][WARNING]Heartbeat failed for group kafka-python-default-group because it is rebalancing
[2016-09-15 03:17:58,492][kafka.coordinator][WARNING]Heartbeat failed ([Error 27] RebalanceInProgressError: ); retrying
[2016-09-15 03:17:58,593][kafka.coordinator][INFO]Skipping heartbeat: no auto-assignment or waiting on rebalance
[2016-09-15 03:17:58,994][kafka.coordinator.consumer][INFO]Revoking previously assigned partitions set([TopicPartition(topic=u'spamtopic', partition=0)]) for group kafka-python-default-group
[2016-09-15 03:17:58,994][kafka.coordinator][INFO](Re-)joining group kafka-python-default-group
[2016-09-15 03:17:58,998][kafka.coordinator][INFO]Joined group 'kafka-python-default-group' (generation 3389) with member_id kafka-python-1.3.1-a6cb9788-1fed-47f2-9bb3-bca0eeff279a
[2016-09-15 03:17:58,999][kafka.coordinator][INFO]Successfully joined group kafka-python-default-group with generation 3389
[2016-09-15 03:17:58,999][kafka.consumer.subscription_state][INFO]Updated partition assignment: [TopicPartition(topic=u'spamtopic', partition=0)]
[2016-09-15 03:17:58,999][kafka.coordinator.consumer][INFO]Setting newly assigned partitions set([TopicPartition(topic=u'spamtopic', partition=0)]) for group kafka-python-default-group
[2016-09-15 03:18:02,007][kafka.coordinator][WARNING]Heartbeat failed for group kafka-python-default-group because it is rebalancing
[2016-09-15 03:18:02,007][kafka.coordinator][WARNING]Heartbeat failed ([Error 27] RebalanceInProgressError: ); retrying
[2016-09-15 03:18:02,108][kafka.coordinator][INFO]Skipping heartbeat: no auto-assignment or waiting on rebalance
[2016-09-15 03:18:02,509][kafka.coordinator.consumer][INFO]Revoking previously assigned partitions set([TopicPartition(topic=u'spamtopic', partition=0)]) for group kafka-python-default-group
[2016-09-15 03:18:02,509][kafka.coordinator][INFO](Re-)joining group kafka-python-default-group
[2016-09-15 03:18:02,510][kafka.coordinator][INFO]Joined group 'kafka-python-default-group' (generation 3390) with member_id kafka-python-1.3.1-a6cb9788-1fed-47f2-9bb3-bca0eeff279a
[2016-09-15 03:18:02,513][kafka.coordinator][INFO]Successfully joined group kafka-python-default-group with generation 3390
[2016-09-15 03:18:02,514][kafka.consumer.subscription_state][INFO]Updated partition assignment: [TopicPartition(topic=u'spamtopic', partition=0)]
[2016-09-15 03:18:02,514][kafka.coordinator.consumer][INFO]Setting newly assigned partitions set([TopicPartition(topic=u'spamtopic', partition=0)]) for group kafka-python-default-group
[2016-09-15 03:18:05,524][kafka.coordinator][WARNING]Heartbeat failed for group kafka-python-default-group because it is rebalancing
[2016-09-15 03:18:05,524][kafka.coordinator][WARNING]Heartbeat failed ([Error 27] RebalanceInProgressError: ); retrying
[2016-09-15 03:18:05,625][kafka.coordinator][INFO]Skipping heartbeat: no auto-assignment or waiting on rebalance
[2016-09-15 03:18:06,025][kafka.coordinator.consumer][INFO]Revoking previously assigned partitions set([TopicPartition(topic=u'spamtopic', partition=0)]) for group kafka-python-default-group
[2016-09-15 03:18:06,025][kafka.coordinator][INFO](Re-)joining group kafka-python-default-group
[2016-09-15 03:18:06,026][kafka.coordinator][INFO]Joined group 'kafka-python-default-group' (generation 3391) with member_id kafka-python-1.3.1-a6cb9788-1fed-47f2-9bb3-bca0eeff279a
[2016-09-15 03:18:06,035][kafka.coordinator][INFO]Successfully joined group kafka-python-default-group with generation 3391
[2016-09-15 03:18:06,035][kafka.consumer.subscription_state][INFO]Updated partition assignment: [TopicPartition(topic=u'spamtopic', partition=0)]
[2016-09-15 03:18:06,035][kafka.coordinator.consumer][INFO]Setting newly assigned partitions set([TopicPartition(topic=u'spamtopic', partition=0)]) for group kafka-python-default-group
[2016-09-15 03:18:09,043][kafka.coordinator][WARNING]Heartbeat failed for group kafka-python-default-group because it is rebalancing
[2016-09-15 03:18:09,043][kafka.coordinator][WARNING]Heartbeat failed ([Error 27] RebalanceInProgressError: ); retrying
[2016-09-15 03:18:09,144][kafka.coordinator][INFO]Skipping heartbeat: no auto-assignment or waiting on rebalance
[2016-09-15 03:18:09,545][kafka.coordinator.consumer][INFO]Revoking previously assigned partitions set([TopicPartition(topic=u'spamtopic', partition=0)]) for group kafka-python-default-group
[2016-09-15 03:18:09,545][kafka.coordinator][INFO](Re-)joining group kafka-python-default-group
[2016-09-15 03:18:09,551][kafka.coordinator][INFO]Joined group 'kafka-python-default-group' (generation 3392) with member_id kafka-python-1.3.1-a6cb9788-1fed-47f2-9bb3-bca0eeff279a
[2016-09-15 03:18:09,552][kafka.coordinator][INFO]Successfully joined group kafka-python-default-group with generation 3392
[2016-09-15 03:18:09,552][kafka.consumer.subscription_state][INFO]Updated partition assignment: [TopicPartition(topic=u'spamtopic', partition=0)]
[2016-09-15 03:18:09,552][kafka.coordinator.consumer][INFO]Setting newly assigned partitions set([TopicPartition(topic=u'spamtopic', partition=0)]) for group kafka-python-default-group
[2016-09-15 03:18:12,560][kafka.coordinator][WARNING]Heartbeat failed for group kafka-python-default-group because it is rebalancing
[2016-09-15 03:18:12,560][kafka.coordinator][WARNING]Heartbeat failed ([Error 27] RebalanceInProgressError: ); retrying
[2016-09-15 03:18:12,661][kafka.coordinator][INFO]Skipping heartbeat: no auto-assignment or waiting on rebalance
[2016-09-15 03:18:13,062][kafka.coordinator.consumer][INFO]Revoking previously assigned partitions set([TopicPartition(topic=u'spamtopic', partition=0)]) for group kafka-python-default-group
[2016-09-15 03:18:13,062][kafka.coordinator][INFO](Re-)joining group kafka-python-default-group
[2016-09-15 03:18:13,063][kafka.coordinator][INFO]Joined group 'kafka-python-default-group' (generation 3393) with member_id kafka-python-1.3.1-a6cb9788-1fed-47f2-9bb3-bca0eeff279a
[2016-09-15 03:18:13,066][kafka.coordinator][INFO]Successfully joined group kafka-python-default-group with generation 3393
[2016-09-15 03:18:13,067][kafka.consumer.subscription_state][INFO]Updated partition assignment: [TopicPartition(topic=u'spamtopic', partition=0)]
[2016-09-15 03:18:13,067][kafka.coordinator.consumer][INFO]Setting newly assigned partitions set([TopicPartition(topic=u'spamtopic', partition=0)]) for group kafka-python-default-group
[2016-09-15 03:18:16,077][kafka.coordinator][WARNING]Heartbeat failed for group kafka-python-default-group because it is rebalancing
[2016-09-15 03:18:16,078][kafka.coordinator][WARNING]Heartbeat failed ([Error 27] RebalanceInProgressError: ); retrying
[2016-09-15 03:18:16,179][kafka.coordinator][INFO]Skipping heartbeat: no auto-assignment or waiting on rebalance
[2016-09-15 03:18:16,579][kafka.coordinator.consumer][INFO]Revoking previously assigned partitions set([TopicPartition(topic=u'spamtopic', partition=0)]) for group kafka-python-default-group
[2016-09-15 03:18:16,579][kafka.coordinator][INFO](Re-)joining group kafka-python-default-group
[2016-09-15 03:18:16,584][kafka.coordinator][INFO]Joined group 'kafka-python-default-group' (generation 3394) with member_id kafka-python-1.3.1-a6cb9788-1fed-47f2-9bb3-bca0eeff279a
[2016-09-15 03:18:16,585][kafka.coordinator][INFO]Successfully joined group kafka-python-default-group with generation 3394
[2016-09-15 03:18:16,585][kafka.consumer.subscription_state][INFO]Updated partition assignment: [TopicPartition(topic=u'spamtopic', partition=0)]
[2016-09-15 03:18:16,585][kafka.coordinator.consumer][INFO]Setting newly assigned partitions set([TopicPartition(topic=u'spamtopic', partition=0)]) for group kafka-python-default-group
[2016-09-15 03:18:19,594][kafka.coordinator][WARNING]Heartbeat failed for group kafka-python-default-group because it is rebalancing
[2016-09-15 03:18:19,594][kafka.coordinator][WARNING]Heartbeat failed ([Error 27] RebalanceInProgressError: ); retrying
[2016-09-15 03:18:19,695][kafka.coordinator][INFO]Skipping heartbeat: no auto-assignment or waiting on rebalance
[2016-09-15 03:18:20,095][kafka.coordinator.consumer][INFO]Revoking previously assigned partitions set([TopicPartition(topic=u'spamtopic', partition=0)]) for group kafka-python-default-group
[2016-09-15 03:18:20,095][kafka.coordinator][INFO](Re-)joining group kafka-python-default-group
[2016-09-15 03:18:20,097][kafka.coordinator][INFO]Joined group 'kafka-python-default-group' (generation 3395) with member_id kafka-python-1.3.1-a6cb9788-1fed-47f2-9bb3-bca0eeff279a
[2016-09-15 03:18:20,100][kafka.coordinator][INFO]Successfully joined group kafka-python-default-group with generation 3395
[2016-09-15 03:18:20,100][kafka.consumer.subscription_state][INFO]Updated partition assignment: [TopicPartition(topic=u'spamtopic', partition=0)]
[2016-09-15 03:18:20,100][kafka.coordinator.consumer][INFO]Setting newly assigned partitions set([TopicPartition(topic=u'spamtopic', partition=0)]) for group kafka-python-default-group
[2016-09-15 03:18:23,111][kafka.coordinator][WARNING]Heartbeat failed for group kafka-python-default-group because it is rebalancing
[2016-09-15 03:18:23,111][kafka.coordinator][WARNING]Heartbeat failed ([Error 27] RebalanceInProgressError: ); retrying
[2016-09-15 03:18:23,212][kafka.coordinator][INFO]Skipping heartbeat: no auto-assignment or waiting on rebalance
[2016-09-15 03:18:23,612][kafka.coordinator.consumer][INFO]Revoking previously assigned partitions set([TopicPartition(topic=u'spamtopic', partition=0)]) for group kafka-python-default-group
[2016-09-15 03:18:23,612][kafka.coordinator][INFO](Re-)joining group kafka-python-default-group
[2016-09-15 03:18:23,616][kafka.coordinator][INFO]Joined group 'kafka-python-default-group' (generation 3396) with member_id kafka-python-1.3.1-a6cb9788-1fed-47f2-9bb3-bca0eeff279a
[2016-09-15 03:18:23,617][kafka.coordinator][INFO]Successfully joined group kafka-python-default-group with generation 3396
[2016-09-15 03:18:23,617][kafka.consumer.subscription_state][INFO]Updated partition assignment: [TopicPartition(topic=u'spamtopic', partition=0)]
[2016-09-15 03:18:23,617][kafka.coordinator.consumer][INFO]Setting newly assigned partitions set([TopicPartition(topic=u'spamtopic', partition=0)]) for group kafka-python-default-group
[2016-09-15 03:18:26,626][kafka.coordinator][WARNING]Heartbeat failed for group kafka-python-default-group because it is rebalancing
[2016-09-15 03:18:26,626][kafka.coordinator][WARNING]Heartbeat failed ([Error 27] RebalanceInProgressError: ); retrying
[2016-09-15 03:18:26,727][kafka.coordinator][INFO]Skipping heartbeat: no auto-assignment or waiting on rebalance
[2016-09-15 03:18:27,127][kafka.coordinator.consumer][INFO]Revoking previously assigned partitions set([TopicPartition(topic=u'spamtopic', partition=0)]) for group kafka-python-default-group
[2016-09-15 03:18:27,127][kafka.coordinator][INFO](Re-)joining group kafka-python-default-group
[2016-09-15 03:18:27,128][kafka.coordinator][INFO]Joined group 'kafka-python-default-group' (generation 3397) with member_id kafka-python-1.3.1-a6cb9788-1fed-47f2-9bb3-bca0eeff279a
[2016-09-15 03:18:27,130][kafka.coordinator][INFO]Successfully joined group kafka-python-default-group with generation 3397
[2016-09-15 03:18:27,130][kafka.consumer.subscription_state][INFO]Updated partition assignment: [TopicPartition(topic=u'spamtopic', partition=0)]
[2016-09-15 03:18:27,131][kafka.coordinator.consumer][INFO]Setting newly assigned partitions set([TopicPartition(topic=u'spamtopic', partition=0)]) for group kafka-python-default-group
[2016-09-15 03:18:30,139][kafka.coordinator][WARNING]Heartbeat failed for group kafka-python-default-group because it is rebalancing
[2016-09-15 03:18:30,140][kafka.coordinator][WARNING]Heartbeat failed ([Error 27] RebalanceInProgressError: ); retrying
[2016-09-15 03:18:30,241][kafka.coordinator][INFO]Skipping heartbeat: no auto-assignment or waiting on rebalance
[2016-09-15 03:18:30,641][kafka.coordinator.consumer][INFO]Revoking previously assigned partitions set([TopicPartition(topic=u'spamtopic', partition=0)]) for group kafka-python-default-group
[2016-09-15 03:18:30,641][kafka.coordinator][INFO](Re-)joining group kafka-python-default-group
[2016-09-15 03:18:30,645][kafka.coordinator][INFO]Joined group 'kafka-python-default-group' (generation 3398) with member_id kafka-python-1.3.1-a6cb9788-1fed-47f2-9bb3-bca0eeff279a
[2016-09-15 03:18:30,647][kafka.coordinator][INFO]Successfully joined group kafka-python-default-group with generation 3398
[2016-09-15 03:18:30,648][kafka.consumer.subscription_state][INFO]Updated partition assignment: [TopicPartition(topic=u'spamtopic', partition=0)]
[2016-09-15 03:18:30,648][kafka.coordinator.consumer][INFO]Setting newly assigned partitions set([TopicPartition(topic=u'spamtopic', partition=0)]) for group kafka-python-default-group
[2016-09-15 03:18:33,657][kafka.coordinator][WARNING]Heartbeat failed for group kafka-python-default-group because it is rebalancing
[2016-09-15 03:18:33,658][kafka.coordinator][WARNING]Heartbeat failed ([Error 27] RebalanceInProgressError: ); retrying
[2016-09-15 03:18:33,759][kafka.coordinator][INFO]Skipping heartbeat: no auto-assignment or waiting on rebalance
[2016-09-15 03:18:34,159][kafka.coordinator.consumer][INFO]Revoking previously assigned partitions set([TopicPartition(topic=u'spamtopic', partition=0)]) for group kafka-python-default-group
[2016-09-15 03:18:34,159][kafka.coordinator][INFO](Re-)joining group kafka-python-default-group
[2016-09-15 03:18:34,162][kafka.coordinator][INFO]Joined group 'kafka-python-default-group' (generation 3399) with member_id kafka-python-1.3.1-a6cb9788-1fed-47f2-9bb3-bca0eeff279a
[2016-09-15 03:18:34,168][kafka.coordinator][INFO]Successfully joined group kafka-python-default-group with generation 3399
[2016-09-15 03:18:34,168][kafka.consumer.subscription_state][INFO]Updated partition assignment: [TopicPartition(topic=u'spamtopic', partition=0)]
[2016-09-15 03:18:34,168][kafka.coordinator.consumer][INFO]Setting newly assigned partitions set([TopicPartition(topic=u'spamtopic', partition=0)]) for group kafka-python-default-group
[2016-09-15 03:18:37,177][kafka.coordinator][WARNING]Heartbeat failed for group kafka-python-default-group because it is rebalancing
[2016-09-15 03:18:37,177][kafka.coordinator][WARNING]Heartbeat failed ([Error 27] RebalanceInProgressError: ); retrying
[2016-09-15 03:18:37,278][kafka.coordinator][INFO]Skipping heartbeat: no auto-assignment or waiting on rebalance
[2016-09-15 03:18:37,679][kafka.coordinator.consumer][INFO]Revoking previously assigned partitions set([TopicPartition(topic=u'spamtopic', partition=0)]) for group kafka-python-default-group
[2016-09-15 03:18:37,680][kafka.coordinator][INFO](Re-)joining group kafka-python-default-group
[2016-09-15 03:18:37,681][kafka.coordinator][INFO]Joined group 'kafka-python-default-group' (generation 3400) with member_id kafka-python-1.3.1-a6cb9788-1fed-47f2-9bb3-bca0eeff279a
[2016-09-15 03:18:37,685][kafka.coordinator][INFO]Successfully joined group kafka-python-default-group with generation 3400
[2016-09-15 03:18:37,686][kafka.consumer.subscription_state][INFO]Updated partition assignment: [TopicPartition(topic=u'spamtopic', partition=0)]
[2016-09-15 03:18:37,686][kafka.coordinator.consumer][INFO]Setting newly assigned partitions set([TopicPartition(topic=u'spamtopic', partition=0)]) for group kafka-python-default-group
[2016-09-15 03:18:40,695][kafka.coordinator][WARNING]Heartbeat failed for group kafka-python-default-group because it is rebalancing
[2016-09-15 03:18:40,695][kafka.coordinator][WARNING]Heartbeat failed ([Error 27] RebalanceInProgressError: ); retrying
[2016-09-15 03:18:40,797][kafka.coordinator][INFO]Skipping heartbeat: no auto-assignment or waiting on rebalance
[2016-09-15 03:18:41,197][kafka.coordinator.consumer][INFO]Revoking previously assigned partitions set([TopicPartition(topic=u'spamtopic', partition=0)]) for group kafka-python-default-group
[2016-09-15 03:18:41,197][kafka.coordinator][INFO](Re-)joining group kafka-python-default-group
[2016-09-15 03:18:41,198][kafka.coordinator][INFO]Joined group 'kafka-python-default-group' (generation 3401) with member_id kafka-python-1.3.1-a6cb9788-1fed-47f2-9bb3-bca0eeff279a
[2016-09-15 03:18:41,200][kafka.coordinator][INFO]Successfully joined group kafka-python-default-group with generation 3401
[2016-09-15 03:18:41,200][kafka.consumer.subscription_state][INFO]Updated partition assignment: [TopicPartition(topic=u'spamtopic', partition=0)]
[2016-09-15 03:18:41,200][kafka.coordinator.consumer][INFO]Setting newly assigned partitions set([TopicPartition(topic=u'spamtopic', partition=0)]) for group kafka-python-default-group
[2016-09-15 03:18:44,208][kafka.coordinator][WARNING]Heartbeat failed for group kafka-python-default-group because it is rebalancing
[2016-09-15 03:18:44,209][kafka.coordinator][WARNING]Heartbeat failed ([Error 27] RebalanceInProgressError: ); retrying
[2016-09-15 03:18:44,310][kafka.coordinator][INFO]Skipping heartbeat: no auto-assignment or waiting on rebalance
[2016-09-15 03:18:44,711][kafka.coordinator.consumer][INFO]Revoking previously assigned partitions set([TopicPartition(topic=u'spamtopic', partition=0)]) for group kafka-python-default-group
[2016-09-15 03:18:44,711][kafka.coordinator][INFO](Re-)joining group kafka-python-default-group
[2016-09-15 03:18:44,713][kafka.coordinator][INFO]Joined group 'kafka-python-default-group' (generation 3402) with member_id kafka-python-1.3.1-a6cb9788-1fed-47f2-9bb3-bca0eeff279a
[2016-09-15 03:18:44,723][kafka.coordinator][INFO]Successfully joined group kafka-python-default-group with generation 3402
[2016-09-15 03:18:44,724][kafka.consumer.subscription_state][INFO]Updated partition assignment: [TopicPartition(topic=u'spamtopic', partition=0)]
[2016-09-15 03:18:44,724][kafka.coordinator.consumer][INFO]Setting newly assigned partitions set([TopicPartition(topic=u'spamtopic', partition=0)]) for group kafka-python-default-group
[2016-09-15 03:18:47,732][kafka.coordinator][WARNING]Heartbeat failed for group kafka-python-default-group because it is rebalancing
[2016-09-15 03:18:47,732][kafka.coordinator][WARNING]Heartbeat failed ([Error 27] RebalanceInProgressError: ); retrying
[2016-09-15 03:18:47,834][kafka.coordinator][INFO]Skipping heartbeat: no auto-assignment or waiting on rebalance
[2016-09-15 03:18:48,234][kafka.coordinator.consumer][INFO]Revoking previously assigned partitions set([TopicPartition(topic=u'spamtopic', partition=0)]) for group kafka-python-default-group
[2016-09-15 03:18:48,234][kafka.coordinator][INFO](Re-)joining group kafka-python-default-group
[2016-09-15 03:18:48,235][kafka.coordinator][INFO]Joined group 'kafka-python-default-group' (generation 3403) with member_id kafka-python-1.3.1-a6cb9788-1fed-47f2-9bb3-bca0eeff279a
[2016-09-15 03:18:48,236][kafka.coordinator][INFO]Successfully joined group kafka-python-default-group with generation 3403
[2016-09-15 03:18:48,237][kafka.consumer.subscription_state][INFO]Updated partition assignment: [TopicPartition(topic=u'spamtopic', partition=0)]
[2016-09-15 03:18:48,237][kafka.coordinator.consumer][INFO]Setting newly assigned partitions set([TopicPartition(topic=u'spamtopic', partition=0)]) for group kafka-python-default-group
[2016-09-15 03:18:51,251][kafka.coordinator][WARNING]Heartbeat failed for group kafka-python-default-group because it is rebalancing
[2016-09-15 03:18:51,252][kafka.coordinator][WARNING]Heartbeat failed ([Error 27] RebalanceInProgressError: ); retrying
[2016-09-15 03:18:51,353][kafka.coordinator][INFO]Skipping heartbeat: no auto-assignment or waiting on rebalance
[2016-09-15 03:18:51,753][kafka.coordinator.consumer][INFO]Revoking previously assigned partitions set([TopicPartition(topic=u'spamtopic', partition=0)]) for group kafka-python-default-group
[2016-09-15 03:18:51,753][kafka.coordinator][INFO](Re-)joining group kafka-python-default-group
[2016-09-15 03:18:51,754][kafka.coordinator][INFO]Joined group 'kafka-python-default-group' (generation 3404) with member_id kafka-python-1.3.1-a6cb9788-1fed-47f2-9bb3-bca0eeff279a
[2016-09-15 03:18:51,757][kafka.coordinator][INFO]Successfully joined group kafka-python-default-group with generation 3404
[2016-09-15 03:18:51,758][kafka.consumer.subscription_state][INFO]Updated partition assignment: [TopicPartition(topic=u'spamtopic', partition=0)]
[2016-09-15 03:18:51,758][kafka.coordinator.consumer][INFO]Setting newly assigned partitions set([TopicPartition(topic=u'spamtopic', partition=0)]) for group kafka-python-default-group
[2016-09-15 03:18:54,767][kafka.coordinator][WARNING]Heartbeat failed for group kafka-python-default-group because it is rebalancing
[2016-09-15 03:18:54,767][kafka.coordinator][WARNING]Heartbeat failed ([Error 27] RebalanceInProgressError: ); retrying
[2016-09-15 03:18:54,868][kafka.coordinator][INFO]Skipping heartbeat: no auto-assignment or waiting on rebalance
[2016-09-15 03:18:55,268][kafka.coordinator.consumer][INFO]Revoking previously assigned partitions set([TopicPartition(topic=u'spamtopic', partition=0)]) for group kafka-python-default-group
[2016-09-15 03:18:55,268][kafka.coordinator][INFO](Re-)joining group kafka-python-default-group
[2016-09-15 03:18:55,269][kafka.coordinator][INFO]Joined group 'kafka-python-default-group' (generation 3405) with member_id kafka-python-1.3.1-a6cb9788-1fed-47f2-9bb3-bca0eeff279a
[2016-09-15 03:18:55,273][kafka.coordinator][INFO]Successfully joined group kafka-python-default-group with generation 3405
[2016-09-15 03:18:55,273][kafka.consumer.subscription_state][INFO]Updated partition assignment: [TopicPartition(topic=u'spamtopic', partition=0)]
[2016-09-15 03:18:55,273][kafka.coordinator.consumer][INFO]Setting newly assigned partitions set([TopicPartition(topic=u'spamtopic', partition=0)]) for group kafka-python-default-group
[2016-09-15 03:18:58,283][kafka.coordinator][WARNING]Heartbeat failed for group kafka-python-default-group because it is rebalancing
[2016-09-15 03:18:58,283][kafka.coordinator][WARNING]Heartbeat failed ([Error 27] RebalanceInProgressError: ); retrying
[2016-09-15 03:18:58,384][kafka.coordinator][INFO]Skipping heartbeat: no auto-assignment or waiting on rebalance
[2016-09-15 03:18:58,785][kafka.coordinator.consumer][INFO]Revoking previously assigned partitions set([TopicPartition(topic=u'spamtopic', partition=0)]) for group kafka-python-default-group
[2016-09-15 03:18:58,785][kafka.coordinator][INFO](Re-)joining group kafka-python-default-group
[2016-09-15 03:18:58,787][kafka.coordinator][INFO]Joined group 'kafka-python-default-group' (generation 3406) with member_id kafka-python-1.3.1-a6cb9788-1fed-47f2-9bb3-bca0eeff279a
[2016-09-15 03:18:58,790][kafka.coordinator][INFO]Successfully joined group kafka-python-default-group with generation 3406
[2016-09-15 03:18:58,791][kafka.consumer.subscription_state][INFO]Updated partition assignment: [TopicPartition(topic=u'spamtopic', partition=0)]
[2016-09-15 03:18:58,791][kafka.coordinator.consumer][INFO]Setting newly assigned partitions set([TopicPartition(topic=u'spamtopic', partition=0)]) for group kafka-python-default-group
[2016-09-15 03:19:01,799][kafka.coordinator][WARNING]Heartbeat failed for group kafka-python-default-group because it is rebalancing
[2016-09-15 03:19:01,800][kafka.coordinator][WARNING]Heartbeat failed ([Error 27] RebalanceInProgressError: ); retrying
[2016-09-15 03:19:01,901][kafka.coordinator][INFO]Skipping heartbeat: no auto-assignment or waiting on rebalance
[2016-09-15 03:19:02,301][kafka.coordinator.consumer][INFO]Revoking previously assigned partitions set([TopicPartition(topic=u'spamtopic', partition=0)]) for group kafka-python-default-group
[2016-09-15 03:19:02,301][kafka.coordinator][INFO](Re-)joining group kafka-python-default-group
[2016-09-15 03:19:02,303][kafka.coordinator][INFO]Joined group 'kafka-python-default-group' (generation 3407) with member_id kafka-python-1.3.1-a6cb9788-1fed-47f2-9bb3-bca0eeff279a
[2016-09-15 03:19:02,306][kafka.coordinator][INFO]Successfully joined group kafka-python-default-group with generation 3407
[2016-09-15 03:19:02,306][kafka.consumer.subscription_state][INFO]Updated partition assignment: [TopicPartition(topic=u'spamtopic', partition=0)]
[2016-09-15 03:19:02,306][kafka.coordinator.consumer][INFO]Setting newly assigned partitions set([TopicPartition(topic=u'spamtopic', partition=0)]) for group kafka-python-default-group
[2016-09-15 03:19:05,315][kafka.coordinator][WARNING]Heartbeat failed for group kafka-python-default-group because it is rebalancing
[2016-09-15 03:19:05,316][kafka.coordinator][WARNING]Heartbeat failed ([Error 27] RebalanceInProgressError: ); retrying
[2016-09-15 03:19:05,417][kafka.coordinator][INFO]Skipping heartbeat: no auto-assignment or waiting on rebalance
[2016-09-15 03:19:05,817][kafka.coordinator.consumer][INFO]Revoking previously assigned partitions set([TopicPartition(topic=u'spamtopic', partition=0)]) for group kafka-python-default-group
[2016-09-15 03:19:05,817][kafka.coordinator][INFO](Re-)joining group kafka-python-default-group
[2016-09-15 03:19:05,819][kafka.coordinator][INFO]Joined group 'kafka-python-default-group' (generation 3408) with member_id kafka-python-1.3.1-a6cb9788-1fed-47f2-9bb3-bca0eeff279a
[2016-09-15 03:19:05,823][kafka.coordinator][INFO]Successfully joined group kafka-python-default-group with generation 3408
[2016-09-15 03:19:05,823][kafka.consumer.subscription_state][INFO]Updated partition assignment: [TopicPartition(topic=u'spamtopic', partition=0)]
[2016-09-15 03:19:05,823][kafka.coordinator.consumer][INFO]Setting newly assigned partitions set([TopicPartition(topic=u'spamtopic', partition=0)]) for group kafka-python-default-group
[2016-09-15 03:19:08,832][kafka.coordinator][WARNING]Heartbeat failed for group kafka-python-default-group because it is rebalancing
[2016-09-15 03:19:08,832][kafka.coordinator][WARNING]Heartbeat failed ([Error 27] RebalanceInProgressError: ); retrying
[2016-09-15 03:19:08,933][kafka.coordinator][INFO]Skipping heartbeat: no auto-assignment or waiting on rebalance
[2016-09-15 03:19:09,334][kafka.coordinator.consumer][INFO]Revoking previously assigned partitions set([TopicPartition(topic=u'spamtopic', partition=0)]) for group kafka-python-default-group
[2016-09-15 03:19:09,334][kafka.coordinator][INFO](Re-)joining group kafka-python-default-group
[2016-09-15 03:19:09,336][kafka.coordinator][INFO]Joined group 'kafka-python-default-group' (generation 3409) with member_id kafka-python-1.3.1-a6cb9788-1fed-47f2-9bb3-bca0eeff279a
[2016-09-15 03:19:09,340][kafka.coordinator][INFO]Successfully joined group kafka-python-default-group with generation 3409
[2016-09-15 03:19:09,341][kafka.consumer.subscription_state][INFO]Updated partition assignment: [TopicPartition(topic=u'spamtopic', partition=0)]
[2016-09-15 03:19:09,341][kafka.coordinator.consumer][INFO]Setting newly assigned partitions set([TopicPartition(topic=u'spamtopic', partition=0)]) for group kafka-python-default-group
[2016-09-15 03:19:12,351][kafka.coordinator][WARNING]Heartbeat failed for group kafka-python-default-group because it is rebalancing
[2016-09-15 03:19:12,351][kafka.coordinator][WARNING]Heartbeat failed ([Error 27] RebalanceInProgressError: ); retrying
[2016-09-15 03:19:12,452][kafka.coordinator][INFO]Skipping heartbeat: no auto-assignment or waiting on rebalance
[2016-09-15 03:19:12,852][kafka.coordinator.consumer][INFO]Revoking previously assigned partitions set([TopicPartition(topic=u'spamtopic', partition=0)]) for group kafka-python-default-group
[2016-09-15 03:19:12,852][kafka.coordinator][INFO](Re-)joining group kafka-python-default-group
[2016-09-15 03:19:12,853][kafka.coordinator][INFO]Joined group 'kafka-python-default-group' (generation 3410) with member_id kafka-python-1.3.1-a6cb9788-1fed-47f2-9bb3-bca0eeff279a
[2016-09-15 03:19:12,856][kafka.coordinator][INFO]Successfully joined group kafka-python-default-group with generation 3410
[2016-09-15 03:19:12,857][kafka.consumer.subscription_state][INFO]Updated partition assignment: [TopicPartition(topic=u'spamtopic', partition=0)]
[2016-09-15 03:19:12,857][kafka.coordinator.consumer][INFO]Setting newly assigned partitions set([TopicPartition(topic=u'spamtopic', partition=0)]) for group kafka-python-default-group
[2016-09-15 03:19:15,867][kafka.coordinator][WARNING]Heartbeat failed for group kafka-python-default-group because it is rebalancing
[2016-09-15 03:19:15,867][kafka.coordinator][WARNING]Heartbeat failed ([Error 27] RebalanceInProgressError: ); retrying
[2016-09-15 03:19:15,968][kafka.coordinator][INFO]Skipping heartbeat: no auto-assignment or waiting on rebalance
[2016-09-15 03:19:16,369][kafka.coordinator.consumer][INFO]Revoking previously assigned partitions set([TopicPartition(topic=u'spamtopic', partition=0)]) for group kafka-python-default-group
[2016-09-15 03:19:16,369][kafka.coordinator][INFO](Re-)joining group kafka-python-default-group
[2016-09-15 03:19:16,375][kafka.coordinator][INFO]Joined group 'kafka-python-default-group' (generation 3411) with member_id kafka-python-1.3.1-a6cb9788-1fed-47f2-9bb3-bca0eeff279a
[2016-09-15 03:19:16,375][kafka.coordinator][INFO]Successfully joined group kafka-python-default-group with generation 3411
[2016-09-15 03:19:16,376][kafka.consumer.subscription_state][INFO]Updated partition assignment: [TopicPartition(topic=u'spamtopic', partition=0)]
[2016-09-15 03:19:16,376][kafka.coordinator.consumer][INFO]Setting newly assigned partitions set([TopicPartition(topic=u'spamtopic', partition=0)]) for group kafka-python-default-group
[2016-09-15 03:19:19,385][kafka.coordinator][WARNING]Heartbeat failed for group kafka-python-default-group because it is rebalancing
[2016-09-15 03:19:19,385][kafka.coordinator][WARNING]Heartbeat failed ([Error 27] RebalanceInProgressError: ); retrying
[2016-09-15 03:19:19,486][kafka.coordinator][INFO]Skipping heartbeat: no auto-assignment or waiting on rebalance
[2016-09-15 03:19:19,887][kafka.coordinator.consumer][INFO]Revoking previously assigned partitions set([TopicPartition(topic=u'spamtopic', partition=0)]) for group kafka-python-default-group
[2016-09-15 03:19:19,888][kafka.coordinator][INFO](Re-)joining group kafka-python-default-group
[2016-09-15 03:19:19,889][kafka.coordinator][INFO]Joined group 'kafka-python-default-group' (generation 3412) with member_id kafka-python-1.3.1-a6cb9788-1fed-47f2-9bb3-bca0eeff279a
[2016-09-15 03:19:19,891][kafka.coordinator][INFO]Successfully joined group kafka-python-default-group with generation 3412
[2016-09-15 03:19:19,892][kafka.consumer.subscription_state][INFO]Updated partition assignment: [TopicPartition(topic=u'spamtopic', partition=0)]
[2016-09-15 03:19:19,892][kafka.coordinator.consumer][INFO]Setting newly assigned partitions set([TopicPartition(topic=u'spamtopic', partition=0)]) for group kafka-python-default-group
