Beginning task setup

/usr/bin/flock
Using existing venv: /tmp/petrel-spam-6-1473877022/venv
Task setup took 1 seconds
Launching: python -m petrel.run kafkaconsumer /home/pipe/topology/TopologyTweetTransformationSPAM/petrel25991_kafkaconsumer.log
/usr/local/lib/python2.7/dist-packages/petrel-1.0.1.0.3-py2.7.egg/petrel/run.py invoked with the following arguments: ['kafkaconsumer', '/home/pipe/topology/TopologyTweetTransformationSPAM/petrel25991_kafkaconsumer.log']
python version: 2.7.12
user=root
PATH=/tmp/petrel-spam-6-1473877022/venv/bin:/usr/local/sbin:/usr/local/bin:/usr/sbin:/usr/bin:/sbin:/bin:/snap/bin
LD_LIBRARY_PATH=/home/apache-storm-1.0.1/data/supervisor/stormdist/spam-6-1473877022/resources/Linux-amd64:/home/apache-storm-1.0.1/data/supervisor/stormdist/spam-6-1473877022/resources:/usr/local/lib:/opt/local/lib:/usr/lib
PYTHON_EGG_CACHE=/tmp/petrel-spam-6-1473877022/egg_cache
[2016-09-15 04:29:44,184][storm][INFO]Tuple profiling enabled. Will log tuple processing times.
[2016-09-15 04:29:44,429][storm][INFO]Task received setupInfo from Storm: {'pidDir': '/home/apache-storm-1.0.1/data/workers/5ae8beb1-b7f7-450d-872e-e52e03995aba/pids', 'conf': {'storm.group.mapping.service.params': None, 'topology.tuple.serializer': 'org.apache.storm.serialization.types.ListDelegateSerializer', 'topology.workers': 1, 'drpc.worker.threads': 64, 'ui.filter.params': None, 'transactional.zookeeper.root': '/transactional', 'logviewer.cleanup.age.mins': 10080, 'worker.profiler.command': 'flight.bash', 'topology.executor.send.buffer.size': 1024, 'nimbus.file.copy.expiration.secs': 600, 'oauth.acess_token': ' 702208758362087425-HZiyl1x7Bh98cQa1WLBDYylyu10Bpl7', 'drpc.childopts': '-Xmx768m', 'nimbus.thrift.port': 6627, 'topology.disruptor.wait.timeout.millis': 1000, 'storm.zookeeper.retry.intervalceiling.millis': 30000, 'storm.local.dir': '/home/apache-storm-1.0.1/data', 'storm.auth.simple-acl.users': [], 'drpc.invocations.threads': 64, 'storm.zookeeper.superACL': None, 'storm.cluster.state.store': 'org.apache.storm.cluster_state.zookeeper_state_factory', 'storm.codedistributor.class': 'org.apache.storm.codedistributor.LocalFileSystemCodeDistributor', 'drpc.https.keystore.password': '', 'supervisor.blobstore.download.max_retries': 3, 'pacemaker.kerberos.users': [], 'storm.messaging.netty.client_worker_threads': 1, 'oauth.consumer_secret': 'ADf76fi3O1lKMzBxWnjqf93l3GHv28uar3bkblkvyBrAyoA23i', 'topology.component.resources.offheap.memory.mb': 0.0, 'supervisor.heartbeat.frequency.secs': 5, 'storm.group.mapping.service.cache.duration.secs': 120, 'storm.group.mapping.service': 'org.apache.storm.security.auth.ShellBasedGroupsMapping', 'storm.workers.artifacts.dir': 'workers-artifacts', 'drpc.request.timeout.secs': 600, 'pacemaker.childopts': '-Xmx1024m', 'nimbus.seeds': ['localhost'], 'topology.shellbolt.max.pending': 100, 'topology.min.replication.count': 1, 'topology.skip.missing.kryo.registrations': False, 'worker.heartbeat.frequency.secs': 1, 'storm.auth.simple-acl.users.commands': [], 'storm.zookepeer.port': 2181, 'zmq.hwm': 0, 'topology.worker.shared.thread.pool.size': 4, 'storm.zookeeper.connection.timeout': 15000, 'java.library.path': '/usr/local/lib:/opt/local/lib:/usr/lib', 'logviewer.max.sum.worker.logs.size.mb': 4096, 'task.refresh.poll.secs': 10, 'topology.max.error.report.per.interval': 5, 'topology.worker.logwriter.childopts': '-Xmx64m', 'ui.actions.enabled': True, 'storm.health.check.timeout.ms': 5000, 'topology.scheduler.strategy': 'org.apache.storm.scheduler.resource.strategies.scheduling.DefaultResourceAwareStrategy', 'ui.host': '0.0.0.0', 'storm.messaging.netty.server_worker_threads': 1, 'topology.disruptor.batch.size': 100, 'storm.id': 'spam-6-1473877022', 'supervisor.worker.start.timeout.secs': 120, 'zmq.threads': 1, 'topology.acker.executors': None, 'pacemaker.thread.timeout': 10, 'storm.local.mode.zmq': False, 'topology.eventlogger.executors': 0, 'topology.tick.tuple.freq.secs': 30, 'supervisor.memory.capacity.mb': 3072.0, 'supervisor.worker.shutdown.sleep.secs': 1, 'pacemaker.base.threads': 10, 'drpc.http.creds.plugin': 'org.apache.storm.security.auth.DefaultHttpCredentialsPlugin', 'storm.zookeeper.servers': ['localhost'], 'supervisor.localizer.cache.target.size.mb': 10240, 'storm.messaging.netty.transfer.batch.size': 262144, 'resource.aware.scheduler.eviction.strategy': 'org.apache.storm.scheduler.resource.strategies.eviction.DefaultEvictionStrategy', 'topology.environment': None, 'storm.zookeeper.port': 2181, 'storm.auth.simple-acl.admins': [], 'pacemaker.host': 'localhost', 'nimbus.childopts': '-Xmx1024m', 'storm.principal.tolocal': 'org.apache.storm.security.auth.DefaultPrincipalToLocal', 'storm.nimbus.retry.times': 5, 'topology.classpath': None, 'drpc.authorizer.acl.filename': 'drpc-auth-acl.yaml', 'topology.bolts.outgoing.overflow.buffer.enable': False, 'nimbus.credential.renewers.freq.secs': 600, 'worker.childopts': '-Xmx%HEAP-MEM%m -XX:+PrintGCDetails -Xloggc:artifacts/gc.log -XX:+PrintGCDateStamps -XX:+PrintGCTimeStamps -XX:+UseGCLogFileRotation -XX:NumberOfGCLogFiles=10 -XX:GCLogFileSize=1M -XX:+HeapDumpOnOutOfMemoryError -XX:HeapDumpPath=artifacts/heapdump', 'drpc.queue.size': 128, 'supervisor.blobstore.class': 'org.apache.storm.blobstore.NimbusBlobStore', 'topology.multilang.serializer': 'org.apache.storm.multilang.JsonSerializer', 'storm.zookeeper.retry.times': 5, 'topology.disable.loadaware': False, 'supervisor.run.worker.as.user': False, 'storm.blobstore.replication.factor': 3, 'worker.profiler.childopts': '-XX:+UnlockCommercialFeatures -XX:+FlightRecorder', 'nimbus.thrift.threads': 64, 'nimbus.monitor.freq.secs': 10, 'storm.blobstore.inputstream.buffer.size.bytes': 65536, 'dev.zookeeper.path': '/tmp/dev-storm-zookeeper', 'topology.users': [], 'storm.daemon.metrics.reporter.plugins': ['org.apache.storm.daemon.metrics.reporters.JmxPreparableReporter'], 'storm.exhibitor.poll.uripath': '/exhibitor/v1/cluster/list', 'pacemaker.max.threads': 50, 'drpc.https.keystore.type': 'JKS', 'topology.tasks': None, 'storm.zookeeper.root': '/storm', 'logviewer.childopts': '-Xmx128m', 'topology.max.replication.wait.time.sec': 60, 'worker.gc.childopts': '', 'backpressure.disruptor.low.watermark': 0.4, 'storm.meta.serialization.delegate': 'org.apache.storm.serialization.GzipThriftSerializationDelegate', 'transactional.zookeeper.port': None, 'drpc.max_buffer_size': 1048576, 'topology.worker.childopts': None, 'storm.auth.simple-white-list.users': [], 'topology.max.spout.pending': None, 'nimbus.topology.validator': 'org.apache.storm.nimbus.DefaultTopologyValidator', 'topology.kryo.register': None, 'petrel.host': 'localhost', 'client.blobstore.class': 'org.apache.storm.blobstore.NimbusBlobStore', 'nimbus.cleanup.inbox.freq.secs': 600, 'storm.nimbus.retry.intervalceiling.millis': 60000, 'storm.network.topography.plugin': 'org.apache.storm.networktopography.DefaultRackDNSToSwitchMapping', 'storm.messaging.netty.min_wait_ms': 100, 'nimbus.task.timeout.secs': 30, 'topology.disruptor.batch.timeout.millis': 1, 'topology.state.checkpoint.interval.ms': 1000, 'ui.header.buffer.bytes': 4096, 'nimbus.thrift.max_buffer_size': 1048576, 'ui.http.creds.plugin': 'org.apache.storm.security.auth.DefaultHttpCredentialsPlugin', 'topology.sleep.spout.wait.strategy.time.ms': 1, 'nimbus.blobstore.expiration.secs': 600, 'storm.cluster.mode': 'distributed', 'storm.messaging.netty.socket.backlog': 500, 'worker.profiler.enabled': False, 'nimbus.queue.size': 100000, 'logviewer.appender.name': 'A1', 'drpc.authorizer.acl.strict': False, 'ui.port': 8080, 'supervisor.slots.ports': [6700, 6701, 6702, 6703], 'worker.log.level.reset.poll.secs': 30, 'storm.nimbus.retry.interval.millis': 2000, 'drpc.invocations.port': 3773, 'supervisor.monitor.frequency.secs': 3, 'ui.childopts': '-Xmx768m', 'transactional.zookeeper.servers': None, 'storm.log4j2.conf.dir': 'log4j2', 'supervisor.supervisors': [], 'zmq.linger.millis': 5000, 'topology.error.throttle.interval.secs': 10, 'storm.health.check.dir': 'healthchecks', 'topology.executor.receive.buffer.size': 1024, 'nimbus.impersonation.authorizer': 'org.apache.storm.security.auth.authorizer.ImpersonationAuthorizer', 'topology.submitter.principal': '', 'topology.worker.max.heap.size.mb': 768.0, 'topology.spout.wait.strategy': 'org.apache.storm.spout.SleepSpoutWaitStrategy', 'task.heartbeat.frequency.secs': 3, 'topology.transfer.buffer.size': 1024, 'storm.zookeeper.session.timeout': 20000, 'topology.testing.always.try.serialize': False, 'nimbus.blobstore.class': 'org.apache.storm.blobstore.LocalFsBlobStore', 'topology.stats.sample.rate': 0.05, 'topology.fall.back.on.java.serialization': True, 'storm.exhibitor.port': 8080, 'storm.zookeeper.auth.password': None, 'supervisor.childopts': '-Xmx256m', 'topology.backpressure.enable': True, 'pacemaker.port': 6699, 'topology.enable.message.timeouts': True, 'nimbus.code.sync.freq.secs': 120, 'backpressure.disruptor.high.watermark': 0.9, 'storm.messaging.netty.max_wait_ms': 1000, 'topology.worker.receiver.thread.count': 1, 'topology.component.resources.onheap.memory.mb': 128.0, 'resource.aware.scheduler.priority.strategy': 'org.apache.storm.scheduler.resource.strategies.priority.DefaultSchedulingPriorityStrategy', 'nimbus.supervisor.timeout.secs': 60, 'pacemaker.auth.method': 'NONE', 'drpc.https.port': -1, 'nimbus.inbox.jar.expiration.secs': 3600, 'scheduler.display.resource': False, 'topology.kryo.factory': 'org.apache.storm.serialization.DefaultKryoFactory', 'storm.zookeeper.retry.interval': 1000, 'supervisor.supervisors.commands': [], 'supervisor.localizer.cleanup.interval.ms': 600000, 'storm.messaging.netty.max_retries': 300, 'task.credentials.poll.secs': 30, 'drpc.http.port': 3774, 'storm.messaging.transport': 'org.apache.storm.messaging.netty.Context', 'supervisor.enable': True, 'nimbus.task.launch.secs': 120, 'supervisor.blobstore.download.thread.count': 5, 'topology.message.timeout.secs': 30, 'oauth.acess_token_secret': 'IiNOTfgE3tEZvW2HDQhRKPMoOLU43NXJCXk8maj51SdAT', 'storm.messaging.netty.authentication': False, 'petrel.user': 'pipe', 'drpc.port': 3772, 'storm.messaging.netty.buffer_size': 5242880, 'topology.state.synchronization.timeout.secs': 60, 'worker.heap.memory.mb': 768, 'topology.name': 'spam', 'topology.priority': 29, 'supervisor.worker.timeout.secs': 30, 'ui.filter': None, 'topology.trident.batch.emit.interval.millis': 500, 'topology.max.task.parallelism': None, 'supervisor.cpu.capacity': 400.0, 'topology.submitter.user': 'root', 'logviewer.max.per.worker.logs.size.mb': 2048, 'nimbus.host': 'localhost', 'topology.builtin.metrics.bucket.size.secs': 60, 'topology.component.cpu.pcore.percent': 10.0, 'ui.users': None, 'storm.thrift.transport': 'org.apache.storm.security.auth.SimpleTransportPlugin', 'logs.users': None, 'logviewer.port': 8000, 'oauth.consumer_key': 'eaFmBSxUveRJfmyZYeabti9Q9', 'topology.kryo.decorators': [], 'topology.debug': False, 'storm.zookeeper.auth.user': None}, 'context': {'task->component': {'11': '__acker', '10': 'WordDivider', '1': 'CountThreeWords', '3': 'CountTwoWords', '2': 'CountThreeWords', '5': 'CountWord', '4': 'CountTwoWords', '7': 'KafkaConsumer', '6': 'CountWord', '9': 'TwoWordDivider', '8': 'ThreeWordDivider'}, 'stream->target->grouping': {'default': {'WordDivider': {'type': 'SHUFFLE'}, 'ThreeWordDivider': {'type': 'SHUFFLE'}, 'TwoWordDivider': {'type': 'SHUFFLE'}}}, 'source->stream->fields': {}, 'streams': ['default'], 'stream->outputfields': {'default': ['sentence', 'user']}, 'taskid': 7, 'source->stream->grouping': {}, 'componentid': 'KafkaConsumer'}}
[2016-09-15 04:29:44,449][storm][INFO]Task sent pid to Storm
[2016-09-15 04:29:44,564][kafka.conn][INFO]Broker version identifed as 0.10
[2016-09-15 04:29:44,564][kafka.conn][INFO]Set configuration api_version=(0, 10) to skip auto check_version requests on startup
[2016-09-15 04:29:44,580][kafka.consumer.subscription_state][INFO]Updating subscribed topics to: ['spamtopic']
[2016-09-15 04:29:44,581][kafka.cluster][INFO]Group coordinator for kafka-python-default-group is BrokerMetadata(nodeId=0, host=u'localhost', port=9092, rack=None)
[2016-09-15 04:29:44,582][kafka.coordinator][INFO]Discovered coordinator 0 for group kafka-python-default-group
[2016-09-15 04:29:44,582][kafka.coordinator.consumer][INFO]Revoking previously assigned partitions set([]) for group kafka-python-default-group
[2016-09-15 04:29:44,582][kafka.coordinator][INFO](Re-)joining group kafka-python-default-group
[2016-09-15 04:30:06,306][kafka.coordinator][INFO]Joined group 'kafka-python-default-group' (generation 3486) with member_id kafka-python-1.3.1-eeade7df-6a03-49ba-8b46-6051daa2e25f
[2016-09-15 04:30:06,310][kafka.coordinator][INFO]Successfully joined group kafka-python-default-group with generation 3486
[2016-09-15 04:30:06,310][kafka.consumer.subscription_state][INFO]Updated partition assignment: [TopicPartition(topic=u'spamtopic', partition=0)]
[2016-09-15 04:30:06,311][kafka.coordinator.consumer][INFO]Setting newly assigned partitions set([TopicPartition(topic=u'spamtopic', partition=0)]) for group kafka-python-default-group
[2016-09-15 04:30:09,320][kafka.coordinator][WARNING]Heartbeat failed for group kafka-python-default-group because it is rebalancing
[2016-09-15 04:30:09,320][kafka.coordinator][WARNING]Heartbeat failed ([Error 27] RebalanceInProgressError: ); retrying
[2016-09-15 04:30:09,421][kafka.coordinator][INFO]Skipping heartbeat: no auto-assignment or waiting on rebalance
[2016-09-15 04:30:09,822][kafka.coordinator.consumer][INFO]Revoking previously assigned partitions set([TopicPartition(topic=u'spamtopic', partition=0)]) for group kafka-python-default-group
[2016-09-15 04:30:09,823][kafka.coordinator][INFO](Re-)joining group kafka-python-default-group
[2016-09-15 04:30:09,824][kafka.coordinator][INFO]Joined group 'kafka-python-default-group' (generation 3487) with member_id kafka-python-1.3.1-eeade7df-6a03-49ba-8b46-6051daa2e25f
[2016-09-15 04:30:09,825][kafka.coordinator][INFO]Successfully joined group kafka-python-default-group with generation 3487
[2016-09-15 04:30:09,832][kafka.consumer.subscription_state][INFO]Updated partition assignment: [TopicPartition(topic=u'spamtopic', partition=0)]
[2016-09-15 04:30:09,832][kafka.coordinator.consumer][INFO]Setting newly assigned partitions set([TopicPartition(topic=u'spamtopic', partition=0)]) for group kafka-python-default-group
[2016-09-15 04:30:12,842][kafka.coordinator][WARNING]Heartbeat failed for group kafka-python-default-group because it is rebalancing
[2016-09-15 04:30:12,843][kafka.coordinator][WARNING]Heartbeat failed ([Error 27] RebalanceInProgressError: ); retrying
[2016-09-15 04:30:12,944][kafka.coordinator][INFO]Skipping heartbeat: no auto-assignment or waiting on rebalance
[2016-09-15 04:30:13,343][kafka.coordinator.consumer][INFO]Revoking previously assigned partitions set([TopicPartition(topic=u'spamtopic', partition=0)]) for group kafka-python-default-group
[2016-09-15 04:30:13,344][kafka.coordinator][INFO](Re-)joining group kafka-python-default-group
[2016-09-15 04:30:13,345][kafka.coordinator][INFO]Joined group 'kafka-python-default-group' (generation 3488) with member_id kafka-python-1.3.1-eeade7df-6a03-49ba-8b46-6051daa2e25f
[2016-09-15 04:30:13,346][kafka.coordinator][INFO]Successfully joined group kafka-python-default-group with generation 3488
[2016-09-15 04:30:13,346][kafka.consumer.subscription_state][INFO]Updated partition assignment: [TopicPartition(topic=u'spamtopic', partition=0)]
[2016-09-15 04:30:13,347][kafka.coordinator.consumer][INFO]Setting newly assigned partitions set([TopicPartition(topic=u'spamtopic', partition=0)]) for group kafka-python-default-group
[2016-09-15 04:30:16,356][kafka.coordinator][WARNING]Heartbeat failed for group kafka-python-default-group because it is rebalancing
[2016-09-15 04:30:16,356][kafka.coordinator][WARNING]Heartbeat failed ([Error 27] RebalanceInProgressError: ); retrying
[2016-09-15 04:30:16,457][kafka.coordinator][INFO]Skipping heartbeat: no auto-assignment or waiting on rebalance
[2016-09-15 04:30:16,857][kafka.coordinator.consumer][INFO]Revoking previously assigned partitions set([TopicPartition(topic=u'spamtopic', partition=0)]) for group kafka-python-default-group
[2016-09-15 04:30:16,857][kafka.coordinator][INFO](Re-)joining group kafka-python-default-group
[2016-09-15 04:30:16,859][kafka.coordinator][INFO]Joined group 'kafka-python-default-group' (generation 3489) with member_id kafka-python-1.3.1-eeade7df-6a03-49ba-8b46-6051daa2e25f
[2016-09-15 04:30:16,863][kafka.coordinator][INFO](Re-)joining group kafka-python-default-group
[2016-09-15 04:30:20,377][kafka.coordinator][INFO]Joined group 'kafka-python-default-group' (generation 3490) with member_id kafka-python-1.3.1-eeade7df-6a03-49ba-8b46-6051daa2e25f
[2016-09-15 04:30:20,378][kafka.coordinator.consumer][WARNING]Auto offset commit failed for group kafka-python-default-group: CommitFailedError: Commit cannot be completed since the group has already rebalanced and assigned the partitions to another member. This means that the time between subsequent calls to poll() was longer than the configured session.timeout.ms, which typically implies that the poll loop is spending too much time message processing. You can address this either by increasing the session timeout or by reducing the maximum size of batches returned in poll() with max.poll.records.
[2016-09-15 04:30:20,382][kafka.coordinator][INFO]Successfully joined group kafka-python-default-group with generation 3490
[2016-09-15 04:30:20,382][kafka.consumer.subscription_state][INFO]Updated partition assignment: [TopicPartition(topic=u'spamtopic', partition=0)]
[2016-09-15 04:30:20,382][kafka.coordinator.consumer][INFO]Setting newly assigned partitions set([TopicPartition(topic=u'spamtopic', partition=0)]) for group kafka-python-default-group
[2016-09-15 04:30:23,392][kafka.coordinator][WARNING]Heartbeat failed for group kafka-python-default-group because it is rebalancing
[2016-09-15 04:30:23,392][kafka.coordinator][WARNING]Heartbeat failed ([Error 27] RebalanceInProgressError: ); retrying
[2016-09-15 04:30:23,493][kafka.coordinator][INFO]Skipping heartbeat: no auto-assignment or waiting on rebalance
[2016-09-15 04:30:23,894][kafka.coordinator.consumer][INFO]Revoking previously assigned partitions set([TopicPartition(topic=u'spamtopic', partition=0)]) for group kafka-python-default-group
[2016-09-15 04:30:23,894][kafka.coordinator][INFO](Re-)joining group kafka-python-default-group
[2016-09-15 04:30:23,897][kafka.coordinator][INFO]Joined group 'kafka-python-default-group' (generation 3491) with member_id kafka-python-1.3.1-eeade7df-6a03-49ba-8b46-6051daa2e25f
[2016-09-15 04:30:23,899][kafka.coordinator][INFO]Successfully joined group kafka-python-default-group with generation 3491
[2016-09-15 04:30:23,900][kafka.consumer.subscription_state][INFO]Updated partition assignment: [TopicPartition(topic=u'spamtopic', partition=0)]
[2016-09-15 04:30:23,900][kafka.coordinator.consumer][INFO]Setting newly assigned partitions set([TopicPartition(topic=u'spamtopic', partition=0)]) for group kafka-python-default-group
[2016-09-15 04:30:26,910][kafka.coordinator][WARNING]Heartbeat failed for group kafka-python-default-group because it is rebalancing
[2016-09-15 04:30:26,910][kafka.coordinator][WARNING]Heartbeat failed ([Error 27] RebalanceInProgressError: ); retrying
[2016-09-15 04:30:27,011][kafka.coordinator][INFO]Skipping heartbeat: no auto-assignment or waiting on rebalance
[2016-09-15 04:30:27,411][kafka.coordinator.consumer][INFO]Revoking previously assigned partitions set([TopicPartition(topic=u'spamtopic', partition=0)]) for group kafka-python-default-group
[2016-09-15 04:30:27,411][kafka.coordinator][INFO](Re-)joining group kafka-python-default-group
[2016-09-15 04:30:27,413][kafka.coordinator][INFO]Joined group 'kafka-python-default-group' (generation 3492) with member_id kafka-python-1.3.1-eeade7df-6a03-49ba-8b46-6051daa2e25f
[2016-09-15 04:30:27,417][kafka.coordinator][INFO]Successfully joined group kafka-python-default-group with generation 3492
[2016-09-15 04:30:27,417][kafka.consumer.subscription_state][INFO]Updated partition assignment: [TopicPartition(topic=u'spamtopic', partition=0)]
[2016-09-15 04:30:27,417][kafka.coordinator.consumer][INFO]Setting newly assigned partitions set([TopicPartition(topic=u'spamtopic', partition=0)]) for group kafka-python-default-group
[2016-09-15 04:30:30,426][kafka.coordinator][WARNING]Heartbeat failed for group kafka-python-default-group because it is rebalancing
[2016-09-15 04:30:30,426][kafka.coordinator][WARNING]Heartbeat failed ([Error 27] RebalanceInProgressError: ); retrying
[2016-09-15 04:30:30,527][kafka.coordinator][INFO]Skipping heartbeat: no auto-assignment or waiting on rebalance
[2016-09-15 04:30:30,927][kafka.coordinator.consumer][INFO]Revoking previously assigned partitions set([TopicPartition(topic=u'spamtopic', partition=0)]) for group kafka-python-default-group
[2016-09-15 04:30:30,927][kafka.coordinator][INFO](Re-)joining group kafka-python-default-group
[2016-09-15 04:30:30,929][kafka.coordinator][INFO]Joined group 'kafka-python-default-group' (generation 3493) with member_id kafka-python-1.3.1-eeade7df-6a03-49ba-8b46-6051daa2e25f
[2016-09-15 04:30:30,939][kafka.coordinator][INFO]Successfully joined group kafka-python-default-group with generation 3493
[2016-09-15 04:30:30,939][kafka.consumer.subscription_state][INFO]Updated partition assignment: [TopicPartition(topic=u'spamtopic', partition=0)]
[2016-09-15 04:30:30,939][kafka.coordinator.consumer][INFO]Setting newly assigned partitions set([TopicPartition(topic=u'spamtopic', partition=0)]) for group kafka-python-default-group
[2016-09-15 04:30:33,948][kafka.coordinator][WARNING]Heartbeat failed for group kafka-python-default-group because it is rebalancing
[2016-09-15 04:30:33,949][kafka.coordinator][WARNING]Heartbeat failed ([Error 27] RebalanceInProgressError: ); retrying
[2016-09-15 04:30:34,050][kafka.coordinator][INFO]Skipping heartbeat: no auto-assignment or waiting on rebalance
[2016-09-15 04:30:34,450][kafka.coordinator.consumer][INFO]Revoking previously assigned partitions set([TopicPartition(topic=u'spamtopic', partition=0)]) for group kafka-python-default-group
[2016-09-15 04:30:34,450][kafka.coordinator][INFO](Re-)joining group kafka-python-default-group
[2016-09-15 04:30:34,455][kafka.coordinator][INFO]Joined group 'kafka-python-default-group' (generation 3494) with member_id kafka-python-1.3.1-eeade7df-6a03-49ba-8b46-6051daa2e25f
[2016-09-15 04:30:34,455][kafka.coordinator][INFO]Successfully joined group kafka-python-default-group with generation 3494
[2016-09-15 04:30:34,456][kafka.consumer.subscription_state][INFO]Updated partition assignment: [TopicPartition(topic=u'spamtopic', partition=0)]
[2016-09-15 04:30:34,456][kafka.coordinator.consumer][INFO]Setting newly assigned partitions set([TopicPartition(topic=u'spamtopic', partition=0)]) for group kafka-python-default-group
[2016-09-15 04:30:37,464][kafka.coordinator][WARNING]Heartbeat failed for group kafka-python-default-group because it is rebalancing
[2016-09-15 04:30:37,464][kafka.coordinator][WARNING]Heartbeat failed ([Error 27] RebalanceInProgressError: ); retrying
[2016-09-15 04:30:37,566][kafka.coordinator][INFO]Skipping heartbeat: no auto-assignment or waiting on rebalance
[2016-09-15 04:30:37,966][kafka.coordinator.consumer][INFO]Revoking previously assigned partitions set([TopicPartition(topic=u'spamtopic', partition=0)]) for group kafka-python-default-group
[2016-09-15 04:30:37,966][kafka.coordinator][INFO](Re-)joining group kafka-python-default-group
[2016-09-15 04:30:37,970][kafka.coordinator][INFO]Joined group 'kafka-python-default-group' (generation 3495) with member_id kafka-python-1.3.1-eeade7df-6a03-49ba-8b46-6051daa2e25f
[2016-09-15 04:30:37,972][kafka.coordinator][INFO]Successfully joined group kafka-python-default-group with generation 3495
[2016-09-15 04:30:37,972][kafka.consumer.subscription_state][INFO]Updated partition assignment: [TopicPartition(topic=u'spamtopic', partition=0)]
[2016-09-15 04:30:37,973][kafka.coordinator.consumer][INFO]Setting newly assigned partitions set([TopicPartition(topic=u'spamtopic', partition=0)]) for group kafka-python-default-group
[2016-09-15 04:30:40,982][kafka.coordinator][WARNING]Heartbeat failed for group kafka-python-default-group because it is rebalancing
[2016-09-15 04:30:40,982][kafka.coordinator][WARNING]Heartbeat failed ([Error 27] RebalanceInProgressError: ); retrying
[2016-09-15 04:30:41,083][kafka.coordinator][INFO]Skipping heartbeat: no auto-assignment or waiting on rebalance
[2016-09-15 04:30:41,485][kafka.coordinator.consumer][INFO]Revoking previously assigned partitions set([TopicPartition(topic=u'spamtopic', partition=0)]) for group kafka-python-default-group
[2016-09-15 04:30:41,485][kafka.coordinator][INFO](Re-)joining group kafka-python-default-group
[2016-09-15 04:30:41,486][kafka.coordinator][INFO]Joined group 'kafka-python-default-group' (generation 3496) with member_id kafka-python-1.3.1-eeade7df-6a03-49ba-8b46-6051daa2e25f
[2016-09-15 04:30:41,490][kafka.coordinator][INFO]Successfully joined group kafka-python-default-group with generation 3496
[2016-09-15 04:30:41,490][kafka.consumer.subscription_state][INFO]Updated partition assignment: [TopicPartition(topic=u'spamtopic', partition=0)]
[2016-09-15 04:30:41,490][kafka.coordinator.consumer][INFO]Setting newly assigned partitions set([TopicPartition(topic=u'spamtopic', partition=0)]) for group kafka-python-default-group
[2016-09-15 04:30:44,499][kafka.coordinator][WARNING]Heartbeat failed for group kafka-python-default-group because it is rebalancing
[2016-09-15 04:30:44,500][kafka.coordinator][WARNING]Heartbeat failed ([Error 27] RebalanceInProgressError: ); retrying
[2016-09-15 04:30:44,601][kafka.coordinator][INFO]Skipping heartbeat: no auto-assignment or waiting on rebalance
[2016-09-15 04:30:45,001][kafka.coordinator.consumer][INFO]Revoking previously assigned partitions set([TopicPartition(topic=u'spamtopic', partition=0)]) for group kafka-python-default-group
[2016-09-15 04:30:45,001][kafka.coordinator][INFO](Re-)joining group kafka-python-default-group
[2016-09-15 04:30:45,003][kafka.coordinator][INFO]Joined group 'kafka-python-default-group' (generation 3497) with member_id kafka-python-1.3.1-eeade7df-6a03-49ba-8b46-6051daa2e25f
[2016-09-15 04:30:45,005][kafka.coordinator][INFO]Successfully joined group kafka-python-default-group with generation 3497
[2016-09-15 04:30:45,005][kafka.consumer.subscription_state][INFO]Updated partition assignment: [TopicPartition(topic=u'spamtopic', partition=0)]
[2016-09-15 04:30:45,005][kafka.coordinator.consumer][INFO]Setting newly assigned partitions set([TopicPartition(topic=u'spamtopic', partition=0)]) for group kafka-python-default-group
[2016-09-15 04:30:48,014][kafka.coordinator][WARNING]Heartbeat failed for group kafka-python-default-group because it is rebalancing
[2016-09-15 04:30:48,014][kafka.coordinator][WARNING]Heartbeat failed ([Error 27] RebalanceInProgressError: ); retrying
[2016-09-15 04:30:48,115][kafka.coordinator][INFO]Skipping heartbeat: no auto-assignment or waiting on rebalance
[2016-09-15 04:30:48,515][kafka.coordinator.consumer][INFO]Revoking previously assigned partitions set([TopicPartition(topic=u'spamtopic', partition=0)]) for group kafka-python-default-group
[2016-09-15 04:30:48,515][kafka.coordinator][INFO](Re-)joining group kafka-python-default-group
[2016-09-15 04:30:48,521][kafka.coordinator][INFO]Joined group 'kafka-python-default-group' (generation 3498) with member_id kafka-python-1.3.1-eeade7df-6a03-49ba-8b46-6051daa2e25f
[2016-09-15 04:30:48,523][kafka.coordinator][INFO]Successfully joined group kafka-python-default-group with generation 3498
[2016-09-15 04:30:48,531][kafka.consumer.subscription_state][INFO]Updated partition assignment: [TopicPartition(topic=u'spamtopic', partition=0)]
[2016-09-15 04:30:48,531][kafka.coordinator.consumer][INFO]Setting newly assigned partitions set([TopicPartition(topic=u'spamtopic', partition=0)]) for group kafka-python-default-group
[2016-09-15 04:30:51,540][kafka.coordinator][WARNING]Heartbeat failed for group kafka-python-default-group because it is rebalancing
[2016-09-15 04:30:51,540][kafka.coordinator][WARNING]Heartbeat failed ([Error 27] RebalanceInProgressError: ); retrying
[2016-09-15 04:30:51,641][kafka.coordinator][INFO]Skipping heartbeat: no auto-assignment or waiting on rebalance
[2016-09-15 04:30:52,042][kafka.coordinator.consumer][INFO]Revoking previously assigned partitions set([TopicPartition(topic=u'spamtopic', partition=0)]) for group kafka-python-default-group
[2016-09-15 04:30:52,042][kafka.coordinator][INFO](Re-)joining group kafka-python-default-group
[2016-09-15 04:30:52,043][kafka.coordinator][INFO]Joined group 'kafka-python-default-group' (generation 3499) with member_id kafka-python-1.3.1-eeade7df-6a03-49ba-8b46-6051daa2e25f
[2016-09-15 04:30:52,045][kafka.coordinator][INFO]Successfully joined group kafka-python-default-group with generation 3499
[2016-09-15 04:30:52,051][kafka.consumer.subscription_state][INFO]Updated partition assignment: [TopicPartition(topic=u'spamtopic', partition=0)]
[2016-09-15 04:30:52,051][kafka.coordinator.consumer][INFO]Setting newly assigned partitions set([TopicPartition(topic=u'spamtopic', partition=0)]) for group kafka-python-default-group
[2016-09-15 04:30:55,061][kafka.coordinator][WARNING]Heartbeat failed for group kafka-python-default-group because it is rebalancing
[2016-09-15 04:30:55,061][kafka.coordinator][WARNING]Heartbeat failed ([Error 27] RebalanceInProgressError: ); retrying
[2016-09-15 04:30:55,162][kafka.coordinator][INFO]Skipping heartbeat: no auto-assignment or waiting on rebalance
[2016-09-15 04:30:55,563][kafka.coordinator.consumer][INFO]Revoking previously assigned partitions set([TopicPartition(topic=u'spamtopic', partition=0)]) for group kafka-python-default-group
[2016-09-15 04:30:55,563][kafka.coordinator][INFO](Re-)joining group kafka-python-default-group
[2016-09-15 04:30:55,564][kafka.coordinator][INFO]Joined group 'kafka-python-default-group' (generation 3500) with member_id kafka-python-1.3.1-eeade7df-6a03-49ba-8b46-6051daa2e25f
[2016-09-15 04:30:55,569][kafka.coordinator][INFO]Successfully joined group kafka-python-default-group with generation 3500
[2016-09-15 04:30:55,570][kafka.consumer.subscription_state][INFO]Updated partition assignment: [TopicPartition(topic=u'spamtopic', partition=0)]
[2016-09-15 04:30:55,570][kafka.coordinator.consumer][INFO]Setting newly assigned partitions set([TopicPartition(topic=u'spamtopic', partition=0)]) for group kafka-python-default-group
[2016-09-15 04:30:58,579][kafka.coordinator][WARNING]Heartbeat failed for group kafka-python-default-group because it is rebalancing
[2016-09-15 04:30:58,579][kafka.coordinator][WARNING]Heartbeat failed ([Error 27] RebalanceInProgressError: ); retrying
[2016-09-15 04:30:58,680][kafka.coordinator][INFO]Skipping heartbeat: no auto-assignment or waiting on rebalance
[2016-09-15 04:30:59,081][kafka.coordinator.consumer][INFO]Revoking previously assigned partitions set([TopicPartition(topic=u'spamtopic', partition=0)]) for group kafka-python-default-group
[2016-09-15 04:30:59,081][kafka.coordinator][INFO](Re-)joining group kafka-python-default-group
[2016-09-15 04:30:59,085][kafka.coordinator][INFO]Joined group 'kafka-python-default-group' (generation 3501) with member_id kafka-python-1.3.1-eeade7df-6a03-49ba-8b46-6051daa2e25f
[2016-09-15 04:30:59,087][kafka.coordinator][INFO](Re-)joining group kafka-python-default-group
[2016-09-15 04:31:02,599][kafka.coordinator][INFO]Joined group 'kafka-python-default-group' (generation 3502) with member_id kafka-python-1.3.1-eeade7df-6a03-49ba-8b46-6051daa2e25f
[2016-09-15 04:31:02,600][kafka.coordinator.consumer][WARNING]Auto offset commit failed for group kafka-python-default-group: CommitFailedError: Commit cannot be completed since the group has already rebalanced and assigned the partitions to another member. This means that the time between subsequent calls to poll() was longer than the configured session.timeout.ms, which typically implies that the poll loop is spending too much time message processing. You can address this either by increasing the session timeout or by reducing the maximum size of batches returned in poll() with max.poll.records.
[2016-09-15 04:31:02,601][kafka.coordinator][INFO]Successfully joined group kafka-python-default-group with generation 3502
[2016-09-15 04:31:02,602][kafka.consumer.subscription_state][INFO]Updated partition assignment: [TopicPartition(topic=u'spamtopic', partition=0)]
[2016-09-15 04:31:02,602][kafka.coordinator.consumer][INFO]Setting newly assigned partitions set([TopicPartition(topic=u'spamtopic', partition=0)]) for group kafka-python-default-group
[2016-09-15 04:31:05,612][kafka.coordinator][WARNING]Heartbeat failed for group kafka-python-default-group because it is rebalancing
[2016-09-15 04:31:05,612][kafka.coordinator][WARNING]Heartbeat failed ([Error 27] RebalanceInProgressError: ); retrying
[2016-09-15 04:31:05,714][kafka.coordinator][INFO]Skipping heartbeat: no auto-assignment or waiting on rebalance
[2016-09-15 04:31:06,114][kafka.coordinator.consumer][INFO]Revoking previously assigned partitions set([TopicPartition(topic=u'spamtopic', partition=0)]) for group kafka-python-default-group
[2016-09-15 04:31:06,114][kafka.coordinator][INFO](Re-)joining group kafka-python-default-group
[2016-09-15 04:31:06,115][kafka.coordinator][INFO]Joined group 'kafka-python-default-group' (generation 3503) with member_id kafka-python-1.3.1-eeade7df-6a03-49ba-8b46-6051daa2e25f
[2016-09-15 04:31:06,117][kafka.coordinator][INFO]Successfully joined group kafka-python-default-group with generation 3503
[2016-09-15 04:31:06,117][kafka.consumer.subscription_state][INFO]Updated partition assignment: [TopicPartition(topic=u'spamtopic', partition=0)]
[2016-09-15 04:31:06,117][kafka.coordinator.consumer][INFO]Setting newly assigned partitions set([TopicPartition(topic=u'spamtopic', partition=0)]) for group kafka-python-default-group
[2016-09-15 04:31:09,127][kafka.coordinator][WARNING]Heartbeat failed for group kafka-python-default-group because it is rebalancing
[2016-09-15 04:31:09,127][kafka.coordinator][WARNING]Heartbeat failed ([Error 27] RebalanceInProgressError: ); retrying
[2016-09-15 04:31:09,228][kafka.coordinator][INFO]Skipping heartbeat: no auto-assignment or waiting on rebalance
[2016-09-15 04:31:09,628][kafka.coordinator.consumer][INFO]Revoking previously assigned partitions set([TopicPartition(topic=u'spamtopic', partition=0)]) for group kafka-python-default-group
[2016-09-15 04:31:09,628][kafka.coordinator][INFO](Re-)joining group kafka-python-default-group
[2016-09-15 04:31:09,634][kafka.coordinator][INFO]Joined group 'kafka-python-default-group' (generation 3504) with member_id kafka-python-1.3.1-eeade7df-6a03-49ba-8b46-6051daa2e25f
[2016-09-15 04:31:09,638][kafka.coordinator][INFO]Successfully joined group kafka-python-default-group with generation 3504
[2016-09-15 04:31:09,638][kafka.consumer.subscription_state][INFO]Updated partition assignment: [TopicPartition(topic=u'spamtopic', partition=0)]
[2016-09-15 04:31:09,639][kafka.coordinator.consumer][INFO]Setting newly assigned partitions set([TopicPartition(topic=u'spamtopic', partition=0)]) for group kafka-python-default-group
[2016-09-15 04:31:12,646][kafka.coordinator][WARNING]Heartbeat failed for group kafka-python-default-group because it is rebalancing
[2016-09-15 04:31:12,647][kafka.coordinator][WARNING]Heartbeat failed ([Error 27] RebalanceInProgressError: ); retrying
[2016-09-15 04:31:12,748][kafka.coordinator][INFO]Skipping heartbeat: no auto-assignment or waiting on rebalance
[2016-09-15 04:31:13,148][kafka.coordinator.consumer][INFO]Revoking previously assigned partitions set([TopicPartition(topic=u'spamtopic', partition=0)]) for group kafka-python-default-group
[2016-09-15 04:31:13,148][kafka.coordinator][INFO](Re-)joining group kafka-python-default-group
[2016-09-15 04:31:13,150][kafka.coordinator][INFO]Joined group 'kafka-python-default-group' (generation 3505) with member_id kafka-python-1.3.1-eeade7df-6a03-49ba-8b46-6051daa2e25f
[2016-09-15 04:31:13,154][kafka.coordinator][INFO]Successfully joined group kafka-python-default-group with generation 3505
[2016-09-15 04:31:13,154][kafka.consumer.subscription_state][INFO]Updated partition assignment: [TopicPartition(topic=u'spamtopic', partition=0)]
[2016-09-15 04:31:13,154][kafka.coordinator.consumer][INFO]Setting newly assigned partitions set([TopicPartition(topic=u'spamtopic', partition=0)]) for group kafka-python-default-group
[2016-09-15 04:31:16,162][kafka.coordinator][WARNING]Heartbeat failed for group kafka-python-default-group because it is rebalancing
[2016-09-15 04:31:16,162][kafka.coordinator][WARNING]Heartbeat failed ([Error 27] RebalanceInProgressError: ); retrying
[2016-09-15 04:31:16,263][kafka.coordinator][INFO]Skipping heartbeat: no auto-assignment or waiting on rebalance
[2016-09-15 04:31:16,664][kafka.coordinator.consumer][INFO]Revoking previously assigned partitions set([TopicPartition(topic=u'spamtopic', partition=0)]) for group kafka-python-default-group
[2016-09-15 04:31:16,665][kafka.coordinator][INFO](Re-)joining group kafka-python-default-group
[2016-09-15 04:31:16,667][kafka.coordinator][INFO]Joined group 'kafka-python-default-group' (generation 3506) with member_id kafka-python-1.3.1-eeade7df-6a03-49ba-8b46-6051daa2e25f
[2016-09-15 04:31:16,668][kafka.coordinator][INFO]Successfully joined group kafka-python-default-group with generation 3506
[2016-09-15 04:31:16,668][kafka.consumer.subscription_state][INFO]Updated partition assignment: [TopicPartition(topic=u'spamtopic', partition=0)]
[2016-09-15 04:31:16,668][kafka.coordinator.consumer][INFO]Setting newly assigned partitions set([TopicPartition(topic=u'spamtopic', partition=0)]) for group kafka-python-default-group
[2016-09-15 04:31:19,677][kafka.coordinator][WARNING]Heartbeat failed for group kafka-python-default-group because it is rebalancing
[2016-09-15 04:31:19,677][kafka.coordinator][WARNING]Heartbeat failed ([Error 27] RebalanceInProgressError: ); retrying
[2016-09-15 04:31:19,778][kafka.coordinator][INFO]Skipping heartbeat: no auto-assignment or waiting on rebalance
[2016-09-15 04:31:20,179][kafka.coordinator.consumer][INFO]Revoking previously assigned partitions set([TopicPartition(topic=u'spamtopic', partition=0)]) for group kafka-python-default-group
[2016-09-15 04:31:20,179][kafka.coordinator][INFO](Re-)joining group kafka-python-default-group
[2016-09-15 04:31:20,181][kafka.coordinator][INFO]Joined group 'kafka-python-default-group' (generation 3507) with member_id kafka-python-1.3.1-eeade7df-6a03-49ba-8b46-6051daa2e25f
[2016-09-15 04:31:20,184][kafka.coordinator][INFO]Successfully joined group kafka-python-default-group with generation 3507
[2016-09-15 04:31:20,184][kafka.consumer.subscription_state][INFO]Updated partition assignment: [TopicPartition(topic=u'spamtopic', partition=0)]
[2016-09-15 04:31:20,185][kafka.coordinator.consumer][INFO]Setting newly assigned partitions set([TopicPartition(topic=u'spamtopic', partition=0)]) for group kafka-python-default-group
[2016-09-15 04:31:23,194][kafka.coordinator][WARNING]Heartbeat failed for group kafka-python-default-group because it is rebalancing
[2016-09-15 04:31:23,194][kafka.coordinator][WARNING]Heartbeat failed ([Error 27] RebalanceInProgressError: ); retrying
[2016-09-15 04:31:23,295][kafka.coordinator][INFO]Skipping heartbeat: no auto-assignment or waiting on rebalance
[2016-09-15 04:31:23,696][kafka.coordinator.consumer][INFO]Revoking previously assigned partitions set([TopicPartition(topic=u'spamtopic', partition=0)]) for group kafka-python-default-group
[2016-09-15 04:31:23,696][kafka.coordinator][INFO](Re-)joining group kafka-python-default-group
[2016-09-15 04:31:23,699][kafka.coordinator][INFO]Joined group 'kafka-python-default-group' (generation 3508) with member_id kafka-python-1.3.1-eeade7df-6a03-49ba-8b46-6051daa2e25f
[2016-09-15 04:31:23,700][kafka.coordinator][INFO]Successfully joined group kafka-python-default-group with generation 3508
[2016-09-15 04:31:23,701][kafka.consumer.subscription_state][INFO]Updated partition assignment: [TopicPartition(topic=u'spamtopic', partition=0)]
[2016-09-15 04:31:23,701][kafka.coordinator.consumer][INFO]Setting newly assigned partitions set([TopicPartition(topic=u'spamtopic', partition=0)]) for group kafka-python-default-group
[2016-09-15 04:31:26,709][kafka.coordinator][WARNING]Heartbeat failed for group kafka-python-default-group because it is rebalancing
[2016-09-15 04:31:26,709][kafka.coordinator][WARNING]Heartbeat failed ([Error 27] RebalanceInProgressError: ); retrying
[2016-09-15 04:31:26,811][kafka.coordinator][INFO]Skipping heartbeat: no auto-assignment or waiting on rebalance
[2016-09-15 04:31:27,211][kafka.coordinator.consumer][INFO]Revoking previously assigned partitions set([TopicPartition(topic=u'spamtopic', partition=0)]) for group kafka-python-default-group
[2016-09-15 04:31:27,211][kafka.coordinator][INFO](Re-)joining group kafka-python-default-group
[2016-09-15 04:31:27,214][kafka.coordinator][INFO]Joined group 'kafka-python-default-group' (generation 3509) with member_id kafka-python-1.3.1-eeade7df-6a03-49ba-8b46-6051daa2e25f
[2016-09-15 04:31:27,216][kafka.coordinator][INFO]Successfully joined group kafka-python-default-group with generation 3509
[2016-09-15 04:31:27,216][kafka.consumer.subscription_state][INFO]Updated partition assignment: [TopicPartition(topic=u'spamtopic', partition=0)]
[2016-09-15 04:31:27,216][kafka.coordinator.consumer][INFO]Setting newly assigned partitions set([TopicPartition(topic=u'spamtopic', partition=0)]) for group kafka-python-default-group
[2016-09-15 04:31:30,243][kafka.coordinator][WARNING]Heartbeat failed for group kafka-python-default-group because it is rebalancing
[2016-09-15 04:31:30,243][kafka.coordinator][WARNING]Heartbeat failed ([Error 27] RebalanceInProgressError: ); retrying
[2016-09-15 04:31:30,344][kafka.coordinator][INFO]Skipping heartbeat: no auto-assignment or waiting on rebalance
[2016-09-15 04:31:30,745][kafka.coordinator.consumer][INFO]Revoking previously assigned partitions set([TopicPartition(topic=u'spamtopic', partition=0)]) for group kafka-python-default-group
[2016-09-15 04:31:30,746][kafka.coordinator][INFO](Re-)joining group kafka-python-default-group
[2016-09-15 04:31:30,747][kafka.coordinator][INFO]Joined group 'kafka-python-default-group' (generation 3510) with member_id kafka-python-1.3.1-eeade7df-6a03-49ba-8b46-6051daa2e25f
[2016-09-15 04:31:30,748][kafka.coordinator][INFO]Successfully joined group kafka-python-default-group with generation 3510
[2016-09-15 04:31:30,756][kafka.consumer.subscription_state][INFO]Updated partition assignment: [TopicPartition(topic=u'spamtopic', partition=0)]
[2016-09-15 04:31:30,756][kafka.coordinator.consumer][INFO]Setting newly assigned partitions set([TopicPartition(topic=u'spamtopic', partition=0)]) for group kafka-python-default-group
[2016-09-15 04:31:33,762][kafka.coordinator][WARNING]Heartbeat failed for group kafka-python-default-group because it is rebalancing
[2016-09-15 04:31:33,763][kafka.coordinator][WARNING]Heartbeat failed ([Error 27] RebalanceInProgressError: ); retrying
[2016-09-15 04:31:33,864][kafka.coordinator][INFO]Skipping heartbeat: no auto-assignment or waiting on rebalance
[2016-09-15 04:31:34,264][kafka.coordinator.consumer][INFO]Revoking previously assigned partitions set([TopicPartition(topic=u'spamtopic', partition=0)]) for group kafka-python-default-group
[2016-09-15 04:31:34,264][kafka.coordinator][INFO](Re-)joining group kafka-python-default-group
[2016-09-15 04:31:34,265][kafka.coordinator][INFO]Joined group 'kafka-python-default-group' (generation 3511) with member_id kafka-python-1.3.1-eeade7df-6a03-49ba-8b46-6051daa2e25f
[2016-09-15 04:31:34,268][kafka.coordinator][INFO]Successfully joined group kafka-python-default-group with generation 3511
[2016-09-15 04:31:34,268][kafka.consumer.subscription_state][INFO]Updated partition assignment: [TopicPartition(topic=u'spamtopic', partition=0)]
[2016-09-15 04:31:34,268][kafka.coordinator.consumer][INFO]Setting newly assigned partitions set([TopicPartition(topic=u'spamtopic', partition=0)]) for group kafka-python-default-group
[2016-09-15 04:31:37,279][kafka.coordinator][WARNING]Heartbeat failed for group kafka-python-default-group because it is rebalancing
[2016-09-15 04:31:37,280][kafka.coordinator][WARNING]Heartbeat failed ([Error 27] RebalanceInProgressError: ); retrying
[2016-09-15 04:31:37,381][kafka.coordinator][INFO]Skipping heartbeat: no auto-assignment or waiting on rebalance
[2016-09-15 04:31:37,782][kafka.coordinator.consumer][INFO]Revoking previously assigned partitions set([TopicPartition(topic=u'spamtopic', partition=0)]) for group kafka-python-default-group
[2016-09-15 04:31:37,782][kafka.coordinator][INFO](Re-)joining group kafka-python-default-group
[2016-09-15 04:31:37,787][kafka.coordinator][INFO]Joined group 'kafka-python-default-group' (generation 3512) with member_id kafka-python-1.3.1-eeade7df-6a03-49ba-8b46-6051daa2e25f
[2016-09-15 04:31:37,788][kafka.coordinator][INFO]Successfully joined group kafka-python-default-group with generation 3512
[2016-09-15 04:31:37,789][kafka.consumer.subscription_state][INFO]Updated partition assignment: [TopicPartition(topic=u'spamtopic', partition=0)]
[2016-09-15 04:31:37,790][kafka.coordinator.consumer][INFO]Setting newly assigned partitions set([TopicPartition(topic=u'spamtopic', partition=0)]) for group kafka-python-default-group
