Beginning task setup

/usr/bin/flock
Using existing venv: /tmp/petrel-spam-5-1473800596/venv
Task setup took 0 seconds
Launching: python -m petrel.run kafkaconsumer /home/pipe/topology/TopologyTweetTransformationSPAM/petrel21911_kafkaconsumer.log
/usr/local/lib/python2.7/dist-packages/petrel-1.0.1.0.3-py2.7.egg/petrel/run.py invoked with the following arguments: ['kafkaconsumer', '/home/pipe/topology/TopologyTweetTransformationSPAM/petrel21911_kafkaconsumer.log']
python version: 2.7.12
user=root
PATH=/tmp/petrel-spam-5-1473800596/venv/bin:/usr/local/sbin:/usr/local/bin:/usr/sbin:/usr/bin:/sbin:/bin:/snap/bin
LD_LIBRARY_PATH=/home/apache-storm-1.0.1/data/supervisor/stormdist/spam-5-1473800596/resources/Linux-amd64:/home/apache-storm-1.0.1/data/supervisor/stormdist/spam-5-1473800596/resources:/usr/local/lib:/opt/local/lib:/usr/lib
PYTHON_EGG_CACHE=/tmp/petrel-spam-5-1473800596/egg_cache
[2016-09-14 02:34:06,565][storm][INFO]Tuple profiling enabled. Will log tuple processing times.
[2016-09-14 02:34:06,803][storm][INFO]Task received setupInfo from Storm: {'pidDir': '/home/apache-storm-1.0.1/data/workers/f152b863-1a54-4c16-a83d-c0c2cc2473b7/pids', 'conf': {'storm.group.mapping.service.params': None, 'topology.tuple.serializer': 'org.apache.storm.serialization.types.ListDelegateSerializer', 'topology.workers': 1, 'drpc.worker.threads': 64, 'ui.filter.params': None, 'transactional.zookeeper.root': '/transactional', 'logviewer.cleanup.age.mins': 10080, 'worker.profiler.command': 'flight.bash', 'topology.executor.send.buffer.size': 1024, 'nimbus.file.copy.expiration.secs': 600, 'oauth.acess_token': ' 702208758362087425-HZiyl1x7Bh98cQa1WLBDYylyu10Bpl7', 'drpc.childopts': '-Xmx768m', 'nimbus.thrift.port': 6627, 'topology.disruptor.wait.timeout.millis': 1000, 'storm.zookeeper.retry.intervalceiling.millis': 30000, 'storm.local.dir': '/home/apache-storm-1.0.1/data', 'storm.auth.simple-acl.users': [], 'drpc.invocations.threads': 64, 'storm.zookeeper.superACL': None, 'storm.cluster.state.store': 'org.apache.storm.cluster_state.zookeeper_state_factory', 'storm.codedistributor.class': 'org.apache.storm.codedistributor.LocalFileSystemCodeDistributor', 'drpc.https.keystore.password': '', 'supervisor.blobstore.download.max_retries': 3, 'pacemaker.kerberos.users': [], 'storm.messaging.netty.client_worker_threads': 1, 'oauth.consumer_secret': 'ADf76fi3O1lKMzBxWnjqf93l3GHv28uar3bkblkvyBrAyoA23i', 'topology.component.resources.offheap.memory.mb': 0.0, 'supervisor.heartbeat.frequency.secs': 5, 'storm.group.mapping.service.cache.duration.secs': 120, 'storm.group.mapping.service': 'org.apache.storm.security.auth.ShellBasedGroupsMapping', 'storm.workers.artifacts.dir': 'workers-artifacts', 'drpc.request.timeout.secs': 600, 'pacemaker.childopts': '-Xmx1024m', 'nimbus.seeds': ['localhost'], 'topology.shellbolt.max.pending': 100, 'topology.min.replication.count': 1, 'topology.skip.missing.kryo.registrations': False, 'worker.heartbeat.frequency.secs': 1, 'storm.auth.simple-acl.users.commands': [], 'storm.zookepeer.port': 2181, 'zmq.hwm': 0, 'topology.worker.shared.thread.pool.size': 4, 'storm.zookeeper.connection.timeout': 15000, 'java.library.path': '/usr/local/lib:/opt/local/lib:/usr/lib', 'logviewer.max.sum.worker.logs.size.mb': 4096, 'task.refresh.poll.secs': 10, 'topology.max.error.report.per.interval': 5, 'topology.worker.logwriter.childopts': '-Xmx64m', 'ui.actions.enabled': True, 'storm.health.check.timeout.ms': 5000, 'topology.scheduler.strategy': 'org.apache.storm.scheduler.resource.strategies.scheduling.DefaultResourceAwareStrategy', 'ui.host': '0.0.0.0', 'storm.messaging.netty.server_worker_threads': 1, 'topology.disruptor.batch.size': 100, 'storm.id': 'spam-5-1473800596', 'supervisor.worker.start.timeout.secs': 120, 'zmq.threads': 1, 'topology.acker.executors': None, 'pacemaker.thread.timeout': 10, 'storm.local.mode.zmq': False, 'topology.eventlogger.executors': 0, 'topology.tick.tuple.freq.secs': 30, 'supervisor.memory.capacity.mb': 3072.0, 'supervisor.worker.shutdown.sleep.secs': 1, 'pacemaker.base.threads': 10, 'drpc.http.creds.plugin': 'org.apache.storm.security.auth.DefaultHttpCredentialsPlugin', 'storm.zookeeper.servers': ['localhost'], 'supervisor.localizer.cache.target.size.mb': 10240, 'storm.messaging.netty.transfer.batch.size': 262144, 'resource.aware.scheduler.eviction.strategy': 'org.apache.storm.scheduler.resource.strategies.eviction.DefaultEvictionStrategy', 'topology.environment': None, 'storm.zookeeper.port': 2181, 'storm.auth.simple-acl.admins': [], 'pacemaker.host': 'localhost', 'nimbus.childopts': '-Xmx1024m', 'storm.principal.tolocal': 'org.apache.storm.security.auth.DefaultPrincipalToLocal', 'storm.nimbus.retry.times': 5, 'topology.classpath': None, 'drpc.authorizer.acl.filename': 'drpc-auth-acl.yaml', 'topology.bolts.outgoing.overflow.buffer.enable': False, 'nimbus.credential.renewers.freq.secs': 600, 'worker.childopts': '-Xmx%HEAP-MEM%m -XX:+PrintGCDetails -Xloggc:artifacts/gc.log -XX:+PrintGCDateStamps -XX:+PrintGCTimeStamps -XX:+UseGCLogFileRotation -XX:NumberOfGCLogFiles=10 -XX:GCLogFileSize=1M -XX:+HeapDumpOnOutOfMemoryError -XX:HeapDumpPath=artifacts/heapdump', 'drpc.queue.size': 128, 'supervisor.blobstore.class': 'org.apache.storm.blobstore.NimbusBlobStore', 'topology.multilang.serializer': 'org.apache.storm.multilang.JsonSerializer', 'storm.zookeeper.retry.times': 5, 'topology.disable.loadaware': False, 'supervisor.run.worker.as.user': False, 'storm.blobstore.replication.factor': 3, 'worker.profiler.childopts': '-XX:+UnlockCommercialFeatures -XX:+FlightRecorder', 'nimbus.thrift.threads': 64, 'nimbus.monitor.freq.secs': 10, 'storm.blobstore.inputstream.buffer.size.bytes': 65536, 'dev.zookeeper.path': '/tmp/dev-storm-zookeeper', 'topology.users': [], 'storm.daemon.metrics.reporter.plugins': ['org.apache.storm.daemon.metrics.reporters.JmxPreparableReporter'], 'storm.exhibitor.poll.uripath': '/exhibitor/v1/cluster/list', 'pacemaker.max.threads': 50, 'drpc.https.keystore.type': 'JKS', 'topology.tasks': None, 'storm.zookeeper.root': '/storm', 'logviewer.childopts': '-Xmx128m', 'topology.max.replication.wait.time.sec': 60, 'worker.gc.childopts': '', 'backpressure.disruptor.low.watermark': 0.4, 'storm.meta.serialization.delegate': 'org.apache.storm.serialization.GzipThriftSerializationDelegate', 'transactional.zookeeper.port': None, 'drpc.max_buffer_size': 1048576, 'topology.worker.childopts': None, 'storm.auth.simple-white-list.users': [], 'topology.max.spout.pending': None, 'nimbus.topology.validator': 'org.apache.storm.nimbus.DefaultTopologyValidator', 'topology.kryo.register': None, 'petrel.host': 'localhost', 'client.blobstore.class': 'org.apache.storm.blobstore.NimbusBlobStore', 'nimbus.cleanup.inbox.freq.secs': 600, 'storm.nimbus.retry.intervalceiling.millis': 60000, 'storm.network.topography.plugin': 'org.apache.storm.networktopography.DefaultRackDNSToSwitchMapping', 'storm.messaging.netty.min_wait_ms': 100, 'nimbus.task.timeout.secs': 30, 'topology.disruptor.batch.timeout.millis': 1, 'topology.state.checkpoint.interval.ms': 1000, 'ui.header.buffer.bytes': 4096, 'nimbus.thrift.max_buffer_size': 1048576, 'ui.http.creds.plugin': 'org.apache.storm.security.auth.DefaultHttpCredentialsPlugin', 'topology.sleep.spout.wait.strategy.time.ms': 1, 'nimbus.blobstore.expiration.secs': 600, 'storm.cluster.mode': 'distributed', 'storm.messaging.netty.socket.backlog': 500, 'worker.profiler.enabled': False, 'nimbus.queue.size': 100000, 'logviewer.appender.name': 'A1', 'drpc.authorizer.acl.strict': False, 'ui.port': 8080, 'supervisor.slots.ports': [6700, 6701, 6702, 6703], 'worker.log.level.reset.poll.secs': 30, 'storm.nimbus.retry.interval.millis': 2000, 'drpc.invocations.port': 3773, 'supervisor.monitor.frequency.secs': 3, 'ui.childopts': '-Xmx768m', 'transactional.zookeeper.servers': None, 'storm.log4j2.conf.dir': 'log4j2', 'supervisor.supervisors': [], 'zmq.linger.millis': 5000, 'topology.error.throttle.interval.secs': 10, 'storm.health.check.dir': 'healthchecks', 'topology.executor.receive.buffer.size': 1024, 'nimbus.impersonation.authorizer': 'org.apache.storm.security.auth.authorizer.ImpersonationAuthorizer', 'topology.submitter.principal': '', 'topology.worker.max.heap.size.mb': 768.0, 'topology.spout.wait.strategy': 'org.apache.storm.spout.SleepSpoutWaitStrategy', 'task.heartbeat.frequency.secs': 3, 'topology.transfer.buffer.size': 1024, 'storm.zookeeper.session.timeout': 20000, 'topology.testing.always.try.serialize': False, 'nimbus.blobstore.class': 'org.apache.storm.blobstore.LocalFsBlobStore', 'topology.stats.sample.rate': 0.05, 'topology.fall.back.on.java.serialization': True, 'storm.exhibitor.port': 8080, 'storm.zookeeper.auth.password': None, 'supervisor.childopts': '-Xmx256m', 'topology.backpressure.enable': True, 'pacemaker.port': 6699, 'topology.enable.message.timeouts': True, 'nimbus.code.sync.freq.secs': 120, 'backpressure.disruptor.high.watermark': 0.9, 'storm.messaging.netty.max_wait_ms': 1000, 'topology.worker.receiver.thread.count': 1, 'topology.component.resources.onheap.memory.mb': 128.0, 'resource.aware.scheduler.priority.strategy': 'org.apache.storm.scheduler.resource.strategies.priority.DefaultSchedulingPriorityStrategy', 'nimbus.supervisor.timeout.secs': 60, 'pacemaker.auth.method': 'NONE', 'drpc.https.port': -1, 'nimbus.inbox.jar.expiration.secs': 3600, 'scheduler.display.resource': False, 'topology.kryo.factory': 'org.apache.storm.serialization.DefaultKryoFactory', 'storm.zookeeper.retry.interval': 1000, 'supervisor.supervisors.commands': [], 'supervisor.localizer.cleanup.interval.ms': 600000, 'storm.messaging.netty.max_retries': 300, 'task.credentials.poll.secs': 30, 'drpc.http.port': 3774, 'storm.messaging.transport': 'org.apache.storm.messaging.netty.Context', 'supervisor.enable': True, 'nimbus.task.launch.secs': 120, 'supervisor.blobstore.download.thread.count': 5, 'topology.message.timeout.secs': 30, 'oauth.acess_token_secret': 'IiNOTfgE3tEZvW2HDQhRKPMoOLU43NXJCXk8maj51SdAT', 'storm.messaging.netty.authentication': False, 'petrel.user': 'pipe', 'drpc.port': 3772, 'storm.messaging.netty.buffer_size': 5242880, 'topology.state.synchronization.timeout.secs': 60, 'worker.heap.memory.mb': 768, 'topology.name': 'spam', 'topology.priority': 29, 'supervisor.worker.timeout.secs': 30, 'ui.filter': None, 'topology.trident.batch.emit.interval.millis': 500, 'topology.max.task.parallelism': None, 'supervisor.cpu.capacity': 400.0, 'topology.submitter.user': 'root', 'logviewer.max.per.worker.logs.size.mb': 2048, 'nimbus.host': 'localhost', 'topology.builtin.metrics.bucket.size.secs': 60, 'topology.component.cpu.pcore.percent': 10.0, 'ui.users': None, 'storm.thrift.transport': 'org.apache.storm.security.auth.SimpleTransportPlugin', 'logs.users': None, 'logviewer.port': 8000, 'oauth.consumer_key': 'eaFmBSxUveRJfmyZYeabti9Q9', 'topology.kryo.decorators': [], 'topology.debug': False, 'storm.zookeeper.auth.user': None}, 'context': {'task->component': {'11': '__acker', '10': 'WordDivider', '1': 'CountThreeWords', '3': 'CountTwoWords', '2': 'CountThreeWords', '5': 'CountWord', '4': 'CountTwoWords', '7': 'KafkaConsumer', '6': 'CountWord', '9': 'TwoWordDivider', '8': 'ThreeWordDivider'}, 'stream->target->grouping': {'default': {'WordDivider': {'type': 'SHUFFLE'}, 'ThreeWordDivider': {'type': 'SHUFFLE'}, 'TwoWordDivider': {'type': 'SHUFFLE'}}}, 'source->stream->fields': {}, 'streams': ['default'], 'stream->outputfields': {'default': ['sentence', 'user']}, 'taskid': 7, 'source->stream->grouping': {}, 'componentid': 'KafkaConsumer'}}
[2016-09-14 02:34:06,812][storm][INFO]Task sent pid to Storm
[2016-09-14 02:34:06,923][kafka.conn][INFO]Broker version identifed as 0.10
[2016-09-14 02:34:06,923][kafka.conn][INFO]Set configuration api_version=(0, 10) to skip auto check_version requests on startup
[2016-09-14 02:34:06,935][kafka.consumer.subscription_state][INFO]Updating subscribed topics to: ['spamtopic']
[2016-09-14 02:34:06,937][kafka.cluster][INFO]Group coordinator for kafka-python-default-group is BrokerMetadata(nodeId=0, host=u'localhost', port=9092, rack=None)
[2016-09-14 02:34:06,937][kafka.coordinator][INFO]Discovered coordinator 0 for group kafka-python-default-group
[2016-09-14 02:34:06,937][kafka.coordinator.consumer][INFO]Revoking previously assigned partitions set([]) for group kafka-python-default-group
[2016-09-14 02:34:06,937][kafka.coordinator][INFO](Re-)joining group kafka-python-default-group
[2016-09-14 02:34:31,310][kafka.coordinator][INFO]Joined group 'kafka-python-default-group' (generation 667) with member_id kafka-python-1.3.1-fc23c7e4-22c1-4f5e-a680-2b8e4748918d
[2016-09-14 02:34:31,312][kafka.coordinator][INFO]Successfully joined group kafka-python-default-group with generation 667
[2016-09-14 02:34:31,312][kafka.consumer.subscription_state][INFO]Updated partition assignment: [TopicPartition(topic=u'spamtopic', partition=0)]
[2016-09-14 02:34:31,313][kafka.coordinator.consumer][INFO]Setting newly assigned partitions set([TopicPartition(topic=u'spamtopic', partition=0)]) for group kafka-python-default-group
[2016-09-14 02:34:34,321][kafka.coordinator][WARNING]Heartbeat failed for group kafka-python-default-group because it is rebalancing
[2016-09-14 02:34:34,321][kafka.coordinator][WARNING]Heartbeat failed ([Error 27] RebalanceInProgressError: ); retrying
[2016-09-14 02:34:34,423][kafka.coordinator][INFO]Skipping heartbeat: no auto-assignment or waiting on rebalance
[2016-09-14 02:34:34,823][kafka.coordinator.consumer][INFO]Revoking previously assigned partitions set([TopicPartition(topic=u'spamtopic', partition=0)]) for group kafka-python-default-group
[2016-09-14 02:34:34,823][kafka.coordinator][INFO](Re-)joining group kafka-python-default-group
[2016-09-14 02:34:34,824][kafka.coordinator][INFO]Joined group 'kafka-python-default-group' (generation 668) with member_id kafka-python-1.3.1-fc23c7e4-22c1-4f5e-a680-2b8e4748918d
[2016-09-14 02:34:34,829][kafka.coordinator][INFO]Successfully joined group kafka-python-default-group with generation 668
[2016-09-14 02:34:34,830][kafka.consumer.subscription_state][INFO]Updated partition assignment: [TopicPartition(topic=u'spamtopic', partition=0)]
[2016-09-14 02:34:34,830][kafka.coordinator.consumer][INFO]Setting newly assigned partitions set([TopicPartition(topic=u'spamtopic', partition=0)]) for group kafka-python-default-group
[2016-09-14 02:34:37,838][kafka.coordinator][WARNING]Heartbeat failed for group kafka-python-default-group because it is rebalancing
[2016-09-14 02:34:37,838][kafka.coordinator][WARNING]Heartbeat failed ([Error 27] RebalanceInProgressError: ); retrying
[2016-09-14 02:34:37,940][kafka.coordinator][INFO]Skipping heartbeat: no auto-assignment or waiting on rebalance
[2016-09-14 02:34:38,341][kafka.coordinator.consumer][INFO]Revoking previously assigned partitions set([TopicPartition(topic=u'spamtopic', partition=0)]) for group kafka-python-default-group
[2016-09-14 02:34:38,341][kafka.coordinator][INFO](Re-)joining group kafka-python-default-group
[2016-09-14 02:34:38,342][kafka.coordinator][INFO]Joined group 'kafka-python-default-group' (generation 669) with member_id kafka-python-1.3.1-fc23c7e4-22c1-4f5e-a680-2b8e4748918d
[2016-09-14 02:34:38,344][kafka.coordinator][INFO]Successfully joined group kafka-python-default-group with generation 669
[2016-09-14 02:34:38,344][kafka.consumer.subscription_state][INFO]Updated partition assignment: [TopicPartition(topic=u'spamtopic', partition=0)]
[2016-09-14 02:34:38,344][kafka.coordinator.consumer][INFO]Setting newly assigned partitions set([TopicPartition(topic=u'spamtopic', partition=0)]) for group kafka-python-default-group
[2016-09-14 02:34:41,354][kafka.coordinator][WARNING]Heartbeat failed for group kafka-python-default-group because it is rebalancing
[2016-09-14 02:34:41,354][kafka.coordinator][WARNING]Heartbeat failed ([Error 27] RebalanceInProgressError: ); retrying
[2016-09-14 02:34:41,455][kafka.coordinator][INFO]Skipping heartbeat: no auto-assignment or waiting on rebalance
[2016-09-14 02:34:41,857][kafka.coordinator.consumer][INFO]Revoking previously assigned partitions set([TopicPartition(topic=u'spamtopic', partition=0)]) for group kafka-python-default-group
[2016-09-14 02:34:41,857][kafka.coordinator][INFO](Re-)joining group kafka-python-default-group
[2016-09-14 02:34:41,858][kafka.coordinator][INFO]Joined group 'kafka-python-default-group' (generation 670) with member_id kafka-python-1.3.1-fc23c7e4-22c1-4f5e-a680-2b8e4748918d
[2016-09-14 02:34:41,860][kafka.coordinator][INFO]Successfully joined group kafka-python-default-group with generation 670
[2016-09-14 02:34:41,860][kafka.consumer.subscription_state][INFO]Updated partition assignment: [TopicPartition(topic=u'spamtopic', partition=0)]
[2016-09-14 02:34:41,861][kafka.coordinator.consumer][INFO]Setting newly assigned partitions set([TopicPartition(topic=u'spamtopic', partition=0)]) for group kafka-python-default-group
[2016-09-14 02:34:44,872][kafka.coordinator][WARNING]Heartbeat failed for group kafka-python-default-group because it is rebalancing
[2016-09-14 02:34:44,872][kafka.coordinator][WARNING]Heartbeat failed ([Error 27] RebalanceInProgressError: ); retrying
[2016-09-14 02:34:44,973][kafka.coordinator][INFO]Skipping heartbeat: no auto-assignment or waiting on rebalance
[2016-09-14 02:34:45,374][kafka.coordinator.consumer][INFO]Revoking previously assigned partitions set([TopicPartition(topic=u'spamtopic', partition=0)]) for group kafka-python-default-group
[2016-09-14 02:34:45,374][kafka.coordinator][INFO](Re-)joining group kafka-python-default-group
[2016-09-14 02:34:45,375][kafka.coordinator][INFO]Joined group 'kafka-python-default-group' (generation 671) with member_id kafka-python-1.3.1-fc23c7e4-22c1-4f5e-a680-2b8e4748918d
[2016-09-14 02:34:45,377][kafka.coordinator][INFO]Successfully joined group kafka-python-default-group with generation 671
[2016-09-14 02:34:45,377][kafka.consumer.subscription_state][INFO]Updated partition assignment: [TopicPartition(topic=u'spamtopic', partition=0)]
[2016-09-14 02:34:45,378][kafka.coordinator.consumer][INFO]Setting newly assigned partitions set([TopicPartition(topic=u'spamtopic', partition=0)]) for group kafka-python-default-group
[2016-09-14 02:34:48,388][kafka.coordinator][WARNING]Heartbeat failed for group kafka-python-default-group because it is rebalancing
[2016-09-14 02:34:48,388][kafka.coordinator][WARNING]Heartbeat failed ([Error 27] RebalanceInProgressError: ); retrying
[2016-09-14 02:34:48,489][kafka.coordinator][INFO]Skipping heartbeat: no auto-assignment or waiting on rebalance
[2016-09-14 02:34:48,889][kafka.coordinator.consumer][INFO]Revoking previously assigned partitions set([TopicPartition(topic=u'spamtopic', partition=0)]) for group kafka-python-default-group
[2016-09-14 02:34:48,889][kafka.coordinator][INFO](Re-)joining group kafka-python-default-group
[2016-09-14 02:34:48,891][kafka.coordinator][INFO]Joined group 'kafka-python-default-group' (generation 672) with member_id kafka-python-1.3.1-fc23c7e4-22c1-4f5e-a680-2b8e4748918d
[2016-09-14 02:34:48,893][kafka.coordinator][INFO]Successfully joined group kafka-python-default-group with generation 672
[2016-09-14 02:34:48,893][kafka.consumer.subscription_state][INFO]Updated partition assignment: [TopicPartition(topic=u'spamtopic', partition=0)]
[2016-09-14 02:34:48,894][kafka.coordinator.consumer][INFO]Setting newly assigned partitions set([TopicPartition(topic=u'spamtopic', partition=0)]) for group kafka-python-default-group
[2016-09-14 02:34:51,905][kafka.coordinator][WARNING]Heartbeat failed for group kafka-python-default-group because it is rebalancing
[2016-09-14 02:34:51,905][kafka.coordinator][WARNING]Heartbeat failed ([Error 27] RebalanceInProgressError: ); retrying
[2016-09-14 02:34:52,006][kafka.coordinator][INFO]Skipping heartbeat: no auto-assignment or waiting on rebalance
[2016-09-14 02:34:52,407][kafka.coordinator.consumer][INFO]Revoking previously assigned partitions set([TopicPartition(topic=u'spamtopic', partition=0)]) for group kafka-python-default-group
[2016-09-14 02:34:52,408][kafka.coordinator][INFO](Re-)joining group kafka-python-default-group
[2016-09-14 02:34:52,410][kafka.coordinator][INFO]Joined group 'kafka-python-default-group' (generation 673) with member_id kafka-python-1.3.1-fc23c7e4-22c1-4f5e-a680-2b8e4748918d
[2016-09-14 02:34:52,416][kafka.coordinator][INFO]Successfully joined group kafka-python-default-group with generation 673
[2016-09-14 02:34:52,416][kafka.consumer.subscription_state][INFO]Updated partition assignment: [TopicPartition(topic=u'spamtopic', partition=0)]
[2016-09-14 02:34:52,416][kafka.coordinator.consumer][INFO]Setting newly assigned partitions set([TopicPartition(topic=u'spamtopic', partition=0)]) for group kafka-python-default-group
[2016-09-14 02:34:55,424][kafka.coordinator][WARNING]Heartbeat failed for group kafka-python-default-group because it is rebalancing
[2016-09-14 02:34:55,424][kafka.coordinator][WARNING]Heartbeat failed ([Error 27] RebalanceInProgressError: ); retrying
[2016-09-14 02:34:55,525][kafka.coordinator][INFO]Skipping heartbeat: no auto-assignment or waiting on rebalance
[2016-09-14 02:34:55,926][kafka.coordinator.consumer][INFO]Revoking previously assigned partitions set([TopicPartition(topic=u'spamtopic', partition=0)]) for group kafka-python-default-group
[2016-09-14 02:34:55,926][kafka.coordinator][INFO](Re-)joining group kafka-python-default-group
[2016-09-14 02:34:55,929][kafka.coordinator][INFO]Joined group 'kafka-python-default-group' (generation 674) with member_id kafka-python-1.3.1-fc23c7e4-22c1-4f5e-a680-2b8e4748918d
[2016-09-14 02:34:55,932][kafka.coordinator][INFO]Successfully joined group kafka-python-default-group with generation 674
[2016-09-14 02:34:55,932][kafka.consumer.subscription_state][INFO]Updated partition assignment: [TopicPartition(topic=u'spamtopic', partition=0)]
[2016-09-14 02:34:55,932][kafka.coordinator.consumer][INFO]Setting newly assigned partitions set([TopicPartition(topic=u'spamtopic', partition=0)]) for group kafka-python-default-group
[2016-09-14 02:34:58,944][kafka.coordinator][WARNING]Heartbeat failed for group kafka-python-default-group because it is rebalancing
[2016-09-14 02:34:58,944][kafka.coordinator][WARNING]Heartbeat failed ([Error 27] RebalanceInProgressError: ); retrying
[2016-09-14 02:34:59,045][kafka.coordinator][INFO]Skipping heartbeat: no auto-assignment or waiting on rebalance
[2016-09-14 02:34:59,446][kafka.coordinator.consumer][INFO]Revoking previously assigned partitions set([TopicPartition(topic=u'spamtopic', partition=0)]) for group kafka-python-default-group
[2016-09-14 02:34:59,446][kafka.coordinator][INFO](Re-)joining group kafka-python-default-group
[2016-09-14 02:34:59,449][kafka.coordinator][INFO]Joined group 'kafka-python-default-group' (generation 675) with member_id kafka-python-1.3.1-fc23c7e4-22c1-4f5e-a680-2b8e4748918d
[2016-09-14 02:34:59,451][kafka.coordinator][INFO]Successfully joined group kafka-python-default-group with generation 675
[2016-09-14 02:34:59,452][kafka.consumer.subscription_state][INFO]Updated partition assignment: [TopicPartition(topic=u'spamtopic', partition=0)]
[2016-09-14 02:34:59,452][kafka.coordinator.consumer][INFO]Setting newly assigned partitions set([TopicPartition(topic=u'spamtopic', partition=0)]) for group kafka-python-default-group
[2016-09-14 02:35:02,463][kafka.coordinator][WARNING]Heartbeat failed for group kafka-python-default-group because it is rebalancing
[2016-09-14 02:35:02,463][kafka.coordinator][WARNING]Heartbeat failed ([Error 27] RebalanceInProgressError: ); retrying
[2016-09-14 02:35:02,564][kafka.coordinator][INFO]Skipping heartbeat: no auto-assignment or waiting on rebalance
[2016-09-14 02:35:02,964][kafka.coordinator.consumer][INFO]Revoking previously assigned partitions set([TopicPartition(topic=u'spamtopic', partition=0)]) for group kafka-python-default-group
[2016-09-14 02:35:02,964][kafka.coordinator][INFO](Re-)joining group kafka-python-default-group
[2016-09-14 02:35:02,967][kafka.coordinator][INFO]Joined group 'kafka-python-default-group' (generation 676) with member_id kafka-python-1.3.1-fc23c7e4-22c1-4f5e-a680-2b8e4748918d
[2016-09-14 02:35:02,969][kafka.coordinator][INFO]Successfully joined group kafka-python-default-group with generation 676
[2016-09-14 02:35:02,970][kafka.consumer.subscription_state][INFO]Updated partition assignment: [TopicPartition(topic=u'spamtopic', partition=0)]
[2016-09-14 02:35:02,970][kafka.coordinator.consumer][INFO]Setting newly assigned partitions set([TopicPartition(topic=u'spamtopic', partition=0)]) for group kafka-python-default-group
[2016-09-14 02:35:05,981][kafka.coordinator][WARNING]Heartbeat failed for group kafka-python-default-group because it is rebalancing
[2016-09-14 02:35:05,981][kafka.coordinator][WARNING]Heartbeat failed ([Error 27] RebalanceInProgressError: ); retrying
[2016-09-14 02:35:06,082][kafka.coordinator][INFO]Skipping heartbeat: no auto-assignment or waiting on rebalance
[2016-09-14 02:35:06,484][kafka.coordinator.consumer][INFO]Revoking previously assigned partitions set([TopicPartition(topic=u'spamtopic', partition=0)]) for group kafka-python-default-group
[2016-09-14 02:35:06,484][kafka.coordinator][INFO](Re-)joining group kafka-python-default-group
[2016-09-14 02:35:06,486][kafka.coordinator][INFO]Joined group 'kafka-python-default-group' (generation 677) with member_id kafka-python-1.3.1-fc23c7e4-22c1-4f5e-a680-2b8e4748918d
[2016-09-14 02:35:06,488][kafka.coordinator][INFO]Successfully joined group kafka-python-default-group with generation 677
[2016-09-14 02:35:06,488][kafka.consumer.subscription_state][INFO]Updated partition assignment: [TopicPartition(topic=u'spamtopic', partition=0)]
[2016-09-14 02:35:06,488][kafka.coordinator.consumer][INFO]Setting newly assigned partitions set([TopicPartition(topic=u'spamtopic', partition=0)]) for group kafka-python-default-group
[2016-09-14 02:35:09,499][kafka.coordinator][WARNING]Heartbeat failed for group kafka-python-default-group because it is rebalancing
[2016-09-14 02:35:09,499][kafka.coordinator][WARNING]Heartbeat failed ([Error 27] RebalanceInProgressError: ); retrying
[2016-09-14 02:35:09,600][kafka.coordinator][INFO]Skipping heartbeat: no auto-assignment or waiting on rebalance
[2016-09-14 02:35:10,001][kafka.coordinator.consumer][INFO]Revoking previously assigned partitions set([TopicPartition(topic=u'spamtopic', partition=0)]) for group kafka-python-default-group
[2016-09-14 02:35:10,001][kafka.coordinator][INFO](Re-)joining group kafka-python-default-group
[2016-09-14 02:35:10,003][kafka.coordinator][INFO]Joined group 'kafka-python-default-group' (generation 678) with member_id kafka-python-1.3.1-fc23c7e4-22c1-4f5e-a680-2b8e4748918d
[2016-09-14 02:35:10,005][kafka.coordinator][INFO]Successfully joined group kafka-python-default-group with generation 678
[2016-09-14 02:35:10,005][kafka.consumer.subscription_state][INFO]Updated partition assignment: [TopicPartition(topic=u'spamtopic', partition=0)]
[2016-09-14 02:35:10,005][kafka.coordinator.consumer][INFO]Setting newly assigned partitions set([TopicPartition(topic=u'spamtopic', partition=0)]) for group kafka-python-default-group
[2016-09-14 02:35:13,014][kafka.coordinator][WARNING]Heartbeat failed for group kafka-python-default-group because it is rebalancing
[2016-09-14 02:35:13,015][kafka.coordinator][WARNING]Heartbeat failed ([Error 27] RebalanceInProgressError: ); retrying
[2016-09-14 02:35:13,116][kafka.coordinator][INFO]Skipping heartbeat: no auto-assignment or waiting on rebalance
[2016-09-14 02:35:13,516][kafka.coordinator.consumer][INFO]Revoking previously assigned partitions set([TopicPartition(topic=u'spamtopic', partition=0)]) for group kafka-python-default-group
[2016-09-14 02:35:13,516][kafka.coordinator][INFO](Re-)joining group kafka-python-default-group
[2016-09-14 02:35:13,518][kafka.coordinator][INFO]Joined group 'kafka-python-default-group' (generation 679) with member_id kafka-python-1.3.1-fc23c7e4-22c1-4f5e-a680-2b8e4748918d
[2016-09-14 02:35:13,520][kafka.coordinator][INFO]Successfully joined group kafka-python-default-group with generation 679
[2016-09-14 02:35:13,521][kafka.consumer.subscription_state][INFO]Updated partition assignment: [TopicPartition(topic=u'spamtopic', partition=0)]
[2016-09-14 02:35:13,521][kafka.coordinator.consumer][INFO]Setting newly assigned partitions set([TopicPartition(topic=u'spamtopic', partition=0)]) for group kafka-python-default-group
[2016-09-14 02:35:16,531][kafka.coordinator][WARNING]Heartbeat failed for group kafka-python-default-group because it is rebalancing
[2016-09-14 02:35:16,531][kafka.coordinator][WARNING]Heartbeat failed ([Error 27] RebalanceInProgressError: ); retrying
[2016-09-14 02:35:16,632][kafka.coordinator][INFO]Skipping heartbeat: no auto-assignment or waiting on rebalance
[2016-09-14 02:35:17,032][kafka.coordinator.consumer][INFO]Revoking previously assigned partitions set([TopicPartition(topic=u'spamtopic', partition=0)]) for group kafka-python-default-group
[2016-09-14 02:35:17,032][kafka.coordinator][INFO](Re-)joining group kafka-python-default-group
[2016-09-14 02:35:17,036][kafka.coordinator][INFO]Joined group 'kafka-python-default-group' (generation 680) with member_id kafka-python-1.3.1-fc23c7e4-22c1-4f5e-a680-2b8e4748918d
[2016-09-14 02:35:17,037][kafka.coordinator][INFO]Successfully joined group kafka-python-default-group with generation 680
[2016-09-14 02:35:17,038][kafka.consumer.subscription_state][INFO]Updated partition assignment: [TopicPartition(topic=u'spamtopic', partition=0)]
[2016-09-14 02:35:17,038][kafka.coordinator.consumer][INFO]Setting newly assigned partitions set([TopicPartition(topic=u'spamtopic', partition=0)]) for group kafka-python-default-group
[2016-09-14 02:35:20,049][kafka.coordinator][WARNING]Heartbeat failed for group kafka-python-default-group because it is rebalancing
[2016-09-14 02:35:20,049][kafka.coordinator][WARNING]Heartbeat failed ([Error 27] RebalanceInProgressError: ); retrying
[2016-09-14 02:35:20,150][kafka.coordinator][INFO]Skipping heartbeat: no auto-assignment or waiting on rebalance
[2016-09-14 02:35:20,552][kafka.coordinator.consumer][INFO]Revoking previously assigned partitions set([TopicPartition(topic=u'spamtopic', partition=0)]) for group kafka-python-default-group
[2016-09-14 02:35:20,552][kafka.coordinator][INFO](Re-)joining group kafka-python-default-group
[2016-09-14 02:35:20,558][kafka.coordinator][INFO]Joined group 'kafka-python-default-group' (generation 681) with member_id kafka-python-1.3.1-fc23c7e4-22c1-4f5e-a680-2b8e4748918d
[2016-09-14 02:35:20,561][kafka.coordinator][INFO]Successfully joined group kafka-python-default-group with generation 681
[2016-09-14 02:35:20,561][kafka.consumer.subscription_state][INFO]Updated partition assignment: [TopicPartition(topic=u'spamtopic', partition=0)]
[2016-09-14 02:35:20,561][kafka.coordinator.consumer][INFO]Setting newly assigned partitions set([TopicPartition(topic=u'spamtopic', partition=0)]) for group kafka-python-default-group
[2016-09-14 02:35:23,589][kafka.coordinator][WARNING]Heartbeat failed for group kafka-python-default-group because it is rebalancing
[2016-09-14 02:35:23,589][kafka.coordinator][WARNING]Heartbeat failed ([Error 27] RebalanceInProgressError: ); retrying
[2016-09-14 02:35:23,691][kafka.coordinator][INFO]Skipping heartbeat: no auto-assignment or waiting on rebalance
[2016-09-14 02:35:24,091][kafka.coordinator.consumer][INFO]Revoking previously assigned partitions set([TopicPartition(topic=u'spamtopic', partition=0)]) for group kafka-python-default-group
[2016-09-14 02:35:24,092][kafka.coordinator][INFO](Re-)joining group kafka-python-default-group
[2016-09-14 02:35:24,093][kafka.coordinator][INFO]Joined group 'kafka-python-default-group' (generation 682) with member_id kafka-python-1.3.1-fc23c7e4-22c1-4f5e-a680-2b8e4748918d
[2016-09-14 02:35:24,095][kafka.coordinator][INFO]Successfully joined group kafka-python-default-group with generation 682
[2016-09-14 02:35:24,096][kafka.consumer.subscription_state][INFO]Updated partition assignment: [TopicPartition(topic=u'spamtopic', partition=0)]
[2016-09-14 02:35:24,096][kafka.coordinator.consumer][INFO]Setting newly assigned partitions set([TopicPartition(topic=u'spamtopic', partition=0)]) for group kafka-python-default-group
[2016-09-14 02:35:27,106][kafka.coordinator][WARNING]Heartbeat failed for group kafka-python-default-group because it is rebalancing
[2016-09-14 02:35:27,107][kafka.coordinator][WARNING]Heartbeat failed ([Error 27] RebalanceInProgressError: ); retrying
[2016-09-14 02:35:27,208][kafka.coordinator][INFO]Skipping heartbeat: no auto-assignment or waiting on rebalance
[2016-09-14 02:35:27,614][kafka.coordinator.consumer][INFO]Revoking previously assigned partitions set([TopicPartition(topic=u'spamtopic', partition=0)]) for group kafka-python-default-group
[2016-09-14 02:35:27,614][kafka.coordinator][INFO](Re-)joining group kafka-python-default-group
[2016-09-14 02:35:27,624][kafka.coordinator][INFO]Joined group 'kafka-python-default-group' (generation 683) with member_id kafka-python-1.3.1-fc23c7e4-22c1-4f5e-a680-2b8e4748918d
[2016-09-14 02:35:27,625][kafka.coordinator][INFO]Successfully joined group kafka-python-default-group with generation 683
[2016-09-14 02:35:27,625][kafka.consumer.subscription_state][INFO]Updated partition assignment: [TopicPartition(topic=u'spamtopic', partition=0)]
[2016-09-14 02:35:27,626][kafka.coordinator.consumer][INFO]Setting newly assigned partitions set([TopicPartition(topic=u'spamtopic', partition=0)]) for group kafka-python-default-group
[2016-09-14 02:35:30,636][kafka.coordinator][WARNING]Heartbeat failed for group kafka-python-default-group because it is rebalancing
[2016-09-14 02:35:30,637][kafka.coordinator][WARNING]Heartbeat failed ([Error 27] RebalanceInProgressError: ); retrying
[2016-09-14 02:35:30,738][kafka.coordinator][INFO]Skipping heartbeat: no auto-assignment or waiting on rebalance
[2016-09-14 02:35:31,140][kafka.coordinator.consumer][INFO]Revoking previously assigned partitions set([TopicPartition(topic=u'spamtopic', partition=0)]) for group kafka-python-default-group
[2016-09-14 02:35:31,141][kafka.coordinator][INFO](Re-)joining group kafka-python-default-group
[2016-09-14 02:35:31,142][kafka.coordinator][INFO]Joined group 'kafka-python-default-group' (generation 684) with member_id kafka-python-1.3.1-fc23c7e4-22c1-4f5e-a680-2b8e4748918d
[2016-09-14 02:35:31,144][kafka.coordinator][INFO]Successfully joined group kafka-python-default-group with generation 684
[2016-09-14 02:35:31,144][kafka.consumer.subscription_state][INFO]Updated partition assignment: [TopicPartition(topic=u'spamtopic', partition=0)]
[2016-09-14 02:35:31,144][kafka.coordinator.consumer][INFO]Setting newly assigned partitions set([TopicPartition(topic=u'spamtopic', partition=0)]) for group kafka-python-default-group
[2016-09-14 02:35:34,154][kafka.coordinator][WARNING]Heartbeat failed for group kafka-python-default-group because it is rebalancing
[2016-09-14 02:35:34,154][kafka.coordinator][WARNING]Heartbeat failed ([Error 27] RebalanceInProgressError: ); retrying
[2016-09-14 02:35:34,256][kafka.coordinator][INFO]Skipping heartbeat: no auto-assignment or waiting on rebalance
[2016-09-14 02:35:34,657][kafka.coordinator.consumer][INFO]Revoking previously assigned partitions set([TopicPartition(topic=u'spamtopic', partition=0)]) for group kafka-python-default-group
[2016-09-14 02:35:34,657][kafka.coordinator][INFO](Re-)joining group kafka-python-default-group
[2016-09-14 02:35:34,660][kafka.coordinator][INFO]Joined group 'kafka-python-default-group' (generation 685) with member_id kafka-python-1.3.1-fc23c7e4-22c1-4f5e-a680-2b8e4748918d
[2016-09-14 02:35:34,662][kafka.coordinator][INFO]Successfully joined group kafka-python-default-group with generation 685
[2016-09-14 02:35:34,662][kafka.consumer.subscription_state][INFO]Updated partition assignment: [TopicPartition(topic=u'spamtopic', partition=0)]
[2016-09-14 02:35:34,662][kafka.coordinator.consumer][INFO]Setting newly assigned partitions set([TopicPartition(topic=u'spamtopic', partition=0)]) for group kafka-python-default-group
[2016-09-14 02:35:37,672][kafka.coordinator][WARNING]Heartbeat failed for group kafka-python-default-group because it is rebalancing
[2016-09-14 02:35:37,673][kafka.coordinator][WARNING]Heartbeat failed ([Error 27] RebalanceInProgressError: ); retrying
[2016-09-14 02:35:37,774][kafka.coordinator][INFO]Skipping heartbeat: no auto-assignment or waiting on rebalance
[2016-09-14 02:35:38,174][kafka.coordinator.consumer][INFO]Revoking previously assigned partitions set([TopicPartition(topic=u'spamtopic', partition=0)]) for group kafka-python-default-group
[2016-09-14 02:35:38,174][kafka.coordinator][INFO](Re-)joining group kafka-python-default-group
[2016-09-14 02:35:38,177][kafka.coordinator][INFO]Joined group 'kafka-python-default-group' (generation 686) with member_id kafka-python-1.3.1-fc23c7e4-22c1-4f5e-a680-2b8e4748918d
[2016-09-14 02:35:38,179][kafka.coordinator][INFO]Successfully joined group kafka-python-default-group with generation 686
[2016-09-14 02:35:38,179][kafka.consumer.subscription_state][INFO]Updated partition assignment: [TopicPartition(topic=u'spamtopic', partition=0)]
[2016-09-14 02:35:38,179][kafka.coordinator.consumer][INFO]Setting newly assigned partitions set([TopicPartition(topic=u'spamtopic', partition=0)]) for group kafka-python-default-group
[2016-09-14 02:35:41,191][kafka.coordinator][WARNING]Heartbeat failed for group kafka-python-default-group because it is rebalancing
[2016-09-14 02:35:41,191][kafka.coordinator][WARNING]Heartbeat failed ([Error 27] RebalanceInProgressError: ); retrying
[2016-09-14 02:35:41,292][kafka.coordinator][INFO]Skipping heartbeat: no auto-assignment or waiting on rebalance
[2016-09-14 02:35:41,694][kafka.coordinator.consumer][INFO]Revoking previously assigned partitions set([TopicPartition(topic=u'spamtopic', partition=0)]) for group kafka-python-default-group
[2016-09-14 02:35:41,694][kafka.coordinator][INFO](Re-)joining group kafka-python-default-group
[2016-09-14 02:35:41,698][kafka.coordinator][INFO]Joined group 'kafka-python-default-group' (generation 687) with member_id kafka-python-1.3.1-fc23c7e4-22c1-4f5e-a680-2b8e4748918d
[2016-09-14 02:35:41,699][kafka.coordinator][INFO]Successfully joined group kafka-python-default-group with generation 687
[2016-09-14 02:35:41,699][kafka.consumer.subscription_state][INFO]Updated partition assignment: [TopicPartition(topic=u'spamtopic', partition=0)]
[2016-09-14 02:35:41,700][kafka.coordinator.consumer][INFO]Setting newly assigned partitions set([TopicPartition(topic=u'spamtopic', partition=0)]) for group kafka-python-default-group
[2016-09-14 02:35:44,709][kafka.coordinator][WARNING]Heartbeat failed for group kafka-python-default-group because it is rebalancing
[2016-09-14 02:35:44,709][kafka.coordinator][WARNING]Heartbeat failed ([Error 27] RebalanceInProgressError: ); retrying
[2016-09-14 02:35:44,810][kafka.coordinator][INFO]Skipping heartbeat: no auto-assignment or waiting on rebalance
[2016-09-14 02:35:45,210][kafka.coordinator.consumer][INFO]Revoking previously assigned partitions set([TopicPartition(topic=u'spamtopic', partition=0)]) for group kafka-python-default-group
[2016-09-14 02:35:45,210][kafka.coordinator][INFO](Re-)joining group kafka-python-default-group
[2016-09-14 02:35:45,214][kafka.coordinator][INFO]Joined group 'kafka-python-default-group' (generation 688) with member_id kafka-python-1.3.1-fc23c7e4-22c1-4f5e-a680-2b8e4748918d
[2016-09-14 02:35:45,218][kafka.coordinator][INFO]Successfully joined group kafka-python-default-group with generation 688
[2016-09-14 02:35:45,218][kafka.consumer.subscription_state][INFO]Updated partition assignment: [TopicPartition(topic=u'spamtopic', partition=0)]
[2016-09-14 02:35:45,218][kafka.coordinator.consumer][INFO]Setting newly assigned partitions set([TopicPartition(topic=u'spamtopic', partition=0)]) for group kafka-python-default-group
[2016-09-14 02:35:48,228][kafka.coordinator][WARNING]Heartbeat failed for group kafka-python-default-group because it is rebalancing
[2016-09-14 02:35:48,228][kafka.coordinator][WARNING]Heartbeat failed ([Error 27] RebalanceInProgressError: ); retrying
[2016-09-14 02:35:48,330][kafka.coordinator][INFO]Skipping heartbeat: no auto-assignment or waiting on rebalance
[2016-09-14 02:35:48,731][kafka.coordinator.consumer][INFO]Revoking previously assigned partitions set([TopicPartition(topic=u'spamtopic', partition=0)]) for group kafka-python-default-group
[2016-09-14 02:35:48,731][kafka.coordinator][INFO](Re-)joining group kafka-python-default-group
[2016-09-14 02:35:48,732][kafka.coordinator][INFO]Joined group 'kafka-python-default-group' (generation 689) with member_id kafka-python-1.3.1-fc23c7e4-22c1-4f5e-a680-2b8e4748918d
[2016-09-14 02:35:48,734][kafka.coordinator][INFO]Successfully joined group kafka-python-default-group with generation 689
[2016-09-14 02:35:48,734][kafka.consumer.subscription_state][INFO]Updated partition assignment: [TopicPartition(topic=u'spamtopic', partition=0)]
[2016-09-14 02:35:48,735][kafka.coordinator.consumer][INFO]Setting newly assigned partitions set([TopicPartition(topic=u'spamtopic', partition=0)]) for group kafka-python-default-group
[2016-09-14 02:35:51,746][kafka.coordinator][WARNING]Heartbeat failed for group kafka-python-default-group because it is rebalancing
[2016-09-14 02:35:51,746][kafka.coordinator][WARNING]Heartbeat failed ([Error 27] RebalanceInProgressError: ); retrying
[2016-09-14 02:35:51,847][kafka.coordinator][INFO]Skipping heartbeat: no auto-assignment or waiting on rebalance
[2016-09-14 02:35:52,248][kafka.coordinator.consumer][INFO]Revoking previously assigned partitions set([TopicPartition(topic=u'spamtopic', partition=0)]) for group kafka-python-default-group
[2016-09-14 02:35:52,249][kafka.coordinator][INFO](Re-)joining group kafka-python-default-group
[2016-09-14 02:35:52,251][kafka.coordinator][INFO]Joined group 'kafka-python-default-group' (generation 690) with member_id kafka-python-1.3.1-fc23c7e4-22c1-4f5e-a680-2b8e4748918d
[2016-09-14 02:35:52,253][kafka.coordinator][INFO]Successfully joined group kafka-python-default-group with generation 690
[2016-09-14 02:35:52,253][kafka.consumer.subscription_state][INFO]Updated partition assignment: [TopicPartition(topic=u'spamtopic', partition=0)]
[2016-09-14 02:35:52,253][kafka.coordinator.consumer][INFO]Setting newly assigned partitions set([TopicPartition(topic=u'spamtopic', partition=0)]) for group kafka-python-default-group
[2016-09-14 02:35:55,265][kafka.coordinator][WARNING]Heartbeat failed for group kafka-python-default-group because it is rebalancing
[2016-09-14 02:35:55,265][kafka.coordinator][WARNING]Heartbeat failed ([Error 27] RebalanceInProgressError: ); retrying
[2016-09-14 02:35:55,366][kafka.coordinator][INFO]Skipping heartbeat: no auto-assignment or waiting on rebalance
[2016-09-14 02:35:55,766][kafka.coordinator.consumer][INFO]Revoking previously assigned partitions set([TopicPartition(topic=u'spamtopic', partition=0)]) for group kafka-python-default-group
[2016-09-14 02:35:55,766][kafka.coordinator][INFO](Re-)joining group kafka-python-default-group
[2016-09-14 02:35:55,767][kafka.coordinator][INFO]Joined group 'kafka-python-default-group' (generation 691) with member_id kafka-python-1.3.1-fc23c7e4-22c1-4f5e-a680-2b8e4748918d
[2016-09-14 02:35:55,769][kafka.coordinator][INFO]Successfully joined group kafka-python-default-group with generation 691
[2016-09-14 02:35:55,770][kafka.consumer.subscription_state][INFO]Updated partition assignment: [TopicPartition(topic=u'spamtopic', partition=0)]
[2016-09-14 02:35:55,770][kafka.coordinator.consumer][INFO]Setting newly assigned partitions set([TopicPartition(topic=u'spamtopic', partition=0)]) for group kafka-python-default-group
[2016-09-14 02:35:58,781][kafka.coordinator][WARNING]Heartbeat failed for group kafka-python-default-group because it is rebalancing
[2016-09-14 02:35:58,781][kafka.coordinator][WARNING]Heartbeat failed ([Error 27] RebalanceInProgressError: ); retrying
[2016-09-14 02:35:58,882][kafka.coordinator][INFO]Skipping heartbeat: no auto-assignment or waiting on rebalance
[2016-09-14 02:35:59,283][kafka.coordinator.consumer][INFO]Revoking previously assigned partitions set([TopicPartition(topic=u'spamtopic', partition=0)]) for group kafka-python-default-group
[2016-09-14 02:35:59,283][kafka.coordinator][INFO](Re-)joining group kafka-python-default-group
[2016-09-14 02:35:59,284][kafka.coordinator][INFO]Joined group 'kafka-python-default-group' (generation 692) with member_id kafka-python-1.3.1-fc23c7e4-22c1-4f5e-a680-2b8e4748918d
[2016-09-14 02:35:59,287][kafka.coordinator][INFO]Successfully joined group kafka-python-default-group with generation 692
[2016-09-14 02:35:59,287][kafka.consumer.subscription_state][INFO]Updated partition assignment: [TopicPartition(topic=u'spamtopic', partition=0)]
[2016-09-14 02:35:59,287][kafka.coordinator.consumer][INFO]Setting newly assigned partitions set([TopicPartition(topic=u'spamtopic', partition=0)]) for group kafka-python-default-group
[2016-09-14 02:36:02,298][kafka.coordinator][WARNING]Heartbeat failed for group kafka-python-default-group because it is rebalancing
[2016-09-14 02:36:02,298][kafka.coordinator][WARNING]Heartbeat failed ([Error 27] RebalanceInProgressError: ); retrying
[2016-09-14 02:36:02,399][kafka.coordinator][INFO]Skipping heartbeat: no auto-assignment or waiting on rebalance
[2016-09-14 02:36:02,800][kafka.coordinator.consumer][INFO]Revoking previously assigned partitions set([TopicPartition(topic=u'spamtopic', partition=0)]) for group kafka-python-default-group
[2016-09-14 02:36:02,800][kafka.coordinator][INFO](Re-)joining group kafka-python-default-group
[2016-09-14 02:36:02,802][kafka.coordinator][INFO]Joined group 'kafka-python-default-group' (generation 693) with member_id kafka-python-1.3.1-fc23c7e4-22c1-4f5e-a680-2b8e4748918d
[2016-09-14 02:36:02,804][kafka.coordinator][INFO]Successfully joined group kafka-python-default-group with generation 693
[2016-09-14 02:36:02,804][kafka.consumer.subscription_state][INFO]Updated partition assignment: [TopicPartition(topic=u'spamtopic', partition=0)]
[2016-09-14 02:36:02,804][kafka.coordinator.consumer][INFO]Setting newly assigned partitions set([TopicPartition(topic=u'spamtopic', partition=0)]) for group kafka-python-default-group
[2016-09-14 02:36:05,815][kafka.coordinator][WARNING]Heartbeat failed for group kafka-python-default-group because it is rebalancing
[2016-09-14 02:36:05,816][kafka.coordinator][WARNING]Heartbeat failed ([Error 27] RebalanceInProgressError: ); retrying
[2016-09-14 02:36:05,917][kafka.coordinator][INFO]Skipping heartbeat: no auto-assignment or waiting on rebalance
[2016-09-14 02:36:06,317][kafka.coordinator.consumer][INFO]Revoking previously assigned partitions set([TopicPartition(topic=u'spamtopic', partition=0)]) for group kafka-python-default-group
[2016-09-14 02:36:06,317][kafka.coordinator][INFO](Re-)joining group kafka-python-default-group
[2016-09-14 02:36:06,319][kafka.coordinator][INFO]Joined group 'kafka-python-default-group' (generation 694) with member_id kafka-python-1.3.1-fc23c7e4-22c1-4f5e-a680-2b8e4748918d
[2016-09-14 02:36:06,321][kafka.coordinator][INFO]Successfully joined group kafka-python-default-group with generation 694
[2016-09-14 02:36:06,321][kafka.consumer.subscription_state][INFO]Updated partition assignment: [TopicPartition(topic=u'spamtopic', partition=0)]
[2016-09-14 02:36:06,322][kafka.coordinator.consumer][INFO]Setting newly assigned partitions set([TopicPartition(topic=u'spamtopic', partition=0)]) for group kafka-python-default-group
[2016-09-14 02:36:09,333][kafka.coordinator][WARNING]Heartbeat failed for group kafka-python-default-group because it is rebalancing
[2016-09-14 02:36:09,333][kafka.coordinator][WARNING]Heartbeat failed ([Error 27] RebalanceInProgressError: ); retrying
[2016-09-14 02:36:09,434][kafka.coordinator][INFO]Skipping heartbeat: no auto-assignment or waiting on rebalance
[2016-09-14 02:36:09,835][kafka.coordinator.consumer][INFO]Revoking previously assigned partitions set([TopicPartition(topic=u'spamtopic', partition=0)]) for group kafka-python-default-group
[2016-09-14 02:36:09,836][kafka.coordinator][INFO](Re-)joining group kafka-python-default-group
[2016-09-14 02:36:09,837][kafka.coordinator][INFO]Joined group 'kafka-python-default-group' (generation 695) with member_id kafka-python-1.3.1-fc23c7e4-22c1-4f5e-a680-2b8e4748918d
[2016-09-14 02:36:09,840][kafka.coordinator][INFO]Successfully joined group kafka-python-default-group with generation 695
[2016-09-14 02:36:09,841][kafka.consumer.subscription_state][INFO]Updated partition assignment: [TopicPartition(topic=u'spamtopic', partition=0)]
[2016-09-14 02:36:09,841][kafka.coordinator.consumer][INFO]Setting newly assigned partitions set([TopicPartition(topic=u'spamtopic', partition=0)]) for group kafka-python-default-group
[2016-09-14 02:36:12,851][kafka.coordinator][WARNING]Heartbeat failed for group kafka-python-default-group because it is rebalancing
[2016-09-14 02:36:12,851][kafka.coordinator][WARNING]Heartbeat failed ([Error 27] RebalanceInProgressError: ); retrying
[2016-09-14 02:36:12,952][kafka.coordinator][INFO]Skipping heartbeat: no auto-assignment or waiting on rebalance
[2016-09-14 02:36:13,353][kafka.coordinator.consumer][INFO]Revoking previously assigned partitions set([TopicPartition(topic=u'spamtopic', partition=0)]) for group kafka-python-default-group
[2016-09-14 02:36:13,354][kafka.coordinator][INFO](Re-)joining group kafka-python-default-group
[2016-09-14 02:36:13,355][kafka.coordinator][INFO]Joined group 'kafka-python-default-group' (generation 696) with member_id kafka-python-1.3.1-fc23c7e4-22c1-4f5e-a680-2b8e4748918d
[2016-09-14 02:36:13,357][kafka.coordinator][INFO]Successfully joined group kafka-python-default-group with generation 696
[2016-09-14 02:36:13,359][kafka.consumer.subscription_state][INFO]Updated partition assignment: [TopicPartition(topic=u'spamtopic', partition=0)]
[2016-09-14 02:36:13,359][kafka.coordinator.consumer][INFO]Setting newly assigned partitions set([TopicPartition(topic=u'spamtopic', partition=0)]) for group kafka-python-default-group
[2016-09-14 02:36:16,369][kafka.coordinator][WARNING]Heartbeat failed for group kafka-python-default-group because it is rebalancing
[2016-09-14 02:36:16,369][kafka.coordinator][WARNING]Heartbeat failed ([Error 27] RebalanceInProgressError: ); retrying
[2016-09-14 02:36:16,470][kafka.coordinator][INFO]Skipping heartbeat: no auto-assignment or waiting on rebalance
[2016-09-14 02:36:16,870][kafka.coordinator.consumer][INFO]Revoking previously assigned partitions set([TopicPartition(topic=u'spamtopic', partition=0)]) for group kafka-python-default-group
[2016-09-14 02:36:16,870][kafka.coordinator][INFO](Re-)joining group kafka-python-default-group
[2016-09-14 02:36:16,871][kafka.coordinator][INFO]Joined group 'kafka-python-default-group' (generation 697) with member_id kafka-python-1.3.1-fc23c7e4-22c1-4f5e-a680-2b8e4748918d
[2016-09-14 02:36:16,874][kafka.coordinator][INFO]Successfully joined group kafka-python-default-group with generation 697
[2016-09-14 02:36:16,874][kafka.consumer.subscription_state][INFO]Updated partition assignment: [TopicPartition(topic=u'spamtopic', partition=0)]
[2016-09-14 02:36:16,874][kafka.coordinator.consumer][INFO]Setting newly assigned partitions set([TopicPartition(topic=u'spamtopic', partition=0)]) for group kafka-python-default-group
[2016-09-14 02:36:19,885][kafka.coordinator][WARNING]Heartbeat failed for group kafka-python-default-group because it is rebalancing
[2016-09-14 02:36:19,885][kafka.coordinator][WARNING]Heartbeat failed ([Error 27] RebalanceInProgressError: ); retrying
[2016-09-14 02:36:19,986][kafka.coordinator][INFO]Skipping heartbeat: no auto-assignment or waiting on rebalance
[2016-09-14 02:36:20,387][kafka.coordinator.consumer][INFO]Revoking previously assigned partitions set([TopicPartition(topic=u'spamtopic', partition=0)]) for group kafka-python-default-group
[2016-09-14 02:36:20,387][kafka.coordinator][INFO](Re-)joining group kafka-python-default-group
[2016-09-14 02:36:20,388][kafka.coordinator][INFO]Joined group 'kafka-python-default-group' (generation 698) with member_id kafka-python-1.3.1-fc23c7e4-22c1-4f5e-a680-2b8e4748918d
[2016-09-14 02:36:20,390][kafka.coordinator][INFO]Successfully joined group kafka-python-default-group with generation 698
[2016-09-14 02:36:20,391][kafka.consumer.subscription_state][INFO]Updated partition assignment: [TopicPartition(topic=u'spamtopic', partition=0)]
[2016-09-14 02:36:20,391][kafka.coordinator.consumer][INFO]Setting newly assigned partitions set([TopicPartition(topic=u'spamtopic', partition=0)]) for group kafka-python-default-group
[2016-09-14 02:36:23,402][kafka.coordinator][WARNING]Heartbeat failed for group kafka-python-default-group because it is rebalancing
[2016-09-14 02:36:23,402][kafka.coordinator][WARNING]Heartbeat failed ([Error 27] RebalanceInProgressError: ); retrying
[2016-09-14 02:36:23,504][kafka.coordinator][INFO]Skipping heartbeat: no auto-assignment or waiting on rebalance
[2016-09-14 02:36:23,905][kafka.coordinator.consumer][INFO]Revoking previously assigned partitions set([TopicPartition(topic=u'spamtopic', partition=0)]) for group kafka-python-default-group
[2016-09-14 02:36:23,905][kafka.coordinator][INFO](Re-)joining group kafka-python-default-group
[2016-09-14 02:36:23,907][kafka.coordinator][INFO]Joined group 'kafka-python-default-group' (generation 699) with member_id kafka-python-1.3.1-fc23c7e4-22c1-4f5e-a680-2b8e4748918d
[2016-09-14 02:36:23,908][kafka.coordinator][INFO]Successfully joined group kafka-python-default-group with generation 699
[2016-09-14 02:36:23,908][kafka.consumer.subscription_state][INFO]Updated partition assignment: [TopicPartition(topic=u'spamtopic', partition=0)]
[2016-09-14 02:36:23,909][kafka.coordinator.consumer][INFO]Setting newly assigned partitions set([TopicPartition(topic=u'spamtopic', partition=0)]) for group kafka-python-default-group
[2016-09-14 02:36:26,920][kafka.coordinator][WARNING]Heartbeat failed for group kafka-python-default-group because it is rebalancing
[2016-09-14 02:36:26,920][kafka.coordinator][WARNING]Heartbeat failed ([Error 27] RebalanceInProgressError: ); retrying
[2016-09-14 02:36:27,021][kafka.coordinator][INFO]Skipping heartbeat: no auto-assignment or waiting on rebalance
[2016-09-14 02:36:27,422][kafka.coordinator.consumer][INFO]Revoking previously assigned partitions set([TopicPartition(topic=u'spamtopic', partition=0)]) for group kafka-python-default-group
[2016-09-14 02:36:27,423][kafka.coordinator][INFO](Re-)joining group kafka-python-default-group
[2016-09-14 02:36:27,424][kafka.coordinator][INFO]Joined group 'kafka-python-default-group' (generation 700) with member_id kafka-python-1.3.1-fc23c7e4-22c1-4f5e-a680-2b8e4748918d
[2016-09-14 02:36:27,427][kafka.coordinator][INFO]Successfully joined group kafka-python-default-group with generation 700
[2016-09-14 02:36:27,427][kafka.consumer.subscription_state][INFO]Updated partition assignment: [TopicPartition(topic=u'spamtopic', partition=0)]
[2016-09-14 02:36:27,428][kafka.coordinator.consumer][INFO]Setting newly assigned partitions set([TopicPartition(topic=u'spamtopic', partition=0)]) for group kafka-python-default-group
[2016-09-14 02:36:30,440][kafka.coordinator][WARNING]Heartbeat failed for group kafka-python-default-group because it is rebalancing
[2016-09-14 02:36:30,440][kafka.coordinator][WARNING]Heartbeat failed ([Error 27] RebalanceInProgressError: ); retrying
[2016-09-14 02:36:30,541][kafka.coordinator][INFO]Skipping heartbeat: no auto-assignment or waiting on rebalance
[2016-09-14 02:36:30,942][kafka.coordinator.consumer][INFO]Revoking previously assigned partitions set([TopicPartition(topic=u'spamtopic', partition=0)]) for group kafka-python-default-group
[2016-09-14 02:36:30,942][kafka.coordinator][INFO](Re-)joining group kafka-python-default-group
[2016-09-14 02:36:30,943][kafka.coordinator][INFO]Joined group 'kafka-python-default-group' (generation 701) with member_id kafka-python-1.3.1-fc23c7e4-22c1-4f5e-a680-2b8e4748918d
[2016-09-14 02:36:30,945][kafka.coordinator][INFO]Successfully joined group kafka-python-default-group with generation 701
[2016-09-14 02:36:30,946][kafka.consumer.subscription_state][INFO]Updated partition assignment: [TopicPartition(topic=u'spamtopic', partition=0)]
[2016-09-14 02:36:30,946][kafka.coordinator.consumer][INFO]Setting newly assigned partitions set([TopicPartition(topic=u'spamtopic', partition=0)]) for group kafka-python-default-group
[2016-09-14 02:36:33,955][kafka.coordinator][WARNING]Heartbeat failed for group kafka-python-default-group because it is rebalancing
[2016-09-14 02:36:33,955][kafka.coordinator][WARNING]Heartbeat failed ([Error 27] RebalanceInProgressError: ); retrying
[2016-09-14 02:36:34,057][kafka.coordinator][INFO]Skipping heartbeat: no auto-assignment or waiting on rebalance
[2016-09-14 02:36:34,457][kafka.coordinator.consumer][INFO]Revoking previously assigned partitions set([TopicPartition(topic=u'spamtopic', partition=0)]) for group kafka-python-default-group
[2016-09-14 02:36:34,457][kafka.coordinator][INFO](Re-)joining group kafka-python-default-group
[2016-09-14 02:36:34,463][kafka.coordinator][INFO]Joined group 'kafka-python-default-group' (generation 702) with member_id kafka-python-1.3.1-fc23c7e4-22c1-4f5e-a680-2b8e4748918d
[2016-09-14 02:36:34,463][kafka.coordinator][INFO](Re-)joining group kafka-python-default-group
[2016-09-14 02:36:37,976][kafka.coordinator][INFO]Joined group 'kafka-python-default-group' (generation 703) with member_id kafka-python-1.3.1-fc23c7e4-22c1-4f5e-a680-2b8e4748918d
[2016-09-14 02:36:37,977][kafka.coordinator.consumer][WARNING]Auto offset commit failed for group kafka-python-default-group: CommitFailedError: Commit cannot be completed since the group has already rebalanced and assigned the partitions to another member. This means that the time between subsequent calls to poll() was longer than the configured session.timeout.ms, which typically implies that the poll loop is spending too much time message processing. You can address this either by increasing the session timeout or by reducing the maximum size of batches returned in poll() with max.poll.records.
[2016-09-14 02:36:37,978][kafka.coordinator][INFO]Successfully joined group kafka-python-default-group with generation 703
[2016-09-14 02:36:37,978][kafka.consumer.subscription_state][INFO]Updated partition assignment: [TopicPartition(topic=u'spamtopic', partition=0)]
[2016-09-14 02:36:37,978][kafka.coordinator.consumer][INFO]Setting newly assigned partitions set([TopicPartition(topic=u'spamtopic', partition=0)]) for group kafka-python-default-group
[2016-09-14 02:36:40,990][kafka.coordinator][WARNING]Heartbeat failed for group kafka-python-default-group because it is rebalancing
[2016-09-14 02:36:40,990][kafka.coordinator][WARNING]Heartbeat failed ([Error 27] RebalanceInProgressError: ); retrying
[2016-09-14 02:36:41,091][kafka.coordinator][INFO]Skipping heartbeat: no auto-assignment or waiting on rebalance
[2016-09-14 02:36:41,492][kafka.coordinator.consumer][INFO]Revoking previously assigned partitions set([TopicPartition(topic=u'spamtopic', partition=0)]) for group kafka-python-default-group
[2016-09-14 02:36:41,492][kafka.coordinator][INFO](Re-)joining group kafka-python-default-group
[2016-09-14 02:36:41,494][kafka.coordinator][INFO]Joined group 'kafka-python-default-group' (generation 704) with member_id kafka-python-1.3.1-fc23c7e4-22c1-4f5e-a680-2b8e4748918d
[2016-09-14 02:36:41,495][kafka.coordinator][INFO]Successfully joined group kafka-python-default-group with generation 704
[2016-09-14 02:36:41,495][kafka.consumer.subscription_state][INFO]Updated partition assignment: [TopicPartition(topic=u'spamtopic', partition=0)]
[2016-09-14 02:36:41,495][kafka.coordinator.consumer][INFO]Setting newly assigned partitions set([TopicPartition(topic=u'spamtopic', partition=0)]) for group kafka-python-default-group
[2016-09-14 02:36:44,504][kafka.coordinator][WARNING]Heartbeat failed for group kafka-python-default-group because it is rebalancing
[2016-09-14 02:36:44,504][kafka.coordinator][WARNING]Heartbeat failed ([Error 27] RebalanceInProgressError: ); retrying
[2016-09-14 02:36:44,606][kafka.coordinator][INFO]Skipping heartbeat: no auto-assignment or waiting on rebalance
[2016-09-14 02:36:45,006][kafka.coordinator.consumer][INFO]Revoking previously assigned partitions set([TopicPartition(topic=u'spamtopic', partition=0)]) for group kafka-python-default-group
[2016-09-14 02:36:45,006][kafka.coordinator][INFO](Re-)joining group kafka-python-default-group
[2016-09-14 02:36:45,008][kafka.coordinator][INFO]Joined group 'kafka-python-default-group' (generation 705) with member_id kafka-python-1.3.1-fc23c7e4-22c1-4f5e-a680-2b8e4748918d
[2016-09-14 02:36:45,010][kafka.coordinator][INFO]Successfully joined group kafka-python-default-group with generation 705
[2016-09-14 02:36:45,010][kafka.consumer.subscription_state][INFO]Updated partition assignment: [TopicPartition(topic=u'spamtopic', partition=0)]
[2016-09-14 02:36:45,011][kafka.coordinator.consumer][INFO]Setting newly assigned partitions set([TopicPartition(topic=u'spamtopic', partition=0)]) for group kafka-python-default-group
[2016-09-14 02:36:48,021][kafka.coordinator][WARNING]Heartbeat failed for group kafka-python-default-group because it is rebalancing
[2016-09-14 02:36:48,021][kafka.coordinator][WARNING]Heartbeat failed ([Error 27] RebalanceInProgressError: ); retrying
[2016-09-14 02:36:48,122][kafka.coordinator][INFO]Skipping heartbeat: no auto-assignment or waiting on rebalance
[2016-09-14 02:36:48,523][kafka.coordinator.consumer][INFO]Revoking previously assigned partitions set([TopicPartition(topic=u'spamtopic', partition=0)]) for group kafka-python-default-group
[2016-09-14 02:36:48,524][kafka.coordinator][INFO](Re-)joining group kafka-python-default-group
[2016-09-14 02:36:48,526][kafka.coordinator][INFO]Joined group 'kafka-python-default-group' (generation 706) with member_id kafka-python-1.3.1-fc23c7e4-22c1-4f5e-a680-2b8e4748918d
[2016-09-14 02:36:48,528][kafka.coordinator][INFO]Successfully joined group kafka-python-default-group with generation 706
[2016-09-14 02:36:48,528][kafka.consumer.subscription_state][INFO]Updated partition assignment: [TopicPartition(topic=u'spamtopic', partition=0)]
[2016-09-14 02:36:48,529][kafka.coordinator.consumer][INFO]Setting newly assigned partitions set([TopicPartition(topic=u'spamtopic', partition=0)]) for group kafka-python-default-group
[2016-09-14 02:36:51,539][kafka.coordinator][WARNING]Heartbeat failed for group kafka-python-default-group because it is rebalancing
[2016-09-14 02:36:51,540][kafka.coordinator][WARNING]Heartbeat failed ([Error 27] RebalanceInProgressError: ); retrying
[2016-09-14 02:36:51,640][kafka.coordinator][INFO]Skipping heartbeat: no auto-assignment or waiting on rebalance
[2016-09-14 02:36:52,041][kafka.coordinator.consumer][INFO]Revoking previously assigned partitions set([TopicPartition(topic=u'spamtopic', partition=0)]) for group kafka-python-default-group
[2016-09-14 02:36:52,041][kafka.coordinator][INFO](Re-)joining group kafka-python-default-group
[2016-09-14 02:36:52,044][kafka.coordinator][INFO]Joined group 'kafka-python-default-group' (generation 707) with member_id kafka-python-1.3.1-fc23c7e4-22c1-4f5e-a680-2b8e4748918d
[2016-09-14 02:36:52,046][kafka.coordinator][INFO]Successfully joined group kafka-python-default-group with generation 707
[2016-09-14 02:36:52,046][kafka.consumer.subscription_state][INFO]Updated partition assignment: [TopicPartition(topic=u'spamtopic', partition=0)]
[2016-09-14 02:36:52,047][kafka.coordinator.consumer][INFO]Setting newly assigned partitions set([TopicPartition(topic=u'spamtopic', partition=0)]) for group kafka-python-default-group
